runsolver version 3.4.0 (svn: 3018) Copyright (C) 2010-2013 Olivier ROUSSEL

This program is distributed in the hope that it will be useful,
but WITHOUT ANY WARRANTY; without even the implied warranty of
MERCHANTABILITY or FITNESS FOR A PARTICULAR PURPOSE.  See the
GNU General Public License for more details.

command line: /home/kunalan/runsolver/src/runsolver -C 1200 -W 1200 --vsize-limit 16384 -w results_nprc/nprc_newground_random_1200_50_watch.log --var results_nprc/nprc_newground_random_1200_50_values.log python3 ../newground2.py ../instances/benchmark_instances/encodings/nprc_newground.lp ../instances/benchmark_instances/graphs/random_1200_50.lp 

running on 8 cores: 0-7

Enforcing CPUTime limit (soft limit, will send SIGTERM then SIGKILL): 1200 seconds
Enforcing CPUTime limit (hard limit, will send SIGXCPU): 1230 seconds
Enforcing wall clock limit (soft limit, will send SIGTERM then SIGKILL): 1200 seconds
Enforcing VSIZE limit (soft limit, will send SIGTERM then SIGKILL): 16777216 KiB
Enforcing VSIZE limit (hard limit, stack expansion will fail with SIGSEGV, brk() and mmap() will return ENOMEM): 16828416 KiB
Linux 4.4.0-22000-Microsoft
Current StackSize limit: 8192 KiB

solver pid=3470, runsolver pid=3468

[startup+0.10018 s]*
/proc/loadavg: 0.52 0.58 0.59 2/13 3471
/proc/meminfo: memFree=11532396/16587228 swapFree=50202276/50331648
Current children cumulated CPU time: 0 s
Current children cumulated vsize: 0 KiB
Current children cumulated memory: 0 KiB

[startup+0.201337 s]*
/proc/loadavg: 0.52 0.58 0.59 2/13 3471
/proc/meminfo: memFree=11529436/16587228 swapFree=50202276/50331648
Current children cumulated CPU time: 0 s
Current children cumulated vsize: 0 KiB
Current children cumulated memory: 0 KiB

[startup+0.301019 s]*
/proc/loadavg: 0.52 0.58 0.59 2/13 3471
/proc/meminfo: memFree=11519628/16587228 swapFree=50202276/50331648
Current children cumulated CPU time: 0 s
Current children cumulated vsize: 0 KiB
Current children cumulated memory: 0 KiB

[startup+0.700282 s]
/proc/loadavg: 0.52 0.58 0.59 2/13 3471
/proc/meminfo: memFree=11518592/16587228 swapFree=50202276/50331648
Current children cumulated CPU time: 0 s
Current children cumulated vsize: 0 KiB
Current children cumulated memory: 0 KiB

[startup+1.50042 s]
/proc/loadavg: 0.52 0.58 0.59 2/13 3471
/proc/meminfo: memFree=11516444/16587228 swapFree=50202276/50331648
Current children cumulated CPU time: 0 s
Current children cumulated vsize: 0 KiB
Current children cumulated memory: 0 KiB

[startup+3.10078 s]
/proc/loadavg: 0.52 0.58 0.59 2/13 3471
/proc/meminfo: memFree=11509324/16587228 swapFree=50202276/50331648
Current children cumulated CPU time: 0 s
Current children cumulated vsize: 0 KiB
Current children cumulated memory: 0 KiB
heavy processes:

[startup+6.30022 s]
/proc/loadavg: 0.52 0.58 0.59 2/13 3472
/proc/meminfo: memFree=11509044/16587228 swapFree=50202276/50331648
Current children cumulated CPU time: 0 s
Current children cumulated vsize: 0 KiB
Current children cumulated memory: 0 KiB
heavy processes:

[startup+12.7005 s]
/proc/loadavg: 0.52 0.58 0.59 2/13 3472
/proc/meminfo: memFree=11514848/16587228 swapFree=50202276/50331648
Current children cumulated CPU time: 0 s
Current children cumulated vsize: 0 KiB
Current children cumulated memory: 0 KiB
heavy processes:

[startup+25.5003 s]
/proc/loadavg: 0.52 0.58 0.59 2/13 3472
/proc/meminfo: memFree=11503664/16587228 swapFree=50202276/50331648
Current children cumulated CPU time: 0 s
Current children cumulated vsize: 0 KiB
Current children cumulated memory: 0 KiB
heavy processes:

[startup+51.1008 s]
/proc/loadavg: 0.52 0.58 0.59 2/13 3473
/proc/meminfo: memFree=11480600/16587228 swapFree=50202276/50331648
Current children cumulated CPU time: 0 s
Current children cumulated vsize: 0 KiB
Current children cumulated memory: 0 KiB
heavy processes:

[startup+102.3 s]
/proc/loadavg: 0.52 0.58 0.59 2/13 3473
/proc/meminfo: memFree=11460568/16587228 swapFree=50202276/50331648
Current children cumulated CPU time: 0 s
Current children cumulated vsize: 0 KiB
Current children cumulated memory: 0 KiB
heavy processes:

[startup+162.3 s]
/proc/loadavg: 0.52 0.58 0.59 2/13 3473
/proc/meminfo: memFree=11431044/16587228 swapFree=50202276/50331648
Current children cumulated CPU time: 0 s
Current children cumulated vsize: 0 KiB
Current children cumulated memory: 0 KiB
heavy processes:

[startup+222.3 s]
/proc/loadavg: 0.52 0.58 0.59 2/13 3473
/proc/meminfo: memFree=11292384/16587228 swapFree=50202276/50331648
Current children cumulated CPU time: 0 s
Current children cumulated vsize: 0 KiB
Current children cumulated memory: 0 KiB
heavy processes:

[startup+259.354 s]
# the end of solver process 3470 was just reported to runsolver
# cumulated CPU time of all completed processes:  user=258.453 s, system=0.84375 s

Solver just ended.
??? end of watcher thread
Dumping a history of the last processes samples

[startup+230.4 s]
/proc/loadavg: 0.52 0.58 0.59 2/13 3473
/proc/meminfo: memFree=11268312/16587228 swapFree=50202276/50331648
Current children cumulated CPU time: 0 s
Current children cumulated vsize: 0 KiB
Current children cumulated memory: 0 KiB

[startup+243.2 s]
/proc/loadavg: 0.52 0.58 0.59 2/13 3473
/proc/meminfo: memFree=11269504/16587228 swapFree=50202276/50331648
Current children cumulated CPU time: 0 s
Current children cumulated vsize: 0 KiB
Current children cumulated memory: 0 KiB

[startup+249.6 s]
/proc/loadavg: 0.52 0.58 0.59 2/13 3473
/proc/meminfo: memFree=11269480/16587228 swapFree=50202276/50331648
Current children cumulated CPU time: 0 s
Current children cumulated vsize: 0 KiB
Current children cumulated memory: 0 KiB

[startup+256.001 s]*
/proc/loadavg: 0.52 0.58 0.59 2/13 3473
/proc/meminfo: memFree=11269980/16587228 swapFree=50202276/50331648
Current children cumulated CPU time: 0 s
Current children cumulated vsize: 0 KiB
Current children cumulated memory: 0 KiB

[startup+257.601 s]
/proc/loadavg: 0.52 0.58 0.59 3/13 3473
/proc/meminfo: memFree=11269924/16587228 swapFree=50202276/50331648
Current children cumulated CPU time: 0 s
Current children cumulated vsize: 0 KiB
Current children cumulated memory: 0 KiB

[startup+258.4 s]
/proc/loadavg: 0.52 0.58 0.59 2/13 3473
/proc/meminfo: memFree=11269956/16587228 swapFree=50202276/50331648
Current children cumulated CPU time: 0 s
Current children cumulated vsize: 0 KiB
Current children cumulated memory: 0 KiB

[startup+258.8 s]
/proc/loadavg: 0.52 0.58 0.59 2/13 3473
/proc/meminfo: memFree=11269956/16587228 swapFree=50202276/50331648
Current children cumulated CPU time: 0 s
Current children cumulated vsize: 0 KiB
Current children cumulated memory: 0 KiB

[startup+259.2 s]
/proc/loadavg: 0.52 0.58 0.59 3/13 3473
/proc/meminfo: memFree=11269968/16587228 swapFree=50202276/50331648
Current children cumulated CPU time: 0 s
Current children cumulated vsize: 0 KiB
Current children cumulated memory: 0 KiB

[startup+259.3 s]
/proc/loadavg: 0.52 0.58 0.59 3/13 3473
/proc/meminfo: memFree=11269968/16587228 swapFree=50202276/50331648
Current children cumulated CPU time: 0 s
Current children cumulated vsize: 0 KiB
Current children cumulated memory: 0 KiB

Child status: 0
Real time (s): 259.354
CPU time (s): 259.297
CPU user time (s): 258.453
CPU system time (s): 0.84375
CPU usage (%): 99.9779
Max. virtual memory (cumulated for all children) (KiB): 0
Max. memory (cumulated for all children) (KiB): 0

getrusage(RUSAGE_CHILDREN,...) data:
user time used= 258.453
system time used= 0.84375
maximum resident set size= 351208
integral shared memory size= 0
integral unshared data size= 0
integral unshared stack size= 0
page reclaims= 118220
page faults= 0
swaps= 0
block input operations= 0
block output operations= 0
messages sent= 0
messages received= 0
signals received= 0
voluntary context switches= 0
involuntary context switches= 0


# summary of solver processes directly reported to runsolver:
#   pid: 3470
#   total CPU time (s): 259.297
#   total CPU user time (s): 258.453
#   total CPU system time (s): 0.84375

??? end of timestamper thread
runsolver used 0.015625 second user time and 0.03125 second system time

The end
