runsolver version 3.4.0 (svn: 3018) Copyright (C) 2010-2013 Olivier ROUSSEL

This program is distributed in the hope that it will be useful,
but WITHOUT ANY WARRANTY; without even the implied warranty of
MERCHANTABILITY or FITNESS FOR A PARTICULAR PURPOSE.  See the
GNU General Public License for more details.

command line: /home/kunalan/runsolver/src/runsolver -C 1200 -W 1200 --vsize-limit 16384 -w results_nprc/nprc_newground2_random_35_60_watch.log --var results_nprc/nprc_newground2_random_35_60_values.log python3 ../newground2.py ../instances/benchmark_instances/encodings/nprc_newground2.lp ../instances/benchmark_instances/graphs/random_35_60.lp 

running on 8 cores: 0-7

Enforcing CPUTime limit (soft limit, will send SIGTERM then SIGKILL): 1200 seconds
Enforcing CPUTime limit (hard limit, will send SIGXCPU): 1230 seconds
Enforcing wall clock limit (soft limit, will send SIGTERM then SIGKILL): 1200 seconds
Enforcing VSIZE limit (soft limit, will send SIGTERM then SIGKILL): 16777216 KiB
Enforcing VSIZE limit (hard limit, stack expansion will fail with SIGSEGV, brk() and mmap() will return ENOMEM): 16828416 KiB
Linux 4.4.0-22000-Microsoft
solver pid=1843, runsolver pid=1841
Current StackSize limit: 8192 KiB


[startup+0.100324 s]*
/proc/loadavg: 0.52 0.58 0.59 2/13 1844
/proc/meminfo: memFree=11605276/16587228 swapFree=50193836/50331648
Current children cumulated CPU time: 0 s
Current children cumulated vsize: 0 KiB
Current children cumulated memory: 0 KiB

[startup+0.20109 s]*
/proc/loadavg: 0.52 0.58 0.59 2/13 1844
/proc/meminfo: memFree=11588308/16587228 swapFree=50193836/50331648
Current children cumulated CPU time: 0 s
Current children cumulated vsize: 0 KiB
Current children cumulated memory: 0 KiB

[startup+0.300758 s]*
/proc/loadavg: 0.52 0.58 0.59 2/13 1844
/proc/meminfo: memFree=11586864/16587228 swapFree=50193836/50331648
Current children cumulated CPU time: 0 s
Current children cumulated vsize: 0 KiB
Current children cumulated memory: 0 KiB

[startup+0.700253 s]
/proc/loadavg: 0.52 0.58 0.59 2/13 1844
/proc/meminfo: memFree=11580368/16587228 swapFree=50193836/50331648
Current children cumulated CPU time: 0 s
Current children cumulated vsize: 0 KiB
Current children cumulated memory: 0 KiB

[startup+1.50014 s]
/proc/loadavg: 0.52 0.58 0.59 2/13 1844
/proc/meminfo: memFree=11581132/16587228 swapFree=50193836/50331648
Current children cumulated CPU time: 0 s
Current children cumulated vsize: 0 KiB
Current children cumulated memory: 0 KiB

[startup+3.10114 s]
/proc/loadavg: 0.52 0.58 0.59 2/13 1845
/proc/meminfo: memFree=11589144/16587228 swapFree=50193836/50331648
Current children cumulated CPU time: 0 s
Current children cumulated vsize: 0 KiB
Current children cumulated memory: 0 KiB
heavy processes:

[startup+6.30021 s]
/proc/loadavg: 0.52 0.58 0.59 2/13 1845
/proc/meminfo: memFree=11594184/16587228 swapFree=50193836/50331648
Current children cumulated CPU time: 0 s
Current children cumulated vsize: 0 KiB
Current children cumulated memory: 0 KiB
heavy processes:

[startup+12.7002 s]
/proc/loadavg: 0.52 0.58 0.59 2/13 1845
/proc/meminfo: memFree=11594840/16587228 swapFree=50193836/50331648
Current children cumulated CPU time: 0 s
Current children cumulated vsize: 0 KiB
Current children cumulated memory: 0 KiB
heavy processes:

[startup+17.9339 s]
# the end of solver process 1843 was just reported to runsolver
# cumulated CPU time of all completed processes:  user=17.7344 s, system=0.140625 s

Solver just ended.
??? end of watcher thread
Dumping a history of the last processes samples

[startup+12.8011 s]
/proc/loadavg: 0.52 0.58 0.59 2/13 1845
/proc/meminfo: memFree=11594792/16587228 swapFree=50193836/50331648
Current children cumulated CPU time: 0 s
Current children cumulated vsize: 0 KiB
Current children cumulated memory: 0 KiB

[startup+16.0004 s]*
/proc/loadavg: 0.52 0.58 0.59 2/13 1845
/proc/meminfo: memFree=11594856/16587228 swapFree=50193836/50331648
Current children cumulated CPU time: 0 s
Current children cumulated vsize: 0 KiB
Current children cumulated memory: 0 KiB

[startup+16.8005 s]
/proc/loadavg: 0.52 0.58 0.59 2/13 1845
/proc/meminfo: memFree=11594856/16587228 swapFree=50193836/50331648
Current children cumulated CPU time: 0 s
Current children cumulated vsize: 0 KiB
Current children cumulated memory: 0 KiB

[startup+17.6001 s]
/proc/loadavg: 0.52 0.58 0.59 2/13 1845
/proc/meminfo: memFree=11594772/16587228 swapFree=50193836/50331648
Current children cumulated CPU time: 0 s
Current children cumulated vsize: 0 KiB
Current children cumulated memory: 0 KiB

[startup+17.8002 s]
/proc/loadavg: 0.52 0.58 0.59 2/13 1845
/proc/meminfo: memFree=11594772/16587228 swapFree=50193836/50331648
Current children cumulated CPU time: 0 s
Current children cumulated vsize: 0 KiB
Current children cumulated memory: 0 KiB

[startup+17.9004 s]
/proc/loadavg: 0.52 0.58 0.59 2/13 1845
/proc/meminfo: memFree=11594772/16587228 swapFree=50193836/50331648
Current children cumulated CPU time: 0 s
Current children cumulated vsize: 0 KiB
Current children cumulated memory: 0 KiB

Child status: 1
Real time (s): 17.9339
CPU time (s): 17.875
CPU user time (s): 17.7344
CPU system time (s): 0.140625
CPU usage (%): 99.6715
Max. virtual memory (cumulated for all children) (KiB): 0
Max. memory (cumulated for all children) (KiB): 0

getrusage(RUSAGE_CHILDREN,...) data:
user time used= 17.7344
system time used= 0.140625
maximum resident set size= 29808
integral shared memory size= 0
integral unshared data size= 0
integral unshared stack size= 0
page reclaims= 7759
page faults= 0
swaps= 0
block input operations= 0
block output operations= 0
messages sent= 0
messages received= 0
signals received= 0
voluntary context switches= 0
involuntary context switches= 0


# summary of solver processes directly reported to runsolver:
#   pid: 1843
#   total CPU time (s): 17.875
#   total CPU user time (s): 17.7344
#   total CPU system time (s): 0.140625

??? end of timestamper thread
runsolver used 0 second user time and 0 second system time

The end
