runsolver version 3.4.0 (svn: 3018) Copyright (C) 2010-2013 Olivier ROUSSEL

This program is distributed in the hope that it will be useful,
but WITHOUT ANY WARRANTY; without even the implied warranty of
MERCHANTABILITY or FITNESS FOR A PARTICULAR PURPOSE.  See the
GNU General Public License for more details.

command line: /home/kunalan/runsolver/src/runsolver -C 1200 -W 1200 --vsize-limit 16384 -w results_nprc/nprc_newground_random_200_90_watch.log --var results_nprc/nprc_newground_random_200_90_values.log python3 ../newground2.py ../instances/benchmark_instances/encodings/nprc_newground.lp ../instances/benchmark_instances/graphs/random_200_90.lp 

running on 8 cores: 0-7

Enforcing CPUTime limit (soft limit, will send SIGTERM then SIGKILL): 1200 seconds
Enforcing CPUTime limit (hard limit, will send SIGXCPU): 1230 seconds
Enforcing wall clock limit (soft limit, will send SIGTERM then SIGKILL): 1200 seconds
Enforcing VSIZE limit (soft limit, will send SIGTERM then SIGKILL): 16777216 KiB
Enforcing VSIZE limit (hard limit, stack expansion will fail with SIGSEGV, brk() and mmap() will return ENOMEM): 16828416 KiB
Linux 4.4.0-22000-Microsoft
solver pid=953, runsolver pid=951
Current StackSize limit: 8192 KiB


[startup+0.10047 s]*
/proc/loadavg: 0.52 0.58 0.59 2/13 954
/proc/meminfo: memFree=12168324/16587228 swapFree=50167072/50331648
Current children cumulated CPU time: 0 s
Current children cumulated vsize: 0 KiB
Current children cumulated memory: 0 KiB

[startup+0.201172 s]*
/proc/loadavg: 0.52 0.58 0.59 2/13 954
/proc/meminfo: memFree=12148048/16587228 swapFree=50167072/50331648
Current children cumulated CPU time: 0 s
Current children cumulated vsize: 0 KiB
Current children cumulated memory: 0 KiB

[startup+0.300723 s]*
/proc/loadavg: 0.52 0.58 0.59 2/13 954
/proc/meminfo: memFree=12146200/16587228 swapFree=50167072/50331648
Current children cumulated CPU time: 0 s
Current children cumulated vsize: 0 KiB
Current children cumulated memory: 0 KiB

[startup+0.700196 s]
/proc/loadavg: 0.52 0.58 0.59 2/13 954
/proc/meminfo: memFree=12152560/16587228 swapFree=50167072/50331648
Current children cumulated CPU time: 0 s
Current children cumulated vsize: 0 KiB
Current children cumulated memory: 0 KiB

[startup+1.50015 s]
/proc/loadavg: 0.52 0.58 0.59 2/13 954
/proc/meminfo: memFree=12153208/16587228 swapFree=50167072/50331648
Current children cumulated CPU time: 0 s
Current children cumulated vsize: 0 KiB
Current children cumulated memory: 0 KiB

[startup+3.10082 s]
/proc/loadavg: 0.52 0.58 0.59 2/13 955
/proc/meminfo: memFree=12159180/16587228 swapFree=50167072/50331648
Current children cumulated CPU time: 0 s
Current children cumulated vsize: 0 KiB
Current children cumulated memory: 0 KiB
heavy processes:

[startup+6.3003 s]
/proc/loadavg: 0.52 0.58 0.59 2/13 955
/proc/meminfo: memFree=12152836/16587228 swapFree=50167072/50331648
Current children cumulated CPU time: 0 s
Current children cumulated vsize: 0 KiB
Current children cumulated memory: 0 KiB
heavy processes:

[startup+11.7126 s]
# the end of solver process 953 was just reported to runsolver
# cumulated CPU time of all completed processes:  user=11.5156 s, system=0.125 s

Solver just ended.
??? end of watcher thread
Dumping a history of the last processes samples

[startup+6.40114 s]
/proc/loadavg: 0.52 0.58 0.59 2/13 955
/proc/meminfo: memFree=12152912/16587228 swapFree=50167072/50331648
Current children cumulated CPU time: 0 s
Current children cumulated vsize: 0 KiB
Current children cumulated memory: 0 KiB

[startup+9.60041 s]
/proc/loadavg: 0.52 0.58 0.59 2/13 955
/proc/meminfo: memFree=12153732/16587228 swapFree=50167072/50331648
Current children cumulated CPU time: 0 s
Current children cumulated vsize: 0 KiB
Current children cumulated memory: 0 KiB

[startup+10.4005 s]
/proc/loadavg: 0.52 0.58 0.59 2/13 955
/proc/meminfo: memFree=12149756/16587228 swapFree=50167072/50331648
Current children cumulated CPU time: 0 s
Current children cumulated vsize: 0 KiB
Current children cumulated memory: 0 KiB

[startup+11.2002 s]
/proc/loadavg: 0.52 0.58 0.59 2/13 955
/proc/meminfo: memFree=12147760/16587228 swapFree=50167072/50331648
Current children cumulated CPU time: 0 s
Current children cumulated vsize: 0 KiB
Current children cumulated memory: 0 KiB

[startup+11.6001 s]
/proc/loadavg: 0.52 0.58 0.59 2/13 955
/proc/meminfo: memFree=12147760/16587228 swapFree=50167072/50331648
Current children cumulated CPU time: 0 s
Current children cumulated vsize: 0 KiB
Current children cumulated memory: 0 KiB

[startup+11.7002 s]
/proc/loadavg: 0.52 0.58 0.59 2/13 955
/proc/meminfo: memFree=12147760/16587228 swapFree=50167072/50331648
Current children cumulated CPU time: 0 s
Current children cumulated vsize: 0 KiB
Current children cumulated memory: 0 KiB

Child status: 0
Real time (s): 11.7127
CPU time (s): 11.6406
CPU user time (s): 11.5156
CPU system time (s): 0.125
CPU usage (%): 99.3849
Max. virtual memory (cumulated for all children) (KiB): 0
Max. memory (cumulated for all children) (KiB): 0

getrusage(RUSAGE_CHILDREN,...) data:
user time used= 11.5156
system time used= 0.125
maximum resident set size= 36248
integral shared memory size= 0
integral unshared data size= 0
integral unshared stack size= 0
page reclaims= 9825
page faults= 0
swaps= 0
block input operations= 0
block output operations= 0
messages sent= 0
messages received= 0
signals received= 0
voluntary context switches= 0
involuntary context switches= 0


# summary of solver processes directly reported to runsolver:
#   pid: 953
#   total CPU time (s): 11.6406
#   total CPU user time (s): 11.5156
#   total CPU system time (s): 0.125

??? end of timestamper thread
runsolver used 0 second user time and 0 second system time

The end
