runsolver version 3.4.0 (svn: 3018) Copyright (C) 2010-2013 Olivier ROUSSEL

This program is distributed in the hope that it will be useful,
but WITHOUT ANY WARRANTY; without even the implied warranty of
MERCHANTABILITY or FITNESS FOR A PARTICULAR PURPOSE.  See the
GNU General Public License for more details.

command line: /home/kunalan/runsolver/src/runsolver -C 1200 -W 1200 --vsize-limit 16384 -w results_nprc/nprc_gringo_random_500_70_watch.log --var results_nprc/nprc_gringo_random_500_70_values.log gringo --verbose=2 --output text ../instances/benchmark_instances/encodings/nprc_gringo.lp ../instances/benchmark_instances/graphs/random_500_70.lp 

running on 8 cores: 0-7

Enforcing CPUTime limit (soft limit, will send SIGTERM then SIGKILL): 1200 seconds
Enforcing CPUTime limit (hard limit, will send SIGXCPU): 1230 seconds
Enforcing wall clock limit (soft limit, will send SIGTERM then SIGKILL): 1200 seconds
Enforcing VSIZE limit (soft limit, will send SIGTERM then SIGKILL): 16777216 KiB
Enforcing VSIZE limit (hard limit, stack expansion will fail with SIGSEGV, brk() and mmap() will return ENOMEM): 16828416 KiB
Linux 4.4.0-22000-Microsoft
Current StackSize limit: 8192 KiB
solver pid=2544, runsolver pid=2542


[startup+0.100442 s]*
/proc/loadavg: 0.52 0.58 0.59 2/13 2545
/proc/meminfo: memFree=11586456/16587228 swapFree=50193984/50331648
Current children cumulated CPU time: 0 s
Current children cumulated vsize: 0 KiB
Current children cumulated memory: 0 KiB

[startup+0.201165 s]*
/proc/loadavg: 0.52 0.58 0.59 2/13 2545
/proc/meminfo: memFree=11586540/16587228 swapFree=50193984/50331648
Current children cumulated CPU time: 0 s
Current children cumulated vsize: 0 KiB
Current children cumulated memory: 0 KiB

[startup+0.30089 s]*
/proc/loadavg: 0.52 0.58 0.59 2/13 2545
/proc/meminfo: memFree=11586624/16587228 swapFree=50193984/50331648
Current children cumulated CPU time: 0 s
Current children cumulated vsize: 0 KiB
Current children cumulated memory: 0 KiB

[startup+0.700485 s]
/proc/loadavg: 0.52 0.58 0.59 2/13 2545
/proc/meminfo: memFree=11587604/16587228 swapFree=50193984/50331648
Current children cumulated CPU time: 0 s
Current children cumulated vsize: 0 KiB
Current children cumulated memory: 0 KiB

[startup+1.50009 s]
/proc/loadavg: 0.52 0.58 0.59 2/13 2545
/proc/meminfo: memFree=11568940/16587228 swapFree=50193984/50331648
Current children cumulated CPU time: 0 s
Current children cumulated vsize: 0 KiB
Current children cumulated memory: 0 KiB

[startup+3.10118 s]
/proc/loadavg: 0.52 0.58 0.59 2/13 2545
/proc/meminfo: memFree=11538588/16587228 swapFree=50193984/50331648
Current children cumulated CPU time: 0 s
Current children cumulated vsize: 0 KiB
Current children cumulated memory: 0 KiB
heavy processes:

[startup+6.30034 s]
/proc/loadavg: 0.52 0.58 0.59 2/13 2546
/proc/meminfo: memFree=11538880/16587228 swapFree=50193984/50331648
Current children cumulated CPU time: 0 s
Current children cumulated vsize: 0 KiB
Current children cumulated memory: 0 KiB
heavy processes:

[startup+10.227 s]
# the end of solver process 2544 was just reported to runsolver
# cumulated CPU time of all completed processes:  user=9.95312 s, system=0.25 s

Solver just ended.
??? end of watcher thread
Dumping a history of the last processes samples

[startup+6.40106 s]
/proc/loadavg: 0.52 0.58 0.59 2/13 2546
/proc/meminfo: memFree=11538900/16587228 swapFree=50193984/50331648
Current children cumulated CPU time: 0 s
Current children cumulated vsize: 0 KiB
Current children cumulated memory: 0 KiB

[startup+8.00013 s]*
/proc/loadavg: 0.52 0.58 0.59 3/13 2546
/proc/meminfo: memFree=11540164/16587228 swapFree=50193984/50331648
Current children cumulated CPU time: 0 s
Current children cumulated vsize: 0 KiB
Current children cumulated memory: 0 KiB

[startup+9.60014 s]
/proc/loadavg: 0.52 0.58 0.59 2/13 2546
/proc/meminfo: memFree=11545304/16587228 swapFree=50193984/50331648
Current children cumulated CPU time: 0 s
Current children cumulated vsize: 0 KiB
Current children cumulated memory: 0 KiB

[startup+10.0003 s]*
/proc/loadavg: 0.52 0.58 0.59 3/13 2546
/proc/meminfo: memFree=11540356/16587228 swapFree=50193984/50331648
Current children cumulated CPU time: 0 s
Current children cumulated vsize: 0 KiB
Current children cumulated memory: 0 KiB

[startup+10.2002 s]
/proc/loadavg: 0.52 0.58 0.59 3/13 2546
/proc/meminfo: memFree=11540356/16587228 swapFree=50193984/50331648
Current children cumulated CPU time: 0 s
Current children cumulated vsize: 0 KiB
Current children cumulated memory: 0 KiB

Child ended because it received signal 15 (SIGTERM)
Real time (s): 10.2271
CPU time (s): 10.2031
CPU user time (s): 9.95312
CPU system time (s): 0.25
CPU usage (%): 99.7656
Max. virtual memory (cumulated for all children) (KiB): 0
Max. memory (cumulated for all children) (KiB): 0

getrusage(RUSAGE_CHILDREN,...) data:
user time used= 9.95312
system time used= 0.25
maximum resident set size= 43872
integral shared memory size= 0
integral unshared data size= 0
integral unshared stack size= 0
page reclaims= 13623
page faults= 0
swaps= 0
block input operations= 0
block output operations= 0
messages sent= 0
messages received= 0
signals received= 0
voluntary context switches= 0
involuntary context switches= 0


# summary of solver processes directly reported to runsolver:
#   pid: 2544
#   total CPU time (s): 10.2031
#   total CPU user time (s): 9.95312
#   total CPU system time (s): 0.25

??? end of timestamper thread
runsolver used 0 second user time and 0 second system time

The end
