runsolver version 3.4.0 (svn: 3018) Copyright (C) 2010-2013 Olivier ROUSSEL

This program is distributed in the hope that it will be useful,
but WITHOUT ANY WARRANTY; without even the implied warranty of
MERCHANTABILITY or FITNESS FOR A PARTICULAR PURPOSE.  See the
GNU General Public License for more details.

command line: /home/kunalan/runsolver/src/runsolver -C 1200 -W 1200 --vsize-limit 16384 -w results_nprc/nprc_newground2_random_700_100_watch.log --var results_nprc/nprc_newground2_random_700_100_values.log python3 ../newground2.py ../instances/benchmark_instances/encodings/nprc_newground2.lp ../instances/benchmark_instances/graphs/random_700_100.lp 

running on 8 cores: 0-7

Enforcing CPUTime limit (soft limit, will send SIGTERM then SIGKILL): 1200 seconds
Enforcing CPUTime limit (hard limit, will send SIGXCPU): 1230 seconds
Enforcing wall clock limit (soft limit, will send SIGTERM then SIGKILL): 1200 seconds
Enforcing VSIZE limit (soft limit, will send SIGTERM then SIGKILL): 16777216 KiB
Enforcing VSIZE limit (hard limit, stack expansion will fail with SIGSEGV, brk() and mmap() will return ENOMEM): 16828416 KiB
Linux 4.4.0-22000-Microsoft
solver pid=3120, runsolver pid=3118
Current StackSize limit: 8192 KiB


[startup+0.100218 s]*
/proc/loadavg: 0.52 0.58 0.59 2/13 3121
/proc/meminfo: memFree=11666864/16587228 swapFree=50194140/50331648
Current children cumulated CPU time: 0 s
Current children cumulated vsize: 0 KiB
Current children cumulated memory: 0 KiB

[startup+0.201515 s]*
/proc/loadavg: 0.52 0.58 0.59 2/13 3121
/proc/meminfo: memFree=11664088/16587228 swapFree=50194140/50331648
Current children cumulated CPU time: 0 s
Current children cumulated vsize: 0 KiB
Current children cumulated memory: 0 KiB

[startup+0.301229 s]*
/proc/loadavg: 0.52 0.58 0.59 2/13 3121
/proc/meminfo: memFree=11647436/16587228 swapFree=50194140/50331648
Current children cumulated CPU time: 0 s
Current children cumulated vsize: 0 KiB
Current children cumulated memory: 0 KiB

[startup+0.700348 s]
/proc/loadavg: 0.52 0.58 0.59 2/13 3121
/proc/meminfo: memFree=11647420/16587228 swapFree=50194140/50331648
Current children cumulated CPU time: 0 s
Current children cumulated vsize: 0 KiB
Current children cumulated memory: 0 KiB

[startup+1.50033 s]
/proc/loadavg: 0.52 0.58 0.59 2/13 3121
/proc/meminfo: memFree=11648288/16587228 swapFree=50194140/50331648
Current children cumulated CPU time: 0 s
Current children cumulated vsize: 0 KiB
Current children cumulated memory: 0 KiB

[startup+3.10093 s]
/proc/loadavg: 0.52 0.58 0.59 2/13 3122
/proc/meminfo: memFree=11647736/16587228 swapFree=50194140/50331648
Current children cumulated CPU time: 0 s
Current children cumulated vsize: 0 KiB
Current children cumulated memory: 0 KiB
heavy processes:

[startup+6.30031 s]
/proc/loadavg: 0.52 0.58 0.59 2/13 3122
/proc/meminfo: memFree=11647380/16587228 swapFree=50194140/50331648
Current children cumulated CPU time: 0 s
Current children cumulated vsize: 0 KiB
Current children cumulated memory: 0 KiB
heavy processes:

[startup+12.7003 s]
/proc/loadavg: 0.52 0.58 0.59 2/13 3122
/proc/meminfo: memFree=11647104/16587228 swapFree=50194140/50331648
Current children cumulated CPU time: 0 s
Current children cumulated vsize: 0 KiB
Current children cumulated memory: 0 KiB
heavy processes:

[startup+25.5002 s]
/proc/loadavg: 0.52 0.58 0.59 2/13 3122
/proc/meminfo: memFree=11653340/16587228 swapFree=50194140/50331648
Current children cumulated CPU time: 0 s
Current children cumulated vsize: 0 KiB
Current children cumulated memory: 0 KiB
heavy processes:

[startup+43.1953 s]
# the end of solver process 3120 was just reported to runsolver
# cumulated CPU time of all completed processes:  user=42.9688 s, system=0.203125 s

Solver just ended.
??? end of watcher thread
Dumping a history of the last processes samples

[startup+25.6009 s]
/proc/loadavg: 0.52 0.58 0.59 2/13 3122
/proc/meminfo: memFree=11653236/16587228 swapFree=50194140/50331648
Current children cumulated CPU time: 0 s
Current children cumulated vsize: 0 KiB
Current children cumulated memory: 0 KiB

[startup+32.0003 s]*
/proc/loadavg: 0.52 0.58 0.59 2/13 3123
/proc/meminfo: memFree=11649908/16587228 swapFree=50194140/50331648
Current children cumulated CPU time: 0 s
Current children cumulated vsize: 0 KiB
Current children cumulated memory: 0 KiB

[startup+38.4004 s]
/proc/loadavg: 0.52 0.58 0.59 2/13 3123
/proc/meminfo: memFree=11637848/16587228 swapFree=50194140/50331648
Current children cumulated CPU time: 0 s
Current children cumulated vsize: 0 KiB
Current children cumulated memory: 0 KiB

[startup+41.6019 s]
/proc/loadavg: 0.52 0.58 0.59 2/13 3123
/proc/meminfo: memFree=11633816/16587228 swapFree=50194140/50331648
Current children cumulated CPU time: 0 s
Current children cumulated vsize: 0 KiB
Current children cumulated memory: 0 KiB

[startup+42.4002 s]
/proc/loadavg: 0.52 0.58 0.59 2/13 3123
/proc/meminfo: memFree=11633732/16587228 swapFree=50194140/50331648
Current children cumulated CPU time: 0 s
Current children cumulated vsize: 0 KiB
Current children cumulated memory: 0 KiB

[startup+42.8006 s]
/proc/loadavg: 0.52 0.58 0.59 2/13 3123
/proc/meminfo: memFree=11633732/16587228 swapFree=50194140/50331648
Current children cumulated CPU time: 0 s
Current children cumulated vsize: 0 KiB
Current children cumulated memory: 0 KiB

[startup+43.0002 s]*
/proc/loadavg: 0.52 0.58 0.59 2/13 3123
/proc/meminfo: memFree=11634056/16587228 swapFree=50194140/50331648
Current children cumulated CPU time: 0 s
Current children cumulated vsize: 0 KiB
Current children cumulated memory: 0 KiB

[startup+43.1012 s]
/proc/loadavg: 0.52 0.58 0.59 2/13 3123
/proc/meminfo: memFree=11634056/16587228 swapFree=50194140/50331648
Current children cumulated CPU time: 0 s
Current children cumulated vsize: 0 KiB
Current children cumulated memory: 0 KiB

Child status: 1
Real time (s): 43.1953
CPU time (s): 43.1719
CPU user time (s): 42.9688
CPU system time (s): 0.203125
CPU usage (%): 99.9457
Max. virtual memory (cumulated for all children) (KiB): 0
Max. memory (cumulated for all children) (KiB): 0

getrusage(RUSAGE_CHILDREN,...) data:
user time used= 42.9688
system time used= 0.203125
maximum resident set size= 46488
integral shared memory size= 0
integral unshared data size= 0
integral unshared stack size= 0
page reclaims= 13075
page faults= 0
swaps= 0
block input operations= 0
block output operations= 0
messages sent= 0
messages received= 0
signals received= 0
voluntary context switches= 0
involuntary context switches= 0


# summary of solver processes directly reported to runsolver:
#   pid: 3120
#   total CPU time (s): 43.1719
#   total CPU user time (s): 42.9688
#   total CPU system time (s): 0.203125

??? end of timestamper thread
runsolver used 0 second user time and 0.03125 second system time

The end
