runsolver version 3.4.0 (svn: 3018) Copyright (C) 2010-2013 Olivier ROUSSEL

This program is distributed in the hope that it will be useful,
but WITHOUT ANY WARRANTY; without even the implied warranty of
MERCHANTABILITY or FITNESS FOR A PARTICULAR PURPOSE.  See the
GNU General Public License for more details.

command line: /home/kunalan/runsolver/src/runsolver -C 1200 -W 1200 --vsize-limit 16384 -w results_nprc/nprc_newground2_random_10_90_watch.log --var results_nprc/nprc_newground2_random_10_90_values.log python3 ../newground2.py ../instances/benchmark_instances/encodings/nprc_newground2.lp ../instances/benchmark_instances/graphs/random_10_90.lp 

running on 8 cores: 0-7

Enforcing CPUTime limit (soft limit, will send SIGTERM then SIGKILL): 1200 seconds
Enforcing CPUTime limit (hard limit, will send SIGXCPU): 1230 seconds
Enforcing wall clock limit (soft limit, will send SIGTERM then SIGKILL): 1200 seconds
Enforcing VSIZE limit (soft limit, will send SIGTERM then SIGKILL): 16777216 KiB
Enforcing VSIZE limit (hard limit, stack expansion will fail with SIGSEGV, brk() and mmap() will return ENOMEM): 16828416 KiB
Linux 4.4.0-22000-Microsoft
Current StackSize limit: 8192 KiB

solver pid=3791, runsolver pid=3789

[startup+0.100225 s]*
/proc/loadavg: 0.52 0.58 0.59 2/13 3792
/proc/meminfo: memFree=10568976/16587228 swapFree=50203372/50331648
Current children cumulated CPU time: 0 s
Current children cumulated vsize: 0 KiB
Current children cumulated memory: 0 KiB

[startup+0.201449 s]*
/proc/loadavg: 0.52 0.58 0.59 2/13 3792
/proc/meminfo: memFree=10559664/16587228 swapFree=50203372/50331648
Current children cumulated CPU time: 0 s
Current children cumulated vsize: 0 KiB
Current children cumulated memory: 0 KiB

[startup+0.301167 s]*
/proc/loadavg: 0.52 0.58 0.59 2/13 3792
/proc/meminfo: memFree=10545384/16587228 swapFree=50203372/50331648
Current children cumulated CPU time: 0 s
Current children cumulated vsize: 0 KiB
Current children cumulated memory: 0 KiB

[startup+0.700131 s]
/proc/loadavg: 0.52 0.58 0.59 2/13 3792
/proc/meminfo: memFree=10542152/16587228 swapFree=50203372/50331648
Current children cumulated CPU time: 0 s
Current children cumulated vsize: 0 KiB
Current children cumulated memory: 0 KiB

[startup+1.50035 s]
/proc/loadavg: 0.52 0.58 0.59 2/13 3792
/proc/meminfo: memFree=10543180/16587228 swapFree=50203372/50331648
Current children cumulated CPU time: 0 s
Current children cumulated vsize: 0 KiB
Current children cumulated memory: 0 KiB

[startup+3.10114 s]
/proc/loadavg: 0.52 0.58 0.59 2/13 3792
/proc/meminfo: memFree=10543340/16587228 swapFree=50203372/50331648
Current children cumulated CPU time: 0 s
Current children cumulated vsize: 0 KiB
Current children cumulated memory: 0 KiB
heavy processes:

[startup+6.30028 s]
/proc/loadavg: 0.52 0.58 0.59 2/13 3792
/proc/meminfo: memFree=10543448/16587228 swapFree=50203372/50331648
Current children cumulated CPU time: 0 s
Current children cumulated vsize: 0 KiB
Current children cumulated memory: 0 KiB
heavy processes:

[startup+12.7003 s]
/proc/loadavg: 0.52 0.58 0.59 2/13 3792
/proc/meminfo: memFree=10551264/16587228 swapFree=50203372/50331648
Current children cumulated CPU time: 0 s
Current children cumulated vsize: 0 KiB
Current children cumulated memory: 0 KiB
heavy processes:

[startup+22.7336 s]
# the end of solver process 3791 was just reported to runsolver
# cumulated CPU time of all completed processes:  user=22.0469 s, system=0.640625 s

Solver just ended.
??? end of watcher thread
Dumping a history of the last processes samples

[startup+12.8012 s]
/proc/loadavg: 0.52 0.58 0.59 2/13 3792
/proc/meminfo: memFree=10551404/16587228 swapFree=50203372/50331648
Current children cumulated CPU time: 0 s
Current children cumulated vsize: 0 KiB
Current children cumulated memory: 0 KiB

[startup+19.2005 s]
/proc/loadavg: 0.52 0.58 0.59 2/13 3792
/proc/meminfo: memFree=10551888/16587228 swapFree=50203372/50331648
Current children cumulated CPU time: 0 s
Current children cumulated vsize: 0 KiB
Current children cumulated memory: 0 KiB

[startup+20.8001 s]
/proc/loadavg: 0.52 0.58 0.59 2/13 3793
/proc/meminfo: memFree=10551960/16587228 swapFree=50203372/50331648
Current children cumulated CPU time: 0 s
Current children cumulated vsize: 0 KiB
Current children cumulated memory: 0 KiB

[startup+21.6004 s]
/proc/loadavg: 0.52 0.58 0.59 2/13 3793
/proc/meminfo: memFree=10552008/16587228 swapFree=50203372/50331648
Current children cumulated CPU time: 0 s
Current children cumulated vsize: 0 KiB
Current children cumulated memory: 0 KiB

[startup+22.4004 s]
/proc/loadavg: 0.52 0.58 0.59 2/13 3793
/proc/meminfo: memFree=10553972/16587228 swapFree=50203372/50331648
Current children cumulated CPU time: 0 s
Current children cumulated vsize: 0 KiB
Current children cumulated memory: 0 KiB

[startup+22.6005 s]
/proc/loadavg: 0.52 0.58 0.59 2/13 3793
/proc/meminfo: memFree=10553972/16587228 swapFree=50203372/50331648
Current children cumulated CPU time: 0 s
Current children cumulated vsize: 0 KiB
Current children cumulated memory: 0 KiB

[startup+22.7001 s]
/proc/loadavg: 0.52 0.58 0.59 2/13 3793
/proc/meminfo: memFree=10553972/16587228 swapFree=50203372/50331648
Current children cumulated CPU time: 0 s
Current children cumulated vsize: 0 KiB
Current children cumulated memory: 0 KiB

Child status: 0
Real time (s): 22.7337
CPU time (s): 22.6875
CPU user time (s): 22.0469
CPU system time (s): 0.640625
CPU usage (%): 99.7969
Max. virtual memory (cumulated for all children) (KiB): 0
Max. memory (cumulated for all children) (KiB): 0

getrusage(RUSAGE_CHILDREN,...) data:
user time used= 22.0469
system time used= 0.640625
maximum resident set size= 24980
integral shared memory size= 0
integral unshared data size= 0
integral unshared stack size= 0
page reclaims= 6574
page faults= 0
swaps= 0
block input operations= 0
block output operations= 0
messages sent= 0
messages received= 0
signals received= 0
voluntary context switches= 0
involuntary context switches= 0


# summary of solver processes directly reported to runsolver:
#   pid: 3791
#   total CPU time (s): 22.6875
#   total CPU user time (s): 22.0469
#   total CPU system time (s): 0.640625

??? end of timestamper thread
runsolver used 0 second user time and 0.015625 second system time

The end
