runsolver version 3.4.0 (svn: 3018) Copyright (C) 2010-2013 Olivier ROUSSEL

This program is distributed in the hope that it will be useful,
but WITHOUT ANY WARRANTY; without even the implied warranty of
MERCHANTABILITY or FITNESS FOR A PARTICULAR PURPOSE.  See the
GNU General Public License for more details.

command line: /home/kunalan/runsolver/src/runsolver -C 1200 -W 1200 --vsize-limit 16384 -w results_nprc/nprc_newground_random_600_60_watch.log --var results_nprc/nprc_newground_random_600_60_values.log python3 ../newground2.py ../instances/benchmark_instances/encodings/nprc_newground.lp ../instances/benchmark_instances/graphs/random_600_60.lp 

running on 8 cores: 0-7

Enforcing CPUTime limit (soft limit, will send SIGTERM then SIGKILL): 1200 seconds
Enforcing CPUTime limit (hard limit, will send SIGXCPU): 1230 seconds
Enforcing wall clock limit (soft limit, will send SIGTERM then SIGKILL): 1200 seconds
Enforcing VSIZE limit (soft limit, will send SIGTERM then SIGKILL): 16777216 KiB
Enforcing VSIZE limit (hard limit, stack expansion will fail with SIGSEGV, brk() and mmap() will return ENOMEM): 16828416 KiB
Linux 4.4.0-22000-Microsoft
Current StackSize limit: 8192 KiB
solver pid=3021, runsolver pid=3019


[startup+0.100538 s]*
/proc/loadavg: 0.52 0.58 0.59 2/13 3022
/proc/meminfo: memFree=11388976/16587228 swapFree=50194136/50331648
Current children cumulated CPU time: 0 s
Current children cumulated vsize: 0 KiB
Current children cumulated memory: 0 KiB

[startup+0.201266 s]*
/proc/loadavg: 0.52 0.58 0.59 2/13 3022
/proc/meminfo: memFree=11371104/16587228 swapFree=50194136/50331648
Current children cumulated CPU time: 0 s
Current children cumulated vsize: 0 KiB
Current children cumulated memory: 0 KiB

[startup+0.300804 s]*
/proc/loadavg: 0.52 0.58 0.59 2/13 3022
/proc/meminfo: memFree=11365916/16587228 swapFree=50194136/50331648
Current children cumulated CPU time: 0 s
Current children cumulated vsize: 0 KiB
Current children cumulated memory: 0 KiB

[startup+0.700565 s]
/proc/loadavg: 0.52 0.58 0.59 2/13 3022
/proc/meminfo: memFree=11362276/16587228 swapFree=50194136/50331648
Current children cumulated CPU time: 0 s
Current children cumulated vsize: 0 KiB
Current children cumulated memory: 0 KiB

[startup+1.50042 s]
/proc/loadavg: 0.52 0.58 0.59 2/13 3022
/proc/meminfo: memFree=11370288/16587228 swapFree=50194136/50331648
Current children cumulated CPU time: 0 s
Current children cumulated vsize: 0 KiB
Current children cumulated memory: 0 KiB

[startup+3.10115 s]
/proc/loadavg: 0.52 0.58 0.59 2/13 3022
/proc/meminfo: memFree=11369372/16587228 swapFree=50194136/50331648
Current children cumulated CPU time: 0 s
Current children cumulated vsize: 0 KiB
Current children cumulated memory: 0 KiB
heavy processes:

[startup+6.30042 s]
/proc/loadavg: 0.52 0.58 0.59 2/13 3022
/proc/meminfo: memFree=11369188/16587228 swapFree=50194136/50331648
Current children cumulated CPU time: 0 s
Current children cumulated vsize: 0 KiB
Current children cumulated memory: 0 KiB
heavy processes:

[startup+12.7006 s]
/proc/loadavg: 0.52 0.58 0.59 2/13 3022
/proc/meminfo: memFree=11368612/16587228 swapFree=50194136/50331648
Current children cumulated CPU time: 0 s
Current children cumulated vsize: 0 KiB
Current children cumulated memory: 0 KiB
heavy processes:

[startup+25.5003 s]
/proc/loadavg: 0.52 0.58 0.59 2/13 3022
/proc/meminfo: memFree=11363848/16587228 swapFree=50194136/50331648
Current children cumulated CPU time: 0 s
Current children cumulated vsize: 0 KiB
Current children cumulated memory: 0 KiB
heavy processes:

[startup+51.1009 s]
/proc/loadavg: 0.52 0.58 0.59 2/13 3022
/proc/meminfo: memFree=11331084/16587228 swapFree=50194136/50331648
Current children cumulated CPU time: 0 s
Current children cumulated vsize: 0 KiB
Current children cumulated memory: 0 KiB
heavy processes:

[startup+75.94 s]
# the end of solver process 3021 was just reported to runsolver
# cumulated CPU time of all completed processes:  user=75.6719 s, system=0.234375 s

Solver just ended.
??? end of watcher thread
Dumping a history of the last processes samples

[startup+51.2011 s]
/proc/loadavg: 0.52 0.58 0.59 2/13 3022
/proc/meminfo: memFree=11331068/16587228 swapFree=50194136/50331648
Current children cumulated CPU time: 0 s
Current children cumulated vsize: 0 KiB
Current children cumulated memory: 0 KiB

[startup+64.0001 s]*
/proc/loadavg: 0.52 0.58 0.59 2/13 3022
/proc/meminfo: memFree=11328388/16587228 swapFree=50194136/50331648
Current children cumulated CPU time: 0 s
Current children cumulated vsize: 0 KiB
Current children cumulated memory: 0 KiB

[startup+70.4002 s]
/proc/loadavg: 0.52 0.58 0.59 2/13 3022
/proc/meminfo: memFree=11301032/16587228 swapFree=50194136/50331648
Current children cumulated CPU time: 0 s
Current children cumulated vsize: 0 KiB
Current children cumulated memory: 0 KiB

[startup+73.6001 s]
/proc/loadavg: 0.52 0.58 0.59 2/13 3022
/proc/meminfo: memFree=11301240/16587228 swapFree=50194136/50331648
Current children cumulated CPU time: 0 s
Current children cumulated vsize: 0 KiB
Current children cumulated memory: 0 KiB

[startup+75.2003 s]
/proc/loadavg: 0.52 0.58 0.59 2/13 3022
/proc/meminfo: memFree=11308488/16587228 swapFree=50194136/50331648
Current children cumulated CPU time: 0 s
Current children cumulated vsize: 0 KiB
Current children cumulated memory: 0 KiB

[startup+75.6001 s]
/proc/loadavg: 0.52 0.58 0.59 2/13 3022
/proc/meminfo: memFree=11308488/16587228 swapFree=50194136/50331648
Current children cumulated CPU time: 0 s
Current children cumulated vsize: 0 KiB
Current children cumulated memory: 0 KiB

[startup+75.8005 s]
/proc/loadavg: 0.52 0.58 0.59 2/13 3022
/proc/meminfo: memFree=11308488/16587228 swapFree=50194136/50331648
Current children cumulated CPU time: 0 s
Current children cumulated vsize: 0 KiB
Current children cumulated memory: 0 KiB

[startup+75.9002 s]
/proc/loadavg: 0.52 0.58 0.59 2/13 3022
/proc/meminfo: memFree=11308488/16587228 swapFree=50194136/50331648
Current children cumulated CPU time: 0 s
Current children cumulated vsize: 0 KiB
Current children cumulated memory: 0 KiB

Child status: 0
Real time (s): 75.9401
CPU time (s): 75.9062
CPU user time (s): 75.6719
CPU system time (s): 0.234375
CPU usage (%): 99.9555
Max. virtual memory (cumulated for all children) (KiB): 0
Max. memory (cumulated for all children) (KiB): 0

getrusage(RUSAGE_CHILDREN,...) data:
user time used= 75.6719
system time used= 0.234375
maximum resident set size= 111204
integral shared memory size= 0
integral unshared data size= 0
integral unshared stack size= 0
page reclaims= 35012
page faults= 0
swaps= 0
block input operations= 0
block output operations= 0
messages sent= 0
messages received= 0
signals received= 0
voluntary context switches= 0
involuntary context switches= 0


# summary of solver processes directly reported to runsolver:
#   pid: 3021
#   total CPU time (s): 75.9062
#   total CPU user time (s): 75.6719
#   total CPU system time (s): 0.234375

??? end of timestamper thread
runsolver used 0 second user time and 0.015625 second system time

The end
