runsolver version 3.4.0 (svn: 3018) Copyright (C) 2010-2013 Olivier ROUSSEL

This program is distributed in the hope that it will be useful,
but WITHOUT ANY WARRANTY; without even the implied warranty of
MERCHANTABILITY or FITNESS FOR A PARTICULAR PURPOSE.  See the
GNU General Public License for more details.

command line: /home/kunalan/runsolver/src/runsolver -C 1200 -W 1200 --vsize-limit 16384 -w results_nprc/nprc_gringo_random_45_90_watch.log --var results_nprc/nprc_gringo_random_45_90_values.log gringo --verbose=2 --output text ../instances/benchmark_instances/encodings/nprc_gringo.lp ../instances/benchmark_instances/graphs/random_45_90.lp 

running on 8 cores: 0-7

Enforcing CPUTime limit (soft limit, will send SIGTERM then SIGKILL): 1200 seconds
Enforcing CPUTime limit (hard limit, will send SIGXCPU): 1230 seconds
Enforcing wall clock limit (soft limit, will send SIGTERM then SIGKILL): 1200 seconds
Enforcing VSIZE limit (soft limit, will send SIGTERM then SIGKILL): 16777216 KiB
Enforcing VSIZE limit (hard limit, stack expansion will fail with SIGSEGV, brk() and mmap() will return ENOMEM): 16828416 KiB
Linux 4.4.0-22000-Microsoft
solver pid=2399, runsolver pid=2397
Current StackSize limit: 8192 KiB


[startup+0.100529 s]*
/proc/loadavg: 0.52 0.58 0.59 3/13 2400
/proc/meminfo: memFree=11537052/16587228 swapFree=50193932/50331648
Current children cumulated CPU time: 0 s
Current children cumulated vsize: 0 KiB
Current children cumulated memory: 0 KiB

[startup+0.201961 s]*
/proc/loadavg: 0.52 0.58 0.59 3/13 2400
/proc/meminfo: memFree=11545900/16587228 swapFree=50193932/50331648
Current children cumulated CPU time: 0 s
Current children cumulated vsize: 0 KiB
Current children cumulated memory: 0 KiB

[startup+0.301617 s]*
/proc/loadavg: 0.52 0.58 0.59 3/13 2400
/proc/meminfo: memFree=11545960/16587228 swapFree=50193932/50331648
Current children cumulated CPU time: 0 s
Current children cumulated vsize: 0 KiB
Current children cumulated memory: 0 KiB

[startup+0.700129 s]
/proc/loadavg: 0.52 0.58 0.59 2/13 2400
/proc/meminfo: memFree=11545980/16587228 swapFree=50193932/50331648
Current children cumulated CPU time: 0 s
Current children cumulated vsize: 0 KiB
Current children cumulated memory: 0 KiB

[startup+1.50012 s]
/proc/loadavg: 0.52 0.58 0.59 3/13 2400
/proc/meminfo: memFree=11544424/16587228 swapFree=50193932/50331648
Current children cumulated CPU time: 0 s
Current children cumulated vsize: 0 KiB
Current children cumulated memory: 0 KiB

[startup+3.10125 s]
/proc/loadavg: 0.52 0.58 0.59 3/13 2400
/proc/meminfo: memFree=11540116/16587228 swapFree=50193932/50331648
Current children cumulated CPU time: 0 s
Current children cumulated vsize: 0 KiB
Current children cumulated memory: 0 KiB
heavy processes:

[startup+5.47824 s]
# the end of solver process 2399 was just reported to runsolver
# cumulated CPU time of all completed processes:  user=5.25 s, system=0.1875 s

Solver just ended.
??? end of watcher thread
Dumping a history of the last processes samples

[startup+3.20103 s]
/proc/loadavg: 0.52 0.58 0.59 2/13 2400
/proc/meminfo: memFree=11535796/16587228 swapFree=50193932/50331648
Current children cumulated CPU time: 0 s
Current children cumulated vsize: 0 KiB
Current children cumulated memory: 0 KiB

[startup+4.80052 s]
/proc/loadavg: 0.52 0.58 0.59 3/13 2400
/proc/meminfo: memFree=11535904/16587228 swapFree=50193932/50331648
Current children cumulated CPU time: 0 s
Current children cumulated vsize: 0 KiB
Current children cumulated memory: 0 KiB

[startup+5.20011 s]
/proc/loadavg: 0.52 0.58 0.59 2/13 2400
/proc/meminfo: memFree=11535972/16587228 swapFree=50193932/50331648
Current children cumulated CPU time: 0 s
Current children cumulated vsize: 0 KiB
Current children cumulated memory: 0 KiB

[startup+5.40017 s]
/proc/loadavg: 0.52 0.58 0.59 2/13 2400
/proc/meminfo: memFree=11535972/16587228 swapFree=50193932/50331648
Current children cumulated CPU time: 0 s
Current children cumulated vsize: 0 KiB
Current children cumulated memory: 0 KiB

Child status: 0
Real time (s): 5.47828
CPU time (s): 5.4375
CPU user time (s): 5.25
CPU system time (s): 0.1875
CPU usage (%): 99.2555
Max. virtual memory (cumulated for all children) (KiB): 0
Max. memory (cumulated for all children) (KiB): 0

getrusage(RUSAGE_CHILDREN,...) data:
user time used= 5.25
system time used= 0.1875
maximum resident set size= 3856
integral shared memory size= 0
integral unshared data size= 0
integral unshared stack size= 0
page reclaims= 1037
page faults= 0
swaps= 0
block input operations= 0
block output operations= 0
messages sent= 0
messages received= 0
signals received= 0
voluntary context switches= 0
involuntary context switches= 0


# summary of solver processes directly reported to runsolver:
#   pid: 2399
#   total CPU time (s): 5.4375
#   total CPU user time (s): 5.25
#   total CPU system time (s): 0.1875

??? end of timestamper thread
runsolver used 0 second user time and 0.015625 second system time

The end
