runsolver version 3.4.0 (svn: 3018) Copyright (C) 2010-2013 Olivier ROUSSEL

This program is distributed in the hope that it will be useful,
but WITHOUT ANY WARRANTY; without even the implied warranty of
MERCHANTABILITY or FITNESS FOR A PARTICULAR PURPOSE.  See the
GNU General Public License for more details.

command line: /home/kunalan/runsolver/src/runsolver -C 1200 -W 1200 --vsize-limit 16384 -w results_nprc/nprc_newground2_random_10_40_watch.log --var results_nprc/nprc_newground2_random_10_40_values.log python3 ../newground2.py ../instances/benchmark_instances/encodings/nprc_newground2.lp ../instances/benchmark_instances/graphs/random_10_40.lp 

running on 8 cores: 0-7

Enforcing CPUTime limit (soft limit, will send SIGTERM then SIGKILL): 1200 seconds
Enforcing CPUTime limit (hard limit, will send SIGXCPU): 1230 seconds
Enforcing wall clock limit (soft limit, will send SIGTERM then SIGKILL): 1200 seconds
Enforcing VSIZE limit (soft limit, will send SIGTERM then SIGKILL): 16777216 KiB
Enforcing VSIZE limit (hard limit, stack expansion will fail with SIGSEGV, brk() and mmap() will return ENOMEM): 16828416 KiB
Linux 4.4.0-22000-Microsoft
Current StackSize limit: 8192 KiB

solver pid=3766, runsolver pid=3764

[startup+0.100507 s]*
/proc/loadavg: 0.52 0.58 0.59 2/13 3767
/proc/meminfo: memFree=10483596/16587228 swapFree=50203360/50331648
Current children cumulated CPU time: 0 s
Current children cumulated vsize: 0 KiB
Current children cumulated memory: 0 KiB

[startup+0.201136 s]*
/proc/loadavg: 0.52 0.58 0.59 2/13 3767
/proc/meminfo: memFree=10476744/16587228 swapFree=50203360/50331648
Current children cumulated CPU time: 0 s
Current children cumulated vsize: 0 KiB
Current children cumulated memory: 0 KiB

[startup+0.300799 s]*
/proc/loadavg: 0.52 0.58 0.59 2/13 3767
/proc/meminfo: memFree=10474368/16587228 swapFree=50203360/50331648
Current children cumulated CPU time: 0 s
Current children cumulated vsize: 0 KiB
Current children cumulated memory: 0 KiB

[startup+0.700532 s]
/proc/loadavg: 0.52 0.58 0.59 2/13 3767
/proc/meminfo: memFree=10463740/16587228 swapFree=50203360/50331648
Current children cumulated CPU time: 0 s
Current children cumulated vsize: 0 KiB
Current children cumulated memory: 0 KiB

[startup+1.50054 s]
/proc/loadavg: 0.52 0.58 0.59 2/13 3767
/proc/meminfo: memFree=10464716/16587228 swapFree=50203360/50331648
Current children cumulated CPU time: 0 s
Current children cumulated vsize: 0 KiB
Current children cumulated memory: 0 KiB

[startup+3.10117 s]
/proc/loadavg: 0.52 0.58 0.59 2/13 3767
/proc/meminfo: memFree=10476828/16587228 swapFree=50203360/50331648
Current children cumulated CPU time: 0 s
Current children cumulated vsize: 0 KiB
Current children cumulated memory: 0 KiB
heavy processes:

[startup+6.30025 s]
/proc/loadavg: 0.52 0.58 0.59 3/13 3767
/proc/meminfo: memFree=10472056/16587228 swapFree=50203360/50331648
Current children cumulated CPU time: 0 s
Current children cumulated vsize: 0 KiB
Current children cumulated memory: 0 KiB
heavy processes:

[startup+12.7003 s]
/proc/loadavg: 0.52 0.58 0.59 2/13 3767
/proc/meminfo: memFree=10472332/16587228 swapFree=50203360/50331648
Current children cumulated CPU time: 0 s
Current children cumulated vsize: 0 KiB
Current children cumulated memory: 0 KiB
heavy processes:

[startup+22.4925 s]
# the end of solver process 3766 was just reported to runsolver
# cumulated CPU time of all completed processes:  user=21.6094 s, system=0.828125 s

Solver just ended.
??? end of watcher thread
Dumping a history of the last processes samples

[startup+12.8012 s]
/proc/loadavg: 0.52 0.58 0.59 3/13 3767
/proc/meminfo: memFree=10472316/16587228 swapFree=50203360/50331648
Current children cumulated CPU time: 0 s
Current children cumulated vsize: 0 KiB
Current children cumulated memory: 0 KiB

[startup+19.2002 s]
/proc/loadavg: 0.52 0.58 0.59 2/13 3767
/proc/meminfo: memFree=10472276/16587228 swapFree=50203360/50331648
Current children cumulated CPU time: 0 s
Current children cumulated vsize: 0 KiB
Current children cumulated memory: 0 KiB

[startup+20.8003 s]
/proc/loadavg: 0.52 0.58 0.59 2/13 3767
/proc/meminfo: memFree=10472592/16587228 swapFree=50203360/50331648
Current children cumulated CPU time: 0 s
Current children cumulated vsize: 0 KiB
Current children cumulated memory: 0 KiB

[startup+21.6002 s]
/proc/loadavg: 0.52 0.58 0.59 2/13 3767
/proc/meminfo: memFree=10472104/16587228 swapFree=50203360/50331648
Current children cumulated CPU time: 0 s
Current children cumulated vsize: 0 KiB
Current children cumulated memory: 0 KiB

[startup+22.0003 s]*
/proc/loadavg: 0.52 0.58 0.59 2/13 3767
/proc/meminfo: memFree=10471828/16587228 swapFree=50203360/50331648
Current children cumulated CPU time: 0 s
Current children cumulated vsize: 0 KiB
Current children cumulated memory: 0 KiB

[startup+22.4001 s]
/proc/loadavg: 0.52 0.58 0.59 2/13 3767
/proc/meminfo: memFree=10471828/16587228 swapFree=50203360/50331648
Current children cumulated CPU time: 0 s
Current children cumulated vsize: 0 KiB
Current children cumulated memory: 0 KiB

Child status: 0
Real time (s): 22.4925
CPU time (s): 22.4375
CPU user time (s): 21.6094
CPU system time (s): 0.828125
CPU usage (%): 99.7554
Max. virtual memory (cumulated for all children) (KiB): 0
Max. memory (cumulated for all children) (KiB): 0

getrusage(RUSAGE_CHILDREN,...) data:
user time used= 21.6094
system time used= 0.828125
maximum resident set size= 24952
integral shared memory size= 0
integral unshared data size= 0
integral unshared stack size= 0
page reclaims= 6568
page faults= 0
swaps= 0
block input operations= 0
block output operations= 0
messages sent= 0
messages received= 0
signals received= 0
voluntary context switches= 0
involuntary context switches= 0


# summary of solver processes directly reported to runsolver:
#   pid: 3766
#   total CPU time (s): 22.4375
#   total CPU user time (s): 21.6094
#   total CPU system time (s): 0.828125

??? end of timestamper thread
runsolver used 0 second user time and 0 second system time

The end
