runsolver version 3.4.0 (svn: 3018) Copyright (C) 2010-2013 Olivier ROUSSEL

This program is distributed in the hope that it will be useful,
but WITHOUT ANY WARRANTY; without even the implied warranty of
MERCHANTABILITY or FITNESS FOR A PARTICULAR PURPOSE.  See the
GNU General Public License for more details.

command line: /home/kunalan/runsolver/src/runsolver -C 1200 -W 1200 --vsize-limit 16384 -w results_nprc/nprc_newground2_random_30_10_watch.log --var results_nprc/nprc_newground2_random_30_10_values.log python3 ../newground2.py ../instances/benchmark_instances/encodings/nprc_newground2.lp ../instances/benchmark_instances/graphs/random_30_10.lp 

running on 8 cores: 0-7

Enforcing CPUTime limit (soft limit, will send SIGTERM then SIGKILL): 1200 seconds
Enforcing CPUTime limit (hard limit, will send SIGXCPU): 1230 seconds
Enforcing wall clock limit (soft limit, will send SIGTERM then SIGKILL): 1200 seconds
Enforcing VSIZE limit (soft limit, will send SIGTERM then SIGKILL): 16777216 KiB
Enforcing VSIZE limit (hard limit, stack expansion will fail with SIGSEGV, brk() and mmap() will return ENOMEM): 16828416 KiB
Linux 4.4.0-22000-Microsoft
solver pid=1573, runsolver pid=1571
Current StackSize limit: 8192 KiB


[startup+0.100454 s]*
/proc/loadavg: 0.52 0.58 0.59 2/13 1574
/proc/meminfo: memFree=11593484/16587228 swapFree=50193620/50331648
Current children cumulated CPU time: 0 s
Current children cumulated vsize: 0 KiB
Current children cumulated memory: 0 KiB

[startup+0.201427 s]*
/proc/loadavg: 0.52 0.58 0.59 2/13 1574
/proc/meminfo: memFree=11584800/16587228 swapFree=50193620/50331648
Current children cumulated CPU time: 0 s
Current children cumulated vsize: 0 KiB
Current children cumulated memory: 0 KiB

[startup+0.301118 s]*
/proc/loadavg: 0.52 0.58 0.59 2/13 1574
/proc/meminfo: memFree=11584560/16587228 swapFree=50193620/50331648
Current children cumulated CPU time: 0 s
Current children cumulated vsize: 0 KiB
Current children cumulated memory: 0 KiB

[startup+0.700481 s]
/proc/loadavg: 0.52 0.58 0.59 2/13 1574
/proc/meminfo: memFree=11581716/16587228 swapFree=50193620/50331648
Current children cumulated CPU time: 0 s
Current children cumulated vsize: 0 KiB
Current children cumulated memory: 0 KiB

[startup+1.50045 s]
/proc/loadavg: 0.52 0.58 0.59 2/13 1574
/proc/meminfo: memFree=11582288/16587228 swapFree=50193620/50331648
Current children cumulated CPU time: 0 s
Current children cumulated vsize: 0 KiB
Current children cumulated memory: 0 KiB

[startup+3.10114 s]
/proc/loadavg: 0.52 0.58 0.59 2/13 1574
/proc/meminfo: memFree=11570100/16587228 swapFree=50193620/50331648
Current children cumulated CPU time: 0 s
Current children cumulated vsize: 0 KiB
Current children cumulated memory: 0 KiB
heavy processes:

[startup+6.30018 s]
/proc/loadavg: 0.52 0.58 0.59 2/13 1574
/proc/meminfo: memFree=11569528/16587228 swapFree=50193620/50331648
Current children cumulated CPU time: 0 s
Current children cumulated vsize: 0 KiB
Current children cumulated memory: 0 KiB
heavy processes:

[startup+12.7003 s]
/proc/loadavg: 0.52 0.58 0.59 2/13 1574
/proc/meminfo: memFree=11572268/16587228 swapFree=50193620/50331648
Current children cumulated CPU time: 0 s
Current children cumulated vsize: 0 KiB
Current children cumulated memory: 0 KiB
heavy processes:

[startup+25.5002 s]
/proc/loadavg: 0.52 0.58 0.59 2/13 1574
/proc/meminfo: memFree=11572844/16587228 swapFree=50193620/50331648
Current children cumulated CPU time: 0 s
Current children cumulated vsize: 0 KiB
Current children cumulated memory: 0 KiB
heavy processes:

[startup+51.1011 s]
/proc/loadavg: 0.52 0.58 0.59 2/13 1574
/proc/meminfo: memFree=11589096/16587228 swapFree=50193624/50331648
Current children cumulated CPU time: 0 s
Current children cumulated vsize: 0 KiB
Current children cumulated memory: 0 KiB
heavy processes:

[startup+102.3 s]
/proc/loadavg: 0.52 0.58 0.59 2/13 1574
/proc/meminfo: memFree=11605684/16587228 swapFree=50193624/50331648
Current children cumulated CPU time: 0 s
Current children cumulated vsize: 0 KiB
Current children cumulated memory: 0 KiB
heavy processes:

[startup+162.301 s]
/proc/loadavg: 0.52 0.58 0.59 2/13 1574
/proc/meminfo: memFree=11600264/16587228 swapFree=50193624/50331648
Current children cumulated CPU time: 0 s
Current children cumulated vsize: 0 KiB
Current children cumulated memory: 0 KiB
heavy processes:

[startup+222.301 s]
/proc/loadavg: 0.52 0.58 0.59 2/13 1574
/proc/meminfo: memFree=11607844/16587228 swapFree=50193624/50331648
Current children cumulated CPU time: 0 s
Current children cumulated vsize: 0 KiB
Current children cumulated memory: 0 KiB
heavy processes:

[startup+282.3 s]
/proc/loadavg: 0.52 0.58 0.59 2/13 1575
/proc/meminfo: memFree=11608216/16587228 swapFree=50193632/50331648
Current children cumulated CPU time: 0 s
Current children cumulated vsize: 0 KiB
Current children cumulated memory: 0 KiB
heavy processes:

[startup+342.3 s]
/proc/loadavg: 0.52 0.58 0.59 2/13 1575
/proc/meminfo: memFree=11611972/16587228 swapFree=50193632/50331648
Current children cumulated CPU time: 0 s
Current children cumulated vsize: 0 KiB
Current children cumulated memory: 0 KiB
heavy processes:

[startup+402.3 s]
/proc/loadavg: 0.52 0.58 0.59 2/13 1575
/proc/meminfo: memFree=11615120/16587228 swapFree=50193632/50331648
Current children cumulated CPU time: 0 s
Current children cumulated vsize: 0 KiB
Current children cumulated memory: 0 KiB
heavy processes:

[startup+462.3 s]
/proc/loadavg: 0.52 0.58 0.59 2/13 1575
/proc/meminfo: memFree=11614280/16587228 swapFree=50193632/50331648
Current children cumulated CPU time: 0 s
Current children cumulated vsize: 0 KiB
Current children cumulated memory: 0 KiB
heavy processes:

[startup+522.3 s]
/proc/loadavg: 0.52 0.58 0.59 2/13 1576
/proc/meminfo: memFree=11598220/16587228 swapFree=50193632/50331648
Current children cumulated CPU time: 0 s
Current children cumulated vsize: 0 KiB
Current children cumulated memory: 0 KiB
heavy processes:

[startup+582.3 s]
/proc/loadavg: 0.52 0.58 0.59 2/13 1576
/proc/meminfo: memFree=11633592/16587228 swapFree=50193632/50331648
Current children cumulated CPU time: 0 s
Current children cumulated vsize: 0 KiB
Current children cumulated memory: 0 KiB
heavy processes:

[startup+642.3 s]
/proc/loadavg: 0.52 0.58 0.59 2/13 1577
/proc/meminfo: memFree=11622564/16587228 swapFree=50193632/50331648
Current children cumulated CPU time: 0 s
Current children cumulated vsize: 0 KiB
Current children cumulated memory: 0 KiB
heavy processes:

[startup+702.301 s]
/proc/loadavg: 0.52 0.58 0.59 2/13 1577
/proc/meminfo: memFree=11626636/16587228 swapFree=50193632/50331648
Current children cumulated CPU time: 0 s
Current children cumulated vsize: 0 KiB
Current children cumulated memory: 0 KiB
heavy processes:

[startup+762.3 s]
/proc/loadavg: 0.52 0.58 0.59 2/13 1577
/proc/meminfo: memFree=11626124/16587228 swapFree=50193632/50331648
Current children cumulated CPU time: 0 s
Current children cumulated vsize: 0 KiB
Current children cumulated memory: 0 KiB
heavy processes:

[startup+822.3 s]
/proc/loadavg: 0.52 0.58 0.59 2/13 1577
/proc/meminfo: memFree=11628124/16587228 swapFree=50193632/50331648
Current children cumulated CPU time: 0 s
Current children cumulated vsize: 0 KiB
Current children cumulated memory: 0 KiB
heavy processes:

[startup+882.3 s]
/proc/loadavg: 0.52 0.58 0.59 3/13 1578
/proc/meminfo: memFree=11599000/16587228 swapFree=50193636/50331648
Current children cumulated CPU time: 0 s
Current children cumulated vsize: 0 KiB
Current children cumulated memory: 0 KiB
heavy processes:

[startup+942.3 s]
/proc/loadavg: 0.52 0.58 0.59 3/13 1578
/proc/meminfo: memFree=11565828/16587228 swapFree=50193824/50331648
Current children cumulated CPU time: 0 s
Current children cumulated vsize: 0 KiB
Current children cumulated memory: 0 KiB
heavy processes:

[startup+1002.3 s]
/proc/loadavg: 0.52 0.58 0.59 2/13 1578
/proc/meminfo: memFree=11572296/16587228 swapFree=50193824/50331648
Current children cumulated CPU time: 0 s
Current children cumulated vsize: 0 KiB
Current children cumulated memory: 0 KiB
heavy processes:

[startup+1062.3 s]
/proc/loadavg: 0.52 0.58 0.59 2/13 1579
/proc/meminfo: memFree=11575836/16587228 swapFree=50193832/50331648
Current children cumulated CPU time: 0 s
Current children cumulated vsize: 0 KiB
Current children cumulated memory: 0 KiB
heavy processes:

[startup+1122.3 s]
/proc/loadavg: 0.52 0.58 0.59 3/13 1580
/proc/meminfo: memFree=11582104/16587228 swapFree=50193832/50331648
Current children cumulated CPU time: 0 s
Current children cumulated vsize: 0 KiB
Current children cumulated memory: 0 KiB
heavy processes:

[startup+1182.3 s]
/proc/loadavg: 0.52 0.58 0.59 2/13 1582
/proc/meminfo: memFree=11581316/16587228 swapFree=50193832/50331648
Current children cumulated CPU time: 0 s
Current children cumulated vsize: 0 KiB
Current children cumulated memory: 0 KiB
heavy processes:



Maximum wall clock time exceeded: sending SIGTERM then SIGKILL

[startup+1200 s]*
/proc/loadavg: 0.52 0.58 0.59 2/13 1582
/proc/meminfo: memFree=11582252/16587228 swapFree=50193832/50331648
Current children cumulated CPU time: 0 s
Current children cumulated vsize: 0 KiB
Current children cumulated memory: 0 KiB
heavy processes:

Sending SIGTERM to process tree (bottom up)
Sleeping 2 seconds

Sending SIGKILL to process tree (bottom up)
??? end of watcher thread

[startup+1234.21 s]
# the end of solver process 1573 was just reported to runsolver
# cumulated CPU time of all completed processes:  user=1224.14 s, system=9.78125 s

Solver just ended.
Dumping a history of the last processes samples

[startup+1200.8 s]
/proc/loadavg: 0.52 0.58 0.59 2/13 1582
/proc/meminfo: memFree=11582252/16587228 swapFree=50193832/50331648
Current children cumulated CPU time: 0 s
Current children cumulated vsize: 0 KiB
Current children cumulated memory: 0 KiB

[startup+1201.6 s]
/proc/loadavg: 0.52 0.58 0.59 3/13 1582
/proc/meminfo: memFree=11582408/16587228 swapFree=50193832/50331648
Current children cumulated CPU time: 0 s
Current children cumulated vsize: 0 KiB
Current children cumulated memory: 0 KiB

[startup+1202 s]*
/proc/loadavg: 0.52 0.58 0.59 2/13 1582
/proc/meminfo: memFree=11582412/16587228 swapFree=50193832/50331648
Current children cumulated CPU time: 0 s
Current children cumulated vsize: 0 KiB
Current children cumulated memory: 0 KiB

Child status: 1
Real time (s): 1234.21
CPU time (s): 1233.92
CPU user time (s): 1224.14
CPU system time (s): 9.78125
CPU usage (%): 99.977
Max. virtual memory (cumulated for all children) (KiB): 0
Max. memory (cumulated for all children) (KiB): 0

getrusage(RUSAGE_CHILDREN,...) data:
user time used= 1224.14
system time used= 9.78125
maximum resident set size= 30604
integral shared memory size= 0
integral unshared data size= 0
integral unshared stack size= 0
page reclaims= 7964
page faults= 0
swaps= 0
block input operations= 0
block output operations= 0
messages sent= 0
messages received= 0
signals received= 0
voluntary context switches= 0
involuntary context switches= 0


# summary of solver processes directly reported to runsolver:
#   pid: 1573
#   total CPU time (s): 1233.92
#   total CPU user time (s): 1224.14
#   total CPU system time (s): 9.78125

??? end of timestamper thread
runsolver used 0 second user time and 0 second system time

The end
