runsolver version 3.4.0 (svn: 3018) Copyright (C) 2010-2013 Olivier ROUSSEL

This program is distributed in the hope that it will be useful,
but WITHOUT ANY WARRANTY; without even the implied warranty of
MERCHANTABILITY or FITNESS FOR A PARTICULAR PURPOSE.  See the
GNU General Public License for more details.

command line: /home/kunalan/runsolver/src/runsolver -C 1200 -W 1200 --vsize-limit 16384 -w results_nprc/nprc_gringo_random_50_30_watch.log --var results_nprc/nprc_gringo_random_50_30_values.log gringo --verbose=2 --output text ../instances/benchmark_instances/encodings/nprc_gringo.lp ../instances/benchmark_instances/graphs/random_50_30.lp 

running on 8 cores: 0-7

Enforcing CPUTime limit (soft limit, will send SIGTERM then SIGKILL): 1200 seconds
Enforcing CPUTime limit (hard limit, will send SIGXCPU): 1230 seconds
Enforcing wall clock limit (soft limit, will send SIGTERM then SIGKILL): 1200 seconds
Enforcing VSIZE limit (soft limit, will send SIGTERM then SIGKILL): 16777216 KiB
Enforcing VSIZE limit (hard limit, stack expansion will fail with SIGSEGV, brk() and mmap() will return ENOMEM): 16828416 KiB
Linux 4.4.0-22000-Microsoft
Current StackSize limit: 8192 KiB
solver pid=2650, runsolver pid=2648


[startup+0.10023 s]*
/proc/loadavg: 0.52 0.58 0.59 3/13 2651
/proc/meminfo: memFree=11692924/16587228 swapFree=50194044/50331648
Current children cumulated CPU time: 0 s
Current children cumulated vsize: 0 KiB
Current children cumulated memory: 0 KiB

[startup+0.201747 s]*
/proc/loadavg: 0.52 0.58 0.59 2/13 2651
/proc/meminfo: memFree=11699724/16587228 swapFree=50194044/50331648
Current children cumulated CPU time: 0 s
Current children cumulated vsize: 0 KiB
Current children cumulated memory: 0 KiB

[startup+0.301222 s]*
/proc/loadavg: 0.52 0.58 0.59 2/13 2651
/proc/meminfo: memFree=11699724/16587228 swapFree=50194044/50331648
Current children cumulated CPU time: 0 s
Current children cumulated vsize: 0 KiB
Current children cumulated memory: 0 KiB

[startup+0.700271 s]
/proc/loadavg: 0.52 0.58 0.59 2/13 2652
/proc/meminfo: memFree=11693100/16587228 swapFree=50194044/50331648
Current children cumulated CPU time: 0 s
Current children cumulated vsize: 0 KiB
Current children cumulated memory: 0 KiB

[startup+1.50023 s]
/proc/loadavg: 0.52 0.58 0.59 2/13 2652
/proc/meminfo: memFree=11679536/16587228 swapFree=50194044/50331648
Current children cumulated CPU time: 0 s
Current children cumulated vsize: 0 KiB
Current children cumulated memory: 0 KiB

[startup+3.03308 s]
# the end of solver process 2650 was just reported to runsolver
# cumulated CPU time of all completed processes:  user=2.95312 s, system=0.0625 s

Solver just ended.
??? end of watcher thread
Dumping a history of the last processes samples

[startup+1.60059 s]
/proc/loadavg: 0.52 0.58 0.59 2/13 2652
/proc/meminfo: memFree=11679536/16587228 swapFree=50194044/50331648
Current children cumulated CPU time: 0 s
Current children cumulated vsize: 0 KiB
Current children cumulated memory: 0 KiB

[startup+2.40008 s]
/proc/loadavg: 0.52 0.58 0.59 2/13 2652
/proc/meminfo: memFree=11680456/16587228 swapFree=50194044/50331648
Current children cumulated CPU time: 0 s
Current children cumulated vsize: 0 KiB
Current children cumulated memory: 0 KiB

[startup+2.80007 s]
/proc/loadavg: 0.52 0.58 0.59 2/13 2652
/proc/meminfo: memFree=11680456/16587228 swapFree=50194044/50331648
Current children cumulated CPU time: 0 s
Current children cumulated vsize: 0 KiB
Current children cumulated memory: 0 KiB

[startup+3.00015 s]*
/proc/loadavg: 0.52 0.58 0.59 2/13 2652
/proc/meminfo: memFree=11681644/16587228 swapFree=50194044/50331648
Current children cumulated CPU time: 0 s
Current children cumulated vsize: 0 KiB
Current children cumulated memory: 0 KiB

Child status: 0
Real time (s): 3.03312
CPU time (s): 3.01562
CPU user time (s): 2.95312
CPU system time (s): 0.0625
CPU usage (%): 99.4233
Max. virtual memory (cumulated for all children) (KiB): 0
Max. memory (cumulated for all children) (KiB): 0

getrusage(RUSAGE_CHILDREN,...) data:
user time used= 2.95312
system time used= 0.0625
maximum resident set size= 3688
integral shared memory size= 0
integral unshared data size= 0
integral unshared stack size= 0
page reclaims= 997
page faults= 0
swaps= 0
block input operations= 0
block output operations= 0
messages sent= 0
messages received= 0
signals received= 0
voluntary context switches= 0
involuntary context switches= 0


# summary of solver processes directly reported to runsolver:
#   pid: 2650
#   total CPU time (s): 3.01562
#   total CPU user time (s): 2.95312
#   total CPU system time (s): 0.0625

??? end of timestamper thread
runsolver used 0 second user time and 0.015625 second system time

The end
