runsolver version 3.4.0 (svn: 3018) Copyright (C) 2010-2013 Olivier ROUSSEL

This program is distributed in the hope that it will be useful,
but WITHOUT ANY WARRANTY; without even the implied warranty of
MERCHANTABILITY or FITNESS FOR A PARTICULAR PURPOSE.  See the
GNU General Public License for more details.

command line: /home/kunalan/runsolver/src/runsolver -C 1200 -W 1200 --vsize-limit 16384 -w results_nprc/nprc_gringo_random_50_70_watch.log --var results_nprc/nprc_gringo_random_50_70_values.log gringo --verbose=2 --output text ../instances/benchmark_instances/encodings/nprc_gringo.lp ../instances/benchmark_instances/graphs/random_50_70.lp 

running on 8 cores: 0-7

Enforcing CPUTime limit (soft limit, will send SIGTERM then SIGKILL): 1200 seconds
Enforcing CPUTime limit (hard limit, will send SIGXCPU): 1230 seconds
Enforcing wall clock limit (soft limit, will send SIGTERM then SIGKILL): 1200 seconds
Enforcing VSIZE limit (soft limit, will send SIGTERM then SIGKILL): 16777216 KiB
Enforcing VSIZE limit (hard limit, stack expansion will fail with SIGSEGV, brk() and mmap() will return ENOMEM): 16828416 KiB
Linux 4.4.0-22000-Microsoft
solver pid=2719, runsolver pid=2717
Current StackSize limit: 8192 KiB


[startup+0.100342 s]*
/proc/loadavg: 0.52 0.58 0.59 3/13 2720
/proc/meminfo: memFree=11629924/16587228 swapFree=50194052/50331648
Current children cumulated CPU time: 0 s
Current children cumulated vsize: 0 KiB
Current children cumulated memory: 0 KiB

[startup+0.201405 s]*
/proc/loadavg: 0.52 0.58 0.59 3/14 2721
/proc/meminfo: memFree=11625772/16587228 swapFree=50194052/50331648
Current children cumulated CPU time: 0 s
Current children cumulated vsize: 0 KiB
Current children cumulated memory: 0 KiB

[startup+0.30153 s]*
/proc/loadavg: 0.52 0.58 0.59 2/13 2721
/proc/meminfo: memFree=11633072/16587228 swapFree=50194052/50331648
Current children cumulated CPU time: 0 s
Current children cumulated vsize: 0 KiB
Current children cumulated memory: 0 KiB

[startup+0.700294 s]
/proc/loadavg: 0.52 0.58 0.59 2/13 2721
/proc/meminfo: memFree=11633072/16587228 swapFree=50194052/50331648
Current children cumulated CPU time: 0 s
Current children cumulated vsize: 0 KiB
Current children cumulated memory: 0 KiB

[startup+1.50037 s]
/proc/loadavg: 0.52 0.58 0.59 2/13 2721
/proc/meminfo: memFree=11635100/16587228 swapFree=50194052/50331648
Current children cumulated CPU time: 0 s
Current children cumulated vsize: 0 KiB
Current children cumulated memory: 0 KiB

[startup+3.10296 s]
/proc/loadavg: 0.52 0.58 0.59 3/13 2721
/proc/meminfo: memFree=11627780/16587228 swapFree=50194052/50331648
Current children cumulated CPU time: 0 s
Current children cumulated vsize: 0 KiB
Current children cumulated memory: 0 KiB
heavy processes:

[startup+6.30026 s]
/proc/loadavg: 0.52 0.58 0.59 3/13 2721
/proc/meminfo: memFree=11632764/16587228 swapFree=50194052/50331648
Current children cumulated CPU time: 0 s
Current children cumulated vsize: 0 KiB
Current children cumulated memory: 0 KiB
heavy processes:

[startup+6.95515 s]
# the end of solver process 2719 was just reported to runsolver
# cumulated CPU time of all completed processes:  user=6.71875 s, system=0.234375 s

Solver just ended.
??? end of watcher thread
Dumping a history of the last processes samples

[startup+6.401 s]
/proc/loadavg: 0.52 0.58 0.59 3/13 2721
/proc/meminfo: memFree=11632784/16587228 swapFree=50194052/50331648
Current children cumulated CPU time: 0 s
Current children cumulated vsize: 0 KiB
Current children cumulated memory: 0 KiB

[startup+6.80015 s]
/proc/loadavg: 0.52 0.58 0.59 3/13 2721
/proc/meminfo: memFree=11632784/16587228 swapFree=50194052/50331648
Current children cumulated CPU time: 0 s
Current children cumulated vsize: 0 KiB
Current children cumulated memory: 0 KiB

[startup+6.90037 s]
/proc/loadavg: 0.52 0.58 0.59 3/13 2721
/proc/meminfo: memFree=11632784/16587228 swapFree=50194052/50331648
Current children cumulated CPU time: 0 s
Current children cumulated vsize: 0 KiB
Current children cumulated memory: 0 KiB

Child status: 0
Real time (s): 6.95518
CPU time (s): 6.95312
CPU user time (s): 6.71875
CPU system time (s): 0.234375
CPU usage (%): 99.9704
Max. virtual memory (cumulated for all children) (KiB): 0
Max. memory (cumulated for all children) (KiB): 0

getrusage(RUSAGE_CHILDREN,...) data:
user time used= 6.71875
system time used= 0.234375
maximum resident set size= 3892
integral shared memory size= 0
integral unshared data size= 0
integral unshared stack size= 0
page reclaims= 1046
page faults= 0
swaps= 0
block input operations= 0
block output operations= 0
messages sent= 0
messages received= 0
signals received= 0
voluntary context switches= 0
involuntary context switches= 0


# summary of solver processes directly reported to runsolver:
#   pid: 2719
#   total CPU time (s): 6.95312
#   total CPU user time (s): 6.71875
#   total CPU system time (s): 0.234375

??? end of timestamper thread
runsolver used 0 second user time and 0.015625 second system time

The end
