runsolver version 3.4.0 (svn: 3018) Copyright (C) 2010-2013 Olivier ROUSSEL

This program is distributed in the hope that it will be useful,
but WITHOUT ANY WARRANTY; without even the implied warranty of
MERCHANTABILITY or FITNESS FOR A PARTICULAR PURPOSE.  See the
GNU General Public License for more details.

command line: /home/kunalan/runsolver/src/runsolver -C 1200 -W 1200 --vsize-limit 16384 -w results_nprc/nprc_newground_random_1200_60_watch.log --var results_nprc/nprc_newground_random_1200_60_values.log python3 ../newground2.py ../instances/benchmark_instances/encodings/nprc_newground.lp ../instances/benchmark_instances/graphs/random_1200_60.lp 

running on 8 cores: 0-7

Enforcing CPUTime limit (soft limit, will send SIGTERM then SIGKILL): 1200 seconds
Enforcing CPUTime limit (hard limit, will send SIGXCPU): 1230 seconds
Enforcing wall clock limit (soft limit, will send SIGTERM then SIGKILL): 1200 seconds
Enforcing VSIZE limit (soft limit, will send SIGTERM then SIGKILL): 16777216 KiB
Enforcing VSIZE limit (hard limit, stack expansion will fail with SIGSEGV, brk() and mmap() will return ENOMEM): 16828416 KiB
Linux 4.4.0-22000-Microsoft
solver pid=3477, runsolver pid=3475
Current StackSize limit: 8192 KiB


[startup+0.100419 s]*
/proc/loadavg: 0.52 0.58 0.59 2/13 3478
/proc/meminfo: memFree=11527116/16587228 swapFree=50202276/50331648
Current children cumulated CPU time: 0 s
Current children cumulated vsize: 0 KiB
Current children cumulated memory: 0 KiB

[startup+0.201192 s]*
/proc/loadavg: 0.52 0.58 0.59 2/13 3478
/proc/meminfo: memFree=11515840/16587228 swapFree=50202276/50331648
Current children cumulated CPU time: 0 s
Current children cumulated vsize: 0 KiB
Current children cumulated memory: 0 KiB

[startup+0.301085 s]*
/proc/loadavg: 0.52 0.58 0.59 2/13 3478
/proc/meminfo: memFree=11504240/16587228 swapFree=50202276/50331648
Current children cumulated CPU time: 0 s
Current children cumulated vsize: 0 KiB
Current children cumulated memory: 0 KiB

[startup+0.700392 s]
/proc/loadavg: 0.52 0.58 0.59 2/13 3478
/proc/meminfo: memFree=11504060/16587228 swapFree=50202276/50331648
Current children cumulated CPU time: 0 s
Current children cumulated vsize: 0 KiB
Current children cumulated memory: 0 KiB

[startup+1.50018 s]
/proc/loadavg: 0.52 0.58 0.59 2/13 3478
/proc/meminfo: memFree=11501408/16587228 swapFree=50202276/50331648
Current children cumulated CPU time: 0 s
Current children cumulated vsize: 0 KiB
Current children cumulated memory: 0 KiB

[startup+3.10126 s]
/proc/loadavg: 0.52 0.58 0.59 2/13 3478
/proc/meminfo: memFree=11500368/16587228 swapFree=50202276/50331648
Current children cumulated CPU time: 0 s
Current children cumulated vsize: 0 KiB
Current children cumulated memory: 0 KiB
heavy processes:

[startup+6.3005 s]
/proc/loadavg: 0.52 0.58 0.59 2/13 3478
/proc/meminfo: memFree=11500080/16587228 swapFree=50202276/50331648
Current children cumulated CPU time: 0 s
Current children cumulated vsize: 0 KiB
Current children cumulated memory: 0 KiB
heavy processes:

[startup+12.7003 s]
/proc/loadavg: 0.52 0.58 0.59 2/13 3478
/proc/meminfo: memFree=11499332/16587228 swapFree=50202276/50331648
Current children cumulated CPU time: 0 s
Current children cumulated vsize: 0 KiB
Current children cumulated memory: 0 KiB
heavy processes:

[startup+25.5004 s]
/proc/loadavg: 0.52 0.58 0.59 2/13 3478
/proc/meminfo: memFree=11477572/16587228 swapFree=50202276/50331648
Current children cumulated CPU time: 0 s
Current children cumulated vsize: 0 KiB
Current children cumulated memory: 0 KiB
heavy processes:

[startup+51.101 s]
/proc/loadavg: 0.52 0.58 0.59 2/13 3478
/proc/meminfo: memFree=11509548/16587228 swapFree=50202276/50331648
Current children cumulated CPU time: 0 s
Current children cumulated vsize: 0 KiB
Current children cumulated memory: 0 KiB
heavy processes:

[startup+102.3 s]
/proc/loadavg: 0.52 0.58 0.59 2/13 3478
/proc/meminfo: memFree=11455744/16587228 swapFree=50202276/50331648
Current children cumulated CPU time: 0 s
Current children cumulated vsize: 0 KiB
Current children cumulated memory: 0 KiB
heavy processes:

[startup+162.3 s]
/proc/loadavg: 0.52 0.58 0.59 2/13 3478
/proc/meminfo: memFree=11446360/16587228 swapFree=50202280/50331648
Current children cumulated CPU time: 0 s
Current children cumulated vsize: 0 KiB
Current children cumulated memory: 0 KiB
heavy processes:

[startup+222.3 s]
/proc/loadavg: 0.52 0.58 0.59 2/13 3478
/proc/meminfo: memFree=11414268/16587228 swapFree=50202280/50331648
Current children cumulated CPU time: 0 s
Current children cumulated vsize: 0 KiB
Current children cumulated memory: 0 KiB
heavy processes:

[startup+282.3 s]
/proc/loadavg: 0.52 0.58 0.59 2/13 3478
/proc/meminfo: memFree=11262464/16587228 swapFree=50202280/50331648
Current children cumulated CPU time: 0 s
Current children cumulated vsize: 0 KiB
Current children cumulated memory: 0 KiB
heavy processes:

[startup+300.365 s]
# the end of solver process 3477 was just reported to runsolver
# cumulated CPU time of all completed processes:  user=299.453 s, system=0.8125 s

Solver just ended.
??? end of watcher thread
Dumping a history of the last processes samples

[startup+288.001 s]*
/proc/loadavg: 0.52 0.58 0.59 2/13 3478
/proc/meminfo: memFree=11264056/16587228 swapFree=50202280/50331648
Current children cumulated CPU time: 0 s
Current children cumulated vsize: 0 KiB
Current children cumulated memory: 0 KiB

[startup+294.4 s]
/proc/loadavg: 0.52 0.58 0.59 2/13 3478
/proc/meminfo: memFree=11264464/16587228 swapFree=50202280/50331648
Current children cumulated CPU time: 0 s
Current children cumulated vsize: 0 KiB
Current children cumulated memory: 0 KiB

[startup+297.6 s]
/proc/loadavg: 0.52 0.58 0.59 2/13 3478
/proc/meminfo: memFree=11264652/16587228 swapFree=50202280/50331648
Current children cumulated CPU time: 0 s
Current children cumulated vsize: 0 KiB
Current children cumulated memory: 0 KiB

[startup+299.2 s]
/proc/loadavg: 0.52 0.58 0.59 2/13 3478
/proc/meminfo: memFree=11264856/16587228 swapFree=50202280/50331648
Current children cumulated CPU time: 0 s
Current children cumulated vsize: 0 KiB
Current children cumulated memory: 0 KiB

[startup+300 s]*
/proc/loadavg: 0.52 0.58 0.59 2/13 3478
/proc/meminfo: memFree=11265088/16587228 swapFree=50202280/50331648
Current children cumulated CPU time: 0 s
Current children cumulated vsize: 0 KiB
Current children cumulated memory: 0 KiB

[startup+300.2 s]
/proc/loadavg: 0.52 0.58 0.59 2/13 3478
/proc/meminfo: memFree=11265088/16587228 swapFree=50202280/50331648
Current children cumulated CPU time: 0 s
Current children cumulated vsize: 0 KiB
Current children cumulated memory: 0 KiB

[startup+300.301 s]
/proc/loadavg: 0.52 0.58 0.59 2/13 3478
/proc/meminfo: memFree=11265088/16587228 swapFree=50202280/50331648
Current children cumulated CPU time: 0 s
Current children cumulated vsize: 0 KiB
Current children cumulated memory: 0 KiB

Child status: 0
Real time (s): 300.365
CPU time (s): 300.266
CPU user time (s): 299.453
CPU system time (s): 0.8125
CPU usage (%): 99.9668
Max. virtual memory (cumulated for all children) (KiB): 0
Max. memory (cumulated for all children) (KiB): 0

getrusage(RUSAGE_CHILDREN,...) data:
user time used= 299.453
system time used= 0.8125
maximum resident set size= 369784
integral shared memory size= 0
integral unshared data size= 0
integral unshared stack size= 0
page reclaims= 122664
page faults= 0
swaps= 0
block input operations= 0
block output operations= 0
messages sent= 0
messages received= 0
signals received= 0
voluntary context switches= 0
involuntary context switches= 0


# summary of solver processes directly reported to runsolver:
#   pid: 3477
#   total CPU time (s): 300.266
#   total CPU user time (s): 299.453
#   total CPU system time (s): 0.8125

??? end of timestamper thread
runsolver used 0 second user time and 0 second system time

The end
