runsolver version 3.4.0 (svn: 3018) Copyright (C) 2010-2013 Olivier ROUSSEL

This program is distributed in the hope that it will be useful,
but WITHOUT ANY WARRANTY; without even the implied warranty of
MERCHANTABILITY or FITNESS FOR A PARTICULAR PURPOSE.  See the
GNU General Public License for more details.

command line: /home/kunalan/runsolver/src/runsolver -C 1200 -W 1200 --vsize-limit 16384 -w results_nprc/nprc_gringo_random_100_20_watch.log --var results_nprc/nprc_gringo_random_100_20_values.log gringo --verbose=2 --output text ../instances/benchmark_instances/encodings/nprc_gringo.lp ../instances/benchmark_instances/graphs/random_100_20.lp 

running on 8 cores: 0-7

Enforcing CPUTime limit (soft limit, will send SIGTERM then SIGKILL): 1200 seconds
Enforcing CPUTime limit (hard limit, will send SIGXCPU): 1230 seconds
Enforcing wall clock limit (soft limit, will send SIGTERM then SIGKILL): 1200 seconds
Enforcing VSIZE limit (soft limit, will send SIGTERM then SIGKILL): 16777216 KiB
Enforcing VSIZE limit (hard limit, stack expansion will fail with SIGSEGV, brk() and mmap() will return ENOMEM): 16828416 KiB
Linux 4.4.0-22000-Microsoft
solver pid=236, runsolver pid=234
Current StackSize limit: 8192 KiB


[startup+0.100501 s]*
/proc/loadavg: 0.52 0.58 0.59 3/13 237
/proc/meminfo: memFree=13113300/16587228 swapFree=49955396/50331648
Current children cumulated CPU time: 0 s
Current children cumulated vsize: 0 KiB
Current children cumulated memory: 0 KiB

[startup+0.201371 s]*
/proc/loadavg: 0.52 0.58 0.59 2/13 237
/proc/meminfo: memFree=13114036/16587228 swapFree=49955396/50331648
Current children cumulated CPU time: 0 s
Current children cumulated vsize: 0 KiB
Current children cumulated memory: 0 KiB

[startup+0.301096 s]*
/proc/loadavg: 0.52 0.58 0.59 2/13 237
/proc/meminfo: memFree=13114032/16587228 swapFree=49955396/50331648
Current children cumulated CPU time: 0 s
Current children cumulated vsize: 0 KiB
Current children cumulated memory: 0 KiB

[startup+0.700123 s]
/proc/loadavg: 0.52 0.58 0.59 2/13 237
/proc/meminfo: memFree=13114032/16587228 swapFree=49955396/50331648
Current children cumulated CPU time: 0 s
Current children cumulated vsize: 0 KiB
Current children cumulated memory: 0 KiB

[startup+1.50009 s]
/proc/loadavg: 0.52 0.58 0.59 2/13 237
/proc/meminfo: memFree=13113924/16587228 swapFree=49955404/50331648
Current children cumulated CPU time: 0 s
Current children cumulated vsize: 0 KiB
Current children cumulated memory: 0 KiB

[startup+3.1012 s]
/proc/loadavg: 0.52 0.58 0.59 3/13 237
/proc/meminfo: memFree=13113716/16587228 swapFree=49955488/50331648
Current children cumulated CPU time: 0 s
Current children cumulated vsize: 0 KiB
Current children cumulated memory: 0 KiB
heavy processes:

[startup+6.30047 s]
/proc/loadavg: 0.52 0.58 0.59 3/13 237
/proc/meminfo: memFree=13113716/16587228 swapFree=49955488/50331648
Current children cumulated CPU time: 0 s
Current children cumulated vsize: 0 KiB
Current children cumulated memory: 0 KiB
heavy processes:

[startup+12.7004 s]
/proc/loadavg: 0.52 0.58 0.59 2/13 238
/proc/meminfo: memFree=13113684/16587228 swapFree=49955488/50331648
Current children cumulated CPU time: 0 s
Current children cumulated vsize: 0 KiB
Current children cumulated memory: 0 KiB
heavy processes:

[startup+25.5003 s]
/proc/loadavg: 0.52 0.58 0.59 2/13 238
/proc/meminfo: memFree=13109480/16587228 swapFree=49955488/50331648
Current children cumulated CPU time: 0 s
Current children cumulated vsize: 0 KiB
Current children cumulated memory: 0 KiB
heavy processes:

[startup+32.2936 s]
# the end of solver process 236 was just reported to runsolver
# cumulated CPU time of all completed processes:  user=31.2969 s, system=0.953125 s

Solver just ended.
??? end of watcher thread
Dumping a history of the last processes samples

[startup+25.601 s]
/proc/loadavg: 0.52 0.58 0.59 2/13 238
/proc/meminfo: memFree=13109496/16587228 swapFree=49955488/50331648
Current children cumulated CPU time: 0 s
Current children cumulated vsize: 0 KiB
Current children cumulated memory: 0 KiB

[startup+28.8002 s]
/proc/loadavg: 0.52 0.58 0.59 2/13 238
/proc/meminfo: memFree=13109524/16587228 swapFree=49955488/50331648
Current children cumulated CPU time: 0 s
Current children cumulated vsize: 0 KiB
Current children cumulated memory: 0 KiB

[startup+30.4001 s]
/proc/loadavg: 0.52 0.58 0.59 2/13 238
/proc/meminfo: memFree=13109644/16587228 swapFree=49955488/50331648
Current children cumulated CPU time: 0 s
Current children cumulated vsize: 0 KiB
Current children cumulated memory: 0 KiB

[startup+31.2001 s]
/proc/loadavg: 0.52 0.58 0.59 2/13 239
/proc/meminfo: memFree=13109836/16587228 swapFree=49955488/50331648
Current children cumulated CPU time: 0 s
Current children cumulated vsize: 0 KiB
Current children cumulated memory: 0 KiB

[startup+32.0002 s]*
/proc/loadavg: 0.52 0.58 0.59 2/13 239
/proc/meminfo: memFree=13109904/16587228 swapFree=49955488/50331648
Current children cumulated CPU time: 0 s
Current children cumulated vsize: 0 KiB
Current children cumulated memory: 0 KiB

[startup+32.2005 s]
/proc/loadavg: 0.52 0.58 0.59 2/13 239
/proc/meminfo: memFree=13109904/16587228 swapFree=49955488/50331648
Current children cumulated CPU time: 0 s
Current children cumulated vsize: 0 KiB
Current children cumulated memory: 0 KiB

Child status: 0
Real time (s): 32.2937
CPU time (s): 32.25
CPU user time (s): 31.2969
CPU system time (s): 0.953125
CPU usage (%): 99.8647
Max. virtual memory (cumulated for all children) (KiB): 0
Max. memory (cumulated for all children) (KiB): 0

getrusage(RUSAGE_CHILDREN,...) data:
user time used= 31.2969
system time used= 0.953125
maximum resident set size= 4492
integral shared memory size= 0
integral unshared data size= 0
integral unshared stack size= 0
page reclaims= 1243
page faults= 0
swaps= 0
block input operations= 0
block output operations= 0
messages sent= 0
messages received= 0
signals received= 0
voluntary context switches= 0
involuntary context switches= 0


# summary of solver processes directly reported to runsolver:
#   pid: 236
#   total CPU time (s): 32.25
#   total CPU user time (s): 31.2969
#   total CPU system time (s): 0.953125

??? end of timestamper thread
runsolver used 0 second user time and 0.015625 second system time

The end
