runsolver version 3.4.0 (svn: 3018) Copyright (C) 2010-2013 Olivier ROUSSEL

This program is distributed in the hope that it will be useful,
but WITHOUT ANY WARRANTY; without even the implied warranty of
MERCHANTABILITY or FITNESS FOR A PARTICULAR PURPOSE.  See the
GNU General Public License for more details.

command line: /home/kunalan/runsolver/src/runsolver -C 1200 -W 1200 --vsize-limit 16384 -w results_nprc/nprc_gringo_random_50_100_watch.log --var results_nprc/nprc_gringo_random_50_100_values.log gringo --verbose=2 --output text ../instances/benchmark_instances/encodings/nprc_gringo.lp ../instances/benchmark_instances/graphs/random_50_100.lp 

running on 8 cores: 0-7

Enforcing CPUTime limit (soft limit, will send SIGTERM then SIGKILL): 1200 seconds
Enforcing CPUTime limit (hard limit, will send SIGXCPU): 1230 seconds
Enforcing wall clock limit (soft limit, will send SIGTERM then SIGKILL): 1200 seconds
Enforcing VSIZE limit (soft limit, will send SIGTERM then SIGKILL): 16777216 KiB
Enforcing VSIZE limit (hard limit, stack expansion will fail with SIGSEGV, brk() and mmap() will return ENOMEM): 16828416 KiB
Linux 4.4.0-22000-Microsoft
solver pid=2612, runsolver pid=2610
Current StackSize limit: 8192 KiB


[startup+0.100306 s]*
/proc/loadavg: 0.52 0.58 0.59 3/13 2613
/proc/meminfo: memFree=11730928/16587228 swapFree=50193996/50331648
Current children cumulated CPU time: 0 s
Current children cumulated vsize: 0 KiB
Current children cumulated memory: 0 KiB

[startup+0.201413 s]*
/proc/loadavg: 0.52 0.58 0.59 2/13 2613
/proc/meminfo: memFree=11730840/16587228 swapFree=50193996/50331648
Current children cumulated CPU time: 0 s
Current children cumulated vsize: 0 KiB
Current children cumulated memory: 0 KiB

[startup+0.301229 s]*
/proc/loadavg: 0.52 0.58 0.59 2/13 2613
/proc/meminfo: memFree=11730840/16587228 swapFree=50193996/50331648
Current children cumulated CPU time: 0 s
Current children cumulated vsize: 0 KiB
Current children cumulated memory: 0 KiB

[startup+0.700084 s]
/proc/loadavg: 0.52 0.58 0.59 2/13 2613
/proc/meminfo: memFree=11719876/16587228 swapFree=50193996/50331648
Current children cumulated CPU time: 0 s
Current children cumulated vsize: 0 KiB
Current children cumulated memory: 0 KiB

[startup+1.5004 s]
/proc/loadavg: 0.52 0.58 0.59 2/13 2614
/proc/meminfo: memFree=11723092/16587228 swapFree=50193996/50331648
Current children cumulated CPU time: 0 s
Current children cumulated vsize: 0 KiB
Current children cumulated memory: 0 KiB

[startup+3.10097 s]
/proc/loadavg: 0.52 0.58 0.59 3/13 2615
/proc/meminfo: memFree=11724340/16587228 swapFree=50193996/50331648
Current children cumulated CPU time: 0 s
Current children cumulated vsize: 0 KiB
Current children cumulated memory: 0 KiB
heavy processes:

[startup+6.30026 s]
/proc/loadavg: 0.52 0.58 0.59 3/13 2617
/proc/meminfo: memFree=11723196/16587228 swapFree=50194000/50331648
Current children cumulated CPU time: 0 s
Current children cumulated vsize: 0 KiB
Current children cumulated memory: 0 KiB
heavy processes:

[startup+9.24455 s]
# the end of solver process 2612 was just reported to runsolver
# cumulated CPU time of all completed processes:  user=8.95312 s, system=0.265625 s

Solver just ended.
??? end of watcher thread
Dumping a history of the last processes samples

[startup+6.40088 s]
/proc/loadavg: 0.52 0.58 0.59 2/13 2617
/proc/meminfo: memFree=11723268/16587228 swapFree=50194000/50331648
Current children cumulated CPU time: 0 s
Current children cumulated vsize: 0 KiB
Current children cumulated memory: 0 KiB

[startup+8.00028 s]*
/proc/loadavg: 0.52 0.58 0.59 3/13 2618
/proc/meminfo: memFree=11721592/16587228 swapFree=50194000/50331648
Current children cumulated CPU time: 0 s
Current children cumulated vsize: 0 KiB
Current children cumulated memory: 0 KiB

[startup+8.80027 s]
/proc/loadavg: 0.52 0.58 0.59 3/13 2618
/proc/meminfo: memFree=11721592/16587228 swapFree=50194000/50331648
Current children cumulated CPU time: 0 s
Current children cumulated vsize: 0 KiB
Current children cumulated memory: 0 KiB

[startup+9.20025 s]
/proc/loadavg: 0.52 0.58 0.59 3/13 2618
/proc/meminfo: memFree=11721464/16587228 swapFree=50194000/50331648
Current children cumulated CPU time: 0 s
Current children cumulated vsize: 0 KiB
Current children cumulated memory: 0 KiB

Child status: 0
Real time (s): 9.2446
CPU time (s): 9.21875
CPU user time (s): 8.95312
CPU system time (s): 0.265625
CPU usage (%): 99.7203
Max. virtual memory (cumulated for all children) (KiB): 0
Max. memory (cumulated for all children) (KiB): 0

getrusage(RUSAGE_CHILDREN,...) data:
user time used= 8.95312
system time used= 0.265625
maximum resident set size= 4000
integral shared memory size= 0
integral unshared data size= 0
integral unshared stack size= 0
page reclaims= 1072
page faults= 0
swaps= 0
block input operations= 0
block output operations= 0
messages sent= 0
messages received= 0
signals received= 0
voluntary context switches= 0
involuntary context switches= 0


# summary of solver processes directly reported to runsolver:
#   pid: 2612
#   total CPU time (s): 9.21875
#   total CPU user time (s): 8.95312
#   total CPU system time (s): 0.265625

??? end of timestamper thread
runsolver used 0 second user time and 0.03125 second system time

The end
