runsolver version 3.4.0 (svn: 3018) Copyright (C) 2010-2013 Olivier ROUSSEL

This program is distributed in the hope that it will be useful,
but WITHOUT ANY WARRANTY; without even the implied warranty of
MERCHANTABILITY or FITNESS FOR A PARTICULAR PURPOSE.  See the
GNU General Public License for more details.

command line: /home/kunalan/runsolver/src/runsolver -C 1200 -W 1200 --vsize-limit 16384 -w results_nprc/nprc_newground2_random_200_50_watch.log --var results_nprc/nprc_newground2_random_200_50_values.log python3 ../newground2.py ../instances/benchmark_instances/encodings/nprc_newground2.lp ../instances/benchmark_instances/graphs/random_200_50.lp 

running on 8 cores: 0-7

Enforcing CPUTime limit (soft limit, will send SIGTERM then SIGKILL): 1200 seconds
Enforcing CPUTime limit (hard limit, will send SIGXCPU): 1230 seconds
Enforcing wall clock limit (soft limit, will send SIGTERM then SIGKILL): 1200 seconds
Enforcing VSIZE limit (soft limit, will send SIGTERM then SIGKILL): 16777216 KiB
Enforcing VSIZE limit (hard limit, stack expansion will fail with SIGSEGV, brk() and mmap() will return ENOMEM): 16828416 KiB
Linux 4.4.0-22000-Microsoft
solver pid=876, runsolver pid=874
Current StackSize limit: 8192 KiB


[startup+0.100364 s]*
/proc/loadavg: 0.52 0.58 0.59 2/13 877
/proc/meminfo: memFree=12227696/16587228 swapFree=50163248/50331648
Current children cumulated CPU time: 0 s
Current children cumulated vsize: 0 KiB
Current children cumulated memory: 0 KiB

[startup+0.201086 s]*
/proc/loadavg: 0.52 0.58 0.59 2/13 877
/proc/meminfo: memFree=12215760/16587228 swapFree=50163248/50331648
Current children cumulated CPU time: 0 s
Current children cumulated vsize: 0 KiB
Current children cumulated memory: 0 KiB

[startup+0.300923 s]*
/proc/loadavg: 0.52 0.58 0.59 2/13 877
/proc/meminfo: memFree=12213304/16587228 swapFree=50163248/50331648
Current children cumulated CPU time: 0 s
Current children cumulated vsize: 0 KiB
Current children cumulated memory: 0 KiB

[startup+0.700422 s]
/proc/loadavg: 0.52 0.58 0.59 2/13 877
/proc/meminfo: memFree=12206080/16587228 swapFree=50163248/50331648
Current children cumulated CPU time: 0 s
Current children cumulated vsize: 0 KiB
Current children cumulated memory: 0 KiB

[startup+1.50037 s]
/proc/loadavg: 0.52 0.58 0.59 2/13 877
/proc/meminfo: memFree=12206580/16587228 swapFree=50163248/50331648
Current children cumulated CPU time: 0 s
Current children cumulated vsize: 0 KiB
Current children cumulated memory: 0 KiB

[startup+3.10088 s]
/proc/loadavg: 0.52 0.58 0.59 2/13 877
/proc/meminfo: memFree=12212216/16587228 swapFree=50163252/50331648
Current children cumulated CPU time: 0 s
Current children cumulated vsize: 0 KiB
Current children cumulated memory: 0 KiB
heavy processes:

[startup+6.30037 s]
/proc/loadavg: 0.52 0.58 0.59 2/13 877
/proc/meminfo: memFree=12210668/16587228 swapFree=50163252/50331648
Current children cumulated CPU time: 0 s
Current children cumulated vsize: 0 KiB
Current children cumulated memory: 0 KiB
heavy processes:

[startup+12.7002 s]
/proc/loadavg: 0.52 0.58 0.59 2/13 877
/proc/meminfo: memFree=12211120/16587228 swapFree=50163252/50331648
Current children cumulated CPU time: 0 s
Current children cumulated vsize: 0 KiB
Current children cumulated memory: 0 KiB
heavy processes:

[startup+25.5004 s]
/proc/loadavg: 0.52 0.58 0.59 2/13 878
/proc/meminfo: memFree=12209900/16587228 swapFree=50163252/50331648
Current children cumulated CPU time: 0 s
Current children cumulated vsize: 0 KiB
Current children cumulated memory: 0 KiB
heavy processes:

[startup+51.101 s]
/proc/loadavg: 0.52 0.58 0.59 2/13 880
/proc/meminfo: memFree=12201240/16587228 swapFree=50163252/50331648
Current children cumulated CPU time: 0 s
Current children cumulated vsize: 0 KiB
Current children cumulated memory: 0 KiB
heavy processes:

[startup+102.3 s]
/proc/loadavg: 0.52 0.58 0.59 2/13 880
/proc/meminfo: memFree=12103280/16587228 swapFree=50163256/50331648
Current children cumulated CPU time: 0 s
Current children cumulated vsize: 0 KiB
Current children cumulated memory: 0 KiB
heavy processes:

[startup+132.412 s]
# the end of solver process 876 was just reported to runsolver
# cumulated CPU time of all completed processes:  user=131.875 s, system=0.46875 s

Solver just ended.
??? end of watcher thread
Dumping a history of the last processes samples

[startup+102.401 s]
/proc/loadavg: 0.52 0.58 0.59 2/13 880
/proc/meminfo: memFree=12105080/16587228 swapFree=50163256/50331648
Current children cumulated CPU time: 0 s
Current children cumulated vsize: 0 KiB
Current children cumulated memory: 0 KiB

[startup+115.2 s]
/proc/loadavg: 0.52 0.58 0.59 2/13 880
/proc/meminfo: memFree=12104344/16587228 swapFree=50163256/50331648
Current children cumulated CPU time: 0 s
Current children cumulated vsize: 0 KiB
Current children cumulated memory: 0 KiB

[startup+121.601 s]
/proc/loadavg: 0.52 0.58 0.59 2/13 881
/proc/meminfo: memFree=12101312/16587228 swapFree=50163256/50331648
Current children cumulated CPU time: 0 s
Current children cumulated vsize: 0 KiB
Current children cumulated memory: 0 KiB

[startup+128 s]*
/proc/loadavg: 0.52 0.58 0.59 2/13 881
/proc/meminfo: memFree=12099852/16587228 swapFree=50163256/50331648
Current children cumulated CPU time: 0 s
Current children cumulated vsize: 0 KiB
Current children cumulated memory: 0 KiB

[startup+129.6 s]
/proc/loadavg: 0.52 0.58 0.59 2/13 881
/proc/meminfo: memFree=12099512/16587228 swapFree=50163256/50331648
Current children cumulated CPU time: 0 s
Current children cumulated vsize: 0 KiB
Current children cumulated memory: 0 KiB

[startup+131.201 s]
/proc/loadavg: 0.52 0.58 0.59 2/13 881
/proc/meminfo: memFree=12099632/16587228 swapFree=50163256/50331648
Current children cumulated CPU time: 0 s
Current children cumulated vsize: 0 KiB
Current children cumulated memory: 0 KiB

[startup+132 s]*
/proc/loadavg: 0.52 0.58 0.59 2/13 881
/proc/meminfo: memFree=12098732/16587228 swapFree=50163256/50331648
Current children cumulated CPU time: 0 s
Current children cumulated vsize: 0 KiB
Current children cumulated memory: 0 KiB

[startup+132.4 s]
/proc/loadavg: 0.52 0.58 0.59 2/13 881
/proc/meminfo: memFree=12098732/16587228 swapFree=50163256/50331648
Current children cumulated CPU time: 0 s
Current children cumulated vsize: 0 KiB
Current children cumulated memory: 0 KiB

Child status: 1
Real time (s): 132.413
CPU time (s): 132.344
CPU user time (s): 131.875
CPU system time (s): 0.46875
CPU usage (%): 99.948
Max. virtual memory (cumulated for all children) (KiB): 0
Max. memory (cumulated for all children) (KiB): 0

getrusage(RUSAGE_CHILDREN,...) data:
user time used= 131.875
system time used= 0.46875
maximum resident set size= 64852
integral shared memory size= 0
integral unshared data size= 0
integral unshared stack size= 0
page reclaims= 106982
page faults= 0
swaps= 0
block input operations= 0
block output operations= 0
messages sent= 0
messages received= 0
signals received= 0
voluntary context switches= 0
involuntary context switches= 0


# summary of solver processes directly reported to runsolver:
#   pid: 876
#   total CPU time (s): 132.344
#   total CPU user time (s): 131.875
#   total CPU system time (s): 0.46875

??? end of timestamper thread
runsolver used 0 second user time and 0 second system time

The end
