runsolver version 3.4.0 (svn: 3018) Copyright (C) 2010-2013 Olivier ROUSSEL

This program is distributed in the hope that it will be useful,
but WITHOUT ANY WARRANTY; without even the implied warranty of
MERCHANTABILITY or FITNESS FOR A PARTICULAR PURPOSE.  See the
GNU General Public License for more details.

command line: /home/kunalan/runsolver/src/runsolver -C 1200 -W 1200 --vsize-limit 16384 -w results_nprc/nprc_newground2_random_200_60_watch.log --var results_nprc/nprc_newground2_random_200_60_values.log python3 ../newground2.py ../instances/benchmark_instances/encodings/nprc_newground2.lp ../instances/benchmark_instances/graphs/random_200_60.lp 

running on 8 cores: 0-7

Enforcing CPUTime limit (soft limit, will send SIGTERM then SIGKILL): 1200 seconds
Enforcing CPUTime limit (hard limit, will send SIGXCPU): 1230 seconds
Enforcing wall clock limit (soft limit, will send SIGTERM then SIGKILL): 1200 seconds
Enforcing VSIZE limit (soft limit, will send SIGTERM then SIGKILL): 16777216 KiB
Enforcing VSIZE limit (hard limit, stack expansion will fail with SIGSEGV, brk() and mmap() will return ENOMEM): 16828416 KiB
Linux 4.4.0-22000-Microsoft
solver pid=903, runsolver pid=901
Current StackSize limit: 8192 KiB


[startup+0.100417 s]*
/proc/loadavg: 0.52 0.58 0.59 2/13 904
/proc/meminfo: memFree=12215876/16587228 swapFree=50163336/50331648
Current children cumulated CPU time: 0 s
Current children cumulated vsize: 0 KiB
Current children cumulated memory: 0 KiB

[startup+0.201262 s]*
/proc/loadavg: 0.52 0.58 0.59 2/13 904
/proc/meminfo: memFree=12201188/16587228 swapFree=50163336/50331648
Current children cumulated CPU time: 0 s
Current children cumulated vsize: 0 KiB
Current children cumulated memory: 0 KiB

[startup+0.30187 s]*
/proc/loadavg: 0.52 0.58 0.59 2/13 904
/proc/meminfo: memFree=12198140/16587228 swapFree=50163336/50331648
Current children cumulated CPU time: 0 s
Current children cumulated vsize: 0 KiB
Current children cumulated memory: 0 KiB

[startup+0.700482 s]
/proc/loadavg: 0.52 0.58 0.59 2/13 904
/proc/meminfo: memFree=12198124/16587228 swapFree=50163336/50331648
Current children cumulated CPU time: 0 s
Current children cumulated vsize: 0 KiB
Current children cumulated memory: 0 KiB

[startup+1.50022 s]
/proc/loadavg: 0.52 0.58 0.59 2/13 904
/proc/meminfo: memFree=12199412/16587228 swapFree=50163336/50331648
Current children cumulated CPU time: 0 s
Current children cumulated vsize: 0 KiB
Current children cumulated memory: 0 KiB

[startup+3.10093 s]
/proc/loadavg: 0.52 0.58 0.59 2/13 904
/proc/meminfo: memFree=12206340/16587228 swapFree=50163336/50331648
Current children cumulated CPU time: 0 s
Current children cumulated vsize: 0 KiB
Current children cumulated memory: 0 KiB
heavy processes:

[startup+6.30054 s]
/proc/loadavg: 0.52 0.58 0.59 2/13 905
/proc/meminfo: memFree=12202792/16587228 swapFree=50163336/50331648
Current children cumulated CPU time: 0 s
Current children cumulated vsize: 0 KiB
Current children cumulated memory: 0 KiB
heavy processes:

[startup+12.7001 s]
/proc/loadavg: 0.52 0.58 0.59 2/13 905
/proc/meminfo: memFree=12197080/16587228 swapFree=50163336/50331648
Current children cumulated CPU time: 0 s
Current children cumulated vsize: 0 KiB
Current children cumulated memory: 0 KiB
heavy processes:

[startup+25.5005 s]
/proc/loadavg: 0.52 0.58 0.59 2/13 906
/proc/meminfo: memFree=12194688/16587228 swapFree=50163336/50331648
Current children cumulated CPU time: 0 s
Current children cumulated vsize: 0 KiB
Current children cumulated memory: 0 KiB
heavy processes:

[startup+51.1009 s]
/proc/loadavg: 0.52 0.58 0.59 2/13 907
/proc/meminfo: memFree=12183936/16587228 swapFree=50163336/50331648
Current children cumulated CPU time: 0 s
Current children cumulated vsize: 0 KiB
Current children cumulated memory: 0 KiB
heavy processes:

[startup+66.8064 s]
# the end of solver process 903 was just reported to runsolver
# cumulated CPU time of all completed processes:  user=66.6094 s, system=0.140625 s

Solver just ended.
??? end of watcher thread
Dumping a history of the last processes samples

[startup+51.2012 s]
/proc/loadavg: 0.52 0.58 0.59 3/14 908
/proc/meminfo: memFree=12184132/16587228 swapFree=50163336/50331648
Current children cumulated CPU time: 0 s
Current children cumulated vsize: 0 KiB
Current children cumulated memory: 0 KiB

[startup+57.6004 s]
/proc/loadavg: 0.52 0.58 0.59 2/13 908
/proc/meminfo: memFree=12186572/16587228 swapFree=50163336/50331648
Current children cumulated CPU time: 0 s
Current children cumulated vsize: 0 KiB
Current children cumulated memory: 0 KiB

[startup+60.8003 s]
/proc/loadavg: 0.52 0.58 0.59 2/13 908
/proc/meminfo: memFree=12180100/16587228 swapFree=50163336/50331648
Current children cumulated CPU time: 0 s
Current children cumulated vsize: 0 KiB
Current children cumulated memory: 0 KiB

[startup+64.0001 s]*
/proc/loadavg: 0.52 0.58 0.59 2/13 908
/proc/meminfo: memFree=12171124/16587228 swapFree=50163336/50331648
Current children cumulated CPU time: 0 s
Current children cumulated vsize: 0 KiB
Current children cumulated memory: 0 KiB

[startup+65.6004 s]
/proc/loadavg: 0.52 0.58 0.59 2/13 908
/proc/meminfo: memFree=12173624/16587228 swapFree=50163336/50331648
Current children cumulated CPU time: 0 s
Current children cumulated vsize: 0 KiB
Current children cumulated memory: 0 KiB

[startup+66.4001 s]
/proc/loadavg: 0.52 0.58 0.59 2/13 908
/proc/meminfo: memFree=12170584/16587228 swapFree=50163336/50331648
Current children cumulated CPU time: 0 s
Current children cumulated vsize: 0 KiB
Current children cumulated memory: 0 KiB

[startup+66.8003 s]
/proc/loadavg: 0.52 0.58 0.59 2/13 908
/proc/meminfo: memFree=12170584/16587228 swapFree=50163336/50331648
Current children cumulated CPU time: 0 s
Current children cumulated vsize: 0 KiB
Current children cumulated memory: 0 KiB

Child status: 1
Real time (s): 66.8065
CPU time (s): 66.75
CPU user time (s): 66.6094
CPU system time (s): 0.140625
CPU usage (%): 99.9154
Max. virtual memory (cumulated for all children) (KiB): 0
Max. memory (cumulated for all children) (KiB): 0

getrusage(RUSAGE_CHILDREN,...) data:
user time used= 66.6094
system time used= 0.140625
maximum resident set size= 46220
integral shared memory size= 0
integral unshared data size= 0
integral unshared stack size= 0
page reclaims= 32816
page faults= 0
swaps= 0
block input operations= 0
block output operations= 0
messages sent= 0
messages received= 0
signals received= 0
voluntary context switches= 0
involuntary context switches= 0


# summary of solver processes directly reported to runsolver:
#   pid: 903
#   total CPU time (s): 66.75
#   total CPU user time (s): 66.6094
#   total CPU system time (s): 0.140625

??? end of timestamper thread
runsolver used 0 second user time and 0 second system time

The end
