runsolver version 3.4.0 (svn: 3018) Copyright (C) 2010-2013 Olivier ROUSSEL

This program is distributed in the hope that it will be useful,
but WITHOUT ANY WARRANTY; without even the implied warranty of
MERCHANTABILITY or FITNESS FOR A PARTICULAR PURPOSE.  See the
GNU General Public License for more details.

command line: /home/kunalan/runsolver/src/runsolver -C 1200 -W 1200 --vsize-limit 16384 -w results_nprc/nprc_newground_random_1000_10_watch.log --var results_nprc/nprc_newground_random_1000_10_values.log python3 ../newground2.py ../instances/benchmark_instances/encodings/nprc_newground.lp ../instances/benchmark_instances/graphs/random_1000_10.lp 

running on 8 cores: 0-7

Enforcing CPUTime limit (soft limit, will send SIGTERM then SIGKILL): 1200 seconds
Enforcing CPUTime limit (hard limit, will send SIGXCPU): 1230 seconds
Enforcing wall clock limit (soft limit, will send SIGTERM then SIGKILL): 1200 seconds
Enforcing VSIZE limit (soft limit, will send SIGTERM then SIGKILL): 16777216 KiB
Enforcing VSIZE limit (hard limit, stack expansion will fail with SIGSEGV, brk() and mmap() will return ENOMEM): 16828416 KiB
Linux 4.4.0-22000-Microsoft
Current StackSize limit: 8192 KiB
solver pid=3340, runsolver pid=3338


[startup+0.100517 s]*
/proc/loadavg: 0.52 0.58 0.59 2/13 3341
/proc/meminfo: memFree=10286612/16587228 swapFree=50197212/50331648
Current children cumulated CPU time: 0 s
Current children cumulated vsize: 0 KiB
Current children cumulated memory: 0 KiB

[startup+0.201264 s]*
/proc/loadavg: 0.52 0.58 0.59 2/13 3341
/proc/meminfo: memFree=10267984/16587228 swapFree=50197212/50331648
Current children cumulated CPU time: 0 s
Current children cumulated vsize: 0 KiB
Current children cumulated memory: 0 KiB

[startup+0.300888 s]*
/proc/loadavg: 0.52 0.58 0.59 2/13 3341
/proc/meminfo: memFree=10266188/16587228 swapFree=50197212/50331648
Current children cumulated CPU time: 0 s
Current children cumulated vsize: 0 KiB
Current children cumulated memory: 0 KiB

[startup+0.700526 s]
/proc/loadavg: 0.52 0.58 0.59 2/13 3341
/proc/meminfo: memFree=10266496/16587228 swapFree=50197212/50331648
Current children cumulated CPU time: 0 s
Current children cumulated vsize: 0 KiB
Current children cumulated memory: 0 KiB

[startup+1.50031 s]
/proc/loadavg: 0.52 0.58 0.59 2/13 3341
/proc/meminfo: memFree=10262644/16587228 swapFree=50197212/50331648
Current children cumulated CPU time: 0 s
Current children cumulated vsize: 0 KiB
Current children cumulated memory: 0 KiB

[startup+3.10105 s]
/proc/loadavg: 0.52 0.58 0.59 2/13 3341
/proc/meminfo: memFree=10273388/16587228 swapFree=50197212/50331648
Current children cumulated CPU time: 0 s
Current children cumulated vsize: 0 KiB
Current children cumulated memory: 0 KiB
heavy processes:

[startup+6.30021 s]
/proc/loadavg: 0.52 0.58 0.59 2/13 3341
/proc/meminfo: memFree=10255300/16587228 swapFree=50197212/50331648
Current children cumulated CPU time: 0 s
Current children cumulated vsize: 0 KiB
Current children cumulated memory: 0 KiB
heavy processes:

[startup+12.7004 s]
/proc/loadavg: 0.52 0.58 0.59 2/13 3341
/proc/meminfo: memFree=11468204/16587228 swapFree=50197212/50331648
Current children cumulated CPU time: 0 s
Current children cumulated vsize: 0 KiB
Current children cumulated memory: 0 KiB
heavy processes:

[startup+25.5004 s]
/proc/loadavg: 0.52 0.58 0.59 2/13 3342
/proc/meminfo: memFree=11488728/16587228 swapFree=50197212/50331648
Current children cumulated CPU time: 0 s
Current children cumulated vsize: 0 KiB
Current children cumulated memory: 0 KiB
heavy processes:

[startup+51.1008 s]
/proc/loadavg: 0.52 0.58 0.59 2/13 3342
/proc/meminfo: memFree=11404120/16587228 swapFree=50197212/50331648
Current children cumulated CPU time: 0 s
Current children cumulated vsize: 0 KiB
Current children cumulated memory: 0 KiB
heavy processes:

[startup+63.7776 s]
# the end of solver process 3340 was just reported to runsolver
# cumulated CPU time of all completed processes:  user=63.2656 s, system=0.4375 s

Solver just ended.
??? end of watcher thread
Dumping a history of the last processes samples

[startup+51.201 s]
/proc/loadavg: 0.52 0.58 0.59 2/13 3342
/proc/meminfo: memFree=11404168/16587228 swapFree=50197212/50331648
Current children cumulated CPU time: 0 s
Current children cumulated vsize: 0 KiB
Current children cumulated memory: 0 KiB

[startup+57.6002 s]
/proc/loadavg: 0.52 0.58 0.59 2/13 3342
/proc/meminfo: memFree=11373812/16587228 swapFree=50197220/50331648
Current children cumulated CPU time: 0 s
Current children cumulated vsize: 0 KiB
Current children cumulated memory: 0 KiB

[startup+60.8004 s]
/proc/loadavg: 0.52 0.58 0.59 3/13 3342
/proc/meminfo: memFree=11374716/16587228 swapFree=50197220/50331648
Current children cumulated CPU time: 0 s
Current children cumulated vsize: 0 KiB
Current children cumulated memory: 0 KiB

[startup+62.4004 s]
/proc/loadavg: 0.52 0.58 0.59 3/13 3342
/proc/meminfo: memFree=11375492/16587228 swapFree=50197220/50331648
Current children cumulated CPU time: 0 s
Current children cumulated vsize: 0 KiB
Current children cumulated memory: 0 KiB

[startup+63.2005 s]
/proc/loadavg: 0.52 0.58 0.59 2/13 3342
/proc/meminfo: memFree=11384000/16587228 swapFree=50197220/50331648
Current children cumulated CPU time: 0 s
Current children cumulated vsize: 0 KiB
Current children cumulated memory: 0 KiB

[startup+63.6001 s]
/proc/loadavg: 0.52 0.58 0.59 2/13 3342
/proc/meminfo: memFree=11384000/16587228 swapFree=50197220/50331648
Current children cumulated CPU time: 0 s
Current children cumulated vsize: 0 KiB
Current children cumulated memory: 0 KiB

[startup+63.7002 s]
/proc/loadavg: 0.52 0.58 0.59 2/13 3342
/proc/meminfo: memFree=11384000/16587228 swapFree=50197220/50331648
Current children cumulated CPU time: 0 s
Current children cumulated vsize: 0 KiB
Current children cumulated memory: 0 KiB

Child status: 0
Real time (s): 63.7776
CPU time (s): 63.7031
CPU user time (s): 63.2656
CPU system time (s): 0.4375
CPU usage (%): 99.8832
Max. virtual memory (cumulated for all children) (KiB): 0
Max. memory (cumulated for all children) (KiB): 0

getrusage(RUSAGE_CHILDREN,...) data:
user time used= 63.2656
system time used= 0.4375
maximum resident set size= 187600
integral shared memory size= 0
integral unshared data size= 0
integral unshared stack size= 0
page reclaims= 83194
page faults= 0
swaps= 0
block input operations= 0
block output operations= 0
messages sent= 0
messages received= 0
signals received= 0
voluntary context switches= 0
involuntary context switches= 0


# summary of solver processes directly reported to runsolver:
#   pid: 3340
#   total CPU time (s): 63.7031
#   total CPU user time (s): 63.2656
#   total CPU system time (s): 0.4375

??? end of timestamper thread
runsolver used 0 second user time and 0.015625 second system time

The end
