runsolver version 3.4.0 (svn: 3018) Copyright (C) 2010-2013 Olivier ROUSSEL

This program is distributed in the hope that it will be useful,
but WITHOUT ANY WARRANTY; without even the implied warranty of
MERCHANTABILITY or FITNESS FOR A PARTICULAR PURPOSE.  See the
GNU General Public License for more details.

command line: /home/kunalan/runsolver/src/runsolver -C 1200 -W 1200 --vsize-limit 16384 -w results_nprc/nprc_newground2_random_15_50_watch.log --var results_nprc/nprc_newground2_random_15_50_values.log python3 ../newground2.py ../instances/benchmark_instances/encodings/nprc_newground2.lp ../instances/benchmark_instances/graphs/random_15_50.lp 

running on 8 cores: 0-7

Enforcing CPUTime limit (soft limit, will send SIGTERM then SIGKILL): 1200 seconds
Enforcing CPUTime limit (hard limit, will send SIGXCPU): 1230 seconds
Enforcing wall clock limit (soft limit, will send SIGTERM then SIGKILL): 1200 seconds
Enforcing VSIZE limit (soft limit, will send SIGTERM then SIGKILL): 16777216 KiB
Enforcing VSIZE limit (hard limit, stack expansion will fail with SIGSEGV, brk() and mmap() will return ENOMEM): 16828416 KiB
Linux 4.4.0-22000-Microsoft
Current StackSize limit: 8192 KiB

solver pid=3830, runsolver pid=3828

[startup+0.100573 s]*
/proc/loadavg: 0.52 0.58 0.59 2/13 3831
/proc/meminfo: memFree=10534224/16587228 swapFree=50203628/50331648
Current children cumulated CPU time: 0 s
Current children cumulated vsize: 0 KiB
Current children cumulated memory: 0 KiB

[startup+0.20131 s]*
/proc/loadavg: 0.52 0.58 0.59 2/13 3831
/proc/meminfo: memFree=10517208/16587228 swapFree=50203628/50331648
Current children cumulated CPU time: 0 s
Current children cumulated vsize: 0 KiB
Current children cumulated memory: 0 KiB

[startup+0.301147 s]*
/proc/loadavg: 0.52 0.58 0.59 2/13 3831
/proc/meminfo: memFree=10513800/16587228 swapFree=50203628/50331648
Current children cumulated CPU time: 0 s
Current children cumulated vsize: 0 KiB
Current children cumulated memory: 0 KiB

[startup+0.700579 s]
/proc/loadavg: 0.52 0.58 0.59 2/13 3831
/proc/meminfo: memFree=10513616/16587228 swapFree=50203628/50331648
Current children cumulated CPU time: 0 s
Current children cumulated vsize: 0 KiB
Current children cumulated memory: 0 KiB

[startup+1.50049 s]
/proc/loadavg: 0.52 0.58 0.59 2/13 3831
/proc/meminfo: memFree=10513908/16587228 swapFree=50203628/50331648
Current children cumulated CPU time: 0 s
Current children cumulated vsize: 0 KiB
Current children cumulated memory: 0 KiB

[startup+3.1011 s]
/proc/loadavg: 0.52 0.58 0.59 2/13 3831
/proc/meminfo: memFree=10512952/16587228 swapFree=50203628/50331648
Current children cumulated CPU time: 0 s
Current children cumulated vsize: 0 KiB
Current children cumulated memory: 0 KiB
heavy processes:

[startup+6.30055 s]
/proc/loadavg: 0.52 0.58 0.59 2/13 3831
/proc/meminfo: memFree=10512856/16587228 swapFree=50203628/50331648
Current children cumulated CPU time: 0 s
Current children cumulated vsize: 0 KiB
Current children cumulated memory: 0 KiB
heavy processes:

[startup+12.7005 s]
/proc/loadavg: 0.52 0.58 0.59 2/13 3831
/proc/meminfo: memFree=10516344/16587228 swapFree=50203628/50331648
Current children cumulated CPU time: 0 s
Current children cumulated vsize: 0 KiB
Current children cumulated memory: 0 KiB
heavy processes:

[startup+25.5006 s]
/proc/loadavg: 0.52 0.58 0.59 3/13 3831
/proc/meminfo: memFree=10519212/16587228 swapFree=50203628/50331648
Current children cumulated CPU time: 0 s
Current children cumulated vsize: 0 KiB
Current children cumulated memory: 0 KiB
heavy processes:

[startup+51.1011 s]
/proc/loadavg: 0.52 0.58 0.59 2/13 3831
/proc/meminfo: memFree=10498308/16587228 swapFree=50203628/50331648
Current children cumulated CPU time: 0 s
Current children cumulated vsize: 0 KiB
Current children cumulated memory: 0 KiB
heavy processes:

[startup+102.301 s]
/proc/loadavg: 0.52 0.58 0.59 2/13 3831
/proc/meminfo: memFree=10514228/16587228 swapFree=50203628/50331648
Current children cumulated CPU time: 0 s
Current children cumulated vsize: 0 KiB
Current children cumulated memory: 0 KiB
heavy processes:

[startup+162.3 s]
/proc/loadavg: 0.52 0.58 0.59 3/13 3831
/proc/meminfo: memFree=10425220/16587228 swapFree=50203628/50331648
Current children cumulated CPU time: 0 s
Current children cumulated vsize: 0 KiB
Current children cumulated memory: 0 KiB
heavy processes:

[startup+222.301 s]
/proc/loadavg: 0.52 0.58 0.59 3/13 3832
/proc/meminfo: memFree=10532968/16587228 swapFree=50203628/50331648
Current children cumulated CPU time: 0 s
Current children cumulated vsize: 0 KiB
Current children cumulated memory: 0 KiB
heavy processes:

[startup+230.828 s]
# the end of solver process 3830 was just reported to runsolver
# cumulated CPU time of all completed processes:  user=225.438 s, system=5.20312 s

Solver just ended.
??? end of watcher thread
Dumping a history of the last processes samples

[startup+224 s]*
/proc/loadavg: 0.52 0.58 0.59 2/13 3832
/proc/meminfo: memFree=10533068/16587228 swapFree=50203628/50331648
Current children cumulated CPU time: 0 s
Current children cumulated vsize: 0 KiB
Current children cumulated memory: 0 KiB

[startup+227.201 s]
/proc/loadavg: 0.52 0.58 0.59 2/13 3832
/proc/meminfo: memFree=10533176/16587228 swapFree=50203628/50331648
Current children cumulated CPU time: 0 s
Current children cumulated vsize: 0 KiB
Current children cumulated memory: 0 KiB

[startup+228.8 s]
/proc/loadavg: 0.52 0.58 0.59 2/13 3832
/proc/meminfo: memFree=10533212/16587228 swapFree=50203628/50331648
Current children cumulated CPU time: 0 s
Current children cumulated vsize: 0 KiB
Current children cumulated memory: 0 KiB

[startup+229.6 s]
/proc/loadavg: 0.52 0.58 0.59 3/13 3832
/proc/meminfo: memFree=10533228/16587228 swapFree=50203628/50331648
Current children cumulated CPU time: 0 s
Current children cumulated vsize: 0 KiB
Current children cumulated memory: 0 KiB

[startup+230.4 s]
/proc/loadavg: 0.52 0.58 0.59 3/13 3832
/proc/meminfo: memFree=10533252/16587228 swapFree=50203628/50331648
Current children cumulated CPU time: 0 s
Current children cumulated vsize: 0 KiB
Current children cumulated memory: 0 KiB

[startup+230.8 s]
/proc/loadavg: 0.52 0.58 0.59 3/13 3832
/proc/meminfo: memFree=10533252/16587228 swapFree=50203628/50331648
Current children cumulated CPU time: 0 s
Current children cumulated vsize: 0 KiB
Current children cumulated memory: 0 KiB

Child status: 0
Real time (s): 230.828
CPU time (s): 230.641
CPU user time (s): 225.438
CPU system time (s): 5.20312
CPU usage (%): 99.9187
Max. virtual memory (cumulated for all children) (KiB): 0
Max. memory (cumulated for all children) (KiB): 0

getrusage(RUSAGE_CHILDREN,...) data:
user time used= 225.438
system time used= 5.20312
maximum resident set size= 25424
integral shared memory size= 0
integral unshared data size= 0
integral unshared stack size= 0
page reclaims= 6730
page faults= 0
swaps= 0
block input operations= 0
block output operations= 0
messages sent= 0
messages received= 0
signals received= 0
voluntary context switches= 0
involuntary context switches= 0


# summary of solver processes directly reported to runsolver:
#   pid: 3830
#   total CPU time (s): 230.641
#   total CPU user time (s): 225.438
#   total CPU system time (s): 5.20312

??? end of timestamper thread
runsolver used 0 second user time and 0.015625 second system time

The end
