runsolver version 3.4.0 (svn: 3018) Copyright (C) 2010-2013 Olivier ROUSSEL

This program is distributed in the hope that it will be useful,
but WITHOUT ANY WARRANTY; without even the implied warranty of
MERCHANTABILITY or FITNESS FOR A PARTICULAR PURPOSE.  See the
GNU General Public License for more details.

command line: /home/kunalan/runsolver/src/runsolver -C 1200 -W 1200 --vsize-limit 16384 -w results_nprc/nprc_newground2_random_40_10_watch.log --var results_nprc/nprc_newground2_random_40_10_values.log python3 ../newground2.py ../instances/benchmark_instances/encodings/nprc_newground2.lp ../instances/benchmark_instances/graphs/random_40_10.lp 

running on 8 cores: 0-7

Enforcing CPUTime limit (soft limit, will send SIGTERM then SIGKILL): 1200 seconds
Enforcing CPUTime limit (hard limit, will send SIGXCPU): 1230 seconds
Enforcing wall clock limit (soft limit, will send SIGTERM then SIGKILL): 1200 seconds
Enforcing VSIZE limit (soft limit, will send SIGTERM then SIGKILL): 16777216 KiB
Enforcing VSIZE limit (hard limit, stack expansion will fail with SIGSEGV, brk() and mmap() will return ENOMEM): 16828416 KiB
Linux 4.4.0-22000-Microsoft
solver pid=2089, runsolver pid=2087
Current StackSize limit: 8192 KiB


[startup+0.100226 s]*
/proc/loadavg: 0.52 0.58 0.59 2/13 2090
/proc/meminfo: memFree=11426224/16587228 swapFree=50193848/50331648
Current children cumulated CPU time: 0 s
Current children cumulated vsize: 0 KiB
Current children cumulated memory: 0 KiB

[startup+0.202162 s]*
/proc/loadavg: 0.52 0.58 0.59 2/13 2090
/proc/meminfo: memFree=11418292/16587228 swapFree=50193848/50331648
Current children cumulated CPU time: 0 s
Current children cumulated vsize: 0 KiB
Current children cumulated memory: 0 KiB

[startup+0.300875 s]*
/proc/loadavg: 0.52 0.58 0.59 2/13 2090
/proc/meminfo: memFree=11403236/16587228 swapFree=50193848/50331648
Current children cumulated CPU time: 0 s
Current children cumulated vsize: 0 KiB
Current children cumulated memory: 0 KiB

[startup+0.700154 s]
/proc/loadavg: 0.52 0.58 0.59 2/13 2090
/proc/meminfo: memFree=11403028/16587228 swapFree=50193848/50331648
Current children cumulated CPU time: 0 s
Current children cumulated vsize: 0 KiB
Current children cumulated memory: 0 KiB

[startup+1.50049 s]
/proc/loadavg: 0.52 0.58 0.59 2/13 2090
/proc/meminfo: memFree=11404316/16587228 swapFree=50193848/50331648
Current children cumulated CPU time: 0 s
Current children cumulated vsize: 0 KiB
Current children cumulated memory: 0 KiB

[startup+3.10128 s]
/proc/loadavg: 0.52 0.58 0.59 2/13 2090
/proc/meminfo: memFree=11401216/16587228 swapFree=50193848/50331648
Current children cumulated CPU time: 0 s
Current children cumulated vsize: 0 KiB
Current children cumulated memory: 0 KiB
heavy processes:

[startup+6.30017 s]
/proc/loadavg: 0.52 0.58 0.59 2/13 2090
/proc/meminfo: memFree=11401520/16587228 swapFree=50193848/50331648
Current children cumulated CPU time: 0 s
Current children cumulated vsize: 0 KiB
Current children cumulated memory: 0 KiB
heavy processes:

[startup+12.7002 s]
/proc/loadavg: 0.52 0.58 0.59 2/13 2090
/proc/meminfo: memFree=11401936/16587228 swapFree=50193848/50331648
Current children cumulated CPU time: 0 s
Current children cumulated vsize: 0 KiB
Current children cumulated memory: 0 KiB
heavy processes:

[startup+25.5006 s]
/proc/loadavg: 0.52 0.58 0.59 2/13 2091
/proc/meminfo: memFree=11402652/16587228 swapFree=50193848/50331648
Current children cumulated CPU time: 0 s
Current children cumulated vsize: 0 KiB
Current children cumulated memory: 0 KiB
heavy processes:

[startup+51.1011 s]
/proc/loadavg: 0.52 0.58 0.59 2/13 2093
/proc/meminfo: memFree=11402356/16587228 swapFree=50193848/50331648
Current children cumulated CPU time: 0 s
Current children cumulated vsize: 0 KiB
Current children cumulated memory: 0 KiB
heavy processes:

[startup+102.3 s]
/proc/loadavg: 0.52 0.58 0.59 2/13 2095
/proc/meminfo: memFree=11389672/16587228 swapFree=50193848/50331648
Current children cumulated CPU time: 0 s
Current children cumulated vsize: 0 KiB
Current children cumulated memory: 0 KiB
heavy processes:

[startup+108.55 s]
# the end of solver process 2089 was just reported to runsolver
# cumulated CPU time of all completed processes:  user=108.094 s, system=0.375 s

Solver just ended.
??? end of watcher thread
Dumping a history of the last processes samples

[startup+102.401 s]
/proc/loadavg: 0.52 0.58 0.59 2/13 2095
/proc/meminfo: memFree=11389688/16587228 swapFree=50193848/50331648
Current children cumulated CPU time: 0 s
Current children cumulated vsize: 0 KiB
Current children cumulated memory: 0 KiB

[startup+105.6 s]
/proc/loadavg: 0.52 0.58 0.59 2/13 2095
/proc/meminfo: memFree=11389636/16587228 swapFree=50193848/50331648
Current children cumulated CPU time: 0 s
Current children cumulated vsize: 0 KiB
Current children cumulated memory: 0 KiB

[startup+107.2 s]
/proc/loadavg: 0.52 0.58 0.59 2/13 2095
/proc/meminfo: memFree=11389632/16587228 swapFree=50193848/50331648
Current children cumulated CPU time: 0 s
Current children cumulated vsize: 0 KiB
Current children cumulated memory: 0 KiB

[startup+108 s]*
/proc/loadavg: 0.52 0.58 0.59 2/13 2095
/proc/meminfo: memFree=11389772/16587228 swapFree=50193848/50331648
Current children cumulated CPU time: 0 s
Current children cumulated vsize: 0 KiB
Current children cumulated memory: 0 KiB

[startup+108.4 s]
/proc/loadavg: 0.52 0.58 0.59 2/13 2095
/proc/meminfo: memFree=11389772/16587228 swapFree=50193848/50331648
Current children cumulated CPU time: 0 s
Current children cumulated vsize: 0 KiB
Current children cumulated memory: 0 KiB

[startup+108.501 s]
/proc/loadavg: 0.52 0.58 0.59 2/13 2095
/proc/meminfo: memFree=11389772/16587228 swapFree=50193848/50331648
Current children cumulated CPU time: 0 s
Current children cumulated vsize: 0 KiB
Current children cumulated memory: 0 KiB

Child status: 1
Real time (s): 108.55
CPU time (s): 108.469
CPU user time (s): 108.094
CPU system time (s): 0.375
CPU usage (%): 99.9251
Max. virtual memory (cumulated for all children) (KiB): 0
Max. memory (cumulated for all children) (KiB): 0

getrusage(RUSAGE_CHILDREN,...) data:
user time used= 108.094
system time used= 0.375
maximum resident set size= 32276
integral shared memory size= 0
integral unshared data size= 0
integral unshared stack size= 0
page reclaims= 8486
page faults= 0
swaps= 0
block input operations= 0
block output operations= 0
messages sent= 0
messages received= 0
signals received= 0
voluntary context switches= 0
involuntary context switches= 0


# summary of solver processes directly reported to runsolver:
#   pid: 2089
#   total CPU time (s): 108.469
#   total CPU user time (s): 108.094
#   total CPU system time (s): 0.375

??? end of timestamper thread
runsolver used 0 second user time and 0 second system time

The end
