runsolver version 3.4.0 (svn: 3018) Copyright (C) 2010-2013 Olivier ROUSSEL

This program is distributed in the hope that it will be useful,
but WITHOUT ANY WARRANTY; without even the implied warranty of
MERCHANTABILITY or FITNESS FOR A PARTICULAR PURPOSE.  See the
GNU General Public License for more details.

command line: /home/kunalan/runsolver/src/runsolver -C 1200 -W 1200 --vsize-limit 16384 -w results_nprc/nprc_newground2_random_400_50_watch.log --var results_nprc/nprc_newground2_random_400_50_values.log python3 ../newground2.py ../instances/benchmark_instances/encodings/nprc_newground2.lp ../instances/benchmark_instances/graphs/random_400_50.lp 

running on 8 cores: 0-7

Enforcing CPUTime limit (soft limit, will send SIGTERM then SIGKILL): 1200 seconds
Enforcing CPUTime limit (hard limit, will send SIGXCPU): 1230 seconds
Enforcing wall clock limit (soft limit, will send SIGTERM then SIGKILL): 1200 seconds
Enforcing VSIZE limit (soft limit, will send SIGTERM then SIGKILL): 16777216 KiB
Enforcing VSIZE limit (hard limit, stack expansion will fail with SIGSEGV, brk() and mmap() will return ENOMEM): 16828416 KiB
Linux 4.4.0-22000-Microsoft
solver pid=2001, runsolver pid=1999
Current StackSize limit: 8192 KiB


[startup+0.100375 s]*
/proc/loadavg: 0.52 0.58 0.59 2/13 2002
/proc/meminfo: memFree=11452736/16587228 swapFree=50193848/50331648
Current children cumulated CPU time: 0 s
Current children cumulated vsize: 0 KiB
Current children cumulated memory: 0 KiB

[startup+0.201226 s]*
/proc/loadavg: 0.52 0.58 0.59 2/13 2002
/proc/meminfo: memFree=11445856/16587228 swapFree=50193848/50331648
Current children cumulated CPU time: 0 s
Current children cumulated vsize: 0 KiB
Current children cumulated memory: 0 KiB

[startup+0.301051 s]*
/proc/loadavg: 0.52 0.58 0.59 2/13 2002
/proc/meminfo: memFree=11442236/16587228 swapFree=50193848/50331648
Current children cumulated CPU time: 0 s
Current children cumulated vsize: 0 KiB
Current children cumulated memory: 0 KiB

[startup+0.700227 s]
/proc/loadavg: 0.52 0.58 0.59 2/13 2002
/proc/meminfo: memFree=11442156/16587228 swapFree=50193848/50331648
Current children cumulated CPU time: 0 s
Current children cumulated vsize: 0 KiB
Current children cumulated memory: 0 KiB

[startup+1.5005 s]
/proc/loadavg: 0.52 0.58 0.59 2/13 2002
/proc/meminfo: memFree=11432244/16587228 swapFree=50193848/50331648
Current children cumulated CPU time: 0 s
Current children cumulated vsize: 0 KiB
Current children cumulated memory: 0 KiB

[startup+3.10088 s]
/proc/loadavg: 0.52 0.58 0.59 2/13 2003
/proc/meminfo: memFree=11431432/16587228 swapFree=50193848/50331648
Current children cumulated CPU time: 0 s
Current children cumulated vsize: 0 KiB
Current children cumulated memory: 0 KiB
heavy processes:

[startup+6.30009 s]
/proc/loadavg: 0.52 0.58 0.59 2/13 2003
/proc/meminfo: memFree=11439164/16587228 swapFree=50193848/50331648
Current children cumulated CPU time: 0 s
Current children cumulated vsize: 0 KiB
Current children cumulated memory: 0 KiB
heavy processes:

[startup+9.17532 s]
# the end of solver process 2001 was just reported to runsolver
# cumulated CPU time of all completed processes:  user=9.07812 s, system=0.0625 s

Solver just ended.
??? end of watcher thread
Dumping a history of the last processes samples

[startup+6.40134 s]
/proc/loadavg: 0.52 0.58 0.59 2/13 2003
/proc/meminfo: memFree=11439148/16587228 swapFree=50193848/50331648
Current children cumulated CPU time: 0 s
Current children cumulated vsize: 0 KiB
Current children cumulated memory: 0 KiB

[startup+8.00051 s]*
/proc/loadavg: 0.52 0.58 0.59 2/13 2003
/proc/meminfo: memFree=11438704/16587228 swapFree=50193848/50331648
Current children cumulated CPU time: 0 s
Current children cumulated vsize: 0 KiB
Current children cumulated memory: 0 KiB

[startup+8.8006 s]
/proc/loadavg: 0.52 0.58 0.59 2/13 2003
/proc/meminfo: memFree=11438704/16587228 swapFree=50193848/50331648
Current children cumulated CPU time: 0 s
Current children cumulated vsize: 0 KiB
Current children cumulated memory: 0 KiB

[startup+9.00054 s]*
/proc/loadavg: 0.52 0.58 0.59 2/13 2003
/proc/meminfo: memFree=11438756/16587228 swapFree=50193848/50331648
Current children cumulated CPU time: 0 s
Current children cumulated vsize: 0 KiB
Current children cumulated memory: 0 KiB

[startup+9.10084 s]
/proc/loadavg: 0.52 0.58 0.59 2/13 2003
/proc/meminfo: memFree=11438756/16587228 swapFree=50193848/50331648
Current children cumulated CPU time: 0 s
Current children cumulated vsize: 0 KiB
Current children cumulated memory: 0 KiB

Child status: 1
Real time (s): 9.17544
CPU time (s): 9.14062
CPU user time (s): 9.07812
CPU system time (s): 0.0625
CPU usage (%): 99.6206
Max. virtual memory (cumulated for all children) (KiB): 0
Max. memory (cumulated for all children) (KiB): 0

getrusage(RUSAGE_CHILDREN,...) data:
user time used= 9.07812
system time used= 0.0625
maximum resident set size= 28856
integral shared memory size= 0
integral unshared data size= 0
integral unshared stack size= 0
page reclaims= 7652
page faults= 0
swaps= 0
block input operations= 0
block output operations= 0
messages sent= 0
messages received= 0
signals received= 0
voluntary context switches= 0
involuntary context switches= 0


# summary of solver processes directly reported to runsolver:
#   pid: 2001
#   total CPU time (s): 9.14062
#   total CPU user time (s): 9.07812
#   total CPU system time (s): 0.0625

??? end of timestamper thread
runsolver used 0 second user time and 0 second system time

The end
