runsolver version 3.4.0 (svn: 3018) Copyright (C) 2010-2013 Olivier ROUSSEL

This program is distributed in the hope that it will be useful,
but WITHOUT ANY WARRANTY; without even the implied warranty of
MERCHANTABILITY or FITNESS FOR A PARTICULAR PURPOSE.  See the
GNU General Public License for more details.

command line: /home/kunalan/runsolver/src/runsolver -C 1200 -W 1200 --vsize-limit 16384 -w results_nprc/nprc_newground_random_700_10_watch.log --var results_nprc/nprc_newground_random_700_10_values.log python3 ../newground2.py ../instances/benchmark_instances/encodings/nprc_newground.lp ../instances/benchmark_instances/graphs/random_700_10.lp 

running on 8 cores: 0-7

Enforcing CPUTime limit (soft limit, will send SIGTERM then SIGKILL): 1200 seconds
Enforcing CPUTime limit (hard limit, will send SIGXCPU): 1230 seconds
Enforcing wall clock limit (soft limit, will send SIGTERM then SIGKILL): 1200 seconds
Enforcing VSIZE limit (soft limit, will send SIGTERM then SIGKILL): 16777216 KiB
Enforcing VSIZE limit (hard limit, stack expansion will fail with SIGSEGV, brk() and mmap() will return ENOMEM): 16828416 KiB
Linux 4.4.0-22000-Microsoft
Current StackSize limit: 8192 KiB
solver pid=3091, runsolver pid=3089


[startup+0.100131 s]*
/proc/loadavg: 0.52 0.58 0.59 2/13 3092
/proc/meminfo: memFree=11328916/16587228 swapFree=50194136/50331648
Current children cumulated CPU time: 0 s
Current children cumulated vsize: 0 KiB
Current children cumulated memory: 0 KiB

[startup+0.201266 s]*
/proc/loadavg: 0.52 0.58 0.59 2/13 3092
/proc/meminfo: memFree=11317872/16587228 swapFree=50194136/50331648
Current children cumulated CPU time: 0 s
Current children cumulated vsize: 0 KiB
Current children cumulated memory: 0 KiB

[startup+0.300958 s]*
/proc/loadavg: 0.52 0.58 0.59 2/13 3092
/proc/meminfo: memFree=11317112/16587228 swapFree=50194136/50331648
Current children cumulated CPU time: 0 s
Current children cumulated vsize: 0 KiB
Current children cumulated memory: 0 KiB

[startup+0.700252 s]
/proc/loadavg: 0.52 0.58 0.59 2/13 3092
/proc/meminfo: memFree=11317096/16587228 swapFree=50194136/50331648
Current children cumulated CPU time: 0 s
Current children cumulated vsize: 0 KiB
Current children cumulated memory: 0 KiB

[startup+1.5004 s]
/proc/loadavg: 0.52 0.58 0.59 2/13 3092
/proc/meminfo: memFree=11309248/16587228 swapFree=50194136/50331648
Current children cumulated CPU time: 0 s
Current children cumulated vsize: 0 KiB
Current children cumulated memory: 0 KiB

[startup+3.10087 s]
/proc/loadavg: 0.52 0.58 0.59 2/13 3092
/proc/meminfo: memFree=11308312/16587228 swapFree=50194136/50331648
Current children cumulated CPU time: 0 s
Current children cumulated vsize: 0 KiB
Current children cumulated memory: 0 KiB
heavy processes:

[startup+6.30052 s]
/proc/loadavg: 0.52 0.58 0.59 2/13 3092
/proc/meminfo: memFree=11315064/16587228 swapFree=50194136/50331648
Current children cumulated CPU time: 0 s
Current children cumulated vsize: 0 KiB
Current children cumulated memory: 0 KiB
heavy processes:

[startup+12.7002 s]
/proc/loadavg: 0.52 0.58 0.59 2/13 3093
/proc/meminfo: memFree=11314888/16587228 swapFree=50194136/50331648
Current children cumulated CPU time: 0 s
Current children cumulated vsize: 0 KiB
Current children cumulated memory: 0 KiB
heavy processes:

[startup+25.5003 s]
/proc/loadavg: 0.52 0.58 0.59 2/13 3093
/proc/meminfo: memFree=11267460/16587228 swapFree=50194136/50331648
Current children cumulated CPU time: 0 s
Current children cumulated vsize: 0 KiB
Current children cumulated memory: 0 KiB
heavy processes:

[startup+31.5226 s]
# the end of solver process 3091 was just reported to runsolver
# cumulated CPU time of all completed processes:  user=31.1562 s, system=0.328125 s

Solver just ended.
??? end of watcher thread
Dumping a history of the last processes samples

[startup+25.6011 s]
/proc/loadavg: 0.52 0.58 0.59 2/13 3093
/proc/meminfo: memFree=11267480/16587228 swapFree=50194136/50331648
Current children cumulated CPU time: 0 s
Current children cumulated vsize: 0 KiB
Current children cumulated memory: 0 KiB

[startup+28.8006 s]
/proc/loadavg: 0.52 0.58 0.59 2/13 3093
/proc/meminfo: memFree=11264148/16587228 swapFree=50194136/50331648
Current children cumulated CPU time: 0 s
Current children cumulated vsize: 0 KiB
Current children cumulated memory: 0 KiB

[startup+30.4002 s]
/proc/loadavg: 0.52 0.58 0.59 3/13 3093
/proc/meminfo: memFree=11251436/16587228 swapFree=50194136/50331648
Current children cumulated CPU time: 0 s
Current children cumulated vsize: 0 KiB
Current children cumulated memory: 0 KiB

[startup+31.2002 s]
/proc/loadavg: 0.52 0.58 0.59 2/13 3093
/proc/meminfo: memFree=11251628/16587228 swapFree=50194136/50331648
Current children cumulated CPU time: 0 s
Current children cumulated vsize: 0 KiB
Current children cumulated memory: 0 KiB

[startup+31.4003 s]
/proc/loadavg: 0.52 0.58 0.59 2/13 3093
/proc/meminfo: memFree=11251628/16587228 swapFree=50194136/50331648
Current children cumulated CPU time: 0 s
Current children cumulated vsize: 0 KiB
Current children cumulated memory: 0 KiB

[startup+31.5006 s]
/proc/loadavg: 0.52 0.58 0.59 2/13 3093
/proc/meminfo: memFree=11251628/16587228 swapFree=50194136/50331648
Current children cumulated CPU time: 0 s
Current children cumulated vsize: 0 KiB
Current children cumulated memory: 0 KiB

Child status: 0
Real time (s): 31.5226
CPU time (s): 31.4844
CPU user time (s): 31.1562
CPU system time (s): 0.328125
CPU usage (%): 99.8787
Max. virtual memory (cumulated for all children) (KiB): 0
Max. memory (cumulated for all children) (KiB): 0

getrusage(RUSAGE_CHILDREN,...) data:
user time used= 31.1562
system time used= 0.328125
maximum resident set size= 103936
integral shared memory size= 0
integral unshared data size= 0
integral unshared stack size= 0
page reclaims= 43359
page faults= 0
swaps= 0
block input operations= 0
block output operations= 0
messages sent= 0
messages received= 0
signals received= 0
voluntary context switches= 0
involuntary context switches= 0


# summary of solver processes directly reported to runsolver:
#   pid: 3091
#   total CPU time (s): 31.4844
#   total CPU user time (s): 31.1562
#   total CPU system time (s): 0.328125

??? end of timestamper thread
runsolver used 0.015625 second user time and 0 second system time

The end
