runsolver version 3.4.0 (svn: 3018) Copyright (C) 2010-2013 Olivier ROUSSEL

This program is distributed in the hope that it will be useful,
but WITHOUT ANY WARRANTY; without even the implied warranty of
MERCHANTABILITY or FITNESS FOR A PARTICULAR PURPOSE.  See the
GNU General Public License for more details.

command line: /home/kunalan/runsolver/src/runsolver -C 1200 -W 1200 --vsize-limit 16384 -w results_nprc/nprc_newground2_random_15_30_watch.log --var results_nprc/nprc_newground2_random_15_30_values.log python3 ../newground2.py ../instances/benchmark_instances/encodings/nprc_newground2.lp ../instances/benchmark_instances/graphs/random_15_30.lp 

running on 8 cores: 0-7

Enforcing CPUTime limit (soft limit, will send SIGTERM then SIGKILL): 1200 seconds
Enforcing CPUTime limit (hard limit, will send SIGXCPU): 1230 seconds
Enforcing wall clock limit (soft limit, will send SIGTERM then SIGKILL): 1200 seconds
Enforcing VSIZE limit (soft limit, will send SIGTERM then SIGKILL): 16777216 KiB
Enforcing VSIZE limit (hard limit, stack expansion will fail with SIGSEGV, brk() and mmap() will return ENOMEM): 16828416 KiB
Linux 4.4.0-22000-Microsoft
Current StackSize limit: 8192 KiB
solver pid=3817, runsolver pid=3815


[startup+0.100477 s]*
/proc/loadavg: 0.52 0.58 0.59 2/13 3818
/proc/meminfo: memFree=10592068/16587228 swapFree=50203620/50331648
Current children cumulated CPU time: 0 s
Current children cumulated vsize: 0 KiB
Current children cumulated memory: 0 KiB

[startup+0.201377 s]*
/proc/loadavg: 0.52 0.58 0.59 2/13 3818
/proc/meminfo: memFree=10578708/16587228 swapFree=50203620/50331648
Current children cumulated CPU time: 0 s
Current children cumulated vsize: 0 KiB
Current children cumulated memory: 0 KiB

[startup+0.300808 s]*
/proc/loadavg: 0.52 0.58 0.59 2/13 3818
/proc/meminfo: memFree=10565352/16587228 swapFree=50203620/50331648
Current children cumulated CPU time: 0 s
Current children cumulated vsize: 0 KiB
Current children cumulated memory: 0 KiB

[startup+0.700215 s]
/proc/loadavg: 0.52 0.58 0.59 2/13 3818
/proc/meminfo: memFree=10565604/16587228 swapFree=50203620/50331648
Current children cumulated CPU time: 0 s
Current children cumulated vsize: 0 KiB
Current children cumulated memory: 0 KiB

[startup+1.50032 s]
/proc/loadavg: 0.52 0.58 0.59 2/13 3818
/proc/meminfo: memFree=10573900/16587228 swapFree=50203620/50331648
Current children cumulated CPU time: 0 s
Current children cumulated vsize: 0 KiB
Current children cumulated memory: 0 KiB

[startup+3.10124 s]
/proc/loadavg: 0.52 0.58 0.59 2/13 3818
/proc/meminfo: memFree=10578756/16587228 swapFree=50203620/50331648
Current children cumulated CPU time: 0 s
Current children cumulated vsize: 0 KiB
Current children cumulated memory: 0 KiB
heavy processes:

[startup+6.30043 s]
/proc/loadavg: 0.52 0.58 0.59 2/13 3818
/proc/meminfo: memFree=10573136/16587228 swapFree=50203620/50331648
Current children cumulated CPU time: 0 s
Current children cumulated vsize: 0 KiB
Current children cumulated memory: 0 KiB
heavy processes:

[startup+12.7006 s]
/proc/loadavg: 0.52 0.58 0.59 2/13 3818
/proc/meminfo: memFree=10573180/16587228 swapFree=50203620/50331648
Current children cumulated CPU time: 0 s
Current children cumulated vsize: 0 KiB
Current children cumulated memory: 0 KiB
heavy processes:

[startup+25.5003 s]
/proc/loadavg: 0.52 0.58 0.59 3/13 3818
/proc/meminfo: memFree=10572912/16587228 swapFree=50203620/50331648
Current children cumulated CPU time: 0 s
Current children cumulated vsize: 0 KiB
Current children cumulated memory: 0 KiB
heavy processes:

[startup+51.101 s]
/proc/loadavg: 0.52 0.58 0.59 3/13 3818
/proc/meminfo: memFree=10577532/16587228 swapFree=50203620/50331648
Current children cumulated CPU time: 0 s
Current children cumulated vsize: 0 KiB
Current children cumulated memory: 0 KiB
heavy processes:

[startup+102.3 s]
/proc/loadavg: 0.52 0.58 0.59 2/13 3818
/proc/meminfo: memFree=10542088/16587228 swapFree=50203624/50331648
Current children cumulated CPU time: 0 s
Current children cumulated vsize: 0 KiB
Current children cumulated memory: 0 KiB
heavy processes:

[startup+162.3 s]
/proc/loadavg: 0.52 0.58 0.59 2/13 3821
/proc/meminfo: memFree=10529176/16587228 swapFree=50203624/50331648
Current children cumulated CPU time: 0 s
Current children cumulated vsize: 0 KiB
Current children cumulated memory: 0 KiB
heavy processes:

[startup+222.3 s]
/proc/loadavg: 0.52 0.58 0.59 3/13 3821
/proc/meminfo: memFree=10521464/16587228 swapFree=50203624/50331648
Current children cumulated CPU time: 0 s
Current children cumulated vsize: 0 KiB
Current children cumulated memory: 0 KiB
heavy processes:

[startup+231.704 s]
# the end of solver process 3817 was just reported to runsolver
# cumulated CPU time of all completed processes:  user=226.906 s, system=4.65625 s

Solver just ended.
??? end of watcher thread
Dumping a history of the last processes samples

[startup+224 s]*
/proc/loadavg: 0.52 0.58 0.59 2/13 3821
/proc/meminfo: memFree=10524240/16587228 swapFree=50203624/50331648
Current children cumulated CPU time: 0 s
Current children cumulated vsize: 0 KiB
Current children cumulated memory: 0 KiB

[startup+227.2 s]
/proc/loadavg: 0.52 0.58 0.59 2/13 3821
/proc/meminfo: memFree=10514848/16587228 swapFree=50203624/50331648
Current children cumulated CPU time: 0 s
Current children cumulated vsize: 0 KiB
Current children cumulated memory: 0 KiB

[startup+228.8 s]
/proc/loadavg: 0.52 0.58 0.59 2/13 3821
/proc/meminfo: memFree=10518852/16587228 swapFree=50203624/50331648
Current children cumulated CPU time: 0 s
Current children cumulated vsize: 0 KiB
Current children cumulated memory: 0 KiB

[startup+230.4 s]
/proc/loadavg: 0.52 0.58 0.59 2/13 3821
/proc/meminfo: memFree=10518236/16587228 swapFree=50203624/50331648
Current children cumulated CPU time: 0 s
Current children cumulated vsize: 0 KiB
Current children cumulated memory: 0 KiB

[startup+231.2 s]
/proc/loadavg: 0.52 0.58 0.59 2/13 3821
/proc/meminfo: memFree=10518984/16587228 swapFree=50203624/50331648
Current children cumulated CPU time: 0 s
Current children cumulated vsize: 0 KiB
Current children cumulated memory: 0 KiB

[startup+231.6 s]
/proc/loadavg: 0.52 0.58 0.59 2/13 3821
/proc/meminfo: memFree=10518984/16587228 swapFree=50203624/50331648
Current children cumulated CPU time: 0 s
Current children cumulated vsize: 0 KiB
Current children cumulated memory: 0 KiB

[startup+231.7 s]
/proc/loadavg: 0.52 0.58 0.59 2/13 3821
/proc/meminfo: memFree=10518984/16587228 swapFree=50203624/50331648
Current children cumulated CPU time: 0 s
Current children cumulated vsize: 0 KiB
Current children cumulated memory: 0 KiB

Child status: 0
Real time (s): 231.704
CPU time (s): 231.562
CPU user time (s): 226.906
CPU system time (s): 4.65625
CPU usage (%): 99.9391
Max. virtual memory (cumulated for all children) (KiB): 0
Max. memory (cumulated for all children) (KiB): 0

getrusage(RUSAGE_CHILDREN,...) data:
user time used= 226.906
system time used= 4.65625
maximum resident set size= 25532
integral shared memory size= 0
integral unshared data size= 0
integral unshared stack size= 0
page reclaims= 6714
page faults= 0
swaps= 0
block input operations= 0
block output operations= 0
messages sent= 0
messages received= 0
signals received= 0
voluntary context switches= 0
involuntary context switches= 0


# summary of solver processes directly reported to runsolver:
#   pid: 3817
#   total CPU time (s): 231.562
#   total CPU user time (s): 226.906
#   total CPU system time (s): 4.65625

??? end of timestamper thread
runsolver used 0 second user time and 0 second system time

The end
