runsolver version 3.4.0 (svn: 3018) Copyright (C) 2010-2013 Olivier ROUSSEL

This program is distributed in the hope that it will be useful,
but WITHOUT ANY WARRANTY; without even the implied warranty of
MERCHANTABILITY or FITNESS FOR A PARTICULAR PURPOSE.  See the
GNU General Public License for more details.

command line: /home/kunalan/runsolver/src/runsolver -C 1200 -W 1200 --vsize-limit 16384 -w results_nprc/nprc_newground2_random_500_40_watch.log --var results_nprc/nprc_newground2_random_500_40_values.log python3 ../newground2.py ../instances/benchmark_instances/encodings/nprc_newground2.lp ../instances/benchmark_instances/graphs/random_500_40.lp 

running on 8 cores: 0-7

Enforcing CPUTime limit (soft limit, will send SIGTERM then SIGKILL): 1200 seconds
Enforcing CPUTime limit (hard limit, will send SIGXCPU): 1230 seconds
Enforcing wall clock limit (soft limit, will send SIGTERM then SIGKILL): 1200 seconds
Enforcing VSIZE limit (soft limit, will send SIGTERM then SIGKILL): 16777216 KiB
Enforcing VSIZE limit (hard limit, stack expansion will fail with SIGSEGV, brk() and mmap() will return ENOMEM): 16828416 KiB
Linux 4.4.0-22000-Microsoft
solver pid=2494, runsolver pid=2492
Current StackSize limit: 8192 KiB


[startup+0.10025 s]*
/proc/loadavg: 0.52 0.58 0.59 2/13 2495
/proc/meminfo: memFree=11628764/16587228 swapFree=50193980/50331648
Current children cumulated CPU time: 0 s
Current children cumulated vsize: 0 KiB
Current children cumulated memory: 0 KiB

[startup+0.201381 s]*
/proc/loadavg: 0.52 0.58 0.59 2/13 2495
/proc/meminfo: memFree=11621444/16587228 swapFree=50193980/50331648
Current children cumulated CPU time: 0 s
Current children cumulated vsize: 0 KiB
Current children cumulated memory: 0 KiB

[startup+0.301106 s]*
/proc/loadavg: 0.52 0.58 0.59 2/13 2495
/proc/meminfo: memFree=11605104/16587228 swapFree=50193980/50331648
Current children cumulated CPU time: 0 s
Current children cumulated vsize: 0 KiB
Current children cumulated memory: 0 KiB

[startup+0.700418 s]
/proc/loadavg: 0.52 0.58 0.59 2/13 2495
/proc/meminfo: memFree=11604960/16587228 swapFree=50193980/50331648
Current children cumulated CPU time: 0 s
Current children cumulated vsize: 0 KiB
Current children cumulated memory: 0 KiB

[startup+1.50039 s]
/proc/loadavg: 0.52 0.58 0.59 2/13 2495
/proc/meminfo: memFree=11608812/16587228 swapFree=50193980/50331648
Current children cumulated CPU time: 0 s
Current children cumulated vsize: 0 KiB
Current children cumulated memory: 0 KiB

[startup+3.10077 s]
/proc/loadavg: 0.52 0.58 0.59 2/13 2496
/proc/meminfo: memFree=11607748/16587228 swapFree=50193980/50331648
Current children cumulated CPU time: 0 s
Current children cumulated vsize: 0 KiB
Current children cumulated memory: 0 KiB
heavy processes:

[startup+6.30011 s]
/proc/loadavg: 0.52 0.58 0.59 2/13 2496
/proc/meminfo: memFree=11607584/16587228 swapFree=50193980/50331648
Current children cumulated CPU time: 0 s
Current children cumulated vsize: 0 KiB
Current children cumulated memory: 0 KiB
heavy processes:

[startup+9.66575 s]
# the end of solver process 2494 was just reported to runsolver
# cumulated CPU time of all completed processes:  user=9.48438 s, system=0.140625 s

Solver just ended.
??? end of watcher thread
Dumping a history of the last processes samples

[startup+6.40089 s]
/proc/loadavg: 0.52 0.58 0.59 2/13 2496
/proc/meminfo: memFree=11607560/16587228 swapFree=50193980/50331648
Current children cumulated CPU time: 0 s
Current children cumulated vsize: 0 KiB
Current children cumulated memory: 0 KiB

[startup+8.00006 s]*
/proc/loadavg: 0.52 0.58 0.59 2/13 2496
/proc/meminfo: memFree=11607412/16587228 swapFree=50193980/50331648
Current children cumulated CPU time: 0 s
Current children cumulated vsize: 0 KiB
Current children cumulated memory: 0 KiB

[startup+8.80017 s]
/proc/loadavg: 0.52 0.58 0.59 2/13 2496
/proc/meminfo: memFree=11607412/16587228 swapFree=50193980/50331648
Current children cumulated CPU time: 0 s
Current children cumulated vsize: 0 KiB
Current children cumulated memory: 0 KiB

[startup+9.20056 s]
/proc/loadavg: 0.52 0.58 0.59 2/13 2496
/proc/meminfo: memFree=11607348/16587228 swapFree=50193980/50331648
Current children cumulated CPU time: 0 s
Current children cumulated vsize: 0 KiB
Current children cumulated memory: 0 KiB

[startup+9.60017 s]
/proc/loadavg: 0.52 0.58 0.59 2/13 2496
/proc/meminfo: memFree=11607348/16587228 swapFree=50193980/50331648
Current children cumulated CPU time: 0 s
Current children cumulated vsize: 0 KiB
Current children cumulated memory: 0 KiB

Child status: 1
Real time (s): 9.66582
CPU time (s): 9.625
CPU user time (s): 9.48438
CPU system time (s): 0.140625
CPU usage (%): 99.5777
Max. virtual memory (cumulated for all children) (KiB): 0
Max. memory (cumulated for all children) (KiB): 0

getrusage(RUSAGE_CHILDREN,...) data:
user time used= 9.48438
system time used= 0.140625
maximum resident set size= 28880
integral shared memory size= 0
integral unshared data size= 0
integral unshared stack size= 0
page reclaims= 7655
page faults= 0
swaps= 0
block input operations= 0
block output operations= 0
messages sent= 0
messages received= 0
signals received= 0
voluntary context switches= 0
involuntary context switches= 0


# summary of solver processes directly reported to runsolver:
#   pid: 2494
#   total CPU time (s): 9.625
#   total CPU user time (s): 9.48438
#   total CPU system time (s): 0.140625

??? end of timestamper thread
runsolver used 0 second user time and 0 second system time

The end
