runsolver version 3.4.0 (svn: 3018) Copyright (C) 2010-2013 Olivier ROUSSEL

This program is distributed in the hope that it will be useful,
but WITHOUT ANY WARRANTY; without even the implied warranty of
MERCHANTABILITY or FITNESS FOR A PARTICULAR PURPOSE.  See the
GNU General Public License for more details.

command line: /home/kunalan/runsolver/src/runsolver -C 1200 -W 1200 --vsize-limit 16384 -w results_nprc/nprc_newground_random_500_100_watch.log --var results_nprc/nprc_newground_random_500_100_values.log python3 ../newground2.py ../instances/benchmark_instances/encodings/nprc_newground.lp ../instances/benchmark_instances/graphs/random_500_100.lp 

running on 8 cores: 0-7

Enforcing CPUTime limit (soft limit, will send SIGTERM then SIGKILL): 1200 seconds
Enforcing CPUTime limit (hard limit, will send SIGXCPU): 1230 seconds
Enforcing wall clock limit (soft limit, will send SIGTERM then SIGKILL): 1200 seconds
Enforcing VSIZE limit (soft limit, will send SIGTERM then SIGKILL): 16777216 KiB
Enforcing VSIZE limit (hard limit, stack expansion will fail with SIGSEGV, brk() and mmap() will return ENOMEM): 16828416 KiB
Linux 4.4.0-22000-Microsoft
solver pid=2430, runsolver pid=2428
Current StackSize limit: 8192 KiB


[startup+0.100394 s]*
/proc/loadavg: 0.52 0.58 0.59 2/13 2431
/proc/meminfo: memFree=11523736/16587228 swapFree=50193932/50331648
Current children cumulated CPU time: 0 s
Current children cumulated vsize: 0 KiB
Current children cumulated memory: 0 KiB

[startup+0.201169 s]*
/proc/loadavg: 0.52 0.58 0.59 2/13 2431
/proc/meminfo: memFree=11519936/16587228 swapFree=50193932/50331648
Current children cumulated CPU time: 0 s
Current children cumulated vsize: 0 KiB
Current children cumulated memory: 0 KiB

[startup+0.300823 s]*
/proc/loadavg: 0.52 0.58 0.59 2/13 2431
/proc/meminfo: memFree=11507800/16587228 swapFree=50193932/50331648
Current children cumulated CPU time: 0 s
Current children cumulated vsize: 0 KiB
Current children cumulated memory: 0 KiB

[startup+0.700473 s]
/proc/loadavg: 0.52 0.58 0.59 2/13 2431
/proc/meminfo: memFree=11507196/16587228 swapFree=50193932/50331648
Current children cumulated CPU time: 0 s
Current children cumulated vsize: 0 KiB
Current children cumulated memory: 0 KiB

[startup+1.50028 s]
/proc/loadavg: 0.52 0.58 0.59 2/13 2431
/proc/meminfo: memFree=11506780/16587228 swapFree=50193932/50331648
Current children cumulated CPU time: 0 s
Current children cumulated vsize: 0 KiB
Current children cumulated memory: 0 KiB

[startup+3.10099 s]
/proc/loadavg: 0.52 0.58 0.59 2/13 2432
/proc/meminfo: memFree=11506416/16587228 swapFree=50193932/50331648
Current children cumulated CPU time: 0 s
Current children cumulated vsize: 0 KiB
Current children cumulated memory: 0 KiB
heavy processes:

[startup+6.30041 s]
/proc/loadavg: 0.52 0.58 0.59 2/13 2432
/proc/meminfo: memFree=11506164/16587228 swapFree=50193932/50331648
Current children cumulated CPU time: 0 s
Current children cumulated vsize: 0 KiB
Current children cumulated memory: 0 KiB
heavy processes:

[startup+12.7002 s]
/proc/loadavg: 0.52 0.58 0.59 2/13 2432
/proc/meminfo: memFree=11505688/16587228 swapFree=50193932/50331648
Current children cumulated CPU time: 0 s
Current children cumulated vsize: 0 KiB
Current children cumulated memory: 0 KiB
heavy processes:

[startup+25.5003 s]
/proc/loadavg: 0.52 0.58 0.59 2/13 2432
/proc/meminfo: memFree=11504428/16587228 swapFree=50193932/50331648
Current children cumulated CPU time: 0 s
Current children cumulated vsize: 0 KiB
Current children cumulated memory: 0 KiB
heavy processes:

[startup+51.1013 s]
/proc/loadavg: 0.52 0.58 0.59 2/13 2432
/proc/meminfo: memFree=11500048/16587228 swapFree=50193932/50331648
Current children cumulated CPU time: 0 s
Current children cumulated vsize: 0 KiB
Current children cumulated memory: 0 KiB
heavy processes:

[startup+80.5508 s]
# the end of solver process 2430 was just reported to runsolver
# cumulated CPU time of all completed processes:  user=80.2188 s, system=0.28125 s

Solver just ended.
??? end of watcher thread
Dumping a history of the last processes samples

[startup+51.201 s]
/proc/loadavg: 0.52 0.58 0.59 2/13 2432
/proc/meminfo: memFree=11500048/16587228 swapFree=50193932/50331648
Current children cumulated CPU time: 0 s
Current children cumulated vsize: 0 KiB
Current children cumulated memory: 0 KiB

[startup+64.0001 s]*
/proc/loadavg: 0.52 0.58 0.59 2/13 2432
/proc/meminfo: memFree=11495092/16587228 swapFree=50193932/50331648
Current children cumulated CPU time: 0 s
Current children cumulated vsize: 0 KiB
Current children cumulated memory: 0 KiB

[startup+70.4005 s]
/proc/loadavg: 0.52 0.58 0.59 2/13 2432
/proc/meminfo: memFree=11484864/16587228 swapFree=50193932/50331648
Current children cumulated CPU time: 0 s
Current children cumulated vsize: 0 KiB
Current children cumulated memory: 0 KiB

[startup+76.8004 s]
/proc/loadavg: 0.52 0.58 0.59 2/13 2432
/proc/meminfo: memFree=11433404/16587228 swapFree=50193932/50331648
Current children cumulated CPU time: 0 s
Current children cumulated vsize: 0 KiB
Current children cumulated memory: 0 KiB

[startup+78.4002 s]
/proc/loadavg: 0.52 0.58 0.59 2/13 2432
/proc/meminfo: memFree=11446224/16587228 swapFree=50193932/50331648
Current children cumulated CPU time: 0 s
Current children cumulated vsize: 0 KiB
Current children cumulated memory: 0 KiB

[startup+79.2002 s]
/proc/loadavg: 0.52 0.58 0.59 2/13 2432
/proc/meminfo: memFree=11433564/16587228 swapFree=50193932/50331648
Current children cumulated CPU time: 0 s
Current children cumulated vsize: 0 KiB
Current children cumulated memory: 0 KiB

[startup+80.0005 s]*
/proc/loadavg: 0.52 0.58 0.59 2/13 2432
/proc/meminfo: memFree=11433948/16587228 swapFree=50193932/50331648
Current children cumulated CPU time: 0 s
Current children cumulated vsize: 0 KiB
Current children cumulated memory: 0 KiB

[startup+80.4002 s]
/proc/loadavg: 0.52 0.58 0.59 2/13 2432
/proc/meminfo: memFree=11433948/16587228 swapFree=50193932/50331648
Current children cumulated CPU time: 0 s
Current children cumulated vsize: 0 KiB
Current children cumulated memory: 0 KiB

[startup+80.5003 s]
/proc/loadavg: 0.52 0.58 0.59 2/13 2432
/proc/meminfo: memFree=11433948/16587228 swapFree=50193932/50331648
Current children cumulated CPU time: 0 s
Current children cumulated vsize: 0 KiB
Current children cumulated memory: 0 KiB

Child status: 0
Real time (s): 80.5508
CPU time (s): 80.5
CPU user time (s): 80.2188
CPU system time (s): 0.28125
CPU usage (%): 99.9369
Max. virtual memory (cumulated for all children) (KiB): 0
Max. memory (cumulated for all children) (KiB): 0

getrusage(RUSAGE_CHILDREN,...) data:
user time used= 80.2188
system time used= 0.28125
maximum resident set size= 97192
integral shared memory size= 0
integral unshared data size= 0
integral unshared stack size= 0
page reclaims= 29960
page faults= 0
swaps= 0
block input operations= 0
block output operations= 0
messages sent= 0
messages received= 0
signals received= 0
voluntary context switches= 0
involuntary context switches= 0


# summary of solver processes directly reported to runsolver:
#   pid: 2430
#   total CPU time (s): 80.5
#   total CPU user time (s): 80.2188
#   total CPU system time (s): 0.28125

??? end of timestamper thread
runsolver used 0 second user time and 0 second system time

The end
