runsolver version 3.4.0 (svn: 3018) Copyright (C) 2010-2013 Olivier ROUSSEL

This program is distributed in the hope that it will be useful,
but WITHOUT ANY WARRANTY; without even the implied warranty of
MERCHANTABILITY or FITNESS FOR A PARTICULAR PURPOSE.  See the
GNU General Public License for more details.

command line: /home/kunalan/runsolver/src/runsolver -C 1200 -W 1200 --vsize-limit 16384 -w results_nprc/nprc_gringo_random_200_70_watch.log --var results_nprc/nprc_gringo_random_200_70_values.log gringo --verbose=2 --output text ../instances/benchmark_instances/encodings/nprc_gringo.lp ../instances/benchmark_instances/graphs/random_200_70.lp 

running on 8 cores: 0-7

Enforcing CPUTime limit (soft limit, will send SIGTERM then SIGKILL): 1200 seconds
Enforcing CPUTime limit (hard limit, will send SIGXCPU): 1230 seconds
Enforcing wall clock limit (soft limit, will send SIGTERM then SIGKILL): 1200 seconds
Enforcing VSIZE limit (soft limit, will send SIGTERM then SIGKILL): 16777216 KiB
Enforcing VSIZE limit (hard limit, stack expansion will fail with SIGSEGV, brk() and mmap() will return ENOMEM): 16828416 KiB
Linux 4.4.0-22000-Microsoft
solver pid=917, runsolver pid=915
Current StackSize limit: 8192 KiB


[startup+0.100207 s]*
/proc/loadavg: 0.52 0.58 0.59 2/13 918
/proc/meminfo: memFree=12195544/16587228 swapFree=50163336/50331648
Current children cumulated CPU time: 0 s
Current children cumulated vsize: 0 KiB
Current children cumulated memory: 0 KiB

[startup+0.201297 s]*
/proc/loadavg: 0.52 0.58 0.59 3/13 918
/proc/meminfo: memFree=12194872/16587228 swapFree=50163336/50331648
Current children cumulated CPU time: 0 s
Current children cumulated vsize: 0 KiB
Current children cumulated memory: 0 KiB

[startup+0.300929 s]*
/proc/loadavg: 0.52 0.58 0.59 2/13 918
/proc/meminfo: memFree=12194980/16587228 swapFree=50163336/50331648
Current children cumulated CPU time: 0 s
Current children cumulated vsize: 0 KiB
Current children cumulated memory: 0 KiB

[startup+0.700176 s]
/proc/loadavg: 0.52 0.58 0.59 3/13 918
/proc/meminfo: memFree=12195000/16587228 swapFree=50163336/50331648
Current children cumulated CPU time: 0 s
Current children cumulated vsize: 0 KiB
Current children cumulated memory: 0 KiB

[startup+1.50052 s]
/proc/loadavg: 0.52 0.58 0.59 3/13 918
/proc/meminfo: memFree=12184936/16587228 swapFree=50163336/50331648
Current children cumulated CPU time: 0 s
Current children cumulated vsize: 0 KiB
Current children cumulated memory: 0 KiB

[startup+3.10127 s]
/proc/loadavg: 0.52 0.58 0.59 3/13 918
/proc/meminfo: memFree=12185092/16587228 swapFree=50163336/50331648
Current children cumulated CPU time: 0 s
Current children cumulated vsize: 0 KiB
Current children cumulated memory: 0 KiB
heavy processes:

[startup+6.30019 s]
/proc/loadavg: 0.52 0.58 0.59 3/13 918
/proc/meminfo: memFree=12191748/16587228 swapFree=50163336/50331648
Current children cumulated CPU time: 0 s
Current children cumulated vsize: 0 KiB
Current children cumulated memory: 0 KiB
heavy processes:

[startup+12.7003 s]
/proc/loadavg: 0.52 0.58 0.59 3/13 918
/proc/meminfo: memFree=12191792/16587228 swapFree=50163336/50331648
Current children cumulated CPU time: 0 s
Current children cumulated vsize: 0 KiB
Current children cumulated memory: 0 KiB
heavy processes:

[startup+25.5005 s]
/proc/loadavg: 0.52 0.58 0.59 2/13 918
/proc/meminfo: memFree=12084364/16587228 swapFree=50163444/50331648
Current children cumulated CPU time: 0 s
Current children cumulated vsize: 0 KiB
Current children cumulated memory: 0 KiB
heavy processes:

[startup+51.1009 s]
/proc/loadavg: 0.52 0.58 0.59 3/13 919
/proc/meminfo: memFree=12045940/16587228 swapFree=50163448/50331648
Current children cumulated CPU time: 0 s
Current children cumulated vsize: 0 KiB
Current children cumulated memory: 0 KiB
heavy processes:

[startup+102.3 s]
/proc/loadavg: 0.52 0.58 0.59 3/13 919
/proc/meminfo: memFree=12078676/16587228 swapFree=50166668/50331648
Current children cumulated CPU time: 0 s
Current children cumulated vsize: 0 KiB
Current children cumulated memory: 0 KiB
heavy processes:

[startup+162.3 s]
/proc/loadavg: 0.52 0.58 0.59 3/13 919
/proc/meminfo: memFree=12152268/16587228 swapFree=50166668/50331648
Current children cumulated CPU time: 0 s
Current children cumulated vsize: 0 KiB
Current children cumulated memory: 0 KiB
heavy processes:

[startup+222.3 s]
/proc/loadavg: 0.52 0.58 0.59 3/13 919
/proc/meminfo: memFree=12153064/16587228 swapFree=50166668/50331648
Current children cumulated CPU time: 0 s
Current children cumulated vsize: 0 KiB
Current children cumulated memory: 0 KiB
heavy processes:

[startup+282.3 s]
/proc/loadavg: 0.52 0.58 0.59 3/13 919
/proc/meminfo: memFree=12162452/16587228 swapFree=50166668/50331648
Current children cumulated CPU time: 0 s
Current children cumulated vsize: 0 KiB
Current children cumulated memory: 0 KiB
heavy processes:

[startup+342.3 s]
/proc/loadavg: 0.52 0.58 0.59 3/13 919
/proc/meminfo: memFree=12183860/16587228 swapFree=50166668/50331648
Current children cumulated CPU time: 0 s
Current children cumulated vsize: 0 KiB
Current children cumulated memory: 0 KiB
heavy processes:

[startup+402.3 s]
/proc/loadavg: 0.52 0.58 0.59 3/13 919
/proc/meminfo: memFree=12193872/16587228 swapFree=50166672/50331648
Current children cumulated CPU time: 0 s
Current children cumulated vsize: 0 KiB
Current children cumulated memory: 0 KiB
heavy processes:

[startup+462.3 s]
/proc/loadavg: 0.52 0.58 0.59 3/13 919
/proc/meminfo: memFree=12195416/16587228 swapFree=50166672/50331648
Current children cumulated CPU time: 0 s
Current children cumulated vsize: 0 KiB
Current children cumulated memory: 0 KiB
heavy processes:

[startup+522.3 s]
/proc/loadavg: 0.52 0.58 0.59 2/13 919
/proc/meminfo: memFree=12196164/16587228 swapFree=50166672/50331648
Current children cumulated CPU time: 0 s
Current children cumulated vsize: 0 KiB
Current children cumulated memory: 0 KiB
heavy processes:

[startup+582.3 s]
/proc/loadavg: 0.52 0.58 0.59 3/13 919
/proc/meminfo: memFree=12197564/16587228 swapFree=50166672/50331648
Current children cumulated CPU time: 0 s
Current children cumulated vsize: 0 KiB
Current children cumulated memory: 0 KiB
heavy processes:

[startup+642.3 s]
/proc/loadavg: 0.52 0.58 0.59 3/13 919
/proc/meminfo: memFree=12172328/16587228 swapFree=50166684/50331648
Current children cumulated CPU time: 0 s
Current children cumulated vsize: 0 KiB
Current children cumulated memory: 0 KiB
heavy processes:

[startup+702.3 s]
/proc/loadavg: 0.52 0.58 0.59 2/13 919
/proc/meminfo: memFree=12176956/16587228 swapFree=50166684/50331648
Current children cumulated CPU time: 0 s
Current children cumulated vsize: 0 KiB
Current children cumulated memory: 0 KiB
heavy processes:

[startup+762.301 s]
/proc/loadavg: 0.52 0.58 0.59 3/13 919
/proc/meminfo: memFree=12191788/16587228 swapFree=50166684/50331648
Current children cumulated CPU time: 0 s
Current children cumulated vsize: 0 KiB
Current children cumulated memory: 0 KiB
heavy processes:

[startup+822.3 s]
/proc/loadavg: 0.52 0.58 0.59 3/13 920
/proc/meminfo: memFree=12180840/16587228 swapFree=50167056/50331648
Current children cumulated CPU time: 0 s
Current children cumulated vsize: 0 KiB
Current children cumulated memory: 0 KiB
heavy processes:

[startup+882.3 s]
/proc/loadavg: 0.52 0.58 0.59 2/13 920
/proc/meminfo: memFree=12187772/16587228 swapFree=50167064/50331648
Current children cumulated CPU time: 0 s
Current children cumulated vsize: 0 KiB
Current children cumulated memory: 0 KiB
heavy processes:

[startup+942.3 s]
/proc/loadavg: 0.52 0.58 0.59 3/13 920
/proc/meminfo: memFree=12111532/16587228 swapFree=50167068/50331648
Current children cumulated CPU time: 0 s
Current children cumulated vsize: 0 KiB
Current children cumulated memory: 0 KiB
heavy processes:

[startup+1002.3 s]
/proc/loadavg: 0.52 0.58 0.59 2/13 920
/proc/meminfo: memFree=12179356/16587228 swapFree=50167068/50331648
Current children cumulated CPU time: 0 s
Current children cumulated vsize: 0 KiB
Current children cumulated memory: 0 KiB
heavy processes:

[startup+1062.3 s]
/proc/loadavg: 0.52 0.58 0.59 2/13 920
/proc/meminfo: memFree=12173420/16587228 swapFree=50167072/50331648
Current children cumulated CPU time: 0 s
Current children cumulated vsize: 0 KiB
Current children cumulated memory: 0 KiB
heavy processes:

[startup+1122.3 s]
/proc/loadavg: 0.52 0.58 0.59 3/13 921
/proc/meminfo: memFree=12169712/16587228 swapFree=50167072/50331648
Current children cumulated CPU time: 0 s
Current children cumulated vsize: 0 KiB
Current children cumulated memory: 0 KiB
heavy processes:

[startup+1182.3 s]
/proc/loadavg: 0.52 0.58 0.59 3/13 922
/proc/meminfo: memFree=12178044/16587228 swapFree=50167072/50331648
Current children cumulated CPU time: 0 s
Current children cumulated vsize: 0 KiB
Current children cumulated memory: 0 KiB
heavy processes:



Maximum wall clock time exceeded: sending SIGTERM then SIGKILL

[startup+1200 s]*
/proc/loadavg: 0.52 0.58 0.59 3/13 922
/proc/meminfo: memFree=12178392/16587228 swapFree=50167072/50331648
Current children cumulated CPU time: 0 s
Current children cumulated vsize: 0 KiB
Current children cumulated memory: 0 KiB
heavy processes:

Sending SIGTERM to process tree (bottom up)
Sleeping 2 seconds

Sending SIGKILL to process tree (bottom up)
??? end of watcher thread

[startup+1244.25 s]
# the end of solver process 917 was just reported to runsolver
# cumulated CPU time of all completed processes:  user=1208.95 s, system=34.5156 s

Solver just ended.
Dumping a history of the last processes samples

[startup+1200.8 s]
/proc/loadavg: 0.52 0.58 0.59 3/13 922
/proc/meminfo: memFree=12178392/16587228 swapFree=50167072/50331648
Current children cumulated CPU time: 0 s
Current children cumulated vsize: 0 KiB
Current children cumulated memory: 0 KiB

[startup+1201.6 s]
/proc/loadavg: 0.52 0.58 0.59 2/13 922
/proc/meminfo: memFree=12178392/16587228 swapFree=50167072/50331648
Current children cumulated CPU time: 0 s
Current children cumulated vsize: 0 KiB
Current children cumulated memory: 0 KiB

[startup+1202 s]*
/proc/loadavg: 0.52 0.58 0.59 2/13 922
/proc/meminfo: memFree=12178404/16587228 swapFree=50167072/50331648
Current children cumulated CPU time: 0 s
Current children cumulated vsize: 0 KiB
Current children cumulated memory: 0 KiB

Child ended because it received signal 15 (SIGTERM)
Real time (s): 1244.25
CPU time (s): 1243.47
CPU user time (s): 1208.95
CPU system time (s): 34.5156
CPU usage (%): 99.9371
Max. virtual memory (cumulated for all children) (KiB): 0
Max. memory (cumulated for all children) (KiB): 0

getrusage(RUSAGE_CHILDREN,...) data:
user time used= 1208.95
system time used= 34.5156
maximum resident set size= 11128
integral shared memory size= 0
integral unshared data size= 0
integral unshared stack size= 0
page reclaims= 3310
page faults= 0
swaps= 0
block input operations= 0
block output operations= 0
messages sent= 0
messages received= 0
signals received= 0
voluntary context switches= 0
involuntary context switches= 0


# summary of solver processes directly reported to runsolver:
#   pid: 917
#   total CPU time (s): 1243.47
#   total CPU user time (s): 1208.95
#   total CPU system time (s): 34.5156

??? end of timestamper thread
runsolver used 0 second user time and 0 second system time

The end
