runsolver version 3.4.0 (svn: 3018) Copyright (C) 2010-2013 Olivier ROUSSEL

This program is distributed in the hope that it will be useful,
but WITHOUT ANY WARRANTY; without even the implied warranty of
MERCHANTABILITY or FITNESS FOR A PARTICULAR PURPOSE.  See the
GNU General Public License for more details.

command line: /home/kunalan/runsolver/src/runsolver -C 1200 -W 1200 --vsize-limit 16384 -w results_nprc/nprc_gringo_random_600_10_watch.log --var results_nprc/nprc_gringo_random_600_10_values.log gringo --verbose=2 --output text ../instances/benchmark_instances/encodings/nprc_gringo.lp ../instances/benchmark_instances/graphs/random_600_10.lp 

running on 8 cores: 0-7

Enforcing CPUTime limit (soft limit, will send SIGTERM then SIGKILL): 1200 seconds
Enforcing CPUTime limit (hard limit, will send SIGXCPU): 1230 seconds
Enforcing wall clock limit (soft limit, will send SIGTERM then SIGKILL): 1200 seconds
Enforcing VSIZE limit (soft limit, will send SIGTERM then SIGKILL): 16777216 KiB
Enforcing VSIZE limit (hard limit, stack expansion will fail with SIGSEGV, brk() and mmap() will return ENOMEM): 16828416 KiB
Linux 4.4.0-22000-Microsoft
solver pid=2921, runsolver pid=2919
Current StackSize limit: 8192 KiB


[startup+0.100512 s]*
/proc/loadavg: 0.52 0.58 0.59 2/13 2922
/proc/meminfo: memFree=11484148/16587228 swapFree=50194132/50331648
Current children cumulated CPU time: 0 s
Current children cumulated vsize: 0 KiB
Current children cumulated memory: 0 KiB

[startup+0.201266 s]*
/proc/loadavg: 0.52 0.58 0.59 2/13 2922
/proc/meminfo: memFree=11484052/16587228 swapFree=50194132/50331648
Current children cumulated CPU time: 0 s
Current children cumulated vsize: 0 KiB
Current children cumulated memory: 0 KiB

[startup+0.300918 s]*
/proc/loadavg: 0.52 0.58 0.59 3/13 2922
/proc/meminfo: memFree=11477396/16587228 swapFree=50194132/50331648
Current children cumulated CPU time: 0 s
Current children cumulated vsize: 0 KiB
Current children cumulated memory: 0 KiB

[startup+0.700398 s]
/proc/loadavg: 0.52 0.58 0.59 2/13 2922
/proc/meminfo: memFree=11472764/16587228 swapFree=50194132/50331648
Current children cumulated CPU time: 0 s
Current children cumulated vsize: 0 KiB
Current children cumulated memory: 0 KiB

[startup+1.50007 s]
/proc/loadavg: 0.52 0.58 0.59 2/13 2922
/proc/meminfo: memFree=11475760/16587228 swapFree=50194132/50331648
Current children cumulated CPU time: 0 s
Current children cumulated vsize: 0 KiB
Current children cumulated memory: 0 KiB

[startup+3.10129 s]
/proc/loadavg: 0.52 0.58 0.59 2/13 2922
/proc/meminfo: memFree=11474456/16587228 swapFree=50194132/50331648
Current children cumulated CPU time: 0 s
Current children cumulated vsize: 0 KiB
Current children cumulated memory: 0 KiB
heavy processes:

[startup+6.30028 s]
/proc/loadavg: 0.52 0.58 0.59 3/13 2922
/proc/meminfo: memFree=11474132/16587228 swapFree=50194132/50331648
Current children cumulated CPU time: 0 s
Current children cumulated vsize: 0 KiB
Current children cumulated memory: 0 KiB
heavy processes:

[startup+12.7006 s]
/proc/loadavg: 0.52 0.58 0.59 2/13 2922
/proc/meminfo: memFree=11474248/16587228 swapFree=50194132/50331648
Current children cumulated CPU time: 0 s
Current children cumulated vsize: 0 KiB
Current children cumulated memory: 0 KiB
heavy processes:

[startup+25.5005 s]
/proc/loadavg: 0.52 0.58 0.59 2/13 2922
/proc/meminfo: memFree=11473620/16587228 swapFree=50194132/50331648
Current children cumulated CPU time: 0 s
Current children cumulated vsize: 0 KiB
Current children cumulated memory: 0 KiB
heavy processes:

[startup+48.9852 s]
# the end of solver process 2921 was just reported to runsolver
# cumulated CPU time of all completed processes:  user=47.6562 s, system=1.29688 s

Solver just ended.
??? end of watcher thread
Dumping a history of the last processes samples

[startup+25.6014 s]
/proc/loadavg: 0.52 0.58 0.59 2/13 2922
/proc/meminfo: memFree=11473584/16587228 swapFree=50194132/50331648
Current children cumulated CPU time: 0 s
Current children cumulated vsize: 0 KiB
Current children cumulated memory: 0 KiB

[startup+38.4005 s]
/proc/loadavg: 0.52 0.58 0.59 3/13 2922
/proc/meminfo: memFree=11463496/16587228 swapFree=50194132/50331648
Current children cumulated CPU time: 0 s
Current children cumulated vsize: 0 KiB
Current children cumulated memory: 0 KiB

[startup+44.8002 s]
/proc/loadavg: 0.52 0.58 0.59 3/13 2923
/proc/meminfo: memFree=11462804/16587228 swapFree=50194132/50331648
Current children cumulated CPU time: 0 s
Current children cumulated vsize: 0 KiB
Current children cumulated memory: 0 KiB

[startup+46.4004 s]
/proc/loadavg: 0.52 0.58 0.59 2/13 2923
/proc/meminfo: memFree=11460548/16587228 swapFree=50194132/50331648
Current children cumulated CPU time: 0 s
Current children cumulated vsize: 0 KiB
Current children cumulated memory: 0 KiB

[startup+48.0005 s]*
/proc/loadavg: 0.52 0.58 0.59 3/13 2923
/proc/meminfo: memFree=11460360/16587228 swapFree=50194132/50331648
Current children cumulated CPU time: 0 s
Current children cumulated vsize: 0 KiB
Current children cumulated memory: 0 KiB

[startup+48.4005 s]
/proc/loadavg: 0.52 0.58 0.59 3/13 2923
/proc/meminfo: memFree=11460360/16587228 swapFree=50194132/50331648
Current children cumulated CPU time: 0 s
Current children cumulated vsize: 0 KiB
Current children cumulated memory: 0 KiB

[startup+48.8006 s]
/proc/loadavg: 0.52 0.58 0.59 3/13 2923
/proc/meminfo: memFree=11460360/16587228 swapFree=50194132/50331648
Current children cumulated CPU time: 0 s
Current children cumulated vsize: 0 KiB
Current children cumulated memory: 0 KiB

[startup+48.9003 s]
/proc/loadavg: 0.52 0.58 0.59 3/13 2923
/proc/meminfo: memFree=11460360/16587228 swapFree=50194132/50331648
Current children cumulated CPU time: 0 s
Current children cumulated vsize: 0 KiB
Current children cumulated memory: 0 KiB

Child ended because it received signal 15 (SIGTERM)
Real time (s): 48.9853
CPU time (s): 48.9531
CPU user time (s): 47.6562
CPU system time (s): 1.29688
CPU usage (%): 99.9343
Max. virtual memory (cumulated for all children) (KiB): 0
Max. memory (cumulated for all children) (KiB): 0

getrusage(RUSAGE_CHILDREN,...) data:
user time used= 47.6562
system time used= 1.29688
maximum resident set size= 33404
integral shared memory size= 0
integral unshared data size= 0
integral unshared stack size= 0
page reclaims= 11072
page faults= 0
swaps= 0
block input operations= 0
block output operations= 0
messages sent= 0
messages received= 0
signals received= 0
voluntary context switches= 0
involuntary context switches= 0


# summary of solver processes directly reported to runsolver:
#   pid: 2921
#   total CPU time (s): 48.9531
#   total CPU user time (s): 47.6562
#   total CPU system time (s): 1.29688

??? end of timestamper thread
runsolver used 0 second user time and 0 second system time

The end
