runsolver version 3.4.0 (svn: 3018) Copyright (C) 2010-2013 Olivier ROUSSEL

This program is distributed in the hope that it will be useful,
but WITHOUT ANY WARRANTY; without even the implied warranty of
MERCHANTABILITY or FITNESS FOR A PARTICULAR PURPOSE.  See the
GNU General Public License for more details.

command line: /home/kunalan/runsolver/src/runsolver -C 1200 -W 1200 --vsize-limit 16384 -w results_nprc/nprc_newground_random_400_70_watch.log --var results_nprc/nprc_newground_random_400_70_values.log python3 ../newground2.py ../instances/benchmark_instances/encodings/nprc_newground.lp ../instances/benchmark_instances/graphs/random_400_70.lp 

running on 8 cores: 0-7

Enforcing CPUTime limit (soft limit, will send SIGTERM then SIGKILL): 1200 seconds
Enforcing CPUTime limit (hard limit, will send SIGXCPU): 1230 seconds
Enforcing wall clock limit (soft limit, will send SIGTERM then SIGKILL): 1200 seconds
Enforcing VSIZE limit (soft limit, will send SIGTERM then SIGKILL): 16777216 KiB
Enforcing VSIZE limit (hard limit, stack expansion will fail with SIGSEGV, brk() and mmap() will return ENOMEM): 16828416 KiB
Linux 4.4.0-22000-Microsoft
solver pid=2024, runsolver pid=2022
Current StackSize limit: 8192 KiB


[startup+0.100317 s]*
/proc/loadavg: 0.52 0.58 0.59 2/13 2025
/proc/meminfo: memFree=11463700/16587228 swapFree=50193848/50331648
Current children cumulated CPU time: 0 s
Current children cumulated vsize: 0 KiB
Current children cumulated memory: 0 KiB

[startup+0.200978 s]*
/proc/loadavg: 0.52 0.58 0.59 2/13 2025
/proc/meminfo: memFree=11454032/16587228 swapFree=50193848/50331648
Current children cumulated CPU time: 0 s
Current children cumulated vsize: 0 KiB
Current children cumulated memory: 0 KiB

[startup+0.301231 s]*
/proc/loadavg: 0.52 0.58 0.59 2/13 2025
/proc/meminfo: memFree=11452608/16587228 swapFree=50193848/50331648
Current children cumulated CPU time: 0 s
Current children cumulated vsize: 0 KiB
Current children cumulated memory: 0 KiB

[startup+0.700291 s]
/proc/loadavg: 0.52 0.58 0.59 2/13 2025
/proc/meminfo: memFree=11452592/16587228 swapFree=50193848/50331648
Current children cumulated CPU time: 0 s
Current children cumulated vsize: 0 KiB
Current children cumulated memory: 0 KiB

[startup+1.50034 s]
/proc/loadavg: 0.52 0.58 0.59 2/13 2025
/proc/meminfo: memFree=11443744/16587228 swapFree=50193848/50331648
Current children cumulated CPU time: 0 s
Current children cumulated vsize: 0 KiB
Current children cumulated memory: 0 KiB

[startup+3.1009 s]
/proc/loadavg: 0.52 0.58 0.59 2/13 2025
/proc/meminfo: memFree=11442964/16587228 swapFree=50193848/50331648
Current children cumulated CPU time: 0 s
Current children cumulated vsize: 0 KiB
Current children cumulated memory: 0 KiB
heavy processes:

[startup+6.30017 s]
/proc/loadavg: 0.52 0.58 0.59 2/13 2025
/proc/meminfo: memFree=11450128/16587228 swapFree=50193848/50331648
Current children cumulated CPU time: 0 s
Current children cumulated vsize: 0 KiB
Current children cumulated memory: 0 KiB
heavy processes:

[startup+12.7005 s]
/proc/loadavg: 0.52 0.58 0.59 2/13 2025
/proc/meminfo: memFree=11449808/16587228 swapFree=50193848/50331648
Current children cumulated CPU time: 0 s
Current children cumulated vsize: 0 KiB
Current children cumulated memory: 0 KiB
heavy processes:

[startup+25.5001 s]
/proc/loadavg: 0.52 0.58 0.59 2/13 2025
/proc/meminfo: memFree=11442144/16587228 swapFree=50193848/50331648
Current children cumulated CPU time: 0 s
Current children cumulated vsize: 0 KiB
Current children cumulated memory: 0 KiB
heavy processes:

[startup+37.7073 s]
# the end of solver process 2024 was just reported to runsolver
# cumulated CPU time of all completed processes:  user=37.5469 s, system=0.109375 s

Solver just ended.
??? end of watcher thread
Dumping a history of the last processes samples

[startup+25.6009 s]
/proc/loadavg: 0.52 0.58 0.59 2/13 2025
/proc/meminfo: memFree=11442116/16587228 swapFree=50193848/50331648
Current children cumulated CPU time: 0 s
Current children cumulated vsize: 0 KiB
Current children cumulated memory: 0 KiB

[startup+32.0004 s]*
/proc/loadavg: 0.52 0.58 0.59 2/13 2025
/proc/meminfo: memFree=11432188/16587228 swapFree=50193848/50331648
Current children cumulated CPU time: 0 s
Current children cumulated vsize: 0 KiB
Current children cumulated memory: 0 KiB

[startup+35.2003 s]
/proc/loadavg: 0.52 0.58 0.59 2/13 2025
/proc/meminfo: memFree=11414316/16587228 swapFree=50193848/50331648
Current children cumulated CPU time: 0 s
Current children cumulated vsize: 0 KiB
Current children cumulated memory: 0 KiB

[startup+36.8006 s]
/proc/loadavg: 0.52 0.58 0.59 2/13 2025
/proc/meminfo: memFree=11421140/16587228 swapFree=50193848/50331648
Current children cumulated CPU time: 0 s
Current children cumulated vsize: 0 KiB
Current children cumulated memory: 0 KiB

[startup+37.2004 s]
/proc/loadavg: 0.52 0.58 0.59 2/13 2025
/proc/meminfo: memFree=11415700/16587228 swapFree=50193848/50331648
Current children cumulated CPU time: 0 s
Current children cumulated vsize: 0 KiB
Current children cumulated memory: 0 KiB

[startup+37.6005 s]
/proc/loadavg: 0.52 0.58 0.59 2/13 2025
/proc/meminfo: memFree=11415700/16587228 swapFree=50193848/50331648
Current children cumulated CPU time: 0 s
Current children cumulated vsize: 0 KiB
Current children cumulated memory: 0 KiB

[startup+37.7004 s]
/proc/loadavg: 0.52 0.58 0.59 2/13 2025
/proc/meminfo: memFree=11415700/16587228 swapFree=50193848/50331648
Current children cumulated CPU time: 0 s
Current children cumulated vsize: 0 KiB
Current children cumulated memory: 0 KiB

Child status: 0
Real time (s): 37.7074
CPU time (s): 37.6562
CPU user time (s): 37.5469
CPU system time (s): 0.109375
CPU usage (%): 99.8644
Max. virtual memory (cumulated for all children) (KiB): 0
Max. memory (cumulated for all children) (KiB): 0

getrusage(RUSAGE_CHILDREN,...) data:
user time used= 37.5469
system time used= 0.109375
maximum resident set size= 64628
integral shared memory size= 0
integral unshared data size= 0
integral unshared stack size= 0
page reclaims= 19241
page faults= 0
swaps= 0
block input operations= 0
block output operations= 0
messages sent= 0
messages received= 0
signals received= 0
voluntary context switches= 0
involuntary context switches= 0


# summary of solver processes directly reported to runsolver:
#   pid: 2024
#   total CPU time (s): 37.6562
#   total CPU user time (s): 37.5469
#   total CPU system time (s): 0.109375

??? end of timestamper thread
runsolver used 0 second user time and 0 second system time

The end
