runsolver version 3.4.0 (svn: 3018) Copyright (C) 2010-2013 Olivier ROUSSEL

This program is distributed in the hope that it will be useful,
but WITHOUT ANY WARRANTY; without even the implied warranty of
MERCHANTABILITY or FITNESS FOR A PARTICULAR PURPOSE.  See the
GNU General Public License for more details.

command line: /home/kunalan/runsolver/src/runsolver -C 1200 -W 1200 --vsize-limit 16384 -w results_nprc/nprc_newground2_random_300_70_watch.log --var results_nprc/nprc_newground2_random_300_70_values.log python3 ../newground2.py ../instances/benchmark_instances/encodings/nprc_newground2.lp ../instances/benchmark_instances/graphs/random_300_70.lp 

running on 8 cores: 0-7

Enforcing CPUTime limit (soft limit, will send SIGTERM then SIGKILL): 1200 seconds
Enforcing CPUTime limit (hard limit, will send SIGXCPU): 1230 seconds
Enforcing wall clock limit (soft limit, will send SIGTERM then SIGKILL): 1200 seconds
Enforcing VSIZE limit (soft limit, will send SIGTERM then SIGKILL): 16777216 KiB
Enforcing VSIZE limit (hard limit, stack expansion will fail with SIGSEGV, brk() and mmap() will return ENOMEM): 16828416 KiB
Linux 4.4.0-22000-Microsoft
solver pid=1523, runsolver pid=1521
Current StackSize limit: 8192 KiB


[startup+0.100371 s]*
/proc/loadavg: 0.52 0.58 0.59 2/13 1524
/proc/meminfo: memFree=11681176/16587228 swapFree=50191932/50331648
Current children cumulated CPU time: 0 s
Current children cumulated vsize: 0 KiB
Current children cumulated memory: 0 KiB

[startup+0.201452 s]*
/proc/loadavg: 0.52 0.58 0.59 2/13 1524
/proc/meminfo: memFree=11664320/16587228 swapFree=50191932/50331648
Current children cumulated CPU time: 0 s
Current children cumulated vsize: 0 KiB
Current children cumulated memory: 0 KiB

[startup+0.300798 s]*
/proc/loadavg: 0.52 0.58 0.59 2/13 1524
/proc/meminfo: memFree=11659968/16587228 swapFree=50191932/50331648
Current children cumulated CPU time: 0 s
Current children cumulated vsize: 0 KiB
Current children cumulated memory: 0 KiB

[startup+0.700217 s]
/proc/loadavg: 0.52 0.58 0.59 2/13 1524
/proc/meminfo: memFree=11659952/16587228 swapFree=50191932/50331648
Current children cumulated CPU time: 0 s
Current children cumulated vsize: 0 KiB
Current children cumulated memory: 0 KiB

[startup+1.50036 s]
/proc/loadavg: 0.52 0.58 0.59 2/13 1524
/proc/meminfo: memFree=11659828/16587228 swapFree=50191932/50331648
Current children cumulated CPU time: 0 s
Current children cumulated vsize: 0 KiB
Current children cumulated memory: 0 KiB

[startup+3.10084 s]
/proc/loadavg: 0.52 0.58 0.59 2/13 1525
/proc/meminfo: memFree=11659212/16587228 swapFree=50191932/50331648
Current children cumulated CPU time: 0 s
Current children cumulated vsize: 0 KiB
Current children cumulated memory: 0 KiB
heavy processes:

[startup+6.30024 s]
/proc/loadavg: 0.52 0.58 0.59 2/13 1525
/proc/meminfo: memFree=11659140/16587228 swapFree=50191932/50331648
Current children cumulated CPU time: 0 s
Current children cumulated vsize: 0 KiB
Current children cumulated memory: 0 KiB
heavy processes:

[startup+6.80274 s]
# the end of solver process 1523 was just reported to runsolver
# cumulated CPU time of all completed processes:  user=6.6875 s, system=0.109375 s

Solver just ended.
??? end of watcher thread
Dumping a history of the last processes samples

[startup+6.40107 s]
/proc/loadavg: 0.52 0.58 0.59 2/13 1525
/proc/meminfo: memFree=11659144/16587228 swapFree=50191932/50331648
Current children cumulated CPU time: 0 s
Current children cumulated vsize: 0 KiB
Current children cumulated memory: 0 KiB

[startup+6.80058 s]
/proc/loadavg: 0.52 0.58 0.59 2/13 1525
/proc/meminfo: memFree=11659144/16587228 swapFree=50191932/50331648
Current children cumulated CPU time: 0 s
Current children cumulated vsize: 0 KiB
Current children cumulated memory: 0 KiB

Child status: 1
Real time (s): 6.80282
CPU time (s): 6.79688
CPU user time (s): 6.6875
CPU system time (s): 0.109375
CPU usage (%): 99.9127
Max. virtual memory (cumulated for all children) (KiB): 0
Max. memory (cumulated for all children) (KiB): 0

getrusage(RUSAGE_CHILDREN,...) data:
user time used= 6.6875
system time used= 0.109375
maximum resident set size= 28156
integral shared memory size= 0
integral unshared data size= 0
integral unshared stack size= 0
page reclaims= 7474
page faults= 0
swaps= 0
block input operations= 0
block output operations= 0
messages sent= 0
messages received= 0
signals received= 0
voluntary context switches= 0
involuntary context switches= 0


# summary of solver processes directly reported to runsolver:
#   pid: 1523
#   total CPU time (s): 6.79688
#   total CPU user time (s): 6.6875
#   total CPU system time (s): 0.109375

??? end of timestamper thread
runsolver used 0 second user time and 0 second system time

The end
