runsolver version 3.4.0 (svn: 3018) Copyright (C) 2010-2013 Olivier ROUSSEL

This program is distributed in the hope that it will be useful,
but WITHOUT ANY WARRANTY; without even the implied warranty of
MERCHANTABILITY or FITNESS FOR A PARTICULAR PURPOSE.  See the
GNU General Public License for more details.

command line: /home/kunalan/runsolver/src/runsolver -C 1200 -W 1200 --vsize-limit 16384 -w results_nprc/nprc_gringo_random_400_90_watch.log --var results_nprc/nprc_gringo_random_400_90_values.log gringo --verbose=2 --output text ../instances/benchmark_instances/encodings/nprc_gringo.lp ../instances/benchmark_instances/graphs/random_400_90.lp 

running on 8 cores: 0-7

Enforcing CPUTime limit (soft limit, will send SIGTERM then SIGKILL): 1200 seconds
Enforcing CPUTime limit (hard limit, will send SIGXCPU): 1230 seconds
Enforcing wall clock limit (soft limit, will send SIGTERM then SIGKILL): 1200 seconds
Enforcing VSIZE limit (soft limit, will send SIGTERM then SIGKILL): 16777216 KiB
Enforcing VSIZE limit (hard limit, stack expansion will fail with SIGSEGV, brk() and mmap() will return ENOMEM): 16828416 KiB
Linux 4.4.0-22000-Microsoft
solver pid=2067, runsolver pid=2065
Current StackSize limit: 8192 KiB


[startup+0.10017 s]*
/proc/loadavg: 0.52 0.58 0.59 2/13 2068
/proc/meminfo: memFree=11442716/16587228 swapFree=50193848/50331648
Current children cumulated CPU time: 0 s
Current children cumulated vsize: 0 KiB
Current children cumulated memory: 0 KiB

[startup+0.201091 s]*
/proc/loadavg: 0.52 0.58 0.59 2/13 2068
/proc/meminfo: memFree=11443264/16587228 swapFree=50193848/50331648
Current children cumulated CPU time: 0 s
Current children cumulated vsize: 0 KiB
Current children cumulated memory: 0 KiB

[startup+0.301311 s]*
/proc/loadavg: 0.52 0.58 0.59 2/13 2068
/proc/meminfo: memFree=11443264/16587228 swapFree=50193848/50331648
Current children cumulated CPU time: 0 s
Current children cumulated vsize: 0 KiB
Current children cumulated memory: 0 KiB

[startup+0.700182 s]
/proc/loadavg: 0.52 0.58 0.59 2/13 2068
/proc/meminfo: memFree=11444396/16587228 swapFree=50193848/50331648
Current children cumulated CPU time: 0 s
Current children cumulated vsize: 0 KiB
Current children cumulated memory: 0 KiB

[startup+1.50027 s]
/proc/loadavg: 0.52 0.58 0.59 2/13 2068
/proc/meminfo: memFree=11422312/16587228 swapFree=50193848/50331648
Current children cumulated CPU time: 0 s
Current children cumulated vsize: 0 KiB
Current children cumulated memory: 0 KiB

[startup+3.10103 s]
/proc/loadavg: 0.52 0.58 0.59 3/13 2068
/proc/meminfo: memFree=11410324/16587228 swapFree=50193848/50331648
Current children cumulated CPU time: 0 s
Current children cumulated vsize: 0 KiB
Current children cumulated memory: 0 KiB
heavy processes:

[startup+6.30026 s]
/proc/loadavg: 0.52 0.58 0.59 2/13 2069
/proc/meminfo: memFree=11412040/16587228 swapFree=50193848/50331648
Current children cumulated CPU time: 0 s
Current children cumulated vsize: 0 KiB
Current children cumulated memory: 0 KiB
heavy processes:

[startup+11.0485 s]
# the end of solver process 2067 was just reported to runsolver
# cumulated CPU time of all completed processes:  user=10.6562 s, system=0.359375 s

Solver just ended.
??? end of watcher thread
Dumping a history of the last processes samples

[startup+6.40098 s]
/proc/loadavg: 0.52 0.58 0.59 2/13 2069
/proc/meminfo: memFree=11412172/16587228 swapFree=50193848/50331648
Current children cumulated CPU time: 0 s
Current children cumulated vsize: 0 KiB
Current children cumulated memory: 0 KiB

[startup+9.60005 s]
/proc/loadavg: 0.52 0.58 0.59 2/13 2069
/proc/meminfo: memFree=11410228/16587228 swapFree=50193848/50331648
Current children cumulated CPU time: 0 s
Current children cumulated vsize: 0 KiB
Current children cumulated memory: 0 KiB

[startup+10.4002 s]
/proc/loadavg: 0.52 0.58 0.59 3/13 2069
/proc/meminfo: memFree=11410108/16587228 swapFree=50193848/50331648
Current children cumulated CPU time: 0 s
Current children cumulated vsize: 0 KiB
Current children cumulated memory: 0 KiB

[startup+10.8001 s]
/proc/loadavg: 0.52 0.58 0.59 3/13 2069
/proc/meminfo: memFree=11410108/16587228 swapFree=50193848/50331648
Current children cumulated CPU time: 0 s
Current children cumulated vsize: 0 KiB
Current children cumulated memory: 0 KiB

[startup+11.0002 s]*
/proc/loadavg: 0.52 0.58 0.59 3/13 2069
/proc/meminfo: memFree=11410188/16587228 swapFree=50193848/50331648
Current children cumulated CPU time: 0 s
Current children cumulated vsize: 0 KiB
Current children cumulated memory: 0 KiB

Child ended because it received signal 15 (SIGTERM)
Real time (s): 11.0486
CPU time (s): 11.0156
CPU user time (s): 10.6562
CPU system time (s): 0.359375
CPU usage (%): 99.7016
Max. virtual memory (cumulated for all children) (KiB): 0
Max. memory (cumulated for all children) (KiB): 0

getrusage(RUSAGE_CHILDREN,...) data:
user time used= 10.6562
system time used= 0.359375
maximum resident set size= 37664
integral shared memory size= 0
integral unshared data size= 0
integral unshared stack size= 0
page reclaims= 12069
page faults= 0
swaps= 0
block input operations= 0
block output operations= 0
messages sent= 0
messages received= 0
signals received= 0
voluntary context switches= 0
involuntary context switches= 0


# summary of solver processes directly reported to runsolver:
#   pid: 2067
#   total CPU time (s): 11.0156
#   total CPU user time (s): 10.6562
#   total CPU system time (s): 0.359375

??? end of timestamper thread
runsolver used 0 second user time and 0.015625 second system time

The end
