runsolver version 3.4.0 (svn: 3018) Copyright (C) 2010-2013 Olivier ROUSSEL

This program is distributed in the hope that it will be useful,
but WITHOUT ANY WARRANTY; without even the implied warranty of
MERCHANTABILITY or FITNESS FOR A PARTICULAR PURPOSE.  See the
GNU General Public License for more details.

command line: /home/kunalan/runsolver/src/runsolver -C 1200 -W 1200 --vsize-limit 16384 -w results_nprc/nprc_newground2_random_15_90_watch.log --var results_nprc/nprc_newground2_random_15_90_values.log python3 ../newground2.py ../instances/benchmark_instances/encodings/nprc_newground2.lp ../instances/benchmark_instances/graphs/random_15_90.lp 

running on 8 cores: 0-7

Enforcing CPUTime limit (soft limit, will send SIGTERM then SIGKILL): 1200 seconds
Enforcing CPUTime limit (hard limit, will send SIGXCPU): 1230 seconds
Enforcing wall clock limit (soft limit, will send SIGTERM then SIGKILL): 1200 seconds
Enforcing VSIZE limit (soft limit, will send SIGTERM then SIGKILL): 16777216 KiB
Enforcing VSIZE limit (hard limit, stack expansion will fail with SIGSEGV, brk() and mmap() will return ENOMEM): 16828416 KiB
Linux 4.4.0-22000-Microsoft
solver pid=3851, runsolver pid=3849
Current StackSize limit: 8192 KiB


[startup+0.100313 s]*
/proc/loadavg: 0.52 0.58 0.59 2/13 3852
/proc/meminfo: memFree=10526720/16587228 swapFree=50203672/50331648
Current children cumulated CPU time: 0 s
Current children cumulated vsize: 0 KiB
Current children cumulated memory: 0 KiB

[startup+0.201046 s]*
/proc/loadavg: 0.52 0.58 0.59 2/13 3852
/proc/meminfo: memFree=10523848/16587228 swapFree=50203672/50331648
Current children cumulated CPU time: 0 s
Current children cumulated vsize: 0 KiB
Current children cumulated memory: 0 KiB

[startup+0.300887 s]*
/proc/loadavg: 0.52 0.58 0.59 2/13 3852
/proc/meminfo: memFree=10511544/16587228 swapFree=50203672/50331648
Current children cumulated CPU time: 0 s
Current children cumulated vsize: 0 KiB
Current children cumulated memory: 0 KiB

[startup+0.700394 s]
/proc/loadavg: 0.52 0.58 0.59 2/13 3852
/proc/meminfo: memFree=10506780/16587228 swapFree=50203672/50331648
Current children cumulated CPU time: 0 s
Current children cumulated vsize: 0 KiB
Current children cumulated memory: 0 KiB

[startup+1.50037 s]
/proc/loadavg: 0.52 0.58 0.59 2/13 3852
/proc/meminfo: memFree=10506576/16587228 swapFree=50203672/50331648
Current children cumulated CPU time: 0 s
Current children cumulated vsize: 0 KiB
Current children cumulated memory: 0 KiB

[startup+3.10093 s]
/proc/loadavg: 0.52 0.58 0.59 2/13 3852
/proc/meminfo: memFree=10503496/16587228 swapFree=50203672/50331648
Current children cumulated CPU time: 0 s
Current children cumulated vsize: 0 KiB
Current children cumulated memory: 0 KiB
heavy processes:

[startup+6.30009 s]
/proc/loadavg: 0.52 0.58 0.59 2/13 3852
/proc/meminfo: memFree=10503696/16587228 swapFree=50203672/50331648
Current children cumulated CPU time: 0 s
Current children cumulated vsize: 0 KiB
Current children cumulated memory: 0 KiB
heavy processes:

[startup+12.7004 s]
/proc/loadavg: 0.52 0.58 0.59 2/13 3852
/proc/meminfo: memFree=10509744/16587228 swapFree=50203672/50331648
Current children cumulated CPU time: 0 s
Current children cumulated vsize: 0 KiB
Current children cumulated memory: 0 KiB
heavy processes:

[startup+25.5006 s]
/proc/loadavg: 0.52 0.58 0.59 2/13 3852
/proc/meminfo: memFree=10510640/16587228 swapFree=50203672/50331648
Current children cumulated CPU time: 0 s
Current children cumulated vsize: 0 KiB
Current children cumulated memory: 0 KiB
heavy processes:

[startup+51.101 s]
/proc/loadavg: 0.52 0.58 0.59 2/13 3852
/proc/meminfo: memFree=10492360/16587228 swapFree=50203672/50331648
Current children cumulated CPU time: 0 s
Current children cumulated vsize: 0 KiB
Current children cumulated memory: 0 KiB
heavy processes:

[startup+102.3 s]
/proc/loadavg: 0.52 0.58 0.59 2/13 3852
/proc/meminfo: memFree=10505760/16587228 swapFree=50203672/50331648
Current children cumulated CPU time: 0 s
Current children cumulated vsize: 0 KiB
Current children cumulated memory: 0 KiB
heavy processes:

[startup+162.301 s]
/proc/loadavg: 0.52 0.58 0.59 3/13 3852
/proc/meminfo: memFree=10541668/16587228 swapFree=50203672/50331648
Current children cumulated CPU time: 0 s
Current children cumulated vsize: 0 KiB
Current children cumulated memory: 0 KiB
heavy processes:

[startup+222.3 s]
/proc/loadavg: 0.52 0.58 0.59 3/13 3852
/proc/meminfo: memFree=10542348/16587228 swapFree=50203672/50331648
Current children cumulated CPU time: 0 s
Current children cumulated vsize: 0 KiB
Current children cumulated memory: 0 KiB
heavy processes:

[startup+228.872 s]
# the end of solver process 3851 was just reported to runsolver
# cumulated CPU time of all completed processes:  user=223.297 s, system=5.5 s

Solver just ended.
??? end of watcher thread
Dumping a history of the last processes samples

[startup+224 s]*
/proc/loadavg: 0.52 0.58 0.59 2/13 3852
/proc/meminfo: memFree=10542984/16587228 swapFree=50203672/50331648
Current children cumulated CPU time: 0 s
Current children cumulated vsize: 0 KiB
Current children cumulated memory: 0 KiB

[startup+227.2 s]
/proc/loadavg: 0.52 0.58 0.59 2/13 3852
/proc/meminfo: memFree=10542500/16587228 swapFree=50203672/50331648
Current children cumulated CPU time: 0 s
Current children cumulated vsize: 0 KiB
Current children cumulated memory: 0 KiB

[startup+228.001 s]*
/proc/loadavg: 0.52 0.58 0.59 3/13 3852
/proc/meminfo: memFree=10542252/16587228 swapFree=50203672/50331648
Current children cumulated CPU time: 0 s
Current children cumulated vsize: 0 KiB
Current children cumulated memory: 0 KiB

[startup+228.4 s]
/proc/loadavg: 0.52 0.58 0.59 3/13 3852
/proc/meminfo: memFree=10542252/16587228 swapFree=50203672/50331648
Current children cumulated CPU time: 0 s
Current children cumulated vsize: 0 KiB
Current children cumulated memory: 0 KiB

[startup+228.8 s]
/proc/loadavg: 0.52 0.58 0.59 3/13 3852
/proc/meminfo: memFree=10542252/16587228 swapFree=50203672/50331648
Current children cumulated CPU time: 0 s
Current children cumulated vsize: 0 KiB
Current children cumulated memory: 0 KiB

Child status: 0
Real time (s): 228.873
CPU time (s): 228.797
CPU user time (s): 223.297
CPU system time (s): 5.5
CPU usage (%): 99.9669
Max. virtual memory (cumulated for all children) (KiB): 0
Max. memory (cumulated for all children) (KiB): 0

getrusage(RUSAGE_CHILDREN,...) data:
user time used= 223.297
system time used= 5.5
maximum resident set size= 25424
integral shared memory size= 0
integral unshared data size= 0
integral unshared stack size= 0
page reclaims= 6728
page faults= 0
swaps= 0
block input operations= 0
block output operations= 0
messages sent= 0
messages received= 0
signals received= 0
voluntary context switches= 0
involuntary context switches= 0


# summary of solver processes directly reported to runsolver:
#   pid: 3851
#   total CPU time (s): 228.797
#   total CPU user time (s): 223.297
#   total CPU system time (s): 5.5

??? end of timestamper thread
runsolver used 0.015625 second user time and 0.015625 second system time

The end
