runsolver version 3.4.0 (svn: 3018) Copyright (C) 2010-2013 Olivier ROUSSEL

This program is distributed in the hope that it will be useful,
but WITHOUT ANY WARRANTY; without even the implied warranty of
MERCHANTABILITY or FITNESS FOR A PARTICULAR PURPOSE.  See the
GNU General Public License for more details.

command line: /home/kunalan/runsolver/src/runsolver -C 1200 -W 1200 --vsize-limit 16384 -w results_nprc/nprc_newground2_random_600_90_watch.log --var results_nprc/nprc_newground2_random_600_90_values.log python3 ../newground2.py ../instances/benchmark_instances/encodings/nprc_newground2.lp ../instances/benchmark_instances/graphs/random_600_90.lp 

running on 8 cores: 0-7

Enforcing CPUTime limit (soft limit, will send SIGTERM then SIGKILL): 1200 seconds
Enforcing CPUTime limit (hard limit, will send SIGXCPU): 1230 seconds
Enforcing wall clock limit (soft limit, will send SIGTERM then SIGKILL): 1200 seconds
Enforcing VSIZE limit (soft limit, will send SIGTERM then SIGKILL): 16777216 KiB
Enforcing VSIZE limit (hard limit, stack expansion will fail with SIGSEGV, brk() and mmap() will return ENOMEM): 16828416 KiB
Linux 4.4.0-22000-Microsoft
solver pid=3085, runsolver pid=3083
Current StackSize limit: 8192 KiB


[startup+0.100253 s]*
/proc/loadavg: 0.52 0.58 0.59 2/13 3086
/proc/meminfo: memFree=11340516/16587228 swapFree=50194136/50331648
Current children cumulated CPU time: 0 s
Current children cumulated vsize: 0 KiB
Current children cumulated memory: 0 KiB

[startup+0.201065 s]*
/proc/loadavg: 0.52 0.58 0.59 2/13 3086
/proc/meminfo: memFree=11323084/16587228 swapFree=50194136/50331648
Current children cumulated CPU time: 0 s
Current children cumulated vsize: 0 KiB
Current children cumulated memory: 0 KiB

[startup+0.30079 s]*
/proc/loadavg: 0.52 0.58 0.59 2/13 3086
/proc/meminfo: memFree=11317496/16587228 swapFree=50194136/50331648
Current children cumulated CPU time: 0 s
Current children cumulated vsize: 0 KiB
Current children cumulated memory: 0 KiB

[startup+0.700222 s]
/proc/loadavg: 0.52 0.58 0.59 2/13 3086
/proc/meminfo: memFree=11316164/16587228 swapFree=50194136/50331648
Current children cumulated CPU time: 0 s
Current children cumulated vsize: 0 KiB
Current children cumulated memory: 0 KiB

[startup+1.50031 s]
/proc/loadavg: 0.52 0.58 0.59 2/13 3086
/proc/meminfo: memFree=11312932/16587228 swapFree=50194136/50331648
Current children cumulated CPU time: 0 s
Current children cumulated vsize: 0 KiB
Current children cumulated memory: 0 KiB

[startup+3.10098 s]
/proc/loadavg: 0.52 0.58 0.59 2/13 3087
/proc/meminfo: memFree=11311896/16587228 swapFree=50194136/50331648
Current children cumulated CPU time: 0 s
Current children cumulated vsize: 0 KiB
Current children cumulated memory: 0 KiB
heavy processes:

[startup+6.30042 s]
/proc/loadavg: 0.52 0.58 0.59 2/13 3087
/proc/meminfo: memFree=11312028/16587228 swapFree=50194136/50331648
Current children cumulated CPU time: 0 s
Current children cumulated vsize: 0 KiB
Current children cumulated memory: 0 KiB
heavy processes:

[startup+7.53193 s]
# the end of solver process 3085 was just reported to runsolver
# cumulated CPU time of all completed processes:  user=7.34375 s, system=0.15625 s

Solver just ended.
??? end of watcher thread
Dumping a history of the last processes samples

[startup+6.40117 s]
/proc/loadavg: 0.52 0.58 0.59 2/13 3087
/proc/meminfo: memFree=11312012/16587228 swapFree=50194136/50331648
Current children cumulated CPU time: 0 s
Current children cumulated vsize: 0 KiB
Current children cumulated memory: 0 KiB

[startup+7.20017 s]
/proc/loadavg: 0.52 0.58 0.59 2/13 3087
/proc/meminfo: memFree=11311900/16587228 swapFree=50194136/50331648
Current children cumulated CPU time: 0 s
Current children cumulated vsize: 0 KiB
Current children cumulated memory: 0 KiB

[startup+7.40011 s]
/proc/loadavg: 0.52 0.58 0.59 2/13 3087
/proc/meminfo: memFree=11311900/16587228 swapFree=50194136/50331648
Current children cumulated CPU time: 0 s
Current children cumulated vsize: 0 KiB
Current children cumulated memory: 0 KiB

[startup+7.50046 s]
/proc/loadavg: 0.52 0.58 0.59 2/13 3087
/proc/meminfo: memFree=11311900/16587228 swapFree=50194136/50331648
Current children cumulated CPU time: 0 s
Current children cumulated vsize: 0 KiB
Current children cumulated memory: 0 KiB

Child status: 1
Real time (s): 7.532
CPU time (s): 7.5
CPU user time (s): 7.34375
CPU system time (s): 0.15625
CPU usage (%): 99.5751
Max. virtual memory (cumulated for all children) (KiB): 0
Max. memory (cumulated for all children) (KiB): 0

getrusage(RUSAGE_CHILDREN,...) data:
user time used= 7.34375
system time used= 0.15625
maximum resident set size= 28416
integral shared memory size= 0
integral unshared data size= 0
integral unshared stack size= 0
page reclaims= 7542
page faults= 0
swaps= 0
block input operations= 0
block output operations= 0
messages sent= 0
messages received= 0
signals received= 0
voluntary context switches= 0
involuntary context switches= 0


# summary of solver processes directly reported to runsolver:
#   pid: 3085
#   total CPU time (s): 7.5
#   total CPU user time (s): 7.34375
#   total CPU system time (s): 0.15625

??? end of timestamper thread
runsolver used 0.015625 second user time and 0 second system time

The end
