runsolver version 3.4.0 (svn: 3018) Copyright (C) 2010-2013 Olivier ROUSSEL

This program is distributed in the hope that it will be useful,
but WITHOUT ANY WARRANTY; without even the implied warranty of
MERCHANTABILITY or FITNESS FOR A PARTICULAR PURPOSE.  See the
GNU General Public License for more details.

command line: /home/kunalan/runsolver/src/runsolver -C 1200 -W 1200 --vsize-limit 16384 -w results_nprc/nprc_gringo_random_400_80_watch.log --var results_nprc/nprc_gringo_random_400_80_values.log gringo --verbose=2 --output text ../instances/benchmark_instances/encodings/nprc_gringo.lp ../instances/benchmark_instances/graphs/random_400_80.lp 

running on 8 cores: 0-7

Enforcing CPUTime limit (soft limit, will send SIGTERM then SIGKILL): 1200 seconds
Enforcing CPUTime limit (hard limit, will send SIGXCPU): 1230 seconds
Enforcing wall clock limit (soft limit, will send SIGTERM then SIGKILL): 1200 seconds
Enforcing VSIZE limit (soft limit, will send SIGTERM then SIGKILL): 16777216 KiB
Enforcing VSIZE limit (hard limit, stack expansion will fail with SIGSEGV, brk() and mmap() will return ENOMEM): 16828416 KiB
Linux 4.4.0-22000-Microsoft
solver pid=2047, runsolver pid=2045
Current StackSize limit: 8192 KiB


[startup+0.100437 s]*
/proc/loadavg: 0.52 0.58 0.59 2/13 2048
/proc/meminfo: memFree=11450724/16587228 swapFree=50193848/50331648
Current children cumulated CPU time: 0 s
Current children cumulated vsize: 0 KiB
Current children cumulated memory: 0 KiB

[startup+0.201225 s]*
/proc/loadavg: 0.52 0.58 0.59 2/13 2048
/proc/meminfo: memFree=11450248/16587228 swapFree=50193848/50331648
Current children cumulated CPU time: 0 s
Current children cumulated vsize: 0 KiB
Current children cumulated memory: 0 KiB

[startup+0.300908 s]*
/proc/loadavg: 0.52 0.58 0.59 2/13 2048
/proc/meminfo: memFree=11449952/16587228 swapFree=50193848/50331648
Current children cumulated CPU time: 0 s
Current children cumulated vsize: 0 KiB
Current children cumulated memory: 0 KiB

[startup+0.700198 s]
/proc/loadavg: 0.52 0.58 0.59 2/13 2048
/proc/meminfo: memFree=11438428/16587228 swapFree=50193848/50331648
Current children cumulated CPU time: 0 s
Current children cumulated vsize: 0 KiB
Current children cumulated memory: 0 KiB

[startup+1.50029 s]
/proc/loadavg: 0.52 0.58 0.59 3/13 2048
/proc/meminfo: memFree=11421156/16587228 swapFree=50193848/50331648
Current children cumulated CPU time: 0 s
Current children cumulated vsize: 0 KiB
Current children cumulated memory: 0 KiB

[startup+3.10083 s]
/proc/loadavg: 0.52 0.58 0.59 2/13 2048
/proc/meminfo: memFree=11416944/16587228 swapFree=50193848/50331648
Current children cumulated CPU time: 0 s
Current children cumulated vsize: 0 KiB
Current children cumulated memory: 0 KiB
heavy processes:

[startup+6.30024 s]
/proc/loadavg: 0.52 0.58 0.59 2/13 2049
/proc/meminfo: memFree=11416600/16587228 swapFree=50193848/50331648
Current children cumulated CPU time: 0 s
Current children cumulated vsize: 0 KiB
Current children cumulated memory: 0 KiB
heavy processes:

[startup+8.53815 s]
# the end of solver process 2047 was just reported to runsolver
# cumulated CPU time of all completed processes:  user=8.23438 s, system=0.28125 s

Solver just ended.
??? end of watcher thread
Dumping a history of the last processes samples

[startup+6.40107 s]
/proc/loadavg: 0.52 0.58 0.59 2/13 2049
/proc/meminfo: memFree=11417032/16587228 swapFree=50193848/50331648
Current children cumulated CPU time: 0 s
Current children cumulated vsize: 0 KiB
Current children cumulated memory: 0 KiB

[startup+7.2002 s]
/proc/loadavg: 0.52 0.58 0.59 2/13 2049
/proc/meminfo: memFree=11416524/16587228 swapFree=50193848/50331648
Current children cumulated CPU time: 0 s
Current children cumulated vsize: 0 KiB
Current children cumulated memory: 0 KiB

[startup+8.00032 s]*
/proc/loadavg: 0.52 0.58 0.59 3/13 2049
/proc/meminfo: memFree=11416492/16587228 swapFree=50193848/50331648
Current children cumulated CPU time: 0 s
Current children cumulated vsize: 0 KiB
Current children cumulated memory: 0 KiB

[startup+8.40034 s]
/proc/loadavg: 0.52 0.58 0.59 3/13 2049
/proc/meminfo: memFree=11416492/16587228 swapFree=50193848/50331648
Current children cumulated CPU time: 0 s
Current children cumulated vsize: 0 KiB
Current children cumulated memory: 0 KiB

[startup+8.50015 s]
/proc/loadavg: 0.52 0.58 0.59 3/13 2049
/proc/meminfo: memFree=11416492/16587228 swapFree=50193848/50331648
Current children cumulated CPU time: 0 s
Current children cumulated vsize: 0 KiB
Current children cumulated memory: 0 KiB

Child ended because it received signal 15 (SIGTERM)
Real time (s): 8.53827
CPU time (s): 8.51562
CPU user time (s): 8.23438
CPU system time (s): 0.28125
CPU usage (%): 99.7347
Max. virtual memory (cumulated for all children) (KiB): 0
Max. memory (cumulated for all children) (KiB): 0

getrusage(RUSAGE_CHILDREN,...) data:
user time used= 8.23438
system time used= 0.28125
maximum resident set size= 33792
integral shared memory size= 0
integral unshared data size= 0
integral unshared stack size= 0
page reclaims= 10582
page faults= 0
swaps= 0
block input operations= 0
block output operations= 0
messages sent= 0
messages received= 0
signals received= 0
voluntary context switches= 0
involuntary context switches= 0


# summary of solver processes directly reported to runsolver:
#   pid: 2047
#   total CPU time (s): 8.51562
#   total CPU user time (s): 8.23438
#   total CPU system time (s): 0.28125

??? end of timestamper thread
runsolver used 0.015625 second user time and 0 second system time

The end
