runsolver version 3.4.0 (svn: 3018) Copyright (C) 2010-2013 Olivier ROUSSEL

This program is distributed in the hope that it will be useful,
but WITHOUT ANY WARRANTY; without even the implied warranty of
MERCHANTABILITY or FITNESS FOR A PARTICULAR PURPOSE.  See the
GNU General Public License for more details.

command line: /home/kunalan/runsolver/src/runsolver -C 1200 -W 1200 --vsize-limit 16384 -w results_nprc/nprc_newground_random_300_10_watch.log --var results_nprc/nprc_newground_random_300_10_values.log python3 ../newground2.py ../instances/benchmark_instances/encodings/nprc_newground.lp ../instances/benchmark_instances/graphs/random_300_10.lp 

running on 8 cores: 0-7

Enforcing CPUTime limit (soft limit, will send SIGTERM then SIGKILL): 1200 seconds
Enforcing CPUTime limit (hard limit, will send SIGXCPU): 1230 seconds
Enforcing wall clock limit (soft limit, will send SIGTERM then SIGKILL): 1200 seconds
Enforcing VSIZE limit (soft limit, will send SIGTERM then SIGKILL): 16777216 KiB
Enforcing VSIZE limit (hard limit, stack expansion will fail with SIGSEGV, brk() and mmap() will return ENOMEM): 16828416 KiB
Linux 4.4.0-22000-Microsoft
Current StackSize limit: 8192 KiB
solver pid=1349, runsolver pid=1347


[startup+0.100162 s]*
/proc/loadavg: 0.52 0.58 0.59 2/13 1350
/proc/meminfo: memFree=11784996/16587228 swapFree=50191648/50331648
Current children cumulated CPU time: 0 s
Current children cumulated vsize: 0 KiB
Current children cumulated memory: 0 KiB

[startup+0.201306 s]*
/proc/loadavg: 0.52 0.58 0.59 2/13 1350
/proc/meminfo: memFree=11773588/16587228 swapFree=50191648/50331648
Current children cumulated CPU time: 0 s
Current children cumulated vsize: 0 KiB
Current children cumulated memory: 0 KiB

[startup+0.30079 s]*
/proc/loadavg: 0.52 0.58 0.59 2/13 1350
/proc/meminfo: memFree=11761544/16587228 swapFree=50191648/50331648
Current children cumulated CPU time: 0 s
Current children cumulated vsize: 0 KiB
Current children cumulated memory: 0 KiB

[startup+0.700438 s]
/proc/loadavg: 0.52 0.58 0.59 2/13 1350
/proc/meminfo: memFree=11761528/16587228 swapFree=50191648/50331648
Current children cumulated CPU time: 0 s
Current children cumulated vsize: 0 KiB
Current children cumulated memory: 0 KiB

[startup+1.50054 s]
/proc/loadavg: 0.52 0.58 0.59 2/13 1350
/proc/meminfo: memFree=11758300/16587228 swapFree=50191648/50331648
Current children cumulated CPU time: 0 s
Current children cumulated vsize: 0 KiB
Current children cumulated memory: 0 KiB

[startup+3.10094 s]
/proc/loadavg: 0.52 0.58 0.59 2/13 1350
/proc/meminfo: memFree=11758740/16587228 swapFree=50191648/50331648
Current children cumulated CPU time: 0 s
Current children cumulated vsize: 0 KiB
Current children cumulated memory: 0 KiB
heavy processes:

[startup+5.91912 s]
# the end of solver process 1349 was just reported to runsolver
# cumulated CPU time of all completed processes:  user=5.76562 s, system=0.125 s

Solver just ended.
??? end of watcher thread
Dumping a history of the last processes samples

[startup+3.20115 s]
/proc/loadavg: 0.52 0.58 0.59 2/13 1350
/proc/meminfo: memFree=11759544/16587228 swapFree=50191648/50331648
Current children cumulated CPU time: 0 s
Current children cumulated vsize: 0 KiB
Current children cumulated memory: 0 KiB

[startup+4.80049 s]
/proc/loadavg: 0.52 0.58 0.59 2/13 1350
/proc/meminfo: memFree=11747888/16587228 swapFree=50191648/50331648
Current children cumulated CPU time: 0 s
Current children cumulated vsize: 0 KiB
Current children cumulated memory: 0 KiB

[startup+5.60015 s]
/proc/loadavg: 0.52 0.58 0.59 2/13 1350
/proc/meminfo: memFree=11749684/16587228 swapFree=50191648/50331648
Current children cumulated CPU time: 0 s
Current children cumulated vsize: 0 KiB
Current children cumulated memory: 0 KiB

[startup+5.80032 s]
/proc/loadavg: 0.52 0.58 0.59 2/13 1350
/proc/meminfo: memFree=11749684/16587228 swapFree=50191648/50331648
Current children cumulated CPU time: 0 s
Current children cumulated vsize: 0 KiB
Current children cumulated memory: 0 KiB

[startup+5.9003 s]
/proc/loadavg: 0.52 0.58 0.59 2/13 1350
/proc/meminfo: memFree=11749684/16587228 swapFree=50191648/50331648
Current children cumulated CPU time: 0 s
Current children cumulated vsize: 0 KiB
Current children cumulated memory: 0 KiB

Child status: 0
Real time (s): 5.91917
CPU time (s): 5.89062
CPU user time (s): 5.76562
CPU system time (s): 0.125
CPU usage (%): 99.5178
Max. virtual memory (cumulated for all children) (KiB): 0
Max. memory (cumulated for all children) (KiB): 0

getrusage(RUSAGE_CHILDREN,...) data:
user time used= 5.76562
system time used= 0.125
maximum resident set size= 39168
integral shared memory size= 0
integral unshared data size= 0
integral unshared stack size= 0
page reclaims= 11928
page faults= 0
swaps= 0
block input operations= 0
block output operations= 0
messages sent= 0
messages received= 0
signals received= 0
voluntary context switches= 0
involuntary context switches= 0


# summary of solver processes directly reported to runsolver:
#   pid: 1349
#   total CPU time (s): 5.89062
#   total CPU user time (s): 5.76562
#   total CPU system time (s): 0.125

??? end of timestamper thread
runsolver used 0 second user time and 0.015625 second system time

The end
