runsolver version 3.4.0 (svn: 3018) Copyright (C) 2010-2013 Olivier ROUSSEL

This program is distributed in the hope that it will be useful,
but WITHOUT ANY WARRANTY; without even the implied warranty of
MERCHANTABILITY or FITNESS FOR A PARTICULAR PURPOSE.  See the
GNU General Public License for more details.

command line: /home/kunalan/runsolver/src/runsolver -C 1200 -W 1200 --vsize-limit 16384 -w results_nprc/nprc_newground_random_500_10_watch.log --var results_nprc/nprc_newground_random_500_10_values.log python3 ../newground2.py ../instances/benchmark_instances/encodings/nprc_newground.lp ../instances/benchmark_instances/graphs/random_500_10.lp 

running on 8 cores: 0-7

Enforcing CPUTime limit (soft limit, will send SIGTERM then SIGKILL): 1200 seconds
Enforcing CPUTime limit (hard limit, will send SIGXCPU): 1230 seconds
Enforcing wall clock limit (soft limit, will send SIGTERM then SIGKILL): 1200 seconds
Enforcing VSIZE limit (soft limit, will send SIGTERM then SIGKILL): 16777216 KiB
Enforcing VSIZE limit (hard limit, stack expansion will fail with SIGSEGV, brk() and mmap() will return ENOMEM): 16828416 KiB
Linux 4.4.0-22000-Microsoft
Current StackSize limit: 8192 KiB
solver pid=2410, runsolver pid=2408


[startup+0.100168 s]*
/proc/loadavg: 0.52 0.58 0.59 2/13 2411
/proc/meminfo: memFree=11537644/16587228 swapFree=50193932/50331648
Current children cumulated CPU time: 0 s
Current children cumulated vsize: 0 KiB
Current children cumulated memory: 0 KiB

[startup+0.201273 s]*
/proc/loadavg: 0.52 0.58 0.59 2/13 2411
/proc/meminfo: memFree=11524764/16587228 swapFree=50193932/50331648
Current children cumulated CPU time: 0 s
Current children cumulated vsize: 0 KiB
Current children cumulated memory: 0 KiB

[startup+0.300957 s]*
/proc/loadavg: 0.52 0.58 0.59 2/13 2411
/proc/meminfo: memFree=11515400/16587228 swapFree=50193932/50331648
Current children cumulated CPU time: 0 s
Current children cumulated vsize: 0 KiB
Current children cumulated memory: 0 KiB

[startup+0.700457 s]
/proc/loadavg: 0.52 0.58 0.59 2/13 2411
/proc/meminfo: memFree=11515384/16587228 swapFree=50193932/50331648
Current children cumulated CPU time: 0 s
Current children cumulated vsize: 0 KiB
Current children cumulated memory: 0 KiB

[startup+1.50051 s]
/proc/loadavg: 0.52 0.58 0.59 2/13 2411
/proc/meminfo: memFree=11516224/16587228 swapFree=50193932/50331648
Current children cumulated CPU time: 0 s
Current children cumulated vsize: 0 KiB
Current children cumulated memory: 0 KiB

[startup+3.10101 s]
/proc/loadavg: 0.52 0.58 0.59 2/13 2411
/proc/meminfo: memFree=11516952/16587228 swapFree=50193932/50331648
Current children cumulated CPU time: 0 s
Current children cumulated vsize: 0 KiB
Current children cumulated memory: 0 KiB
heavy processes:

[startup+6.30016 s]
/proc/loadavg: 0.52 0.58 0.59 2/13 2411
/proc/meminfo: memFree=11515776/16587228 swapFree=50193932/50331648
Current children cumulated CPU time: 0 s
Current children cumulated vsize: 0 KiB
Current children cumulated memory: 0 KiB
heavy processes:

[startup+12.7001 s]
/proc/loadavg: 0.52 0.58 0.59 2/13 2411
/proc/meminfo: memFree=11486804/16587228 swapFree=50193932/50331648
Current children cumulated CPU time: 0 s
Current children cumulated vsize: 0 KiB
Current children cumulated memory: 0 KiB
heavy processes:

[startup+15.9683 s]
# the end of solver process 2410 was just reported to runsolver
# cumulated CPU time of all completed processes:  user=15.7969 s, system=0.109375 s

Solver just ended.
??? end of watcher thread
Dumping a history of the last processes samples

[startup+12.801 s]
/proc/loadavg: 0.52 0.58 0.59 3/13 2411
/proc/meminfo: memFree=11486936/16587228 swapFree=50193932/50331648
Current children cumulated CPU time: 0 s
Current children cumulated vsize: 0 KiB
Current children cumulated memory: 0 KiB

[startup+14.4003 s]
/proc/loadavg: 0.52 0.58 0.59 2/13 2411
/proc/meminfo: memFree=11495576/16587228 swapFree=50193932/50331648
Current children cumulated CPU time: 0 s
Current children cumulated vsize: 0 KiB
Current children cumulated memory: 0 KiB

[startup+15.2003 s]
/proc/loadavg: 0.52 0.58 0.59 2/13 2411
/proc/meminfo: memFree=11495696/16587228 swapFree=50193932/50331648
Current children cumulated CPU time: 0 s
Current children cumulated vsize: 0 KiB
Current children cumulated memory: 0 KiB

[startup+15.6001 s]
/proc/loadavg: 0.52 0.58 0.59 2/13 2411
/proc/meminfo: memFree=11495696/16587228 swapFree=50193932/50331648
Current children cumulated CPU time: 0 s
Current children cumulated vsize: 0 KiB
Current children cumulated memory: 0 KiB

[startup+15.8002 s]
/proc/loadavg: 0.52 0.58 0.59 2/13 2411
/proc/meminfo: memFree=11495696/16587228 swapFree=50193932/50331648
Current children cumulated CPU time: 0 s
Current children cumulated vsize: 0 KiB
Current children cumulated memory: 0 KiB

[startup+15.9004 s]
/proc/loadavg: 0.52 0.58 0.59 2/13 2411
/proc/meminfo: memFree=11495696/16587228 swapFree=50193932/50331648
Current children cumulated CPU time: 0 s
Current children cumulated vsize: 0 KiB
Current children cumulated memory: 0 KiB

Child status: 0
Real time (s): 15.9683
CPU time (s): 15.9062
CPU user time (s): 15.7969
CPU system time (s): 0.109375
CPU usage (%): 99.6114
Max. virtual memory (cumulated for all children) (KiB): 0
Max. memory (cumulated for all children) (KiB): 0

getrusage(RUSAGE_CHILDREN,...) data:
user time used= 15.7969
system time used= 0.109375
maximum resident set size= 65620
integral shared memory size= 0
integral unshared data size= 0
integral unshared stack size= 0
page reclaims= 23402
page faults= 0
swaps= 0
block input operations= 0
block output operations= 0
messages sent= 0
messages received= 0
signals received= 0
voluntary context switches= 0
involuntary context switches= 0


# summary of solver processes directly reported to runsolver:
#   pid: 2410
#   total CPU time (s): 15.9062
#   total CPU user time (s): 15.7969
#   total CPU system time (s): 0.109375

??? end of timestamper thread
runsolver used 0 second user time and 0 second system time

The end
