runsolver version 3.4.0 (svn: 3018) Copyright (C) 2010-2013 Olivier ROUSSEL

This program is distributed in the hope that it will be useful,
but WITHOUT ANY WARRANTY; without even the implied warranty of
MERCHANTABILITY or FITNESS FOR A PARTICULAR PURPOSE.  See the
GNU General Public License for more details.

command line: /home/kunalan/runsolver/src/runsolver -C 1200 -W 1200 --vsize-limit 16384 -w results_nprc/nprc_newground2_random_15_70_watch.log --var results_nprc/nprc_newground2_random_15_70_values.log python3 ../newground2.py ../instances/benchmark_instances/encodings/nprc_newground2.lp ../instances/benchmark_instances/graphs/random_15_70.lp 

running on 8 cores: 0-7

Enforcing CPUTime limit (soft limit, will send SIGTERM then SIGKILL): 1200 seconds
Enforcing CPUTime limit (hard limit, will send SIGXCPU): 1230 seconds
Enforcing wall clock limit (soft limit, will send SIGTERM then SIGKILL): 1200 seconds
Enforcing VSIZE limit (soft limit, will send SIGTERM then SIGKILL): 16777216 KiB
Enforcing VSIZE limit (hard limit, stack expansion will fail with SIGSEGV, brk() and mmap() will return ENOMEM): 16828416 KiB
Linux 4.4.0-22000-Microsoft
Current StackSize limit: 8192 KiB
solver pid=3841, runsolver pid=3839


[startup+0.10028 s]*
/proc/loadavg: 0.52 0.58 0.59 2/13 3842
/proc/meminfo: memFree=10548612/16587228 swapFree=50203628/50331648
Current children cumulated CPU time: 0 s
Current children cumulated vsize: 0 KiB
Current children cumulated memory: 0 KiB

[startup+0.201446 s]*
/proc/loadavg: 0.52 0.58 0.59 2/13 3842
/proc/meminfo: memFree=10531120/16587228 swapFree=50203628/50331648
Current children cumulated CPU time: 0 s
Current children cumulated vsize: 0 KiB
Current children cumulated memory: 0 KiB

[startup+0.300694 s]*
/proc/loadavg: 0.52 0.58 0.59 2/13 3842
/proc/meminfo: memFree=10525576/16587228 swapFree=50203628/50331648
Current children cumulated CPU time: 0 s
Current children cumulated vsize: 0 KiB
Current children cumulated memory: 0 KiB

[startup+0.700438 s]
/proc/loadavg: 0.52 0.58 0.59 2/13 3842
/proc/meminfo: memFree=10525532/16587228 swapFree=50203628/50331648
Current children cumulated CPU time: 0 s
Current children cumulated vsize: 0 KiB
Current children cumulated memory: 0 KiB

[startup+1.50051 s]
/proc/loadavg: 0.52 0.58 0.59 3/13 3842
/proc/meminfo: memFree=10521776/16587228 swapFree=50203628/50331648
Current children cumulated CPU time: 0 s
Current children cumulated vsize: 0 KiB
Current children cumulated memory: 0 KiB

[startup+3.10104 s]
/proc/loadavg: 0.52 0.58 0.59 2/13 3842
/proc/meminfo: memFree=10520884/16587228 swapFree=50203628/50331648
Current children cumulated CPU time: 0 s
Current children cumulated vsize: 0 KiB
Current children cumulated memory: 0 KiB
heavy processes:

[startup+6.3001 s]
/proc/loadavg: 0.52 0.58 0.59 2/13 3842
/proc/meminfo: memFree=10520868/16587228 swapFree=50203628/50331648
Current children cumulated CPU time: 0 s
Current children cumulated vsize: 0 KiB
Current children cumulated memory: 0 KiB
heavy processes:

[startup+12.7001 s]
/proc/loadavg: 0.52 0.58 0.59 2/13 3842
/proc/meminfo: memFree=10527280/16587228 swapFree=50203628/50331648
Current children cumulated CPU time: 0 s
Current children cumulated vsize: 0 KiB
Current children cumulated memory: 0 KiB
heavy processes:

[startup+25.5004 s]
/proc/loadavg: 0.52 0.58 0.59 3/13 3842
/proc/meminfo: memFree=10528236/16587228 swapFree=50203628/50331648
Current children cumulated CPU time: 0 s
Current children cumulated vsize: 0 KiB
Current children cumulated memory: 0 KiB
heavy processes:

[startup+51.1012 s]
/proc/loadavg: 0.52 0.58 0.59 2/13 3842
/proc/meminfo: memFree=10537860/16587228 swapFree=50203628/50331648
Current children cumulated CPU time: 0 s
Current children cumulated vsize: 0 KiB
Current children cumulated memory: 0 KiB
heavy processes:

[startup+102.3 s]
/proc/loadavg: 0.52 0.58 0.59 2/13 3842
/proc/meminfo: memFree=10539136/16587228 swapFree=50203628/50331648
Current children cumulated CPU time: 0 s
Current children cumulated vsize: 0 KiB
Current children cumulated memory: 0 KiB
heavy processes:

[startup+162.3 s]
/proc/loadavg: 0.52 0.58 0.59 3/13 3842
/proc/meminfo: memFree=10522248/16587228 swapFree=50203628/50331648
Current children cumulated CPU time: 0 s
Current children cumulated vsize: 0 KiB
Current children cumulated memory: 0 KiB
heavy processes:

[startup+222.3 s]
/proc/loadavg: 0.52 0.58 0.59 2/13 3842
/proc/meminfo: memFree=10527932/16587228 swapFree=50203628/50331648
Current children cumulated CPU time: 0 s
Current children cumulated vsize: 0 KiB
Current children cumulated memory: 0 KiB
heavy processes:

[startup+230.584 s]
# the end of solver process 3841 was just reported to runsolver
# cumulated CPU time of all completed processes:  user=225.875 s, system=4.60938 s

Solver just ended.
??? end of watcher thread
Dumping a history of the last processes samples

[startup+224 s]*
/proc/loadavg: 0.52 0.58 0.59 3/13 3842
/proc/meminfo: memFree=10527976/16587228 swapFree=50203628/50331648
Current children cumulated CPU time: 0 s
Current children cumulated vsize: 0 KiB
Current children cumulated memory: 0 KiB

[startup+227.2 s]
/proc/loadavg: 0.52 0.58 0.59 3/13 3842
/proc/meminfo: memFree=10528004/16587228 swapFree=50203628/50331648
Current children cumulated CPU time: 0 s
Current children cumulated vsize: 0 KiB
Current children cumulated memory: 0 KiB

[startup+228.8 s]
/proc/loadavg: 0.52 0.58 0.59 3/13 3842
/proc/meminfo: memFree=10528136/16587228 swapFree=50203628/50331648
Current children cumulated CPU time: 0 s
Current children cumulated vsize: 0 KiB
Current children cumulated memory: 0 KiB

[startup+229.6 s]
/proc/loadavg: 0.52 0.58 0.59 2/13 3842
/proc/meminfo: memFree=10528096/16587228 swapFree=50203628/50331648
Current children cumulated CPU time: 0 s
Current children cumulated vsize: 0 KiB
Current children cumulated memory: 0 KiB

[startup+230.001 s]*
/proc/loadavg: 0.52 0.58 0.59 2/13 3842
/proc/meminfo: memFree=10528096/16587228 swapFree=50203628/50331648
Current children cumulated CPU time: 0 s
Current children cumulated vsize: 0 KiB
Current children cumulated memory: 0 KiB

[startup+230.401 s]
/proc/loadavg: 0.52 0.58 0.59 2/13 3842
/proc/meminfo: memFree=10528096/16587228 swapFree=50203628/50331648
Current children cumulated CPU time: 0 s
Current children cumulated vsize: 0 KiB
Current children cumulated memory: 0 KiB

[startup+230.5 s]
/proc/loadavg: 0.52 0.58 0.59 2/13 3842
/proc/meminfo: memFree=10528096/16587228 swapFree=50203628/50331648
Current children cumulated CPU time: 0 s
Current children cumulated vsize: 0 KiB
Current children cumulated memory: 0 KiB

Child status: 0
Real time (s): 230.584
CPU time (s): 230.484
CPU user time (s): 225.875
CPU system time (s): 4.60938
CPU usage (%): 99.9569
Max. virtual memory (cumulated for all children) (KiB): 0
Max. memory (cumulated for all children) (KiB): 0

getrusage(RUSAGE_CHILDREN,...) data:
user time used= 225.875
system time used= 4.60938
maximum resident set size= 25556
integral shared memory size= 0
integral unshared data size= 0
integral unshared stack size= 0
page reclaims= 6717
page faults= 0
swaps= 0
block input operations= 0
block output operations= 0
messages sent= 0
messages received= 0
signals received= 0
voluntary context switches= 0
involuntary context switches= 0


# summary of solver processes directly reported to runsolver:
#   pid: 3841
#   total CPU time (s): 230.484
#   total CPU user time (s): 225.875
#   total CPU system time (s): 4.60938

??? end of timestamper thread
runsolver used 0.015625 second user time and 0 second system time

The end
