runsolver version 3.4.0 (svn: 3018) Copyright (C) 2010-2013 Olivier ROUSSEL

This program is distributed in the hope that it will be useful,
but WITHOUT ANY WARRANTY; without even the implied warranty of
MERCHANTABILITY or FITNESS FOR A PARTICULAR PURPOSE.  See the
GNU General Public License for more details.

command line: /home/kunalan/runsolver/src/runsolver -C 1200 -W 1200 --vsize-limit 16384 -w results_nprc/nprc_newground_random_900_50_watch.log --var results_nprc/nprc_newground_random_900_50_values.log python3 ../newground2.py ../instances/benchmark_instances/encodings/nprc_newground.lp ../instances/benchmark_instances/graphs/random_900_50.lp 

running on 8 cores: 0-7

Enforcing CPUTime limit (soft limit, will send SIGTERM then SIGKILL): 1200 seconds
Enforcing CPUTime limit (hard limit, will send SIGXCPU): 1230 seconds
Enforcing wall clock limit (soft limit, will send SIGTERM then SIGKILL): 1200 seconds
Enforcing VSIZE limit (soft limit, will send SIGTERM then SIGKILL): 16777216 KiB
Enforcing VSIZE limit (hard limit, stack expansion will fail with SIGSEGV, brk() and mmap() will return ENOMEM): 16828416 KiB
Linux 4.4.0-22000-Microsoft
Current StackSize limit: 8192 KiB

solver pid=3305, runsolver pid=3303

[startup+0.100272 s]*
/proc/loadavg: 0.52 0.58 0.59 2/13 3306
/proc/meminfo: memFree=11635316/16587228 swapFree=50195560/50331648
Current children cumulated CPU time: 0 s
Current children cumulated vsize: 0 KiB
Current children cumulated memory: 0 KiB

[startup+0.2015 s]*
/proc/loadavg: 0.52 0.58 0.59 2/13 3306
/proc/meminfo: memFree=11631712/16587228 swapFree=50195560/50331648
Current children cumulated CPU time: 0 s
Current children cumulated vsize: 0 KiB
Current children cumulated memory: 0 KiB

[startup+0.30105 s]*
/proc/loadavg: 0.52 0.58 0.59 2/13 3306
/proc/meminfo: memFree=11629536/16587228 swapFree=50195560/50331648
Current children cumulated CPU time: 0 s
Current children cumulated vsize: 0 KiB
Current children cumulated memory: 0 KiB

[startup+0.700523 s]
/proc/loadavg: 0.52 0.58 0.59 2/13 3306
/proc/meminfo: memFree=11629536/16587228 swapFree=50195560/50331648
Current children cumulated CPU time: 0 s
Current children cumulated vsize: 0 KiB
Current children cumulated memory: 0 KiB

[startup+1.5002 s]
/proc/loadavg: 0.52 0.58 0.59 2/13 3306
/proc/meminfo: memFree=11636816/16587228 swapFree=50195560/50331648
Current children cumulated CPU time: 0 s
Current children cumulated vsize: 0 KiB
Current children cumulated memory: 0 KiB

[startup+3.10118 s]
/proc/loadavg: 0.52 0.58 0.59 2/13 3306
/proc/meminfo: memFree=11636396/16587228 swapFree=50197020/50331648
Current children cumulated CPU time: 0 s
Current children cumulated vsize: 0 KiB
Current children cumulated memory: 0 KiB
heavy processes:

[startup+6.30049 s]
/proc/loadavg: 0.52 0.58 0.59 2/13 3306
/proc/meminfo: memFree=11634044/16587228 swapFree=50197020/50331648
Current children cumulated CPU time: 0 s
Current children cumulated vsize: 0 KiB
Current children cumulated memory: 0 KiB
heavy processes:

[startup+12.7002 s]
/proc/loadavg: 0.52 0.58 0.59 2/13 3306
/proc/meminfo: memFree=11633668/16587228 swapFree=50197020/50331648
Current children cumulated CPU time: 0 s
Current children cumulated vsize: 0 KiB
Current children cumulated memory: 0 KiB
heavy processes:

[startup+25.5004 s]
/proc/loadavg: 0.52 0.58 0.59 2/13 3306
/proc/meminfo: memFree=11611924/16587228 swapFree=50197024/50331648
Current children cumulated CPU time: 0 s
Current children cumulated vsize: 0 KiB
Current children cumulated memory: 0 KiB
heavy processes:

[startup+51.1009 s]
/proc/loadavg: 0.52 0.58 0.59 2/13 3306
/proc/meminfo: memFree=11607892/16587228 swapFree=50197024/50331648
Current children cumulated CPU time: 0 s
Current children cumulated vsize: 0 KiB
Current children cumulated memory: 0 KiB
heavy processes:

[startup+102.301 s]
/proc/loadavg: 0.52 0.58 0.59 2/13 3306
/proc/meminfo: memFree=11566728/16587228 swapFree=50197024/50331648
Current children cumulated CPU time: 0 s
Current children cumulated vsize: 0 KiB
Current children cumulated memory: 0 KiB
heavy processes:

[startup+142.577 s]
# the end of solver process 3305 was just reported to runsolver
# cumulated CPU time of all completed processes:  user=141.969 s, system=0.453125 s

Solver just ended.
??? end of watcher thread
Dumping a history of the last processes samples

[startup+102.401 s]
/proc/loadavg: 0.52 0.58 0.59 2/13 3306
/proc/meminfo: memFree=11566648/16587228 swapFree=50197024/50331648
Current children cumulated CPU time: 0 s
Current children cumulated vsize: 0 KiB
Current children cumulated memory: 0 KiB

[startup+128 s]*
/proc/loadavg: 0.52 0.58 0.59 2/13 3306
/proc/meminfo: memFree=11455896/16587228 swapFree=50197024/50331648
Current children cumulated CPU time: 0 s
Current children cumulated vsize: 0 KiB
Current children cumulated memory: 0 KiB

[startup+134.4 s]
/proc/loadavg: 0.52 0.58 0.59 2/13 3306
/proc/meminfo: memFree=11470172/16587228 swapFree=50197024/50331648
Current children cumulated CPU time: 0 s
Current children cumulated vsize: 0 KiB
Current children cumulated memory: 0 KiB

[startup+137.601 s]
/proc/loadavg: 0.52 0.58 0.59 2/13 3306
/proc/meminfo: memFree=11455700/16587228 swapFree=50197024/50331648
Current children cumulated CPU time: 0 s
Current children cumulated vsize: 0 KiB
Current children cumulated memory: 0 KiB

[startup+140.8 s]
/proc/loadavg: 0.52 0.58 0.59 2/13 3306
/proc/meminfo: memFree=11455988/16587228 swapFree=50197024/50331648
Current children cumulated CPU time: 0 s
Current children cumulated vsize: 0 KiB
Current children cumulated memory: 0 KiB

[startup+141.6 s]
/proc/loadavg: 0.52 0.58 0.59 2/13 3306
/proc/meminfo: memFree=11461300/16587228 swapFree=50197024/50331648
Current children cumulated CPU time: 0 s
Current children cumulated vsize: 0 KiB
Current children cumulated memory: 0 KiB

[startup+142 s]*
/proc/loadavg: 0.52 0.58 0.59 2/13 3306
/proc/meminfo: memFree=11456548/16587228 swapFree=50197024/50331648
Current children cumulated CPU time: 0 s
Current children cumulated vsize: 0 KiB
Current children cumulated memory: 0 KiB

[startup+142.4 s]
/proc/loadavg: 0.52 0.58 0.59 2/13 3306
/proc/meminfo: memFree=11456548/16587228 swapFree=50197024/50331648
Current children cumulated CPU time: 0 s
Current children cumulated vsize: 0 KiB
Current children cumulated memory: 0 KiB

[startup+142.5 s]
/proc/loadavg: 0.52 0.58 0.59 2/13 3306
/proc/meminfo: memFree=11456548/16587228 swapFree=50197024/50331648
Current children cumulated CPU time: 0 s
Current children cumulated vsize: 0 KiB
Current children cumulated memory: 0 KiB

Child status: 0
Real time (s): 142.578
CPU time (s): 142.422
CPU user time (s): 141.969
CPU system time (s): 0.453125
CPU usage (%): 99.8908
Max. virtual memory (cumulated for all children) (KiB): 0
Max. memory (cumulated for all children) (KiB): 0

getrusage(RUSAGE_CHILDREN,...) data:
user time used= 141.969
system time used= 0.453125
maximum resident set size= 203628
integral shared memory size= 0
integral unshared data size= 0
integral unshared stack size= 0
page reclaims= 67407
page faults= 0
swaps= 0
block input operations= 0
block output operations= 0
messages sent= 0
messages received= 0
signals received= 0
voluntary context switches= 0
involuntary context switches= 0


# summary of solver processes directly reported to runsolver:
#   pid: 3305
#   total CPU time (s): 142.422
#   total CPU user time (s): 141.969
#   total CPU system time (s): 0.453125

??? end of timestamper thread
runsolver used 0 second user time and 0 second system time

The end
