runsolver version 3.4.0 (svn: 3018) Copyright (C) 2010-2013 Olivier ROUSSEL

This program is distributed in the hope that it will be useful,
but WITHOUT ANY WARRANTY; without even the implied warranty of
MERCHANTABILITY or FITNESS FOR A PARTICULAR PURPOSE.  See the
GNU General Public License for more details.

command line: /home/kunalan/runsolver/src/runsolver -C 1200 -W 1200 --vsize-limit 16384 -w results_nprc/nprc_newground2_random_500_90_watch.log --var results_nprc/nprc_newground2_random_500_90_values.log python3 ../newground2.py ../instances/benchmark_instances/encodings/nprc_newground2.lp ../instances/benchmark_instances/graphs/random_500_90.lp 

running on 8 cores: 0-7

Enforcing CPUTime limit (soft limit, will send SIGTERM then SIGKILL): 1200 seconds
Enforcing CPUTime limit (hard limit, will send SIGXCPU): 1230 seconds
Enforcing wall clock limit (soft limit, will send SIGTERM then SIGKILL): 1200 seconds
Enforcing VSIZE limit (soft limit, will send SIGTERM then SIGKILL): 16777216 KiB
Enforcing VSIZE limit (hard limit, stack expansion will fail with SIGSEGV, brk() and mmap() will return ENOMEM): 16828416 KiB
Linux 4.4.0-22000-Microsoft
solver pid=2585, runsolver pid=2583
Current StackSize limit: 8192 KiB


[startup+0.100539 s]*
/proc/loadavg: 0.52 0.58 0.59 2/13 2586
/proc/meminfo: memFree=11550908/16587228 swapFree=50193984/50331648
Current children cumulated CPU time: 0 s
Current children cumulated vsize: 0 KiB
Current children cumulated memory: 0 KiB

[startup+0.201197 s]*
/proc/loadavg: 0.52 0.58 0.59 2/13 2586
/proc/meminfo: memFree=11533208/16587228 swapFree=50193984/50331648
Current children cumulated CPU time: 0 s
Current children cumulated vsize: 0 KiB
Current children cumulated memory: 0 KiB

[startup+0.300893 s]*
/proc/loadavg: 0.52 0.58 0.59 2/13 2586
/proc/meminfo: memFree=11529780/16587228 swapFree=50193984/50331648
Current children cumulated CPU time: 0 s
Current children cumulated vsize: 0 KiB
Current children cumulated memory: 0 KiB

[startup+0.700563 s]
/proc/loadavg: 0.52 0.58 0.59 2/13 2586
/proc/meminfo: memFree=11529776/16587228 swapFree=50193984/50331648
Current children cumulated CPU time: 0 s
Current children cumulated vsize: 0 KiB
Current children cumulated memory: 0 KiB

[startup+1.50021 s]
/proc/loadavg: 0.52 0.58 0.59 2/13 2587
/proc/meminfo: memFree=11530820/16587228 swapFree=50193984/50331648
Current children cumulated CPU time: 0 s
Current children cumulated vsize: 0 KiB
Current children cumulated memory: 0 KiB

[startup+3.10118 s]
/proc/loadavg: 0.52 0.58 0.59 2/13 2587
/proc/meminfo: memFree=11529792/16587228 swapFree=50193984/50331648
Current children cumulated CPU time: 0 s
Current children cumulated vsize: 0 KiB
Current children cumulated memory: 0 KiB
heavy processes:

[startup+6.15057 s]
# the end of solver process 2585 was just reported to runsolver
# cumulated CPU time of all completed processes:  user=5.96875 s, system=0.15625 s

Solver just ended.
??? end of watcher thread
Dumping a history of the last processes samples

[startup+3.2009 s]
/proc/loadavg: 0.52 0.58 0.59 2/13 2587
/proc/meminfo: memFree=11529784/16587228 swapFree=50193984/50331648
Current children cumulated CPU time: 0 s
Current children cumulated vsize: 0 KiB
Current children cumulated memory: 0 KiB

[startup+4.80029 s]
/proc/loadavg: 0.52 0.58 0.59 2/13 2587
/proc/meminfo: memFree=11526844/16587228 swapFree=50193984/50331648
Current children cumulated CPU time: 0 s
Current children cumulated vsize: 0 KiB
Current children cumulated memory: 0 KiB

[startup+5.60031 s]
/proc/loadavg: 0.52 0.58 0.59 2/13 2587
/proc/meminfo: memFree=11527240/16587228 swapFree=50193984/50331648
Current children cumulated CPU time: 0 s
Current children cumulated vsize: 0 KiB
Current children cumulated memory: 0 KiB

[startup+6.00009 s]*
/proc/loadavg: 0.52 0.58 0.59 2/13 2587
/proc/meminfo: memFree=11526736/16587228 swapFree=50193984/50331648
Current children cumulated CPU time: 0 s
Current children cumulated vsize: 0 KiB
Current children cumulated memory: 0 KiB

[startup+6.10094 s]
/proc/loadavg: 0.52 0.58 0.59 2/13 2587
/proc/meminfo: memFree=11526736/16587228 swapFree=50193984/50331648
Current children cumulated CPU time: 0 s
Current children cumulated vsize: 0 KiB
Current children cumulated memory: 0 KiB

Child status: 1
Real time (s): 6.15064
CPU time (s): 6.125
CPU user time (s): 5.96875
CPU system time (s): 0.15625
CPU usage (%): 99.5831
Max. virtual memory (cumulated for all children) (KiB): 0
Max. memory (cumulated for all children) (KiB): 0

getrusage(RUSAGE_CHILDREN,...) data:
user time used= 5.96875
system time used= 0.15625
maximum resident set size= 28112
integral shared memory size= 0
integral unshared data size= 0
integral unshared stack size= 0
page reclaims= 7441
page faults= 0
swaps= 0
block input operations= 0
block output operations= 0
messages sent= 0
messages received= 0
signals received= 0
voluntary context switches= 0
involuntary context switches= 0


# summary of solver processes directly reported to runsolver:
#   pid: 2585
#   total CPU time (s): 6.125
#   total CPU user time (s): 5.96875
#   total CPU system time (s): 0.15625

??? end of timestamper thread
runsolver used 0 second user time and 0 second system time

The end
