runsolver version 3.4.0 (svn: 3018) Copyright (C) 2010-2013 Olivier ROUSSEL

This program is distributed in the hope that it will be useful,
but WITHOUT ANY WARRANTY; without even the implied warranty of
MERCHANTABILITY or FITNESS FOR A PARTICULAR PURPOSE.  See the
GNU General Public License for more details.

command line: /home/kunalan/runsolver/src/runsolver -C 1200 -W 1200 --vsize-limit 16384 -w results_nprc/nprc_newground_random_900_100_watch.log --var results_nprc/nprc_newground_random_900_100_values.log python3 ../newground2.py ../instances/benchmark_instances/encodings/nprc_newground.lp ../instances/benchmark_instances/graphs/random_900_100.lp 

running on 8 cores: 0-7

Enforcing CPUTime limit (soft limit, will send SIGTERM then SIGKILL): 1200 seconds
Enforcing CPUTime limit (hard limit, will send SIGXCPU): 1230 seconds
Enforcing wall clock limit (soft limit, will send SIGTERM then SIGKILL): 1200 seconds
Enforcing VSIZE limit (soft limit, will send SIGTERM then SIGKILL): 16777216 KiB
Enforcing VSIZE limit (hard limit, stack expansion will fail with SIGSEGV, brk() and mmap() will return ENOMEM): 16828416 KiB
Linux 4.4.0-22000-Microsoft
solver pid=3285, runsolver pid=3283
Current StackSize limit: 8192 KiB


[startup+0.100487 s]*
/proc/loadavg: 0.52 0.58 0.59 2/13 3286
/proc/meminfo: memFree=11604388/16587228 swapFree=50195476/50331648
Current children cumulated CPU time: 0 s
Current children cumulated vsize: 0 KiB
Current children cumulated memory: 0 KiB

[startup+0.201206 s]*
/proc/loadavg: 0.52 0.58 0.59 2/13 3286
/proc/meminfo: memFree=11591744/16587228 swapFree=50195476/50331648
Current children cumulated CPU time: 0 s
Current children cumulated vsize: 0 KiB
Current children cumulated memory: 0 KiB

[startup+0.301046 s]*
/proc/loadavg: 0.52 0.58 0.59 2/13 3286
/proc/meminfo: memFree=11583704/16587228 swapFree=50195476/50331648
Current children cumulated CPU time: 0 s
Current children cumulated vsize: 0 KiB
Current children cumulated memory: 0 KiB

[startup+0.700484 s]
/proc/loadavg: 0.52 0.58 0.59 2/13 3286
/proc/meminfo: memFree=11583552/16587228 swapFree=50195476/50331648
Current children cumulated CPU time: 0 s
Current children cumulated vsize: 0 KiB
Current children cumulated memory: 0 KiB

[startup+1.50052 s]
/proc/loadavg: 0.52 0.58 0.59 2/13 3286
/proc/meminfo: memFree=11583628/16587228 swapFree=50195476/50331648
Current children cumulated CPU time: 0 s
Current children cumulated vsize: 0 KiB
Current children cumulated memory: 0 KiB

[startup+3.10094 s]
/proc/loadavg: 0.52 0.58 0.59 2/13 3286
/proc/meminfo: memFree=11586588/16587228 swapFree=50195476/50331648
Current children cumulated CPU time: 0 s
Current children cumulated vsize: 0 KiB
Current children cumulated memory: 0 KiB
heavy processes:

[startup+6.30046 s]
/proc/loadavg: 0.52 0.58 0.59 2/13 3286
/proc/meminfo: memFree=11586592/16587228 swapFree=50195476/50331648
Current children cumulated CPU time: 0 s
Current children cumulated vsize: 0 KiB
Current children cumulated memory: 0 KiB
heavy processes:

[startup+12.7003 s]
/proc/loadavg: 0.52 0.58 0.59 2/13 3286
/proc/meminfo: memFree=11586144/16587228 swapFree=50195476/50331648
Current children cumulated CPU time: 0 s
Current children cumulated vsize: 0 KiB
Current children cumulated memory: 0 KiB
heavy processes:

[startup+25.5004 s]
/proc/loadavg: 0.52 0.58 0.59 2/13 3286
/proc/meminfo: memFree=11585028/16587228 swapFree=50195476/50331648
Current children cumulated CPU time: 0 s
Current children cumulated vsize: 0 KiB
Current children cumulated memory: 0 KiB
heavy processes:

[startup+51.1011 s]
/proc/loadavg: 0.52 0.58 0.59 2/13 3286
/proc/meminfo: memFree=11566428/16587228 swapFree=50195476/50331648
Current children cumulated CPU time: 0 s
Current children cumulated vsize: 0 KiB
Current children cumulated memory: 0 KiB
heavy processes:

[startup+102.3 s]
/proc/loadavg: 0.52 0.58 0.59 2/13 3286
/proc/meminfo: memFree=11538036/16587228 swapFree=50195476/50331648
Current children cumulated CPU time: 0 s
Current children cumulated vsize: 0 KiB
Current children cumulated memory: 0 KiB
heavy processes:

[startup+162.3 s]
/proc/loadavg: 0.52 0.58 0.59 2/13 3286
/proc/meminfo: memFree=11507316/16587228 swapFree=50195476/50331648
Current children cumulated CPU time: 0 s
Current children cumulated vsize: 0 KiB
Current children cumulated memory: 0 KiB
heavy processes:

[startup+222.3 s]
/proc/loadavg: 0.52 0.58 0.59 2/13 3286
/proc/meminfo: memFree=11448144/16587228 swapFree=50195480/50331648
Current children cumulated CPU time: 0 s
Current children cumulated vsize: 0 KiB
Current children cumulated memory: 0 KiB
heavy processes:

[startup+261.615 s]
# the end of solver process 3285 was just reported to runsolver
# cumulated CPU time of all completed processes:  user=261.031 s, system=0.546875 s

Solver just ended.
??? end of watcher thread
Dumping a history of the last processes samples

[startup+230.401 s]
/proc/loadavg: 0.52 0.58 0.59 2/13 3286
/proc/meminfo: memFree=11452612/16587228 swapFree=50195480/50331648
Current children cumulated CPU time: 0 s
Current children cumulated vsize: 0 KiB
Current children cumulated memory: 0 KiB

[startup+243.2 s]
/proc/loadavg: 0.52 0.58 0.59 3/13 3286
/proc/meminfo: memFree=11401584/16587228 swapFree=50195480/50331648
Current children cumulated CPU time: 0 s
Current children cumulated vsize: 0 KiB
Current children cumulated memory: 0 KiB

[startup+249.601 s]
/proc/loadavg: 0.52 0.58 0.59 2/13 3286
/proc/meminfo: memFree=11386476/16587228 swapFree=50195480/50331648
Current children cumulated CPU time: 0 s
Current children cumulated vsize: 0 KiB
Current children cumulated memory: 0 KiB

[startup+256 s]*
/proc/loadavg: 0.52 0.58 0.59 2/13 3286
/proc/meminfo: memFree=11388188/16587228 swapFree=50195480/50331648
Current children cumulated CPU time: 0 s
Current children cumulated vsize: 0 KiB
Current children cumulated memory: 0 KiB

[startup+259.2 s]
/proc/loadavg: 0.52 0.58 0.59 3/13 3286
/proc/meminfo: memFree=11388344/16587228 swapFree=50195480/50331648
Current children cumulated CPU time: 0 s
Current children cumulated vsize: 0 KiB
Current children cumulated memory: 0 KiB

[startup+260.8 s]
/proc/loadavg: 0.52 0.58 0.59 2/13 3286
/proc/meminfo: memFree=11388384/16587228 swapFree=50195480/50331648
Current children cumulated CPU time: 0 s
Current children cumulated vsize: 0 KiB
Current children cumulated memory: 0 KiB

[startup+261.2 s]
/proc/loadavg: 0.52 0.58 0.59 2/13 3286
/proc/meminfo: memFree=11388428/16587228 swapFree=50195480/50331648
Current children cumulated CPU time: 0 s
Current children cumulated vsize: 0 KiB
Current children cumulated memory: 0 KiB

[startup+261.6 s]
/proc/loadavg: 0.52 0.58 0.59 2/13 3286
/proc/meminfo: memFree=11388428/16587228 swapFree=50195480/50331648
Current children cumulated CPU time: 0 s
Current children cumulated vsize: 0 KiB
Current children cumulated memory: 0 KiB

Child status: 0
Real time (s): 261.616
CPU time (s): 261.578
CPU user time (s): 261.031
CPU system time (s): 0.546875
CPU usage (%): 99.9857
Max. virtual memory (cumulated for all children) (KiB): 0
Max. memory (cumulated for all children) (KiB): 0

getrusage(RUSAGE_CHILDREN,...) data:
user time used= 261.031
system time used= 0.546875
maximum resident set size= 268168
integral shared memory size= 0
integral unshared data size= 0
integral unshared stack size= 0
page reclaims= 87414
page faults= 0
swaps= 0
block input operations= 0
block output operations= 0
messages sent= 0
messages received= 0
signals received= 0
voluntary context switches= 0
involuntary context switches= 0


# summary of solver processes directly reported to runsolver:
#   pid: 3285
#   total CPU time (s): 261.578
#   total CPU user time (s): 261.031
#   total CPU system time (s): 0.546875

??? end of timestamper thread
runsolver used 0 second user time and 0.015625 second system time

The end
