runsolver version 3.4.0 (svn: 3018) Copyright (C) 2010-2013 Olivier ROUSSEL

This program is distributed in the hope that it will be useful,
but WITHOUT ANY WARRANTY; without even the implied warranty of
MERCHANTABILITY or FITNESS FOR A PARTICULAR PURPOSE.  See the
GNU General Public License for more details.

command line: /home/kunalan/runsolver/src/runsolver -C 1200 -W 1200 --vsize-limit 16384 -w results_nprc/nprc_newground2_random_50_80_watch.log --var results_nprc/nprc_newground2_random_50_80_values.log python3 ../newground2.py ../instances/benchmark_instances/encodings/nprc_newground2.lp ../instances/benchmark_instances/graphs/random_50_80.lp 

running on 8 cores: 0-7

Enforcing CPUTime limit (soft limit, will send SIGTERM then SIGKILL): 1200 seconds
Enforcing CPUTime limit (hard limit, will send SIGXCPU): 1230 seconds
Enforcing wall clock limit (soft limit, will send SIGTERM then SIGKILL): 1200 seconds
Enforcing VSIZE limit (soft limit, will send SIGTERM then SIGKILL): 16777216 KiB
Enforcing VSIZE limit (hard limit, stack expansion will fail with SIGSEGV, brk() and mmap() will return ENOMEM): 16828416 KiB
Linux 4.4.0-22000-Microsoft
Current StackSize limit: 8192 KiB

solver pid=2741, runsolver pid=2739

[startup+0.10013 s]*
/proc/loadavg: 0.52 0.58 0.59 2/13 2742
/proc/meminfo: memFree=11619256/16587228 swapFree=50194060/50331648
Current children cumulated CPU time: 0 s
Current children cumulated vsize: 0 KiB
Current children cumulated memory: 0 KiB

[startup+0.201245 s]*
/proc/loadavg: 0.52 0.58 0.59 2/13 2742
/proc/meminfo: memFree=11608052/16587228 swapFree=50194060/50331648
Current children cumulated CPU time: 0 s
Current children cumulated vsize: 0 KiB
Current children cumulated memory: 0 KiB

[startup+0.300873 s]*
/proc/loadavg: 0.52 0.58 0.59 2/13 2742
/proc/meminfo: memFree=11605188/16587228 swapFree=50194060/50331648
Current children cumulated CPU time: 0 s
Current children cumulated vsize: 0 KiB
Current children cumulated memory: 0 KiB

[startup+0.700444 s]
/proc/loadavg: 0.52 0.58 0.59 2/13 2742
/proc/meminfo: memFree=11605172/16587228 swapFree=50194060/50331648
Current children cumulated CPU time: 0 s
Current children cumulated vsize: 0 KiB
Current children cumulated memory: 0 KiB

[startup+1.50049 s]
/proc/loadavg: 0.52 0.58 0.59 2/13 2742
/proc/meminfo: memFree=11603376/16587228 swapFree=50194060/50331648
Current children cumulated CPU time: 0 s
Current children cumulated vsize: 0 KiB
Current children cumulated memory: 0 KiB

[startup+3.10084 s]
/proc/loadavg: 0.52 0.58 0.59 2/13 2743
/proc/meminfo: memFree=11599540/16587228 swapFree=50194060/50331648
Current children cumulated CPU time: 0 s
Current children cumulated vsize: 0 KiB
Current children cumulated memory: 0 KiB
heavy processes:

[startup+5.7453 s]
# the end of solver process 2741 was just reported to runsolver
# cumulated CPU time of all completed processes:  user=5.60938 s, system=0.078125 s

Solver just ended.
??? end of watcher thread
Dumping a history of the last processes samples

[startup+3.20118 s]
/proc/loadavg: 0.52 0.58 0.59 2/13 2743
/proc/meminfo: memFree=11599576/16587228 swapFree=50194060/50331648
Current children cumulated CPU time: 0 s
Current children cumulated vsize: 0 KiB
Current children cumulated memory: 0 KiB

[startup+4.80021 s]
/proc/loadavg: 0.52 0.58 0.59 2/13 2743
/proc/meminfo: memFree=11599012/16587228 swapFree=50194060/50331648
Current children cumulated CPU time: 0 s
Current children cumulated vsize: 0 KiB
Current children cumulated memory: 0 KiB

[startup+5.20016 s]
/proc/loadavg: 0.52 0.58 0.59 2/13 2743
/proc/meminfo: memFree=11598912/16587228 swapFree=50194060/50331648
Current children cumulated CPU time: 0 s
Current children cumulated vsize: 0 KiB
Current children cumulated memory: 0 KiB

[startup+5.60046 s]
/proc/loadavg: 0.52 0.58 0.59 2/13 2743
/proc/meminfo: memFree=11598912/16587228 swapFree=50194060/50331648
Current children cumulated CPU time: 0 s
Current children cumulated vsize: 0 KiB
Current children cumulated memory: 0 KiB

[startup+5.70012 s]
/proc/loadavg: 0.52 0.58 0.59 2/13 2743
/proc/meminfo: memFree=11598912/16587228 swapFree=50194060/50331648
Current children cumulated CPU time: 0 s
Current children cumulated vsize: 0 KiB
Current children cumulated memory: 0 KiB

Child status: 1
Real time (s): 5.74536
CPU time (s): 5.6875
CPU user time (s): 5.60938
CPU system time (s): 0.078125
CPU usage (%): 98.9929
Max. virtual memory (cumulated for all children) (KiB): 0
Max. memory (cumulated for all children) (KiB): 0

getrusage(RUSAGE_CHILDREN,...) data:
user time used= 5.60938
system time used= 0.078125
maximum resident set size= 27532
integral shared memory size= 0
integral unshared data size= 0
integral unshared stack size= 0
page reclaims= 7188
page faults= 0
swaps= 0
block input operations= 0
block output operations= 0
messages sent= 0
messages received= 0
signals received= 0
voluntary context switches= 0
involuntary context switches= 0


# summary of solver processes directly reported to runsolver:
#   pid: 2741
#   total CPU time (s): 5.6875
#   total CPU user time (s): 5.60938
#   total CPU system time (s): 0.078125

??? end of timestamper thread
runsolver used 0 second user time and 0 second system time

The end
