runsolver version 3.4.0 (svn: 3018) Copyright (C) 2010-2013 Olivier ROUSSEL

This program is distributed in the hope that it will be useful,
but WITHOUT ANY WARRANTY; without even the implied warranty of
MERCHANTABILITY or FITNESS FOR A PARTICULAR PURPOSE.  See the
GNU General Public License for more details.

command line: /home/kunalan/runsolver/src/runsolver -C 1200 -W 1200 --vsize-limit 16384 -w results_nprc/nprc_newground_random_600_70_watch.log --var results_nprc/nprc_newground_random_600_70_values.log python3 ../newground2.py ../instances/benchmark_instances/encodings/nprc_newground.lp ../instances/benchmark_instances/graphs/random_600_70.lp 

running on 8 cores: 0-7

Enforcing CPUTime limit (soft limit, will send SIGTERM then SIGKILL): 1200 seconds
Enforcing CPUTime limit (hard limit, will send SIGXCPU): 1230 seconds
Enforcing wall clock limit (soft limit, will send SIGTERM then SIGKILL): 1200 seconds
Enforcing VSIZE limit (soft limit, will send SIGTERM then SIGKILL): 16777216 KiB
Enforcing VSIZE limit (hard limit, stack expansion will fail with SIGSEGV, brk() and mmap() will return ENOMEM): 16828416 KiB
Linux 4.4.0-22000-Microsoft
solver pid=3038, runsolver pid=3036
Current StackSize limit: 8192 KiB


[startup+0.100519 s]*
/proc/loadavg: 0.52 0.58 0.59 2/13 3039
/proc/meminfo: memFree=11371536/16587228 swapFree=50194136/50331648
Current children cumulated CPU time: 0 s
Current children cumulated vsize: 0 KiB
Current children cumulated memory: 0 KiB

[startup+0.201157 s]*
/proc/loadavg: 0.52 0.58 0.59 2/13 3039
/proc/meminfo: memFree=11366908/16587228 swapFree=50194136/50331648
Current children cumulated CPU time: 0 s
Current children cumulated vsize: 0 KiB
Current children cumulated memory: 0 KiB

[startup+0.301257 s]*
/proc/loadavg: 0.52 0.58 0.59 2/13 3039
/proc/meminfo: memFree=11365344/16587228 swapFree=50194136/50331648
Current children cumulated CPU time: 0 s
Current children cumulated vsize: 0 KiB
Current children cumulated memory: 0 KiB

[startup+0.700535 s]
/proc/loadavg: 0.52 0.58 0.59 2/13 3039
/proc/meminfo: memFree=11365336/16587228 swapFree=50194136/50331648
Current children cumulated CPU time: 0 s
Current children cumulated vsize: 0 KiB
Current children cumulated memory: 0 KiB

[startup+1.50015 s]
/proc/loadavg: 0.52 0.58 0.59 2/13 3039
/proc/meminfo: memFree=11354944/16587228 swapFree=50194136/50331648
Current children cumulated CPU time: 0 s
Current children cumulated vsize: 0 KiB
Current children cumulated memory: 0 KiB

[startup+3.10077 s]
/proc/loadavg: 0.52 0.58 0.59 2/13 3039
/proc/meminfo: memFree=11360964/16587228 swapFree=50194136/50331648
Current children cumulated CPU time: 0 s
Current children cumulated vsize: 0 KiB
Current children cumulated memory: 0 KiB
heavy processes:

[startup+6.30015 s]
/proc/loadavg: 0.52 0.58 0.59 2/13 3039
/proc/meminfo: memFree=11359672/16587228 swapFree=50194136/50331648
Current children cumulated CPU time: 0 s
Current children cumulated vsize: 0 KiB
Current children cumulated memory: 0 KiB
heavy processes:

[startup+12.7001 s]
/proc/loadavg: 0.52 0.58 0.59 2/13 3039
/proc/meminfo: memFree=11359276/16587228 swapFree=50194136/50331648
Current children cumulated CPU time: 0 s
Current children cumulated vsize: 0 KiB
Current children cumulated memory: 0 KiB
heavy processes:

[startup+25.5001 s]
/proc/loadavg: 0.52 0.58 0.59 2/13 3039
/proc/meminfo: memFree=11360256/16587228 swapFree=50194136/50331648
Current children cumulated CPU time: 0 s
Current children cumulated vsize: 0 KiB
Current children cumulated memory: 0 KiB
heavy processes:

[startup+51.1009 s]
/proc/loadavg: 0.52 0.58 0.59 2/13 3039
/proc/meminfo: memFree=11345144/16587228 swapFree=50194136/50331648
Current children cumulated CPU time: 0 s
Current children cumulated vsize: 0 KiB
Current children cumulated memory: 0 KiB
heavy processes:

[startup+85.9081 s]
# the end of solver process 3038 was just reported to runsolver
# cumulated CPU time of all completed processes:  user=85.5312 s, system=0.296875 s

Solver just ended.
??? end of watcher thread
Dumping a history of the last processes samples

[startup+51.2011 s]
/proc/loadavg: 0.52 0.58 0.59 2/13 3039
/proc/meminfo: memFree=11345144/16587228 swapFree=50194136/50331648
Current children cumulated CPU time: 0 s
Current children cumulated vsize: 0 KiB
Current children cumulated memory: 0 KiB

[startup+64.0002 s]*
/proc/loadavg: 0.52 0.58 0.59 2/13 3039
/proc/meminfo: memFree=11343200/16587228 swapFree=50194136/50331648
Current children cumulated CPU time: 0 s
Current children cumulated vsize: 0 KiB
Current children cumulated memory: 0 KiB

[startup+76.8003 s]
/proc/loadavg: 0.52 0.58 0.59 2/13 3039
/proc/meminfo: memFree=11305660/16587228 swapFree=50194136/50331648
Current children cumulated CPU time: 0 s
Current children cumulated vsize: 0 KiB
Current children cumulated memory: 0 KiB

[startup+80.0005 s]*
/proc/loadavg: 0.52 0.58 0.59 2/13 3039
/proc/meminfo: memFree=11288204/16587228 swapFree=50194136/50331648
Current children cumulated CPU time: 0 s
Current children cumulated vsize: 0 KiB
Current children cumulated memory: 0 KiB

[startup+83.2001 s]
/proc/loadavg: 0.52 0.58 0.59 2/13 3039
/proc/meminfo: memFree=11288140/16587228 swapFree=50194136/50331648
Current children cumulated CPU time: 0 s
Current children cumulated vsize: 0 KiB
Current children cumulated memory: 0 KiB

[startup+84.8006 s]
/proc/loadavg: 0.52 0.58 0.59 2/13 3039
/proc/meminfo: memFree=11288716/16587228 swapFree=50194136/50331648
Current children cumulated CPU time: 0 s
Current children cumulated vsize: 0 KiB
Current children cumulated memory: 0 KiB

[startup+85.6004 s]
/proc/loadavg: 0.52 0.58 0.59 2/13 3039
/proc/meminfo: memFree=11288716/16587228 swapFree=50194136/50331648
Current children cumulated CPU time: 0 s
Current children cumulated vsize: 0 KiB
Current children cumulated memory: 0 KiB

[startup+85.8005 s]
/proc/loadavg: 0.52 0.58 0.59 2/13 3039
/proc/meminfo: memFree=11288716/16587228 swapFree=50194136/50331648
Current children cumulated CPU time: 0 s
Current children cumulated vsize: 0 KiB
Current children cumulated memory: 0 KiB

[startup+85.9002 s]
/proc/loadavg: 0.52 0.58 0.59 2/13 3039
/proc/meminfo: memFree=11288716/16587228 swapFree=50194136/50331648
Current children cumulated CPU time: 0 s
Current children cumulated vsize: 0 KiB
Current children cumulated memory: 0 KiB

Child status: 0
Real time (s): 85.9081
CPU time (s): 85.8281
CPU user time (s): 85.5312
CPU system time (s): 0.296875
CPU usage (%): 99.9069
Max. virtual memory (cumulated for all children) (KiB): 0
Max. memory (cumulated for all children) (KiB): 0

getrusage(RUSAGE_CHILDREN,...) data:
user time used= 85.5312
system time used= 0.296875
maximum resident set size= 114520
integral shared memory size= 0
integral unshared data size= 0
integral unshared stack size= 0
page reclaims= 35845
page faults= 0
swaps= 0
block input operations= 0
block output operations= 0
messages sent= 0
messages received= 0
signals received= 0
voluntary context switches= 0
involuntary context switches= 0


# summary of solver processes directly reported to runsolver:
#   pid: 3038
#   total CPU time (s): 85.8281
#   total CPU user time (s): 85.5312
#   total CPU system time (s): 0.296875

??? end of timestamper thread
runsolver used 0.015625 second user time and 0 second system time

The end
