runsolver version 3.4.0 (svn: 3018) Copyright (C) 2010-2013 Olivier ROUSSEL

This program is distributed in the hope that it will be useful,
but WITHOUT ANY WARRANTY; without even the implied warranty of
MERCHANTABILITY or FITNESS FOR A PARTICULAR PURPOSE.  See the
GNU General Public License for more details.

command line: /home/kunalan/runsolver/src/runsolver -C 1200 -W 1200 --vsize-limit 16384 -w results_nprc/nprc_newground_random_1100_50_watch.log --var results_nprc/nprc_newground_random_1100_50_values.log python3 ../newground2.py ../instances/benchmark_instances/encodings/nprc_newground.lp ../instances/benchmark_instances/graphs/random_1100_50.lp 

running on 8 cores: 0-7

Enforcing CPUTime limit (soft limit, will send SIGTERM then SIGKILL): 1200 seconds
Enforcing CPUTime limit (hard limit, will send SIGXCPU): 1230 seconds
Enforcing wall clock limit (soft limit, will send SIGTERM then SIGKILL): 1200 seconds
Enforcing VSIZE limit (soft limit, will send SIGTERM then SIGKILL): 16777216 KiB
Enforcing VSIZE limit (hard limit, stack expansion will fail with SIGSEGV, brk() and mmap() will return ENOMEM): 16828416 KiB
Linux 4.4.0-22000-Microsoft
Current StackSize limit: 8192 KiB
solver pid=3416, runsolver pid=3414


[startup+0.100372 s]*
/proc/loadavg: 0.52 0.58 0.59 2/13 3417
/proc/meminfo: memFree=11561896/16587228 swapFree=50201152/50331648
Current children cumulated CPU time: 0 s
Current children cumulated vsize: 0 KiB
Current children cumulated memory: 0 KiB

[startup+0.201156 s]*
/proc/loadavg: 0.52 0.58 0.59 2/13 3417
/proc/meminfo: memFree=11549596/16587228 swapFree=50201152/50331648
Current children cumulated CPU time: 0 s
Current children cumulated vsize: 0 KiB
Current children cumulated memory: 0 KiB

[startup+0.301049 s]*
/proc/loadavg: 0.52 0.58 0.59 2/13 3417
/proc/meminfo: memFree=11538652/16587228 swapFree=50201152/50331648
Current children cumulated CPU time: 0 s
Current children cumulated vsize: 0 KiB
Current children cumulated memory: 0 KiB

[startup+0.70044 s]
/proc/loadavg: 0.52 0.58 0.59 2/13 3417
/proc/meminfo: memFree=11538672/16587228 swapFree=50201152/50331648
Current children cumulated CPU time: 0 s
Current children cumulated vsize: 0 KiB
Current children cumulated memory: 0 KiB

[startup+1.50049 s]
/proc/loadavg: 0.52 0.58 0.59 2/13 3417
/proc/meminfo: memFree=11535400/16587228 swapFree=50201152/50331648
Current children cumulated CPU time: 0 s
Current children cumulated vsize: 0 KiB
Current children cumulated memory: 0 KiB

[startup+3.10082 s]
/proc/loadavg: 0.52 0.58 0.59 2/13 3417
/proc/meminfo: memFree=11534632/16587228 swapFree=50201152/50331648
Current children cumulated CPU time: 0 s
Current children cumulated vsize: 0 KiB
Current children cumulated memory: 0 KiB
heavy processes:

[startup+6.30018 s]
/proc/loadavg: 0.52 0.58 0.59 2/13 3417
/proc/meminfo: memFree=11536580/16587228 swapFree=50201152/50331648
Current children cumulated CPU time: 0 s
Current children cumulated vsize: 0 KiB
Current children cumulated memory: 0 KiB
heavy processes:

[startup+12.7005 s]
/proc/loadavg: 0.52 0.58 0.59 2/13 3417
/proc/meminfo: memFree=11540388/16587228 swapFree=50201152/50331648
Current children cumulated CPU time: 0 s
Current children cumulated vsize: 0 KiB
Current children cumulated memory: 0 KiB
heavy processes:

[startup+25.5002 s]
/proc/loadavg: 0.52 0.58 0.59 2/13 3417
/proc/meminfo: memFree=11528972/16587228 swapFree=50201152/50331648
Current children cumulated CPU time: 0 s
Current children cumulated vsize: 0 KiB
Current children cumulated memory: 0 KiB
heavy processes:

[startup+51.101 s]
/proc/loadavg: 0.52 0.58 0.59 2/13 3417
/proc/meminfo: memFree=11524060/16587228 swapFree=50201152/50331648
Current children cumulated CPU time: 0 s
Current children cumulated vsize: 0 KiB
Current children cumulated memory: 0 KiB
heavy processes:

[startup+102.3 s]
/proc/loadavg: 0.52 0.58 0.59 2/13 3417
/proc/meminfo: memFree=11504104/16587228 swapFree=50201152/50331648
Current children cumulated CPU time: 0 s
Current children cumulated vsize: 0 KiB
Current children cumulated memory: 0 KiB
heavy processes:

[startup+162.3 s]
/proc/loadavg: 0.52 0.58 0.59 2/13 3417
/proc/meminfo: memFree=11445712/16587228 swapFree=50201156/50331648
Current children cumulated CPU time: 0 s
Current children cumulated vsize: 0 KiB
Current children cumulated memory: 0 KiB
heavy processes:

[startup+216.006 s]
# the end of solver process 3416 was just reported to runsolver
# cumulated CPU time of all completed processes:  user=215.375 s, system=0.546875 s

Solver just ended.
??? end of watcher thread
Dumping a history of the last processes samples

[startup+179.2 s]
/proc/loadavg: 0.52 0.58 0.59 2/13 3417
/proc/meminfo: memFree=11334052/16587228 swapFree=50201156/50331648
Current children cumulated CPU time: 0 s
Current children cumulated vsize: 0 KiB
Current children cumulated memory: 0 KiB

[startup+192 s]*
/proc/loadavg: 0.52 0.58 0.59 2/13 3417
/proc/meminfo: memFree=11322552/16587228 swapFree=50201156/50331648
Current children cumulated CPU time: 0 s
Current children cumulated vsize: 0 KiB
Current children cumulated memory: 0 KiB

[startup+204.8 s]
/proc/loadavg: 0.52 0.58 0.59 2/13 3417
/proc/meminfo: memFree=11295984/16587228 swapFree=50201188/50331648
Current children cumulated CPU time: 0 s
Current children cumulated vsize: 0 KiB
Current children cumulated memory: 0 KiB

[startup+211.2 s]
/proc/loadavg: 0.52 0.58 0.59 2/13 3417
/proc/meminfo: memFree=11253816/16587228 swapFree=50201216/50331648
Current children cumulated CPU time: 0 s
Current children cumulated vsize: 0 KiB
Current children cumulated memory: 0 KiB

[startup+214.4 s]
/proc/loadavg: 0.52 0.58 0.59 2/13 3417
/proc/meminfo: memFree=11254064/16587228 swapFree=50201216/50331648
Current children cumulated CPU time: 0 s
Current children cumulated vsize: 0 KiB
Current children cumulated memory: 0 KiB

[startup+215.201 s]
/proc/loadavg: 0.52 0.58 0.59 2/13 3417
/proc/meminfo: memFree=11254164/16587228 swapFree=50201216/50331648
Current children cumulated CPU time: 0 s
Current children cumulated vsize: 0 KiB
Current children cumulated memory: 0 KiB

[startup+215.601 s]
/proc/loadavg: 0.52 0.58 0.59 2/13 3417
/proc/meminfo: memFree=11254164/16587228 swapFree=50201216/50331648
Current children cumulated CPU time: 0 s
Current children cumulated vsize: 0 KiB
Current children cumulated memory: 0 KiB

[startup+216 s]*
/proc/loadavg: 0.52 0.58 0.59 2/13 3417
/proc/meminfo: memFree=11404560/16587228 swapFree=50201216/50331648
Current children cumulated CPU time: 0 s
Current children cumulated vsize: 0 KiB
Current children cumulated memory: 0 KiB

Child status: 0
Real time (s): 216.006
CPU time (s): 215.922
CPU user time (s): 215.375
CPU system time (s): 0.546875
CPU usage (%): 99.961
Max. virtual memory (cumulated for all children) (KiB): 0
Max. memory (cumulated for all children) (KiB): 0

getrusage(RUSAGE_CHILDREN,...) data:
user time used= 215.375
system time used= 0.546875
maximum resident set size= 294264
integral shared memory size= 0
integral unshared data size= 0
integral unshared stack size= 0
page reclaims= 96260
page faults= 0
swaps= 0
block input operations= 0
block output operations= 0
messages sent= 0
messages received= 0
signals received= 0
voluntary context switches= 0
involuntary context switches= 0


# summary of solver processes directly reported to runsolver:
#   pid: 3416
#   total CPU time (s): 215.922
#   total CPU user time (s): 215.375
#   total CPU system time (s): 0.546875

??? end of timestamper thread
runsolver used 0 second user time and 0.015625 second system time

The end
