runsolver version 3.4.0 (svn: 3018) Copyright (C) 2010-2013 Olivier ROUSSEL

This program is distributed in the hope that it will be useful,
but WITHOUT ANY WARRANTY; without even the implied warranty of
MERCHANTABILITY or FITNESS FOR A PARTICULAR PURPOSE.  See the
GNU General Public License for more details.

command line: /home/kunalan/runsolver/src/runsolver -C 1200 -W 1200 --vsize-limit 16384 -w results_nprc/nprc_newground2_random_30_90_watch.log --var results_nprc/nprc_newground2_random_30_90_values.log python3 ../newground2.py ../instances/benchmark_instances/encodings/nprc_newground2.lp ../instances/benchmark_instances/graphs/random_30_90.lp 

running on 8 cores: 0-7

Enforcing CPUTime limit (soft limit, will send SIGTERM then SIGKILL): 1200 seconds
Enforcing CPUTime limit (hard limit, will send SIGXCPU): 1230 seconds
Enforcing wall clock limit (soft limit, will send SIGTERM then SIGKILL): 1200 seconds
Enforcing VSIZE limit (soft limit, will send SIGTERM then SIGKILL): 16777216 KiB
Enforcing VSIZE limit (hard limit, stack expansion will fail with SIGSEGV, brk() and mmap() will return ENOMEM): 16828416 KiB
Linux 4.4.0-22000-Microsoft
solver pid=1731, runsolver pid=1729
Current StackSize limit: 8192 KiB


[startup+0.100352 s]*
/proc/loadavg: 0.52 0.58 0.59 2/13 1732
/proc/meminfo: memFree=11679832/16587228 swapFree=50193836/50331648
Current children cumulated CPU time: 0 s
Current children cumulated vsize: 0 KiB
Current children cumulated memory: 0 KiB

[startup+0.20112 s]*
/proc/loadavg: 0.52 0.58 0.59 2/13 1732
/proc/meminfo: memFree=11666176/16587228 swapFree=50193836/50331648
Current children cumulated CPU time: 0 s
Current children cumulated vsize: 0 KiB
Current children cumulated memory: 0 KiB

[startup+0.300801 s]*
/proc/loadavg: 0.52 0.58 0.59 2/13 1732
/proc/meminfo: memFree=11664820/16587228 swapFree=50193836/50331648
Current children cumulated CPU time: 0 s
Current children cumulated vsize: 0 KiB
Current children cumulated memory: 0 KiB

[startup+0.700289 s]
/proc/loadavg: 0.52 0.58 0.59 2/13 1732
/proc/meminfo: memFree=11664616/16587228 swapFree=50193836/50331648
Current children cumulated CPU time: 0 s
Current children cumulated vsize: 0 KiB
Current children cumulated memory: 0 KiB

[startup+1.50058 s]
/proc/loadavg: 0.52 0.58 0.59 2/13 1732
/proc/meminfo: memFree=11672212/16587228 swapFree=50193836/50331648
Current children cumulated CPU time: 0 s
Current children cumulated vsize: 0 KiB
Current children cumulated memory: 0 KiB

[startup+3.10098 s]
/proc/loadavg: 0.52 0.58 0.59 2/13 1732
/proc/meminfo: memFree=11665632/16587228 swapFree=50193836/50331648
Current children cumulated CPU time: 0 s
Current children cumulated vsize: 0 KiB
Current children cumulated memory: 0 KiB
heavy processes:

[startup+6.30031 s]
/proc/loadavg: 0.52 0.58 0.59 2/13 1732
/proc/meminfo: memFree=11665472/16587228 swapFree=50193836/50331648
Current children cumulated CPU time: 0 s
Current children cumulated vsize: 0 KiB
Current children cumulated memory: 0 KiB
heavy processes:

[startup+12.7002 s]
/proc/loadavg: 0.52 0.58 0.59 2/13 1732
/proc/meminfo: memFree=11666424/16587228 swapFree=50193836/50331648
Current children cumulated CPU time: 0 s
Current children cumulated vsize: 0 KiB
Current children cumulated memory: 0 KiB
heavy processes:

[startup+20.6378 s]
# the end of solver process 1731 was just reported to runsolver
# cumulated CPU time of all completed processes:  user=20.4375 s, system=0.171875 s

Solver just ended.
??? end of watcher thread
Dumping a history of the last processes samples

[startup+12.801 s]
/proc/loadavg: 0.52 0.58 0.59 2/13 1732
/proc/meminfo: memFree=11666708/16587228 swapFree=50193836/50331648
Current children cumulated CPU time: 0 s
Current children cumulated vsize: 0 KiB
Current children cumulated memory: 0 KiB

[startup+16.0004 s]*
/proc/loadavg: 0.52 0.58 0.59 3/13 1733
/proc/meminfo: memFree=11667372/16587228 swapFree=50193836/50331648
Current children cumulated CPU time: 0 s
Current children cumulated vsize: 0 KiB
Current children cumulated memory: 0 KiB

[startup+19.2002 s]
/proc/loadavg: 0.52 0.58 0.59 2/13 1733
/proc/meminfo: memFree=11667872/16587228 swapFree=50193836/50331648
Current children cumulated CPU time: 0 s
Current children cumulated vsize: 0 KiB
Current children cumulated memory: 0 KiB

[startup+20.0004 s]*
/proc/loadavg: 0.52 0.58 0.59 2/13 1733
/proc/meminfo: memFree=11667912/16587228 swapFree=50193836/50331648
Current children cumulated CPU time: 0 s
Current children cumulated vsize: 0 KiB
Current children cumulated memory: 0 KiB

[startup+20.4002 s]
/proc/loadavg: 0.52 0.58 0.59 2/13 1733
/proc/meminfo: memFree=11667912/16587228 swapFree=50193836/50331648
Current children cumulated CPU time: 0 s
Current children cumulated vsize: 0 KiB
Current children cumulated memory: 0 KiB

[startup+20.6003 s]
/proc/loadavg: 0.52 0.58 0.59 2/13 1733
/proc/meminfo: memFree=11667912/16587228 swapFree=50193836/50331648
Current children cumulated CPU time: 0 s
Current children cumulated vsize: 0 KiB
Current children cumulated memory: 0 KiB

Child status: 1
Real time (s): 20.6379
CPU time (s): 20.6094
CPU user time (s): 20.4375
CPU system time (s): 0.171875
CPU usage (%): 99.8617
Max. virtual memory (cumulated for all children) (KiB): 0
Max. memory (cumulated for all children) (KiB): 0

getrusage(RUSAGE_CHILDREN,...) data:
user time used= 20.4375
system time used= 0.171875
maximum resident set size= 28172
integral shared memory size= 0
integral unshared data size= 0
integral unshared stack size= 0
page reclaims= 7349
page faults= 0
swaps= 0
block input operations= 0
block output operations= 0
messages sent= 0
messages received= 0
signals received= 0
voluntary context switches= 0
involuntary context switches= 0


# summary of solver processes directly reported to runsolver:
#   pid: 1731
#   total CPU time (s): 20.6094
#   total CPU user time (s): 20.4375
#   total CPU system time (s): 0.171875

??? end of timestamper thread
runsolver used 0 second user time and 0.015625 second system time

The end
