runsolver version 3.4.0 (svn: 3018) Copyright (C) 2010-2013 Olivier ROUSSEL

This program is distributed in the hope that it will be useful,
but WITHOUT ANY WARRANTY; without even the implied warranty of
MERCHANTABILITY or FITNESS FOR A PARTICULAR PURPOSE.  See the
GNU General Public License for more details.

command line: /home/kunalan/runsolver/src/runsolver -C 1200 -W 1200 --vsize-limit 16384 -w results_nprc/nprc_newground_random_1000_30_watch.log --var results_nprc/nprc_newground_random_1000_30_values.log python3 ../newground2.py ../instances/benchmark_instances/encodings/nprc_newground.lp ../instances/benchmark_instances/graphs/random_1000_30.lp 

running on 8 cores: 0-7

Enforcing CPUTime limit (soft limit, will send SIGTERM then SIGKILL): 1200 seconds
Enforcing CPUTime limit (hard limit, will send SIGXCPU): 1230 seconds
Enforcing wall clock limit (soft limit, will send SIGTERM then SIGKILL): 1200 seconds
Enforcing VSIZE limit (soft limit, will send SIGTERM then SIGKILL): 16777216 KiB
Enforcing VSIZE limit (hard limit, stack expansion will fail with SIGSEGV, brk() and mmap() will return ENOMEM): 16828416 KiB
Linux 4.4.0-22000-Microsoft
Current StackSize limit: 8192 KiB

solver pid=3356, runsolver pid=3354

[startup+0.100524 s]*
/proc/loadavg: 0.52 0.58 0.59 2/13 3357
/proc/meminfo: memFree=11433072/16587228 swapFree=50197240/50331648
Current children cumulated CPU time: 0 s
Current children cumulated vsize: 0 KiB
Current children cumulated memory: 0 KiB

[startup+0.201097 s]*
/proc/loadavg: 0.52 0.58 0.59 2/13 3357
/proc/meminfo: memFree=11426872/16587228 swapFree=50197240/50331648
Current children cumulated CPU time: 0 s
Current children cumulated vsize: 0 KiB
Current children cumulated memory: 0 KiB

[startup+0.300979 s]*
/proc/loadavg: 0.52 0.58 0.59 2/13 3357
/proc/meminfo: memFree=11413644/16587228 swapFree=50197240/50331648
Current children cumulated CPU time: 0 s
Current children cumulated vsize: 0 KiB
Current children cumulated memory: 0 KiB

[startup+0.700145 s]
/proc/loadavg: 0.52 0.58 0.59 2/13 3357
/proc/meminfo: memFree=11411308/16587228 swapFree=50197240/50331648
Current children cumulated CPU time: 0 s
Current children cumulated vsize: 0 KiB
Current children cumulated memory: 0 KiB

[startup+1.50023 s]
/proc/loadavg: 0.52 0.58 0.59 2/13 3357
/proc/meminfo: memFree=11415912/16587228 swapFree=50197240/50331648
Current children cumulated CPU time: 0 s
Current children cumulated vsize: 0 KiB
Current children cumulated memory: 0 KiB

[startup+3.10121 s]
/proc/loadavg: 0.52 0.58 0.59 2/13 3357
/proc/meminfo: memFree=11415640/16587228 swapFree=50197240/50331648
Current children cumulated CPU time: 0 s
Current children cumulated vsize: 0 KiB
Current children cumulated memory: 0 KiB
heavy processes:

[startup+6.30057 s]
/proc/loadavg: 0.52 0.58 0.59 2/13 3357
/proc/meminfo: memFree=11415936/16587228 swapFree=50197240/50331648
Current children cumulated CPU time: 0 s
Current children cumulated vsize: 0 KiB
Current children cumulated memory: 0 KiB
heavy processes:

[startup+12.7002 s]
/proc/loadavg: 0.52 0.58 0.59 2/13 3357
/proc/meminfo: memFree=11504396/16587228 swapFree=50197248/50331648
Current children cumulated CPU time: 0 s
Current children cumulated vsize: 0 KiB
Current children cumulated memory: 0 KiB
heavy processes:

[startup+25.5001 s]
/proc/loadavg: 0.52 0.58 0.59 2/13 3357
/proc/meminfo: memFree=11504636/16587228 swapFree=50197248/50331648
Current children cumulated CPU time: 0 s
Current children cumulated vsize: 0 KiB
Current children cumulated memory: 0 KiB
heavy processes:

[startup+51.1009 s]
/proc/loadavg: 0.52 0.58 0.59 2/13 3357
/proc/meminfo: memFree=11539304/16587228 swapFree=50197248/50331648
Current children cumulated CPU time: 0 s
Current children cumulated vsize: 0 KiB
Current children cumulated memory: 0 KiB
heavy processes:

[startup+102.3 s]
/proc/loadavg: 0.52 0.58 0.59 2/13 3357
/proc/meminfo: memFree=11438036/16587228 swapFree=50197248/50331648
Current children cumulated CPU time: 0 s
Current children cumulated vsize: 0 KiB
Current children cumulated memory: 0 KiB
heavy processes:

[startup+121.585 s]
# the end of solver process 3356 was just reported to runsolver
# cumulated CPU time of all completed processes:  user=121.141 s, system=0.375 s

Solver just ended.
??? end of watcher thread
Dumping a history of the last processes samples

[startup+102.401 s]
/proc/loadavg: 0.52 0.58 0.59 2/13 3357
/proc/meminfo: memFree=11438032/16587228 swapFree=50197248/50331648
Current children cumulated CPU time: 0 s
Current children cumulated vsize: 0 KiB
Current children cumulated memory: 0 KiB

[startup+115.2 s]
/proc/loadavg: 0.52 0.58 0.59 2/13 3357
/proc/meminfo: memFree=11442172/16587228 swapFree=50197248/50331648
Current children cumulated CPU time: 0 s
Current children cumulated vsize: 0 KiB
Current children cumulated memory: 0 KiB

[startup+118.401 s]
/proc/loadavg: 0.52 0.58 0.59 2/13 3357
/proc/meminfo: memFree=11442232/16587228 swapFree=50197248/50331648
Current children cumulated CPU time: 0 s
Current children cumulated vsize: 0 KiB
Current children cumulated memory: 0 KiB

[startup+120 s]*
/proc/loadavg: 0.52 0.58 0.59 2/13 3357
/proc/meminfo: memFree=11442220/16587228 swapFree=50197248/50331648
Current children cumulated CPU time: 0 s
Current children cumulated vsize: 0 KiB
Current children cumulated memory: 0 KiB

[startup+120.8 s]
/proc/loadavg: 0.52 0.58 0.59 2/13 3357
/proc/meminfo: memFree=11442220/16587228 swapFree=50197248/50331648
Current children cumulated CPU time: 0 s
Current children cumulated vsize: 0 KiB
Current children cumulated memory: 0 KiB

[startup+121.2 s]
/proc/loadavg: 0.52 0.58 0.59 3/13 3357
/proc/meminfo: memFree=11442248/16587228 swapFree=50197248/50331648
Current children cumulated CPU time: 0 s
Current children cumulated vsize: 0 KiB
Current children cumulated memory: 0 KiB

[startup+121.4 s]
/proc/loadavg: 0.52 0.58 0.59 3/13 3357
/proc/meminfo: memFree=11442248/16587228 swapFree=50197248/50331648
Current children cumulated CPU time: 0 s
Current children cumulated vsize: 0 KiB
Current children cumulated memory: 0 KiB

[startup+121.5 s]
/proc/loadavg: 0.52 0.58 0.59 3/13 3357
/proc/meminfo: memFree=11442248/16587228 swapFree=50197248/50331648
Current children cumulated CPU time: 0 s
Current children cumulated vsize: 0 KiB
Current children cumulated memory: 0 KiB

Child status: 0
Real time (s): 121.585
CPU time (s): 121.516
CPU user time (s): 121.141
CPU system time (s): 0.375
CPU usage (%): 99.9426
Max. virtual memory (cumulated for all children) (KiB): 0
Max. memory (cumulated for all children) (KiB): 0

getrusage(RUSAGE_CHILDREN,...) data:
user time used= 121.141
system time used= 0.375
maximum resident set size= 222116
integral shared memory size= 0
integral unshared data size= 0
integral unshared stack size= 0
page reclaims= 87708
page faults= 0
swaps= 0
block input operations= 0
block output operations= 0
messages sent= 0
messages received= 0
signals received= 0
voluntary context switches= 0
involuntary context switches= 0


# summary of solver processes directly reported to runsolver:
#   pid: 3356
#   total CPU time (s): 121.516
#   total CPU user time (s): 121.141
#   total CPU system time (s): 0.375

??? end of timestamper thread
runsolver used 0 second user time and 0.015625 second system time

The end
