runsolver version 3.4.0 (svn: 3018) Copyright (C) 2010-2013 Olivier ROUSSEL

This program is distributed in the hope that it will be useful,
but WITHOUT ANY WARRANTY; without even the implied warranty of
MERCHANTABILITY or FITNESS FOR A PARTICULAR PURPOSE.  See the
GNU General Public License for more details.

command line: /home/kunalan/runsolver/src/runsolver -C 1200 -W 1200 --vsize-limit 16384 -w results_nprc/nprc_newground_random_1100_10_watch.log --var results_nprc/nprc_newground_random_1100_10_values.log python3 ../newground2.py ../instances/benchmark_instances/encodings/nprc_newground.lp ../instances/benchmark_instances/graphs/random_1100_10.lp 

running on 8 cores: 0-7

Enforcing CPUTime limit (soft limit, will send SIGTERM then SIGKILL): 1200 seconds
Enforcing CPUTime limit (hard limit, will send SIGXCPU): 1230 seconds
Enforcing wall clock limit (soft limit, will send SIGTERM then SIGKILL): 1200 seconds
Enforcing VSIZE limit (soft limit, will send SIGTERM then SIGKILL): 16777216 KiB
Enforcing VSIZE limit (hard limit, stack expansion will fail with SIGSEGV, brk() and mmap() will return ENOMEM): 16828416 KiB
Linux 4.4.0-22000-Microsoft
Current StackSize limit: 8192 KiB

solver pid=3391, runsolver pid=3389

[startup+0.100095 s]*
/proc/loadavg: 0.52 0.58 0.59 2/13 3392
/proc/meminfo: memFree=11477624/16587228 swapFree=50197308/50331648
Current children cumulated CPU time: 0 s
Current children cumulated vsize: 0 KiB
Current children cumulated memory: 0 KiB

[startup+0.201584 s]*
/proc/loadavg: 0.52 0.58 0.59 2/13 3392
/proc/meminfo: memFree=11465936/16587228 swapFree=50197308/50331648
Current children cumulated CPU time: 0 s
Current children cumulated vsize: 0 KiB
Current children cumulated memory: 0 KiB

[startup+0.300906 s]*
/proc/loadavg: 0.52 0.58 0.59 1/13 3392
/proc/meminfo: memFree=11457208/16587228 swapFree=50197376/50331648
Current children cumulated CPU time: 0 s
Current children cumulated vsize: 0 KiB
Current children cumulated memory: 0 KiB

[startup+0.700217 s]
/proc/loadavg: 0.52 0.58 0.59 2/13 3392
/proc/meminfo: memFree=11460016/16587228 swapFree=50197376/50331648
Current children cumulated CPU time: 0 s
Current children cumulated vsize: 0 KiB
Current children cumulated memory: 0 KiB

[startup+1.50014 s]
/proc/loadavg: 0.52 0.58 0.59 2/13 3392
/proc/meminfo: memFree=11452400/16587228 swapFree=50197376/50331648
Current children cumulated CPU time: 0 s
Current children cumulated vsize: 0 KiB
Current children cumulated memory: 0 KiB

[startup+3.1011 s]
/proc/loadavg: 0.52 0.58 0.59 2/13 3392
/proc/meminfo: memFree=11355880/16587228 swapFree=50197408/50331648
Current children cumulated CPU time: 0 s
Current children cumulated vsize: 0 KiB
Current children cumulated memory: 0 KiB
heavy processes:

[startup+6.3003 s]
/proc/loadavg: 0.52 0.58 0.59 2/13 3392
/proc/meminfo: memFree=11356536/16587228 swapFree=50197476/50331648
Current children cumulated CPU time: 0 s
Current children cumulated vsize: 0 KiB
Current children cumulated memory: 0 KiB
heavy processes:

[startup+12.7002 s]
/proc/loadavg: 0.52 0.58 0.59 2/13 3392
/proc/meminfo: memFree=11353216/16587228 swapFree=50197476/50331648
Current children cumulated CPU time: 0 s
Current children cumulated vsize: 0 KiB
Current children cumulated memory: 0 KiB
heavy processes:

[startup+25.5001 s]
/proc/loadavg: 0.52 0.58 0.59 2/13 3392
/proc/meminfo: memFree=11338472/16587228 swapFree=50197476/50331648
Current children cumulated CPU time: 0 s
Current children cumulated vsize: 0 KiB
Current children cumulated memory: 0 KiB
heavy processes:

[startup+51.101 s]
/proc/loadavg: 0.52 0.58 0.59 2/13 3392
/proc/meminfo: memFree=11239140/16587228 swapFree=50197488/50331648
Current children cumulated CPU time: 0 s
Current children cumulated vsize: 0 KiB
Current children cumulated memory: 0 KiB
heavy processes:

[startup+84.364 s]
# the end of solver process 3391 was just reported to runsolver
# cumulated CPU time of all completed processes:  user=83.7812 s, system=0.5 s

Solver just ended.
??? end of watcher thread
Dumping a history of the last processes samples

[startup+51.2014 s]
/proc/loadavg: 0.52 0.58 0.59 2/13 3392
/proc/meminfo: memFree=11239400/16587228 swapFree=50197488/50331648
Current children cumulated CPU time: 0 s
Current children cumulated vsize: 0 KiB
Current children cumulated memory: 0 KiB

[startup+64.0003 s]*
/proc/loadavg: 0.52 0.58 0.59 2/13 3392
/proc/meminfo: memFree=11278520/16587228 swapFree=50197488/50331648
Current children cumulated CPU time: 0 s
Current children cumulated vsize: 0 KiB
Current children cumulated memory: 0 KiB

[startup+76.8003 s]
/proc/loadavg: 0.52 0.58 0.59 2/13 3392
/proc/meminfo: memFree=11282700/16587228 swapFree=50197488/50331648
Current children cumulated CPU time: 0 s
Current children cumulated vsize: 0 KiB
Current children cumulated memory: 0 KiB

[startup+80.0005 s]*
/proc/loadavg: 0.52 0.58 0.59 2/13 3392
/proc/meminfo: memFree=11284996/16587228 swapFree=50197488/50331648
Current children cumulated CPU time: 0 s
Current children cumulated vsize: 0 KiB
Current children cumulated memory: 0 KiB

[startup+81.6005 s]
/proc/loadavg: 0.52 0.58 0.59 2/13 3392
/proc/meminfo: memFree=11285108/16587228 swapFree=50197488/50331648
Current children cumulated CPU time: 0 s
Current children cumulated vsize: 0 KiB
Current children cumulated memory: 0 KiB

[startup+83.2005 s]
/proc/loadavg: 0.52 0.58 0.59 2/13 3392
/proc/meminfo: memFree=11285220/16587228 swapFree=50197488/50331648
Current children cumulated CPU time: 0 s
Current children cumulated vsize: 0 KiB
Current children cumulated memory: 0 KiB

[startup+84.0002 s]*
/proc/loadavg: 0.52 0.58 0.59 2/13 3392
/proc/meminfo: memFree=11285196/16587228 swapFree=50197488/50331648
Current children cumulated CPU time: 0 s
Current children cumulated vsize: 0 KiB
Current children cumulated memory: 0 KiB

[startup+84.2003 s]
/proc/loadavg: 0.52 0.58 0.59 2/13 3392
/proc/meminfo: memFree=11285196/16587228 swapFree=50197488/50331648
Current children cumulated CPU time: 0 s
Current children cumulated vsize: 0 KiB
Current children cumulated memory: 0 KiB

[startup+84.3005 s]
/proc/loadavg: 0.52 0.58 0.59 2/13 3392
/proc/meminfo: memFree=11285196/16587228 swapFree=50197488/50331648
Current children cumulated CPU time: 0 s
Current children cumulated vsize: 0 KiB
Current children cumulated memory: 0 KiB

Child status: 0
Real time (s): 84.364
CPU time (s): 84.2812
CPU user time (s): 83.7812
CPU system time (s): 0.5
CPU usage (%): 99.9019
Max. virtual memory (cumulated for all children) (KiB): 0
Max. memory (cumulated for all children) (KiB): 0

getrusage(RUSAGE_CHILDREN,...) data:
user time used= 83.7812
system time used= 0.5
maximum resident set size= 225224
integral shared memory size= 0
integral unshared data size= 0
integral unshared stack size= 0
page reclaims= 105341
page faults= 0
swaps= 0
block input operations= 0
block output operations= 0
messages sent= 0
messages received= 0
signals received= 0
voluntary context switches= 0
involuntary context switches= 0


# summary of solver processes directly reported to runsolver:
#   pid: 3391
#   total CPU time (s): 84.2812
#   total CPU user time (s): 83.7812
#   total CPU system time (s): 0.5

??? end of timestamper thread
runsolver used 0 second user time and 0.015625 second system time

The end
