runsolver version 3.4.0 (svn: 3018) Copyright (C) 2010-2013 Olivier ROUSSEL

This program is distributed in the hope that it will be useful,
but WITHOUT ANY WARRANTY; without even the implied warranty of
MERCHANTABILITY or FITNESS FOR A PARTICULAR PURPOSE.  See the
GNU General Public License for more details.

command line: /home/kunalan/runsolver/src/runsolver -C 1200 -W 1200 --vsize-limit 16384 -w results_nprc/nprc_newground_random_700_20_watch.log --var results_nprc/nprc_newground_random_700_20_values.log python3 ../newground2.py ../instances/benchmark_instances/encodings/nprc_newground.lp ../instances/benchmark_instances/graphs/random_700_20.lp 

running on 8 cores: 0-7

Enforcing CPUTime limit (soft limit, will send SIGTERM then SIGKILL): 1200 seconds
Enforcing CPUTime limit (hard limit, will send SIGXCPU): 1230 seconds
Enforcing wall clock limit (soft limit, will send SIGTERM then SIGKILL): 1200 seconds
Enforcing VSIZE limit (soft limit, will send SIGTERM then SIGKILL): 16777216 KiB
Enforcing VSIZE limit (hard limit, stack expansion will fail with SIGSEGV, brk() and mmap() will return ENOMEM): 16828416 KiB
Linux 4.4.0-22000-Microsoft
solver pid=3127, runsolver pid=3125
Current StackSize limit: 8192 KiB


[startup+0.100277 s]*
/proc/loadavg: 0.52 0.58 0.59 2/13 3128
/proc/meminfo: memFree=11662804/16587228 swapFree=50194140/50331648
Current children cumulated CPU time: 0 s
Current children cumulated vsize: 0 KiB
Current children cumulated memory: 0 KiB

[startup+0.201482 s]*
/proc/loadavg: 0.52 0.58 0.59 2/13 3128
/proc/meminfo: memFree=11660108/16587228 swapFree=50194140/50331648
Current children cumulated CPU time: 0 s
Current children cumulated vsize: 0 KiB
Current children cumulated memory: 0 KiB

[startup+0.300949 s]*
/proc/loadavg: 0.52 0.58 0.59 2/13 3128
/proc/meminfo: memFree=11639868/16587228 swapFree=50194140/50331648
Current children cumulated CPU time: 0 s
Current children cumulated vsize: 0 KiB
Current children cumulated memory: 0 KiB

[startup+0.700321 s]
/proc/loadavg: 0.52 0.58 0.59 2/13 3128
/proc/meminfo: memFree=11643896/16587228 swapFree=50194140/50331648
Current children cumulated CPU time: 0 s
Current children cumulated vsize: 0 KiB
Current children cumulated memory: 0 KiB

[startup+1.5005 s]
/proc/loadavg: 0.52 0.58 0.59 2/13 3128
/proc/meminfo: memFree=11640712/16587228 swapFree=50194140/50331648
Current children cumulated CPU time: 0 s
Current children cumulated vsize: 0 KiB
Current children cumulated memory: 0 KiB

[startup+3.10085 s]
/proc/loadavg: 0.52 0.58 0.59 2/13 3128
/proc/meminfo: memFree=11645872/16587228 swapFree=50194140/50331648
Current children cumulated CPU time: 0 s
Current children cumulated vsize: 0 KiB
Current children cumulated memory: 0 KiB
heavy processes:

[startup+6.30028 s]
/proc/loadavg: 0.52 0.58 0.59 2/13 3128
/proc/meminfo: memFree=11600232/16587228 swapFree=50194140/50331648
Current children cumulated CPU time: 0 s
Current children cumulated vsize: 0 KiB
Current children cumulated memory: 0 KiB
heavy processes:

[startup+12.7002 s]
/proc/loadavg: 0.52 0.58 0.59 2/13 3128
/proc/meminfo: memFree=11596716/16587228 swapFree=50194140/50331648
Current children cumulated CPU time: 0 s
Current children cumulated vsize: 0 KiB
Current children cumulated memory: 0 KiB
heavy processes:

[startup+25.5006 s]
/proc/loadavg: 0.52 0.58 0.59 2/13 3128
/proc/meminfo: memFree=11592828/16587228 swapFree=50194140/50331648
Current children cumulated CPU time: 0 s
Current children cumulated vsize: 0 KiB
Current children cumulated memory: 0 KiB
heavy processes:

[startup+46.455 s]
# the end of solver process 3127 was just reported to runsolver
# cumulated CPU time of all completed processes:  user=45.9062 s, system=0.4375 s

Solver just ended.
??? end of watcher thread
Dumping a history of the last processes samples

[startup+25.6008 s]
/proc/loadavg: 0.52 0.58 0.59 2/13 3128
/proc/meminfo: memFree=11592292/16587228 swapFree=50194140/50331648
Current children cumulated CPU time: 0 s
Current children cumulated vsize: 0 KiB
Current children cumulated memory: 0 KiB

[startup+38.4001 s]
/proc/loadavg: 0.52 0.58 0.59 2/13 3128
/proc/meminfo: memFree=11539668/16587228 swapFree=50194140/50331648
Current children cumulated CPU time: 0 s
Current children cumulated vsize: 0 KiB
Current children cumulated memory: 0 KiB

[startup+41.6001 s]
/proc/loadavg: 0.52 0.58 0.59 2/13 3128
/proc/meminfo: memFree=11543096/16587228 swapFree=50194140/50331648
Current children cumulated CPU time: 0 s
Current children cumulated vsize: 0 KiB
Current children cumulated memory: 0 KiB

[startup+44.8003 s]
/proc/loadavg: 0.52 0.58 0.59 2/13 3128
/proc/meminfo: memFree=11543236/16587228 swapFree=50194140/50331648
Current children cumulated CPU time: 0 s
Current children cumulated vsize: 0 KiB
Current children cumulated memory: 0 KiB

[startup+45.6004 s]
/proc/loadavg: 0.52 0.58 0.59 2/13 3128
/proc/meminfo: memFree=11543284/16587228 swapFree=50194140/50331648
Current children cumulated CPU time: 0 s
Current children cumulated vsize: 0 KiB
Current children cumulated memory: 0 KiB

[startup+46.0004 s]*
/proc/loadavg: 0.52 0.58 0.59 2/13 3128
/proc/meminfo: memFree=11543312/16587228 swapFree=50194140/50331648
Current children cumulated CPU time: 0 s
Current children cumulated vsize: 0 KiB
Current children cumulated memory: 0 KiB

[startup+46.4003 s]
/proc/loadavg: 0.52 0.58 0.59 2/13 3128
/proc/meminfo: memFree=11543312/16587228 swapFree=50194140/50331648
Current children cumulated CPU time: 0 s
Current children cumulated vsize: 0 KiB
Current children cumulated memory: 0 KiB

Child status: 0
Real time (s): 46.455
CPU time (s): 46.3438
CPU user time (s): 45.9062
CPU system time (s): 0.4375
CPU usage (%): 99.7604
Max. virtual memory (cumulated for all children) (KiB): 0
Max. memory (cumulated for all children) (KiB): 0

getrusage(RUSAGE_CHILDREN,...) data:
user time used= 45.9062
system time used= 0.4375
maximum resident set size= 114676
integral shared memory size= 0
integral unshared data size= 0
integral unshared stack size= 0
page reclaims= 38419
page faults= 0
swaps= 0
block input operations= 0
block output operations= 0
messages sent= 0
messages received= 0
signals received= 0
voluntary context switches= 0
involuntary context switches= 0


# summary of solver processes directly reported to runsolver:
#   pid: 3127
#   total CPU time (s): 46.3438
#   total CPU user time (s): 45.9062
#   total CPU system time (s): 0.4375

??? end of timestamper thread
runsolver used 0 second user time and 0.015625 second system time

The end
