runsolver version 3.4.0 (svn: 3018) Copyright (C) 2010-2013 Olivier ROUSSEL

This program is distributed in the hope that it will be useful,
but WITHOUT ANY WARRANTY; without even the implied warranty of
MERCHANTABILITY or FITNESS FOR A PARTICULAR PURPOSE.  See the
GNU General Public License for more details.

command line: /home/kunalan/runsolver/src/runsolver -C 1200 -W 1200 --vsize-limit 16384 -w results_nprc/nprc_newground2_random_1000_100_watch.log --var results_nprc/nprc_newground2_random_1000_100_values.log python3 ../newground2.py ../instances/benchmark_instances/encodings/nprc_newground2.lp ../instances/benchmark_instances/graphs/random_1000_100.lp 

running on 8 cores: 0-7

Enforcing CPUTime limit (soft limit, will send SIGTERM then SIGKILL): 1200 seconds
Enforcing CPUTime limit (hard limit, will send SIGXCPU): 1230 seconds
Enforcing wall clock limit (soft limit, will send SIGTERM then SIGKILL): 1200 seconds
Enforcing VSIZE limit (soft limit, will send SIGTERM then SIGKILL): 16777216 KiB
Enforcing VSIZE limit (hard limit, stack expansion will fail with SIGSEGV, brk() and mmap() will return ENOMEM): 16828416 KiB
Linux 4.4.0-22000-Microsoft
solver pid=3737, runsolver pid=3735
Current StackSize limit: 8192 KiB


[startup+0.100404 s]*
/proc/loadavg: 0.52 0.58 0.59 2/13 3738
/proc/meminfo: memFree=8235284/16587228 swapFree=50203316/50331648
Current children cumulated CPU time: 0 s
Current children cumulated vsize: 0 KiB
Current children cumulated memory: 0 KiB

[startup+0.201059 s]*
/proc/loadavg: 0.52 0.58 0.59 2/13 3738
/proc/meminfo: memFree=8216020/16587228 swapFree=50203316/50331648
Current children cumulated CPU time: 0 s
Current children cumulated vsize: 0 KiB
Current children cumulated memory: 0 KiB

[startup+0.300873 s]*
/proc/loadavg: 0.52 0.58 0.59 2/13 3738
/proc/meminfo: memFree=8212396/16587228 swapFree=50203316/50331648
Current children cumulated CPU time: 0 s
Current children cumulated vsize: 0 KiB
Current children cumulated memory: 0 KiB

[startup+0.700338 s]
/proc/loadavg: 0.52 0.58 0.59 2/13 3738
/proc/meminfo: memFree=8212380/16587228 swapFree=50203316/50331648
Current children cumulated CPU time: 0 s
Current children cumulated vsize: 0 KiB
Current children cumulated memory: 0 KiB

[startup+1.50026 s]
/proc/loadavg: 0.52 0.58 0.59 2/13 3738
/proc/meminfo: memFree=8212760/16587228 swapFree=50203316/50331648
Current children cumulated CPU time: 0 s
Current children cumulated vsize: 0 KiB
Current children cumulated memory: 0 KiB

[startup+3.10133 s]
/proc/loadavg: 0.52 0.58 0.59 2/13 3738
/proc/meminfo: memFree=8206248/16587228 swapFree=50203316/50331648
Current children cumulated CPU time: 0 s
Current children cumulated vsize: 0 KiB
Current children cumulated memory: 0 KiB
heavy processes:

[startup+6.30048 s]
/proc/loadavg: 0.52 0.58 0.59 2/13 3738
/proc/meminfo: memFree=8205792/16587228 swapFree=50203316/50331648
Current children cumulated CPU time: 0 s
Current children cumulated vsize: 0 KiB
Current children cumulated memory: 0 KiB
heavy processes:

[startup+12.7006 s]
/proc/loadavg: 0.52 0.58 0.59 2/13 3739
/proc/meminfo: memFree=8205660/16587228 swapFree=50203316/50331648
Current children cumulated CPU time: 0 s
Current children cumulated vsize: 0 KiB
Current children cumulated memory: 0 KiB
heavy processes:

[startup+25.3288 s]
# the end of solver process 3737 was just reported to runsolver
# cumulated CPU time of all completed processes:  user=25.2031 s, system=0.09375 s

Solver just ended.
??? end of watcher thread
Dumping a history of the last processes samples

[startup+12.8008 s]
/proc/loadavg: 0.52 0.58 0.59 2/13 3739
/proc/meminfo: memFree=8205552/16587228 swapFree=50203316/50331648
Current children cumulated CPU time: 0 s
Current children cumulated vsize: 0 KiB
Current children cumulated memory: 0 KiB

[startup+19.2004 s]
/proc/loadavg: 0.52 0.58 0.59 2/13 3739
/proc/meminfo: memFree=8206700/16587228 swapFree=50203316/50331648
Current children cumulated CPU time: 0 s
Current children cumulated vsize: 0 KiB
Current children cumulated memory: 0 KiB

[startup+22.4002 s]
/proc/loadavg: 0.52 0.58 0.59 2/12 3740
/proc/meminfo: memFree=8206816/16587228 swapFree=50203316/50331648
Current children cumulated CPU time: 0 s
Current children cumulated vsize: 0 KiB
Current children cumulated memory: 0 KiB

[startup+24.0005 s]*
/proc/loadavg: 0.52 0.58 0.59 2/12 3740
/proc/meminfo: memFree=8206692/16587228 swapFree=50203316/50331648
Current children cumulated CPU time: 0 s
Current children cumulated vsize: 0 KiB
Current children cumulated memory: 0 KiB

[startup+24.8006 s]
/proc/loadavg: 0.52 0.58 0.59 2/12 3740
/proc/meminfo: memFree=8206692/16587228 swapFree=50203316/50331648
Current children cumulated CPU time: 0 s
Current children cumulated vsize: 0 KiB
Current children cumulated memory: 0 KiB

[startup+25.2003 s]
/proc/loadavg: 0.52 0.58 0.59 2/12 3740
/proc/meminfo: memFree=8206656/16587228 swapFree=50203316/50331648
Current children cumulated CPU time: 0 s
Current children cumulated vsize: 0 KiB
Current children cumulated memory: 0 KiB

[startup+25.3006 s]
/proc/loadavg: 0.52 0.58 0.59 2/12 3740
/proc/meminfo: memFree=8206656/16587228 swapFree=50203316/50331648
Current children cumulated CPU time: 0 s
Current children cumulated vsize: 0 KiB
Current children cumulated memory: 0 KiB

Child status: 1
Real time (s): 25.3289
CPU time (s): 25.2969
CPU user time (s): 25.2031
CPU system time (s): 0.09375
CPU usage (%): 99.8736
Max. virtual memory (cumulated for all children) (KiB): 0
Max. memory (cumulated for all children) (KiB): 0

getrusage(RUSAGE_CHILDREN,...) data:
user time used= 25.2031
system time used= 0.09375
maximum resident set size= 35548
integral shared memory size= 0
integral unshared data size= 0
integral unshared stack size= 0
page reclaims= 9840
page faults= 0
swaps= 0
block input operations= 0
block output operations= 0
messages sent= 0
messages received= 0
signals received= 0
voluntary context switches= 0
involuntary context switches= 0


# summary of solver processes directly reported to runsolver:
#   pid: 3737
#   total CPU time (s): 25.2969
#   total CPU user time (s): 25.2031
#   total CPU system time (s): 0.09375

??? end of timestamper thread
runsolver used 0 second user time and 0.015625 second system time

The end
