runsolver version 3.4.0 (svn: 3018) Copyright (C) 2010-2013 Olivier ROUSSEL

This program is distributed in the hope that it will be useful,
but WITHOUT ANY WARRANTY; without even the implied warranty of
MERCHANTABILITY or FITNESS FOR A PARTICULAR PURPOSE.  See the
GNU General Public License for more details.

command line: /home/kunalan/runsolver/src/runsolver -C 1200 -W 1200 --vsize-limit 16384 -w results_nprc/nprc_newground_random_400_20_watch.log --var results_nprc/nprc_newground_random_400_20_values.log python3 ../newground2.py ../instances/benchmark_instances/encodings/nprc_newground.lp ../instances/benchmark_instances/graphs/random_400_20.lp 

running on 8 cores: 0-7

Enforcing CPUTime limit (soft limit, will send SIGTERM then SIGKILL): 1200 seconds
Enforcing CPUTime limit (hard limit, will send SIGXCPU): 1230 seconds
Enforcing wall clock limit (soft limit, will send SIGTERM then SIGKILL): 1200 seconds
Enforcing VSIZE limit (soft limit, will send SIGTERM then SIGKILL): 16777216 KiB
Enforcing VSIZE limit (hard limit, stack expansion will fail with SIGSEGV, brk() and mmap() will return ENOMEM): 16828416 KiB
Linux 4.4.0-22000-Microsoft
Current StackSize limit: 8192 KiB
solver pid=1937, runsolver pid=1935


[startup+0.100442 s]*
/proc/loadavg: 0.52 0.58 0.59 2/13 1938
/proc/meminfo: memFree=11539376/16587228 swapFree=50193848/50331648
Current children cumulated CPU time: 0 s
Current children cumulated vsize: 0 KiB
Current children cumulated memory: 0 KiB

[startup+0.201122 s]*
/proc/loadavg: 0.52 0.58 0.59 2/13 1938
/proc/meminfo: memFree=11530392/16587228 swapFree=50193848/50331648
Current children cumulated CPU time: 0 s
Current children cumulated vsize: 0 KiB
Current children cumulated memory: 0 KiB

[startup+0.301274 s]*
/proc/loadavg: 0.52 0.58 0.59 2/13 1938
/proc/meminfo: memFree=11529060/16587228 swapFree=50193848/50331648
Current children cumulated CPU time: 0 s
Current children cumulated vsize: 0 KiB
Current children cumulated memory: 0 KiB

[startup+0.700542 s]
/proc/loadavg: 0.52 0.58 0.59 2/13 1938
/proc/meminfo: memFree=11520220/16587228 swapFree=50193848/50331648
Current children cumulated CPU time: 0 s
Current children cumulated vsize: 0 KiB
Current children cumulated memory: 0 KiB

[startup+1.50016 s]
/proc/loadavg: 0.52 0.58 0.59 2/13 1938
/proc/meminfo: memFree=11521236/16587228 swapFree=50193848/50331648
Current children cumulated CPU time: 0 s
Current children cumulated vsize: 0 KiB
Current children cumulated memory: 0 KiB

[startup+3.10117 s]
/proc/loadavg: 0.52 0.58 0.59 2/13 1939
/proc/meminfo: memFree=11522624/16587228 swapFree=50193848/50331648
Current children cumulated CPU time: 0 s
Current children cumulated vsize: 0 KiB
Current children cumulated memory: 0 KiB
heavy processes:

[startup+6.30054 s]
/proc/loadavg: 0.52 0.58 0.59 2/13 1939
/proc/meminfo: memFree=11527084/16587228 swapFree=50193848/50331648
Current children cumulated CPU time: 0 s
Current children cumulated vsize: 0 KiB
Current children cumulated memory: 0 KiB
heavy processes:

[startup+12.7004 s]
/proc/loadavg: 0.52 0.58 0.59 2/13 1939
/proc/meminfo: memFree=11512008/16587228 swapFree=50193848/50331648
Current children cumulated CPU time: 0 s
Current children cumulated vsize: 0 KiB
Current children cumulated memory: 0 KiB
heavy processes:

[startup+15.0843 s]
# the end of solver process 1937 was just reported to runsolver
# cumulated CPU time of all completed processes:  user=14.8125 s, system=0.25 s

Solver just ended.
??? end of watcher thread
Dumping a history of the last processes samples

[startup+12.801 s]
/proc/loadavg: 0.52 0.58 0.59 2/13 1939
/proc/meminfo: memFree=11457988/16587228 swapFree=50193848/50331648
Current children cumulated CPU time: 0 s
Current children cumulated vsize: 0 KiB
Current children cumulated memory: 0 KiB

[startup+14.4002 s]
/proc/loadavg: 0.52 0.58 0.59 2/13 1939
/proc/meminfo: memFree=11448576/16587228 swapFree=50193848/50331648
Current children cumulated CPU time: 0 s
Current children cumulated vsize: 0 KiB
Current children cumulated memory: 0 KiB

[startup+14.8001 s]
/proc/loadavg: 0.52 0.58 0.59 2/13 1939
/proc/meminfo: memFree=11448576/16587228 swapFree=50193848/50331648
Current children cumulated CPU time: 0 s
Current children cumulated vsize: 0 KiB
Current children cumulated memory: 0 KiB

[startup+15.0005 s]*
/proc/loadavg: 0.52 0.58 0.59 2/13 1939
/proc/meminfo: memFree=11448428/16587228 swapFree=50193848/50331648
Current children cumulated CPU time: 0 s
Current children cumulated vsize: 0 KiB
Current children cumulated memory: 0 KiB

Child status: 0
Real time (s): 15.0844
CPU time (s): 15.0625
CPU user time (s): 14.8125
CPU system time (s): 0.25
CPU usage (%): 99.855
Max. virtual memory (cumulated for all children) (KiB): 0
Max. memory (cumulated for all children) (KiB): 0

getrusage(RUSAGE_CHILDREN,...) data:
user time used= 14.8125
system time used= 0.25
maximum resident set size= 53728
integral shared memory size= 0
integral unshared data size= 0
integral unshared stack size= 0
page reclaims= 17613
page faults= 0
swaps= 0
block input operations= 0
block output operations= 0
messages sent= 0
messages received= 0
signals received= 0
voluntary context switches= 0
involuntary context switches= 0


# summary of solver processes directly reported to runsolver:
#   pid: 1937
#   total CPU time (s): 15.0625
#   total CPU user time (s): 14.8125
#   total CPU system time (s): 0.25

??? end of timestamper thread
runsolver used 0 second user time and 0.015625 second system time

The end
