runsolver version 3.4.0 (svn: 3018) Copyright (C) 2010-2013 Olivier ROUSSEL

This program is distributed in the hope that it will be useful,
but WITHOUT ANY WARRANTY; without even the implied warranty of
MERCHANTABILITY or FITNESS FOR A PARTICULAR PURPOSE.  See the
GNU General Public License for more details.

command line: /home/kunalan/runsolver/src/runsolver -C 1200 -W 1200 --vsize-limit 16384 -w results_nprc/nprc_newground2_random_100_50_watch.log --var results_nprc/nprc_newground2_random_100_50_values.log python3 ../newground2.py ../instances/benchmark_instances/encodings/nprc_newground2.lp ../instances/benchmark_instances/graphs/random_100_50.lp 

running on 8 cores: 0-7

Enforcing CPUTime limit (soft limit, will send SIGTERM then SIGKILL): 1200 seconds
Enforcing CPUTime limit (hard limit, will send SIGXCPU): 1230 seconds
Enforcing wall clock limit (soft limit, will send SIGTERM then SIGKILL): 1200 seconds
Enforcing VSIZE limit (soft limit, will send SIGTERM then SIGKILL): 16777216 KiB
Enforcing VSIZE limit (hard limit, stack expansion will fail with SIGSEGV, brk() and mmap() will return ENOMEM): 16828416 KiB
Linux 4.4.0-22000-Microsoft
Current StackSize limit: 8192 KiB

solver pid=321, runsolver pid=319

[startup+0.10025 s]*
/proc/loadavg: 0.52 0.58 0.59 2/13 322
/proc/meminfo: memFree=12841832/16587228 swapFree=50071740/50331648
Current children cumulated CPU time: 0 s
Current children cumulated vsize: 0 KiB
Current children cumulated memory: 0 KiB

[startup+0.201479 s]*
/proc/loadavg: 0.52 0.58 0.59 2/13 322
/proc/meminfo: memFree=12828916/16587228 swapFree=50071740/50331648
Current children cumulated CPU time: 0 s
Current children cumulated vsize: 0 KiB
Current children cumulated memory: 0 KiB

[startup+0.301172 s]*
/proc/loadavg: 0.52 0.58 0.59 2/13 322
/proc/meminfo: memFree=12818480/16587228 swapFree=50071740/50331648
Current children cumulated CPU time: 0 s
Current children cumulated vsize: 0 KiB
Current children cumulated memory: 0 KiB

[startup+0.700118 s]
/proc/loadavg: 0.52 0.58 0.59 2/13 322
/proc/meminfo: memFree=12818472/16587228 swapFree=50071740/50331648
Current children cumulated CPU time: 0 s
Current children cumulated vsize: 0 KiB
Current children cumulated memory: 0 KiB

[startup+1.50052 s]
/proc/loadavg: 0.52 0.58 0.59 2/13 322
/proc/meminfo: memFree=12819936/16587228 swapFree=50071740/50331648
Current children cumulated CPU time: 0 s
Current children cumulated vsize: 0 KiB
Current children cumulated memory: 0 KiB

[startup+3.10072 s]
/proc/loadavg: 0.52 0.58 0.59 2/13 322
/proc/meminfo: memFree=12822060/16587228 swapFree=50071740/50331648
Current children cumulated CPU time: 0 s
Current children cumulated vsize: 0 KiB
Current children cumulated memory: 0 KiB
heavy processes:

[startup+6.30038 s]
/proc/loadavg: 0.52 0.58 0.59 2/13 322
/proc/meminfo: memFree=12822328/16587228 swapFree=50071740/50331648
Current children cumulated CPU time: 0 s
Current children cumulated vsize: 0 KiB
Current children cumulated memory: 0 KiB
heavy processes:

[startup+12.7004 s]
/proc/loadavg: 0.52 0.58 0.59 2/13 322
/proc/meminfo: memFree=12822316/16587228 swapFree=50071740/50331648
Current children cumulated CPU time: 0 s
Current children cumulated vsize: 0 KiB
Current children cumulated memory: 0 KiB
heavy processes:

[startup+25.5001 s]
/proc/loadavg: 0.52 0.58 0.59 2/13 323
/proc/meminfo: memFree=12815948/16587228 swapFree=50071740/50331648
Current children cumulated CPU time: 0 s
Current children cumulated vsize: 0 KiB
Current children cumulated memory: 0 KiB
heavy processes:

[startup+51.101 s]
/proc/loadavg: 0.52 0.58 0.59 2/13 324
/proc/meminfo: memFree=12815868/16587228 swapFree=50071740/50331648
Current children cumulated CPU time: 0 s
Current children cumulated vsize: 0 KiB
Current children cumulated memory: 0 KiB
heavy processes:

[startup+94.6644 s]
# the end of solver process 321 was just reported to runsolver
# cumulated CPU time of all completed processes:  user=94.4688 s, system=0.171875 s

Solver just ended.
??? end of watcher thread
Dumping a history of the last processes samples

[startup+51.2009 s]
/proc/loadavg: 0.52 0.58 0.59 2/13 324
/proc/meminfo: memFree=12815868/16587228 swapFree=50071740/50331648
Current children cumulated CPU time: 0 s
Current children cumulated vsize: 0 KiB
Current children cumulated memory: 0 KiB

[startup+76.8001 s]
/proc/loadavg: 0.52 0.58 0.59 2/13 328
/proc/meminfo: memFree=12813204/16587228 swapFree=50071740/50331648
Current children cumulated CPU time: 0 s
Current children cumulated vsize: 0 KiB
Current children cumulated memory: 0 KiB

[startup+83.2003 s]
/proc/loadavg: 0.52 0.58 0.59 2/13 329
/proc/meminfo: memFree=12813368/16587228 swapFree=50071740/50331648
Current children cumulated CPU time: 0 s
Current children cumulated vsize: 0 KiB
Current children cumulated memory: 0 KiB

[startup+89.6002 s]
/proc/loadavg: 0.52 0.58 0.59 2/13 329
/proc/meminfo: memFree=12813868/16587228 swapFree=50071740/50331648
Current children cumulated CPU time: 0 s
Current children cumulated vsize: 0 KiB
Current children cumulated memory: 0 KiB

[startup+92.8004 s]
/proc/loadavg: 0.52 0.58 0.59 2/13 329
/proc/meminfo: memFree=12814060/16587228 swapFree=50071740/50331648
Current children cumulated CPU time: 0 s
Current children cumulated vsize: 0 KiB
Current children cumulated memory: 0 KiB

[startup+93.6003 s]
/proc/loadavg: 0.52 0.58 0.59 2/13 329
/proc/meminfo: memFree=12814152/16587228 swapFree=50071740/50331648
Current children cumulated CPU time: 0 s
Current children cumulated vsize: 0 KiB
Current children cumulated memory: 0 KiB

[startup+94.4002 s]
/proc/loadavg: 0.52 0.58 0.59 2/13 329
/proc/meminfo: memFree=12814084/16587228 swapFree=50071740/50331648
Current children cumulated CPU time: 0 s
Current children cumulated vsize: 0 KiB
Current children cumulated memory: 0 KiB

[startup+94.6005 s]
/proc/loadavg: 0.52 0.58 0.59 2/13 329
/proc/meminfo: memFree=12814084/16587228 swapFree=50071740/50331648
Current children cumulated CPU time: 0 s
Current children cumulated vsize: 0 KiB
Current children cumulated memory: 0 KiB

Child status: 1
Real time (s): 94.6645
CPU time (s): 94.6406
CPU user time (s): 94.4688
CPU system time (s): 0.171875
CPU usage (%): 99.9748
Max. virtual memory (cumulated for all children) (KiB): 0
Max. memory (cumulated for all children) (KiB): 0

getrusage(RUSAGE_CHILDREN,...) data:
user time used= 94.4688
system time used= 0.171875
maximum resident set size= 36020
integral shared memory size= 0
integral unshared data size= 0
integral unshared stack size= 0
page reclaims= 9404
page faults= 0
swaps= 0
block input operations= 0
block output operations= 0
messages sent= 0
messages received= 0
signals received= 0
voluntary context switches= 0
involuntary context switches= 0


# summary of solver processes directly reported to runsolver:
#   pid: 321
#   total CPU time (s): 94.6406
#   total CPU user time (s): 94.4688
#   total CPU system time (s): 0.171875

??? end of timestamper thread
runsolver used 0 second user time and 0.015625 second system time

The end
