runsolver version 3.4.0 (svn: 3018) Copyright (C) 2010-2013 Olivier ROUSSEL

This program is distributed in the hope that it will be useful,
but WITHOUT ANY WARRANTY; without even the implied warranty of
MERCHANTABILITY or FITNESS FOR A PARTICULAR PURPOSE.  See the
GNU General Public License for more details.

command line: /home/kunalan/runsolver/src/runsolver -C 1200 -W 1200 --vsize-limit 16384 -w results_nprc/nprc_gringo_random_500_60_watch.log --var results_nprc/nprc_gringo_random_500_60_values.log gringo --verbose=2 --output text ../instances/benchmark_instances/encodings/nprc_gringo.lp ../instances/benchmark_instances/graphs/random_500_60.lp 

running on 8 cores: 0-7

Enforcing CPUTime limit (soft limit, will send SIGTERM then SIGKILL): 1200 seconds
Enforcing CPUTime limit (hard limit, will send SIGXCPU): 1230 seconds
Enforcing wall clock limit (soft limit, will send SIGTERM then SIGKILL): 1200 seconds
Enforcing VSIZE limit (soft limit, will send SIGTERM then SIGKILL): 16777216 KiB
Enforcing VSIZE limit (hard limit, stack expansion will fail with SIGSEGV, brk() and mmap() will return ENOMEM): 16828416 KiB
Linux 4.4.0-22000-Microsoft
Current StackSize limit: 8192 KiB
solver pid=2525, runsolver pid=2523


[startup+0.100561 s]*
/proc/loadavg: 0.52 0.58 0.59 2/13 2526
/proc/meminfo: memFree=11595136/16587228 swapFree=50193984/50331648
Current children cumulated CPU time: 0 s
Current children cumulated vsize: 0 KiB
Current children cumulated memory: 0 KiB

[startup+0.201217 s]*
/proc/loadavg: 0.52 0.58 0.59 2/13 2526
/proc/meminfo: memFree=11595228/16587228 swapFree=50193984/50331648
Current children cumulated CPU time: 0 s
Current children cumulated vsize: 0 KiB
Current children cumulated memory: 0 KiB

[startup+0.301118 s]*
/proc/loadavg: 0.52 0.58 0.59 2/13 2526
/proc/meminfo: memFree=11594892/16587228 swapFree=50193984/50331648
Current children cumulated CPU time: 0 s
Current children cumulated vsize: 0 KiB
Current children cumulated memory: 0 KiB

[startup+0.700244 s]
/proc/loadavg: 0.52 0.58 0.59 2/13 2526
/proc/meminfo: memFree=11596408/16587228 swapFree=50193984/50331648
Current children cumulated CPU time: 0 s
Current children cumulated vsize: 0 KiB
Current children cumulated memory: 0 KiB

[startup+1.50011 s]
/proc/loadavg: 0.52 0.58 0.59 2/13 2526
/proc/meminfo: memFree=11572468/16587228 swapFree=50193984/50331648
Current children cumulated CPU time: 0 s
Current children cumulated vsize: 0 KiB
Current children cumulated memory: 0 KiB

[startup+3.10087 s]
/proc/loadavg: 0.52 0.58 0.59 3/13 2526
/proc/meminfo: memFree=11557216/16587228 swapFree=50193984/50331648
Current children cumulated CPU time: 0 s
Current children cumulated vsize: 0 KiB
Current children cumulated memory: 0 KiB
heavy processes:

[startup+6.30048 s]
/proc/loadavg: 0.52 0.58 0.59 3/13 2527
/proc/meminfo: memFree=11556008/16587228 swapFree=50193984/50331648
Current children cumulated CPU time: 0 s
Current children cumulated vsize: 0 KiB
Current children cumulated memory: 0 KiB
heavy processes:

[startup+9.80165 s]
# the end of solver process 2525 was just reported to runsolver
# cumulated CPU time of all completed processes:  user=9.5 s, system=0.28125 s

Solver just ended.
??? end of watcher thread
Dumping a history of the last processes samples

[startup+6.40116 s]
/proc/loadavg: 0.52 0.58 0.59 2/13 2527
/proc/meminfo: memFree=11556072/16587228 swapFree=50193984/50331648
Current children cumulated CPU time: 0 s
Current children cumulated vsize: 0 KiB
Current children cumulated memory: 0 KiB

[startup+8.00009 s]*
/proc/loadavg: 0.52 0.58 0.59 2/13 2527
/proc/meminfo: memFree=11556140/16587228 swapFree=50193984/50331648
Current children cumulated CPU time: 0 s
Current children cumulated vsize: 0 KiB
Current children cumulated memory: 0 KiB

[startup+8.80024 s]
/proc/loadavg: 0.52 0.58 0.59 2/13 2527
/proc/meminfo: memFree=11556140/16587228 swapFree=50193984/50331648
Current children cumulated CPU time: 0 s
Current children cumulated vsize: 0 KiB
Current children cumulated memory: 0 KiB

[startup+9.6003 s]
/proc/loadavg: 0.52 0.58 0.59 2/13 2527
/proc/meminfo: memFree=11556212/16587228 swapFree=50193984/50331648
Current children cumulated CPU time: 0 s
Current children cumulated vsize: 0 KiB
Current children cumulated memory: 0 KiB

[startup+9.80029 s]
/proc/loadavg: 0.52 0.58 0.59 2/13 2527
/proc/meminfo: memFree=11556212/16587228 swapFree=50193984/50331648
Current children cumulated CPU time: 0 s
Current children cumulated vsize: 0 KiB
Current children cumulated memory: 0 KiB

Child ended because it received signal 15 (SIGTERM)
Real time (s): 9.80179
CPU time (s): 9.78125
CPU user time (s): 9.5
CPU system time (s): 0.28125
CPU usage (%): 99.7905
Max. virtual memory (cumulated for all children) (KiB): 0
Max. memory (cumulated for all children) (KiB): 0

getrusage(RUSAGE_CHILDREN,...) data:
user time used= 9.5
system time used= 0.28125
maximum resident set size= 40360
integral shared memory size= 0
integral unshared data size= 0
integral unshared stack size= 0
page reclaims= 12743
page faults= 0
swaps= 0
block input operations= 0
block output operations= 0
messages sent= 0
messages received= 0
signals received= 0
voluntary context switches= 0
involuntary context switches= 0


# summary of solver processes directly reported to runsolver:
#   pid: 2525
#   total CPU time (s): 9.78125
#   total CPU user time (s): 9.5
#   total CPU system time (s): 0.28125

??? end of timestamper thread
runsolver used 0 second user time and 0 second system time

The end
