runsolver version 3.4.0 (svn: 3018) Copyright (C) 2010-2013 Olivier ROUSSEL

This program is distributed in the hope that it will be useful,
but WITHOUT ANY WARRANTY; without even the implied warranty of
MERCHANTABILITY or FITNESS FOR A PARTICULAR PURPOSE.  See the
GNU General Public License for more details.

command line: /home/kunalan/runsolver/src/runsolver -C 1200 -W 1200 --vsize-limit 16384 -w results_nprc/nprc_newground_random_900_30_watch.log --var results_nprc/nprc_newground_random_900_30_values.log python3 ../newground2.py ../instances/benchmark_instances/encodings/nprc_newground.lp ../instances/benchmark_instances/graphs/random_900_30.lp 

running on 8 cores: 0-7

Enforcing CPUTime limit (soft limit, will send SIGTERM then SIGKILL): 1200 seconds
Enforcing CPUTime limit (hard limit, will send SIGXCPU): 1230 seconds
Enforcing wall clock limit (soft limit, will send SIGTERM then SIGKILL): 1200 seconds
Enforcing VSIZE limit (soft limit, will send SIGTERM then SIGKILL): 16777216 KiB
Enforcing VSIZE limit (hard limit, stack expansion will fail with SIGSEGV, brk() and mmap() will return ENOMEM): 16828416 KiB
Linux 4.4.0-22000-Microsoft
solver pid=3295, runsolver pid=3293
Current StackSize limit: 8192 KiB


[startup+0.100228 s]*
/proc/loadavg: 0.52 0.58 0.59 2/13 3296
/proc/meminfo: memFree=11636760/16587228 swapFree=50195480/50331648
Current children cumulated CPU time: 0 s
Current children cumulated vsize: 0 KiB
Current children cumulated memory: 0 KiB

[startup+0.20135 s]*
/proc/loadavg: 0.52 0.58 0.59 2/13 3296
/proc/meminfo: memFree=11617756/16587228 swapFree=50195480/50331648
Current children cumulated CPU time: 0 s
Current children cumulated vsize: 0 KiB
Current children cumulated memory: 0 KiB

[startup+0.30106 s]*
/proc/loadavg: 0.52 0.58 0.59 2/13 3296
/proc/meminfo: memFree=11613632/16587228 swapFree=50195480/50331648
Current children cumulated CPU time: 0 s
Current children cumulated vsize: 0 KiB
Current children cumulated memory: 0 KiB

[startup+0.700438 s]
/proc/loadavg: 0.52 0.58 0.59 2/13 3296
/proc/meminfo: memFree=11614184/16587228 swapFree=50195552/50331648
Current children cumulated CPU time: 0 s
Current children cumulated vsize: 0 KiB
Current children cumulated memory: 0 KiB

[startup+1.50041 s]
/proc/loadavg: 0.52 0.58 0.59 2/13 3296
/proc/meminfo: memFree=11608720/16587228 swapFree=50195552/50331648
Current children cumulated CPU time: 0 s
Current children cumulated vsize: 0 KiB
Current children cumulated memory: 0 KiB

[startup+3.10124 s]
/proc/loadavg: 0.52 0.58 0.59 2/13 3296
/proc/meminfo: memFree=11609600/16587228 swapFree=50195552/50331648
Current children cumulated CPU time: 0 s
Current children cumulated vsize: 0 KiB
Current children cumulated memory: 0 KiB
heavy processes:

[startup+6.30048 s]
/proc/loadavg: 0.52 0.58 0.59 2/13 3296
/proc/meminfo: memFree=11608000/16587228 swapFree=50195552/50331648
Current children cumulated CPU time: 0 s
Current children cumulated vsize: 0 KiB
Current children cumulated memory: 0 KiB
heavy processes:

[startup+12.7001 s]
/proc/loadavg: 0.52 0.58 0.59 2/13 3296
/proc/meminfo: memFree=11607400/16587228 swapFree=50195552/50331648
Current children cumulated CPU time: 0 s
Current children cumulated vsize: 0 KiB
Current children cumulated memory: 0 KiB
heavy processes:

[startup+25.5004 s]
/proc/loadavg: 0.52 0.58 0.59 2/13 3296
/proc/meminfo: memFree=11614884/16587228 swapFree=50195552/50331648
Current children cumulated CPU time: 0 s
Current children cumulated vsize: 0 KiB
Current children cumulated memory: 0 KiB
heavy processes:

[startup+51.1012 s]
/proc/loadavg: 0.52 0.58 0.59 2/13 3296
/proc/meminfo: memFree=11612240/16587228 swapFree=50195552/50331648
Current children cumulated CPU time: 0 s
Current children cumulated vsize: 0 KiB
Current children cumulated memory: 0 KiB
heavy processes:

[startup+97.3005 s]
# the end of solver process 3295 was just reported to runsolver
# cumulated CPU time of all completed processes:  user=96.7031 s, system=0.53125 s

Solver just ended.
??? end of watcher thread
Dumping a history of the last processes samples

[startup+51.2009 s]
/proc/loadavg: 0.52 0.58 0.59 2/13 3296
/proc/meminfo: memFree=11611576/16587228 swapFree=50195552/50331648
Current children cumulated CPU time: 0 s
Current children cumulated vsize: 0 KiB
Current children cumulated memory: 0 KiB

[startup+76.8002 s]
/proc/loadavg: 0.52 0.58 0.59 2/13 3296
/proc/meminfo: memFree=11529252/16587228 swapFree=50195556/50331648
Current children cumulated CPU time: 0 s
Current children cumulated vsize: 0 KiB
Current children cumulated memory: 0 KiB

[startup+89.6005 s]
/proc/loadavg: 0.52 0.58 0.59 2/13 3296
/proc/meminfo: memFree=11530696/16587228 swapFree=50195556/50331648
Current children cumulated CPU time: 0 s
Current children cumulated vsize: 0 KiB
Current children cumulated memory: 0 KiB

[startup+92.8006 s]
/proc/loadavg: 0.52 0.58 0.59 2/13 3296
/proc/meminfo: memFree=11530984/16587228 swapFree=50195556/50331648
Current children cumulated CPU time: 0 s
Current children cumulated vsize: 0 KiB
Current children cumulated memory: 0 KiB

[startup+94.4001 s]
/proc/loadavg: 0.52 0.58 0.59 2/13 3296
/proc/meminfo: memFree=11532520/16587228 swapFree=50195556/50331648
Current children cumulated CPU time: 0 s
Current children cumulated vsize: 0 KiB
Current children cumulated memory: 0 KiB

[startup+96.0003 s]*
/proc/loadavg: 0.52 0.58 0.59 2/13 3296
/proc/meminfo: memFree=11531616/16587228 swapFree=50195556/50331648
Current children cumulated CPU time: 0 s
Current children cumulated vsize: 0 KiB
Current children cumulated memory: 0 KiB

[startup+96.8005 s]
/proc/loadavg: 0.52 0.58 0.59 2/13 3296
/proc/meminfo: memFree=11531616/16587228 swapFree=50195556/50331648
Current children cumulated CPU time: 0 s
Current children cumulated vsize: 0 KiB
Current children cumulated memory: 0 KiB

[startup+97.2004 s]
/proc/loadavg: 0.52 0.58 0.59 2/13 3296
/proc/meminfo: memFree=11531648/16587228 swapFree=50195556/50331648
Current children cumulated CPU time: 0 s
Current children cumulated vsize: 0 KiB
Current children cumulated memory: 0 KiB

[startup+97.3002 s]
/proc/loadavg: 0.52 0.58 0.59 2/13 3296
/proc/meminfo: memFree=11531648/16587228 swapFree=50195556/50331648
Current children cumulated CPU time: 0 s
Current children cumulated vsize: 0 KiB
Current children cumulated memory: 0 KiB

Child status: 0
Real time (s): 97.3006
CPU time (s): 97.2344
CPU user time (s): 96.7031
CPU system time (s): 0.53125
CPU usage (%): 99.932
Max. virtual memory (cumulated for all children) (KiB): 0
Max. memory (cumulated for all children) (KiB): 0

getrusage(RUSAGE_CHILDREN,...) data:
user time used= 96.7031
system time used= 0.53125
maximum resident set size= 180408
integral shared memory size= 0
integral unshared data size= 0
integral unshared stack size= 0
page reclaims= 67603
page faults= 0
swaps= 0
block input operations= 0
block output operations= 0
messages sent= 0
messages received= 0
signals received= 0
voluntary context switches= 0
involuntary context switches= 0


# summary of solver processes directly reported to runsolver:
#   pid: 3295
#   total CPU time (s): 97.2344
#   total CPU user time (s): 96.7031
#   total CPU system time (s): 0.53125

??? end of timestamper thread
runsolver used 0 second user time and 0.015625 second system time

The end
