runsolver version 3.4.0 (svn: 3018) Copyright (C) 2010-2013 Olivier ROUSSEL

This program is distributed in the hope that it will be useful,
but WITHOUT ANY WARRANTY; without even the implied warranty of
MERCHANTABILITY or FITNESS FOR A PARTICULAR PURPOSE.  See the
GNU General Public License for more details.

command line: /home/kunalan/runsolver/src/runsolver -C 1200 -W 1200 --vsize-limit 16384 -w results_nprc/nprc_newground2_random_10_10_watch.log --var results_nprc/nprc_newground2_random_10_10_values.log python3 ../newground2.py ../instances/benchmark_instances/encodings/nprc_newground2.lp ../instances/benchmark_instances/graphs/random_10_10.lp 

running on 8 cores: 0-7

Enforcing CPUTime limit (soft limit, will send SIGTERM then SIGKILL): 1200 seconds
Enforcing CPUTime limit (hard limit, will send SIGXCPU): 1230 seconds
Enforcing wall clock limit (soft limit, will send SIGTERM then SIGKILL): 1200 seconds
Enforcing VSIZE limit (soft limit, will send SIGTERM then SIGKILL): 16777216 KiB
Enforcing VSIZE limit (hard limit, stack expansion will fail with SIGSEGV, brk() and mmap() will return ENOMEM): 16828416 KiB
Linux 4.4.0-22000-Microsoft
Current StackSize limit: 8192 KiB
solver pid=3746, runsolver pid=3744


[startup+0.100209 s]*
/proc/loadavg: 0.52 0.58 0.59 2/13 3747
/proc/meminfo: memFree=8487716/16587228 swapFree=50203324/50331648
Current children cumulated CPU time: 0 s
Current children cumulated vsize: 0 KiB
Current children cumulated memory: 0 KiB

[startup+0.201417 s]*
/proc/loadavg: 0.52 0.58 0.59 2/13 3747
/proc/meminfo: memFree=8471176/16587228 swapFree=50203324/50331648
Current children cumulated CPU time: 0 s
Current children cumulated vsize: 0 KiB
Current children cumulated memory: 0 KiB

[startup+0.300998 s]*
/proc/loadavg: 0.52 0.58 0.59 2/13 3747
/proc/meminfo: memFree=8468608/16587228 swapFree=50203324/50331648
Current children cumulated CPU time: 0 s
Current children cumulated vsize: 0 KiB
Current children cumulated memory: 0 KiB

[startup+0.700365 s]
/proc/loadavg: 0.52 0.58 0.59 2/13 3747
/proc/meminfo: memFree=8468624/16587228 swapFree=50203324/50331648
Current children cumulated CPU time: 0 s
Current children cumulated vsize: 0 KiB
Current children cumulated memory: 0 KiB

[startup+1.5004 s]
/proc/loadavg: 0.52 0.58 0.59 2/13 3747
/proc/meminfo: memFree=8471132/16587228 swapFree=50203324/50331648
Current children cumulated CPU time: 0 s
Current children cumulated vsize: 0 KiB
Current children cumulated memory: 0 KiB

[startup+3.10116 s]
/proc/loadavg: 0.52 0.58 0.59 2/13 3747
/proc/meminfo: memFree=8468272/16587228 swapFree=50203324/50331648
Current children cumulated CPU time: 0 s
Current children cumulated vsize: 0 KiB
Current children cumulated memory: 0 KiB
heavy processes:

[startup+6.30016 s]
/proc/loadavg: 0.52 0.58 0.59 3/13 3747
/proc/meminfo: memFree=8468636/16587228 swapFree=50203324/50331648
Current children cumulated CPU time: 0 s
Current children cumulated vsize: 0 KiB
Current children cumulated memory: 0 KiB
heavy processes:

[startup+6.31622 s]
# the end of solver process 3746 was just reported to runsolver
# cumulated CPU time of all completed processes:  user=6.09375 s, system=0.203125 s

Solver just ended.
??? end of watcher thread
Dumping a history of the last processes samples

[startup+6.30016 s]*
/proc/loadavg: 0.52 0.58 0.59 2/13 3747
/proc/meminfo: memFree=8468552/16587228 swapFree=50203324/50331648
Current children cumulated CPU time: 0 s
Current children cumulated vsize: 0 KiB
Current children cumulated memory: 0 KiB

Child status: 0
Real time (s): 6.31627
CPU time (s): 6.29688
CPU user time (s): 6.09375
CPU system time (s): 0.203125
CPU usage (%): 99.693
Max. virtual memory (cumulated for all children) (KiB): 0
Max. memory (cumulated for all children) (KiB): 0

getrusage(RUSAGE_CHILDREN,...) data:
user time used= 6.09375
system time used= 0.203125
maximum resident set size= 24816
integral shared memory size= 0
integral unshared data size= 0
integral unshared stack size= 0
page reclaims= 6533
page faults= 0
swaps= 0
block input operations= 0
block output operations= 0
messages sent= 0
messages received= 0
signals received= 0
voluntary context switches= 0
involuntary context switches= 0


# summary of solver processes directly reported to runsolver:
#   pid: 3746
#   total CPU time (s): 6.29688
#   total CPU user time (s): 6.09375
#   total CPU system time (s): 0.203125

??? end of timestamper thread
runsolver used 0 second user time and 0 second system time

The end
