runsolver version 3.4.0 (svn: 3018) Copyright (C) 2010-2013 Olivier ROUSSEL

This program is distributed in the hope that it will be useful,
but WITHOUT ANY WARRANTY; without even the implied warranty of
MERCHANTABILITY or FITNESS FOR A PARTICULAR PURPOSE.  See the
GNU General Public License for more details.

command line: /home/kunalan/runsolver/src/runsolver -C 1200 -W 1200 --vsize-limit 16384 -w results_nprc/nprc_newground_random_600_80_watch.log --var results_nprc/nprc_newground_random_600_80_values.log python3 ../newground2.py ../instances/benchmark_instances/encodings/nprc_newground.lp ../instances/benchmark_instances/graphs/random_600_80.lp 

running on 8 cores: 0-7

Enforcing CPUTime limit (soft limit, will send SIGTERM then SIGKILL): 1200 seconds
Enforcing CPUTime limit (hard limit, will send SIGXCPU): 1230 seconds
Enforcing wall clock limit (soft limit, will send SIGTERM then SIGKILL): 1200 seconds
Enforcing VSIZE limit (soft limit, will send SIGTERM then SIGKILL): 16777216 KiB
Enforcing VSIZE limit (hard limit, stack expansion will fail with SIGSEGV, brk() and mmap() will return ENOMEM): 16828416 KiB
Linux 4.4.0-22000-Microsoft
Current StackSize limit: 8192 KiB
solver pid=3055, runsolver pid=3053


[startup+0.100566 s]*
/proc/loadavg: 0.52 0.58 0.59 2/13 3056
/proc/meminfo: memFree=11372104/16587228 swapFree=50194136/50331648
Current children cumulated CPU time: 0 s
Current children cumulated vsize: 0 KiB
Current children cumulated memory: 0 KiB

[startup+0.20115 s]*
/proc/loadavg: 0.52 0.58 0.59 2/13 3056
/proc/meminfo: memFree=11353384/16587228 swapFree=50194136/50331648
Current children cumulated CPU time: 0 s
Current children cumulated vsize: 0 KiB
Current children cumulated memory: 0 KiB

[startup+0.300835 s]*
/proc/loadavg: 0.52 0.58 0.59 2/13 3056
/proc/meminfo: memFree=11344396/16587228 swapFree=50194136/50331648
Current children cumulated CPU time: 0 s
Current children cumulated vsize: 0 KiB
Current children cumulated memory: 0 KiB

[startup+0.700148 s]
/proc/loadavg: 0.52 0.58 0.59 2/13 3056
/proc/meminfo: memFree=11344380/16587228 swapFree=50194136/50331648
Current children cumulated CPU time: 0 s
Current children cumulated vsize: 0 KiB
Current children cumulated memory: 0 KiB

[startup+1.5004 s]
/proc/loadavg: 0.52 0.58 0.59 2/13 3056
/proc/meminfo: memFree=11345060/16587228 swapFree=50194136/50331648
Current children cumulated CPU time: 0 s
Current children cumulated vsize: 0 KiB
Current children cumulated memory: 0 KiB

[startup+3.1009 s]
/proc/loadavg: 0.52 0.58 0.59 2/13 3056
/proc/meminfo: memFree=11353080/16587228 swapFree=50194136/50331648
Current children cumulated CPU time: 0 s
Current children cumulated vsize: 0 KiB
Current children cumulated memory: 0 KiB
heavy processes:

[startup+6.30041 s]
/proc/loadavg: 0.52 0.58 0.59 2/13 3056
/proc/meminfo: memFree=11351668/16587228 swapFree=50194136/50331648
Current children cumulated CPU time: 0 s
Current children cumulated vsize: 0 KiB
Current children cumulated memory: 0 KiB
heavy processes:

[startup+12.7004 s]
/proc/loadavg: 0.52 0.58 0.59 2/13 3056
/proc/meminfo: memFree=11351412/16587228 swapFree=50194136/50331648
Current children cumulated CPU time: 0 s
Current children cumulated vsize: 0 KiB
Current children cumulated memory: 0 KiB
heavy processes:

[startup+25.5005 s]
/proc/loadavg: 0.52 0.58 0.59 2/13 3056
/proc/meminfo: memFree=11347768/16587228 swapFree=50194136/50331648
Current children cumulated CPU time: 0 s
Current children cumulated vsize: 0 KiB
Current children cumulated memory: 0 KiB
heavy processes:

[startup+51.1011 s]
/proc/loadavg: 0.52 0.58 0.59 2/13 3056
/proc/meminfo: memFree=11337904/16587228 swapFree=50194136/50331648
Current children cumulated CPU time: 0 s
Current children cumulated vsize: 0 KiB
Current children cumulated memory: 0 KiB
heavy processes:

[startup+95.067 s]
# the end of solver process 3055 was just reported to runsolver
# cumulated CPU time of all completed processes:  user=94.625 s, system=0.34375 s

Solver just ended.
??? end of watcher thread
Dumping a history of the last processes samples

[startup+51.201 s]
/proc/loadavg: 0.52 0.58 0.59 2/13 3056
/proc/meminfo: memFree=11337904/16587228 swapFree=50194136/50331648
Current children cumulated CPU time: 0 s
Current children cumulated vsize: 0 KiB
Current children cumulated memory: 0 KiB

[startup+76.8001 s]
/proc/loadavg: 0.52 0.58 0.59 2/13 3056
/proc/meminfo: memFree=11316112/16587228 swapFree=50194136/50331648
Current children cumulated CPU time: 0 s
Current children cumulated vsize: 0 KiB
Current children cumulated memory: 0 KiB

[startup+83.2001 s]
/proc/loadavg: 0.52 0.58 0.59 2/13 3056
/proc/meminfo: memFree=11312376/16587228 swapFree=50194136/50331648
Current children cumulated CPU time: 0 s
Current children cumulated vsize: 0 KiB
Current children cumulated memory: 0 KiB

[startup+89.6003 s]
/proc/loadavg: 0.52 0.58 0.59 2/13 3056
/proc/meminfo: memFree=11275440/16587228 swapFree=50194136/50331648
Current children cumulated CPU time: 0 s
Current children cumulated vsize: 0 KiB
Current children cumulated memory: 0 KiB

[startup+92.8001 s]
/proc/loadavg: 0.52 0.58 0.59 2/13 3056
/proc/meminfo: memFree=11274896/16587228 swapFree=50194136/50331648
Current children cumulated CPU time: 0 s
Current children cumulated vsize: 0 KiB
Current children cumulated memory: 0 KiB

[startup+94.4003 s]
/proc/loadavg: 0.52 0.58 0.59 2/13 3056
/proc/meminfo: memFree=11275212/16587228 swapFree=50194136/50331648
Current children cumulated CPU time: 0 s
Current children cumulated vsize: 0 KiB
Current children cumulated memory: 0 KiB

[startup+94.8002 s]
/proc/loadavg: 0.52 0.58 0.59 2/13 3056
/proc/meminfo: memFree=11275212/16587228 swapFree=50194136/50331648
Current children cumulated CPU time: 0 s
Current children cumulated vsize: 0 KiB
Current children cumulated memory: 0 KiB

[startup+95.0003 s]*
/proc/loadavg: 0.52 0.58 0.59 3/13 3056
/proc/meminfo: memFree=11275260/16587228 swapFree=50194136/50331648
Current children cumulated CPU time: 0 s
Current children cumulated vsize: 0 KiB
Current children cumulated memory: 0 KiB

Child status: 0
Real time (s): 95.0671
CPU time (s): 94.9688
CPU user time (s): 94.625
CPU system time (s): 0.34375
CPU usage (%): 99.8966
Max. virtual memory (cumulated for all children) (KiB): 0
Max. memory (cumulated for all children) (KiB): 0

getrusage(RUSAGE_CHILDREN,...) data:
user time used= 94.625
system time used= 0.34375
maximum resident set size= 117064
integral shared memory size= 0
integral unshared data size= 0
integral unshared stack size= 0
page reclaims= 36481
page faults= 0
swaps= 0
block input operations= 0
block output operations= 0
messages sent= 0
messages received= 0
signals received= 0
voluntary context switches= 0
involuntary context switches= 0


# summary of solver processes directly reported to runsolver:
#   pid: 3055
#   total CPU time (s): 94.9688
#   total CPU user time (s): 94.625
#   total CPU system time (s): 0.34375

??? end of timestamper thread
runsolver used 0 second user time and 0 second system time

The end
