runsolver version 3.4.0 (svn: 3018) Copyright (C) 2010-2013 Olivier ROUSSEL

This program is distributed in the hope that it will be useful,
but WITHOUT ANY WARRANTY; without even the implied warranty of
MERCHANTABILITY or FITNESS FOR A PARTICULAR PURPOSE.  See the
GNU General Public License for more details.

command line: /home/kunalan/runsolver/src/runsolver -C 1200 -W 1200 --vsize-limit 16384 -w results_nprc/nprc_newground2_random_100_40_watch.log --var results_nprc/nprc_newground2_random_100_40_values.log python3 ../newground2.py ../instances/benchmark_instances/encodings/nprc_newground2.lp ../instances/benchmark_instances/graphs/random_100_40.lp 

running on 8 cores: 0-7

Enforcing CPUTime limit (soft limit, will send SIGTERM then SIGKILL): 1200 seconds
Enforcing CPUTime limit (hard limit, will send SIGXCPU): 1230 seconds
Enforcing wall clock limit (soft limit, will send SIGTERM then SIGKILL): 1200 seconds
Enforcing VSIZE limit (soft limit, will send SIGTERM then SIGKILL): 16777216 KiB
Enforcing VSIZE limit (hard limit, stack expansion will fail with SIGSEGV, brk() and mmap() will return ENOMEM): 16828416 KiB
Linux 4.4.0-22000-Microsoft
Current StackSize limit: 8192 KiB

solver pid=300, runsolver pid=298

[startup+0.100276 s]*
/proc/loadavg: 0.52 0.58 0.59 2/13 301
/proc/meminfo: memFree=12830912/16587228 swapFree=50071712/50331648
Current children cumulated CPU time: 0 s
Current children cumulated vsize: 0 KiB
Current children cumulated memory: 0 KiB

[startup+0.201166 s]*
/proc/loadavg: 0.52 0.58 0.59 2/13 301
/proc/meminfo: memFree=12826764/16587228 swapFree=50071712/50331648
Current children cumulated CPU time: 0 s
Current children cumulated vsize: 0 KiB
Current children cumulated memory: 0 KiB

[startup+0.301244 s]*
/proc/loadavg: 0.52 0.58 0.59 2/13 301
/proc/meminfo: memFree=12817076/16587228 swapFree=50071716/50331648
Current children cumulated CPU time: 0 s
Current children cumulated vsize: 0 KiB
Current children cumulated memory: 0 KiB

[startup+0.700384 s]
/proc/loadavg: 0.52 0.58 0.59 2/13 301
/proc/meminfo: memFree=12816788/16587228 swapFree=50071716/50331648
Current children cumulated CPU time: 0 s
Current children cumulated vsize: 0 KiB
Current children cumulated memory: 0 KiB

[startup+1.50051 s]
/proc/loadavg: 0.52 0.58 0.59 2/13 301
/proc/meminfo: memFree=12817340/16587228 swapFree=50071716/50331648
Current children cumulated CPU time: 0 s
Current children cumulated vsize: 0 KiB
Current children cumulated memory: 0 KiB

[startup+3.1011 s]
/proc/loadavg: 0.52 0.58 0.59 2/13 301
/proc/meminfo: memFree=12808200/16587228 swapFree=50071716/50331648
Current children cumulated CPU time: 0 s
Current children cumulated vsize: 0 KiB
Current children cumulated memory: 0 KiB
heavy processes:

[startup+6.30046 s]
/proc/loadavg: 0.52 0.58 0.59 2/13 301
/proc/meminfo: memFree=12807652/16587228 swapFree=50071716/50331648
Current children cumulated CPU time: 0 s
Current children cumulated vsize: 0 KiB
Current children cumulated memory: 0 KiB
heavy processes:

[startup+12.7003 s]
/proc/loadavg: 0.52 0.58 0.59 2/13 301
/proc/meminfo: memFree=12814332/16587228 swapFree=50071716/50331648
Current children cumulated CPU time: 0 s
Current children cumulated vsize: 0 KiB
Current children cumulated memory: 0 KiB
heavy processes:

[startup+25.5004 s]
/proc/loadavg: 0.52 0.58 0.59 2/13 301
/proc/meminfo: memFree=12813448/16587228 swapFree=50071716/50331648
Current children cumulated CPU time: 0 s
Current children cumulated vsize: 0 KiB
Current children cumulated memory: 0 KiB
heavy processes:

[startup+51.1011 s]
/proc/loadavg: 0.52 0.58 0.59 2/13 301
/proc/meminfo: memFree=12807416/16587228 swapFree=50071724/50331648
Current children cumulated CPU time: 0 s
Current children cumulated vsize: 0 KiB
Current children cumulated memory: 0 KiB
heavy processes:

[startup+102.3 s]
/proc/loadavg: 0.52 0.58 0.59 2/13 306
/proc/meminfo: memFree=12813212/16587228 swapFree=50071728/50331648
Current children cumulated CPU time: 0 s
Current children cumulated vsize: 0 KiB
Current children cumulated memory: 0 KiB
heavy processes:

[startup+113.338 s]
# the end of solver process 300 was just reported to runsolver
# cumulated CPU time of all completed processes:  user=113.141 s, system=0.109375 s

Solver just ended.
??? end of watcher thread
Dumping a history of the last processes samples

[startup+102.401 s]
/proc/loadavg: 0.52 0.58 0.59 2/13 306
/proc/meminfo: memFree=12813256/16587228 swapFree=50071728/50331648
Current children cumulated CPU time: 0 s
Current children cumulated vsize: 0 KiB
Current children cumulated memory: 0 KiB

[startup+108.801 s]
/proc/loadavg: 0.52 0.58 0.59 2/13 307
/proc/meminfo: memFree=12813544/16587228 swapFree=50071728/50331648
Current children cumulated CPU time: 0 s
Current children cumulated vsize: 0 KiB
Current children cumulated memory: 0 KiB

[startup+110.4 s]
/proc/loadavg: 0.52 0.58 0.59 2/13 307
/proc/meminfo: memFree=12813424/16587228 swapFree=50071728/50331648
Current children cumulated CPU time: 0 s
Current children cumulated vsize: 0 KiB
Current children cumulated memory: 0 KiB

[startup+112 s]*
/proc/loadavg: 0.52 0.58 0.59 2/13 307
/proc/meminfo: memFree=12813536/16587228 swapFree=50071728/50331648
Current children cumulated CPU time: 0 s
Current children cumulated vsize: 0 KiB
Current children cumulated memory: 0 KiB

[startup+112.8 s]
/proc/loadavg: 0.52 0.58 0.59 2/13 307
/proc/meminfo: memFree=12813536/16587228 swapFree=50071728/50331648
Current children cumulated CPU time: 0 s
Current children cumulated vsize: 0 KiB
Current children cumulated memory: 0 KiB

[startup+113.2 s]
/proc/loadavg: 0.52 0.58 0.59 2/13 307
/proc/meminfo: memFree=12813296/16587228 swapFree=50071728/50331648
Current children cumulated CPU time: 0 s
Current children cumulated vsize: 0 KiB
Current children cumulated memory: 0 KiB

[startup+113.3 s]
/proc/loadavg: 0.52 0.58 0.59 2/13 307
/proc/meminfo: memFree=12813296/16587228 swapFree=50071728/50331648
Current children cumulated CPU time: 0 s
Current children cumulated vsize: 0 KiB
Current children cumulated memory: 0 KiB

Child status: 1
Real time (s): 113.338
CPU time (s): 113.25
CPU user time (s): 113.141
CPU system time (s): 0.109375
CPU usage (%): 99.9221
Max. virtual memory (cumulated for all children) (KiB): 0
Max. memory (cumulated for all children) (KiB): 0

getrusage(RUSAGE_CHILDREN,...) data:
user time used= 113.141
system time used= 0.109375
maximum resident set size= 35540
integral shared memory size= 0
integral unshared data size= 0
integral unshared stack size= 0
page reclaims= 11659
page faults= 0
swaps= 0
block input operations= 0
block output operations= 0
messages sent= 0
messages received= 0
signals received= 0
voluntary context switches= 0
involuntary context switches= 0


# summary of solver processes directly reported to runsolver:
#   pid: 300
#   total CPU time (s): 113.25
#   total CPU user time (s): 113.141
#   total CPU system time (s): 0.109375

??? end of timestamper thread
runsolver used 0 second user time and 0 second system time

The end
