runsolver version 3.4.0 (svn: 3018) Copyright (C) 2010-2013 Olivier ROUSSEL

This program is distributed in the hope that it will be useful,
but WITHOUT ANY WARRANTY; without even the implied warranty of
MERCHANTABILITY or FITNESS FOR A PARTICULAR PURPOSE.  See the
GNU General Public License for more details.

command line: /home/kunalan/runsolver/src/runsolver -C 1200 -W 1200 --vsize-limit 16384 -w results_nprc/nprc_newground2_random_600_20_watch.log --var results_nprc/nprc_newground2_random_600_20_values.log python3 ../newground2.py ../instances/benchmark_instances/encodings/nprc_newground2.lp ../instances/benchmark_instances/graphs/random_600_20.lp 

running on 8 cores: 0-7

Enforcing CPUTime limit (soft limit, will send SIGTERM then SIGKILL): 1200 seconds
Enforcing CPUTime limit (hard limit, will send SIGXCPU): 1230 seconds
Enforcing wall clock limit (soft limit, will send SIGTERM then SIGKILL): 1200 seconds
Enforcing VSIZE limit (soft limit, will send SIGTERM then SIGKILL): 16777216 KiB
Enforcing VSIZE limit (hard limit, stack expansion will fail with SIGSEGV, brk() and mmap() will return ENOMEM): 16828416 KiB
Linux 4.4.0-22000-Microsoft
Current StackSize limit: 8192 KiB

solver pid=2962, runsolver pid=2960

[startup+0.100104 s]*
/proc/loadavg: 0.52 0.58 0.59 2/13 2963
/proc/meminfo: memFree=11454016/16587228 swapFree=50194132/50331648
Current children cumulated CPU time: 0 s
Current children cumulated vsize: 0 KiB
Current children cumulated memory: 0 KiB

[startup+0.201357 s]*
/proc/loadavg: 0.52 0.58 0.59 2/13 2963
/proc/meminfo: memFree=11444744/16587228 swapFree=50194132/50331648
Current children cumulated CPU time: 0 s
Current children cumulated vsize: 0 KiB
Current children cumulated memory: 0 KiB

[startup+0.301078 s]*
/proc/loadavg: 0.52 0.58 0.59 2/13 2963
/proc/meminfo: memFree=11440704/16587228 swapFree=50194132/50331648
Current children cumulated CPU time: 0 s
Current children cumulated vsize: 0 KiB
Current children cumulated memory: 0 KiB

[startup+0.70057 s]
/proc/loadavg: 0.52 0.58 0.59 2/13 2963
/proc/meminfo: memFree=11440688/16587228 swapFree=50194132/50331648
Current children cumulated CPU time: 0 s
Current children cumulated vsize: 0 KiB
Current children cumulated memory: 0 KiB

[startup+1.50013 s]
/proc/loadavg: 0.52 0.58 0.59 2/13 2963
/proc/meminfo: memFree=11433632/16587228 swapFree=50194132/50331648
Current children cumulated CPU time: 0 s
Current children cumulated vsize: 0 KiB
Current children cumulated memory: 0 KiB

[startup+3.10086 s]
/proc/loadavg: 0.52 0.58 0.59 2/13 2964
/proc/meminfo: memFree=11433096/16587228 swapFree=50194132/50331648
Current children cumulated CPU time: 0 s
Current children cumulated vsize: 0 KiB
Current children cumulated memory: 0 KiB
heavy processes:

[startup+4.04845 s]
# the end of solver process 2962 was just reported to runsolver
# cumulated CPU time of all completed processes:  user=3.95312 s, system=0.0625 s

Solver just ended.
??? end of watcher thread
Dumping a history of the last processes samples

[startup+3.20108 s]
/proc/loadavg: 0.52 0.58 0.59 2/13 2964
/proc/meminfo: memFree=11433088/16587228 swapFree=50194132/50331648
Current children cumulated CPU time: 0 s
Current children cumulated vsize: 0 KiB
Current children cumulated memory: 0 KiB

[startup+3.6001 s]
/proc/loadavg: 0.52 0.58 0.59 2/13 2964
/proc/meminfo: memFree=11433088/16587228 swapFree=50194132/50331648
Current children cumulated CPU time: 0 s
Current children cumulated vsize: 0 KiB
Current children cumulated memory: 0 KiB

[startup+4.00051 s]*
/proc/loadavg: 0.52 0.58 0.59 2/13 2964
/proc/meminfo: memFree=11433032/16587228 swapFree=50194132/50331648
Current children cumulated CPU time: 0 s
Current children cumulated vsize: 0 KiB
Current children cumulated memory: 0 KiB

Child status: 1
Real time (s): 4.04851
CPU time (s): 4.01562
CPU user time (s): 3.95312
CPU system time (s): 0.0625
CPU usage (%): 99.1878
Max. virtual memory (cumulated for all children) (KiB): 0
Max. memory (cumulated for all children) (KiB): 0

getrusage(RUSAGE_CHILDREN,...) data:
user time used= 3.95312
system time used= 0.0625
maximum resident set size= 25840
integral shared memory size= 0
integral unshared data size= 0
integral unshared stack size= 0
page reclaims= 6765
page faults= 0
swaps= 0
block input operations= 0
block output operations= 0
messages sent= 0
messages received= 0
signals received= 0
voluntary context switches= 0
involuntary context switches= 0


# summary of solver processes directly reported to runsolver:
#   pid: 2962
#   total CPU time (s): 4.01562
#   total CPU user time (s): 3.95312
#   total CPU system time (s): 0.0625

??? end of timestamper thread
runsolver used 0 second user time and 0 second system time

The end
