runsolver version 3.4.0 (svn: 3018) Copyright (C) 2010-2013 Olivier ROUSSEL

This program is distributed in the hope that it will be useful,
but WITHOUT ANY WARRANTY; without even the implied warranty of
MERCHANTABILITY or FITNESS FOR A PARTICULAR PURPOSE.  See the
GNU General Public License for more details.

command line: /home/kunalan/runsolver/src/runsolver -C 1200 -W 1200 --vsize-limit 16384 -w results_nprc/nprc_newground2_random_50_20_watch.log --var results_nprc/nprc_newground2_random_50_20_values.log python3 ../newground2.py ../instances/benchmark_instances/encodings/nprc_newground2.lp ../instances/benchmark_instances/graphs/random_50_20.lp 

running on 8 cores: 0-7

Enforcing CPUTime limit (soft limit, will send SIGTERM then SIGKILL): 1200 seconds
Enforcing CPUTime limit (hard limit, will send SIGXCPU): 1230 seconds
Enforcing wall clock limit (soft limit, will send SIGTERM then SIGKILL): 1200 seconds
Enforcing VSIZE limit (soft limit, will send SIGTERM then SIGKILL): 16777216 KiB
Enforcing VSIZE limit (hard limit, stack expansion will fail with SIGSEGV, brk() and mmap() will return ENOMEM): 16828416 KiB
Linux 4.4.0-22000-Microsoft
Current StackSize limit: 8192 KiB
solver pid=2639, runsolver pid=2637


[startup+0.100351 s]*
/proc/loadavg: 0.52 0.58 0.59 2/13 2640
/proc/meminfo: memFree=11691672/16587228 swapFree=50194008/50331648
Current children cumulated CPU time: 0 s
Current children cumulated vsize: 0 KiB
Current children cumulated memory: 0 KiB

[startup+0.201353 s]*
/proc/loadavg: 0.52 0.58 0.59 2/13 2640
/proc/meminfo: memFree=11690676/16587228 swapFree=50194008/50331648
Current children cumulated CPU time: 0 s
Current children cumulated vsize: 0 KiB
Current children cumulated memory: 0 KiB

[startup+0.301135 s]*
/proc/loadavg: 0.52 0.58 0.59 2/13 2640
/proc/meminfo: memFree=11682632/16587228 swapFree=50194008/50331648
Current children cumulated CPU time: 0 s
Current children cumulated vsize: 0 KiB
Current children cumulated memory: 0 KiB

[startup+0.700143 s]
/proc/loadavg: 0.52 0.58 0.59 2/13 2640
/proc/meminfo: memFree=11681812/16587228 swapFree=50194008/50331648
Current children cumulated CPU time: 0 s
Current children cumulated vsize: 0 KiB
Current children cumulated memory: 0 KiB

[startup+1.50008 s]
/proc/loadavg: 0.52 0.58 0.59 2/13 2640
/proc/meminfo: memFree=11686560/16587228 swapFree=50194008/50331648
Current children cumulated CPU time: 0 s
Current children cumulated vsize: 0 KiB
Current children cumulated memory: 0 KiB

[startup+3.10116 s]
/proc/loadavg: 0.52 0.58 0.59 2/13 2640
/proc/meminfo: memFree=11686432/16587228 swapFree=50194008/50331648
Current children cumulated CPU time: 0 s
Current children cumulated vsize: 0 KiB
Current children cumulated memory: 0 KiB
heavy processes:

[startup+6.30134 s]
/proc/loadavg: 0.52 0.58 0.59 2/13 2640
/proc/meminfo: memFree=11673028/16587228 swapFree=50194008/50331648
Current children cumulated CPU time: 0 s
Current children cumulated vsize: 0 KiB
Current children cumulated memory: 0 KiB
heavy processes:

[startup+12.7005 s]
/proc/loadavg: 0.52 0.58 0.59 2/13 2641
/proc/meminfo: memFree=11674668/16587228 swapFree=50194008/50331648
Current children cumulated CPU time: 0 s
Current children cumulated vsize: 0 KiB
Current children cumulated memory: 0 KiB
heavy processes:

[startup+14.9972 s]
# the end of solver process 2639 was just reported to runsolver
# cumulated CPU time of all completed processes:  user=14.8906 s, system=0.09375 s

Solver just ended.
??? end of watcher thread
Dumping a history of the last processes samples

[startup+12.8013 s]
/proc/loadavg: 0.52 0.58 0.59 2/13 2641
/proc/meminfo: memFree=11674668/16587228 swapFree=50194008/50331648
Current children cumulated CPU time: 0 s
Current children cumulated vsize: 0 KiB
Current children cumulated memory: 0 KiB

[startup+13.6004 s]
/proc/loadavg: 0.52 0.58 0.59 2/13 2641
/proc/meminfo: memFree=11674668/16587228 swapFree=50194008/50331648
Current children cumulated CPU time: 0 s
Current children cumulated vsize: 0 KiB
Current children cumulated memory: 0 KiB

[startup+14.4001 s]
/proc/loadavg: 0.52 0.58 0.59 2/13 2641
/proc/meminfo: memFree=11674684/16587228 swapFree=50194008/50331648
Current children cumulated CPU time: 0 s
Current children cumulated vsize: 0 KiB
Current children cumulated memory: 0 KiB

[startup+14.8002 s]
/proc/loadavg: 0.52 0.58 0.59 2/13 2641
/proc/meminfo: memFree=11674684/16587228 swapFree=50194008/50331648
Current children cumulated CPU time: 0 s
Current children cumulated vsize: 0 KiB
Current children cumulated memory: 0 KiB

[startup+14.9004 s]
/proc/loadavg: 0.52 0.58 0.59 2/13 2641
/proc/meminfo: memFree=11674684/16587228 swapFree=50194008/50331648
Current children cumulated CPU time: 0 s
Current children cumulated vsize: 0 KiB
Current children cumulated memory: 0 KiB

Child status: 1
Real time (s): 14.9973
CPU time (s): 14.9844
CPU user time (s): 14.8906
CPU system time (s): 0.09375
CPU usage (%): 99.9141
Max. virtual memory (cumulated for all children) (KiB): 0
Max. memory (cumulated for all children) (KiB): 0

getrusage(RUSAGE_CHILDREN,...) data:
user time used= 14.8906
system time used= 0.09375
maximum resident set size= 27280
integral shared memory size= 0
integral unshared data size= 0
integral unshared stack size= 0
page reclaims= 7125
page faults= 0
swaps= 0
block input operations= 0
block output operations= 0
messages sent= 0
messages received= 0
signals received= 0
voluntary context switches= 0
involuntary context switches= 0


# summary of solver processes directly reported to runsolver:
#   pid: 2639
#   total CPU time (s): 14.9844
#   total CPU user time (s): 14.8906
#   total CPU system time (s): 0.09375

??? end of timestamper thread
runsolver used 0 second user time and 0.015625 second system time

The end
