runsolver version 3.4.0 (svn: 3018) Copyright (C) 2010-2013 Olivier ROUSSEL

This program is distributed in the hope that it will be useful,
but WITHOUT ANY WARRANTY; without even the implied warranty of
MERCHANTABILITY or FITNESS FOR A PARTICULAR PURPOSE.  See the
GNU General Public License for more details.

command line: /home/kunalan/runsolver/src/runsolver -C 1200 -W 1200 --vsize-limit 16384 -w results_nprc/nprc_newground2_random_35_40_watch.log --var results_nprc/nprc_newground2_random_35_40_values.log python3 ../newground2.py ../instances/benchmark_instances/encodings/nprc_newground2.lp ../instances/benchmark_instances/graphs/random_35_40.lp 

running on 8 cores: 0-7

Enforcing CPUTime limit (soft limit, will send SIGTERM then SIGKILL): 1200 seconds
Enforcing CPUTime limit (hard limit, will send SIGXCPU): 1230 seconds
Enforcing wall clock limit (soft limit, will send SIGTERM then SIGKILL): 1200 seconds
Enforcing VSIZE limit (soft limit, will send SIGTERM then SIGKILL): 16777216 KiB
Enforcing VSIZE limit (hard limit, stack expansion will fail with SIGSEGV, brk() and mmap() will return ENOMEM): 16828416 KiB
Linux 4.4.0-22000-Microsoft
Current StackSize limit: 8192 KiB
solver pid=1811, runsolver pid=1809


[startup+0.100494 s]*
/proc/loadavg: 0.52 0.58 0.59 2/13 1812
/proc/meminfo: memFree=11633128/16587228 swapFree=50193836/50331648
Current children cumulated CPU time: 0 s
Current children cumulated vsize: 0 KiB
Current children cumulated memory: 0 KiB

[startup+0.201016 s]*
/proc/loadavg: 0.52 0.58 0.59 2/13 1812
/proc/meminfo: memFree=11628656/16587228 swapFree=50193836/50331648
Current children cumulated CPU time: 0 s
Current children cumulated vsize: 0 KiB
Current children cumulated memory: 0 KiB

[startup+0.301168 s]*
/proc/loadavg: 0.52 0.58 0.59 2/13 1812
/proc/meminfo: memFree=11606060/16587228 swapFree=50193836/50331648
Current children cumulated CPU time: 0 s
Current children cumulated vsize: 0 KiB
Current children cumulated memory: 0 KiB

[startup+0.700532 s]
/proc/loadavg: 0.52 0.58 0.59 2/13 1812
/proc/meminfo: memFree=11605852/16587228 swapFree=50193836/50331648
Current children cumulated CPU time: 0 s
Current children cumulated vsize: 0 KiB
Current children cumulated memory: 0 KiB

[startup+1.50018 s]
/proc/loadavg: 0.52 0.58 0.59 2/13 1812
/proc/meminfo: memFree=11607152/16587228 swapFree=50193836/50331648
Current children cumulated CPU time: 0 s
Current children cumulated vsize: 0 KiB
Current children cumulated memory: 0 KiB

[startup+3.10094 s]
/proc/loadavg: 0.52 0.58 0.59 2/13 1813
/proc/meminfo: memFree=11613580/16587228 swapFree=50193836/50331648
Current children cumulated CPU time: 0 s
Current children cumulated vsize: 0 KiB
Current children cumulated memory: 0 KiB
heavy processes:

[startup+6.30043 s]
/proc/loadavg: 0.52 0.58 0.59 2/13 1813
/proc/meminfo: memFree=11618088/16587228 swapFree=50193836/50331648
Current children cumulated CPU time: 0 s
Current children cumulated vsize: 0 KiB
Current children cumulated memory: 0 KiB
heavy processes:

[startup+12.7006 s]
/proc/loadavg: 0.52 0.58 0.59 2/13 1813
/proc/meminfo: memFree=11612964/16587228 swapFree=50193836/50331648
Current children cumulated CPU time: 0 s
Current children cumulated vsize: 0 KiB
Current children cumulated memory: 0 KiB
heavy processes:

[startup+15.3848 s]
# the end of solver process 1811 was just reported to runsolver
# cumulated CPU time of all completed processes:  user=15.2344 s, system=0.109375 s

Solver just ended.
??? end of watcher thread
Dumping a history of the last processes samples

[startup+12.8009 s]
/proc/loadavg: 0.52 0.58 0.59 2/13 1813
/proc/meminfo: memFree=11613144/16587228 swapFree=50193836/50331648
Current children cumulated CPU time: 0 s
Current children cumulated vsize: 0 KiB
Current children cumulated memory: 0 KiB

[startup+14.4003 s]
/proc/loadavg: 0.52 0.58 0.59 2/13 1813
/proc/meminfo: memFree=11613428/16587228 swapFree=50193836/50331648
Current children cumulated CPU time: 0 s
Current children cumulated vsize: 0 KiB
Current children cumulated memory: 0 KiB

[startup+14.8003 s]
/proc/loadavg: 0.52 0.58 0.59 2/13 1813
/proc/meminfo: memFree=11613428/16587228 swapFree=50193836/50331648
Current children cumulated CPU time: 0 s
Current children cumulated vsize: 0 KiB
Current children cumulated memory: 0 KiB

[startup+15.2005 s]
/proc/loadavg: 0.52 0.58 0.59 2/13 1813
/proc/meminfo: memFree=11616972/16587228 swapFree=50193836/50331648
Current children cumulated CPU time: 0 s
Current children cumulated vsize: 0 KiB
Current children cumulated memory: 0 KiB

[startup+15.3002 s]
/proc/loadavg: 0.52 0.58 0.59 2/13 1813
/proc/meminfo: memFree=11616972/16587228 swapFree=50193836/50331648
Current children cumulated CPU time: 0 s
Current children cumulated vsize: 0 KiB
Current children cumulated memory: 0 KiB

Child status: 1
Real time (s): 15.3849
CPU time (s): 15.3438
CPU user time (s): 15.2344
CPU system time (s): 0.109375
CPU usage (%): 99.7324
Max. virtual memory (cumulated for all children) (KiB): 0
Max. memory (cumulated for all children) (KiB): 0

getrusage(RUSAGE_CHILDREN,...) data:
user time used= 15.2344
system time used= 0.109375
maximum resident set size= 26772
integral shared memory size= 0
integral unshared data size= 0
integral unshared stack size= 0
page reclaims= 6997
page faults= 0
swaps= 0
block input operations= 0
block output operations= 0
messages sent= 0
messages received= 0
signals received= 0
voluntary context switches= 0
involuntary context switches= 0


# summary of solver processes directly reported to runsolver:
#   pid: 1811
#   total CPU time (s): 15.3438
#   total CPU user time (s): 15.2344
#   total CPU system time (s): 0.109375

??? end of timestamper thread
runsolver used 0 second user time and 0.015625 second system time

The end
