runsolver version 3.4.0 (svn: 3018) Copyright (C) 2010-2013 Olivier ROUSSEL

This program is distributed in the hope that it will be useful,
but WITHOUT ANY WARRANTY; without even the implied warranty of
MERCHANTABILITY or FITNESS FOR A PARTICULAR PURPOSE.  See the
GNU General Public License for more details.

command line: /home/kunalan/runsolver/src/runsolver -C 1200 -W 1200 --vsize-limit 16384 -w results_nprc/nprc_newground2_random_200_70_watch.log --var results_nprc/nprc_newground2_random_200_70_values.log python3 ../newground2.py ../instances/benchmark_instances/encodings/nprc_newground2.lp ../instances/benchmark_instances/graphs/random_200_70.lp 

running on 8 cores: 0-7

Enforcing CPUTime limit (soft limit, will send SIGTERM then SIGKILL): 1200 seconds
Enforcing CPUTime limit (hard limit, will send SIGXCPU): 1230 seconds
Enforcing wall clock limit (soft limit, will send SIGTERM then SIGKILL): 1200 seconds
Enforcing VSIZE limit (soft limit, will send SIGTERM then SIGKILL): 16777216 KiB
Enforcing VSIZE limit (hard limit, stack expansion will fail with SIGSEGV, brk() and mmap() will return ENOMEM): 16828416 KiB
Linux 4.4.0-22000-Microsoft
Current StackSize limit: 8192 KiB
solver pid=927, runsolver pid=925


[startup+0.100323 s]*
/proc/loadavg: 0.52 0.58 0.59 2/13 928
/proc/meminfo: memFree=12184640/16587228 swapFree=50167072/50331648
Current children cumulated CPU time: 0 s
Current children cumulated vsize: 0 KiB
Current children cumulated memory: 0 KiB

[startup+0.201241 s]*
/proc/loadavg: 0.52 0.58 0.59 2/13 928
/proc/meminfo: memFree=12174712/16587228 swapFree=50167072/50331648
Current children cumulated CPU time: 0 s
Current children cumulated vsize: 0 KiB
Current children cumulated memory: 0 KiB

[startup+0.30087 s]*
/proc/loadavg: 0.52 0.58 0.59 2/13 928
/proc/meminfo: memFree=12164140/16587228 swapFree=50167072/50331648
Current children cumulated CPU time: 0 s
Current children cumulated vsize: 0 KiB
Current children cumulated memory: 0 KiB

[startup+0.700079 s]
/proc/loadavg: 0.52 0.58 0.59 2/13 928
/proc/meminfo: memFree=12158696/16587228 swapFree=50167072/50331648
Current children cumulated CPU time: 0 s
Current children cumulated vsize: 0 KiB
Current children cumulated memory: 0 KiB

[startup+1.50011 s]
/proc/loadavg: 0.52 0.58 0.59 2/13 928
/proc/meminfo: memFree=12165776/16587228 swapFree=50167072/50331648
Current children cumulated CPU time: 0 s
Current children cumulated vsize: 0 KiB
Current children cumulated memory: 0 KiB

[startup+3.10111 s]
/proc/loadavg: 0.52 0.58 0.59 2/13 928
/proc/meminfo: memFree=12165396/16587228 swapFree=50167072/50331648
Current children cumulated CPU time: 0 s
Current children cumulated vsize: 0 KiB
Current children cumulated memory: 0 KiB
heavy processes:

[startup+6.30047 s]
/proc/loadavg: 0.52 0.58 0.59 2/13 929
/proc/meminfo: memFree=12165212/16587228 swapFree=50167072/50331648
Current children cumulated CPU time: 0 s
Current children cumulated vsize: 0 KiB
Current children cumulated memory: 0 KiB
heavy processes:

[startup+12.7003 s]
/proc/loadavg: 0.52 0.58 0.59 2/13 929
/proc/meminfo: memFree=12165196/16587228 swapFree=50167072/50331648
Current children cumulated CPU time: 0 s
Current children cumulated vsize: 0 KiB
Current children cumulated memory: 0 KiB
heavy processes:

[startup+25.5003 s]
/proc/loadavg: 0.52 0.58 0.59 2/13 930
/proc/meminfo: memFree=12161888/16587228 swapFree=50167072/50331648
Current children cumulated CPU time: 0 s
Current children cumulated vsize: 0 KiB
Current children cumulated memory: 0 KiB
heavy processes:

[startup+28.602 s]
# the end of solver process 927 was just reported to runsolver
# cumulated CPU time of all completed processes:  user=28.4531 s, system=0.125 s

Solver just ended.
??? end of watcher thread
Dumping a history of the last processes samples

[startup+25.601 s]
/proc/loadavg: 0.52 0.58 0.59 2/13 930
/proc/meminfo: memFree=12161512/16587228 swapFree=50167072/50331648
Current children cumulated CPU time: 0 s
Current children cumulated vsize: 0 KiB
Current children cumulated memory: 0 KiB

[startup+27.2004 s]
/proc/loadavg: 0.52 0.58 0.59 2/13 930
/proc/meminfo: memFree=12161676/16587228 swapFree=50167072/50331648
Current children cumulated CPU time: 0 s
Current children cumulated vsize: 0 KiB
Current children cumulated memory: 0 KiB

[startup+28.0005 s]*
/proc/loadavg: 0.52 0.58 0.59 2/13 930
/proc/meminfo: memFree=12161536/16587228 swapFree=50167072/50331648
Current children cumulated CPU time: 0 s
Current children cumulated vsize: 0 KiB
Current children cumulated memory: 0 KiB

[startup+28.4004 s]
/proc/loadavg: 0.52 0.58 0.59 2/13 930
/proc/meminfo: memFree=12161536/16587228 swapFree=50167072/50331648
Current children cumulated CPU time: 0 s
Current children cumulated vsize: 0 KiB
Current children cumulated memory: 0 KiB

[startup+28.6003 s]
/proc/loadavg: 0.52 0.58 0.59 2/13 930
/proc/meminfo: memFree=12161536/16587228 swapFree=50167072/50331648
Current children cumulated CPU time: 0 s
Current children cumulated vsize: 0 KiB
Current children cumulated memory: 0 KiB

Child status: 1
Real time (s): 28.6021
CPU time (s): 28.5781
CPU user time (s): 28.4531
CPU system time (s): 0.125
CPU usage (%): 99.9163
Max. virtual memory (cumulated for all children) (KiB): 0
Max. memory (cumulated for all children) (KiB): 0

getrusage(RUSAGE_CHILDREN,...) data:
user time used= 28.4531
system time used= 0.125
maximum resident set size= 33108
integral shared memory size= 0
integral unshared data size= 0
integral unshared stack size= 0
page reclaims= 8713
page faults= 0
swaps= 0
block input operations= 0
block output operations= 0
messages sent= 0
messages received= 0
signals received= 0
voluntary context switches= 0
involuntary context switches= 0


# summary of solver processes directly reported to runsolver:
#   pid: 927
#   total CPU time (s): 28.5781
#   total CPU user time (s): 28.4531
#   total CPU system time (s): 0.125

??? end of timestamper thread
runsolver used 0 second user time and 0 second system time

The end
