runsolver version 3.4.0 (svn: 3018) Copyright (C) 2010-2013 Olivier ROUSSEL

This program is distributed in the hope that it will be useful,
but WITHOUT ANY WARRANTY; without even the implied warranty of
MERCHANTABILITY or FITNESS FOR A PARTICULAR PURPOSE.  See the
GNU General Public License for more details.

command line: /home/kunalan/runsolver/src/runsolver -C 1200 -W 1200 --vsize-limit 16384 -w results_nprc/nprc_gringo_random_300_60_watch.log --var results_nprc/nprc_gringo_random_300_60_values.log gringo --verbose=2 --output text ../instances/benchmark_instances/encodings/nprc_gringo.lp ../instances/benchmark_instances/graphs/random_300_60.lp 

running on 8 cores: 0-7

Enforcing CPUTime limit (soft limit, will send SIGTERM then SIGKILL): 1200 seconds
Enforcing CPUTime limit (hard limit, will send SIGXCPU): 1230 seconds
Enforcing wall clock limit (soft limit, will send SIGTERM then SIGKILL): 1200 seconds
Enforcing VSIZE limit (soft limit, will send SIGTERM then SIGKILL): 16777216 KiB
Enforcing VSIZE limit (hard limit, stack expansion will fail with SIGSEGV, brk() and mmap() will return ENOMEM): 16828416 KiB
Linux 4.4.0-22000-Microsoft
solver pid=1500, runsolver pid=1498
Current StackSize limit: 8192 KiB


[startup+0.100345 s]*
/proc/loadavg: 0.52 0.58 0.59 2/13 1501
/proc/meminfo: memFree=11698452/16587228 swapFree=50191932/50331648
Current children cumulated CPU time: 0 s
Current children cumulated vsize: 0 KiB
Current children cumulated memory: 0 KiB

[startup+0.20136 s]*
/proc/loadavg: 0.52 0.58 0.59 2/13 1501
/proc/meminfo: memFree=11698668/16587228 swapFree=50191932/50331648
Current children cumulated CPU time: 0 s
Current children cumulated vsize: 0 KiB
Current children cumulated memory: 0 KiB

[startup+0.301077 s]*
/proc/loadavg: 0.52 0.58 0.59 2/13 1501
/proc/meminfo: memFree=11698580/16587228 swapFree=50191932/50331648
Current children cumulated CPU time: 0 s
Current children cumulated vsize: 0 KiB
Current children cumulated memory: 0 KiB

[startup+0.700153 s]
/proc/loadavg: 0.52 0.58 0.59 2/13 1501
/proc/meminfo: memFree=11683384/16587228 swapFree=50191932/50331648
Current children cumulated CPU time: 0 s
Current children cumulated vsize: 0 KiB
Current children cumulated memory: 0 KiB

[startup+1.50017 s]
/proc/loadavg: 0.52 0.58 0.59 3/13 1501
/proc/meminfo: memFree=11682132/16587228 swapFree=50191932/50331648
Current children cumulated CPU time: 0 s
Current children cumulated vsize: 0 KiB
Current children cumulated memory: 0 KiB

[startup+3.10128 s]
/proc/loadavg: 0.52 0.58 0.59 2/13 1501
/proc/meminfo: memFree=11680892/16587228 swapFree=50191932/50331648
Current children cumulated CPU time: 0 s
Current children cumulated vsize: 0 KiB
Current children cumulated memory: 0 KiB
heavy processes:

[startup+6.30017 s]
/proc/loadavg: 0.52 0.58 0.59 2/13 1502
/proc/meminfo: memFree=11680632/16587228 swapFree=50191932/50331648
Current children cumulated CPU time: 0 s
Current children cumulated vsize: 0 KiB
Current children cumulated memory: 0 KiB
heavy processes:

[startup+8.99592 s]
# the end of solver process 1500 was just reported to runsolver
# cumulated CPU time of all completed processes:  user=8.70312 s, system=0.25 s

Solver just ended.
??? end of watcher thread
Dumping a history of the last processes samples

[startup+6.40104 s]
/proc/loadavg: 0.52 0.58 0.59 3/13 1502
/proc/meminfo: memFree=11681308/16587228 swapFree=50191932/50331648
Current children cumulated CPU time: 0 s
Current children cumulated vsize: 0 KiB
Current children cumulated memory: 0 KiB

[startup+8.00046 s]*
/proc/loadavg: 0.52 0.58 0.59 3/13 1502
/proc/meminfo: memFree=11682096/16587228 swapFree=50191932/50331648
Current children cumulated CPU time: 0 s
Current children cumulated vsize: 0 KiB
Current children cumulated memory: 0 KiB

[startup+8.4003 s]
/proc/loadavg: 0.52 0.58 0.59 3/13 1502
/proc/meminfo: memFree=11682096/16587228 swapFree=50191932/50331648
Current children cumulated CPU time: 0 s
Current children cumulated vsize: 0 KiB
Current children cumulated memory: 0 KiB

[startup+8.80042 s]
/proc/loadavg: 0.52 0.58 0.59 3/13 1502
/proc/meminfo: memFree=11682096/16587228 swapFree=50191932/50331648
Current children cumulated CPU time: 0 s
Current children cumulated vsize: 0 KiB
Current children cumulated memory: 0 KiB

[startup+8.90014 s]
/proc/loadavg: 0.52 0.58 0.59 3/13 1502
/proc/meminfo: memFree=11682096/16587228 swapFree=50191932/50331648
Current children cumulated CPU time: 0 s
Current children cumulated vsize: 0 KiB
Current children cumulated memory: 0 KiB

Child ended because it received signal 15 (SIGTERM)
Real time (s): 8.99607
CPU time (s): 8.95312
CPU user time (s): 8.70312
CPU system time (s): 0.25
CPU usage (%): 99.5227
Max. virtual memory (cumulated for all children) (KiB): 0
Max. memory (cumulated for all children) (KiB): 0

getrusage(RUSAGE_CHILDREN,...) data:
user time used= 8.70312
system time used= 0.25
maximum resident set size= 18304
integral shared memory size= 0
integral unshared data size= 0
integral unshared stack size= 0
page reclaims= 5639
page faults= 0
swaps= 0
block input operations= 0
block output operations= 0
messages sent= 0
messages received= 0
signals received= 0
voluntary context switches= 0
involuntary context switches= 0


# summary of solver processes directly reported to runsolver:
#   pid: 1500
#   total CPU time (s): 8.95312
#   total CPU user time (s): 8.70312
#   total CPU system time (s): 0.25

??? end of timestamper thread
runsolver used 0 second user time and 0.015625 second system time

The end
