runsolver version 3.4.0 (svn: 3018) Copyright (C) 2010-2013 Olivier ROUSSEL

This program is distributed in the hope that it will be useful,
but WITHOUT ANY WARRANTY; without even the implied warranty of
MERCHANTABILITY or FITNESS FOR A PARTICULAR PURPOSE.  See the
GNU General Public License for more details.

command line: /home/kunalan/runsolver/src/runsolver -C 1200 -W 1200 --vsize-limit 16384 -w results_nprc/nprc_newground_random_1200_70_watch.log --var results_nprc/nprc_newground_random_1200_70_values.log python3 ../newground2.py ../instances/benchmark_instances/encodings/nprc_newground.lp ../instances/benchmark_instances/graphs/random_1200_70.lp 

running on 8 cores: 0-7

Enforcing CPUTime limit (soft limit, will send SIGTERM then SIGKILL): 1200 seconds
Enforcing CPUTime limit (hard limit, will send SIGXCPU): 1230 seconds
Enforcing wall clock limit (soft limit, will send SIGTERM then SIGKILL): 1200 seconds
Enforcing VSIZE limit (soft limit, will send SIGTERM then SIGKILL): 16777216 KiB
Enforcing VSIZE limit (hard limit, stack expansion will fail with SIGSEGV, brk() and mmap() will return ENOMEM): 16828416 KiB
Linux 4.4.0-22000-Microsoft
Current StackSize limit: 8192 KiB

solver pid=3482, runsolver pid=3480

[startup+0.100354 s]*
/proc/loadavg: 0.52 0.58 0.59 2/13 3483
/proc/meminfo: memFree=11540748/16587228 swapFree=50202280/50331648
Current children cumulated CPU time: 0 s
Current children cumulated vsize: 0 KiB
Current children cumulated memory: 0 KiB

[startup+0.200983 s]*
/proc/loadavg: 0.52 0.58 0.59 2/13 3483
/proc/meminfo: memFree=11522304/16587228 swapFree=50202280/50331648
Current children cumulated CPU time: 0 s
Current children cumulated vsize: 0 KiB
Current children cumulated memory: 0 KiB

[startup+0.300822 s]*
/proc/loadavg: 0.52 0.58 0.59 2/13 3483
/proc/meminfo: memFree=11517532/16587228 swapFree=50202280/50331648
Current children cumulated CPU time: 0 s
Current children cumulated vsize: 0 KiB
Current children cumulated memory: 0 KiB

[startup+0.700364 s]
/proc/loadavg: 0.52 0.58 0.59 2/13 3483
/proc/meminfo: memFree=11513880/16587228 swapFree=50202280/50331648
Current children cumulated CPU time: 0 s
Current children cumulated vsize: 0 KiB
Current children cumulated memory: 0 KiB

[startup+1.50033 s]
/proc/loadavg: 0.52 0.58 0.59 2/13 3483
/proc/meminfo: memFree=11514408/16587228 swapFree=50202280/50331648
Current children cumulated CPU time: 0 s
Current children cumulated vsize: 0 KiB
Current children cumulated memory: 0 KiB

[startup+3.10093 s]
/proc/loadavg: 0.52 0.58 0.59 2/13 3483
/proc/meminfo: memFree=11513340/16587228 swapFree=50202280/50331648
Current children cumulated CPU time: 0 s
Current children cumulated vsize: 0 KiB
Current children cumulated memory: 0 KiB
heavy processes:

[startup+6.30038 s]
/proc/loadavg: 0.52 0.58 0.59 2/13 3483
/proc/meminfo: memFree=11513152/16587228 swapFree=50202280/50331648
Current children cumulated CPU time: 0 s
Current children cumulated vsize: 0 KiB
Current children cumulated memory: 0 KiB
heavy processes:

[startup+12.7002 s]
/proc/loadavg: 0.52 0.58 0.59 2/13 3483
/proc/meminfo: memFree=11508448/16587228 swapFree=50202280/50331648
Current children cumulated CPU time: 0 s
Current children cumulated vsize: 0 KiB
Current children cumulated memory: 0 KiB
heavy processes:

[startup+25.5002 s]
/proc/loadavg: 0.52 0.58 0.59 2/13 3483
/proc/meminfo: memFree=11505424/16587228 swapFree=50202280/50331648
Current children cumulated CPU time: 0 s
Current children cumulated vsize: 0 KiB
Current children cumulated memory: 0 KiB
heavy processes:

[startup+51.1012 s]
/proc/loadavg: 0.52 0.58 0.59 2/13 3483
/proc/meminfo: memFree=11503060/16587228 swapFree=50202280/50331648
Current children cumulated CPU time: 0 s
Current children cumulated vsize: 0 KiB
Current children cumulated memory: 0 KiB
heavy processes:

[startup+102.3 s]
/proc/loadavg: 0.52 0.58 0.59 2/13 3483
/proc/meminfo: memFree=11456812/16587228 swapFree=50202284/50331648
Current children cumulated CPU time: 0 s
Current children cumulated vsize: 0 KiB
Current children cumulated memory: 0 KiB
heavy processes:

[startup+162.3 s]
/proc/loadavg: 0.52 0.58 0.59 2/13 3483
/proc/meminfo: memFree=11387448/16587228 swapFree=50202284/50331648
Current children cumulated CPU time: 0 s
Current children cumulated vsize: 0 KiB
Current children cumulated memory: 0 KiB
heavy processes:

[startup+222.3 s]
/proc/loadavg: 0.52 0.58 0.59 2/13 3483
/proc/meminfo: memFree=11405276/16587228 swapFree=50202284/50331648
Current children cumulated CPU time: 0 s
Current children cumulated vsize: 0 KiB
Current children cumulated memory: 0 KiB
heavy processes:

[startup+282.3 s]
/proc/loadavg: 0.52 0.58 0.59 2/13 3483
/proc/meminfo: memFree=11359032/16587228 swapFree=50202284/50331648
Current children cumulated CPU time: 0 s
Current children cumulated vsize: 0 KiB
Current children cumulated memory: 0 KiB
heavy processes:

[startup+342.3 s]
/proc/loadavg: 0.52 0.58 0.59 2/13 3483
/proc/meminfo: memFree=11226164/16587228 swapFree=50202284/50331648
Current children cumulated CPU time: 0 s
Current children cumulated vsize: 0 KiB
Current children cumulated memory: 0 KiB
heavy processes:

[startup+344.763 s]
# the end of solver process 3482 was just reported to runsolver
# cumulated CPU time of all completed processes:  user=343.844 s, system=0.84375 s

Solver just ended.
??? end of watcher thread
Dumping a history of the last processes samples

[startup+342.401 s]
/proc/loadavg: 0.52 0.58 0.59 2/13 3483
/proc/meminfo: memFree=11226176/16587228 swapFree=50202284/50331648
Current children cumulated CPU time: 0 s
Current children cumulated vsize: 0 KiB
Current children cumulated memory: 0 KiB

[startup+344 s]*
/proc/loadavg: 0.52 0.58 0.59 2/13 3483
/proc/meminfo: memFree=11226408/16587228 swapFree=50202284/50331648
Current children cumulated CPU time: 0 s
Current children cumulated vsize: 0 KiB
Current children cumulated memory: 0 KiB

[startup+344.4 s]
/proc/loadavg: 0.52 0.58 0.59 2/13 3483
/proc/meminfo: memFree=11226408/16587228 swapFree=50202284/50331648
Current children cumulated CPU time: 0 s
Current children cumulated vsize: 0 KiB
Current children cumulated memory: 0 KiB

[startup+344.6 s]
/proc/loadavg: 0.52 0.58 0.59 2/13 3483
/proc/meminfo: memFree=11226408/16587228 swapFree=50202284/50331648
Current children cumulated CPU time: 0 s
Current children cumulated vsize: 0 KiB
Current children cumulated memory: 0 KiB

[startup+344.701 s]
/proc/loadavg: 0.52 0.58 0.59 2/13 3483
/proc/meminfo: memFree=11226408/16587228 swapFree=50202284/50331648
Current children cumulated CPU time: 0 s
Current children cumulated vsize: 0 KiB
Current children cumulated memory: 0 KiB

Child status: 0
Real time (s): 344.763
CPU time (s): 344.688
CPU user time (s): 343.844
CPU system time (s): 0.84375
CPU usage (%): 99.978
Max. virtual memory (cumulated for all children) (KiB): 0
Max. memory (cumulated for all children) (KiB): 0

getrusage(RUSAGE_CHILDREN,...) data:
user time used= 343.844
system time used= 0.84375
maximum resident set size= 383572
integral shared memory size= 0
integral unshared data size= 0
integral unshared stack size= 0
page reclaims= 126335
page faults= 0
swaps= 0
block input operations= 0
block output operations= 0
messages sent= 0
messages received= 0
signals received= 0
voluntary context switches= 0
involuntary context switches= 0


# summary of solver processes directly reported to runsolver:
#   pid: 3482
#   total CPU time (s): 344.688
#   total CPU user time (s): 343.844
#   total CPU system time (s): 0.84375

??? end of timestamper thread
runsolver used 0.015625 second user time and 0.03125 second system time

The end
