runsolver version 3.4.0 (svn: 3018) Copyright (C) 2010-2013 Olivier ROUSSEL

This program is distributed in the hope that it will be useful,
but WITHOUT ANY WARRANTY; without even the implied warranty of
MERCHANTABILITY or FITNESS FOR A PARTICULAR PURPOSE.  See the
GNU General Public License for more details.

command line: /home/kunalan/runsolver/src/runsolver -C 1200 -W 1200 --vsize-limit 16384 -w results_nprc/nprc_gringo_random_600_30_watch.log --var results_nprc/nprc_gringo_random_600_30_values.log gringo --verbose=2 --output text ../instances/benchmark_instances/encodings/nprc_gringo.lp ../instances/benchmark_instances/graphs/random_600_30.lp 

running on 8 cores: 0-7

Enforcing CPUTime limit (soft limit, will send SIGTERM then SIGKILL): 1200 seconds
Enforcing CPUTime limit (hard limit, will send SIGXCPU): 1230 seconds
Enforcing wall clock limit (soft limit, will send SIGTERM then SIGKILL): 1200 seconds
Enforcing VSIZE limit (soft limit, will send SIGTERM then SIGKILL): 16777216 KiB
Enforcing VSIZE limit (hard limit, stack expansion will fail with SIGSEGV, brk() and mmap() will return ENOMEM): 16828416 KiB
Linux 4.4.0-22000-Microsoft
Current StackSize limit: 8192 KiB
solver pid=2974, runsolver pid=2972


[startup+0.100578 s]*
/proc/loadavg: 0.52 0.58 0.59 2/13 2975
/proc/meminfo: memFree=11440480/16587228 swapFree=50194132/50331648
Current children cumulated CPU time: 0 s
Current children cumulated vsize: 0 KiB
Current children cumulated memory: 0 KiB

[startup+0.201125 s]*
/proc/loadavg: 0.52 0.58 0.59 2/13 2975
/proc/meminfo: memFree=11441004/16587228 swapFree=50194132/50331648
Current children cumulated CPU time: 0 s
Current children cumulated vsize: 0 KiB
Current children cumulated memory: 0 KiB

[startup+0.30085 s]*
/proc/loadavg: 0.52 0.58 0.59 2/13 2975
/proc/meminfo: memFree=11441168/16587228 swapFree=50194132/50331648
Current children cumulated CPU time: 0 s
Current children cumulated vsize: 0 KiB
Current children cumulated memory: 0 KiB

[startup+0.700355 s]
/proc/loadavg: 0.52 0.58 0.59 2/13 2975
/proc/meminfo: memFree=11443196/16587228 swapFree=50194132/50331648
Current children cumulated CPU time: 0 s
Current children cumulated vsize: 0 KiB
Current children cumulated memory: 0 KiB

[startup+1.50044 s]
/proc/loadavg: 0.52 0.58 0.59 2/13 2975
/proc/meminfo: memFree=11412156/16587228 swapFree=50194132/50331648
Current children cumulated CPU time: 0 s
Current children cumulated vsize: 0 KiB
Current children cumulated memory: 0 KiB

[startup+3.10112 s]
/proc/loadavg: 0.52 0.58 0.59 2/13 2975
/proc/meminfo: memFree=11412664/16587228 swapFree=50194132/50331648
Current children cumulated CPU time: 0 s
Current children cumulated vsize: 0 KiB
Current children cumulated memory: 0 KiB
heavy processes:

[startup+6.30042 s]
/proc/loadavg: 0.52 0.58 0.59 2/13 2975
/proc/meminfo: memFree=11412544/16587228 swapFree=50194132/50331648
Current children cumulated CPU time: 0 s
Current children cumulated vsize: 0 KiB
Current children cumulated memory: 0 KiB
heavy processes:

[startup+12.7002 s]
/proc/loadavg: 0.52 0.58 0.59 2/13 2975
/proc/meminfo: memFree=11412508/16587228 swapFree=50194132/50331648
Current children cumulated CPU time: 0 s
Current children cumulated vsize: 0 KiB
Current children cumulated memory: 0 KiB
heavy processes:

[startup+23.9344 s]
# the end of solver process 2974 was just reported to runsolver
# cumulated CPU time of all completed processes:  user=23.1719 s, system=0.734375 s

Solver just ended.
??? end of watcher thread
Dumping a history of the last processes samples

[startup+12.8011 s]
/proc/loadavg: 0.52 0.58 0.59 3/13 2975
/proc/meminfo: memFree=11412484/16587228 swapFree=50194132/50331648
Current children cumulated CPU time: 0 s
Current children cumulated vsize: 0 KiB
Current children cumulated memory: 0 KiB

[startup+19.2004 s]
/proc/loadavg: 0.52 0.58 0.59 3/13 2976
/proc/meminfo: memFree=11411940/16587228 swapFree=50194132/50331648
Current children cumulated CPU time: 0 s
Current children cumulated vsize: 0 KiB
Current children cumulated memory: 0 KiB

[startup+22.4001 s]
/proc/loadavg: 0.52 0.58 0.59 2/13 2976
/proc/meminfo: memFree=11411904/16587228 swapFree=50194132/50331648
Current children cumulated CPU time: 0 s
Current children cumulated vsize: 0 KiB
Current children cumulated memory: 0 KiB

[startup+23.2002 s]
/proc/loadavg: 0.52 0.58 0.59 2/13 2976
/proc/meminfo: memFree=11411864/16587228 swapFree=50194132/50331648
Current children cumulated CPU time: 0 s
Current children cumulated vsize: 0 KiB
Current children cumulated memory: 0 KiB

[startup+23.6001 s]
/proc/loadavg: 0.52 0.58 0.59 2/13 2976
/proc/meminfo: memFree=11411864/16587228 swapFree=50194132/50331648
Current children cumulated CPU time: 0 s
Current children cumulated vsize: 0 KiB
Current children cumulated memory: 0 KiB

[startup+23.8005 s]
/proc/loadavg: 0.52 0.58 0.59 2/13 2976
/proc/meminfo: memFree=11411864/16587228 swapFree=50194132/50331648
Current children cumulated CPU time: 0 s
Current children cumulated vsize: 0 KiB
Current children cumulated memory: 0 KiB

[startup+23.9004 s]
/proc/loadavg: 0.52 0.58 0.59 2/13 2976
/proc/meminfo: memFree=11411864/16587228 swapFree=50194132/50331648
Current children cumulated CPU time: 0 s
Current children cumulated vsize: 0 KiB
Current children cumulated memory: 0 KiB

Child ended because it received signal 15 (SIGTERM)
Real time (s): 23.9345
CPU time (s): 23.9062
CPU user time (s): 23.1719
CPU system time (s): 0.734375
CPU usage (%): 99.8818
Max. virtual memory (cumulated for all children) (KiB): 0
Max. memory (cumulated for all children) (KiB): 0

getrusage(RUSAGE_CHILDREN,...) data:
user time used= 23.1719
system time used= 0.734375
maximum resident set size= 33968
integral shared memory size= 0
integral unshared data size= 0
integral unshared stack size= 0
page reclaims= 11142
page faults= 0
swaps= 0
block input operations= 0
block output operations= 0
messages sent= 0
messages received= 0
signals received= 0
voluntary context switches= 0
involuntary context switches= 0


# summary of solver processes directly reported to runsolver:
#   pid: 2974
#   total CPU time (s): 23.9062
#   total CPU user time (s): 23.1719
#   total CPU system time (s): 0.734375

??? end of timestamper thread
runsolver used 0 second user time and 0 second system time

The end
