runsolver version 3.4.0 (svn: 3018) Copyright (C) 2010-2013 Olivier ROUSSEL

This program is distributed in the hope that it will be useful,
but WITHOUT ANY WARRANTY; without even the implied warranty of
MERCHANTABILITY or FITNESS FOR A PARTICULAR PURPOSE.  See the
GNU General Public License for more details.

command line: /home/kunalan/runsolver/src/runsolver -C 1200 -W 1200 --vsize-limit 16384 -w results_nprc/nprc_gringo_random_300_30_watch.log --var results_nprc/nprc_gringo_random_300_30_values.log gringo --verbose=2 --output text ../instances/benchmark_instances/encodings/nprc_gringo.lp ../instances/benchmark_instances/graphs/random_300_30.lp 

running on 8 cores: 0-7

Enforcing CPUTime limit (soft limit, will send SIGTERM then SIGKILL): 1200 seconds
Enforcing CPUTime limit (hard limit, will send SIGXCPU): 1230 seconds
Enforcing wall clock limit (soft limit, will send SIGTERM then SIGKILL): 1200 seconds
Enforcing VSIZE limit (soft limit, will send SIGTERM then SIGKILL): 16777216 KiB
Enforcing VSIZE limit (hard limit, stack expansion will fail with SIGSEGV, brk() and mmap() will return ENOMEM): 16828416 KiB
Linux 4.4.0-22000-Microsoft
solver pid=1448, runsolver pid=1446
Current StackSize limit: 8192 KiB


[startup+0.10053 s]*
/proc/loadavg: 0.52 0.58 0.59 2/13 1449
/proc/meminfo: memFree=11717140/16587228 swapFree=50191932/50331648
Current children cumulated CPU time: 0 s
Current children cumulated vsize: 0 KiB
Current children cumulated memory: 0 KiB

[startup+0.201376 s]*
/proc/loadavg: 0.52 0.58 0.59 2/13 1449
/proc/meminfo: memFree=11716940/16587228 swapFree=50191932/50331648
Current children cumulated CPU time: 0 s
Current children cumulated vsize: 0 KiB
Current children cumulated memory: 0 KiB

[startup+0.300929 s]*
/proc/loadavg: 0.52 0.58 0.59 3/13 1449
/proc/meminfo: memFree=11717484/16587228 swapFree=50191932/50331648
Current children cumulated CPU time: 0 s
Current children cumulated vsize: 0 KiB
Current children cumulated memory: 0 KiB

[startup+0.700448 s]
/proc/loadavg: 0.52 0.58 0.59 3/13 1449
/proc/meminfo: memFree=11717372/16587228 swapFree=50191932/50331648
Current children cumulated CPU time: 0 s
Current children cumulated vsize: 0 KiB
Current children cumulated memory: 0 KiB

[startup+1.50053 s]
/proc/loadavg: 0.52 0.58 0.59 2/13 1449
/proc/meminfo: memFree=11706824/16587228 swapFree=50191932/50331648
Current children cumulated CPU time: 0 s
Current children cumulated vsize: 0 KiB
Current children cumulated memory: 0 KiB

[startup+3.10114 s]
/proc/loadavg: 0.52 0.58 0.59 3/13 1449
/proc/meminfo: memFree=11705868/16587228 swapFree=50191932/50331648
Current children cumulated CPU time: 0 s
Current children cumulated vsize: 0 KiB
Current children cumulated memory: 0 KiB
heavy processes:

[startup+6.3005 s]
/proc/loadavg: 0.52 0.58 0.59 3/13 1449
/proc/meminfo: memFree=11705900/16587228 swapFree=50191932/50331648
Current children cumulated CPU time: 0 s
Current children cumulated vsize: 0 KiB
Current children cumulated memory: 0 KiB
heavy processes:

[startup+12.7003 s]
/proc/loadavg: 0.52 0.58 0.59 2/13 1450
/proc/meminfo: memFree=11708652/16587228 swapFree=50191932/50331648
Current children cumulated CPU time: 0 s
Current children cumulated vsize: 0 KiB
Current children cumulated memory: 0 KiB
heavy processes:

[startup+18.7388 s]
# the end of solver process 1448 was just reported to runsolver
# cumulated CPU time of all completed processes:  user=18.0781 s, system=0.609375 s

Solver just ended.
??? end of watcher thread
Dumping a history of the last processes samples

[startup+12.8011 s]
/proc/loadavg: 0.52 0.58 0.59 2/13 1450
/proc/meminfo: memFree=11706808/16587228 swapFree=50191932/50331648
Current children cumulated CPU time: 0 s
Current children cumulated vsize: 0 KiB
Current children cumulated memory: 0 KiB

[startup+16.0001 s]*
/proc/loadavg: 0.52 0.58 0.59 3/13 1450
/proc/meminfo: memFree=11706680/16587228 swapFree=50191932/50331648
Current children cumulated CPU time: 0 s
Current children cumulated vsize: 0 KiB
Current children cumulated memory: 0 KiB

[startup+17.6005 s]
/proc/loadavg: 0.52 0.58 0.59 2/13 1450
/proc/meminfo: memFree=11706816/16587228 swapFree=50191932/50331648
Current children cumulated CPU time: 0 s
Current children cumulated vsize: 0 KiB
Current children cumulated memory: 0 KiB

[startup+18.4001 s]
/proc/loadavg: 0.52 0.58 0.59 2/13 1450
/proc/meminfo: memFree=11706684/16587228 swapFree=50191932/50331648
Current children cumulated CPU time: 0 s
Current children cumulated vsize: 0 KiB
Current children cumulated memory: 0 KiB

[startup+18.6001 s]
/proc/loadavg: 0.52 0.58 0.59 2/13 1450
/proc/meminfo: memFree=11706684/16587228 swapFree=50191932/50331648
Current children cumulated CPU time: 0 s
Current children cumulated vsize: 0 KiB
Current children cumulated memory: 0 KiB

[startup+18.7003 s]
/proc/loadavg: 0.52 0.58 0.59 2/13 1450
/proc/meminfo: memFree=11706684/16587228 swapFree=50191932/50331648
Current children cumulated CPU time: 0 s
Current children cumulated vsize: 0 KiB
Current children cumulated memory: 0 KiB

Child ended because it received signal 15 (SIGTERM)
Real time (s): 18.7389
CPU time (s): 18.6875
CPU user time (s): 18.0781
CPU system time (s): 0.609375
CPU usage (%): 99.7257
Max. virtual memory (cumulated for all children) (KiB): 0
Max. memory (cumulated for all children) (KiB): 0

getrusage(RUSAGE_CHILDREN,...) data:
user time used= 18.0781
system time used= 0.609375
maximum resident set size= 13252
integral shared memory size= 0
integral unshared data size= 0
integral unshared stack size= 0
page reclaims= 4231
page faults= 0
swaps= 0
block input operations= 0
block output operations= 0
messages sent= 0
messages received= 0
signals received= 0
voluntary context switches= 0
involuntary context switches= 0


# summary of solver processes directly reported to runsolver:
#   pid: 1448
#   total CPU time (s): 18.6875
#   total CPU user time (s): 18.0781
#   total CPU system time (s): 0.609375

??? end of timestamper thread
runsolver used 0 second user time and 0 second system time

The end
