runsolver version 3.4.0 (svn: 3018) Copyright (C) 2010-2013 Olivier ROUSSEL

This program is distributed in the hope that it will be useful,
but WITHOUT ANY WARRANTY; without even the implied warranty of
MERCHANTABILITY or FITNESS FOR A PARTICULAR PURPOSE.  See the
GNU General Public License for more details.

command line: /home/kunalan/runsolver/src/runsolver -C 1200 -W 1200 --vsize-limit 16384 -w results_nprc/nprc_newground2_random_300_100_watch.log --var results_nprc/nprc_newground2_random_300_100_values.log python3 ../newground2.py ../instances/benchmark_instances/encodings/nprc_newground2.lp ../instances/benchmark_instances/graphs/random_300_100.lp 

running on 8 cores: 0-7

Enforcing CPUTime limit (soft limit, will send SIGTERM then SIGKILL): 1200 seconds
Enforcing CPUTime limit (hard limit, will send SIGXCPU): 1230 seconds
Enforcing wall clock limit (soft limit, will send SIGTERM then SIGKILL): 1200 seconds
Enforcing VSIZE limit (soft limit, will send SIGTERM then SIGKILL): 16777216 KiB
Enforcing VSIZE limit (hard limit, stack expansion will fail with SIGSEGV, brk() and mmap() will return ENOMEM): 16828416 KiB
Linux 4.4.0-22000-Microsoft
Current StackSize limit: 8192 KiB

solver pid=1411, runsolver pid=1409

[startup+0.100552 s]*
/proc/loadavg: 0.52 0.58 0.59 2/13 1412
/proc/meminfo: memFree=11708456/16587228 swapFree=50191852/50331648
Current children cumulated CPU time: 0 s
Current children cumulated vsize: 0 KiB
Current children cumulated memory: 0 KiB

[startup+0.201386 s]*
/proc/loadavg: 0.52 0.58 0.59 2/13 1412
/proc/meminfo: memFree=11696288/16587228 swapFree=50191852/50331648
Current children cumulated CPU time: 0 s
Current children cumulated vsize: 0 KiB
Current children cumulated memory: 0 KiB

[startup+0.301116 s]*
/proc/loadavg: 0.52 0.58 0.59 2/13 1412
/proc/meminfo: memFree=11693820/16587228 swapFree=50191852/50331648
Current children cumulated CPU time: 0 s
Current children cumulated vsize: 0 KiB
Current children cumulated memory: 0 KiB

[startup+0.700117 s]
/proc/loadavg: 0.52 0.58 0.59 2/13 1412
/proc/meminfo: memFree=11693804/16587228 swapFree=50191852/50331648
Current children cumulated CPU time: 0 s
Current children cumulated vsize: 0 KiB
Current children cumulated memory: 0 KiB

[startup+1.50022 s]
/proc/loadavg: 0.52 0.58 0.59 2/13 1412
/proc/meminfo: memFree=11685568/16587228 swapFree=50191852/50331648
Current children cumulated CPU time: 0 s
Current children cumulated vsize: 0 KiB
Current children cumulated memory: 0 KiB

[startup+3.10107 s]
/proc/loadavg: 0.52 0.58 0.59 2/13 1412
/proc/meminfo: memFree=11690304/16587228 swapFree=50191852/50331648
Current children cumulated CPU time: 0 s
Current children cumulated vsize: 0 KiB
Current children cumulated memory: 0 KiB
heavy processes:

[startup+6.30043 s]
/proc/loadavg: 0.52 0.58 0.59 2/13 1412
/proc/meminfo: memFree=11691176/16587228 swapFree=50191852/50331648
Current children cumulated CPU time: 0 s
Current children cumulated vsize: 0 KiB
Current children cumulated memory: 0 KiB
heavy processes:

[startup+12.7005 s]
/proc/loadavg: 0.52 0.58 0.59 2/13 1413
/proc/meminfo: memFree=11663312/16587228 swapFree=50191852/50331648
Current children cumulated CPU time: 0 s
Current children cumulated vsize: 0 KiB
Current children cumulated memory: 0 KiB
heavy processes:

[startup+19.7094 s]
# the end of solver process 1411 was just reported to runsolver
# cumulated CPU time of all completed processes:  user=19.5781 s, system=0.09375 s

Solver just ended.
??? end of watcher thread
Dumping a history of the last processes samples

[startup+12.8009 s]
/proc/loadavg: 0.52 0.58 0.59 2/13 1413
/proc/meminfo: memFree=11663132/16587228 swapFree=50191852/50331648
Current children cumulated CPU time: 0 s
Current children cumulated vsize: 0 KiB
Current children cumulated memory: 0 KiB

[startup+16.0001 s]*
/proc/loadavg: 0.52 0.58 0.59 2/13 1413
/proc/meminfo: memFree=11657260/16587228 swapFree=50191852/50331648
Current children cumulated CPU time: 0 s
Current children cumulated vsize: 0 KiB
Current children cumulated memory: 0 KiB

[startup+17.6004 s]
/proc/loadavg: 0.52 0.58 0.59 2/13 1413
/proc/meminfo: memFree=11659340/16587228 swapFree=50191852/50331648
Current children cumulated CPU time: 0 s
Current children cumulated vsize: 0 KiB
Current children cumulated memory: 0 KiB

[startup+18.4002 s]
/proc/loadavg: 0.52 0.58 0.59 2/13 1413
/proc/meminfo: memFree=11655092/16587228 swapFree=50191852/50331648
Current children cumulated CPU time: 0 s
Current children cumulated vsize: 0 KiB
Current children cumulated memory: 0 KiB

[startup+19.2004 s]
/proc/loadavg: 0.52 0.58 0.59 2/13 1413
/proc/meminfo: memFree=11653316/16587228 swapFree=50191852/50331648
Current children cumulated CPU time: 0 s
Current children cumulated vsize: 0 KiB
Current children cumulated memory: 0 KiB

[startup+19.6003 s]
/proc/loadavg: 0.52 0.58 0.59 2/13 1413
/proc/meminfo: memFree=11653316/16587228 swapFree=50191852/50331648
Current children cumulated CPU time: 0 s
Current children cumulated vsize: 0 KiB
Current children cumulated memory: 0 KiB

[startup+19.7006 s]
/proc/loadavg: 0.52 0.58 0.59 2/13 1413
/proc/meminfo: memFree=11653316/16587228 swapFree=50191852/50331648
Current children cumulated CPU time: 0 s
Current children cumulated vsize: 0 KiB
Current children cumulated memory: 0 KiB

Child status: 1
Real time (s): 19.7094
CPU time (s): 19.6719
CPU user time (s): 19.5781
CPU system time (s): 0.09375
CPU usage (%): 99.8094
Max. virtual memory (cumulated for all children) (KiB): 0
Max. memory (cumulated for all children) (KiB): 0

getrusage(RUSAGE_CHILDREN,...) data:
user time used= 19.5781
system time used= 0.09375
maximum resident set size= 35376
integral shared memory size= 0
integral unshared data size= 0
integral unshared stack size= 0
page reclaims= 9393
page faults= 0
swaps= 0
block input operations= 0
block output operations= 0
messages sent= 0
messages received= 0
signals received= 0
voluntary context switches= 0
involuntary context switches= 0


# summary of solver processes directly reported to runsolver:
#   pid: 1411
#   total CPU time (s): 19.6719
#   total CPU user time (s): 19.5781
#   total CPU system time (s): 0.09375

??? end of timestamper thread
runsolver used 0 second user time and 0.03125 second system time

The end
