runsolver version 3.4.0 (svn: 3018) Copyright (C) 2010-2013 Olivier ROUSSEL

This program is distributed in the hope that it will be useful,
but WITHOUT ANY WARRANTY; without even the implied warranty of
MERCHANTABILITY or FITNESS FOR A PARTICULAR PURPOSE.  See the
GNU General Public License for more details.

command line: /home/kunalan/runsolver/src/runsolver -C 1200 -W 1200 --vsize-limit 16384 -w results_nprc/nprc_newground2_random_200_20_watch.log --var results_nprc/nprc_newground2_random_200_20_values.log python3 ../newground2.py ../instances/benchmark_instances/encodings/nprc_newground2.lp ../instances/benchmark_instances/graphs/random_200_20.lp 

running on 8 cores: 0-7

Enforcing CPUTime limit (soft limit, will send SIGTERM then SIGKILL): 1200 seconds
Enforcing CPUTime limit (hard limit, will send SIGXCPU): 1230 seconds
Enforcing wall clock limit (soft limit, will send SIGTERM then SIGKILL): 1200 seconds
Enforcing VSIZE limit (soft limit, will send SIGTERM then SIGKILL): 16777216 KiB
Enforcing VSIZE limit (hard limit, stack expansion will fail with SIGSEGV, brk() and mmap() will return ENOMEM): 16828416 KiB
Linux 4.4.0-22000-Microsoft
Current StackSize limit: 8192 KiB

solver pid=798, runsolver pid=796

[startup+0.100241 s]*
/proc/loadavg: 0.52 0.58 0.59 2/13 799
/proc/meminfo: memFree=12391672/16587228 swapFree=50119744/50331648
Current children cumulated CPU time: 0 s
Current children cumulated vsize: 0 KiB
Current children cumulated memory: 0 KiB

[startup+0.201453 s]*
/proc/loadavg: 0.52 0.58 0.59 2/13 799
/proc/meminfo: memFree=12380484/16587228 swapFree=50119744/50331648
Current children cumulated CPU time: 0 s
Current children cumulated vsize: 0 KiB
Current children cumulated memory: 0 KiB

[startup+0.301177 s]*
/proc/loadavg: 0.52 0.58 0.59 2/13 799
/proc/meminfo: memFree=12365344/16587228 swapFree=50119744/50331648
Current children cumulated CPU time: 0 s
Current children cumulated vsize: 0 KiB
Current children cumulated memory: 0 KiB

[startup+0.700496 s]
/proc/loadavg: 0.52 0.58 0.59 2/13 799
/proc/meminfo: memFree=12365328/16587228 swapFree=50119744/50331648
Current children cumulated CPU time: 0 s
Current children cumulated vsize: 0 KiB
Current children cumulated memory: 0 KiB

[startup+1.50011 s]
/proc/loadavg: 0.52 0.58 0.59 2/13 799
/proc/meminfo: memFree=12366348/16587228 swapFree=50119744/50331648
Current children cumulated CPU time: 0 s
Current children cumulated vsize: 0 KiB
Current children cumulated memory: 0 KiB

[startup+3.10131 s]
/proc/loadavg: 0.52 0.58 0.59 2/13 799
/proc/meminfo: memFree=12369632/16587228 swapFree=50119744/50331648
Current children cumulated CPU time: 0 s
Current children cumulated vsize: 0 KiB
Current children cumulated memory: 0 KiB
heavy processes:

[startup+6.30053 s]
/proc/loadavg: 0.52 0.58 0.59 2/13 799
/proc/meminfo: memFree=12363356/16587228 swapFree=50119744/50331648
Current children cumulated CPU time: 0 s
Current children cumulated vsize: 0 KiB
Current children cumulated memory: 0 KiB
heavy processes:

[startup+12.7005 s]
/proc/loadavg: 0.52 0.58 0.59 2/13 799
/proc/meminfo: memFree=12369832/16587228 swapFree=50119744/50331648
Current children cumulated CPU time: 0 s
Current children cumulated vsize: 0 KiB
Current children cumulated memory: 0 KiB
heavy processes:

[startup+25.5001 s]
/proc/loadavg: 0.52 0.58 0.59 2/13 799
/proc/meminfo: memFree=12370324/16587228 swapFree=50119744/50331648
Current children cumulated CPU time: 0 s
Current children cumulated vsize: 0 KiB
Current children cumulated memory: 0 KiB
heavy processes:

[startup+51.1008 s]
/proc/loadavg: 0.52 0.58 0.59 2/13 800
/proc/meminfo: memFree=12371056/16587228 swapFree=50119748/50331648
Current children cumulated CPU time: 0 s
Current children cumulated vsize: 0 KiB
Current children cumulated memory: 0 KiB
heavy processes:

[startup+54.2436 s]
# the end of solver process 798 was just reported to runsolver
# cumulated CPU time of all completed processes:  user=54.1094 s, system=0.09375 s

Solver just ended.
??? end of watcher thread
Dumping a history of the last processes samples

[startup+51.2011 s]
/proc/loadavg: 0.52 0.58 0.59 2/13 800
/proc/meminfo: memFree=12371056/16587228 swapFree=50119748/50331648
Current children cumulated CPU time: 0 s
Current children cumulated vsize: 0 KiB
Current children cumulated memory: 0 KiB

[startup+52.8005 s]
/proc/loadavg: 0.52 0.58 0.59 2/13 800
/proc/meminfo: memFree=12371096/16587228 swapFree=50119748/50331648
Current children cumulated CPU time: 0 s
Current children cumulated vsize: 0 KiB
Current children cumulated memory: 0 KiB

[startup+53.6001 s]
/proc/loadavg: 0.52 0.58 0.59 2/13 800
/proc/meminfo: memFree=12371108/16587228 swapFree=50119748/50331648
Current children cumulated CPU time: 0 s
Current children cumulated vsize: 0 KiB
Current children cumulated memory: 0 KiB

[startup+54.0006 s]*
/proc/loadavg: 0.52 0.58 0.59 2/13 800
/proc/meminfo: memFree=12371284/16587228 swapFree=50119748/50331648
Current children cumulated CPU time: 0 s
Current children cumulated vsize: 0 KiB
Current children cumulated memory: 0 KiB

[startup+54.2001 s]
/proc/loadavg: 0.52 0.58 0.59 2/13 800
/proc/meminfo: memFree=12371284/16587228 swapFree=50119748/50331648
Current children cumulated CPU time: 0 s
Current children cumulated vsize: 0 KiB
Current children cumulated memory: 0 KiB

Child ended because it received signal 9 (SIGKILL)
Real time (s): 54.2437
CPU time (s): 54.2031
CPU user time (s): 54.1094
CPU system time (s): 0.09375
CPU usage (%): 99.9252
Max. virtual memory (cumulated for all children) (KiB): 0
Max. memory (cumulated for all children) (KiB): 0

getrusage(RUSAGE_CHILDREN,...) data:
user time used= 54.1094
system time used= 0.09375
maximum resident set size= 29196
integral shared memory size= 0
integral unshared data size= 0
integral unshared stack size= 0
page reclaims= 7605
page faults= 0
swaps= 0
block input operations= 0
block output operations= 0
messages sent= 0
messages received= 0
signals received= 0
voluntary context switches= 0
involuntary context switches= 0


# summary of solver processes directly reported to runsolver:
#   pid: 798
#   total CPU time (s): 54.2031
#   total CPU user time (s): 54.1094
#   total CPU system time (s): 0.09375

??? end of timestamper thread
runsolver used 0 second user time and 0 second system time

The end
