runsolver version 3.4.0 (svn: 3018) Copyright (C) 2010-2013 Olivier ROUSSEL

This program is distributed in the hope that it will be useful,
but WITHOUT ANY WARRANTY; without even the implied warranty of
MERCHANTABILITY or FITNESS FOR A PARTICULAR PURPOSE.  See the
GNU General Public License for more details.

command line: /home/kunalan/runsolver/src/runsolver -C 1200 -W 1200 --vsize-limit 16384 -w results_nprc/nprc_newground2_random_15_40_watch.log --var results_nprc/nprc_newground2_random_15_40_values.log python3 ../newground2.py ../instances/benchmark_instances/encodings/nprc_newground2.lp ../instances/benchmark_instances/graphs/random_15_40.lp 

running on 8 cores: 0-7

Enforcing CPUTime limit (soft limit, will send SIGTERM then SIGKILL): 1200 seconds
Enforcing CPUTime limit (hard limit, will send SIGXCPU): 1230 seconds
Enforcing wall clock limit (soft limit, will send SIGTERM then SIGKILL): 1200 seconds
Enforcing VSIZE limit (soft limit, will send SIGTERM then SIGKILL): 16777216 KiB
Enforcing VSIZE limit (hard limit, stack expansion will fail with SIGSEGV, brk() and mmap() will return ENOMEM): 16828416 KiB
Linux 4.4.0-22000-Microsoft
solver pid=3825, runsolver pid=3823
Current StackSize limit: 8192 KiB


[startup+0.100326 s]*
/proc/loadavg: 0.52 0.58 0.59 2/13 3826
/proc/meminfo: memFree=10538112/16587228 swapFree=50203624/50331648
Current children cumulated CPU time: 0 s
Current children cumulated vsize: 0 KiB
Current children cumulated memory: 0 KiB

[startup+0.201054 s]*
/proc/loadavg: 0.52 0.58 0.59 2/13 3826
/proc/meminfo: memFree=10531080/16587228 swapFree=50203624/50331648
Current children cumulated CPU time: 0 s
Current children cumulated vsize: 0 KiB
Current children cumulated memory: 0 KiB

[startup+0.300898 s]*
/proc/loadavg: 0.52 0.58 0.59 2/13 3826
/proc/meminfo: memFree=10514336/16587228 swapFree=50203624/50331648
Current children cumulated CPU time: 0 s
Current children cumulated vsize: 0 KiB
Current children cumulated memory: 0 KiB

[startup+0.700168 s]
/proc/loadavg: 0.52 0.58 0.59 2/13 3826
/proc/meminfo: memFree=10511228/16587228 swapFree=50203624/50331648
Current children cumulated CPU time: 0 s
Current children cumulated vsize: 0 KiB
Current children cumulated memory: 0 KiB

[startup+1.50053 s]
/proc/loadavg: 0.52 0.58 0.59 2/13 3826
/proc/meminfo: memFree=10518564/16587228 swapFree=50203624/50331648
Current children cumulated CPU time: 0 s
Current children cumulated vsize: 0 KiB
Current children cumulated memory: 0 KiB

[startup+3.10087 s]
/proc/loadavg: 0.52 0.58 0.59 2/13 3826
/proc/meminfo: memFree=10520780/16587228 swapFree=50203624/50331648
Current children cumulated CPU time: 0 s
Current children cumulated vsize: 0 KiB
Current children cumulated memory: 0 KiB
heavy processes:

[startup+6.30011 s]
/proc/loadavg: 0.52 0.58 0.59 3/13 3826
/proc/meminfo: memFree=10518412/16587228 swapFree=50203624/50331648
Current children cumulated CPU time: 0 s
Current children cumulated vsize: 0 KiB
Current children cumulated memory: 0 KiB
heavy processes:

[startup+12.7002 s]
/proc/loadavg: 0.52 0.58 0.59 2/13 3826
/proc/meminfo: memFree=10518176/16587228 swapFree=50203624/50331648
Current children cumulated CPU time: 0 s
Current children cumulated vsize: 0 KiB
Current children cumulated memory: 0 KiB
heavy processes:

[startup+25.5006 s]
/proc/loadavg: 0.52 0.58 0.59 2/13 3826
/proc/meminfo: memFree=10518240/16587228 swapFree=50203624/50331648
Current children cumulated CPU time: 0 s
Current children cumulated vsize: 0 KiB
Current children cumulated memory: 0 KiB
heavy processes:

[startup+51.1009 s]
/proc/loadavg: 0.52 0.58 0.59 3/13 3826
/proc/meminfo: memFree=10520468/16587228 swapFree=50203624/50331648
Current children cumulated CPU time: 0 s
Current children cumulated vsize: 0 KiB
Current children cumulated memory: 0 KiB
heavy processes:

[startup+102.3 s]
/proc/loadavg: 0.52 0.58 0.59 2/13 3826
/proc/meminfo: memFree=10521244/16587228 swapFree=50203624/50331648
Current children cumulated CPU time: 0 s
Current children cumulated vsize: 0 KiB
Current children cumulated memory: 0 KiB
heavy processes:

[startup+162.3 s]
/proc/loadavg: 0.52 0.58 0.59 2/13 3826
/proc/meminfo: memFree=10524376/16587228 swapFree=50203624/50331648
Current children cumulated CPU time: 0 s
Current children cumulated vsize: 0 KiB
Current children cumulated memory: 0 KiB
heavy processes:

[startup+222.301 s]
/proc/loadavg: 0.52 0.58 0.59 2/13 3826
/proc/meminfo: memFree=10511624/16587228 swapFree=50203628/50331648
Current children cumulated CPU time: 0 s
Current children cumulated vsize: 0 KiB
Current children cumulated memory: 0 KiB
heavy processes:

[startup+232.206 s]
# the end of solver process 3825 was just reported to runsolver
# cumulated CPU time of all completed processes:  user=227.062 s, system=5.04688 s

Solver just ended.
??? end of watcher thread
Dumping a history of the last processes samples

[startup+224 s]*
/proc/loadavg: 0.52 0.58 0.59 3/13 3826
/proc/meminfo: memFree=10511728/16587228 swapFree=50203628/50331648
Current children cumulated CPU time: 0 s
Current children cumulated vsize: 0 KiB
Current children cumulated memory: 0 KiB

[startup+227.201 s]
/proc/loadavg: 0.52 0.58 0.59 2/13 3826
/proc/meminfo: memFree=10511736/16587228 swapFree=50203628/50331648
Current children cumulated CPU time: 0 s
Current children cumulated vsize: 0 KiB
Current children cumulated memory: 0 KiB

[startup+230.4 s]
/proc/loadavg: 0.52 0.58 0.59 2/13 3826
/proc/meminfo: memFree=10516304/16587228 swapFree=50203628/50331648
Current children cumulated CPU time: 0 s
Current children cumulated vsize: 0 KiB
Current children cumulated memory: 0 KiB

[startup+231.2 s]
/proc/loadavg: 0.52 0.58 0.59 3/13 3826
/proc/meminfo: memFree=10516460/16587228 swapFree=50203628/50331648
Current children cumulated CPU time: 0 s
Current children cumulated vsize: 0 KiB
Current children cumulated memory: 0 KiB

[startup+232.001 s]*
/proc/loadavg: 0.52 0.58 0.59 2/13 3826
/proc/meminfo: memFree=10521848/16587228 swapFree=50203628/50331648
Current children cumulated CPU time: 0 s
Current children cumulated vsize: 0 KiB
Current children cumulated memory: 0 KiB

[startup+232.201 s]
/proc/loadavg: 0.52 0.58 0.59 2/13 3826
/proc/meminfo: memFree=10521848/16587228 swapFree=50203628/50331648
Current children cumulated CPU time: 0 s
Current children cumulated vsize: 0 KiB
Current children cumulated memory: 0 KiB

Child status: 0
Real time (s): 232.206
CPU time (s): 232.109
CPU user time (s): 227.062
CPU system time (s): 5.04688
CPU usage (%): 99.9583
Max. virtual memory (cumulated for all children) (KiB): 0
Max. memory (cumulated for all children) (KiB): 0

getrusage(RUSAGE_CHILDREN,...) data:
user time used= 227.062
system time used= 5.04688
maximum resident set size= 25556
integral shared memory size= 0
integral unshared data size= 0
integral unshared stack size= 0
page reclaims= 6720
page faults= 0
swaps= 0
block input operations= 0
block output operations= 0
messages sent= 0
messages received= 0
signals received= 0
voluntary context switches= 0
involuntary context switches= 0


# summary of solver processes directly reported to runsolver:
#   pid: 3825
#   total CPU time (s): 232.109
#   total CPU user time (s): 227.062
#   total CPU system time (s): 5.04688

??? end of timestamper thread
runsolver used 0 second user time and 0.03125 second system time

The end
