runsolver version 3.4.0 (svn: 3018) Copyright (C) 2010-2013 Olivier ROUSSEL

This program is distributed in the hope that it will be useful,
but WITHOUT ANY WARRANTY; without even the implied warranty of
MERCHANTABILITY or FITNESS FOR A PARTICULAR PURPOSE.  See the
GNU General Public License for more details.

command line: /home/kunalan/runsolver/src/runsolver -C 1200 -W 1200 --vsize-limit 16384 -w results_nprc/nprc_newground_random_600_90_watch.log --var results_nprc/nprc_newground_random_600_90_values.log python3 ../newground2.py ../instances/benchmark_instances/encodings/nprc_newground.lp ../instances/benchmark_instances/graphs/random_600_90.lp 

running on 8 cores: 0-7

Enforcing CPUTime limit (soft limit, will send SIGTERM then SIGKILL): 1200 seconds
Enforcing CPUTime limit (hard limit, will send SIGXCPU): 1230 seconds
Enforcing wall clock limit (soft limit, will send SIGTERM then SIGKILL): 1200 seconds
Enforcing VSIZE limit (soft limit, will send SIGTERM then SIGKILL): 16777216 KiB
Enforcing VSIZE limit (hard limit, stack expansion will fail with SIGSEGV, brk() and mmap() will return ENOMEM): 16828416 KiB
Linux 4.4.0-22000-Microsoft
Current StackSize limit: 8192 KiB

solver pid=3072, runsolver pid=3070

[startup+0.100452 s]*
/proc/loadavg: 0.52 0.58 0.59 2/13 3073
/proc/meminfo: memFree=11357444/16587228 swapFree=50194136/50331648
Current children cumulated CPU time: 0 s
Current children cumulated vsize: 0 KiB
Current children cumulated memory: 0 KiB

[startup+0.201281 s]*
/proc/loadavg: 0.52 0.58 0.59 2/13 3073
/proc/meminfo: memFree=11340196/16587228 swapFree=50194136/50331648
Current children cumulated CPU time: 0 s
Current children cumulated vsize: 0 KiB
Current children cumulated memory: 0 KiB

[startup+0.301027 s]*
/proc/loadavg: 0.52 0.58 0.59 2/13 3073
/proc/meminfo: memFree=11336032/16587228 swapFree=50194136/50331648
Current children cumulated CPU time: 0 s
Current children cumulated vsize: 0 KiB
Current children cumulated memory: 0 KiB

[startup+0.700454 s]
/proc/loadavg: 0.52 0.58 0.59 2/13 3073
/proc/meminfo: memFree=11329200/16587228 swapFree=50194136/50331648
Current children cumulated CPU time: 0 s
Current children cumulated vsize: 0 KiB
Current children cumulated memory: 0 KiB

[startup+1.50053 s]
/proc/loadavg: 0.52 0.58 0.59 2/13 3073
/proc/meminfo: memFree=11330164/16587228 swapFree=50194136/50331648
Current children cumulated CPU time: 0 s
Current children cumulated vsize: 0 KiB
Current children cumulated memory: 0 KiB

[startup+3.10109 s]
/proc/loadavg: 0.52 0.58 0.59 2/13 3073
/proc/meminfo: memFree=11329624/16587228 swapFree=50194136/50331648
Current children cumulated CPU time: 0 s
Current children cumulated vsize: 0 KiB
Current children cumulated memory: 0 KiB
heavy processes:

[startup+6.30058 s]
/proc/loadavg: 0.52 0.58 0.59 2/13 3074
/proc/meminfo: memFree=11330428/16587228 swapFree=50194136/50331648
Current children cumulated CPU time: 0 s
Current children cumulated vsize: 0 KiB
Current children cumulated memory: 0 KiB
heavy processes:

[startup+12.7001 s]
/proc/loadavg: 0.52 0.58 0.59 2/13 3074
/proc/meminfo: memFree=11336432/16587228 swapFree=50194136/50331648
Current children cumulated CPU time: 0 s
Current children cumulated vsize: 0 KiB
Current children cumulated memory: 0 KiB
heavy processes:

[startup+25.5004 s]
/proc/loadavg: 0.52 0.58 0.59 2/13 3075
/proc/meminfo: memFree=11328100/16587228 swapFree=50194136/50331648
Current children cumulated CPU time: 0 s
Current children cumulated vsize: 0 KiB
Current children cumulated memory: 0 KiB
heavy processes:

[startup+51.1011 s]
/proc/loadavg: 0.52 0.58 0.59 2/13 3075
/proc/meminfo: memFree=11309500/16587228 swapFree=50194136/50331648
Current children cumulated CPU time: 0 s
Current children cumulated vsize: 0 KiB
Current children cumulated memory: 0 KiB
heavy processes:

[startup+102.3 s]
/proc/loadavg: 0.52 0.58 0.59 2/13 3075
/proc/meminfo: memFree=11236204/16587228 swapFree=50194136/50331648
Current children cumulated CPU time: 0 s
Current children cumulated vsize: 0 KiB
Current children cumulated memory: 0 KiB
heavy processes:

[startup+106.218 s]
# the end of solver process 3072 was just reported to runsolver
# cumulated CPU time of all completed processes:  user=105.828 s, system=0.3125 s

Solver just ended.
??? end of watcher thread
Dumping a history of the last processes samples

[startup+102.401 s]
/proc/loadavg: 0.52 0.58 0.59 2/13 3075
/proc/meminfo: memFree=11239312/16587228 swapFree=50194136/50331648
Current children cumulated CPU time: 0 s
Current children cumulated vsize: 0 KiB
Current children cumulated memory: 0 KiB

[startup+104 s]*
/proc/loadavg: 0.52 0.58 0.59 2/13 3075
/proc/meminfo: memFree=11236256/16587228 swapFree=50194136/50331648
Current children cumulated CPU time: 0 s
Current children cumulated vsize: 0 KiB
Current children cumulated memory: 0 KiB

[startup+105.6 s]
/proc/loadavg: 0.52 0.58 0.59 2/13 3075
/proc/meminfo: memFree=11236032/16587228 swapFree=50194136/50331648
Current children cumulated CPU time: 0 s
Current children cumulated vsize: 0 KiB
Current children cumulated memory: 0 KiB

[startup+106 s]*
/proc/loadavg: 0.52 0.58 0.59 2/13 3075
/proc/meminfo: memFree=11236112/16587228 swapFree=50194136/50331648
Current children cumulated CPU time: 0 s
Current children cumulated vsize: 0 KiB
Current children cumulated memory: 0 KiB

[startup+106.201 s]
/proc/loadavg: 0.52 0.58 0.59 2/13 3075
/proc/meminfo: memFree=11236112/16587228 swapFree=50194136/50331648
Current children cumulated CPU time: 0 s
Current children cumulated vsize: 0 KiB
Current children cumulated memory: 0 KiB

Child status: 0
Real time (s): 106.218
CPU time (s): 106.141
CPU user time (s): 105.828
CPU system time (s): 0.3125
CPU usage (%): 99.9272
Max. virtual memory (cumulated for all children) (KiB): 0
Max. memory (cumulated for all children) (KiB): 0

getrusage(RUSAGE_CHILDREN,...) data:
user time used= 105.828
system time used= 0.3125
maximum resident set size= 134184
integral shared memory size= 0
integral unshared data size= 0
integral unshared stack size= 0
page reclaims= 42825
page faults= 0
swaps= 0
block input operations= 0
block output operations= 0
messages sent= 0
messages received= 0
signals received= 0
voluntary context switches= 0
involuntary context switches= 0


# summary of solver processes directly reported to runsolver:
#   pid: 3072
#   total CPU time (s): 106.141
#   total CPU user time (s): 105.828
#   total CPU system time (s): 0.3125

??? end of timestamper thread
runsolver used 0 second user time and 0.015625 second system time

The end
