runsolver version 3.4.0 (svn: 3018) Copyright (C) 2010-2013 Olivier ROUSSEL

This program is distributed in the hope that it will be useful,
but WITHOUT ANY WARRANTY; without even the implied warranty of
MERCHANTABILITY or FITNESS FOR A PARTICULAR PURPOSE.  See the
GNU General Public License for more details.

command line: /home/kunalan/runsolver/src/runsolver -C 1200 -W 1200 --vsize-limit 16384 -w results_nprc/nprc_newground_random_1100_100_watch.log --var results_nprc/nprc_newground_random_1100_100_values.log python3 ../newground2.py ../instances/benchmark_instances/encodings/nprc_newground.lp ../instances/benchmark_instances/graphs/random_1100_100.lp 

running on 8 cores: 0-7

Enforcing CPUTime limit (soft limit, will send SIGTERM then SIGKILL): 1200 seconds
Enforcing CPUTime limit (hard limit, will send SIGXCPU): 1230 seconds
Enforcing wall clock limit (soft limit, will send SIGTERM then SIGKILL): 1200 seconds
Enforcing VSIZE limit (soft limit, will send SIGTERM then SIGKILL): 16777216 KiB
Enforcing VSIZE limit (hard limit, stack expansion will fail with SIGSEGV, brk() and mmap() will return ENOMEM): 16828416 KiB
Linux 4.4.0-22000-Microsoft
Current StackSize limit: 8192 KiB

solver pid=3396, runsolver pid=3394

[startup+0.100515 s]*
/proc/loadavg: 0.52 0.58 0.59 2/13 3397
/proc/meminfo: memFree=11416964/16587228 swapFree=50197488/50331648
Current children cumulated CPU time: 0 s
Current children cumulated vsize: 0 KiB
Current children cumulated memory: 0 KiB

[startup+0.20116 s]*
/proc/loadavg: 0.52 0.58 0.59 2/13 3397
/proc/meminfo: memFree=11404720/16587228 swapFree=50197488/50331648
Current children cumulated CPU time: 0 s
Current children cumulated vsize: 0 KiB
Current children cumulated memory: 0 KiB

[startup+0.301164 s]*
/proc/loadavg: 0.52 0.58 0.59 2/13 3397
/proc/meminfo: memFree=11393852/16587228 swapFree=50197488/50331648
Current children cumulated CPU time: 0 s
Current children cumulated vsize: 0 KiB
Current children cumulated memory: 0 KiB

[startup+0.700124 s]
/proc/loadavg: 0.52 0.58 0.59 2/13 3397
/proc/meminfo: memFree=11391456/16587228 swapFree=50197488/50331648
Current children cumulated CPU time: 0 s
Current children cumulated vsize: 0 KiB
Current children cumulated memory: 0 KiB

[startup+1.50043 s]
/proc/loadavg: 0.52 0.58 0.59 2/13 3397
/proc/meminfo: memFree=11392208/16587228 swapFree=50197488/50331648
Current children cumulated CPU time: 0 s
Current children cumulated vsize: 0 KiB
Current children cumulated memory: 0 KiB

[startup+3.10115 s]
/proc/loadavg: 0.52 0.58 0.59 2/13 3397
/proc/meminfo: memFree=11391608/16587228 swapFree=50197488/50331648
Current children cumulated CPU time: 0 s
Current children cumulated vsize: 0 KiB
Current children cumulated memory: 0 KiB
heavy processes:

[startup+6.30023 s]
/proc/loadavg: 0.52 0.58 0.59 2/13 3397
/proc/meminfo: memFree=11400992/16587228 swapFree=50197488/50331648
Current children cumulated CPU time: 0 s
Current children cumulated vsize: 0 KiB
Current children cumulated memory: 0 KiB
heavy processes:

[startup+12.7002 s]
/proc/loadavg: 0.52 0.58 0.59 2/13 3397
/proc/meminfo: memFree=11411608/16587228 swapFree=50197488/50331648
Current children cumulated CPU time: 0 s
Current children cumulated vsize: 0 KiB
Current children cumulated memory: 0 KiB
heavy processes:

[startup+25.5003 s]
/proc/loadavg: 0.52 0.58 0.59 2/13 3397
/proc/meminfo: memFree=11414480/16587228 swapFree=50197488/50331648
Current children cumulated CPU time: 0 s
Current children cumulated vsize: 0 KiB
Current children cumulated memory: 0 KiB
heavy processes:

[startup+51.1012 s]
/proc/loadavg: 0.52 0.58 0.59 2/13 3397
/proc/meminfo: memFree=11415944/16587228 swapFree=50197488/50331648
Current children cumulated CPU time: 0 s
Current children cumulated vsize: 0 KiB
Current children cumulated memory: 0 KiB
heavy processes:

[startup+102.3 s]
/proc/loadavg: 0.52 0.58 0.59 2/13 3397
/proc/meminfo: memFree=11380100/16587228 swapFree=50197488/50331648
Current children cumulated CPU time: 0 s
Current children cumulated vsize: 0 KiB
Current children cumulated memory: 0 KiB
heavy processes:

[startup+162.3 s]
/proc/loadavg: 0.52 0.58 0.59 2/13 3397
/proc/meminfo: memFree=11364560/16587228 swapFree=50197488/50331648
Current children cumulated CPU time: 0 s
Current children cumulated vsize: 0 KiB
Current children cumulated memory: 0 KiB
heavy processes:

[startup+222.3 s]
/proc/loadavg: 0.52 0.58 0.59 2/13 3397
/proc/meminfo: memFree=11341452/16587228 swapFree=50197772/50331648
Current children cumulated CPU time: 0 s
Current children cumulated vsize: 0 KiB
Current children cumulated memory: 0 KiB
heavy processes:

[startup+282.3 s]
/proc/loadavg: 0.52 0.58 0.59 2/13 3397
/proc/meminfo: memFree=11337524/16587228 swapFree=50201120/50331648
Current children cumulated CPU time: 0 s
Current children cumulated vsize: 0 KiB
Current children cumulated memory: 0 KiB
heavy processes:

[startup+342.3 s]
/proc/loadavg: 0.52 0.58 0.59 2/13 3397
/proc/meminfo: memFree=11305524/16587228 swapFree=50201128/50331648
Current children cumulated CPU time: 0 s
Current children cumulated vsize: 0 KiB
Current children cumulated memory: 0 KiB
heavy processes:

[startup+395.517 s]
# the end of solver process 3396 was just reported to runsolver
# cumulated CPU time of all completed processes:  user=394.453 s, system=0.921875 s

Solver just ended.
??? end of watcher thread
Dumping a history of the last processes samples

[startup+358.4 s]
/proc/loadavg: 0.52 0.58 0.59 2/13 3397
/proc/meminfo: memFree=11189452/16587228 swapFree=50201132/50331648
Current children cumulated CPU time: 0 s
Current children cumulated vsize: 0 KiB
Current children cumulated memory: 0 KiB

[startup+371.201 s]
/proc/loadavg: 0.52 0.58 0.59 2/13 3397
/proc/meminfo: memFree=11163360/16587228 swapFree=50201132/50331648
Current children cumulated CPU time: 0 s
Current children cumulated vsize: 0 KiB
Current children cumulated memory: 0 KiB

[startup+384 s]*
/proc/loadavg: 0.52 0.58 0.59 2/13 3397
/proc/meminfo: memFree=11230084/16587228 swapFree=50201148/50331648
Current children cumulated CPU time: 0 s
Current children cumulated vsize: 0 KiB
Current children cumulated memory: 0 KiB

[startup+390.401 s]
/proc/loadavg: 0.52 0.58 0.59 2/13 3397
/proc/meminfo: memFree=11230640/16587228 swapFree=50201148/50331648
Current children cumulated CPU time: 0 s
Current children cumulated vsize: 0 KiB
Current children cumulated memory: 0 KiB

[startup+393.6 s]
/proc/loadavg: 0.52 0.58 0.59 2/13 3397
/proc/meminfo: memFree=11230444/16587228 swapFree=50201148/50331648
Current children cumulated CPU time: 0 s
Current children cumulated vsize: 0 KiB
Current children cumulated memory: 0 KiB

[startup+394.4 s]
/proc/loadavg: 0.52 0.58 0.59 3/13 3397
/proc/meminfo: memFree=11230464/16587228 swapFree=50201148/50331648
Current children cumulated CPU time: 0 s
Current children cumulated vsize: 0 KiB
Current children cumulated memory: 0 KiB

[startup+395.2 s]
/proc/loadavg: 0.52 0.58 0.59 2/13 3397
/proc/meminfo: memFree=11230532/16587228 swapFree=50201148/50331648
Current children cumulated CPU time: 0 s
Current children cumulated vsize: 0 KiB
Current children cumulated memory: 0 KiB

[startup+395.4 s]
/proc/loadavg: 0.52 0.58 0.59 2/13 3397
/proc/meminfo: memFree=11230532/16587228 swapFree=50201148/50331648
Current children cumulated CPU time: 0 s
Current children cumulated vsize: 0 KiB
Current children cumulated memory: 0 KiB

[startup+395.5 s]
/proc/loadavg: 0.52 0.58 0.59 2/13 3397
/proc/meminfo: memFree=11230532/16587228 swapFree=50201148/50331648
Current children cumulated CPU time: 0 s
Current children cumulated vsize: 0 KiB
Current children cumulated memory: 0 KiB

Child status: 0
Real time (s): 395.517
CPU time (s): 395.375
CPU user time (s): 394.453
CPU system time (s): 0.921875
CPU usage (%): 99.9641
Max. virtual memory (cumulated for all children) (KiB): 0
Max. memory (cumulated for all children) (KiB): 0

getrusage(RUSAGE_CHILDREN,...) data:
user time used= 394.453
system time used= 0.921875
maximum resident set size= 392620
integral shared memory size= 0
integral unshared data size= 0
integral unshared stack size= 0
page reclaims= 125005
page faults= 0
swaps= 0
block input operations= 0
block output operations= 0
messages sent= 0
messages received= 0
signals received= 0
voluntary context switches= 0
involuntary context switches= 0


# summary of solver processes directly reported to runsolver:
#   pid: 3396
#   total CPU time (s): 395.375
#   total CPU user time (s): 394.453
#   total CPU system time (s): 0.921875

??? end of timestamper thread
runsolver used 0 second user time and 0 second system time

The end
