runsolver version 3.4.0 (svn: 3018) Copyright (C) 2010-2013 Olivier ROUSSEL

This program is distributed in the hope that it will be useful,
but WITHOUT ANY WARRANTY; without even the implied warranty of
MERCHANTABILITY or FITNESS FOR A PARTICULAR PURPOSE.  See the
GNU General Public License for more details.

command line: /home/kunalan/runsolver/src/runsolver -C 1200 -W 1200 --vsize-limit 16384 -w results_nprc/nprc_newground2_random_10_80_watch.log --var results_nprc/nprc_newground2_random_10_80_values.log python3 ../newground2.py ../instances/benchmark_instances/encodings/nprc_newground2.lp ../instances/benchmark_instances/graphs/random_10_80.lp 

running on 8 cores: 0-7

Enforcing CPUTime limit (soft limit, will send SIGTERM then SIGKILL): 1200 seconds
Enforcing CPUTime limit (hard limit, will send SIGXCPU): 1230 seconds
Enforcing wall clock limit (soft limit, will send SIGTERM then SIGKILL): 1200 seconds
Enforcing VSIZE limit (soft limit, will send SIGTERM then SIGKILL): 16777216 KiB
Enforcing VSIZE limit (hard limit, stack expansion will fail with SIGSEGV, brk() and mmap() will return ENOMEM): 16828416 KiB
Linux 4.4.0-22000-Microsoft
Current StackSize limit: 8192 KiB

solver pid=3786, runsolver pid=3784

[startup+0.10041 s]*
/proc/loadavg: 0.52 0.58 0.59 2/13 3787
/proc/meminfo: memFree=10567600/16587228 swapFree=50203372/50331648
Current children cumulated CPU time: 0 s
Current children cumulated vsize: 0 KiB
Current children cumulated memory: 0 KiB

[startup+0.201152 s]*
/proc/loadavg: 0.52 0.58 0.59 2/13 3787
/proc/meminfo: memFree=10555260/16587228 swapFree=50203372/50331648
Current children cumulated CPU time: 0 s
Current children cumulated vsize: 0 KiB
Current children cumulated memory: 0 KiB

[startup+0.300979 s]*
/proc/loadavg: 0.52 0.58 0.59 2/13 3787
/proc/meminfo: memFree=10542560/16587228 swapFree=50203372/50331648
Current children cumulated CPU time: 0 s
Current children cumulated vsize: 0 KiB
Current children cumulated memory: 0 KiB

[startup+0.7005 s]
/proc/loadavg: 0.52 0.58 0.59 3/13 3787
/proc/meminfo: memFree=10542608/16587228 swapFree=50203372/50331648
Current children cumulated CPU time: 0 s
Current children cumulated vsize: 0 KiB
Current children cumulated memory: 0 KiB

[startup+1.50024 s]
/proc/loadavg: 0.52 0.58 0.59 2/13 3787
/proc/meminfo: memFree=10543820/16587228 swapFree=50203372/50331648
Current children cumulated CPU time: 0 s
Current children cumulated vsize: 0 KiB
Current children cumulated memory: 0 KiB

[startup+3.10119 s]
/proc/loadavg: 0.52 0.58 0.59 3/13 3787
/proc/meminfo: memFree=10549264/16587228 swapFree=50203372/50331648
Current children cumulated CPU time: 0 s
Current children cumulated vsize: 0 KiB
Current children cumulated memory: 0 KiB
heavy processes:

[startup+6.30012 s]
/proc/loadavg: 0.52 0.58 0.59 2/13 3787
/proc/meminfo: memFree=10550656/16587228 swapFree=50203372/50331648
Current children cumulated CPU time: 0 s
Current children cumulated vsize: 0 KiB
Current children cumulated memory: 0 KiB
heavy processes:

[startup+12.7002 s]
/proc/loadavg: 0.52 0.58 0.59 2/13 3787
/proc/meminfo: memFree=10549992/16587228 swapFree=50203372/50331648
Current children cumulated CPU time: 0 s
Current children cumulated vsize: 0 KiB
Current children cumulated memory: 0 KiB
heavy processes:

[startup+22.6953 s]
# the end of solver process 3786 was just reported to runsolver
# cumulated CPU time of all completed processes:  user=22.0781 s, system=0.59375 s

Solver just ended.
??? end of watcher thread
Dumping a history of the last processes samples

[startup+12.8008 s]
/proc/loadavg: 0.52 0.58 0.59 2/13 3787
/proc/meminfo: memFree=10549988/16587228 swapFree=50203372/50331648
Current children cumulated CPU time: 0 s
Current children cumulated vsize: 0 KiB
Current children cumulated memory: 0 KiB

[startup+19.2003 s]
/proc/loadavg: 0.52 0.58 0.59 2/13 3787
/proc/meminfo: memFree=10550224/16587228 swapFree=50203372/50331648
Current children cumulated CPU time: 0 s
Current children cumulated vsize: 0 KiB
Current children cumulated memory: 0 KiB

[startup+20.8002 s]
/proc/loadavg: 0.52 0.58 0.59 2/13 3787
/proc/meminfo: memFree=10550204/16587228 swapFree=50203372/50331648
Current children cumulated CPU time: 0 s
Current children cumulated vsize: 0 KiB
Current children cumulated memory: 0 KiB

[startup+21.6002 s]
/proc/loadavg: 0.52 0.58 0.59 3/13 3787
/proc/meminfo: memFree=10549992/16587228 swapFree=50203372/50331648
Current children cumulated CPU time: 0 s
Current children cumulated vsize: 0 KiB
Current children cumulated memory: 0 KiB

[startup+22.4003 s]
/proc/loadavg: 0.52 0.58 0.59 2/13 3787
/proc/meminfo: memFree=10550000/16587228 swapFree=50203372/50331648
Current children cumulated CPU time: 0 s
Current children cumulated vsize: 0 KiB
Current children cumulated memory: 0 KiB

[startup+22.6002 s]
/proc/loadavg: 0.52 0.58 0.59 2/13 3787
/proc/meminfo: memFree=10550000/16587228 swapFree=50203372/50331648
Current children cumulated CPU time: 0 s
Current children cumulated vsize: 0 KiB
Current children cumulated memory: 0 KiB

Child status: 0
Real time (s): 22.6953
CPU time (s): 22.6719
CPU user time (s): 22.0781
CPU system time (s): 0.59375
CPU usage (%): 99.8967
Max. virtual memory (cumulated for all children) (KiB): 0
Max. memory (cumulated for all children) (KiB): 0

getrusage(RUSAGE_CHILDREN,...) data:
user time used= 22.0781
system time used= 0.59375
maximum resident set size= 24980
integral shared memory size= 0
integral unshared data size= 0
integral unshared stack size= 0
page reclaims= 6574
page faults= 0
swaps= 0
block input operations= 0
block output operations= 0
messages sent= 0
messages received= 0
signals received= 0
voluntary context switches= 0
involuntary context switches= 0


# summary of solver processes directly reported to runsolver:
#   pid: 3786
#   total CPU time (s): 22.6719
#   total CPU user time (s): 22.0781
#   total CPU system time (s): 0.59375

??? end of timestamper thread
runsolver used 0 second user time and 0 second system time

The end
