runsolver version 3.4.0 (svn: 3018) Copyright (C) 2010-2013 Olivier ROUSSEL

This program is distributed in the hope that it will be useful,
but WITHOUT ANY WARRANTY; without even the implied warranty of
MERCHANTABILITY or FITNESS FOR A PARTICULAR PURPOSE.  See the
GNU General Public License for more details.

command line: /home/kunalan/runsolver/src/runsolver -C 1200 -W 1200 --vsize-limit 16384 -w results_nprc/nprc_newground2_random_35_100_watch.log --var results_nprc/nprc_newground2_random_35_100_values.log python3 ../newground2.py ../instances/benchmark_instances/encodings/nprc_newground2.lp ../instances/benchmark_instances/graphs/random_35_100.lp 

running on 8 cores: 0-7

Enforcing CPUTime limit (soft limit, will send SIGTERM then SIGKILL): 1200 seconds
Enforcing CPUTime limit (hard limit, will send SIGXCPU): 1230 seconds
Enforcing wall clock limit (soft limit, will send SIGTERM then SIGKILL): 1200 seconds
Enforcing VSIZE limit (soft limit, will send SIGTERM then SIGKILL): 16777216 KiB
Enforcing VSIZE limit (hard limit, stack expansion will fail with SIGSEGV, brk() and mmap() will return ENOMEM): 16828416 KiB
Linux 4.4.0-22000-Microsoft
solver pid=1763, runsolver pid=1761
Current StackSize limit: 8192 KiB


[startup+0.100374 s]*
/proc/loadavg: 0.52 0.58 0.59 2/13 1764
/proc/meminfo: memFree=11670740/16587228 swapFree=50193836/50331648
Current children cumulated CPU time: 0 s
Current children cumulated vsize: 0 KiB
Current children cumulated memory: 0 KiB

[startup+0.201118 s]*
/proc/loadavg: 0.52 0.58 0.59 2/13 1764
/proc/meminfo: memFree=11654988/16587228 swapFree=50193836/50331648
Current children cumulated CPU time: 0 s
Current children cumulated vsize: 0 KiB
Current children cumulated memory: 0 KiB

[startup+0.301247 s]*
/proc/loadavg: 0.52 0.58 0.59 2/13 1764
/proc/meminfo: memFree=11647820/16587228 swapFree=50193836/50331648
Current children cumulated CPU time: 0 s
Current children cumulated vsize: 0 KiB
Current children cumulated memory: 0 KiB

[startup+0.70035 s]
/proc/loadavg: 0.52 0.58 0.59 2/13 1764
/proc/meminfo: memFree=11647812/16587228 swapFree=50193836/50331648
Current children cumulated CPU time: 0 s
Current children cumulated vsize: 0 KiB
Current children cumulated memory: 0 KiB

[startup+1.50024 s]
/proc/loadavg: 0.52 0.58 0.59 2/13 1764
/proc/meminfo: memFree=11643932/16587228 swapFree=50193836/50331648
Current children cumulated CPU time: 0 s
Current children cumulated vsize: 0 KiB
Current children cumulated memory: 0 KiB

[startup+3.10093 s]
/proc/loadavg: 0.52 0.58 0.59 2/13 1765
/proc/meminfo: memFree=11652852/16587228 swapFree=50193836/50331648
Current children cumulated CPU time: 0 s
Current children cumulated vsize: 0 KiB
Current children cumulated memory: 0 KiB
heavy processes:

[startup+6.30055 s]
/proc/loadavg: 0.52 0.58 0.59 2/13 1765
/proc/meminfo: memFree=11650884/16587228 swapFree=50193836/50331648
Current children cumulated CPU time: 0 s
Current children cumulated vsize: 0 KiB
Current children cumulated memory: 0 KiB
heavy processes:

[startup+8.12258 s]
# the end of solver process 1763 was just reported to runsolver
# cumulated CPU time of all completed processes:  user=7.98438 s, system=0.09375 s

Solver just ended.
??? end of watcher thread
Dumping a history of the last processes samples

[startup+6.40134 s]
/proc/loadavg: 0.52 0.58 0.59 2/13 1765
/proc/meminfo: memFree=11650932/16587228 swapFree=50193836/50331648
Current children cumulated CPU time: 0 s
Current children cumulated vsize: 0 KiB
Current children cumulated memory: 0 KiB

[startup+7.20034 s]
/proc/loadavg: 0.52 0.58 0.59 2/13 1765
/proc/meminfo: memFree=11650992/16587228 swapFree=50193836/50331648
Current children cumulated CPU time: 0 s
Current children cumulated vsize: 0 KiB
Current children cumulated memory: 0 KiB

[startup+7.60035 s]
/proc/loadavg: 0.52 0.58 0.59 2/13 1765
/proc/meminfo: memFree=11650992/16587228 swapFree=50193836/50331648
Current children cumulated CPU time: 0 s
Current children cumulated vsize: 0 KiB
Current children cumulated memory: 0 KiB

[startup+8.00047 s]*
/proc/loadavg: 0.52 0.58 0.59 2/13 1765
/proc/meminfo: memFree=11651020/16587228 swapFree=50193836/50331648
Current children cumulated CPU time: 0 s
Current children cumulated vsize: 0 KiB
Current children cumulated memory: 0 KiB

[startup+8.1012 s]
/proc/loadavg: 0.52 0.58 0.59 2/13 1765
/proc/meminfo: memFree=11651020/16587228 swapFree=50193836/50331648
Current children cumulated CPU time: 0 s
Current children cumulated vsize: 0 KiB
Current children cumulated memory: 0 KiB

Child status: 1
Real time (s): 8.12265
CPU time (s): 8.07812
CPU user time (s): 7.98438
CPU system time (s): 0.09375
CPU usage (%): 99.4518
Max. virtual memory (cumulated for all children) (KiB): 0
Max. memory (cumulated for all children) (KiB): 0

getrusage(RUSAGE_CHILDREN,...) data:
user time used= 7.98438
system time used= 0.09375
maximum resident set size= 26792
integral shared memory size= 0
integral unshared data size= 0
integral unshared stack size= 0
page reclaims= 7002
page faults= 0
swaps= 0
block input operations= 0
block output operations= 0
messages sent= 0
messages received= 0
signals received= 0
voluntary context switches= 0
involuntary context switches= 0


# summary of solver processes directly reported to runsolver:
#   pid: 1763
#   total CPU time (s): 8.07812
#   total CPU user time (s): 7.98438
#   total CPU system time (s): 0.09375

??? end of timestamper thread
runsolver used 0 second user time and 0.015625 second system time

The end
