runsolver version 3.4.0 (svn: 3018) Copyright (C) 2010-2013 Olivier ROUSSEL

This program is distributed in the hope that it will be useful,
but WITHOUT ANY WARRANTY; without even the implied warranty of
MERCHANTABILITY or FITNESS FOR A PARTICULAR PURPOSE.  See the
GNU General Public License for more details.

command line: /home/kunalan/runsolver/src/runsolver -C 1200 -W 1200 --vsize-limit 16384 -w results_nprc/nprc_newground2_random_200_30_watch.log --var results_nprc/nprc_newground2_random_200_30_values.log python3 ../newground2.py ../instances/benchmark_instances/encodings/nprc_newground2.lp ../instances/benchmark_instances/graphs/random_200_30.lp 

running on 8 cores: 0-7

Enforcing CPUTime limit (soft limit, will send SIGTERM then SIGKILL): 1200 seconds
Enforcing CPUTime limit (hard limit, will send SIGXCPU): 1230 seconds
Enforcing wall clock limit (soft limit, will send SIGTERM then SIGKILL): 1200 seconds
Enforcing VSIZE limit (soft limit, will send SIGTERM then SIGKILL): 16777216 KiB
Enforcing VSIZE limit (hard limit, stack expansion will fail with SIGSEGV, brk() and mmap() will return ENOMEM): 16828416 KiB
Linux 4.4.0-22000-Microsoft
Current StackSize limit: 8192 KiB
solver pid=818, runsolver pid=816


[startup+0.100305 s]*
/proc/loadavg: 0.52 0.58 0.59 2/13 819
/proc/meminfo: memFree=12450872/16587228 swapFree=50120260/50331648
Current children cumulated CPU time: 0 s
Current children cumulated vsize: 0 KiB
Current children cumulated memory: 0 KiB

[startup+0.201567 s]*
/proc/loadavg: 0.52 0.58 0.59 2/13 819
/proc/meminfo: memFree=12434412/16587228 swapFree=50120260/50331648
Current children cumulated CPU time: 0 s
Current children cumulated vsize: 0 KiB
Current children cumulated memory: 0 KiB

[startup+0.301198 s]*
/proc/loadavg: 0.52 0.58 0.59 2/13 819
/proc/meminfo: memFree=12430468/16587228 swapFree=50120260/50331648
Current children cumulated CPU time: 0 s
Current children cumulated vsize: 0 KiB
Current children cumulated memory: 0 KiB

[startup+0.700423 s]
/proc/loadavg: 0.52 0.58 0.59 2/13 819
/proc/meminfo: memFree=12430452/16587228 swapFree=50120260/50331648
Current children cumulated CPU time: 0 s
Current children cumulated vsize: 0 KiB
Current children cumulated memory: 0 KiB

[startup+1.50034 s]
/proc/loadavg: 0.52 0.58 0.59 2/13 819
/proc/meminfo: memFree=12425968/16587228 swapFree=50120260/50331648
Current children cumulated CPU time: 0 s
Current children cumulated vsize: 0 KiB
Current children cumulated memory: 0 KiB

[startup+3.1008 s]
/proc/loadavg: 0.52 0.58 0.59 2/13 819
/proc/meminfo: memFree=12424796/16587228 swapFree=50120264/50331648
Current children cumulated CPU time: 0 s
Current children cumulated vsize: 0 KiB
Current children cumulated memory: 0 KiB
heavy processes:

[startup+6.30201 s]
/proc/loadavg: 0.52 0.58 0.59 2/13 819
/proc/meminfo: memFree=12424228/16587228 swapFree=50120264/50331648
Current children cumulated CPU time: 0 s
Current children cumulated vsize: 0 KiB
Current children cumulated memory: 0 KiB
heavy processes:

[startup+12.7005 s]
/proc/loadavg: 0.52 0.58 0.59 2/13 819
/proc/meminfo: memFree=12429388/16587228 swapFree=50120344/50331648
Current children cumulated CPU time: 0 s
Current children cumulated vsize: 0 KiB
Current children cumulated memory: 0 KiB
heavy processes:

[startup+25.5001 s]
/proc/loadavg: 0.52 0.58 0.59 2/13 819
/proc/meminfo: memFree=12428924/16587228 swapFree=50120344/50331648
Current children cumulated CPU time: 0 s
Current children cumulated vsize: 0 KiB
Current children cumulated memory: 0 KiB
heavy processes:

[startup+51.1011 s]
/proc/loadavg: 0.52 0.58 0.59 2/13 819
/proc/meminfo: memFree=12428756/16587228 swapFree=50120344/50331648
Current children cumulated CPU time: 0 s
Current children cumulated vsize: 0 KiB
Current children cumulated memory: 0 KiB
heavy processes:

[startup+102.316 s]
/proc/loadavg: 0.52 0.58 0.59 2/13 819
/proc/meminfo: memFree=12411016/16587228 swapFree=50120344/50331648
Current children cumulated CPU time: 0 s
Current children cumulated vsize: 0 KiB
Current children cumulated memory: 0 KiB
heavy processes:

[startup+149.726 s]
# the end of solver process 818 was just reported to runsolver
# cumulated CPU time of all completed processes:  user=149.109 s, system=0.578125 s

Solver just ended.
??? end of watcher thread
Dumping a history of the last processes samples

[startup+102.401 s]
/proc/loadavg: 0.52 0.58 0.59 2/13 819
/proc/meminfo: memFree=12412268/16587228 swapFree=50120344/50331648
Current children cumulated CPU time: 0 s
Current children cumulated vsize: 0 KiB
Current children cumulated memory: 0 KiB

[startup+128.001 s]*
/proc/loadavg: 0.52 0.58 0.59 2/13 820
/proc/meminfo: memFree=12399796/16587228 swapFree=50120344/50331648
Current children cumulated CPU time: 0 s
Current children cumulated vsize: 0 KiB
Current children cumulated memory: 0 KiB

[startup+140.8 s]
/proc/loadavg: 0.52 0.58 0.59 2/12 820
/proc/meminfo: memFree=12388876/16587228 swapFree=50120352/50331648
Current children cumulated CPU time: 0 s
Current children cumulated vsize: 0 KiB
Current children cumulated memory: 0 KiB

[startup+144.001 s]*
/proc/loadavg: 0.52 0.58 0.59 2/12 821
/proc/meminfo: memFree=12389312/16587228 swapFree=50120352/50331648
Current children cumulated CPU time: 0 s
Current children cumulated vsize: 0 KiB
Current children cumulated memory: 0 KiB

[startup+147.2 s]
/proc/loadavg: 0.52 0.58 0.59 2/12 821
/proc/meminfo: memFree=12389780/16587228 swapFree=50120352/50331648
Current children cumulated CPU time: 0 s
Current children cumulated vsize: 0 KiB
Current children cumulated memory: 0 KiB

[startup+148.8 s]
/proc/loadavg: 0.52 0.58 0.59 2/12 821
/proc/meminfo: memFree=12389804/16587228 swapFree=50120352/50331648
Current children cumulated CPU time: 0 s
Current children cumulated vsize: 0 KiB
Current children cumulated memory: 0 KiB

[startup+149.2 s]
/proc/loadavg: 0.52 0.58 0.59 2/12 821
/proc/meminfo: memFree=12389800/16587228 swapFree=50120352/50331648
Current children cumulated CPU time: 0 s
Current children cumulated vsize: 0 KiB
Current children cumulated memory: 0 KiB

[startup+149.6 s]
/proc/loadavg: 0.52 0.58 0.59 2/12 821
/proc/meminfo: memFree=12389800/16587228 swapFree=50120352/50331648
Current children cumulated CPU time: 0 s
Current children cumulated vsize: 0 KiB
Current children cumulated memory: 0 KiB

[startup+149.7 s]
/proc/loadavg: 0.52 0.58 0.59 2/12 821
/proc/meminfo: memFree=12389800/16587228 swapFree=50120352/50331648
Current children cumulated CPU time: 0 s
Current children cumulated vsize: 0 KiB
Current children cumulated memory: 0 KiB

Child ended because it received signal 9 (SIGKILL)
Real time (s): 149.726
CPU time (s): 149.688
CPU user time (s): 149.109
CPU system time (s): 0.578125
CPU usage (%): 99.9742
Max. virtual memory (cumulated for all children) (KiB): 0
Max. memory (cumulated for all children) (KiB): 0

getrusage(RUSAGE_CHILDREN,...) data:
user time used= 149.109
system time used= 0.578125
maximum resident set size= 60516
integral shared memory size= 0
integral unshared data size= 0
integral unshared stack size= 0
page reclaims= 87225
page faults= 0
swaps= 0
block input operations= 0
block output operations= 0
messages sent= 0
messages received= 0
signals received= 0
voluntary context switches= 0
involuntary context switches= 0


# summary of solver processes directly reported to runsolver:
#   pid: 818
#   total CPU time (s): 149.688
#   total CPU user time (s): 149.109
#   total CPU system time (s): 0.578125

??? end of timestamper thread
runsolver used 0 second user time and 0 second system time

The end
