runsolver version 3.4.0 (svn: 3018) Copyright (C) 2010-2013 Olivier ROUSSEL

This program is distributed in the hope that it will be useful,
but WITHOUT ANY WARRANTY; without even the implied warranty of
MERCHANTABILITY or FITNESS FOR A PARTICULAR PURPOSE.  See the
GNU General Public License for more details.

command line: /home/kunalan/runsolver/src/runsolver -C 1200 -W 1200 --vsize-limit 16384 -w results_nprc/nprc_newground2_random_40_40_watch.log --var results_nprc/nprc_newground2_random_40_40_values.log python3 ../newground2.py ../instances/benchmark_instances/encodings/nprc_newground2.lp ../instances/benchmark_instances/graphs/random_40_40.lp 

running on 8 cores: 0-7

Enforcing CPUTime limit (soft limit, will send SIGTERM then SIGKILL): 1200 seconds
Enforcing CPUTime limit (hard limit, will send SIGXCPU): 1230 seconds
Enforcing wall clock limit (soft limit, will send SIGTERM then SIGKILL): 1200 seconds
Enforcing VSIZE limit (soft limit, will send SIGTERM then SIGKILL): 16777216 KiB
Enforcing VSIZE limit (hard limit, stack expansion will fail with SIGSEGV, brk() and mmap() will return ENOMEM): 16828416 KiB
Linux 4.4.0-22000-Microsoft
Current StackSize limit: 8192 KiB
solver pid=2158, runsolver pid=2156


[startup+0.100399 s]*
/proc/loadavg: 0.52 0.58 0.59 2/13 2159
/proc/meminfo: memFree=11355796/16587228 swapFree=50193848/50331648
Current children cumulated CPU time: 0 s
Current children cumulated vsize: 0 KiB
Current children cumulated memory: 0 KiB

[startup+0.201125 s]*
/proc/loadavg: 0.52 0.58 0.59 2/13 2159
/proc/meminfo: memFree=11352884/16587228 swapFree=50193848/50331648
Current children cumulated CPU time: 0 s
Current children cumulated vsize: 0 KiB
Current children cumulated memory: 0 KiB

[startup+0.300843 s]*
/proc/loadavg: 0.52 0.58 0.59 2/13 2159
/proc/meminfo: memFree=11338140/16587228 swapFree=50193848/50331648
Current children cumulated CPU time: 0 s
Current children cumulated vsize: 0 KiB
Current children cumulated memory: 0 KiB

[startup+0.700473 s]
/proc/loadavg: 0.52 0.58 0.59 2/13 2159
/proc/meminfo: memFree=11335960/16587228 swapFree=50193852/50331648
Current children cumulated CPU time: 0 s
Current children cumulated vsize: 0 KiB
Current children cumulated memory: 0 KiB

[startup+1.50045 s]
/proc/loadavg: 0.52 0.58 0.59 2/13 2160
/proc/meminfo: memFree=11349324/16587228 swapFree=50193856/50331648
Current children cumulated CPU time: 0 s
Current children cumulated vsize: 0 KiB
Current children cumulated memory: 0 KiB

[startup+3.101 s]
/proc/loadavg: 0.52 0.58 0.59 2/13 2160
/proc/meminfo: memFree=11344312/16587228 swapFree=50193856/50331648
Current children cumulated CPU time: 0 s
Current children cumulated vsize: 0 KiB
Current children cumulated memory: 0 KiB
heavy processes:

[startup+6.02017 s]
# the end of solver process 2158 was just reported to runsolver
# cumulated CPU time of all completed processes:  user=5.9375 s, system=0.0625 s

Solver just ended.
??? end of watcher thread
Dumping a history of the last processes samples

[startup+3.20119 s]
/proc/loadavg: 0.52 0.58 0.59 2/13 2160
/proc/meminfo: memFree=11344312/16587228 swapFree=50193856/50331648
Current children cumulated CPU time: 0 s
Current children cumulated vsize: 0 KiB
Current children cumulated memory: 0 KiB

[startup+4.80043 s]
/proc/loadavg: 0.52 0.58 0.59 2/13 2160
/proc/meminfo: memFree=11343428/16587228 swapFree=50193856/50331648
Current children cumulated CPU time: 0 s
Current children cumulated vsize: 0 KiB
Current children cumulated memory: 0 KiB

[startup+5.60048 s]
/proc/loadavg: 0.52 0.58 0.59 2/13 2160
/proc/meminfo: memFree=11343496/16587228 swapFree=50193856/50331648
Current children cumulated CPU time: 0 s
Current children cumulated vsize: 0 KiB
Current children cumulated memory: 0 KiB

[startup+6.00051 s]*
/proc/loadavg: 0.52 0.58 0.59 2/13 2160
/proc/meminfo: memFree=11344404/16587228 swapFree=50193856/50331648
Current children cumulated CPU time: 0 s
Current children cumulated vsize: 0 KiB
Current children cumulated memory: 0 KiB

Child status: 1
Real time (s): 6.02022
CPU time (s): 6
CPU user time (s): 5.9375
CPU system time (s): 0.0625
CPU usage (%): 99.6642
Max. virtual memory (cumulated for all children) (KiB): 0
Max. memory (cumulated for all children) (KiB): 0

getrusage(RUSAGE_CHILDREN,...) data:
user time used= 5.9375
system time used= 0.0625
maximum resident set size= 26380
integral shared memory size= 0
integral unshared data size= 0
integral unshared stack size= 0
page reclaims= 6900
page faults= 0
swaps= 0
block input operations= 0
block output operations= 0
messages sent= 0
messages received= 0
signals received= 0
voluntary context switches= 0
involuntary context switches= 0


# summary of solver processes directly reported to runsolver:
#   pid: 2158
#   total CPU time (s): 6
#   total CPU user time (s): 5.9375
#   total CPU system time (s): 0.0625

??? end of timestamper thread
runsolver used 0 second user time and 0 second system time

The end
