runsolver version 3.4.0 (svn: 3018) Copyright (C) 2010-2013 Olivier ROUSSEL

This program is distributed in the hope that it will be useful,
but WITHOUT ANY WARRANTY; without even the implied warranty of
MERCHANTABILITY or FITNESS FOR A PARTICULAR PURPOSE.  See the
GNU General Public License for more details.

command line: /home/kunalan/runsolver/src/runsolver -C 1200 -W 1200 --vsize-limit 16384 -w results_nprc/nprc_newground_random_1000_60_watch.log --var results_nprc/nprc_newground_random_1000_60_values.log python3 ../newground2.py ../instances/benchmark_instances/encodings/nprc_newground.lp ../instances/benchmark_instances/graphs/random_1000_60.lp 

running on 8 cores: 0-7

Enforcing CPUTime limit (soft limit, will send SIGTERM then SIGKILL): 1200 seconds
Enforcing CPUTime limit (hard limit, will send SIGXCPU): 1230 seconds
Enforcing wall clock limit (soft limit, will send SIGTERM then SIGKILL): 1200 seconds
Enforcing VSIZE limit (soft limit, will send SIGTERM then SIGKILL): 16777216 KiB
Enforcing VSIZE limit (hard limit, stack expansion will fail with SIGSEGV, brk() and mmap() will return ENOMEM): 16828416 KiB
Linux 4.4.0-22000-Microsoft
Current StackSize limit: 8192 KiB
solver pid=3371, runsolver pid=3369


[startup+0.100505 s]*
/proc/loadavg: 0.52 0.58 0.59 2/13 3372
/proc/meminfo: memFree=11552120/16587228 swapFree=50197268/50331648
Current children cumulated CPU time: 0 s
Current children cumulated vsize: 0 KiB
Current children cumulated memory: 0 KiB

[startup+0.201174 s]*
/proc/loadavg: 0.52 0.58 0.59 2/13 3372
/proc/meminfo: memFree=11535248/16587228 swapFree=50197268/50331648
Current children cumulated CPU time: 0 s
Current children cumulated vsize: 0 KiB
Current children cumulated memory: 0 KiB

[startup+0.300941 s]*
/proc/loadavg: 0.52 0.58 0.59 2/13 3372
/proc/meminfo: memFree=11533544/16587228 swapFree=50197268/50331648
Current children cumulated CPU time: 0 s
Current children cumulated vsize: 0 KiB
Current children cumulated memory: 0 KiB

[startup+0.700496 s]
/proc/loadavg: 0.52 0.58 0.59 2/13 3372
/proc/meminfo: memFree=11533528/16587228 swapFree=50197268/50331648
Current children cumulated CPU time: 0 s
Current children cumulated vsize: 0 KiB
Current children cumulated memory: 0 KiB

[startup+1.50038 s]
/proc/loadavg: 0.52 0.58 0.59 2/13 3372
/proc/meminfo: memFree=11534656/16587228 swapFree=50197268/50331648
Current children cumulated CPU time: 0 s
Current children cumulated vsize: 0 KiB
Current children cumulated memory: 0 KiB

[startup+3.10127 s]
/proc/loadavg: 0.52 0.58 0.59 2/13 3372
/proc/meminfo: memFree=11520784/16587228 swapFree=50197268/50331648
Current children cumulated CPU time: 0 s
Current children cumulated vsize: 0 KiB
Current children cumulated memory: 0 KiB
heavy processes:

[startup+6.30011 s]
/proc/loadavg: 0.52 0.58 0.59 2/13 3372
/proc/meminfo: memFree=11527096/16587228 swapFree=50197268/50331648
Current children cumulated CPU time: 0 s
Current children cumulated vsize: 0 KiB
Current children cumulated memory: 0 KiB
heavy processes:

[startup+12.7003 s]
/proc/loadavg: 0.52 0.58 0.59 2/13 3372
/proc/meminfo: memFree=11526832/16587228 swapFree=50197268/50331648
Current children cumulated CPU time: 0 s
Current children cumulated vsize: 0 KiB
Current children cumulated memory: 0 KiB
heavy processes:

[startup+25.5001 s]
/proc/loadavg: 0.52 0.58 0.59 2/13 3372
/proc/meminfo: memFree=11514556/16587228 swapFree=50197268/50331648
Current children cumulated CPU time: 0 s
Current children cumulated vsize: 0 KiB
Current children cumulated memory: 0 KiB
heavy processes:

[startup+51.1011 s]
/proc/loadavg: 0.52 0.58 0.59 2/13 3372
/proc/meminfo: memFree=11510028/16587228 swapFree=50197268/50331648
Current children cumulated CPU time: 0 s
Current children cumulated vsize: 0 KiB
Current children cumulated memory: 0 KiB
heavy processes:

[startup+102.3 s]
/proc/loadavg: 0.52 0.58 0.59 2/13 3372
/proc/meminfo: memFree=11475744/16587228 swapFree=50197268/50331648
Current children cumulated CPU time: 0 s
Current children cumulated vsize: 0 KiB
Current children cumulated memory: 0 KiB
heavy processes:

[startup+162.3 s]
/proc/loadavg: 0.52 0.58 0.59 2/13 3372
/proc/meminfo: memFree=11457172/16587228 swapFree=50197268/50331648
Current children cumulated CPU time: 0 s
Current children cumulated vsize: 0 KiB
Current children cumulated memory: 0 KiB
heavy processes:

[startup+208.602 s]
# the end of solver process 3371 was just reported to runsolver
# cumulated CPU time of all completed processes:  user=208.047 s, system=0.5 s

Solver just ended.
??? end of watcher thread
Dumping a history of the last processes samples

[startup+179.2 s]
/proc/loadavg: 0.52 0.58 0.59 2/13 3372
/proc/meminfo: memFree=11360804/16587228 swapFree=50197268/50331648
Current children cumulated CPU time: 0 s
Current children cumulated vsize: 0 KiB
Current children cumulated memory: 0 KiB

[startup+192.001 s]*
/proc/loadavg: 0.52 0.58 0.59 2/13 3372
/proc/meminfo: memFree=11341724/16587228 swapFree=50197268/50331648
Current children cumulated CPU time: 0 s
Current children cumulated vsize: 0 KiB
Current children cumulated memory: 0 KiB

[startup+198.401 s]
/proc/loadavg: 0.52 0.58 0.59 2/13 3372
/proc/meminfo: memFree=11358044/16587228 swapFree=50197268/50331648
Current children cumulated CPU time: 0 s
Current children cumulated vsize: 0 KiB
Current children cumulated memory: 0 KiB

[startup+204.801 s]
/proc/loadavg: 0.52 0.58 0.59 2/13 3372
/proc/meminfo: memFree=11349820/16587228 swapFree=50197268/50331648
Current children cumulated CPU time: 0 s
Current children cumulated vsize: 0 KiB
Current children cumulated memory: 0 KiB

[startup+206.4 s]
/proc/loadavg: 0.52 0.58 0.59 2/13 3372
/proc/meminfo: memFree=11349916/16587228 swapFree=50197268/50331648
Current children cumulated CPU time: 0 s
Current children cumulated vsize: 0 KiB
Current children cumulated memory: 0 KiB

[startup+208 s]*
/proc/loadavg: 0.52 0.58 0.59 2/13 3372
/proc/meminfo: memFree=11349992/16587228 swapFree=50197268/50331648
Current children cumulated CPU time: 0 s
Current children cumulated vsize: 0 KiB
Current children cumulated memory: 0 KiB

[startup+208.4 s]
/proc/loadavg: 0.52 0.58 0.59 2/13 3372
/proc/meminfo: memFree=11349992/16587228 swapFree=50197268/50331648
Current children cumulated CPU time: 0 s
Current children cumulated vsize: 0 KiB
Current children cumulated memory: 0 KiB

[startup+208.6 s]
/proc/loadavg: 0.52 0.58 0.59 2/13 3372
/proc/meminfo: memFree=11349992/16587228 swapFree=50197268/50331648
Current children cumulated CPU time: 0 s
Current children cumulated vsize: 0 KiB
Current children cumulated memory: 0 KiB

Child status: 0
Real time (s): 208.602
CPU time (s): 208.547
CPU user time (s): 208.047
CPU system time (s): 0.5
CPU usage (%): 99.9734
Max. virtual memory (cumulated for all children) (KiB): 0
Max. memory (cumulated for all children) (KiB): 0

getrusage(RUSAGE_CHILDREN,...) data:
user time used= 208.047
system time used= 0.5
maximum resident set size= 269848
integral shared memory size= 0
integral unshared data size= 0
integral unshared stack size= 0
page reclaims= 86812
page faults= 0
swaps= 0
block input operations= 0
block output operations= 0
messages sent= 0
messages received= 0
signals received= 0
voluntary context switches= 0
involuntary context switches= 0


# summary of solver processes directly reported to runsolver:
#   pid: 3371
#   total CPU time (s): 208.547
#   total CPU user time (s): 208.047
#   total CPU system time (s): 0.5

??? end of timestamper thread
runsolver used 0 second user time and 0.03125 second system time

The end
