runsolver version 3.4.0 (svn: 3018) Copyright (C) 2010-2013 Olivier ROUSSEL

This program is distributed in the hope that it will be useful,
but WITHOUT ANY WARRANTY; without even the implied warranty of
MERCHANTABILITY or FITNESS FOR A PARTICULAR PURPOSE.  See the
GNU General Public License for more details.

command line: /home/kunalan/runsolver/src/runsolver -C 1200 -W 1200 --vsize-limit 16384 -w results_nprc/nprc_gringo_random_100_40_watch.log --var results_nprc/nprc_gringo_random_100_40_values.log gringo --verbose=2 --output text ../instances/benchmark_instances/encodings/nprc_gringo.lp ../instances/benchmark_instances/graphs/random_100_40.lp 

running on 8 cores: 0-7

Enforcing CPUTime limit (soft limit, will send SIGTERM then SIGKILL): 1200 seconds
Enforcing CPUTime limit (hard limit, will send SIGXCPU): 1230 seconds
Enforcing wall clock limit (soft limit, will send SIGTERM then SIGKILL): 1200 seconds
Enforcing VSIZE limit (soft limit, will send SIGTERM then SIGKILL): 16777216 KiB
Enforcing VSIZE limit (hard limit, stack expansion will fail with SIGSEGV, brk() and mmap() will return ENOMEM): 16828416 KiB
Linux 4.4.0-22000-Microsoft
Current StackSize limit: 8192 KiB
solver pid=292, runsolver pid=290


[startup+0.100352 s]*
/proc/loadavg: 0.52 0.58 0.59 2/13 293
/proc/meminfo: memFree=12841084/16587228 swapFree=50071600/50331648
Current children cumulated CPU time: 0 s
Current children cumulated vsize: 0 KiB
Current children cumulated memory: 0 KiB

[startup+0.20119 s]*
/proc/loadavg: 0.52 0.58 0.59 2/13 293
/proc/meminfo: memFree=12840976/16587228 swapFree=50071600/50331648
Current children cumulated CPU time: 0 s
Current children cumulated vsize: 0 KiB
Current children cumulated memory: 0 KiB

[startup+0.300877 s]*
/proc/loadavg: 0.52 0.58 0.59 2/13 293
/proc/meminfo: memFree=12840976/16587228 swapFree=50071600/50331648
Current children cumulated CPU time: 0 s
Current children cumulated vsize: 0 KiB
Current children cumulated memory: 0 KiB

[startup+0.700159 s]
/proc/loadavg: 0.52 0.58 0.59 2/13 293
/proc/meminfo: memFree=12857952/16587228 swapFree=50071600/50331648
Current children cumulated CPU time: 0 s
Current children cumulated vsize: 0 KiB
Current children cumulated memory: 0 KiB

[startup+1.5003 s]
/proc/loadavg: 0.52 0.58 0.59 3/13 293
/proc/meminfo: memFree=12861132/16587228 swapFree=50071604/50331648
Current children cumulated CPU time: 0 s
Current children cumulated vsize: 0 KiB
Current children cumulated memory: 0 KiB

[startup+3.10094 s]
/proc/loadavg: 0.52 0.58 0.59 3/13 293
/proc/meminfo: memFree=12857312/16587228 swapFree=50071612/50331648
Current children cumulated CPU time: 0 s
Current children cumulated vsize: 0 KiB
Current children cumulated memory: 0 KiB
heavy processes:

[startup+6.30016 s]
/proc/loadavg: 0.52 0.58 0.59 3/13 293
/proc/meminfo: memFree=12864052/16587228 swapFree=50071612/50331648
Current children cumulated CPU time: 0 s
Current children cumulated vsize: 0 KiB
Current children cumulated memory: 0 KiB
heavy processes:

[startup+12.7005 s]
/proc/loadavg: 0.52 0.58 0.59 2/13 293
/proc/meminfo: memFree=12863992/16587228 swapFree=50071612/50331648
Current children cumulated CPU time: 0 s
Current children cumulated vsize: 0 KiB
Current children cumulated memory: 0 KiB
heavy processes:

[startup+25.5004 s]
/proc/loadavg: 0.52 0.58 0.59 3/13 295
/proc/meminfo: memFree=12820712/16587228 swapFree=50071704/50331648
Current children cumulated CPU time: 0 s
Current children cumulated vsize: 0 KiB
Current children cumulated memory: 0 KiB
heavy processes:

[startup+51.1013 s]
/proc/loadavg: 0.52 0.58 0.59 2/13 296
/proc/meminfo: memFree=12831972/16587228 swapFree=50071712/50331648
Current children cumulated CPU time: 0 s
Current children cumulated vsize: 0 KiB
Current children cumulated memory: 0 KiB
heavy processes:

[startup+58.3819 s]
# the end of solver process 292 was just reported to runsolver
# cumulated CPU time of all completed processes:  user=56.8438 s, system=1.51562 s

Solver just ended.
??? end of watcher thread
Dumping a history of the last processes samples

[startup+51.201 s]
/proc/loadavg: 0.52 0.58 0.59 3/13 296
/proc/meminfo: memFree=12831992/16587228 swapFree=50071712/50331648
Current children cumulated CPU time: 0 s
Current children cumulated vsize: 0 KiB
Current children cumulated memory: 0 KiB

[startup+54.4003 s]
/proc/loadavg: 0.52 0.58 0.59 3/13 296
/proc/meminfo: memFree=12832264/16587228 swapFree=50071712/50331648
Current children cumulated CPU time: 0 s
Current children cumulated vsize: 0 KiB
Current children cumulated memory: 0 KiB

[startup+56.0004 s]*
/proc/loadavg: 0.52 0.58 0.59 2/13 296
/proc/meminfo: memFree=12832208/16587228 swapFree=50071712/50331648
Current children cumulated CPU time: 0 s
Current children cumulated vsize: 0 KiB
Current children cumulated memory: 0 KiB

[startup+57.6002 s]
/proc/loadavg: 0.52 0.58 0.59 2/13 296
/proc/meminfo: memFree=12832548/16587228 swapFree=50071712/50331648
Current children cumulated CPU time: 0 s
Current children cumulated vsize: 0 KiB
Current children cumulated memory: 0 KiB

[startup+58.0002 s]*
/proc/loadavg: 0.52 0.58 0.59 2/13 296
/proc/meminfo: memFree=12832540/16587228 swapFree=50071712/50331648
Current children cumulated CPU time: 0 s
Current children cumulated vsize: 0 KiB
Current children cumulated memory: 0 KiB

[startup+58.2002 s]
/proc/loadavg: 0.52 0.58 0.59 2/13 296
/proc/meminfo: memFree=12832540/16587228 swapFree=50071712/50331648
Current children cumulated CPU time: 0 s
Current children cumulated vsize: 0 KiB
Current children cumulated memory: 0 KiB

[startup+58.3005 s]
/proc/loadavg: 0.52 0.58 0.59 2/13 296
/proc/meminfo: memFree=12832540/16587228 swapFree=50071712/50331648
Current children cumulated CPU time: 0 s
Current children cumulated vsize: 0 KiB
Current children cumulated memory: 0 KiB

Child status: 0
Real time (s): 58.382
CPU time (s): 58.3594
CPU user time (s): 56.8438
CPU system time (s): 1.51562
CPU usage (%): 99.9613
Max. virtual memory (cumulated for all children) (KiB): 0
Max. memory (cumulated for all children) (KiB): 0

getrusage(RUSAGE_CHILDREN,...) data:
user time used= 56.8438
system time used= 1.51562
maximum resident set size= 5096
integral shared memory size= 0
integral unshared data size= 0
integral unshared stack size= 0
page reclaims= 1401
page faults= 0
swaps= 0
block input operations= 0
block output operations= 0
messages sent= 0
messages received= 0
signals received= 0
voluntary context switches= 0
involuntary context switches= 0


# summary of solver processes directly reported to runsolver:
#   pid: 292
#   total CPU time (s): 58.3594
#   total CPU user time (s): 56.8438
#   total CPU system time (s): 1.51562

??? end of timestamper thread
runsolver used 0 second user time and 0 second system time

The end
