runsolver version 3.4.0 (svn: 3018) Copyright (C) 2010-2013 Olivier ROUSSEL

This program is distributed in the hope that it will be useful,
but WITHOUT ANY WARRANTY; without even the implied warranty of
MERCHANTABILITY or FITNESS FOR A PARTICULAR PURPOSE.  See the
GNU General Public License for more details.

command line: /home/kunalan/runsolver/src/runsolver -C 1200 -W 1200 --vsize-limit 16384 -w results_nprc/nprc_gringo_random_600_60_watch.log --var results_nprc/nprc_gringo_random_600_60_values.log gringo --verbose=2 --output text ../instances/benchmark_instances/encodings/nprc_gringo.lp ../instances/benchmark_instances/graphs/random_600_60.lp 

running on 8 cores: 0-7

Enforcing CPUTime limit (soft limit, will send SIGTERM then SIGKILL): 1200 seconds
Enforcing CPUTime limit (hard limit, will send SIGXCPU): 1230 seconds
Enforcing wall clock limit (soft limit, will send SIGTERM then SIGKILL): 1200 seconds
Enforcing VSIZE limit (soft limit, will send SIGTERM then SIGKILL): 16777216 KiB
Enforcing VSIZE limit (hard limit, stack expansion will fail with SIGSEGV, brk() and mmap() will return ENOMEM): 16828416 KiB
Linux 4.4.0-22000-Microsoft
solver pid=3026, runsolver pid=3024
Current StackSize limit: 8192 KiB


[startup+0.100158 s]*
/proc/loadavg: 0.52 0.58 0.59 2/13 3027
/proc/meminfo: memFree=11395016/16587228 swapFree=50194136/50331648
Current children cumulated CPU time: 0 s
Current children cumulated vsize: 0 KiB
Current children cumulated memory: 0 KiB

[startup+0.201103 s]*
/proc/loadavg: 0.52 0.58 0.59 2/13 3027
/proc/meminfo: memFree=11394888/16587228 swapFree=50194136/50331648
Current children cumulated CPU time: 0 s
Current children cumulated vsize: 0 KiB
Current children cumulated memory: 0 KiB

[startup+0.300823 s]*
/proc/loadavg: 0.52 0.58 0.59 2/13 3027
/proc/meminfo: memFree=11395104/16587228 swapFree=50194136/50331648
Current children cumulated CPU time: 0 s
Current children cumulated vsize: 0 KiB
Current children cumulated memory: 0 KiB

[startup+0.70038 s]
/proc/loadavg: 0.52 0.58 0.59 2/13 3027
/proc/meminfo: memFree=11390104/16587228 swapFree=50194136/50331648
Current children cumulated CPU time: 0 s
Current children cumulated vsize: 0 KiB
Current children cumulated memory: 0 KiB

[startup+1.50036 s]
/proc/loadavg: 0.52 0.58 0.59 2/13 3027
/proc/meminfo: memFree=11394612/16587228 swapFree=50194136/50331648
Current children cumulated CPU time: 0 s
Current children cumulated vsize: 0 KiB
Current children cumulated memory: 0 KiB

[startup+3.10082 s]
/proc/loadavg: 0.52 0.58 0.59 3/13 3028
/proc/meminfo: memFree=11337012/16587228 swapFree=50194136/50331648
Current children cumulated CPU time: 0 s
Current children cumulated vsize: 0 KiB
Current children cumulated memory: 0 KiB
heavy processes:

[startup+6.28079 s]
# the end of solver process 3026 was just reported to runsolver
# cumulated CPU time of all completed processes:  user=6.04688 s, system=0.203125 s

Solver just ended.
??? end of watcher thread
Dumping a history of the last processes samples

[startup+3.20105 s]
/proc/loadavg: 0.52 0.58 0.59 3/13 3028
/proc/meminfo: memFree=11337012/16587228 swapFree=50194136/50331648
Current children cumulated CPU time: 0 s
Current children cumulated vsize: 0 KiB
Current children cumulated memory: 0 KiB

[startup+4.8003 s]
/proc/loadavg: 0.52 0.58 0.59 2/13 3028
/proc/meminfo: memFree=11334940/16587228 swapFree=50194136/50331648
Current children cumulated CPU time: 0 s
Current children cumulated vsize: 0 KiB
Current children cumulated memory: 0 KiB

[startup+5.60042 s]
/proc/loadavg: 0.52 0.58 0.59 2/13 3028
/proc/meminfo: memFree=11334892/16587228 swapFree=50194136/50331648
Current children cumulated CPU time: 0 s
Current children cumulated vsize: 0 KiB
Current children cumulated memory: 0 KiB

[startup+6.00048 s]*
/proc/loadavg: 0.52 0.58 0.59 3/13 3028
/proc/meminfo: memFree=11335000/16587228 swapFree=50194136/50331648
Current children cumulated CPU time: 0 s
Current children cumulated vsize: 0 KiB
Current children cumulated memory: 0 KiB

[startup+6.20045 s]
/proc/loadavg: 0.52 0.58 0.59 3/13 3028
/proc/meminfo: memFree=11335000/16587228 swapFree=50194136/50331648
Current children cumulated CPU time: 0 s
Current children cumulated vsize: 0 KiB
Current children cumulated memory: 0 KiB

Child ended because it received signal 15 (SIGTERM)
Real time (s): 6.28088
CPU time (s): 6.25
CPU user time (s): 6.04688
CPU system time (s): 0.203125
CPU usage (%): 99.5084
Max. virtual memory (cumulated for all children) (KiB): 0
Max. memory (cumulated for all children) (KiB): 0

getrusage(RUSAGE_CHILDREN,...) data:
user time used= 6.04688
system time used= 0.203125
maximum resident set size= 58328
integral shared memory size= 0
integral unshared data size= 0
integral unshared stack size= 0
page reclaims= 18587
page faults= 0
swaps= 0
block input operations= 0
block output operations= 0
messages sent= 0
messages received= 0
signals received= 0
voluntary context switches= 0
involuntary context switches= 0


# summary of solver processes directly reported to runsolver:
#   pid: 3026
#   total CPU time (s): 6.25
#   total CPU user time (s): 6.04688
#   total CPU system time (s): 0.203125

??? end of timestamper thread
runsolver used 0 second user time and 0 second system time

The end
