runsolver version 3.4.0 (svn: 3018) Copyright (C) 2010-2013 Olivier ROUSSEL

This program is distributed in the hope that it will be useful,
but WITHOUT ANY WARRANTY; without even the implied warranty of
MERCHANTABILITY or FITNESS FOR A PARTICULAR PURPOSE.  See the
GNU General Public License for more details.

command line: /home/kunalan/runsolver/src/runsolver -C 1200 -W 1200 --vsize-limit 16384 -w results_nprc/nprc_newground2_random_40_30_watch.log --var results_nprc/nprc_newground2_random_40_30_values.log python3 ../newground2.py ../instances/benchmark_instances/encodings/nprc_newground2.lp ../instances/benchmark_instances/graphs/random_40_30.lp 

running on 8 cores: 0-7

Enforcing CPUTime limit (soft limit, will send SIGTERM then SIGKILL): 1200 seconds
Enforcing CPUTime limit (hard limit, will send SIGXCPU): 1230 seconds
Enforcing wall clock limit (soft limit, will send SIGTERM then SIGKILL): 1200 seconds
Enforcing VSIZE limit (soft limit, will send SIGTERM then SIGKILL): 16777216 KiB
Enforcing VSIZE limit (hard limit, stack expansion will fail with SIGSEGV, brk() and mmap() will return ENOMEM): 16828416 KiB
Linux 4.4.0-22000-Microsoft
solver pid=2142, runsolver pid=2140
Current StackSize limit: 8192 KiB


[startup+0.100519 s]*
/proc/loadavg: 0.52 0.58 0.59 2/13 2143
/proc/meminfo: memFree=11363700/16587228 swapFree=50193848/50331648
Current children cumulated CPU time: 0 s
Current children cumulated vsize: 0 KiB
Current children cumulated memory: 0 KiB

[startup+0.201247 s]*
/proc/loadavg: 0.52 0.58 0.59 2/13 2143
/proc/meminfo: memFree=11354524/16587228 swapFree=50193848/50331648
Current children cumulated CPU time: 0 s
Current children cumulated vsize: 0 KiB
Current children cumulated memory: 0 KiB

[startup+0.300826 s]*
/proc/loadavg: 0.52 0.58 0.59 2/13 2143
/proc/meminfo: memFree=11353080/16587228 swapFree=50193848/50331648
Current children cumulated CPU time: 0 s
Current children cumulated vsize: 0 KiB
Current children cumulated memory: 0 KiB

[startup+0.700452 s]
/proc/loadavg: 0.52 0.58 0.59 2/13 2143
/proc/meminfo: memFree=11344540/16587228 swapFree=50193848/50331648
Current children cumulated CPU time: 0 s
Current children cumulated vsize: 0 KiB
Current children cumulated memory: 0 KiB

[startup+1.50041 s]
/proc/loadavg: 0.52 0.58 0.59 2/13 2143
/proc/meminfo: memFree=11345356/16587228 swapFree=50193848/50331648
Current children cumulated CPU time: 0 s
Current children cumulated vsize: 0 KiB
Current children cumulated memory: 0 KiB

[startup+3.10104 s]
/proc/loadavg: 0.52 0.58 0.59 2/13 2144
/proc/meminfo: memFree=11351608/16587228 swapFree=50193848/50331648
Current children cumulated CPU time: 0 s
Current children cumulated vsize: 0 KiB
Current children cumulated memory: 0 KiB
heavy processes:

[startup+6.30017 s]
/proc/loadavg: 0.52 0.58 0.59 2/13 2144
/proc/meminfo: memFree=11351484/16587228 swapFree=50193848/50331648
Current children cumulated CPU time: 0 s
Current children cumulated vsize: 0 KiB
Current children cumulated memory: 0 KiB
heavy processes:

[startup+8.14325 s]
# the end of solver process 2142 was just reported to runsolver
# cumulated CPU time of all completed processes:  user=8.0625 s, system=0.046875 s

Solver just ended.
??? end of watcher thread
Dumping a history of the last processes samples

[startup+6.40139 s]
/proc/loadavg: 0.52 0.58 0.59 2/13 2144
/proc/meminfo: memFree=11351416/16587228 swapFree=50193848/50331648
Current children cumulated CPU time: 0 s
Current children cumulated vsize: 0 KiB
Current children cumulated memory: 0 KiB

[startup+7.20018 s]
/proc/loadavg: 0.52 0.58 0.59 2/13 2144
/proc/meminfo: memFree=11351516/16587228 swapFree=50193848/50331648
Current children cumulated CPU time: 0 s
Current children cumulated vsize: 0 KiB
Current children cumulated memory: 0 KiB

[startup+7.60028 s]
/proc/loadavg: 0.52 0.58 0.59 2/13 2144
/proc/meminfo: memFree=11351516/16587228 swapFree=50193848/50331648
Current children cumulated CPU time: 0 s
Current children cumulated vsize: 0 KiB
Current children cumulated memory: 0 KiB

[startup+8.0003 s]*
/proc/loadavg: 0.52 0.58 0.59 2/13 2144
/proc/meminfo: memFree=11358216/16587228 swapFree=50193848/50331648
Current children cumulated CPU time: 0 s
Current children cumulated vsize: 0 KiB
Current children cumulated memory: 0 KiB

[startup+8.10115 s]
/proc/loadavg: 0.52 0.58 0.59 2/13 2144
/proc/meminfo: memFree=11358216/16587228 swapFree=50193848/50331648
Current children cumulated CPU time: 0 s
Current children cumulated vsize: 0 KiB
Current children cumulated memory: 0 KiB

Child status: 1
Real time (s): 8.14334
CPU time (s): 8.10938
CPU user time (s): 8.0625
CPU system time (s): 0.046875
CPU usage (%): 99.5828
Max. virtual memory (cumulated for all children) (KiB): 0
Max. memory (cumulated for all children) (KiB): 0

getrusage(RUSAGE_CHILDREN,...) data:
user time used= 8.0625
system time used= 0.046875
maximum resident set size= 26440
integral shared memory size= 0
integral unshared data size= 0
integral unshared stack size= 0
page reclaims= 6916
page faults= 0
swaps= 0
block input operations= 0
block output operations= 0
messages sent= 0
messages received= 0
signals received= 0
voluntary context switches= 0
involuntary context switches= 0


# summary of solver processes directly reported to runsolver:
#   pid: 2142
#   total CPU time (s): 8.10938
#   total CPU user time (s): 8.0625
#   total CPU system time (s): 0.046875

??? end of timestamper thread
runsolver used 0 second user time and 0.015625 second system time

The end
