runsolver version 3.4.0 (svn: 3018) Copyright (C) 2010-2013 Olivier ROUSSEL

This program is distributed in the hope that it will be useful,
but WITHOUT ANY WARRANTY; without even the implied warranty of
MERCHANTABILITY or FITNESS FOR A PARTICULAR PURPOSE.  See the
GNU General Public License for more details.

command line: /home/kunalan/runsolver/src/runsolver -C 1200 -W 1200 --vsize-limit 16384 -w results_nprc/nprc_newground2_random_600_40_watch.log --var results_nprc/nprc_newground2_random_600_40_values.log python3 ../newground2.py ../instances/benchmark_instances/encodings/nprc_newground2.lp ../instances/benchmark_instances/graphs/random_600_40.lp 

running on 8 cores: 0-7

Enforcing CPUTime limit (soft limit, will send SIGTERM then SIGKILL): 1200 seconds
Enforcing CPUTime limit (hard limit, will send SIGXCPU): 1230 seconds
Enforcing wall clock limit (soft limit, will send SIGTERM then SIGKILL): 1200 seconds
Enforcing VSIZE limit (soft limit, will send SIGTERM then SIGKILL): 16777216 KiB
Enforcing VSIZE limit (hard limit, stack expansion will fail with SIGSEGV, brk() and mmap() will return ENOMEM): 16828416 KiB
Linux 4.4.0-22000-Microsoft
solver pid=2997, runsolver pid=2995
Current StackSize limit: 8192 KiB


[startup+0.100147 s]*
/proc/loadavg: 0.52 0.58 0.59 2/13 2998
/proc/meminfo: memFree=11406828/16587228 swapFree=50194132/50331648
Current children cumulated CPU time: 0 s
Current children cumulated vsize: 0 KiB
Current children cumulated memory: 0 KiB

[startup+0.201286 s]*
/proc/loadavg: 0.52 0.58 0.59 2/13 2998
/proc/meminfo: memFree=11397924/16587228 swapFree=50194132/50331648
Current children cumulated CPU time: 0 s
Current children cumulated vsize: 0 KiB
Current children cumulated memory: 0 KiB

[startup+0.301121 s]*
/proc/loadavg: 0.52 0.58 0.59 2/13 2998
/proc/meminfo: memFree=11383356/16587228 swapFree=50194132/50331648
Current children cumulated CPU time: 0 s
Current children cumulated vsize: 0 KiB
Current children cumulated memory: 0 KiB

[startup+0.700279 s]
/proc/loadavg: 0.52 0.58 0.59 2/13 2998
/proc/meminfo: memFree=11379840/16587228 swapFree=50194132/50331648
Current children cumulated CPU time: 0 s
Current children cumulated vsize: 0 KiB
Current children cumulated memory: 0 KiB

[startup+1.50033 s]
/proc/loadavg: 0.52 0.58 0.59 2/13 2998
/proc/meminfo: memFree=11380636/16587228 swapFree=50194132/50331648
Current children cumulated CPU time: 0 s
Current children cumulated vsize: 0 KiB
Current children cumulated memory: 0 KiB

[startup+3.10082 s]
/proc/loadavg: 0.52 0.58 0.59 2/13 2999
/proc/meminfo: memFree=11383888/16587228 swapFree=50194132/50331648
Current children cumulated CPU time: 0 s
Current children cumulated vsize: 0 KiB
Current children cumulated memory: 0 KiB
heavy processes:

[startup+5.48963 s]
# the end of solver process 2997 was just reported to runsolver
# cumulated CPU time of all completed processes:  user=5.3125 s, system=0.140625 s

Solver just ended.
??? end of watcher thread
Dumping a history of the last processes samples

[startup+3.20117 s]
/proc/loadavg: 0.52 0.58 0.59 2/13 2999
/proc/meminfo: memFree=11383904/16587228 swapFree=50194132/50331648
Current children cumulated CPU time: 0 s
Current children cumulated vsize: 0 KiB
Current children cumulated memory: 0 KiB

[startup+4.80014 s]
/proc/loadavg: 0.52 0.58 0.59 2/13 2999
/proc/meminfo: memFree=11380456/16587228 swapFree=50194132/50331648
Current children cumulated CPU time: 0 s
Current children cumulated vsize: 0 KiB
Current children cumulated memory: 0 KiB

[startup+5.2003 s]
/proc/loadavg: 0.52 0.58 0.59 2/13 2999
/proc/meminfo: memFree=11385640/16587228 swapFree=50194132/50331648
Current children cumulated CPU time: 0 s
Current children cumulated vsize: 0 KiB
Current children cumulated memory: 0 KiB

[startup+5.40036 s]
/proc/loadavg: 0.52 0.58 0.59 2/13 2999
/proc/meminfo: memFree=11385640/16587228 swapFree=50194132/50331648
Current children cumulated CPU time: 0 s
Current children cumulated vsize: 0 KiB
Current children cumulated memory: 0 KiB

Child status: 1
Real time (s): 5.48969
CPU time (s): 5.45312
CPU user time (s): 5.3125
CPU system time (s): 0.140625
CPU usage (%): 99.3339
Max. virtual memory (cumulated for all children) (KiB): 0
Max. memory (cumulated for all children) (KiB): 0

getrusage(RUSAGE_CHILDREN,...) data:
user time used= 5.3125
system time used= 0.140625
maximum resident set size= 28116
integral shared memory size= 0
integral unshared data size= 0
integral unshared stack size= 0
page reclaims= 7387
page faults= 0
swaps= 0
block input operations= 0
block output operations= 0
messages sent= 0
messages received= 0
signals received= 0
voluntary context switches= 0
involuntary context switches= 0


# summary of solver processes directly reported to runsolver:
#   pid: 2997
#   total CPU time (s): 5.45312
#   total CPU user time (s): 5.3125
#   total CPU system time (s): 0.140625

??? end of timestamper thread
runsolver used 0 second user time and 0.03125 second system time

The end
