runsolver version 3.4.0 (svn: 3018) Copyright (C) 2010-2013 Olivier ROUSSEL

This program is distributed in the hope that it will be useful,
but WITHOUT ANY WARRANTY; without even the implied warranty of
MERCHANTABILITY or FITNESS FOR A PARTICULAR PURPOSE.  See the
GNU General Public License for more details.

command line: /home/kunalan/runsolver/src/runsolver -C 1200 -W 1200 --vsize-limit 16384 -w results_nprc/nprc_newground_random_500_40_watch.log --var results_nprc/nprc_newground_random_500_40_values.log python3 ../newground2.py ../instances/benchmark_instances/encodings/nprc_newground.lp ../instances/benchmark_instances/graphs/random_500_40.lp 

running on 8 cores: 0-7

Enforcing CPUTime limit (soft limit, will send SIGTERM then SIGKILL): 1200 seconds
Enforcing CPUTime limit (hard limit, will send SIGXCPU): 1230 seconds
Enforcing wall clock limit (soft limit, will send SIGTERM then SIGKILL): 1200 seconds
Enforcing VSIZE limit (soft limit, will send SIGTERM then SIGKILL): 16777216 KiB
Enforcing VSIZE limit (hard limit, stack expansion will fail with SIGSEGV, brk() and mmap() will return ENOMEM): 16828416 KiB
Linux 4.4.0-22000-Microsoft
solver pid=2483, runsolver pid=2481
Current StackSize limit: 8192 KiB


[startup+0.100375 s]*
/proc/loadavg: 0.52 0.58 0.59 2/13 2484
/proc/meminfo: memFree=11619568/16587228 swapFree=50193968/50331648
Current children cumulated CPU time: 0 s
Current children cumulated vsize: 0 KiB
Current children cumulated memory: 0 KiB

[startup+0.201599 s]*
/proc/loadavg: 0.52 0.58 0.59 2/13 2484
/proc/meminfo: memFree=11612876/16587228 swapFree=50193968/50331648
Current children cumulated CPU time: 0 s
Current children cumulated vsize: 0 KiB
Current children cumulated memory: 0 KiB

[startup+0.300895 s]*
/proc/loadavg: 0.52 0.58 0.59 2/13 2484
/proc/meminfo: memFree=11609460/16587228 swapFree=50193968/50331648
Current children cumulated CPU time: 0 s
Current children cumulated vsize: 0 KiB
Current children cumulated memory: 0 KiB

[startup+0.700311 s]
/proc/loadavg: 0.52 0.58 0.59 2/13 2484
/proc/meminfo: memFree=11609448/16587228 swapFree=50193968/50331648
Current children cumulated CPU time: 0 s
Current children cumulated vsize: 0 KiB
Current children cumulated memory: 0 KiB

[startup+1.50012 s]
/proc/loadavg: 0.52 0.58 0.59 2/13 2484
/proc/meminfo: memFree=11610144/16587228 swapFree=50193968/50331648
Current children cumulated CPU time: 0 s
Current children cumulated vsize: 0 KiB
Current children cumulated memory: 0 KiB

[startup+3.10132 s]
/proc/loadavg: 0.52 0.58 0.59 2/13 2484
/proc/meminfo: memFree=11596028/16587228 swapFree=50193980/50331648
Current children cumulated CPU time: 0 s
Current children cumulated vsize: 0 KiB
Current children cumulated memory: 0 KiB
heavy processes:

[startup+6.30015 s]
/proc/loadavg: 0.52 0.58 0.59 2/13 2484
/proc/meminfo: memFree=11595256/16587228 swapFree=50193980/50331648
Current children cumulated CPU time: 0 s
Current children cumulated vsize: 0 KiB
Current children cumulated memory: 0 KiB
heavy processes:

[startup+12.7004 s]
/proc/loadavg: 0.52 0.58 0.59 2/13 2484
/proc/meminfo: memFree=11606344/16587228 swapFree=50193980/50331648
Current children cumulated CPU time: 0 s
Current children cumulated vsize: 0 KiB
Current children cumulated memory: 0 KiB
heavy processes:

[startup+25.5003 s]
/proc/loadavg: 0.52 0.58 0.59 2/13 2484
/proc/meminfo: memFree=11605308/16587228 swapFree=50193980/50331648
Current children cumulated CPU time: 0 s
Current children cumulated vsize: 0 KiB
Current children cumulated memory: 0 KiB
heavy processes:

[startup+37.3983 s]
# the end of solver process 2483 was just reported to runsolver
# cumulated CPU time of all completed processes:  user=37.0781 s, system=0.21875 s

Solver just ended.
??? end of watcher thread
Dumping a history of the last processes samples

[startup+25.6011 s]
/proc/loadavg: 0.52 0.58 0.59 2/13 2484
/proc/meminfo: memFree=11605260/16587228 swapFree=50193980/50331648
Current children cumulated CPU time: 0 s
Current children cumulated vsize: 0 KiB
Current children cumulated memory: 0 KiB

[startup+32.0005 s]*
/proc/loadavg: 0.52 0.58 0.59 2/13 2484
/proc/meminfo: memFree=11580796/16587228 swapFree=50193980/50331648
Current children cumulated CPU time: 0 s
Current children cumulated vsize: 0 KiB
Current children cumulated memory: 0 KiB

[startup+35.2003 s]
/proc/loadavg: 0.52 0.58 0.59 3/13 2484
/proc/meminfo: memFree=11589252/16587228 swapFree=50193980/50331648
Current children cumulated CPU time: 0 s
Current children cumulated vsize: 0 KiB
Current children cumulated memory: 0 KiB

[startup+36.0001 s]*
/proc/loadavg: 0.52 0.58 0.59 2/13 2484
/proc/meminfo: memFree=11575996/16587228 swapFree=50193980/50331648
Current children cumulated CPU time: 0 s
Current children cumulated vsize: 0 KiB
Current children cumulated memory: 0 KiB

[startup+36.8001 s]
/proc/loadavg: 0.52 0.58 0.59 2/13 2484
/proc/meminfo: memFree=11575996/16587228 swapFree=50193980/50331648
Current children cumulated CPU time: 0 s
Current children cumulated vsize: 0 KiB
Current children cumulated memory: 0 KiB

[startup+37.2002 s]
/proc/loadavg: 0.52 0.58 0.59 2/13 2484
/proc/meminfo: memFree=11576060/16587228 swapFree=50193980/50331648
Current children cumulated CPU time: 0 s
Current children cumulated vsize: 0 KiB
Current children cumulated memory: 0 KiB

[startup+37.3005 s]
/proc/loadavg: 0.52 0.58 0.59 2/13 2484
/proc/meminfo: memFree=11576060/16587228 swapFree=50193980/50331648
Current children cumulated CPU time: 0 s
Current children cumulated vsize: 0 KiB
Current children cumulated memory: 0 KiB

Child status: 0
Real time (s): 37.3984
CPU time (s): 37.2969
CPU user time (s): 37.0781
CPU system time (s): 0.21875
CPU usage (%): 99.7286
Max. virtual memory (cumulated for all children) (KiB): 0
Max. memory (cumulated for all children) (KiB): 0

getrusage(RUSAGE_CHILDREN,...) data:
user time used= 37.0781
system time used= 0.21875
maximum resident set size= 75800
integral shared memory size= 0
integral unshared data size= 0
integral unshared stack size= 0
page reclaims= 23581
page faults= 0
swaps= 0
block input operations= 0
block output operations= 0
messages sent= 0
messages received= 0
signals received= 0
voluntary context switches= 0
involuntary context switches= 0


# summary of solver processes directly reported to runsolver:
#   pid: 2483
#   total CPU time (s): 37.2969
#   total CPU user time (s): 37.0781
#   total CPU system time (s): 0.21875

??? end of timestamper thread
runsolver used 0 second user time and 0 second system time

The end
