runsolver version 3.4.0 (svn: 3018) Copyright (C) 2010-2013 Olivier ROUSSEL

This program is distributed in the hope that it will be useful,
but WITHOUT ANY WARRANTY; without even the implied warranty of
MERCHANTABILITY or FITNESS FOR A PARTICULAR PURPOSE.  See the
GNU General Public License for more details.

command line: /home/kunalan/runsolver/src/runsolver -C 1200 -W 1200 --vsize-limit 16384 -w results_nprc/nprc_newground2_random_40_50_watch.log --var results_nprc/nprc_newground2_random_40_50_values.log python3 ../newground2.py ../instances/benchmark_instances/encodings/nprc_newground2.lp ../instances/benchmark_instances/graphs/random_40_50.lp 

running on 8 cores: 0-7

Enforcing CPUTime limit (soft limit, will send SIGTERM then SIGKILL): 1200 seconds
Enforcing CPUTime limit (hard limit, will send SIGXCPU): 1230 seconds
Enforcing wall clock limit (soft limit, will send SIGTERM then SIGKILL): 1200 seconds
Enforcing VSIZE limit (soft limit, will send SIGTERM then SIGKILL): 16777216 KiB
Enforcing VSIZE limit (hard limit, stack expansion will fail with SIGSEGV, brk() and mmap() will return ENOMEM): 16828416 KiB
Linux 4.4.0-22000-Microsoft
solver pid=2174, runsolver pid=2172
Current StackSize limit: 8192 KiB


[startup+0.100313 s]*
/proc/loadavg: 0.52 0.58 0.59 2/13 2175
/proc/meminfo: memFree=11692208/16587228 swapFree=50193856/50331648
Current children cumulated CPU time: 0 s
Current children cumulated vsize: 0 KiB
Current children cumulated memory: 0 KiB

[startup+0.201368 s]*
/proc/loadavg: 0.52 0.58 0.59 2/13 2175
/proc/meminfo: memFree=11677288/16587228 swapFree=50193856/50331648
Current children cumulated CPU time: 0 s
Current children cumulated vsize: 0 KiB
Current children cumulated memory: 0 KiB

[startup+0.301208 s]*
/proc/loadavg: 0.52 0.58 0.59 2/13 2175
/proc/meminfo: memFree=11675648/16587228 swapFree=50193856/50331648
Current children cumulated CPU time: 0 s
Current children cumulated vsize: 0 KiB
Current children cumulated memory: 0 KiB

[startup+0.700175 s]
/proc/loadavg: 0.52 0.58 0.59 2/13 2175
/proc/meminfo: memFree=11683500/16587228 swapFree=50193856/50331648
Current children cumulated CPU time: 0 s
Current children cumulated vsize: 0 KiB
Current children cumulated memory: 0 KiB

[startup+1.50049 s]
/proc/loadavg: 0.52 0.58 0.59 2/13 2175
/proc/meminfo: memFree=11679104/16587228 swapFree=50193856/50331648
Current children cumulated CPU time: 0 s
Current children cumulated vsize: 0 KiB
Current children cumulated memory: 0 KiB

[startup+3.10099 s]
/proc/loadavg: 0.52 0.58 0.59 2/13 2176
/proc/meminfo: memFree=11678172/16587228 swapFree=50193856/50331648
Current children cumulated CPU time: 0 s
Current children cumulated vsize: 0 KiB
Current children cumulated memory: 0 KiB
heavy processes:

[startup+6.30016 s]
/proc/loadavg: 0.52 0.58 0.59 2/13 2176
/proc/meminfo: memFree=11684960/16587228 swapFree=50193856/50331648
Current children cumulated CPU time: 0 s
Current children cumulated vsize: 0 KiB
Current children cumulated memory: 0 KiB
heavy processes:

[startup+10.1352 s]
# the end of solver process 2174 was just reported to runsolver
# cumulated CPU time of all completed processes:  user=9.98438 s, system=0.109375 s

Solver just ended.
??? end of watcher thread
Dumping a history of the last processes samples

[startup+6.40135 s]
/proc/loadavg: 0.52 0.58 0.59 2/13 2176
/proc/meminfo: memFree=11684960/16587228 swapFree=50193856/50331648
Current children cumulated CPU time: 0 s
Current children cumulated vsize: 0 KiB
Current children cumulated memory: 0 KiB

[startup+8.0004 s]*
/proc/loadavg: 0.52 0.58 0.59 2/13 2176
/proc/meminfo: memFree=11685088/16587228 swapFree=50193856/50331648
Current children cumulated CPU time: 0 s
Current children cumulated vsize: 0 KiB
Current children cumulated memory: 0 KiB

[startup+8.80015 s]
/proc/loadavg: 0.52 0.58 0.59 2/13 2176
/proc/meminfo: memFree=11685088/16587228 swapFree=50193856/50331648
Current children cumulated CPU time: 0 s
Current children cumulated vsize: 0 KiB
Current children cumulated memory: 0 KiB

[startup+9.60029 s]
/proc/loadavg: 0.52 0.58 0.59 2/13 2176
/proc/meminfo: memFree=11685548/16587228 swapFree=50193856/50331648
Current children cumulated CPU time: 0 s
Current children cumulated vsize: 0 KiB
Current children cumulated memory: 0 KiB

[startup+10.0001 s]*
/proc/loadavg: 0.52 0.58 0.59 2/13 2176
/proc/meminfo: memFree=11685836/16587228 swapFree=50193856/50331648
Current children cumulated CPU time: 0 s
Current children cumulated vsize: 0 KiB
Current children cumulated memory: 0 KiB

[startup+10.1009 s]
/proc/loadavg: 0.52 0.58 0.59 2/13 2176
/proc/meminfo: memFree=11685836/16587228 swapFree=50193856/50331648
Current children cumulated CPU time: 0 s
Current children cumulated vsize: 0 KiB
Current children cumulated memory: 0 KiB

Child status: 1
Real time (s): 10.1353
CPU time (s): 10.0938
CPU user time (s): 9.98438
CPU system time (s): 0.109375
CPU usage (%): 99.59
Max. virtual memory (cumulated for all children) (KiB): 0
Max. memory (cumulated for all children) (KiB): 0

getrusage(RUSAGE_CHILDREN,...) data:
user time used= 9.98438
system time used= 0.109375
maximum resident set size= 26612
integral shared memory size= 0
integral unshared data size= 0
integral unshared stack size= 0
page reclaims= 6960
page faults= 0
swaps= 0
block input operations= 0
block output operations= 0
messages sent= 0
messages received= 0
signals received= 0
voluntary context switches= 0
involuntary context switches= 0


# summary of solver processes directly reported to runsolver:
#   pid: 2174
#   total CPU time (s): 10.0938
#   total CPU user time (s): 9.98438
#   total CPU system time (s): 0.109375

??? end of timestamper thread
runsolver used 0.015625 second user time and 0 second system time

The end
