runsolver version 3.4.0 (svn: 3018) Copyright (C) 2010-2013 Olivier ROUSSEL

This program is distributed in the hope that it will be useful,
but WITHOUT ANY WARRANTY; without even the implied warranty of
MERCHANTABILITY or FITNESS FOR A PARTICULAR PURPOSE.  See the
GNU General Public License for more details.

command line: /home/kunalan/runsolver/src/runsolver -C 1200 -W 1200 --vsize-limit 16384 -w results_nprc/nprc_gringo_random_700_40_watch.log --var results_nprc/nprc_gringo_random_700_40_values.log gringo --verbose=2 --output text ../instances/benchmark_instances/encodings/nprc_gringo.lp ../instances/benchmark_instances/graphs/random_700_40.lp 

running on 8 cores: 0-7

Enforcing CPUTime limit (soft limit, will send SIGTERM then SIGKILL): 1200 seconds
Enforcing CPUTime limit (hard limit, will send SIGXCPU): 1230 seconds
Enforcing wall clock limit (soft limit, will send SIGTERM then SIGKILL): 1200 seconds
Enforcing VSIZE limit (soft limit, will send SIGTERM then SIGKILL): 16777216 KiB
Enforcing VSIZE limit (hard limit, stack expansion will fail with SIGSEGV, brk() and mmap() will return ENOMEM): 16828416 KiB
Linux 4.4.0-22000-Microsoft
Current StackSize limit: 8192 KiB

solver pid=3167, runsolver pid=3165

[startup+0.100111 s]*
/proc/loadavg: 0.52 0.58 0.59 2/13 3168
/proc/meminfo: memFree=11643396/16587228 swapFree=50194140/50331648
Current children cumulated CPU time: 0 s
Current children cumulated vsize: 0 KiB
Current children cumulated memory: 0 KiB

[startup+0.201275 s]*
/proc/loadavg: 0.52 0.58 0.59 2/13 3168
/proc/meminfo: memFree=11643544/16587228 swapFree=50194140/50331648
Current children cumulated CPU time: 0 s
Current children cumulated vsize: 0 KiB
Current children cumulated memory: 0 KiB

[startup+0.301005 s]*
/proc/loadavg: 0.52 0.58 0.59 2/13 3168
/proc/meminfo: memFree=11643208/16587228 swapFree=50194140/50331648
Current children cumulated CPU time: 0 s
Current children cumulated vsize: 0 KiB
Current children cumulated memory: 0 KiB

[startup+0.70014 s]
/proc/loadavg: 0.52 0.58 0.59 2/13 3168
/proc/meminfo: memFree=11634916/16587228 swapFree=50194140/50331648
Current children cumulated CPU time: 0 s
Current children cumulated vsize: 0 KiB
Current children cumulated memory: 0 KiB

[startup+1.50012 s]
/proc/loadavg: 0.52 0.58 0.59 2/13 3168
/proc/meminfo: memFree=11625508/16587228 swapFree=50194140/50331648
Current children cumulated CPU time: 0 s
Current children cumulated vsize: 0 KiB
Current children cumulated memory: 0 KiB

[startup+3.10106 s]
/proc/loadavg: 0.52 0.58 0.59 3/13 3168
/proc/meminfo: memFree=11589100/16587228 swapFree=50194140/50331648
Current children cumulated CPU time: 0 s
Current children cumulated vsize: 0 KiB
Current children cumulated memory: 0 KiB
heavy processes:

[startup+6.30013 s]
/proc/loadavg: 0.52 0.58 0.59 3/13 3168
/proc/meminfo: memFree=11590744/16587228 swapFree=50194140/50331648
Current children cumulated CPU time: 0 s
Current children cumulated vsize: 0 KiB
Current children cumulated memory: 0 KiB
heavy processes:

[startup+12.7005 s]
/proc/loadavg: 0.52 0.58 0.59 2/13 3169
/proc/meminfo: memFree=11590556/16587228 swapFree=50194140/50331648
Current children cumulated CPU time: 0 s
Current children cumulated vsize: 0 KiB
Current children cumulated memory: 0 KiB
heavy processes:

[startup+25.5004 s]
/proc/loadavg: 0.52 0.58 0.59 3/13 3169
/proc/meminfo: memFree=11590412/16587228 swapFree=50194140/50331648
Current children cumulated CPU time: 0 s
Current children cumulated vsize: 0 KiB
Current children cumulated memory: 0 KiB
heavy processes:

[startup+29.6256 s]
# the end of solver process 3167 was just reported to runsolver
# cumulated CPU time of all completed processes:  user=28.5312 s, system=1.03125 s

Solver just ended.
??? end of watcher thread
Dumping a history of the last processes samples

[startup+25.6013 s]
/proc/loadavg: 0.52 0.58 0.59 3/13 3169
/proc/meminfo: memFree=11590412/16587228 swapFree=50194140/50331648
Current children cumulated CPU time: 0 s
Current children cumulated vsize: 0 KiB
Current children cumulated memory: 0 KiB

[startup+27.2004 s]
/proc/loadavg: 0.52 0.58 0.59 2/13 3169
/proc/meminfo: memFree=11590480/16587228 swapFree=50194140/50331648
Current children cumulated CPU time: 0 s
Current children cumulated vsize: 0 KiB
Current children cumulated memory: 0 KiB

[startup+28.8006 s]
/proc/loadavg: 0.52 0.58 0.59 3/13 3169
/proc/meminfo: memFree=11590608/16587228 swapFree=50194140/50331648
Current children cumulated CPU time: 0 s
Current children cumulated vsize: 0 KiB
Current children cumulated memory: 0 KiB

[startup+29.2006 s]
/proc/loadavg: 0.52 0.58 0.59 3/13 3169
/proc/meminfo: memFree=11590544/16587228 swapFree=50194140/50331648
Current children cumulated CPU time: 0 s
Current children cumulated vsize: 0 KiB
Current children cumulated memory: 0 KiB

[startup+29.6001 s]
/proc/loadavg: 0.52 0.58 0.59 3/13 3169
/proc/meminfo: memFree=11590544/16587228 swapFree=50194140/50331648
Current children cumulated CPU time: 0 s
Current children cumulated vsize: 0 KiB
Current children cumulated memory: 0 KiB

Child ended because it received signal 15 (SIGTERM)
Real time (s): 29.6256
CPU time (s): 29.5625
CPU user time (s): 28.5312
CPU system time (s): 1.03125
CPU usage (%): 99.7869
Max. virtual memory (cumulated for all children) (KiB): 0
Max. memory (cumulated for all children) (KiB): 0

getrusage(RUSAGE_CHILDREN,...) data:
user time used= 28.5312
system time used= 1.03125
maximum resident set size= 56520
integral shared memory size= 0
integral unshared data size= 0
integral unshared stack size= 0
page reclaims= 18401
page faults= 0
swaps= 0
block input operations= 0
block output operations= 0
messages sent= 0
messages received= 0
signals received= 0
voluntary context switches= 0
involuntary context switches= 0


# summary of solver processes directly reported to runsolver:
#   pid: 3167
#   total CPU time (s): 29.5625
#   total CPU user time (s): 28.5312
#   total CPU system time (s): 1.03125

??? end of timestamper thread
runsolver used 0 second user time and 0.015625 second system time

The end
