runsolver version 3.4.0 (svn: 3018) Copyright (C) 2010-2013 Olivier ROUSSEL

This program is distributed in the hope that it will be useful,
but WITHOUT ANY WARRANTY; without even the implied warranty of
MERCHANTABILITY or FITNESS FOR A PARTICULAR PURPOSE.  See the
GNU General Public License for more details.

command line: /home/kunalan/runsolver/src/runsolver -C 1200 -W 1200 --vsize-limit 16384 -w results_nprc/nprc_newground_random_700_80_watch.log --var results_nprc/nprc_newground_random_700_80_values.log python3 ../newground2.py ../instances/benchmark_instances/encodings/nprc_newground.lp ../instances/benchmark_instances/graphs/random_700_80.lp 

running on 8 cores: 0-7

Enforcing CPUTime limit (soft limit, will send SIGTERM then SIGKILL): 1200 seconds
Enforcing CPUTime limit (hard limit, will send SIGXCPU): 1230 seconds
Enforcing wall clock limit (soft limit, will send SIGTERM then SIGKILL): 1200 seconds
Enforcing VSIZE limit (soft limit, will send SIGTERM then SIGKILL): 16777216 KiB
Enforcing VSIZE limit (hard limit, stack expansion will fail with SIGSEGV, brk() and mmap() will return ENOMEM): 16828416 KiB
Linux 4.4.0-22000-Microsoft
Current StackSize limit: 8192 KiB

solver pid=3210, runsolver pid=3208

[startup+0.100296 s]*
/proc/loadavg: 0.52 0.58 0.59 2/13 3211
/proc/meminfo: memFree=11442120/16587228 swapFree=50195232/50331648
Current children cumulated CPU time: 0 s
Current children cumulated vsize: 0 KiB
Current children cumulated memory: 0 KiB

[startup+0.200962 s]*
/proc/loadavg: 0.52 0.58 0.59 2/13 3211
/proc/meminfo: memFree=11423900/16587228 swapFree=50195232/50331648
Current children cumulated CPU time: 0 s
Current children cumulated vsize: 0 KiB
Current children cumulated memory: 0 KiB

[startup+0.301208 s]*
/proc/loadavg: 0.52 0.58 0.59 2/13 3211
/proc/meminfo: memFree=11415572/16587228 swapFree=50195232/50331648
Current children cumulated CPU time: 0 s
Current children cumulated vsize: 0 KiB
Current children cumulated memory: 0 KiB

[startup+0.700288 s]
/proc/loadavg: 0.52 0.58 0.59 2/13 3211
/proc/meminfo: memFree=11421908/16587228 swapFree=50195232/50331648
Current children cumulated CPU time: 0 s
Current children cumulated vsize: 0 KiB
Current children cumulated memory: 0 KiB

[startup+1.5003 s]
/proc/loadavg: 0.52 0.58 0.59 2/13 3211
/proc/meminfo: memFree=11423076/16587228 swapFree=50195232/50331648
Current children cumulated CPU time: 0 s
Current children cumulated vsize: 0 KiB
Current children cumulated memory: 0 KiB

[startup+3.10109 s]
/proc/loadavg: 0.52 0.58 0.59 2/13 3211
/proc/meminfo: memFree=11421980/16587228 swapFree=50195232/50331648
Current children cumulated CPU time: 0 s
Current children cumulated vsize: 0 KiB
Current children cumulated memory: 0 KiB
heavy processes:

[startup+6.30025 s]
/proc/loadavg: 0.52 0.58 0.59 2/13 3211
/proc/meminfo: memFree=11421716/16587228 swapFree=50195232/50331648
Current children cumulated CPU time: 0 s
Current children cumulated vsize: 0 KiB
Current children cumulated memory: 0 KiB
heavy processes:

[startup+12.7001 s]
/proc/loadavg: 0.52 0.58 0.59 2/13 3211
/proc/meminfo: memFree=11421316/16587228 swapFree=50195232/50331648
Current children cumulated CPU time: 0 s
Current children cumulated vsize: 0 KiB
Current children cumulated memory: 0 KiB
heavy processes:

[startup+25.5003 s]
/proc/loadavg: 0.52 0.58 0.59 2/13 3211
/proc/meminfo: memFree=11420128/16587228 swapFree=50195232/50331648
Current children cumulated CPU time: 0 s
Current children cumulated vsize: 0 KiB
Current children cumulated memory: 0 KiB
heavy processes:

[startup+51.101 s]
/proc/loadavg: 0.52 0.58 0.59 2/13 3211
/proc/meminfo: memFree=11383792/16587228 swapFree=50195232/50331648
Current children cumulated CPU time: 0 s
Current children cumulated vsize: 0 KiB
Current children cumulated memory: 0 KiB
heavy processes:

[startup+102.3 s]
/proc/loadavg: 0.52 0.58 0.59 2/13 3211
/proc/meminfo: memFree=11505376/16587228 swapFree=50195232/50331648
Current children cumulated CPU time: 0 s
Current children cumulated vsize: 0 KiB
Current children cumulated memory: 0 KiB
heavy processes:

[startup+133.446 s]
# the end of solver process 3210 was just reported to runsolver
# cumulated CPU time of all completed processes:  user=133.125 s, system=0.25 s

Solver just ended.
??? end of watcher thread
Dumping a history of the last processes samples

[startup+102.401 s]
/proc/loadavg: 0.52 0.58 0.59 2/13 3211
/proc/meminfo: memFree=11505224/16587228 swapFree=50195232/50331648
Current children cumulated CPU time: 0 s
Current children cumulated vsize: 0 KiB
Current children cumulated memory: 0 KiB

[startup+115.2 s]
/proc/loadavg: 0.52 0.58 0.59 2/13 3211
/proc/meminfo: memFree=11518096/16587228 swapFree=50195232/50331648
Current children cumulated CPU time: 0 s
Current children cumulated vsize: 0 KiB
Current children cumulated memory: 0 KiB

[startup+121.6 s]
/proc/loadavg: 0.52 0.58 0.59 2/13 3211
/proc/meminfo: memFree=11477016/16587228 swapFree=50195232/50331648
Current children cumulated CPU time: 0 s
Current children cumulated vsize: 0 KiB
Current children cumulated memory: 0 KiB

[startup+128.001 s]*
/proc/loadavg: 0.52 0.58 0.59 2/13 3211
/proc/meminfo: memFree=11476764/16587228 swapFree=50195232/50331648
Current children cumulated CPU time: 0 s
Current children cumulated vsize: 0 KiB
Current children cumulated memory: 0 KiB

[startup+131.2 s]
/proc/loadavg: 0.52 0.58 0.59 2/13 3211
/proc/meminfo: memFree=11466192/16587228 swapFree=50195232/50331648
Current children cumulated CPU time: 0 s
Current children cumulated vsize: 0 KiB
Current children cumulated memory: 0 KiB

[startup+132.8 s]
/proc/loadavg: 0.52 0.58 0.59 2/13 3211
/proc/meminfo: memFree=11466240/16587228 swapFree=50195232/50331648
Current children cumulated CPU time: 0 s
Current children cumulated vsize: 0 KiB
Current children cumulated memory: 0 KiB

[startup+133.201 s]
/proc/loadavg: 0.52 0.58 0.59 2/13 3211
/proc/meminfo: memFree=11466304/16587228 swapFree=50195232/50331648
Current children cumulated CPU time: 0 s
Current children cumulated vsize: 0 KiB
Current children cumulated memory: 0 KiB

[startup+133.401 s]
/proc/loadavg: 0.52 0.58 0.59 2/13 3211
/proc/meminfo: memFree=11466304/16587228 swapFree=50195232/50331648
Current children cumulated CPU time: 0 s
Current children cumulated vsize: 0 KiB
Current children cumulated memory: 0 KiB

Child status: 0
Real time (s): 133.446
CPU time (s): 133.375
CPU user time (s): 133.125
CPU system time (s): 0.25
CPU usage (%): 99.9468
Max. virtual memory (cumulated for all children) (KiB): 0
Max. memory (cumulated for all children) (KiB): 0

getrusage(RUSAGE_CHILDREN,...) data:
user time used= 133.125
system time used= 0.25
maximum resident set size= 157196
integral shared memory size= 0
integral unshared data size= 0
integral unshared stack size= 0
page reclaims= 50682
page faults= 0
swaps= 0
block input operations= 0
block output operations= 0
messages sent= 0
messages received= 0
signals received= 0
voluntary context switches= 0
involuntary context switches= 0


# summary of solver processes directly reported to runsolver:
#   pid: 3210
#   total CPU time (s): 133.375
#   total CPU user time (s): 133.125
#   total CPU system time (s): 0.25

??? end of timestamper thread
runsolver used 0 second user time and 0.015625 second system time

The end
