runsolver version 3.4.0 (svn: 3018) Copyright (C) 2010-2013 Olivier ROUSSEL

This program is distributed in the hope that it will be useful,
but WITHOUT ANY WARRANTY; without even the implied warranty of
MERCHANTABILITY or FITNESS FOR A PARTICULAR PURPOSE.  See the
GNU General Public License for more details.

command line: /home/kunalan/runsolver/src/runsolver -C 1200 -W 1200 --vsize-limit 16384 -w results_nprc/nprc_gringo_random_400_70_watch.log --var results_nprc/nprc_gringo_random_400_70_values.log gringo --verbose=2 --output text ../instances/benchmark_instances/encodings/nprc_gringo.lp ../instances/benchmark_instances/graphs/random_400_70.lp 

running on 8 cores: 0-7

Enforcing CPUTime limit (soft limit, will send SIGTERM then SIGKILL): 1200 seconds
Enforcing CPUTime limit (hard limit, will send SIGXCPU): 1230 seconds
Enforcing wall clock limit (soft limit, will send SIGTERM then SIGKILL): 1200 seconds
Enforcing VSIZE limit (soft limit, will send SIGTERM then SIGKILL): 16777216 KiB
Enforcing VSIZE limit (hard limit, stack expansion will fail with SIGSEGV, brk() and mmap() will return ENOMEM): 16828416 KiB
Linux 4.4.0-22000-Microsoft
solver pid=2029, runsolver pid=2027
Current StackSize limit: 8192 KiB


[startup+0.100518 s]*
/proc/loadavg: 0.52 0.58 0.59 2/13 2030
/proc/meminfo: memFree=11464440/16587228 swapFree=50193848/50331648
Current children cumulated CPU time: 0 s
Current children cumulated vsize: 0 KiB
Current children cumulated memory: 0 KiB

[startup+0.201232 s]*
/proc/loadavg: 0.52 0.58 0.59 2/13 2030
/proc/meminfo: memFree=11464348/16587228 swapFree=50193848/50331648
Current children cumulated CPU time: 0 s
Current children cumulated vsize: 0 KiB
Current children cumulated memory: 0 KiB

[startup+0.301085 s]*
/proc/loadavg: 0.52 0.58 0.59 2/13 2030
/proc/meminfo: memFree=11464436/16587228 swapFree=50193848/50331648
Current children cumulated CPU time: 0 s
Current children cumulated vsize: 0 KiB
Current children cumulated memory: 0 KiB

[startup+0.700587 s]
/proc/loadavg: 0.52 0.58 0.59 2/13 2030
/proc/meminfo: memFree=11465164/16587228 swapFree=50193848/50331648
Current children cumulated CPU time: 0 s
Current children cumulated vsize: 0 KiB
Current children cumulated memory: 0 KiB

[startup+1.50045 s]
/proc/loadavg: 0.52 0.58 0.59 3/13 2030
/proc/meminfo: memFree=11436016/16587228 swapFree=50193848/50331648
Current children cumulated CPU time: 0 s
Current children cumulated vsize: 0 KiB
Current children cumulated memory: 0 KiB

[startup+3.10119 s]
/proc/loadavg: 0.52 0.58 0.59 2/13 2030
/proc/meminfo: memFree=11435156/16587228 swapFree=50193848/50331648
Current children cumulated CPU time: 0 s
Current children cumulated vsize: 0 KiB
Current children cumulated memory: 0 KiB
heavy processes:

[startup+6.30014 s]
/proc/loadavg: 0.52 0.58 0.59 3/13 2030
/proc/meminfo: memFree=11435248/16587228 swapFree=50193848/50331648
Current children cumulated CPU time: 0 s
Current children cumulated vsize: 0 KiB
Current children cumulated memory: 0 KiB
heavy processes:

[startup+12.7004 s]
/proc/loadavg: 0.52 0.58 0.59 2/13 2030
/proc/meminfo: memFree=11435140/16587228 swapFree=50193848/50331648
Current children cumulated CPU time: 0 s
Current children cumulated vsize: 0 KiB
Current children cumulated memory: 0 KiB
heavy processes:

[startup+25.5002 s]
/proc/loadavg: 0.52 0.58 0.59 3/13 2031
/proc/meminfo: memFree=11434832/16587228 swapFree=50193848/50331648
Current children cumulated CPU time: 0 s
Current children cumulated vsize: 0 KiB
Current children cumulated memory: 0 KiB
heavy processes:

[startup+26.292 s]
# the end of solver process 2029 was just reported to runsolver
# cumulated CPU time of all completed processes:  user=25.3281 s, system=0.90625 s

Solver just ended.
??? end of watcher thread
Dumping a history of the last processes samples

[startup+25.601 s]
/proc/loadavg: 0.52 0.58 0.59 2/13 2031
/proc/meminfo: memFree=11434864/16587228 swapFree=50193848/50331648
Current children cumulated CPU time: 0 s
Current children cumulated vsize: 0 KiB
Current children cumulated memory: 0 KiB

[startup+26.0004 s]*
/proc/loadavg: 0.52 0.58 0.59 3/13 2031
/proc/meminfo: memFree=11434788/16587228 swapFree=50193848/50331648
Current children cumulated CPU time: 0 s
Current children cumulated vsize: 0 KiB
Current children cumulated memory: 0 KiB

[startup+26.2004 s]
/proc/loadavg: 0.52 0.58 0.59 3/13 2031
/proc/meminfo: memFree=11434788/16587228 swapFree=50193848/50331648
Current children cumulated CPU time: 0 s
Current children cumulated vsize: 0 KiB
Current children cumulated memory: 0 KiB

Child ended because it received signal 15 (SIGTERM)
Real time (s): 26.2921
CPU time (s): 26.2344
CPU user time (s): 25.3281
CPU system time (s): 0.90625
CPU usage (%): 99.7805
Max. virtual memory (cumulated for all children) (KiB): 0
Max. memory (cumulated for all children) (KiB): 0

getrusage(RUSAGE_CHILDREN,...) data:
user time used= 25.3281
system time used= 0.90625
maximum resident set size= 32040
integral shared memory size= 0
integral unshared data size= 0
integral unshared stack size= 0
page reclaims= 10141
page faults= 0
swaps= 0
block input operations= 0
block output operations= 0
messages sent= 0
messages received= 0
signals received= 0
voluntary context switches= 0
involuntary context switches= 0


# summary of solver processes directly reported to runsolver:
#   pid: 2029
#   total CPU time (s): 26.2344
#   total CPU user time (s): 25.3281
#   total CPU system time (s): 0.90625

??? end of timestamper thread
runsolver used 0 second user time and 0 second system time

The end
