runsolver version 3.4.0 (svn: 3018) Copyright (C) 2010-2013 Olivier ROUSSEL

This program is distributed in the hope that it will be useful,
but WITHOUT ANY WARRANTY; without even the implied warranty of
MERCHANTABILITY or FITNESS FOR A PARTICULAR PURPOSE.  See the
GNU General Public License for more details.

command line: /home/kunalan/runsolver/src/runsolver -C 1200 -W 1200 --vsize-limit 16384 -w results_nprc/nprc_newground_random_45_20_watch.log --var results_nprc/nprc_newground_random_45_20_values.log python3 ../newground2.py ../instances/benchmark_instances/encodings/nprc_newground.lp ../instances/benchmark_instances/graphs/random_45_20.lp 

running on 8 cores: 0-7

Enforcing CPUTime limit (soft limit, will send SIGTERM then SIGKILL): 1200 seconds
Enforcing CPUTime limit (hard limit, will send SIGXCPU): 1230 seconds
Enforcing wall clock limit (soft limit, will send SIGTERM then SIGKILL): 1200 seconds
Enforcing VSIZE limit (soft limit, will send SIGTERM then SIGKILL): 16777216 KiB
Enforcing VSIZE limit (hard limit, stack expansion will fail with SIGSEGV, brk() and mmap() will return ENOMEM): 16828416 KiB
Linux 4.4.0-22000-Microsoft
Current StackSize limit: 8192 KiB
solver pid=2281, runsolver pid=2279


[startup+0.100388 s]*
/proc/loadavg: 0.52 0.58 0.59 2/13 2282
/proc/meminfo: memFree=11650488/16587228 swapFree=50193864/50331648
Current children cumulated CPU time: 0 s
Current children cumulated vsize: 0 KiB
Current children cumulated memory: 0 KiB

[startup+0.201404 s]*
/proc/loadavg: 0.52 0.58 0.59 2/13 2282
/proc/meminfo: memFree=11646716/16587228 swapFree=50193864/50331648
Current children cumulated CPU time: 0 s
Current children cumulated vsize: 0 KiB
Current children cumulated memory: 0 KiB

[startup+0.300833 s]*
/proc/loadavg: 0.52 0.58 0.59 2/13 2282
/proc/meminfo: memFree=11642648/16587228 swapFree=50193864/50331648
Current children cumulated CPU time: 0 s
Current children cumulated vsize: 0 KiB
Current children cumulated memory: 0 KiB

[startup+0.455925 s]
# the end of solver process 2281 was just reported to runsolver
# cumulated CPU time of all completed processes:  user=0.34375 s, system=0.078125 s

Solver just ended.
??? end of watcher thread
Dumping a history of the last processes samples

[startup+0.401062 s]*
/proc/loadavg: 0.52 0.58 0.59 2/13 2282
/proc/meminfo: memFree=11640976/16587228 swapFree=50193864/50331648
Current children cumulated CPU time: 0 s
Current children cumulated vsize: 0 KiB
Current children cumulated memory: 0 KiB

Child status: 0
Real time (s): 0.456069
CPU time (s): 0.421875
CPU user time (s): 0.34375
CPU system time (s): 0.078125
CPU usage (%): 92.5025
Max. virtual memory (cumulated for all children) (KiB): 0
Max. memory (cumulated for all children) (KiB): 0

getrusage(RUSAGE_CHILDREN,...) data:
user time used= 0.34375
system time used= 0.078125
maximum resident set size= 24912
integral shared memory size= 0
integral unshared data size= 0
integral unshared stack size= 0
page reclaims= 6556
page faults= 0
swaps= 0
block input operations= 0
block output operations= 0
messages sent= 0
messages received= 0
signals received= 0
voluntary context switches= 0
involuntary context switches= 0


# summary of solver processes directly reported to runsolver:
#   pid: 2281
#   total CPU time (s): 0.421875
#   total CPU user time (s): 0.34375
#   total CPU system time (s): 0.078125

??? end of timestamper thread
runsolver used 0.015625 second user time and 0.015625 second system time

The end
