runsolver version 3.4.0 (svn: 3018) Copyright (C) 2010-2013 Olivier ROUSSEL

This program is distributed in the hope that it will be useful,
but WITHOUT ANY WARRANTY; without even the implied warranty of
MERCHANTABILITY or FITNESS FOR A PARTICULAR PURPOSE.  See the
GNU General Public License for more details.

command line: /home/kunalan/runsolver/src/runsolver -C 1200 -W 1200 --vsize-limit 16384 -w results_nprc/nprc_newground_random_300_50_watch.log --var results_nprc/nprc_newground_random_300_50_values.log python3 ../newground2.py ../instances/benchmark_instances/encodings/nprc_newground.lp ../instances/benchmark_instances/graphs/random_300_50.lp 

running on 8 cores: 0-7

Enforcing CPUTime limit (soft limit, will send SIGTERM then SIGKILL): 1200 seconds
Enforcing CPUTime limit (hard limit, will send SIGXCPU): 1230 seconds
Enforcing wall clock limit (soft limit, will send SIGTERM then SIGKILL): 1200 seconds
Enforcing VSIZE limit (soft limit, will send SIGTERM then SIGKILL): 16777216 KiB
Enforcing VSIZE limit (hard limit, stack expansion will fail with SIGSEGV, brk() and mmap() will return ENOMEM): 16828416 KiB
Linux 4.4.0-22000-Microsoft
Current StackSize limit: 8192 KiB

solver pid=1477, runsolver pid=1475

[startup+0.100563 s]*
/proc/loadavg: 0.52 0.58 0.59 2/13 1478
/proc/meminfo: memFree=11704736/16587228 swapFree=50191932/50331648
Current children cumulated CPU time: 0 s
Current children cumulated vsize: 0 KiB
Current children cumulated memory: 0 KiB

[startup+0.201393 s]*
/proc/loadavg: 0.52 0.58 0.59 2/13 1478
/proc/meminfo: memFree=11688404/16587228 swapFree=50191932/50331648
Current children cumulated CPU time: 0 s
Current children cumulated vsize: 0 KiB
Current children cumulated memory: 0 KiB

[startup+0.301113 s]*
/proc/loadavg: 0.52 0.58 0.59 2/13 1478
/proc/meminfo: memFree=11686168/16587228 swapFree=50191932/50331648
Current children cumulated CPU time: 0 s
Current children cumulated vsize: 0 KiB
Current children cumulated memory: 0 KiB

[startup+0.700231 s]
/proc/loadavg: 0.52 0.58 0.59 2/13 1478
/proc/meminfo: memFree=11678688/16587228 swapFree=50191932/50331648
Current children cumulated CPU time: 0 s
Current children cumulated vsize: 0 KiB
Current children cumulated memory: 0 KiB

[startup+1.50024 s]
/proc/loadavg: 0.52 0.58 0.59 2/13 1478
/proc/meminfo: memFree=11679376/16587228 swapFree=50191932/50331648
Current children cumulated CPU time: 0 s
Current children cumulated vsize: 0 KiB
Current children cumulated memory: 0 KiB

[startup+3.10116 s]
/proc/loadavg: 0.52 0.58 0.59 2/13 1479
/proc/meminfo: memFree=11678692/16587228 swapFree=50191932/50331648
Current children cumulated CPU time: 0 s
Current children cumulated vsize: 0 KiB
Current children cumulated memory: 0 KiB
heavy processes:

[startup+6.30058 s]
/proc/loadavg: 0.52 0.58 0.59 2/13 1479
/proc/meminfo: memFree=11678456/16587228 swapFree=50191932/50331648
Current children cumulated CPU time: 0 s
Current children cumulated vsize: 0 KiB
Current children cumulated memory: 0 KiB
heavy processes:

[startup+12.7002 s]
/proc/loadavg: 0.52 0.58 0.59 2/13 1479
/proc/meminfo: memFree=11685128/16587228 swapFree=50191932/50331648
Current children cumulated CPU time: 0 s
Current children cumulated vsize: 0 KiB
Current children cumulated memory: 0 KiB
heavy processes:

[startup+16.0671 s]
# the end of solver process 1477 was just reported to runsolver
# cumulated CPU time of all completed processes:  user=15.8906 s, system=0.125 s

Solver just ended.
??? end of watcher thread
Dumping a history of the last processes samples

[startup+12.8009 s]
/proc/loadavg: 0.52 0.58 0.59 2/13 1479
/proc/meminfo: memFree=11685096/16587228 swapFree=50191932/50331648
Current children cumulated CPU time: 0 s
Current children cumulated vsize: 0 KiB
Current children cumulated memory: 0 KiB

[startup+14.4003 s]
/proc/loadavg: 0.52 0.58 0.59 2/13 1479
/proc/meminfo: memFree=11670936/16587228 swapFree=50191932/50331648
Current children cumulated CPU time: 0 s
Current children cumulated vsize: 0 KiB
Current children cumulated memory: 0 KiB

[startup+15.2003 s]
/proc/loadavg: 0.52 0.58 0.59 2/13 1479
/proc/meminfo: memFree=11669912/16587228 swapFree=50191932/50331648
Current children cumulated CPU time: 0 s
Current children cumulated vsize: 0 KiB
Current children cumulated memory: 0 KiB

[startup+15.6002 s]
/proc/loadavg: 0.52 0.58 0.59 2/13 1479
/proc/meminfo: memFree=11669912/16587228 swapFree=50191932/50331648
Current children cumulated CPU time: 0 s
Current children cumulated vsize: 0 KiB
Current children cumulated memory: 0 KiB

[startup+16.0002 s]*
/proc/loadavg: 0.52 0.58 0.59 2/13 1479
/proc/meminfo: memFree=11669904/16587228 swapFree=50191932/50331648
Current children cumulated CPU time: 0 s
Current children cumulated vsize: 0 KiB
Current children cumulated memory: 0 KiB

Child status: 0
Real time (s): 16.0672
CPU time (s): 16.0156
CPU user time (s): 15.8906
CPU system time (s): 0.125
CPU usage (%): 99.6793
Max. virtual memory (cumulated for all children) (KiB): 0
Max. memory (cumulated for all children) (KiB): 0

getrusage(RUSAGE_CHILDREN,...) data:
user time used= 15.8906
system time used= 0.125
maximum resident set size= 44724
integral shared memory size= 0
integral unshared data size= 0
integral unshared stack size= 0
page reclaims= 12459
page faults= 0
swaps= 0
block input operations= 0
block output operations= 0
messages sent= 0
messages received= 0
signals received= 0
voluntary context switches= 0
involuntary context switches= 0


# summary of solver processes directly reported to runsolver:
#   pid: 1477
#   total CPU time (s): 16.0156
#   total CPU user time (s): 15.8906
#   total CPU system time (s): 0.125

??? end of timestamper thread
runsolver used 0 second user time and 0 second system time

The end
