runsolver version 3.4.0 (svn: 3018) Copyright (C) 2010-2013 Olivier ROUSSEL

This program is distributed in the hope that it will be useful,
but WITHOUT ANY WARRANTY; without even the implied warranty of
MERCHANTABILITY or FITNESS FOR A PARTICULAR PURPOSE.  See the
GNU General Public License for more details.

command line: /home/kunalan/runsolver/src/runsolver -C 1200 -W 1200 --vsize-limit 16384 -w results_nprc/nprc_newground2_random_50_70_watch.log --var results_nprc/nprc_newground2_random_50_70_values.log python3 ../newground2.py ../instances/benchmark_instances/encodings/nprc_newground2.lp ../instances/benchmark_instances/graphs/random_50_70.lp 

running on 8 cores: 0-7

Enforcing CPUTime limit (soft limit, will send SIGTERM then SIGKILL): 1200 seconds
Enforcing CPUTime limit (hard limit, will send SIGXCPU): 1230 seconds
Enforcing wall clock limit (soft limit, will send SIGTERM then SIGKILL): 1200 seconds
Enforcing VSIZE limit (soft limit, will send SIGTERM then SIGKILL): 16777216 KiB
Enforcing VSIZE limit (hard limit, stack expansion will fail with SIGSEGV, brk() and mmap() will return ENOMEM): 16828416 KiB
Linux 4.4.0-22000-Microsoft
Current StackSize limit: 8192 KiB
solver pid=2725, runsolver pid=2723


[startup+0.100504 s]*
/proc/loadavg: 0.52 0.58 0.59 2/13 2726
/proc/meminfo: memFree=11631264/16587228 swapFree=50194052/50331648
Current children cumulated CPU time: 0 s
Current children cumulated vsize: 0 KiB
Current children cumulated memory: 0 KiB

[startup+0.201148 s]*
/proc/loadavg: 0.52 0.58 0.59 2/13 2726
/proc/meminfo: memFree=11628532/16587228 swapFree=50194052/50331648
Current children cumulated CPU time: 0 s
Current children cumulated vsize: 0 KiB
Current children cumulated memory: 0 KiB

[startup+0.300929 s]*
/proc/loadavg: 0.52 0.58 0.59 2/13 2726
/proc/meminfo: memFree=11611724/16587228 swapFree=50194052/50331648
Current children cumulated CPU time: 0 s
Current children cumulated vsize: 0 KiB
Current children cumulated memory: 0 KiB

[startup+0.700245 s]
/proc/loadavg: 0.52 0.58 0.59 2/13 2726
/proc/meminfo: memFree=11611300/16587228 swapFree=50194052/50331648
Current children cumulated CPU time: 0 s
Current children cumulated vsize: 0 KiB
Current children cumulated memory: 0 KiB

[startup+1.50035 s]
/proc/loadavg: 0.52 0.58 0.59 2/13 2727
/proc/meminfo: memFree=11609672/16587228 swapFree=50194052/50331648
Current children cumulated CPU time: 0 s
Current children cumulated vsize: 0 KiB
Current children cumulated memory: 0 KiB

[startup+3.10123 s]
/proc/loadavg: 0.52 0.58 0.59 2/13 2727
/proc/meminfo: memFree=11611972/16587228 swapFree=50194052/50331648
Current children cumulated CPU time: 0 s
Current children cumulated vsize: 0 KiB
Current children cumulated memory: 0 KiB
heavy processes:

[startup+4.60101 s]
# the end of solver process 2725 was just reported to runsolver
# cumulated CPU time of all completed processes:  user=4.4375 s, system=0.140625 s

Solver just ended.
??? end of watcher thread
Dumping a history of the last processes samples

[startup+3.20092 s]
/proc/loadavg: 0.52 0.58 0.59 2/13 2727
/proc/meminfo: memFree=11606240/16587228 swapFree=50194052/50331648
Current children cumulated CPU time: 0 s
Current children cumulated vsize: 0 KiB
Current children cumulated memory: 0 KiB

[startup+4.00036 s]*
/proc/loadavg: 0.52 0.58 0.59 2/13 2727
/proc/meminfo: memFree=11606936/16587228 swapFree=50194052/50331648
Current children cumulated CPU time: 0 s
Current children cumulated vsize: 0 KiB
Current children cumulated memory: 0 KiB

[startup+4.40031 s]
/proc/loadavg: 0.52 0.58 0.59 2/13 2727
/proc/meminfo: memFree=11606936/16587228 swapFree=50194052/50331648
Current children cumulated CPU time: 0 s
Current children cumulated vsize: 0 KiB
Current children cumulated memory: 0 KiB

[startup+4.60028 s]
/proc/loadavg: 0.52 0.58 0.59 2/13 2727
/proc/meminfo: memFree=11606936/16587228 swapFree=50194052/50331648
Current children cumulated CPU time: 0 s
Current children cumulated vsize: 0 KiB
Current children cumulated memory: 0 KiB

Child status: 1
Real time (s): 4.60109
CPU time (s): 4.57812
CPU user time (s): 4.4375
CPU system time (s): 0.140625
CPU usage (%): 99.501
Max. virtual memory (cumulated for all children) (KiB): 0
Max. memory (cumulated for all children) (KiB): 0

getrusage(RUSAGE_CHILDREN,...) data:
user time used= 4.4375
system time used= 0.140625
maximum resident set size= 27472
integral shared memory size= 0
integral unshared data size= 0
integral unshared stack size= 0
page reclaims= 7174
page faults= 0
swaps= 0
block input operations= 0
block output operations= 0
messages sent= 0
messages received= 0
signals received= 0
voluntary context switches= 0
involuntary context switches= 0


# summary of solver processes directly reported to runsolver:
#   pid: 2725
#   total CPU time (s): 4.57812
#   total CPU user time (s): 4.4375
#   total CPU system time (s): 0.140625

??? end of timestamper thread
runsolver used 0 second user time and 0 second system time

The end
