runsolver version 3.4.0 (svn: 3018) Copyright (C) 2010-2013 Olivier ROUSSEL

This program is distributed in the hope that it will be useful,
but WITHOUT ANY WARRANTY; without even the implied warranty of
MERCHANTABILITY or FITNESS FOR A PARTICULAR PURPOSE.  See the
GNU General Public License for more details.

command line: /home/kunalan/runsolver/src/runsolver -C 1200 -W 1200 --vsize-limit 16384 -w results_nprc/nprc_newground2_random_45_40_watch.log --var results_nprc/nprc_newground2_random_45_40_values.log python3 ../newground2.py ../instances/benchmark_instances/encodings/nprc_newground2.lp ../instances/benchmark_instances/graphs/random_45_40.lp 

running on 8 cores: 0-7

Enforcing CPUTime limit (soft limit, will send SIGTERM then SIGKILL): 1200 seconds
Enforcing CPUTime limit (hard limit, will send SIGXCPU): 1230 seconds
Enforcing wall clock limit (soft limit, will send SIGTERM then SIGKILL): 1200 seconds
Enforcing VSIZE limit (soft limit, will send SIGTERM then SIGKILL): 16777216 KiB
Enforcing VSIZE limit (hard limit, stack expansion will fail with SIGSEGV, brk() and mmap() will return ENOMEM): 16828416 KiB
Linux 4.4.0-22000-Microsoft
solver pid=2324, runsolver pid=2322
Current StackSize limit: 8192 KiB


[startup+0.100415 s]*
/proc/loadavg: 0.52 0.58 0.59 2/13 2325
/proc/meminfo: memFree=11614372/16587228 swapFree=50193908/50331648
Current children cumulated CPU time: 0 s
Current children cumulated vsize: 0 KiB
Current children cumulated memory: 0 KiB

[startup+0.201162 s]*
/proc/loadavg: 0.52 0.58 0.59 2/13 2325
/proc/meminfo: memFree=11613996/16587228 swapFree=50193908/50331648
Current children cumulated CPU time: 0 s
Current children cumulated vsize: 0 KiB
Current children cumulated memory: 0 KiB

[startup+0.300945 s]*
/proc/loadavg: 0.52 0.58 0.59 2/13 2325
/proc/meminfo: memFree=11601536/16587228 swapFree=50193908/50331648
Current children cumulated CPU time: 0 s
Current children cumulated vsize: 0 KiB
Current children cumulated memory: 0 KiB

[startup+0.700404 s]
/proc/loadavg: 0.52 0.58 0.59 2/13 2325
/proc/meminfo: memFree=11597816/16587228 swapFree=50193908/50331648
Current children cumulated CPU time: 0 s
Current children cumulated vsize: 0 KiB
Current children cumulated memory: 0 KiB

[startup+1.5003 s]
/proc/loadavg: 0.52 0.58 0.59 2/13 2325
/proc/meminfo: memFree=11597248/16587228 swapFree=50193908/50331648
Current children cumulated CPU time: 0 s
Current children cumulated vsize: 0 KiB
Current children cumulated memory: 0 KiB

[startup+3.10083 s]
/proc/loadavg: 0.52 0.58 0.59 2/13 2325
/proc/meminfo: memFree=11595672/16587228 swapFree=50193908/50331648
Current children cumulated CPU time: 0 s
Current children cumulated vsize: 0 KiB
Current children cumulated memory: 0 KiB
heavy processes:

[startup+6.30041 s]
/proc/loadavg: 0.52 0.58 0.59 2/13 2326
/proc/meminfo: memFree=11597484/16587228 swapFree=50193908/50331648
Current children cumulated CPU time: 0 s
Current children cumulated vsize: 0 KiB
Current children cumulated memory: 0 KiB
heavy processes:

[startup+7.08918 s]
# the end of solver process 2324 was just reported to runsolver
# cumulated CPU time of all completed processes:  user=6.9375 s, system=0.109375 s

Solver just ended.
??? end of watcher thread
Dumping a history of the last processes samples

[startup+6.40115 s]
/proc/loadavg: 0.52 0.58 0.59 2/13 2326
/proc/meminfo: memFree=11595376/16587228 swapFree=50193908/50331648
Current children cumulated CPU time: 0 s
Current children cumulated vsize: 0 KiB
Current children cumulated memory: 0 KiB

[startup+6.80018 s]
/proc/loadavg: 0.52 0.58 0.59 2/13 2326
/proc/meminfo: memFree=11595376/16587228 swapFree=50193908/50331648
Current children cumulated CPU time: 0 s
Current children cumulated vsize: 0 KiB
Current children cumulated memory: 0 KiB

[startup+7.00053 s]*
/proc/loadavg: 0.52 0.58 0.59 2/13 2326
/proc/meminfo: memFree=11601920/16587228 swapFree=50193908/50331648
Current children cumulated CPU time: 0 s
Current children cumulated vsize: 0 KiB
Current children cumulated memory: 0 KiB

Child status: 1
Real time (s): 7.08922
CPU time (s): 7.04688
CPU user time (s): 6.9375
CPU system time (s): 0.109375
CPU usage (%): 99.4026
Max. virtual memory (cumulated for all children) (KiB): 0
Max. memory (cumulated for all children) (KiB): 0

getrusage(RUSAGE_CHILDREN,...) data:
user time used= 6.9375
system time used= 0.109375
maximum resident set size= 26848
integral shared memory size= 0
integral unshared data size= 0
integral unshared stack size= 0
page reclaims= 7017
page faults= 0
swaps= 0
block input operations= 0
block output operations= 0
messages sent= 0
messages received= 0
signals received= 0
voluntary context switches= 0
involuntary context switches= 0


# summary of solver processes directly reported to runsolver:
#   pid: 2324
#   total CPU time (s): 7.04688
#   total CPU user time (s): 6.9375
#   total CPU system time (s): 0.109375

??? end of timestamper thread
runsolver used 0 second user time and 0 second system time

The end
