runsolver version 3.4.0 (svn: 3018) Copyright (C) 2010-2013 Olivier ROUSSEL

This program is distributed in the hope that it will be useful,
but WITHOUT ANY WARRANTY; without even the implied warranty of
MERCHANTABILITY or FITNESS FOR A PARTICULAR PURPOSE.  See the
GNU General Public License for more details.

command line: /home/kunalan/runsolver/src/runsolver -C 1200 -W 1200 --vsize-limit 16384 -w results_nprc/nprc_newground2_random_400_80_watch.log --var results_nprc/nprc_newground2_random_400_80_values.log python3 ../newground2.py ../instances/benchmark_instances/encodings/nprc_newground2.lp ../instances/benchmark_instances/graphs/random_400_80.lp 

running on 8 cores: 0-7

Enforcing CPUTime limit (soft limit, will send SIGTERM then SIGKILL): 1200 seconds
Enforcing CPUTime limit (hard limit, will send SIGXCPU): 1230 seconds
Enforcing wall clock limit (soft limit, will send SIGTERM then SIGKILL): 1200 seconds
Enforcing VSIZE limit (soft limit, will send SIGTERM then SIGKILL): 16777216 KiB
Enforcing VSIZE limit (hard limit, stack expansion will fail with SIGSEGV, brk() and mmap() will return ENOMEM): 16828416 KiB
Linux 4.4.0-22000-Microsoft
Current StackSize limit: 8192 KiB

solver pid=2053, runsolver pid=2051

[startup+0.100161 s]*
/proc/loadavg: 0.52 0.58 0.59 2/13 2054
/proc/meminfo: memFree=11446752/16587228 swapFree=50193848/50331648
Current children cumulated CPU time: 0 s
Current children cumulated vsize: 0 KiB
Current children cumulated memory: 0 KiB

[startup+0.201345 s]*
/proc/loadavg: 0.52 0.58 0.59 2/13 2054
/proc/meminfo: memFree=11428424/16587228 swapFree=50193848/50331648
Current children cumulated CPU time: 0 s
Current children cumulated vsize: 0 KiB
Current children cumulated memory: 0 KiB

[startup+0.301073 s]*
/proc/loadavg: 0.52 0.58 0.59 2/13 2054
/proc/meminfo: memFree=11423696/16587228 swapFree=50193848/50331648
Current children cumulated CPU time: 0 s
Current children cumulated vsize: 0 KiB
Current children cumulated memory: 0 KiB

[startup+0.700347 s]
/proc/loadavg: 0.52 0.58 0.59 2/13 2054
/proc/meminfo: memFree=11423696/16587228 swapFree=50193848/50331648
Current children cumulated CPU time: 0 s
Current children cumulated vsize: 0 KiB
Current children cumulated memory: 0 KiB

[startup+1.50035 s]
/proc/loadavg: 0.52 0.58 0.59 2/13 2054
/proc/meminfo: memFree=11417616/16587228 swapFree=50193848/50331648
Current children cumulated CPU time: 0 s
Current children cumulated vsize: 0 KiB
Current children cumulated memory: 0 KiB

[startup+3.10119 s]
/proc/loadavg: 0.52 0.58 0.59 2/13 2055
/proc/meminfo: memFree=11416860/16587228 swapFree=50193848/50331648
Current children cumulated CPU time: 0 s
Current children cumulated vsize: 0 KiB
Current children cumulated memory: 0 KiB
heavy processes:

[startup+6.30057 s]
/proc/loadavg: 0.52 0.58 0.59 2/13 2055
/proc/meminfo: memFree=11416644/16587228 swapFree=50193848/50331648
Current children cumulated CPU time: 0 s
Current children cumulated vsize: 0 KiB
Current children cumulated memory: 0 KiB
heavy processes:

[startup+10.1403 s]
# the end of solver process 2053 was just reported to runsolver
# cumulated CPU time of all completed processes:  user=10.0312 s, system=0.078125 s

Solver just ended.
??? end of watcher thread
Dumping a history of the last processes samples

[startup+6.40084 s]
/proc/loadavg: 0.52 0.58 0.59 2/13 2055
/proc/meminfo: memFree=11416648/16587228 swapFree=50193848/50331648
Current children cumulated CPU time: 0 s
Current children cumulated vsize: 0 KiB
Current children cumulated memory: 0 KiB

[startup+8.00043 s]*
/proc/loadavg: 0.52 0.58 0.59 2/13 2055
/proc/meminfo: memFree=11416512/16587228 swapFree=50193848/50331648
Current children cumulated CPU time: 0 s
Current children cumulated vsize: 0 KiB
Current children cumulated memory: 0 KiB

[startup+8.80056 s]
/proc/loadavg: 0.52 0.58 0.59 2/13 2055
/proc/meminfo: memFree=11416512/16587228 swapFree=50193848/50331648
Current children cumulated CPU time: 0 s
Current children cumulated vsize: 0 KiB
Current children cumulated memory: 0 KiB

[startup+9.60018 s]
/proc/loadavg: 0.52 0.58 0.59 2/13 2055
/proc/meminfo: memFree=11416496/16587228 swapFree=50193848/50331648
Current children cumulated CPU time: 0 s
Current children cumulated vsize: 0 KiB
Current children cumulated memory: 0 KiB

[startup+10.0001 s]*
/proc/loadavg: 0.52 0.58 0.59 2/13 2055
/proc/meminfo: memFree=11416480/16587228 swapFree=50193848/50331648
Current children cumulated CPU time: 0 s
Current children cumulated vsize: 0 KiB
Current children cumulated memory: 0 KiB

[startup+10.101 s]
/proc/loadavg: 0.52 0.58 0.59 2/13 2055
/proc/meminfo: memFree=11416480/16587228 swapFree=50193848/50331648
Current children cumulated CPU time: 0 s
Current children cumulated vsize: 0 KiB
Current children cumulated memory: 0 KiB

Child status: 1
Real time (s): 10.1403
CPU time (s): 10.1094
CPU user time (s): 10.0312
CPU system time (s): 0.078125
CPU usage (%): 99.6947
Max. virtual memory (cumulated for all children) (KiB): 0
Max. memory (cumulated for all children) (KiB): 0

getrusage(RUSAGE_CHILDREN,...) data:
user time used= 10.0312
system time used= 0.078125
maximum resident set size= 29124
integral shared memory size= 0
integral unshared data size= 0
integral unshared stack size= 0
page reclaims= 7718
page faults= 0
swaps= 0
block input operations= 0
block output operations= 0
messages sent= 0
messages received= 0
signals received= 0
voluntary context switches= 0
involuntary context switches= 0


# summary of solver processes directly reported to runsolver:
#   pid: 2053
#   total CPU time (s): 10.1094
#   total CPU user time (s): 10.0312
#   total CPU system time (s): 0.078125

??? end of timestamper thread
runsolver used 0.015625 second user time and 0 second system time

The end
