runsolver version 3.4.0 (svn: 3018) Copyright (C) 2010-2013 Olivier ROUSSEL

This program is distributed in the hope that it will be useful,
but WITHOUT ANY WARRANTY; without even the implied warranty of
MERCHANTABILITY or FITNESS FOR A PARTICULAR PURPOSE.  See the
GNU General Public License for more details.

command line: /home/kunalan/runsolver/src/runsolver -C 1200 -W 1200 --vsize-limit 16384 -w results_nprc/nprc_newground_random_1100_70_watch.log --var results_nprc/nprc_newground_random_1100_70_values.log python3 ../newground2.py ../instances/benchmark_instances/encodings/nprc_newground.lp ../instances/benchmark_instances/graphs/random_1100_70.lp 

running on 8 cores: 0-7

Enforcing CPUTime limit (soft limit, will send SIGTERM then SIGKILL): 1200 seconds
Enforcing CPUTime limit (hard limit, will send SIGXCPU): 1230 seconds
Enforcing wall clock limit (soft limit, will send SIGTERM then SIGKILL): 1200 seconds
Enforcing VSIZE limit (soft limit, will send SIGTERM then SIGKILL): 16777216 KiB
Enforcing VSIZE limit (hard limit, stack expansion will fail with SIGSEGV, brk() and mmap() will return ENOMEM): 16828416 KiB
Linux 4.4.0-22000-Microsoft
solver pid=3426, runsolver pid=3424
Current StackSize limit: 8192 KiB


[startup+0.100344 s]*
/proc/loadavg: 0.52 0.58 0.59 2/13 3427
/proc/meminfo: memFree=11533892/16587228 swapFree=50201272/50331648
Current children cumulated CPU time: 0 s
Current children cumulated vsize: 0 KiB
Current children cumulated memory: 0 KiB

[startup+0.201009 s]*
/proc/loadavg: 0.52 0.58 0.59 2/13 3427
/proc/meminfo: memFree=11514088/16587228 swapFree=50201272/50331648
Current children cumulated CPU time: 0 s
Current children cumulated vsize: 0 KiB
Current children cumulated memory: 0 KiB

[startup+0.300765 s]*
/proc/loadavg: 0.52 0.58 0.59 2/13 3427
/proc/meminfo: memFree=11510804/16587228 swapFree=50201272/50331648
Current children cumulated CPU time: 0 s
Current children cumulated vsize: 0 KiB
Current children cumulated memory: 0 KiB

[startup+0.700274 s]
/proc/loadavg: 0.52 0.58 0.59 2/13 3427
/proc/meminfo: memFree=11510788/16587228 swapFree=50201272/50331648
Current children cumulated CPU time: 0 s
Current children cumulated vsize: 0 KiB
Current children cumulated memory: 0 KiB

[startup+1.5003 s]
/proc/loadavg: 0.52 0.58 0.59 2/13 3427
/proc/meminfo: memFree=11506320/16587228 swapFree=50201272/50331648
Current children cumulated CPU time: 0 s
Current children cumulated vsize: 0 KiB
Current children cumulated memory: 0 KiB

[startup+3.10096 s]
/proc/loadavg: 0.52 0.58 0.59 2/13 3427
/proc/meminfo: memFree=11505700/16587228 swapFree=50201272/50331648
Current children cumulated CPU time: 0 s
Current children cumulated vsize: 0 KiB
Current children cumulated memory: 0 KiB
heavy processes:

[startup+6.30017 s]
/proc/loadavg: 0.52 0.58 0.59 2/13 3427
/proc/meminfo: memFree=11505420/16587228 swapFree=50201272/50331648
Current children cumulated CPU time: 0 s
Current children cumulated vsize: 0 KiB
Current children cumulated memory: 0 KiB
heavy processes:

[startup+12.7006 s]
/proc/loadavg: 0.52 0.58 0.59 2/13 3427
/proc/meminfo: memFree=11502648/16587228 swapFree=50201272/50331648
Current children cumulated CPU time: 0 s
Current children cumulated vsize: 0 KiB
Current children cumulated memory: 0 KiB
heavy processes:

[startup+25.5004 s]
/proc/loadavg: 0.52 0.58 0.59 2/13 3427
/proc/meminfo: memFree=11495656/16587228 swapFree=50201272/50331648
Current children cumulated CPU time: 0 s
Current children cumulated vsize: 0 KiB
Current children cumulated memory: 0 KiB
heavy processes:

[startup+51.1012 s]
/proc/loadavg: 0.52 0.58 0.59 2/13 3427
/proc/meminfo: memFree=11513428/16587228 swapFree=50201272/50331648
Current children cumulated CPU time: 0 s
Current children cumulated vsize: 0 KiB
Current children cumulated memory: 0 KiB
heavy processes:

[startup+102.3 s]
/proc/loadavg: 0.52 0.58 0.59 2/13 3427
/proc/meminfo: memFree=11498552/16587228 swapFree=50201272/50331648
Current children cumulated CPU time: 0 s
Current children cumulated vsize: 0 KiB
Current children cumulated memory: 0 KiB
heavy processes:

[startup+162.3 s]
/proc/loadavg: 0.52 0.58 0.59 2/13 3427
/proc/meminfo: memFree=11461344/16587228 swapFree=50201280/50331648
Current children cumulated CPU time: 0 s
Current children cumulated vsize: 0 KiB
Current children cumulated memory: 0 KiB
heavy processes:

[startup+222.3 s]
/proc/loadavg: 0.52 0.58 0.59 2/13 3427
/proc/meminfo: memFree=11434280/16587228 swapFree=50201280/50331648
Current children cumulated CPU time: 0 s
Current children cumulated vsize: 0 KiB
Current children cumulated memory: 0 KiB
heavy processes:

[startup+282.3 s]
/proc/loadavg: 0.52 0.58 0.59 2/13 3428
/proc/meminfo: memFree=11242724/16587228 swapFree=50201336/50331648
Current children cumulated CPU time: 0 s
Current children cumulated vsize: 0 KiB
Current children cumulated memory: 0 KiB
heavy processes:

[startup+290.299 s]
# the end of solver process 3426 was just reported to runsolver
# cumulated CPU time of all completed processes:  user=289.438 s, system=0.640625 s

Solver just ended.
??? end of watcher thread
Dumping a history of the last processes samples

[startup+284.8 s]
/proc/loadavg: 0.52 0.58 0.59 2/13 3428
/proc/meminfo: memFree=11242812/16587228 swapFree=50201336/50331648
Current children cumulated CPU time: 0 s
Current children cumulated vsize: 0 KiB
Current children cumulated memory: 0 KiB

[startup+288.001 s]*
/proc/loadavg: 0.52 0.58 0.59 2/13 3428
/proc/meminfo: memFree=11243148/16587228 swapFree=50201336/50331648
Current children cumulated CPU time: 0 s
Current children cumulated vsize: 0 KiB
Current children cumulated memory: 0 KiB

[startup+289.6 s]
/proc/loadavg: 0.52 0.58 0.59 2/13 3428
/proc/meminfo: memFree=11243220/16587228 swapFree=50201336/50331648
Current children cumulated CPU time: 0 s
Current children cumulated vsize: 0 KiB
Current children cumulated memory: 0 KiB

[startup+290 s]*
/proc/loadavg: 0.52 0.58 0.59 2/13 3428
/proc/meminfo: memFree=11243252/16587228 swapFree=50201336/50331648
Current children cumulated CPU time: 0 s
Current children cumulated vsize: 0 KiB
Current children cumulated memory: 0 KiB

[startup+290.2 s]
/proc/loadavg: 0.52 0.58 0.59 2/13 3428
/proc/meminfo: memFree=11243252/16587228 swapFree=50201336/50331648
Current children cumulated CPU time: 0 s
Current children cumulated vsize: 0 KiB
Current children cumulated memory: 0 KiB

Child status: 0
Real time (s): 290.299
CPU time (s): 290.078
CPU user time (s): 289.438
CPU system time (s): 0.640625
CPU usage (%): 99.924
Max. virtual memory (cumulated for all children) (KiB): 0
Max. memory (cumulated for all children) (KiB): 0

getrusage(RUSAGE_CHILDREN,...) data:
user time used= 289.438
system time used= 0.640625
maximum resident set size= 327444
integral shared memory size= 0
integral unshared data size= 0
integral unshared stack size= 0
page reclaims= 108677
page faults= 0
swaps= 0
block input operations= 0
block output operations= 0
messages sent= 0
messages received= 0
signals received= 0
voluntary context switches= 0
involuntary context switches= 0


# summary of solver processes directly reported to runsolver:
#   pid: 3426
#   total CPU time (s): 290.078
#   total CPU user time (s): 289.438
#   total CPU system time (s): 0.640625

??? end of timestamper thread
runsolver used 0 second user time and 0 second system time

The end
