runsolver version 3.4.0 (svn: 3018) Copyright (C) 2010-2013 Olivier ROUSSEL

This program is distributed in the hope that it will be useful,
but WITHOUT ANY WARRANTY; without even the implied warranty of
MERCHANTABILITY or FITNESS FOR A PARTICULAR PURPOSE.  See the
GNU General Public License for more details.

command line: /home/kunalan/runsolver/src/runsolver -C 1200 -W 1200 --vsize-limit 16384 -w results_nprc/nprc_newground2_random_100_30_watch.log --var results_nprc/nprc_newground2_random_100_30_values.log python3 ../newground2.py ../instances/benchmark_instances/encodings/nprc_newground2.lp ../instances/benchmark_instances/graphs/random_100_30.lp 

running on 8 cores: 0-7

Enforcing CPUTime limit (soft limit, will send SIGTERM then SIGKILL): 1200 seconds
Enforcing CPUTime limit (hard limit, will send SIGXCPU): 1230 seconds
Enforcing wall clock limit (soft limit, will send SIGTERM then SIGKILL): 1200 seconds
Enforcing VSIZE limit (soft limit, will send SIGTERM then SIGKILL): 16777216 KiB
Enforcing VSIZE limit (hard limit, stack expansion will fail with SIGSEGV, brk() and mmap() will return ENOMEM): 16828416 KiB
Linux 4.4.0-22000-Microsoft
Current StackSize limit: 8192 KiB
solver pid=271, runsolver pid=269


[startup+0.100137 s]*
/proc/loadavg: 0.52 0.58 0.59 2/13 272
/proc/meminfo: memFree=12834680/16587228 swapFree=50050960/50331648
Current children cumulated CPU time: 0 s
Current children cumulated vsize: 0 KiB
Current children cumulated memory: 0 KiB

[startup+0.201277 s]*
/proc/loadavg: 0.52 0.58 0.59 2/13 272
/proc/meminfo: memFree=12818940/16587228 swapFree=50050960/50331648
Current children cumulated CPU time: 0 s
Current children cumulated vsize: 0 KiB
Current children cumulated memory: 0 KiB

[startup+0.301101 s]*
/proc/loadavg: 0.52 0.58 0.59 2/13 272
/proc/meminfo: memFree=12811824/16587228 swapFree=50050960/50331648
Current children cumulated CPU time: 0 s
Current children cumulated vsize: 0 KiB
Current children cumulated memory: 0 KiB

[startup+0.700129 s]
/proc/loadavg: 0.52 0.58 0.59 2/13 272
/proc/meminfo: memFree=12811672/16587228 swapFree=50050960/50331648
Current children cumulated CPU time: 0 s
Current children cumulated vsize: 0 KiB
Current children cumulated memory: 0 KiB

[startup+1.50006 s]
/proc/loadavg: 0.52 0.58 0.59 2/13 272
/proc/meminfo: memFree=12819068/16587228 swapFree=50050960/50331648
Current children cumulated CPU time: 0 s
Current children cumulated vsize: 0 KiB
Current children cumulated memory: 0 KiB

[startup+3.10123 s]
/proc/loadavg: 0.52 0.58 0.59 2/13 272
/proc/meminfo: memFree=12804304/16587228 swapFree=50050960/50331648
Current children cumulated CPU time: 0 s
Current children cumulated vsize: 0 KiB
Current children cumulated memory: 0 KiB
heavy processes:

[startup+6.30041 s]
/proc/loadavg: 0.52 0.58 0.59 2/13 272
/proc/meminfo: memFree=12804224/16587228 swapFree=50050964/50331648
Current children cumulated CPU time: 0 s
Current children cumulated vsize: 0 KiB
Current children cumulated memory: 0 KiB
heavy processes:

[startup+12.7003 s]
/proc/loadavg: 0.52 0.58 0.59 2/13 272
/proc/meminfo: memFree=12811944/16587228 swapFree=50050964/50331648
Current children cumulated CPU time: 0 s
Current children cumulated vsize: 0 KiB
Current children cumulated memory: 0 KiB
heavy processes:

[startup+25.5003 s]
/proc/loadavg: 0.52 0.58 0.59 2/13 272
/proc/meminfo: memFree=12812432/16587228 swapFree=50050968/50331648
Current children cumulated CPU time: 0 s
Current children cumulated vsize: 0 KiB
Current children cumulated memory: 0 KiB
heavy processes:

[startup+51.101 s]
/proc/loadavg: 0.52 0.58 0.59 2/13 273
/proc/meminfo: memFree=12825364/16587228 swapFree=50050968/50331648
Current children cumulated CPU time: 0 s
Current children cumulated vsize: 0 KiB
Current children cumulated memory: 0 KiB
heavy processes:

[startup+102.3 s]
/proc/loadavg: 0.52 0.58 0.59 2/13 274
/proc/meminfo: memFree=12844856/16587228 swapFree=50051896/50331648
Current children cumulated CPU time: 0 s
Current children cumulated vsize: 0 KiB
Current children cumulated memory: 0 KiB
heavy processes:

[startup+162.3 s]
/proc/loadavg: 0.52 0.58 0.59 2/13 280
/proc/meminfo: memFree=12142036/16587228 swapFree=50054384/50331648
Current children cumulated CPU time: 0 s
Current children cumulated vsize: 0 KiB
Current children cumulated memory: 0 KiB
heavy processes:

[startup+222.301 s]
/proc/loadavg: 0.52 0.58 0.59 2/13 280
/proc/meminfo: memFree=11604680/16587228 swapFree=50055132/50331648
Current children cumulated CPU time: 0 s
Current children cumulated vsize: 0 KiB
Current children cumulated memory: 0 KiB
heavy processes:

[startup+282.3 s]
/proc/loadavg: 0.52 0.58 0.59 2/13 280
/proc/meminfo: memFree=11628452/16587228 swapFree=50055184/50331648
Current children cumulated CPU time: 0 s
Current children cumulated vsize: 0 KiB
Current children cumulated memory: 0 KiB
heavy processes:

[startup+342.3 s]
/proc/loadavg: 0.52 0.58 0.59 2/13 280
/proc/meminfo: memFree=11618784/16587228 swapFree=50055280/50331648
Current children cumulated CPU time: 0 s
Current children cumulated vsize: 0 KiB
Current children cumulated memory: 0 KiB
heavy processes:

[startup+402.3 s]
/proc/loadavg: 0.52 0.58 0.59 2/13 280
/proc/meminfo: memFree=10548888/16587228 swapFree=50057492/50331648
Current children cumulated CPU time: 0 s
Current children cumulated vsize: 0 KiB
Current children cumulated memory: 0 KiB
heavy processes:

[startup+462.3 s]
/proc/loadavg: 0.52 0.58 0.59 2/13 280
/proc/meminfo: memFree=11457672/16587228 swapFree=50070296/50331648
Current children cumulated CPU time: 0 s
Current children cumulated vsize: 0 KiB
Current children cumulated memory: 0 KiB
heavy processes:

[startup+522.3 s]
/proc/loadavg: 0.52 0.58 0.59 2/13 280
/proc/meminfo: memFree=11498756/16587228 swapFree=50070364/50331648
Current children cumulated CPU time: 0 s
Current children cumulated vsize: 0 KiB
Current children cumulated memory: 0 KiB
heavy processes:

[startup+582.3 s]
/proc/loadavg: 0.52 0.58 0.59 2/13 280
/proc/meminfo: memFree=11492828/16587228 swapFree=50070372/50331648
Current children cumulated CPU time: 0 s
Current children cumulated vsize: 0 KiB
Current children cumulated memory: 0 KiB
heavy processes:

[startup+642.3 s]
/proc/loadavg: 0.52 0.58 0.59 2/13 280
/proc/meminfo: memFree=11495020/16587228 swapFree=50070428/50331648
Current children cumulated CPU time: 0 s
Current children cumulated vsize: 0 KiB
Current children cumulated memory: 0 KiB
heavy processes:

[startup+702.3 s]
/proc/loadavg: 0.52 0.58 0.59 2/13 280
/proc/meminfo: memFree=11497920/16587228 swapFree=50070448/50331648
Current children cumulated CPU time: 0 s
Current children cumulated vsize: 0 KiB
Current children cumulated memory: 0 KiB
heavy processes:

[startup+762.3 s]
/proc/loadavg: 0.52 0.58 0.59 2/13 280
/proc/meminfo: memFree=11492440/16587228 swapFree=50070788/50331648
Current children cumulated CPU time: 0 s
Current children cumulated vsize: 0 KiB
Current children cumulated memory: 0 KiB
heavy processes:

[startup+822.3 s]
/proc/loadavg: 0.52 0.58 0.59 2/13 281
/proc/meminfo: memFree=12661624/16587228 swapFree=50071028/50331648
Current children cumulated CPU time: 0 s
Current children cumulated vsize: 0 KiB
Current children cumulated memory: 0 KiB
heavy processes:

[startup+882.3 s]
/proc/loadavg: 0.52 0.58 0.59 2/13 281
/proc/meminfo: memFree=12792648/16587228 swapFree=50071040/50331648
Current children cumulated CPU time: 0 s
Current children cumulated vsize: 0 KiB
Current children cumulated memory: 0 KiB
heavy processes:

[startup+942.3 s]
/proc/loadavg: 0.52 0.58 0.59 2/13 281
/proc/meminfo: memFree=12790364/16587228 swapFree=50071052/50331648
Current children cumulated CPU time: 0 s
Current children cumulated vsize: 0 KiB
Current children cumulated memory: 0 KiB
heavy processes:

[startup+1002.3 s]
/proc/loadavg: 0.52 0.58 0.59 2/13 281
/proc/meminfo: memFree=12796504/16587228 swapFree=50071052/50331648
Current children cumulated CPU time: 0 s
Current children cumulated vsize: 0 KiB
Current children cumulated memory: 0 KiB
heavy processes:

[startup+1062.3 s]
/proc/loadavg: 0.52 0.58 0.59 2/13 281
/proc/meminfo: memFree=12778720/16587228 swapFree=50071328/50331648
Current children cumulated CPU time: 0 s
Current children cumulated vsize: 0 KiB
Current children cumulated memory: 0 KiB
heavy processes:

[startup+1122.3 s]
/proc/loadavg: 0.52 0.58 0.59 2/13 281
/proc/meminfo: memFree=12852116/16587228 swapFree=50071552/50331648
Current children cumulated CPU time: 0 s
Current children cumulated vsize: 0 KiB
Current children cumulated memory: 0 KiB
heavy processes:

[startup+1182.3 s]
/proc/loadavg: 0.52 0.58 0.59 2/13 282
/proc/meminfo: memFree=12847884/16587228 swapFree=50071556/50331648
Current children cumulated CPU time: 0 s
Current children cumulated vsize: 0 KiB
Current children cumulated memory: 0 KiB
heavy processes:



Maximum wall clock time exceeded: sending SIGTERM then SIGKILL

[startup+1200 s]*
/proc/loadavg: 0.52 0.58 0.59 2/13 282
/proc/meminfo: memFree=12810364/16587228 swapFree=50071560/50331648
Current children cumulated CPU time: 0 s
Current children cumulated vsize: 0 KiB
Current children cumulated memory: 0 KiB
heavy processes:

Sending SIGTERM to process tree (bottom up)
Sleeping 2 seconds

Sending SIGKILL to process tree (bottom up)
??? end of watcher thread

[startup+1233.94 s]
# the end of solver process 271 was just reported to runsolver
# cumulated CPU time of all completed processes:  user=1228.66 s, system=0.671875 s

Solver just ended.
Dumping a history of the last processes samples

[startup+1200.8 s]
/proc/loadavg: 0.52 0.58 0.59 2/13 282
/proc/meminfo: memFree=12810364/16587228 swapFree=50071560/50331648
Current children cumulated CPU time: 0 s
Current children cumulated vsize: 0 KiB
Current children cumulated memory: 0 KiB

[startup+1201.6 s]
/proc/loadavg: 0.52 0.58 0.59 2/13 282
/proc/meminfo: memFree=12805840/16587228 swapFree=50071560/50331648
Current children cumulated CPU time: 0 s
Current children cumulated vsize: 0 KiB
Current children cumulated memory: 0 KiB

[startup+1202 s]*
/proc/loadavg: 0.52 0.58 0.59 2/13 282
/proc/meminfo: memFree=12807364/16587228 swapFree=50071560/50331648
Current children cumulated CPU time: 0 s
Current children cumulated vsize: 0 KiB
Current children cumulated memory: 0 KiB

Child status: 1
Real time (s): 1233.94
CPU time (s): 1229.33
CPU user time (s): 1228.66
CPU system time (s): 0.671875
CPU usage (%): 99.6264
Max. virtual memory (cumulated for all children) (KiB): 0
Max. memory (cumulated for all children) (KiB): 0

getrusage(RUSAGE_CHILDREN,...) data:
user time used= 1228.66
system time used= 0.671875
maximum resident set size= 42732
integral shared memory size= 0
integral unshared data size= 0
integral unshared stack size= 0
page reclaims= 11535
page faults= 0
swaps= 0
block input operations= 0
block output operations= 0
messages sent= 0
messages received= 0
signals received= 0
voluntary context switches= 0
involuntary context switches= 0


# summary of solver processes directly reported to runsolver:
#   pid: 271
#   total CPU time (s): 1229.33
#   total CPU user time (s): 1228.66
#   total CPU system time (s): 0.671875

??? end of timestamper thread
runsolver used 0 second user time and 0.015625 second system time

The end
