runsolver version 3.4.0 (svn: 3018) Copyright (C) 2010-2013 Olivier ROUSSEL

This program is distributed in the hope that it will be useful,
but WITHOUT ANY WARRANTY; without even the implied warranty of
MERCHANTABILITY or FITNESS FOR A PARTICULAR PURPOSE.  See the
GNU General Public License for more details.

command line: /home/kunalan/runsolver/src/runsolver -C 1200 -W 1200 --vsize-limit 16384 -w results_nprc/nprc_newground_random_1000_100_watch.log --var results_nprc/nprc_newground_random_1000_100_values.log python3 ../newground2.py ../instances/benchmark_instances/encodings/nprc_newground.lp ../instances/benchmark_instances/graphs/random_1000_100.lp 

running on 8 cores: 0-7

Enforcing CPUTime limit (soft limit, will send SIGTERM then SIGKILL): 1200 seconds
Enforcing CPUTime limit (hard limit, will send SIGXCPU): 1230 seconds
Enforcing wall clock limit (soft limit, will send SIGTERM then SIGKILL): 1200 seconds
Enforcing VSIZE limit (soft limit, will send SIGTERM then SIGKILL): 16777216 KiB
Enforcing VSIZE limit (hard limit, stack expansion will fail with SIGSEGV, brk() and mmap() will return ENOMEM): 16828416 KiB
Linux 4.4.0-22000-Microsoft
solver pid=3346, runsolver pid=3344
Current StackSize limit: 8192 KiB


[startup+0.100505 s]*
/proc/loadavg: 0.52 0.58 0.59 2/13 3347
/proc/meminfo: memFree=11494420/16587228 swapFree=50197220/50331648
Current children cumulated CPU time: 0 s
Current children cumulated vsize: 0 KiB
Current children cumulated memory: 0 KiB

[startup+0.201155 s]*
/proc/loadavg: 0.52 0.58 0.59 2/13 3347
/proc/meminfo: memFree=11482608/16587228 swapFree=50197220/50331648
Current children cumulated CPU time: 0 s
Current children cumulated vsize: 0 KiB
Current children cumulated memory: 0 KiB

[startup+0.300757 s]*
/proc/loadavg: 0.52 0.58 0.59 2/13 3347
/proc/meminfo: memFree=11471776/16587228 swapFree=50197220/50331648
Current children cumulated CPU time: 0 s
Current children cumulated vsize: 0 KiB
Current children cumulated memory: 0 KiB

[startup+0.700368 s]
/proc/loadavg: 0.52 0.58 0.59 2/13 3347
/proc/meminfo: memFree=11478732/16587228 swapFree=50197220/50331648
Current children cumulated CPU time: 0 s
Current children cumulated vsize: 0 KiB
Current children cumulated memory: 0 KiB

[startup+1.50051 s]
/proc/loadavg: 0.52 0.58 0.59 2/13 3347
/proc/meminfo: memFree=11477340/16587228 swapFree=50197220/50331648
Current children cumulated CPU time: 0 s
Current children cumulated vsize: 0 KiB
Current children cumulated memory: 0 KiB

[startup+3.10102 s]
/proc/loadavg: 0.52 0.58 0.59 2/13 3347
/proc/meminfo: memFree=11476584/16587228 swapFree=50197220/50331648
Current children cumulated CPU time: 0 s
Current children cumulated vsize: 0 KiB
Current children cumulated memory: 0 KiB
heavy processes:

[startup+6.30014 s]
/proc/loadavg: 0.52 0.58 0.59 2/13 3347
/proc/meminfo: memFree=11476496/16587228 swapFree=50197220/50331648
Current children cumulated CPU time: 0 s
Current children cumulated vsize: 0 KiB
Current children cumulated memory: 0 KiB
heavy processes:

[startup+12.7006 s]
/proc/loadavg: 0.52 0.58 0.59 2/13 3347
/proc/meminfo: memFree=11476080/16587228 swapFree=50197220/50331648
Current children cumulated CPU time: 0 s
Current children cumulated vsize: 0 KiB
Current children cumulated memory: 0 KiB
heavy processes:

[startup+25.5001 s]
/proc/loadavg: 0.52 0.58 0.59 2/13 3347
/proc/meminfo: memFree=11474940/16587228 swapFree=50197220/50331648
Current children cumulated CPU time: 0 s
Current children cumulated vsize: 0 KiB
Current children cumulated memory: 0 KiB
heavy processes:

[startup+51.1013 s]
/proc/loadavg: 0.52 0.58 0.59 2/13 3347
/proc/meminfo: memFree=11468860/16587228 swapFree=50197220/50331648
Current children cumulated CPU time: 0 s
Current children cumulated vsize: 0 KiB
Current children cumulated memory: 0 KiB
heavy processes:

[startup+102.3 s]
/proc/loadavg: 0.52 0.58 0.59 2/13 3347
/proc/meminfo: memFree=11456228/16587228 swapFree=50197220/50331648
Current children cumulated CPU time: 0 s
Current children cumulated vsize: 0 KiB
Current children cumulated memory: 0 KiB
heavy processes:

[startup+162.301 s]
/proc/loadavg: 0.52 0.58 0.59 2/13 3347
/proc/meminfo: memFree=11424684/16587228 swapFree=50197220/50331648
Current children cumulated CPU time: 0 s
Current children cumulated vsize: 0 KiB
Current children cumulated memory: 0 KiB
heavy processes:

[startup+222.301 s]
/proc/loadavg: 0.52 0.58 0.59 2/13 3347
/proc/meminfo: memFree=11396644/16587228 swapFree=50197220/50331648
Current children cumulated CPU time: 0 s
Current children cumulated vsize: 0 KiB
Current children cumulated memory: 0 KiB
heavy processes:

[startup+282.301 s]
/proc/loadavg: 0.52 0.58 0.59 2/13 3347
/proc/meminfo: memFree=11353452/16587228 swapFree=50197220/50331648
Current children cumulated CPU time: 0 s
Current children cumulated vsize: 0 KiB
Current children cumulated memory: 0 KiB
heavy processes:

[startup+323.786 s]
# the end of solver process 3346 was just reported to runsolver
# cumulated CPU time of all completed processes:  user=322.75 s, system=0.890625 s

Solver just ended.
??? end of watcher thread
Dumping a history of the last processes samples

[startup+307.2 s]
/proc/loadavg: 0.52 0.58 0.59 2/13 3347
/proc/meminfo: memFree=11258988/16587228 swapFree=50197220/50331648
Current children cumulated CPU time: 0 s
Current children cumulated vsize: 0 KiB
Current children cumulated memory: 0 KiB

[startup+313.6 s]
/proc/loadavg: 0.52 0.58 0.59 2/13 3347
/proc/meminfo: memFree=11259652/16587228 swapFree=50197220/50331648
Current children cumulated CPU time: 0 s
Current children cumulated vsize: 0 KiB
Current children cumulated memory: 0 KiB

[startup+320 s]*
/proc/loadavg: 0.52 0.58 0.59 2/13 3347
/proc/meminfo: memFree=11255900/16587228 swapFree=50197220/50331648
Current children cumulated CPU time: 0 s
Current children cumulated vsize: 0 KiB
Current children cumulated memory: 0 KiB

[startup+321.6 s]
/proc/loadavg: 0.52 0.58 0.59 2/13 3347
/proc/meminfo: memFree=11256080/16587228 swapFree=50197220/50331648
Current children cumulated CPU time: 0 s
Current children cumulated vsize: 0 KiB
Current children cumulated memory: 0 KiB

[startup+322.4 s]
/proc/loadavg: 0.52 0.58 0.59 3/13 3347
/proc/meminfo: memFree=11256096/16587228 swapFree=50197220/50331648
Current children cumulated CPU time: 0 s
Current children cumulated vsize: 0 KiB
Current children cumulated memory: 0 KiB

[startup+323.2 s]
/proc/loadavg: 0.52 0.58 0.59 2/13 3347
/proc/meminfo: memFree=11256096/16587228 swapFree=50197220/50331648
Current children cumulated CPU time: 0 s
Current children cumulated vsize: 0 KiB
Current children cumulated memory: 0 KiB

[startup+323.6 s]
/proc/loadavg: 0.52 0.58 0.59 2/13 3347
/proc/meminfo: memFree=11256096/16587228 swapFree=50197220/50331648
Current children cumulated CPU time: 0 s
Current children cumulated vsize: 0 KiB
Current children cumulated memory: 0 KiB

[startup+323.7 s]
/proc/loadavg: 0.52 0.58 0.59 2/13 3347
/proc/meminfo: memFree=11256096/16587228 swapFree=50197220/50331648
Current children cumulated CPU time: 0 s
Current children cumulated vsize: 0 KiB
Current children cumulated memory: 0 KiB

Child status: 0
Real time (s): 323.786
CPU time (s): 323.641
CPU user time (s): 322.75
CPU system time (s): 0.890625
CPU usage (%): 99.9552
Max. virtual memory (cumulated for all children) (KiB): 0
Max. memory (cumulated for all children) (KiB): 0

getrusage(RUSAGE_CHILDREN,...) data:
user time used= 322.75
system time used= 0.890625
maximum resident set size= 320108
integral shared memory size= 0
integral unshared data size= 0
integral unshared stack size= 0
page reclaims= 103503
page faults= 0
swaps= 0
block input operations= 0
block output operations= 0
messages sent= 0
messages received= 0
signals received= 0
voluntary context switches= 0
involuntary context switches= 0


# summary of solver processes directly reported to runsolver:
#   pid: 3346
#   total CPU time (s): 323.641
#   total CPU user time (s): 322.75
#   total CPU system time (s): 0.890625

??? end of timestamper thread
runsolver used 0 second user time and 0.015625 second system time

The end
