runsolver version 3.4.0 (svn: 3018) Copyright (C) 2010-2013 Olivier ROUSSEL

This program is distributed in the hope that it will be useful,
but WITHOUT ANY WARRANTY; without even the implied warranty of
MERCHANTABILITY or FITNESS FOR A PARTICULAR PURPOSE.  See the
GNU General Public License for more details.

command line: /home/kunalan/runsolver/src/runsolver -C 1200 -W 1200 --vsize-limit 16384 -w results_nprc/nprc_gringo_random_200_10_watch.log --var results_nprc/nprc_gringo_random_200_10_values.log gringo --verbose=2 --output text ../instances/benchmark_instances/encodings/nprc_gringo.lp ../instances/benchmark_instances/graphs/random_200_10.lp 

running on 8 cores: 0-7

Enforcing CPUTime limit (soft limit, will send SIGTERM then SIGKILL): 1200 seconds
Enforcing CPUTime limit (hard limit, will send SIGXCPU): 1230 seconds
Enforcing wall clock limit (soft limit, will send SIGTERM then SIGKILL): 1200 seconds
Enforcing VSIZE limit (soft limit, will send SIGTERM then SIGKILL): 16777216 KiB
Enforcing VSIZE limit (hard limit, stack expansion will fail with SIGSEGV, brk() and mmap() will return ENOMEM): 16828416 KiB
Linux 4.4.0-22000-Microsoft
Current StackSize limit: 8192 KiB
solver pid=742, runsolver pid=740


[startup+0.100532 s]*
/proc/loadavg: 0.52 0.58 0.59 2/13 743
/proc/meminfo: memFree=12567932/16587228 swapFree=50111092/50331648
Current children cumulated CPU time: 0 s
Current children cumulated vsize: 0 KiB
Current children cumulated memory: 0 KiB

[startup+0.201152 s]*
/proc/loadavg: 0.52 0.58 0.59 3/13 743
/proc/meminfo: memFree=12567824/16587228 swapFree=50111092/50331648
Current children cumulated CPU time: 0 s
Current children cumulated vsize: 0 KiB
Current children cumulated memory: 0 KiB

[startup+0.300898 s]*
/proc/loadavg: 0.52 0.58 0.59 2/13 743
/proc/meminfo: memFree=12567940/16587228 swapFree=50111092/50331648
Current children cumulated CPU time: 0 s
Current children cumulated vsize: 0 KiB
Current children cumulated memory: 0 KiB

[startup+0.700516 s]
/proc/loadavg: 0.52 0.58 0.59 2/13 743
/proc/meminfo: memFree=12567940/16587228 swapFree=50111092/50331648
Current children cumulated CPU time: 0 s
Current children cumulated vsize: 0 KiB
Current children cumulated memory: 0 KiB

[startup+1.50007 s]
/proc/loadavg: 0.52 0.58 0.59 2/13 743
/proc/meminfo: memFree=12564040/16587228 swapFree=50111092/50331648
Current children cumulated CPU time: 0 s
Current children cumulated vsize: 0 KiB
Current children cumulated memory: 0 KiB

[startup+3.10122 s]
/proc/loadavg: 0.52 0.58 0.59 3/13 743
/proc/meminfo: memFree=12564264/16587228 swapFree=50111092/50331648
Current children cumulated CPU time: 0 s
Current children cumulated vsize: 0 KiB
Current children cumulated memory: 0 KiB
heavy processes:

[startup+6.30047 s]
/proc/loadavg: 0.52 0.58 0.59 2/13 743
/proc/meminfo: memFree=12564428/16587228 swapFree=50111092/50331648
Current children cumulated CPU time: 0 s
Current children cumulated vsize: 0 KiB
Current children cumulated memory: 0 KiB
heavy processes:

[startup+12.7003 s]
/proc/loadavg: 0.52 0.58 0.59 2/13 743
/proc/meminfo: memFree=12567908/16587228 swapFree=50111092/50331648
Current children cumulated CPU time: 0 s
Current children cumulated vsize: 0 KiB
Current children cumulated memory: 0 KiB
heavy processes:

[startup+25.5001 s]
/proc/loadavg: 0.52 0.58 0.59 2/13 743
/proc/meminfo: memFree=12570976/16587228 swapFree=50111092/50331648
Current children cumulated CPU time: 0 s
Current children cumulated vsize: 0 KiB
Current children cumulated memory: 0 KiB
heavy processes:

[startup+51.101 s]
/proc/loadavg: 0.52 0.58 0.59 3/13 743
/proc/meminfo: memFree=12586520/16587228 swapFree=50111092/50331648
Current children cumulated CPU time: 0 s
Current children cumulated vsize: 0 KiB
Current children cumulated memory: 0 KiB
heavy processes:

[startup+102.3 s]
/proc/loadavg: 0.52 0.58 0.59 3/13 743
/proc/meminfo: memFree=12586156/16587228 swapFree=50111092/50331648
Current children cumulated CPU time: 0 s
Current children cumulated vsize: 0 KiB
Current children cumulated memory: 0 KiB
heavy processes:

[startup+162.3 s]
/proc/loadavg: 0.52 0.58 0.59 2/13 743
/proc/meminfo: memFree=12536404/16587228 swapFree=50111232/50331648
Current children cumulated CPU time: 0 s
Current children cumulated vsize: 0 KiB
Current children cumulated memory: 0 KiB
heavy processes:

[startup+222.3 s]
/proc/loadavg: 0.52 0.58 0.59 3/13 743
/proc/meminfo: memFree=12548120/16587228 swapFree=50111232/50331648
Current children cumulated CPU time: 0 s
Current children cumulated vsize: 0 KiB
Current children cumulated memory: 0 KiB
heavy processes:

[startup+276.849 s]
# the end of solver process 742 was just reported to runsolver
# cumulated CPU time of all completed processes:  user=268.734 s, system=7.78125 s

Solver just ended.
??? end of watcher thread
Dumping a history of the last processes samples

[startup+230.4 s]
/proc/loadavg: 0.52 0.58 0.59 3/13 743
/proc/meminfo: memFree=12548436/16587228 swapFree=50111232/50331648
Current children cumulated CPU time: 0 s
Current children cumulated vsize: 0 KiB
Current children cumulated memory: 0 KiB

[startup+256 s]*
/proc/loadavg: 0.52 0.58 0.59 3/13 743
/proc/meminfo: memFree=12554364/16587228 swapFree=50111232/50331648
Current children cumulated CPU time: 0 s
Current children cumulated vsize: 0 KiB
Current children cumulated memory: 0 KiB

[startup+268.8 s]
/proc/loadavg: 0.52 0.58 0.59 3/13 743
/proc/meminfo: memFree=12554976/16587228 swapFree=50111232/50331648
Current children cumulated CPU time: 0 s
Current children cumulated vsize: 0 KiB
Current children cumulated memory: 0 KiB

[startup+272 s]*
/proc/loadavg: 0.52 0.58 0.59 2/13 743
/proc/meminfo: memFree=12555532/16587228 swapFree=50111232/50331648
Current children cumulated CPU time: 0 s
Current children cumulated vsize: 0 KiB
Current children cumulated memory: 0 KiB

[startup+275.2 s]
/proc/loadavg: 0.52 0.58 0.59 2/13 743
/proc/meminfo: memFree=12555372/16587228 swapFree=50111232/50331648
Current children cumulated CPU time: 0 s
Current children cumulated vsize: 0 KiB
Current children cumulated memory: 0 KiB

[startup+276 s]*
/proc/loadavg: 0.52 0.58 0.59 3/13 743
/proc/meminfo: memFree=12555432/16587228 swapFree=50111232/50331648
Current children cumulated CPU time: 0 s
Current children cumulated vsize: 0 KiB
Current children cumulated memory: 0 KiB

[startup+276.4 s]
/proc/loadavg: 0.52 0.58 0.59 3/13 743
/proc/meminfo: memFree=12555432/16587228 swapFree=50111232/50331648
Current children cumulated CPU time: 0 s
Current children cumulated vsize: 0 KiB
Current children cumulated memory: 0 KiB

[startup+276.8 s]
/proc/loadavg: 0.52 0.58 0.59 3/13 743
/proc/meminfo: memFree=12555432/16587228 swapFree=50111232/50331648
Current children cumulated CPU time: 0 s
Current children cumulated vsize: 0 KiB
Current children cumulated memory: 0 KiB

Child status: 0
Real time (s): 276.849
CPU time (s): 276.516
CPU user time (s): 268.734
CPU system time (s): 7.78125
CPU usage (%): 99.8797
Max. virtual memory (cumulated for all children) (KiB): 0
Max. memory (cumulated for all children) (KiB): 0

getrusage(RUSAGE_CHILDREN,...) data:
user time used= 268.734
system time used= 7.78125
maximum resident set size= 7428
integral shared memory size= 0
integral unshared data size= 0
integral unshared stack size= 0
page reclaims= 2322
page faults= 0
swaps= 0
block input operations= 0
block output operations= 0
messages sent= 0
messages received= 0
signals received= 0
voluntary context switches= 0
involuntary context switches= 0


# summary of solver processes directly reported to runsolver:
#   pid: 742
#   total CPU time (s): 276.516
#   total CPU user time (s): 268.734
#   total CPU system time (s): 7.78125

??? end of timestamper thread
runsolver used 0 second user time and 0.015625 second system time

The end
