runsolver version 3.4.0 (svn: 3018) Copyright (C) 2010-2013 Olivier ROUSSEL

This program is distributed in the hope that it will be useful,
but WITHOUT ANY WARRANTY; without even the implied warranty of
MERCHANTABILITY or FITNESS FOR A PARTICULAR PURPOSE.  See the
GNU General Public License for more details.

command line: /home/kunalan/runsolver/src/runsolver -C 1200 -W 1200 --vsize-limit 16384 -w results_nprc/nprc_newground2_random_700_20_watch.log --var results_nprc/nprc_newground2_random_700_20_values.log python3 ../newground2.py ../instances/benchmark_instances/encodings/nprc_newground2.lp ../instances/benchmark_instances/graphs/random_700_20.lp 

running on 8 cores: 0-7

Enforcing CPUTime limit (soft limit, will send SIGTERM then SIGKILL): 1200 seconds
Enforcing CPUTime limit (hard limit, will send SIGXCPU): 1230 seconds
Enforcing wall clock limit (soft limit, will send SIGTERM then SIGKILL): 1200 seconds
Enforcing VSIZE limit (soft limit, will send SIGTERM then SIGKILL): 16777216 KiB
Enforcing VSIZE limit (hard limit, stack expansion will fail with SIGSEGV, brk() and mmap() will return ENOMEM): 16828416 KiB
Linux 4.4.0-22000-Microsoft
Current StackSize limit: 8192 KiB

solver pid=3138, runsolver pid=3136

[startup+0.100558 s]*
/proc/loadavg: 0.52 0.58 0.59 2/13 3139
/proc/meminfo: memFree=11643736/16587228 swapFree=50194140/50331648
Current children cumulated CPU time: 0 s
Current children cumulated vsize: 0 KiB
Current children cumulated memory: 0 KiB

[startup+0.201332 s]*
/proc/loadavg: 0.52 0.58 0.59 2/13 3139
/proc/meminfo: memFree=11631684/16587228 swapFree=50194140/50331648
Current children cumulated CPU time: 0 s
Current children cumulated vsize: 0 KiB
Current children cumulated memory: 0 KiB

[startup+0.301087 s]*
/proc/loadavg: 0.52 0.58 0.59 2/13 3139
/proc/meminfo: memFree=11620560/16587228 swapFree=50194140/50331648
Current children cumulated CPU time: 0 s
Current children cumulated vsize: 0 KiB
Current children cumulated memory: 0 KiB

[startup+0.70056 s]
/proc/loadavg: 0.52 0.58 0.59 2/13 3139
/proc/meminfo: memFree=11620548/16587228 swapFree=50194140/50331648
Current children cumulated CPU time: 0 s
Current children cumulated vsize: 0 KiB
Current children cumulated memory: 0 KiB

[startup+1.50058 s]
/proc/loadavg: 0.52 0.58 0.59 2/13 3140
/proc/meminfo: memFree=11621684/16587228 swapFree=50194140/50331648
Current children cumulated CPU time: 0 s
Current children cumulated vsize: 0 KiB
Current children cumulated memory: 0 KiB

[startup+3.10083 s]
/proc/loadavg: 0.52 0.58 0.59 2/13 3140
/proc/meminfo: memFree=11624388/16587228 swapFree=50194140/50331648
Current children cumulated CPU time: 0 s
Current children cumulated vsize: 0 KiB
Current children cumulated memory: 0 KiB
heavy processes:

[startup+6.30051 s]
/proc/loadavg: 0.52 0.58 0.59 2/13 3140
/proc/meminfo: memFree=11620824/16587228 swapFree=50194140/50331648
Current children cumulated CPU time: 0 s
Current children cumulated vsize: 0 KiB
Current children cumulated memory: 0 KiB
heavy processes:

[startup+7.15607 s]
# the end of solver process 3138 was just reported to runsolver
# cumulated CPU time of all completed processes:  user=7.03125 s, system=0.09375 s

Solver just ended.
??? end of watcher thread
Dumping a history of the last processes samples

[startup+6.40126 s]
/proc/loadavg: 0.52 0.58 0.59 2/13 3140
/proc/meminfo: memFree=11620768/16587228 swapFree=50194140/50331648
Current children cumulated CPU time: 0 s
Current children cumulated vsize: 0 KiB
Current children cumulated memory: 0 KiB

[startup+6.8004 s]
/proc/loadavg: 0.52 0.58 0.59 2/13 3140
/proc/meminfo: memFree=11620768/16587228 swapFree=50194140/50331648
Current children cumulated CPU time: 0 s
Current children cumulated vsize: 0 KiB
Current children cumulated memory: 0 KiB

[startup+7.00034 s]*
/proc/loadavg: 0.52 0.58 0.59 2/13 3140
/proc/meminfo: memFree=11622412/16587228 swapFree=50194140/50331648
Current children cumulated CPU time: 0 s
Current children cumulated vsize: 0 KiB
Current children cumulated memory: 0 KiB

[startup+7.101 s]
/proc/loadavg: 0.52 0.58 0.59 2/13 3140
/proc/meminfo: memFree=11622412/16587228 swapFree=50194140/50331648
Current children cumulated CPU time: 0 s
Current children cumulated vsize: 0 KiB
Current children cumulated memory: 0 KiB

Child status: 1
Real time (s): 7.15613
CPU time (s): 7.125
CPU user time (s): 7.03125
CPU system time (s): 0.09375
CPU usage (%): 99.5649
Max. virtual memory (cumulated for all children) (KiB): 0
Max. memory (cumulated for all children) (KiB): 0

getrusage(RUSAGE_CHILDREN,...) data:
user time used= 7.03125
system time used= 0.09375
maximum resident set size= 28204
integral shared memory size= 0
integral unshared data size= 0
integral unshared stack size= 0
page reclaims= 7485
page faults= 0
swaps= 0
block input operations= 0
block output operations= 0
messages sent= 0
messages received= 0
signals received= 0
voluntary context switches= 0
involuntary context switches= 0


# summary of solver processes directly reported to runsolver:
#   pid: 3138
#   total CPU time (s): 7.125
#   total CPU user time (s): 7.03125
#   total CPU system time (s): 0.09375

??? end of timestamper thread
runsolver used 0 second user time and 0.015625 second system time

The end
