runsolver version 3.4.0 (svn: 3018) Copyright (C) 2010-2013 Olivier ROUSSEL

This program is distributed in the hope that it will be useful,
but WITHOUT ANY WARRANTY; without even the implied warranty of
MERCHANTABILITY or FITNESS FOR A PARTICULAR PURPOSE.  See the
GNU General Public License for more details.

command line: /home/kunalan/runsolver/src/runsolver -C 1200 -W 1200 --vsize-limit 16384 -w results_nprc/nprc_newground2_random_35_50_watch.log --var results_nprc/nprc_newground2_random_35_50_values.log python3 ../newground2.py ../instances/benchmark_instances/encodings/nprc_newground2.lp ../instances/benchmark_instances/graphs/random_35_50.lp 

running on 8 cores: 0-7

Enforcing CPUTime limit (soft limit, will send SIGTERM then SIGKILL): 1200 seconds
Enforcing CPUTime limit (hard limit, will send SIGXCPU): 1230 seconds
Enforcing wall clock limit (soft limit, will send SIGTERM then SIGKILL): 1200 seconds
Enforcing VSIZE limit (soft limit, will send SIGTERM then SIGKILL): 16777216 KiB
Enforcing VSIZE limit (hard limit, stack expansion will fail with SIGSEGV, brk() and mmap() will return ENOMEM): 16828416 KiB
Linux 4.4.0-22000-Microsoft
solver pid=1827, runsolver pid=1825
Current StackSize limit: 8192 KiB


[startup+0.100406 s]*
/proc/loadavg: 0.52 0.58 0.59 2/13 1828
/proc/meminfo: memFree=11620796/16587228 swapFree=50193836/50331648
Current children cumulated CPU time: 0 s
Current children cumulated vsize: 0 KiB
Current children cumulated memory: 0 KiB

[startup+0.201124 s]*
/proc/loadavg: 0.52 0.58 0.59 2/13 1828
/proc/meminfo: memFree=11602884/16587228 swapFree=50193836/50331648
Current children cumulated CPU time: 0 s
Current children cumulated vsize: 0 KiB
Current children cumulated memory: 0 KiB

[startup+0.300849 s]*
/proc/loadavg: 0.52 0.58 0.59 2/13 1828
/proc/meminfo: memFree=11601836/16587228 swapFree=50193836/50331648
Current children cumulated CPU time: 0 s
Current children cumulated vsize: 0 KiB
Current children cumulated memory: 0 KiB

[startup+0.700359 s]
/proc/loadavg: 0.52 0.58 0.59 2/13 1828
/proc/meminfo: memFree=11601632/16587228 swapFree=50193836/50331648
Current children cumulated CPU time: 0 s
Current children cumulated vsize: 0 KiB
Current children cumulated memory: 0 KiB

[startup+1.50044 s]
/proc/loadavg: 0.52 0.58 0.59 2/13 1828
/proc/meminfo: memFree=11599516/16587228 swapFree=50193836/50331648
Current children cumulated CPU time: 0 s
Current children cumulated vsize: 0 KiB
Current children cumulated memory: 0 KiB

[startup+3.10089 s]
/proc/loadavg: 0.52 0.58 0.59 2/13 1829
/proc/meminfo: memFree=11594184/16587228 swapFree=50193836/50331648
Current children cumulated CPU time: 0 s
Current children cumulated vsize: 0 KiB
Current children cumulated memory: 0 KiB
heavy processes:

[startup+6.30028 s]
/proc/loadavg: 0.52 0.58 0.59 2/13 1829
/proc/meminfo: memFree=11594504/16587228 swapFree=50193836/50331648
Current children cumulated CPU time: 0 s
Current children cumulated vsize: 0 KiB
Current children cumulated memory: 0 KiB
heavy processes:

[startup+7.13455 s]
# the end of solver process 1827 was just reported to runsolver
# cumulated CPU time of all completed processes:  user=7.01562 s, system=0.09375 s

Solver just ended.
??? end of watcher thread
Dumping a history of the last processes samples

[startup+6.40109 s]
/proc/loadavg: 0.52 0.58 0.59 2/13 1829
/proc/meminfo: memFree=11594504/16587228 swapFree=50193836/50331648
Current children cumulated CPU time: 0 s
Current children cumulated vsize: 0 KiB
Current children cumulated memory: 0 KiB

[startup+6.8004 s]
/proc/loadavg: 0.52 0.58 0.59 2/13 1829
/proc/meminfo: memFree=11594504/16587228 swapFree=50193836/50331648
Current children cumulated CPU time: 0 s
Current children cumulated vsize: 0 KiB
Current children cumulated memory: 0 KiB

[startup+7.00035 s]*
/proc/loadavg: 0.52 0.58 0.59 2/13 1829
/proc/meminfo: memFree=11594480/16587228 swapFree=50193836/50331648
Current children cumulated CPU time: 0 s
Current children cumulated vsize: 0 KiB
Current children cumulated memory: 0 KiB

[startup+7.10107 s]
/proc/loadavg: 0.52 0.58 0.59 2/13 1829
/proc/meminfo: memFree=11594480/16587228 swapFree=50193836/50331648
Current children cumulated CPU time: 0 s
Current children cumulated vsize: 0 KiB
Current children cumulated memory: 0 KiB

Child status: 1
Real time (s): 7.13463
CPU time (s): 7.10938
CPU user time (s): 7.01562
CPU system time (s): 0.09375
CPU usage (%): 99.646
Max. virtual memory (cumulated for all children) (KiB): 0
Max. memory (cumulated for all children) (KiB): 0

getrusage(RUSAGE_CHILDREN,...) data:
user time used= 7.01562
system time used= 0.09375
maximum resident set size= 26144
integral shared memory size= 0
integral unshared data size= 0
integral unshared stack size= 0
page reclaims= 6841
page faults= 0
swaps= 0
block input operations= 0
block output operations= 0
messages sent= 0
messages received= 0
signals received= 0
voluntary context switches= 0
involuntary context switches= 0


# summary of solver processes directly reported to runsolver:
#   pid: 1827
#   total CPU time (s): 7.10938
#   total CPU user time (s): 7.01562
#   total CPU system time (s): 0.09375

??? end of timestamper thread
runsolver used 0.015625 second user time and 0 second system time

The end
