runsolver version 3.4.0 (svn: 3018) Copyright (C) 2010-2013 Olivier ROUSSEL

This program is distributed in the hope that it will be useful,
but WITHOUT ANY WARRANTY; without even the implied warranty of
MERCHANTABILITY or FITNESS FOR A PARTICULAR PURPOSE.  See the
GNU General Public License for more details.

command line: /home/kunalan/runsolver/src/runsolver -C 1200 -W 1200 --vsize-limit 16384 -w results_nprc/nprc_newground_random_1200_30_watch.log --var results_nprc/nprc_newground_random_1200_30_values.log python3 ../newground2.py ../instances/benchmark_instances/encodings/nprc_newground.lp ../instances/benchmark_instances/graphs/random_1200_30.lp 

running on 8 cores: 0-7

Enforcing CPUTime limit (soft limit, will send SIGTERM then SIGKILL): 1200 seconds
Enforcing CPUTime limit (hard limit, will send SIGXCPU): 1230 seconds
Enforcing wall clock limit (soft limit, will send SIGTERM then SIGKILL): 1200 seconds
Enforcing VSIZE limit (soft limit, will send SIGTERM then SIGKILL): 16777216 KiB
Enforcing VSIZE limit (hard limit, stack expansion will fail with SIGSEGV, brk() and mmap() will return ENOMEM): 16828416 KiB
Linux 4.4.0-22000-Microsoft
solver pid=3460, runsolver pid=3458
Current StackSize limit: 8192 KiB


[startup+0.100543 s]*
/proc/loadavg: 0.52 0.58 0.59 2/13 3461
/proc/meminfo: memFree=11533848/16587228 swapFree=50202276/50331648
Current children cumulated CPU time: 0 s
Current children cumulated vsize: 0 KiB
Current children cumulated memory: 0 KiB

[startup+0.201004 s]*
/proc/loadavg: 0.52 0.58 0.59 2/13 3461
/proc/meminfo: memFree=11530568/16587228 swapFree=50202276/50331648
Current children cumulated CPU time: 0 s
Current children cumulated vsize: 0 KiB
Current children cumulated memory: 0 KiB

[startup+0.301155 s]*
/proc/loadavg: 0.52 0.58 0.59 2/13 3461
/proc/meminfo: memFree=11514288/16587228 swapFree=50202276/50331648
Current children cumulated CPU time: 0 s
Current children cumulated vsize: 0 KiB
Current children cumulated memory: 0 KiB

[startup+0.700156 s]
/proc/loadavg: 0.52 0.58 0.59 2/13 3461
/proc/meminfo: memFree=11513240/16587228 swapFree=50202276/50331648
Current children cumulated CPU time: 0 s
Current children cumulated vsize: 0 KiB
Current children cumulated memory: 0 KiB

[startup+1.50034 s]
/proc/loadavg: 0.52 0.58 0.59 2/13 3461
/proc/meminfo: memFree=11512248/16587228 swapFree=50202276/50331648
Current children cumulated CPU time: 0 s
Current children cumulated vsize: 0 KiB
Current children cumulated memory: 0 KiB

[startup+3.10103 s]
/proc/loadavg: 0.52 0.58 0.59 2/13 3461
/proc/meminfo: memFree=11509884/16587228 swapFree=50202276/50331648
Current children cumulated CPU time: 0 s
Current children cumulated vsize: 0 KiB
Current children cumulated memory: 0 KiB
heavy processes:

[startup+6.30018 s]
/proc/loadavg: 0.52 0.58 0.59 2/13 3461
/proc/meminfo: memFree=11509200/16587228 swapFree=50202276/50331648
Current children cumulated CPU time: 0 s
Current children cumulated vsize: 0 KiB
Current children cumulated memory: 0 KiB
heavy processes:

[startup+12.7005 s]
/proc/loadavg: 0.52 0.58 0.59 2/13 3461
/proc/meminfo: memFree=11508140/16587228 swapFree=50202276/50331648
Current children cumulated CPU time: 0 s
Current children cumulated vsize: 0 KiB
Current children cumulated memory: 0 KiB
heavy processes:

[startup+25.5006 s]
/proc/loadavg: 0.52 0.58 0.59 2/13 3461
/proc/meminfo: memFree=11508284/16587228 swapFree=50202276/50331648
Current children cumulated CPU time: 0 s
Current children cumulated vsize: 0 KiB
Current children cumulated memory: 0 KiB
heavy processes:

[startup+51.1012 s]
/proc/loadavg: 0.52 0.58 0.59 2/13 3461
/proc/meminfo: memFree=11501164/16587228 swapFree=50202276/50331648
Current children cumulated CPU time: 0 s
Current children cumulated vsize: 0 KiB
Current children cumulated memory: 0 KiB
heavy processes:

[startup+102.3 s]
/proc/loadavg: 0.52 0.58 0.59 2/13 3461
/proc/meminfo: memFree=11490576/16587228 swapFree=50202276/50331648
Current children cumulated CPU time: 0 s
Current children cumulated vsize: 0 KiB
Current children cumulated memory: 0 KiB
heavy processes:

[startup+162.301 s]
/proc/loadavg: 0.52 0.58 0.59 2/13 3461
/proc/meminfo: memFree=11351308/16587228 swapFree=50202276/50331648
Current children cumulated CPU time: 0 s
Current children cumulated vsize: 0 KiB
Current children cumulated memory: 0 KiB
heavy processes:

[startup+177.088 s]
# the end of solver process 3460 was just reported to runsolver
# cumulated CPU time of all completed processes:  user=176.359 s, system=0.640625 s

Solver just ended.
??? end of watcher thread
Dumping a history of the last processes samples

[startup+166.401 s]
/proc/loadavg: 0.52 0.58 0.59 2/13 3461
/proc/meminfo: memFree=11351728/16587228 swapFree=50202276/50331648
Current children cumulated CPU time: 0 s
Current children cumulated vsize: 0 KiB
Current children cumulated memory: 0 KiB

[startup+172.8 s]
/proc/loadavg: 0.52 0.58 0.59 2/13 3461
/proc/meminfo: memFree=11351860/16587228 swapFree=50202276/50331648
Current children cumulated CPU time: 0 s
Current children cumulated vsize: 0 KiB
Current children cumulated memory: 0 KiB

[startup+174.4 s]
/proc/loadavg: 0.52 0.58 0.59 2/13 3461
/proc/meminfo: memFree=11351900/16587228 swapFree=50202276/50331648
Current children cumulated CPU time: 0 s
Current children cumulated vsize: 0 KiB
Current children cumulated memory: 0 KiB

[startup+176 s]*
/proc/loadavg: 0.52 0.58 0.59 2/13 3461
/proc/meminfo: memFree=11351932/16587228 swapFree=50202276/50331648
Current children cumulated CPU time: 0 s
Current children cumulated vsize: 0 KiB
Current children cumulated memory: 0 KiB

[startup+176.8 s]
/proc/loadavg: 0.52 0.58 0.59 2/13 3461
/proc/meminfo: memFree=11351932/16587228 swapFree=50202276/50331648
Current children cumulated CPU time: 0 s
Current children cumulated vsize: 0 KiB
Current children cumulated memory: 0 KiB

[startup+177 s]*
/proc/loadavg: 0.52 0.58 0.59 2/13 3461
/proc/meminfo: memFree=11439908/16587228 swapFree=50202276/50331648
Current children cumulated CPU time: 0 s
Current children cumulated vsize: 0 KiB
Current children cumulated memory: 0 KiB

Child status: 0
Real time (s): 177.088
CPU time (s): 177
CPU user time (s): 176.359
CPU system time (s): 0.640625
CPU usage (%): 99.9501
Max. virtual memory (cumulated for all children) (KiB): 0
Max. memory (cumulated for all children) (KiB): 0

getrusage(RUSAGE_CHILDREN,...) data:
user time used= 176.359
system time used= 0.640625
maximum resident set size= 310416
integral shared memory size= 0
integral unshared data size= 0
integral unshared stack size= 0
page reclaims= 113705
page faults= 0
swaps= 0
block input operations= 0
block output operations= 0
messages sent= 0
messages received= 0
signals received= 0
voluntary context switches= 0
involuntary context switches= 0


# summary of solver processes directly reported to runsolver:
#   pid: 3460
#   total CPU time (s): 177
#   total CPU user time (s): 176.359
#   total CPU system time (s): 0.640625

??? end of timestamper thread
runsolver used 0 second user time and 0 second system time

The end
