runsolver version 3.4.0 (svn: 3018) Copyright (C) 2010-2013 Olivier ROUSSEL

This program is distributed in the hope that it will be useful,
but WITHOUT ANY WARRANTY; without even the implied warranty of
MERCHANTABILITY or FITNESS FOR A PARTICULAR PURPOSE.  See the
GNU General Public License for more details.

command line: /home/kunalan/runsolver/src/runsolver -C 1200 -W 1200 --vsize-limit 16384 -w results_nprc/nprc_newground_random_1100_30_watch.log --var results_nprc/nprc_newground_random_1100_30_values.log python3 ../newground2.py ../instances/benchmark_instances/encodings/nprc_newground.lp ../instances/benchmark_instances/graphs/random_1100_30.lp 

running on 8 cores: 0-7

Enforcing CPUTime limit (soft limit, will send SIGTERM then SIGKILL): 1200 seconds
Enforcing CPUTime limit (hard limit, will send SIGXCPU): 1230 seconds
Enforcing wall clock limit (soft limit, will send SIGTERM then SIGKILL): 1200 seconds
Enforcing VSIZE limit (soft limit, will send SIGTERM then SIGKILL): 16777216 KiB
Enforcing VSIZE limit (hard limit, stack expansion will fail with SIGSEGV, brk() and mmap() will return ENOMEM): 16828416 KiB
Linux 4.4.0-22000-Microsoft
solver pid=3406, runsolver pid=3404
Current StackSize limit: 8192 KiB


[startup+0.100195 s]*
/proc/loadavg: 0.52 0.58 0.59 2/13 3407
/proc/meminfo: memFree=11546640/16587228 swapFree=50201148/50331648
Current children cumulated CPU time: 0 s
Current children cumulated vsize: 0 KiB
Current children cumulated memory: 0 KiB

[startup+0.201356 s]*
/proc/loadavg: 0.52 0.58 0.59 2/13 3407
/proc/meminfo: memFree=11541580/16587228 swapFree=50201148/50331648
Current children cumulated CPU time: 0 s
Current children cumulated vsize: 0 KiB
Current children cumulated memory: 0 KiB

[startup+0.301131 s]*
/proc/loadavg: 0.52 0.58 0.59 2/13 3407
/proc/meminfo: memFree=11528768/16587228 swapFree=50201148/50331648
Current children cumulated CPU time: 0 s
Current children cumulated vsize: 0 KiB
Current children cumulated memory: 0 KiB

[startup+0.700092 s]
/proc/loadavg: 0.52 0.58 0.59 2/13 3407
/proc/meminfo: memFree=11527688/16587228 swapFree=50201148/50331648
Current children cumulated CPU time: 0 s
Current children cumulated vsize: 0 KiB
Current children cumulated memory: 0 KiB

[startup+1.5006 s]
/proc/loadavg: 0.52 0.58 0.59 2/13 3407
/proc/meminfo: memFree=11525756/16587228 swapFree=50201148/50331648
Current children cumulated CPU time: 0 s
Current children cumulated vsize: 0 KiB
Current children cumulated memory: 0 KiB

[startup+3.10111 s]
/proc/loadavg: 0.52 0.58 0.59 2/13 3407
/proc/meminfo: memFree=11523608/16587228 swapFree=50201148/50331648
Current children cumulated CPU time: 0 s
Current children cumulated vsize: 0 KiB
Current children cumulated memory: 0 KiB
heavy processes:

[startup+6.30027 s]
/proc/loadavg: 0.52 0.58 0.59 2/13 3407
/proc/meminfo: memFree=11523352/16587228 swapFree=50201148/50331648
Current children cumulated CPU time: 0 s
Current children cumulated vsize: 0 KiB
Current children cumulated memory: 0 KiB
heavy processes:

[startup+12.7003 s]
/proc/loadavg: 0.52 0.58 0.59 2/13 3407
/proc/meminfo: memFree=11522708/16587228 swapFree=50201148/50331648
Current children cumulated CPU time: 0 s
Current children cumulated vsize: 0 KiB
Current children cumulated memory: 0 KiB
heavy processes:

[startup+25.5004 s]
/proc/loadavg: 0.52 0.58 0.59 2/13 3407
/proc/meminfo: memFree=11527444/16587228 swapFree=50201148/50331648
Current children cumulated CPU time: 0 s
Current children cumulated vsize: 0 KiB
Current children cumulated memory: 0 KiB
heavy processes:

[startup+51.101 s]
/proc/loadavg: 0.52 0.58 0.59 2/13 3407
/proc/meminfo: memFree=11530932/16587228 swapFree=50201148/50331648
Current children cumulated CPU time: 0 s
Current children cumulated vsize: 0 KiB
Current children cumulated memory: 0 KiB
heavy processes:

[startup+102.3 s]
/proc/loadavg: 0.52 0.58 0.59 2/13 3407
/proc/meminfo: memFree=11496220/16587228 swapFree=50201148/50331648
Current children cumulated CPU time: 0 s
Current children cumulated vsize: 0 KiB
Current children cumulated memory: 0 KiB
heavy processes:

[startup+146.107 s]
# the end of solver process 3406 was just reported to runsolver
# cumulated CPU time of all completed processes:  user=145.5 s, system=0.546875 s

Solver just ended.
??? end of watcher thread
Dumping a history of the last processes samples

[startup+102.401 s]
/proc/loadavg: 0.52 0.58 0.59 2/13 3407
/proc/meminfo: memFree=11496140/16587228 swapFree=50201148/50331648
Current children cumulated CPU time: 0 s
Current children cumulated vsize: 0 KiB
Current children cumulated memory: 0 KiB

[startup+128 s]*
/proc/loadavg: 0.52 0.58 0.59 3/13 3407
/proc/meminfo: memFree=11391160/16587228 swapFree=50201148/50331648
Current children cumulated CPU time: 0 s
Current children cumulated vsize: 0 KiB
Current children cumulated memory: 0 KiB

[startup+134.4 s]
/proc/loadavg: 0.52 0.58 0.59 2/13 3407
/proc/meminfo: memFree=11399000/16587228 swapFree=50201148/50331648
Current children cumulated CPU time: 0 s
Current children cumulated vsize: 0 KiB
Current children cumulated memory: 0 KiB

[startup+140.8 s]
/proc/loadavg: 0.52 0.58 0.59 2/13 3407
/proc/meminfo: memFree=11399480/16587228 swapFree=50201148/50331648
Current children cumulated CPU time: 0 s
Current children cumulated vsize: 0 KiB
Current children cumulated memory: 0 KiB

[startup+144 s]*
/proc/loadavg: 0.52 0.58 0.59 2/13 3407
/proc/meminfo: memFree=11399860/16587228 swapFree=50201148/50331648
Current children cumulated CPU time: 0 s
Current children cumulated vsize: 0 KiB
Current children cumulated memory: 0 KiB

[startup+144.8 s]
/proc/loadavg: 0.52 0.58 0.59 2/13 3407
/proc/meminfo: memFree=11399860/16587228 swapFree=50201148/50331648
Current children cumulated CPU time: 0 s
Current children cumulated vsize: 0 KiB
Current children cumulated memory: 0 KiB

[startup+145.6 s]
/proc/loadavg: 0.52 0.58 0.59 3/13 3407
/proc/meminfo: memFree=11399920/16587228 swapFree=50201148/50331648
Current children cumulated CPU time: 0 s
Current children cumulated vsize: 0 KiB
Current children cumulated memory: 0 KiB

[startup+146 s]*
/proc/loadavg: 0.52 0.58 0.59 2/13 3407
/proc/meminfo: memFree=11399968/16587228 swapFree=50201148/50331648
Current children cumulated CPU time: 0 s
Current children cumulated vsize: 0 KiB
Current children cumulated memory: 0 KiB

[startup+146.101 s]
/proc/loadavg: 0.52 0.58 0.59 2/13 3407
/proc/meminfo: memFree=11399968/16587228 swapFree=50201148/50331648
Current children cumulated CPU time: 0 s
Current children cumulated vsize: 0 KiB
Current children cumulated memory: 0 KiB

Child status: 0
Real time (s): 146.107
CPU time (s): 146.047
CPU user time (s): 145.5
CPU system time (s): 0.546875
CPU usage (%): 99.959
Max. virtual memory (cumulated for all children) (KiB): 0
Max. memory (cumulated for all children) (KiB): 0

getrusage(RUSAGE_CHILDREN,...) data:
user time used= 145.5
system time used= 0.546875
maximum resident set size= 272676
integral shared memory size= 0
integral unshared data size= 0
integral unshared stack size= 0
page reclaims= 98190
page faults= 0
swaps= 0
block input operations= 0
block output operations= 0
messages sent= 0
messages received= 0
signals received= 0
voluntary context switches= 0
involuntary context switches= 0


# summary of solver processes directly reported to runsolver:
#   pid: 3406
#   total CPU time (s): 146.047
#   total CPU user time (s): 145.5
#   total CPU system time (s): 0.546875

??? end of timestamper thread
runsolver used 0 second user time and 0.015625 second system time

The end
