runsolver version 3.4.0 (svn: 3018) Copyright (C) 2010-2013 Olivier ROUSSEL

This program is distributed in the hope that it will be useful,
but WITHOUT ANY WARRANTY; without even the implied warranty of
MERCHANTABILITY or FITNESS FOR A PARTICULAR PURPOSE.  See the
GNU General Public License for more details.

command line: /home/kunalan/runsolver/src/runsolver -C 1200 -W 1200 --vsize-limit 16384 -w results_nprc/nprc_gringo_random_700_10_watch.log --var results_nprc/nprc_gringo_random_700_10_values.log gringo --verbose=2 --output text ../instances/benchmark_instances/encodings/nprc_gringo.lp ../instances/benchmark_instances/graphs/random_700_10.lp 

running on 8 cores: 0-7

Enforcing CPUTime limit (soft limit, will send SIGTERM then SIGKILL): 1200 seconds
Enforcing CPUTime limit (hard limit, will send SIGXCPU): 1230 seconds
Enforcing wall clock limit (soft limit, will send SIGTERM then SIGKILL): 1200 seconds
Enforcing VSIZE limit (soft limit, will send SIGTERM then SIGKILL): 16777216 KiB
Enforcing VSIZE limit (hard limit, stack expansion will fail with SIGSEGV, brk() and mmap() will return ENOMEM): 16828416 KiB
Linux 4.4.0-22000-Microsoft
solver pid=3097, runsolver pid=3095
Current StackSize limit: 8192 KiB


[startup+0.100463 s]*
/proc/loadavg: 0.52 0.58 0.59 2/13 3098
/proc/meminfo: memFree=11316688/16587228 swapFree=50194136/50331648
Current children cumulated CPU time: 0 s
Current children cumulated vsize: 0 KiB
Current children cumulated memory: 0 KiB

[startup+0.201496 s]*
/proc/loadavg: 0.52 0.58 0.59 2/13 3098
/proc/meminfo: memFree=11311548/16587228 swapFree=50194136/50331648
Current children cumulated CPU time: 0 s
Current children cumulated vsize: 0 KiB
Current children cumulated memory: 0 KiB

[startup+0.301124 s]*
/proc/loadavg: 0.52 0.58 0.59 2/13 3098
/proc/meminfo: memFree=11311252/16587228 swapFree=50194136/50331648
Current children cumulated CPU time: 0 s
Current children cumulated vsize: 0 KiB
Current children cumulated memory: 0 KiB

[startup+0.700502 s]
/proc/loadavg: 0.52 0.58 0.59 2/13 3098
/proc/meminfo: memFree=11313436/16587228 swapFree=50194136/50331648
Current children cumulated CPU time: 0 s
Current children cumulated vsize: 0 KiB
Current children cumulated memory: 0 KiB

[startup+1.50052 s]
/proc/loadavg: 0.52 0.58 0.59 3/13 3098
/proc/meminfo: memFree=11312552/16587228 swapFree=50194136/50331648
Current children cumulated CPU time: 0 s
Current children cumulated vsize: 0 KiB
Current children cumulated memory: 0 KiB

[startup+3.10118 s]
/proc/loadavg: 0.52 0.58 0.59 2/13 3098
/proc/meminfo: memFree=11644252/16587228 swapFree=50194136/50331648
Current children cumulated CPU time: 0 s
Current children cumulated vsize: 0 KiB
Current children cumulated memory: 0 KiB
heavy processes:

[startup+6.30041 s]
/proc/loadavg: 0.52 0.58 0.59 3/13 3098
/proc/meminfo: memFree=11644852/16587228 swapFree=50194136/50331648
Current children cumulated CPU time: 0 s
Current children cumulated vsize: 0 KiB
Current children cumulated memory: 0 KiB
heavy processes:

[startup+12.7001 s]
/proc/loadavg: 0.52 0.58 0.59 2/13 3098
/proc/meminfo: memFree=11643200/16587228 swapFree=50194136/50331648
Current children cumulated CPU time: 0 s
Current children cumulated vsize: 0 KiB
Current children cumulated memory: 0 KiB
heavy processes:

[startup+25.5004 s]
/proc/loadavg: 0.52 0.58 0.59 3/13 3099
/proc/meminfo: memFree=11635032/16587228 swapFree=50194136/50331648
Current children cumulated CPU time: 0 s
Current children cumulated vsize: 0 KiB
Current children cumulated memory: 0 KiB
heavy processes:

[startup+30.1149 s]
# the end of solver process 3097 was just reported to runsolver
# cumulated CPU time of all completed processes:  user=29.0469 s, system=1.01562 s

Solver just ended.
??? end of watcher thread
Dumping a history of the last processes samples

[startup+25.6013 s]
/proc/loadavg: 0.52 0.58 0.59 2/13 3099
/proc/meminfo: memFree=11634748/16587228 swapFree=50194136/50331648
Current children cumulated CPU time: 0 s
Current children cumulated vsize: 0 KiB
Current children cumulated memory: 0 KiB

[startup+27.2004 s]
/proc/loadavg: 0.52 0.58 0.59 2/13 3099
/proc/meminfo: memFree=11634896/16587228 swapFree=50194136/50331648
Current children cumulated CPU time: 0 s
Current children cumulated vsize: 0 KiB
Current children cumulated memory: 0 KiB

[startup+28.8001 s]
/proc/loadavg: 0.52 0.58 0.59 2/13 3099
/proc/meminfo: memFree=11634888/16587228 swapFree=50194136/50331648
Current children cumulated CPU time: 0 s
Current children cumulated vsize: 0 KiB
Current children cumulated memory: 0 KiB

[startup+29.6003 s]
/proc/loadavg: 0.52 0.58 0.59 3/13 3099
/proc/meminfo: memFree=11636616/16587228 swapFree=50194136/50331648
Current children cumulated CPU time: 0 s
Current children cumulated vsize: 0 KiB
Current children cumulated memory: 0 KiB

[startup+30.0003 s]*
/proc/loadavg: 0.52 0.58 0.59 2/13 3099
/proc/meminfo: memFree=11635264/16587228 swapFree=50194136/50331648
Current children cumulated CPU time: 0 s
Current children cumulated vsize: 0 KiB
Current children cumulated memory: 0 KiB

[startup+30.1012 s]
/proc/loadavg: 0.52 0.58 0.59 2/13 3099
/proc/meminfo: memFree=11635264/16587228 swapFree=50194136/50331648
Current children cumulated CPU time: 0 s
Current children cumulated vsize: 0 KiB
Current children cumulated memory: 0 KiB

Child ended because it received signal 15 (SIGTERM)
Real time (s): 30.115
CPU time (s): 30.0625
CPU user time (s): 29.0469
CPU system time (s): 1.01562
CPU usage (%): 99.8257
Max. virtual memory (cumulated for all children) (KiB): 0
Max. memory (cumulated for all children) (KiB): 0

getrusage(RUSAGE_CHILDREN,...) data:
user time used= 29.0469
system time used= 1.01562
maximum resident set size= 30440
integral shared memory size= 0
integral unshared data size= 0
integral unshared stack size= 0
page reclaims= 9952
page faults= 0
swaps= 0
block input operations= 0
block output operations= 0
messages sent= 0
messages received= 0
signals received= 0
voluntary context switches= 0
involuntary context switches= 0


# summary of solver processes directly reported to runsolver:
#   pid: 3097
#   total CPU time (s): 30.0625
#   total CPU user time (s): 29.0469
#   total CPU system time (s): 1.01562

??? end of timestamper thread
runsolver used 0 second user time and 0 second system time

The end
