runsolver version 3.4.0 (svn: 3018) Copyright (C) 2010-2013 Olivier ROUSSEL

This program is distributed in the hope that it will be useful,
but WITHOUT ANY WARRANTY; without even the implied warranty of
MERCHANTABILITY or FITNESS FOR A PARTICULAR PURPOSE.  See the
GNU General Public License for more details.

command line: /home/kunalan/runsolver/src/runsolver -C 1200 -W 1200 --vsize-limit 16384 -w results_nprc/nprc_newground_random_400_30_watch.log --var results_nprc/nprc_newground_random_400_30_values.log python3 ../newground2.py ../instances/benchmark_instances/encodings/nprc_newground.lp ../instances/benchmark_instances/graphs/random_400_30.lp 

running on 8 cores: 0-7

Enforcing CPUTime limit (soft limit, will send SIGTERM then SIGKILL): 1200 seconds
Enforcing CPUTime limit (hard limit, will send SIGXCPU): 1230 seconds
Enforcing wall clock limit (soft limit, will send SIGTERM then SIGKILL): 1200 seconds
Enforcing VSIZE limit (soft limit, will send SIGTERM then SIGKILL): 16777216 KiB
Enforcing VSIZE limit (hard limit, stack expansion will fail with SIGSEGV, brk() and mmap() will return ENOMEM): 16828416 KiB
Linux 4.4.0-22000-Microsoft
solver pid=1955, runsolver pid=1953
Current StackSize limit: 8192 KiB


[startup+0.1002 s]*
/proc/loadavg: 0.52 0.58 0.59 2/13 1956
/proc/meminfo: memFree=11466296/16587228 swapFree=50193848/50331648
Current children cumulated CPU time: 0 s
Current children cumulated vsize: 0 KiB
Current children cumulated memory: 0 KiB

[startup+0.201297 s]*
/proc/loadavg: 0.52 0.58 0.59 2/13 1956
/proc/meminfo: memFree=11463536/16587228 swapFree=50193848/50331648
Current children cumulated CPU time: 0 s
Current children cumulated vsize: 0 KiB
Current children cumulated memory: 0 KiB

[startup+0.30098 s]*
/proc/loadavg: 0.52 0.58 0.59 2/13 1956
/proc/meminfo: memFree=11460364/16587228 swapFree=50193848/50331648
Current children cumulated CPU time: 0 s
Current children cumulated vsize: 0 KiB
Current children cumulated memory: 0 KiB

[startup+0.700263 s]
/proc/loadavg: 0.52 0.58 0.59 2/13 1956
/proc/meminfo: memFree=11460360/16587228 swapFree=50193848/50331648
Current children cumulated CPU time: 0 s
Current children cumulated vsize: 0 KiB
Current children cumulated memory: 0 KiB

[startup+1.50032 s]
/proc/loadavg: 0.52 0.58 0.59 2/13 1956
/proc/meminfo: memFree=11460900/16587228 swapFree=50193848/50331648
Current children cumulated CPU time: 0 s
Current children cumulated vsize: 0 KiB
Current children cumulated memory: 0 KiB

[startup+3.10102 s]
/proc/loadavg: 0.52 0.58 0.59 2/13 1956
/proc/meminfo: memFree=11442760/16587228 swapFree=50193848/50331648
Current children cumulated CPU time: 0 s
Current children cumulated vsize: 0 KiB
Current children cumulated memory: 0 KiB
heavy processes:

[startup+6.30034 s]
/proc/loadavg: 0.52 0.58 0.59 2/13 1956
/proc/meminfo: memFree=11442428/16587228 swapFree=50193848/50331648
Current children cumulated CPU time: 0 s
Current children cumulated vsize: 0 KiB
Current children cumulated memory: 0 KiB
heavy processes:

[startup+12.7001 s]
/proc/loadavg: 0.52 0.58 0.59 2/13 1956
/proc/meminfo: memFree=11449176/16587228 swapFree=50193848/50331648
Current children cumulated CPU time: 0 s
Current children cumulated vsize: 0 KiB
Current children cumulated memory: 0 KiB
heavy processes:

[startup+19.1454 s]
# the end of solver process 1955 was just reported to runsolver
# cumulated CPU time of all completed processes:  user=18.9219 s, system=0.171875 s

Solver just ended.
??? end of watcher thread
Dumping a history of the last processes samples

[startup+12.8009 s]
/proc/loadavg: 0.52 0.58 0.59 2/13 1956
/proc/meminfo: memFree=11449076/16587228 swapFree=50193848/50331648
Current children cumulated CPU time: 0 s
Current children cumulated vsize: 0 KiB
Current children cumulated memory: 0 KiB

[startup+16.0002 s]*
/proc/loadavg: 0.52 0.58 0.59 2/13 1956
/proc/meminfo: memFree=11441880/16587228 swapFree=50193848/50331648
Current children cumulated CPU time: 0 s
Current children cumulated vsize: 0 KiB
Current children cumulated memory: 0 KiB

[startup+17.6005 s]
/proc/loadavg: 0.52 0.58 0.59 2/13 1956
/proc/meminfo: memFree=11431896/16587228 swapFree=50193848/50331648
Current children cumulated CPU time: 0 s
Current children cumulated vsize: 0 KiB
Current children cumulated memory: 0 KiB

[startup+18.4005 s]
/proc/loadavg: 0.52 0.58 0.59 2/13 1956
/proc/meminfo: memFree=11441056/16587228 swapFree=50193848/50331648
Current children cumulated CPU time: 0 s
Current children cumulated vsize: 0 KiB
Current children cumulated memory: 0 KiB

[startup+18.8005 s]
/proc/loadavg: 0.52 0.58 0.59 2/13 1956
/proc/meminfo: memFree=11441056/16587228 swapFree=50193848/50331648
Current children cumulated CPU time: 0 s
Current children cumulated vsize: 0 KiB
Current children cumulated memory: 0 KiB

[startup+19.0004 s]*
/proc/loadavg: 0.52 0.58 0.59 2/13 1956
/proc/meminfo: memFree=11432092/16587228 swapFree=50193848/50331648
Current children cumulated CPU time: 0 s
Current children cumulated vsize: 0 KiB
Current children cumulated memory: 0 KiB

[startup+19.1011 s]
/proc/loadavg: 0.52 0.58 0.59 2/13 1956
/proc/meminfo: memFree=11432092/16587228 swapFree=50193848/50331648
Current children cumulated CPU time: 0 s
Current children cumulated vsize: 0 KiB
Current children cumulated memory: 0 KiB

Child status: 0
Real time (s): 19.1455
CPU time (s): 19.0938
CPU user time (s): 18.9219
CPU system time (s): 0.171875
CPU usage (%): 99.7298
Max. virtual memory (cumulated for all children) (KiB): 0
Max. memory (cumulated for all children) (KiB): 0

getrusage(RUSAGE_CHILDREN,...) data:
user time used= 18.9219
system time used= 0.171875
maximum resident set size= 55636
integral shared memory size= 0
integral unshared data size= 0
integral unshared stack size= 0
page reclaims= 18091
page faults= 0
swaps= 0
block input operations= 0
block output operations= 0
messages sent= 0
messages received= 0
signals received= 0
voluntary context switches= 0
involuntary context switches= 0


# summary of solver processes directly reported to runsolver:
#   pid: 1955
#   total CPU time (s): 19.0938
#   total CPU user time (s): 18.9219
#   total CPU system time (s): 0.171875

??? end of timestamper thread
runsolver used 0 second user time and 0 second system time

The end
