runsolver version 3.4.0 (svn: 3018) Copyright (C) 2010-2013 Olivier ROUSSEL

This program is distributed in the hope that it will be useful,
but WITHOUT ANY WARRANTY; without even the implied warranty of
MERCHANTABILITY or FITNESS FOR A PARTICULAR PURPOSE.  See the
GNU General Public License for more details.

command line: /home/kunalan/runsolver/src/runsolver -C 1200 -W 1200 --vsize-limit 16384 -w results_nprc/nprc_newground_random_500_90_watch.log --var results_nprc/nprc_newground_random_500_90_values.log python3 ../newground2.py ../instances/benchmark_instances/encodings/nprc_newground.lp ../instances/benchmark_instances/graphs/random_500_90.lp 

running on 8 cores: 0-7

Enforcing CPUTime limit (soft limit, will send SIGTERM then SIGKILL): 1200 seconds
Enforcing CPUTime limit (hard limit, will send SIGXCPU): 1230 seconds
Enforcing wall clock limit (soft limit, will send SIGTERM then SIGKILL): 1200 seconds
Enforcing VSIZE limit (soft limit, will send SIGTERM then SIGKILL): 16777216 KiB
Enforcing VSIZE limit (hard limit, stack expansion will fail with SIGSEGV, brk() and mmap() will return ENOMEM): 16828416 KiB
Linux 4.4.0-22000-Microsoft
Current StackSize limit: 8192 KiB
solver pid=2574, runsolver pid=2572


[startup+0.100215 s]*
/proc/loadavg: 0.52 0.58 0.59 2/13 2575
/proc/meminfo: memFree=11556508/16587228 swapFree=50193984/50331648
Current children cumulated CPU time: 0 s
Current children cumulated vsize: 0 KiB
Current children cumulated memory: 0 KiB

[startup+0.201434 s]*
/proc/loadavg: 0.52 0.58 0.59 2/13 2575
/proc/meminfo: memFree=11544448/16587228 swapFree=50193984/50331648
Current children cumulated CPU time: 0 s
Current children cumulated vsize: 0 KiB
Current children cumulated memory: 0 KiB

[startup+0.300964 s]*
/proc/loadavg: 0.52 0.58 0.59 2/13 2575
/proc/meminfo: memFree=11541480/16587228 swapFree=50193984/50331648
Current children cumulated CPU time: 0 s
Current children cumulated vsize: 0 KiB
Current children cumulated memory: 0 KiB

[startup+0.70058 s]
/proc/loadavg: 0.52 0.58 0.59 2/13 2575
/proc/meminfo: memFree=11541464/16587228 swapFree=50193984/50331648
Current children cumulated CPU time: 0 s
Current children cumulated vsize: 0 KiB
Current children cumulated memory: 0 KiB

[startup+1.50018 s]
/proc/loadavg: 0.52 0.58 0.59 2/13 2575
/proc/meminfo: memFree=11541948/16587228 swapFree=50193984/50331648
Current children cumulated CPU time: 0 s
Current children cumulated vsize: 0 KiB
Current children cumulated memory: 0 KiB

[startup+3.10125 s]
/proc/loadavg: 0.52 0.58 0.59 2/13 2575
/proc/meminfo: memFree=11531000/16587228 swapFree=50193984/50331648
Current children cumulated CPU time: 0 s
Current children cumulated vsize: 0 KiB
Current children cumulated memory: 0 KiB
heavy processes:

[startup+6.30044 s]
/proc/loadavg: 0.52 0.58 0.59 2/13 2575
/proc/meminfo: memFree=11528368/16587228 swapFree=50193984/50331648
Current children cumulated CPU time: 0 s
Current children cumulated vsize: 0 KiB
Current children cumulated memory: 0 KiB
heavy processes:

[startup+12.7006 s]
/proc/loadavg: 0.52 0.58 0.59 2/13 2575
/proc/meminfo: memFree=11535148/16587228 swapFree=50193984/50331648
Current children cumulated CPU time: 0 s
Current children cumulated vsize: 0 KiB
Current children cumulated memory: 0 KiB
heavy processes:

[startup+25.5001 s]
/proc/loadavg: 0.52 0.58 0.59 2/13 2575
/proc/meminfo: memFree=11535040/16587228 swapFree=50193984/50331648
Current children cumulated CPU time: 0 s
Current children cumulated vsize: 0 KiB
Current children cumulated memory: 0 KiB
heavy processes:

[startup+51.1011 s]
/proc/loadavg: 0.52 0.58 0.59 2/13 2575
/proc/meminfo: memFree=11519644/16587228 swapFree=50193984/50331648
Current children cumulated CPU time: 0 s
Current children cumulated vsize: 0 KiB
Current children cumulated memory: 0 KiB
heavy processes:

[startup+73.3843 s]
# the end of solver process 2574 was just reported to runsolver
# cumulated CPU time of all completed processes:  user=73.0469 s, system=0.265625 s

Solver just ended.
??? end of watcher thread
Dumping a history of the last processes samples

[startup+51.2009 s]
/proc/loadavg: 0.52 0.58 0.59 2/13 2575
/proc/meminfo: memFree=11519644/16587228 swapFree=50193984/50331648
Current children cumulated CPU time: 0 s
Current children cumulated vsize: 0 KiB
Current children cumulated memory: 0 KiB

[startup+64.0004 s]*
/proc/loadavg: 0.52 0.58 0.59 2/13 2575
/proc/meminfo: memFree=11512408/16587228 swapFree=50193984/50331648
Current children cumulated CPU time: 0 s
Current children cumulated vsize: 0 KiB
Current children cumulated memory: 0 KiB

[startup+67.2005 s]
/proc/loadavg: 0.52 0.58 0.59 2/13 2575
/proc/meminfo: memFree=11490256/16587228 swapFree=50193984/50331648
Current children cumulated CPU time: 0 s
Current children cumulated vsize: 0 KiB
Current children cumulated memory: 0 KiB

[startup+70.4006 s]
/proc/loadavg: 0.52 0.58 0.59 2/13 2575
/proc/meminfo: memFree=11479892/16587228 swapFree=50193984/50331648
Current children cumulated CPU time: 0 s
Current children cumulated vsize: 0 KiB
Current children cumulated memory: 0 KiB

[startup+72.0004 s]*
/proc/loadavg: 0.52 0.58 0.59 2/13 2575
/proc/meminfo: memFree=11480848/16587228 swapFree=50193984/50331648
Current children cumulated CPU time: 0 s
Current children cumulated vsize: 0 KiB
Current children cumulated memory: 0 KiB

[startup+72.8005 s]
/proc/loadavg: 0.52 0.58 0.59 2/13 2575
/proc/meminfo: memFree=11480848/16587228 swapFree=50193984/50331648
Current children cumulated CPU time: 0 s
Current children cumulated vsize: 0 KiB
Current children cumulated memory: 0 KiB

[startup+73.2003 s]
/proc/loadavg: 0.52 0.58 0.59 2/13 2575
/proc/meminfo: memFree=11480984/16587228 swapFree=50193984/50331648
Current children cumulated CPU time: 0 s
Current children cumulated vsize: 0 KiB
Current children cumulated memory: 0 KiB

[startup+73.3006 s]
/proc/loadavg: 0.52 0.58 0.59 2/13 2575
/proc/meminfo: memFree=11480984/16587228 swapFree=50193984/50331648
Current children cumulated CPU time: 0 s
Current children cumulated vsize: 0 KiB
Current children cumulated memory: 0 KiB

Child status: 0
Real time (s): 73.3843
CPU time (s): 73.3125
CPU user time (s): 73.0469
CPU system time (s): 0.265625
CPU usage (%): 99.9021
Max. virtual memory (cumulated for all children) (KiB): 0
Max. memory (cumulated for all children) (KiB): 0

getrusage(RUSAGE_CHILDREN,...) data:
user time used= 73.0469
system time used= 0.265625
maximum resident set size= 94868
integral shared memory size= 0
integral unshared data size= 0
integral unshared stack size= 0
page reclaims= 29131
page faults= 0
swaps= 0
block input operations= 0
block output operations= 0
messages sent= 0
messages received= 0
signals received= 0
voluntary context switches= 0
involuntary context switches= 0


# summary of solver processes directly reported to runsolver:
#   pid: 2574
#   total CPU time (s): 73.3125
#   total CPU user time (s): 73.0469
#   total CPU system time (s): 0.265625

??? end of timestamper thread
runsolver used 0 second user time and 0.015625 second system time

The end
