runsolver version 3.4.0 (svn: 3018) Copyright (C) 2010-2013 Olivier ROUSSEL

This program is distributed in the hope that it will be useful,
but WITHOUT ANY WARRANTY; without even the implied warranty of
MERCHANTABILITY or FITNESS FOR A PARTICULAR PURPOSE.  See the
GNU General Public License for more details.

command line: /home/kunalan/runsolver/src/runsolver -C 1200 -W 1200 --vsize-limit 16384 -w results_nprc/nprc_gringo_random_300_50_watch.log --var results_nprc/nprc_gringo_random_300_50_values.log gringo --verbose=2 --output text ../instances/benchmark_instances/encodings/nprc_gringo.lp ../instances/benchmark_instances/graphs/random_300_50.lp 

running on 8 cores: 0-7

Enforcing CPUTime limit (soft limit, will send SIGTERM then SIGKILL): 1200 seconds
Enforcing CPUTime limit (hard limit, will send SIGXCPU): 1230 seconds
Enforcing wall clock limit (soft limit, will send SIGTERM then SIGKILL): 1200 seconds
Enforcing VSIZE limit (soft limit, will send SIGTERM then SIGKILL): 16777216 KiB
Enforcing VSIZE limit (hard limit, stack expansion will fail with SIGSEGV, brk() and mmap() will return ENOMEM): 16828416 KiB
Linux 4.4.0-22000-Microsoft
Current StackSize limit: 8192 KiB
solver pid=1483, runsolver pid=1481


[startup+0.10041 s]*
/proc/loadavg: 0.52 0.58 0.59 2/13 1484
/proc/meminfo: memFree=11706052/16587228 swapFree=50191932/50331648
Current children cumulated CPU time: 0 s
Current children cumulated vsize: 0 KiB
Current children cumulated memory: 0 KiB

[startup+0.20113 s]*
/proc/loadavg: 0.52 0.58 0.59 2/13 1484
/proc/meminfo: memFree=11706400/16587228 swapFree=50191932/50331648
Current children cumulated CPU time: 0 s
Current children cumulated vsize: 0 KiB
Current children cumulated memory: 0 KiB

[startup+0.300855 s]*
/proc/loadavg: 0.52 0.58 0.59 2/13 1484
/proc/meminfo: memFree=11705892/16587228 swapFree=50191932/50331648
Current children cumulated CPU time: 0 s
Current children cumulated vsize: 0 KiB
Current children cumulated memory: 0 KiB

[startup+0.70043 s]
/proc/loadavg: 0.52 0.58 0.59 2/13 1484
/proc/meminfo: memFree=11692256/16587228 swapFree=50191932/50331648
Current children cumulated CPU time: 0 s
Current children cumulated vsize: 0 KiB
Current children cumulated memory: 0 KiB

[startup+1.50047 s]
/proc/loadavg: 0.52 0.58 0.59 2/13 1484
/proc/meminfo: memFree=11693588/16587228 swapFree=50191932/50331648
Current children cumulated CPU time: 0 s
Current children cumulated vsize: 0 KiB
Current children cumulated memory: 0 KiB

[startup+3.10108 s]
/proc/loadavg: 0.52 0.58 0.59 3/13 1484
/proc/meminfo: memFree=11692384/16587228 swapFree=50191932/50331648
Current children cumulated CPU time: 0 s
Current children cumulated vsize: 0 KiB
Current children cumulated memory: 0 KiB
heavy processes:

[startup+6.30023 s]
/proc/loadavg: 0.52 0.58 0.59 3/13 1484
/proc/meminfo: memFree=11696032/16587228 swapFree=50191932/50331648
Current children cumulated CPU time: 0 s
Current children cumulated vsize: 0 KiB
Current children cumulated memory: 0 KiB
heavy processes:

[startup+12.7002 s]
/proc/loadavg: 0.52 0.58 0.59 2/13 1485
/proc/meminfo: memFree=11684756/16587228 swapFree=50191932/50331648
Current children cumulated CPU time: 0 s
Current children cumulated vsize: 0 KiB
Current children cumulated memory: 0 KiB
heavy processes:

[startup+23.8262 s]
# the end of solver process 1483 was just reported to runsolver
# cumulated CPU time of all completed processes:  user=23.1094 s, system=0.703125 s

Solver just ended.
??? end of watcher thread
Dumping a history of the last processes samples

[startup+12.8011 s]
/proc/loadavg: 0.52 0.58 0.59 2/13 1485
/proc/meminfo: memFree=11683656/16587228 swapFree=50191932/50331648
Current children cumulated CPU time: 0 s
Current children cumulated vsize: 0 KiB
Current children cumulated memory: 0 KiB

[startup+19.2005 s]
/proc/loadavg: 0.52 0.58 0.59 2/13 1485
/proc/meminfo: memFree=11684180/16587228 swapFree=50191932/50331648
Current children cumulated CPU time: 0 s
Current children cumulated vsize: 0 KiB
Current children cumulated memory: 0 KiB

[startup+22.4002 s]
/proc/loadavg: 0.52 0.58 0.59 2/13 1485
/proc/meminfo: memFree=11684184/16587228 swapFree=50191932/50331648
Current children cumulated CPU time: 0 s
Current children cumulated vsize: 0 KiB
Current children cumulated memory: 0 KiB

[startup+23.2003 s]
/proc/loadavg: 0.52 0.58 0.59 2/13 1485
/proc/meminfo: memFree=11684308/16587228 swapFree=50191932/50331648
Current children cumulated CPU time: 0 s
Current children cumulated vsize: 0 KiB
Current children cumulated memory: 0 KiB

[startup+23.6003 s]
/proc/loadavg: 0.52 0.58 0.59 2/13 1485
/proc/meminfo: memFree=11684308/16587228 swapFree=50191932/50331648
Current children cumulated CPU time: 0 s
Current children cumulated vsize: 0 KiB
Current children cumulated memory: 0 KiB

[startup+23.8003 s]
/proc/loadavg: 0.52 0.58 0.59 2/13 1485
/proc/meminfo: memFree=11684308/16587228 swapFree=50191932/50331648
Current children cumulated CPU time: 0 s
Current children cumulated vsize: 0 KiB
Current children cumulated memory: 0 KiB

Child ended because it received signal 15 (SIGTERM)
Real time (s): 23.8263
CPU time (s): 23.8125
CPU user time (s): 23.1094
CPU system time (s): 0.703125
CPU usage (%): 99.9422
Max. virtual memory (cumulated for all children) (KiB): 0
Max. memory (cumulated for all children) (KiB): 0

getrusage(RUSAGE_CHILDREN,...) data:
user time used= 23.1094
system time used= 0.703125
maximum resident set size= 17552
integral shared memory size= 0
integral unshared data size= 0
integral unshared stack size= 0
page reclaims= 5709
page faults= 0
swaps= 0
block input operations= 0
block output operations= 0
messages sent= 0
messages received= 0
signals received= 0
voluntary context switches= 0
involuntary context switches= 0


# summary of solver processes directly reported to runsolver:
#   pid: 1483
#   total CPU time (s): 23.8125
#   total CPU user time (s): 23.1094
#   total CPU system time (s): 0.703125

??? end of timestamper thread
runsolver used 0 second user time and 0 second system time

The end
