runsolver version 3.4.0 (svn: 3018) Copyright (C) 2010-2013 Olivier ROUSSEL

This program is distributed in the hope that it will be useful,
but WITHOUT ANY WARRANTY; without even the implied warranty of
MERCHANTABILITY or FITNESS FOR A PARTICULAR PURPOSE.  See the
GNU General Public License for more details.

command line: /home/kunalan/runsolver/src/runsolver -C 1200 -W 1200 --vsize-limit 16384 -w results_nprc/nprc_newground_random_900_10_watch.log --var results_nprc/nprc_newground_random_900_10_values.log python3 ../newground2.py ../instances/benchmark_instances/encodings/nprc_newground.lp ../instances/benchmark_instances/graphs/random_900_10.lp 

running on 8 cores: 0-7

Enforcing CPUTime limit (soft limit, will send SIGTERM then SIGKILL): 1200 seconds
Enforcing CPUTime limit (hard limit, will send SIGXCPU): 1230 seconds
Enforcing wall clock limit (soft limit, will send SIGTERM then SIGKILL): 1200 seconds
Enforcing VSIZE limit (soft limit, will send SIGTERM then SIGKILL): 16777216 KiB
Enforcing VSIZE limit (hard limit, stack expansion will fail with SIGSEGV, brk() and mmap() will return ENOMEM): 16828416 KiB
Linux 4.4.0-22000-Microsoft
Current StackSize limit: 8192 KiB
solver pid=3278, runsolver pid=3276


[startup+0.100119 s]*
/proc/loadavg: 0.52 0.58 0.59 2/13 3279
/proc/meminfo: memFree=11604376/16587228 swapFree=50195476/50331648
Current children cumulated CPU time: 0 s
Current children cumulated vsize: 0 KiB
Current children cumulated memory: 0 KiB

[startup+0.201318 s]*
/proc/loadavg: 0.52 0.58 0.59 2/13 3279
/proc/meminfo: memFree=11595264/16587228 swapFree=50195476/50331648
Current children cumulated CPU time: 0 s
Current children cumulated vsize: 0 KiB
Current children cumulated memory: 0 KiB

[startup+0.301087 s]*
/proc/loadavg: 0.52 0.58 0.59 2/13 3279
/proc/meminfo: memFree=11581388/16587228 swapFree=50195476/50331648
Current children cumulated CPU time: 0 s
Current children cumulated vsize: 0 KiB
Current children cumulated memory: 0 KiB

[startup+0.700304 s]
/proc/loadavg: 0.52 0.58 0.59 2/13 3279
/proc/meminfo: memFree=11581260/16587228 swapFree=50195476/50331648
Current children cumulated CPU time: 0 s
Current children cumulated vsize: 0 KiB
Current children cumulated memory: 0 KiB

[startup+1.50035 s]
/proc/loadavg: 0.52 0.58 0.59 2/13 3279
/proc/meminfo: memFree=11583812/16587228 swapFree=50195476/50331648
Current children cumulated CPU time: 0 s
Current children cumulated vsize: 0 KiB
Current children cumulated memory: 0 KiB

[startup+3.10089 s]
/proc/loadavg: 0.52 0.58 0.59 2/13 3279
/proc/meminfo: memFree=11580912/16587228 swapFree=50195476/50331648
Current children cumulated CPU time: 0 s
Current children cumulated vsize: 0 KiB
Current children cumulated memory: 0 KiB
heavy processes:

[startup+6.30006 s]
/proc/loadavg: 0.52 0.58 0.59 2/13 3279
/proc/meminfo: memFree=11585868/16587228 swapFree=50195476/50331648
Current children cumulated CPU time: 0 s
Current children cumulated vsize: 0 KiB
Current children cumulated memory: 0 KiB
heavy processes:

[startup+12.7002 s]
/proc/loadavg: 0.52 0.58 0.59 2/13 3279
/proc/meminfo: memFree=11585504/16587228 swapFree=50195476/50331648
Current children cumulated CPU time: 0 s
Current children cumulated vsize: 0 KiB
Current children cumulated memory: 0 KiB
heavy processes:

[startup+25.5006 s]
/proc/loadavg: 0.52 0.58 0.59 2/13 3279
/proc/meminfo: memFree=11581576/16587228 swapFree=50195476/50331648
Current children cumulated CPU time: 0 s
Current children cumulated vsize: 0 KiB
Current children cumulated memory: 0 KiB
heavy processes:

[startup+51.1011 s]
/proc/loadavg: 0.52 0.58 0.59 2/13 3281
/proc/meminfo: memFree=11512064/16587228 swapFree=50195476/50331648
Current children cumulated CPU time: 0 s
Current children cumulated vsize: 0 KiB
Current children cumulated memory: 0 KiB
heavy processes:

[startup+52.8542 s]
# the end of solver process 3278 was just reported to runsolver
# cumulated CPU time of all completed processes:  user=52.2812 s, system=0.484375 s

Solver just ended.
??? end of watcher thread
Dumping a history of the last processes samples

[startup+51.201 s]
/proc/loadavg: 0.52 0.58 0.59 2/13 3281
/proc/meminfo: memFree=11512064/16587228 swapFree=50195476/50331648
Current children cumulated CPU time: 0 s
Current children cumulated vsize: 0 KiB
Current children cumulated memory: 0 KiB

[startup+52.0005 s]*
/proc/loadavg: 0.52 0.58 0.59 2/13 3281
/proc/meminfo: memFree=11512104/16587228 swapFree=50195476/50331648
Current children cumulated CPU time: 0 s
Current children cumulated vsize: 0 KiB
Current children cumulated memory: 0 KiB

[startup+52.4006 s]
/proc/loadavg: 0.52 0.58 0.59 2/13 3281
/proc/meminfo: memFree=11512104/16587228 swapFree=50195476/50331648
Current children cumulated CPU time: 0 s
Current children cumulated vsize: 0 KiB
Current children cumulated memory: 0 KiB

[startup+52.8006 s]
/proc/loadavg: 0.52 0.58 0.59 2/13 3281
/proc/meminfo: memFree=11512104/16587228 swapFree=50195476/50331648
Current children cumulated CPU time: 0 s
Current children cumulated vsize: 0 KiB
Current children cumulated memory: 0 KiB

Child status: 0
Real time (s): 52.8543
CPU time (s): 52.7656
CPU user time (s): 52.2812
CPU system time (s): 0.484375
CPU usage (%): 99.8323
Max. virtual memory (cumulated for all children) (KiB): 0
Max. memory (cumulated for all children) (KiB): 0

getrusage(RUSAGE_CHILDREN,...) data:
user time used= 52.2812
system time used= 0.484375
maximum resident set size= 158120
integral shared memory size= 0
integral unshared data size= 0
integral unshared stack size= 0
page reclaims= 64793
page faults= 0
swaps= 0
block input operations= 0
block output operations= 0
messages sent= 0
messages received= 0
signals received= 0
voluntary context switches= 0
involuntary context switches= 0


# summary of solver processes directly reported to runsolver:
#   pid: 3278
#   total CPU time (s): 52.7656
#   total CPU user time (s): 52.2812
#   total CPU system time (s): 0.484375

??? end of timestamper thread
runsolver used 0 second user time and 0.015625 second system time

The end
