runsolver version 3.4.0 (svn: 3018) Copyright (C) 2010-2013 Olivier ROUSSEL

This program is distributed in the hope that it will be useful,
but WITHOUT ANY WARRANTY; without even the implied warranty of
MERCHANTABILITY or FITNESS FOR A PARTICULAR PURPOSE.  See the
GNU General Public License for more details.

command line: /home/kunalan/runsolver/src/runsolver -C 1200 -W 1200 --vsize-limit 16384 -w results_nprc/nprc_newground2_random_15_100_watch.log --var results_nprc/nprc_newground2_random_15_100_values.log python3 ../newground2.py ../instances/benchmark_instances/encodings/nprc_newground2.lp ../instances/benchmark_instances/graphs/random_15_100.lp 

running on 8 cores: 0-7

Enforcing CPUTime limit (soft limit, will send SIGTERM then SIGKILL): 1200 seconds
Enforcing CPUTime limit (hard limit, will send SIGXCPU): 1230 seconds
Enforcing wall clock limit (soft limit, will send SIGTERM then SIGKILL): 1200 seconds
Enforcing VSIZE limit (soft limit, will send SIGTERM then SIGKILL): 16777216 KiB
Enforcing VSIZE limit (hard limit, stack expansion will fail with SIGSEGV, brk() and mmap() will return ENOMEM): 16828416 KiB
Linux 4.4.0-22000-Microsoft
Current StackSize limit: 8192 KiB
solver pid=3807, runsolver pid=3805


[startup+0.100334 s]*
/proc/loadavg: 0.52 0.58 0.59 2/13 3808
/proc/meminfo: memFree=10576340/16587228 swapFree=50203372/50331648
Current children cumulated CPU time: 0 s
Current children cumulated vsize: 0 KiB
Current children cumulated memory: 0 KiB

[startup+0.20118 s]*
/proc/loadavg: 0.52 0.58 0.59 2/13 3808
/proc/meminfo: memFree=10565468/16587228 swapFree=50203372/50331648
Current children cumulated CPU time: 0 s
Current children cumulated vsize: 0 KiB
Current children cumulated memory: 0 KiB

[startup+0.300901 s]*
/proc/loadavg: 0.52 0.58 0.59 2/13 3808
/proc/meminfo: memFree=10553236/16587228 swapFree=50203372/50331648
Current children cumulated CPU time: 0 s
Current children cumulated vsize: 0 KiB
Current children cumulated memory: 0 KiB

[startup+0.700524 s]
/proc/loadavg: 0.52 0.58 0.59 2/13 3808
/proc/meminfo: memFree=10552824/16587228 swapFree=50203372/50331648
Current children cumulated CPU time: 0 s
Current children cumulated vsize: 0 KiB
Current children cumulated memory: 0 KiB

[startup+1.50021 s]
/proc/loadavg: 0.52 0.58 0.59 2/13 3808
/proc/meminfo: memFree=10550716/16587228 swapFree=50203372/50331648
Current children cumulated CPU time: 0 s
Current children cumulated vsize: 0 KiB
Current children cumulated memory: 0 KiB

[startup+3.1012 s]
/proc/loadavg: 0.52 0.58 0.59 2/13 3808
/proc/meminfo: memFree=10556992/16587228 swapFree=50203372/50331648
Current children cumulated CPU time: 0 s
Current children cumulated vsize: 0 KiB
Current children cumulated memory: 0 KiB
heavy processes:

[startup+6.30019 s]
/proc/loadavg: 0.52 0.58 0.59 2/13 3808
/proc/meminfo: memFree=10556952/16587228 swapFree=50203372/50331648
Current children cumulated CPU time: 0 s
Current children cumulated vsize: 0 KiB
Current children cumulated memory: 0 KiB
heavy processes:

[startup+12.7005 s]
/proc/loadavg: 0.52 0.58 0.59 2/13 3808
/proc/meminfo: memFree=10557860/16587228 swapFree=50203372/50331648
Current children cumulated CPU time: 0 s
Current children cumulated vsize: 0 KiB
Current children cumulated memory: 0 KiB
heavy processes:

[startup+25.5005 s]
/proc/loadavg: 0.52 0.58 0.59 2/13 3808
/proc/meminfo: memFree=10558632/16587228 swapFree=50203372/50331648
Current children cumulated CPU time: 0 s
Current children cumulated vsize: 0 KiB
Current children cumulated memory: 0 KiB
heavy processes:

[startup+51.1013 s]
/proc/loadavg: 0.52 0.58 0.59 3/13 3808
/proc/meminfo: memFree=10557752/16587228 swapFree=50203372/50331648
Current children cumulated CPU time: 0 s
Current children cumulated vsize: 0 KiB
Current children cumulated memory: 0 KiB
heavy processes:

[startup+102.3 s]
/proc/loadavg: 0.52 0.58 0.59 3/13 3808
/proc/meminfo: memFree=10510768/16587228 swapFree=50203380/50331648
Current children cumulated CPU time: 0 s
Current children cumulated vsize: 0 KiB
Current children cumulated memory: 0 KiB
heavy processes:

[startup+162.3 s]
/proc/loadavg: 0.52 0.58 0.59 2/13 3808
/proc/meminfo: memFree=10509972/16587228 swapFree=50203380/50331648
Current children cumulated CPU time: 0 s
Current children cumulated vsize: 0 KiB
Current children cumulated memory: 0 KiB
heavy processes:

[startup+222.3 s]
/proc/loadavg: 0.52 0.58 0.59 3/13 3808
/proc/meminfo: memFree=10589264/16587228 swapFree=50203612/50331648
Current children cumulated CPU time: 0 s
Current children cumulated vsize: 0 KiB
Current children cumulated memory: 0 KiB
heavy processes:

[startup+230.244 s]
# the end of solver process 3807 was just reported to runsolver
# cumulated CPU time of all completed processes:  user=225.391 s, system=4.73438 s

Solver just ended.
??? end of watcher thread
Dumping a history of the last processes samples

[startup+224.001 s]*
/proc/loadavg: 0.52 0.58 0.59 2/13 3808
/proc/meminfo: memFree=10589236/16587228 swapFree=50203612/50331648
Current children cumulated CPU time: 0 s
Current children cumulated vsize: 0 KiB
Current children cumulated memory: 0 KiB

[startup+227.201 s]
/proc/loadavg: 0.52 0.58 0.59 3/13 3808
/proc/meminfo: memFree=10589260/16587228 swapFree=50203612/50331648
Current children cumulated CPU time: 0 s
Current children cumulated vsize: 0 KiB
Current children cumulated memory: 0 KiB

[startup+228.8 s]
/proc/loadavg: 0.52 0.58 0.59 3/13 3808
/proc/meminfo: memFree=10589232/16587228 swapFree=50203612/50331648
Current children cumulated CPU time: 0 s
Current children cumulated vsize: 0 KiB
Current children cumulated memory: 0 KiB

[startup+229.6 s]
/proc/loadavg: 0.52 0.58 0.59 3/13 3808
/proc/meminfo: memFree=10589328/16587228 swapFree=50203612/50331648
Current children cumulated CPU time: 0 s
Current children cumulated vsize: 0 KiB
Current children cumulated memory: 0 KiB

[startup+230 s]*
/proc/loadavg: 0.52 0.58 0.59 2/13 3808
/proc/meminfo: memFree=10589252/16587228 swapFree=50203612/50331648
Current children cumulated CPU time: 0 s
Current children cumulated vsize: 0 KiB
Current children cumulated memory: 0 KiB

[startup+230.2 s]
/proc/loadavg: 0.52 0.58 0.59 2/13 3808
/proc/meminfo: memFree=10589252/16587228 swapFree=50203612/50331648
Current children cumulated CPU time: 0 s
Current children cumulated vsize: 0 KiB
Current children cumulated memory: 0 KiB

Child status: 0
Real time (s): 230.244
CPU time (s): 230.125
CPU user time (s): 225.391
CPU system time (s): 4.73438
CPU usage (%): 99.9481
Max. virtual memory (cumulated for all children) (KiB): 0
Max. memory (cumulated for all children) (KiB): 0

getrusage(RUSAGE_CHILDREN,...) data:
user time used= 225.391
system time used= 4.73438
maximum resident set size= 25432
integral shared memory size= 0
integral unshared data size= 0
integral unshared stack size= 0
page reclaims= 6733
page faults= 0
swaps= 0
block input operations= 0
block output operations= 0
messages sent= 0
messages received= 0
signals received= 0
voluntary context switches= 0
involuntary context switches= 0


# summary of solver processes directly reported to runsolver:
#   pid: 3807
#   total CPU time (s): 230.125
#   total CPU user time (s): 225.391
#   total CPU system time (s): 4.73438

??? end of timestamper thread
runsolver used 0 second user time and 0.015625 second system time

The end
