runsolver version 3.4.0 (svn: 3018) Copyright (C) 2010-2013 Olivier ROUSSEL

This program is distributed in the hope that it will be useful,
but WITHOUT ANY WARRANTY; without even the implied warranty of
MERCHANTABILITY or FITNESS FOR A PARTICULAR PURPOSE.  See the
GNU General Public License for more details.

command line: /home/kunalan/runsolver/src/runsolver -C 1200 -W 1200 --vsize-limit 16384 -w results_nprc/nprc_gringo_random_600_100_watch.log --var results_nprc/nprc_gringo_random_600_100_values.log gringo --verbose=2 --output text ../instances/benchmark_instances/encodings/nprc_gringo.lp ../instances/benchmark_instances/graphs/random_600_100.lp 

running on 8 cores: 0-7

Enforcing CPUTime limit (soft limit, will send SIGTERM then SIGKILL): 1200 seconds
Enforcing CPUTime limit (hard limit, will send SIGXCPU): 1230 seconds
Enforcing wall clock limit (soft limit, will send SIGTERM then SIGKILL): 1200 seconds
Enforcing VSIZE limit (soft limit, will send SIGTERM then SIGKILL): 16777216 KiB
Enforcing VSIZE limit (hard limit, stack expansion will fail with SIGSEGV, brk() and mmap() will return ENOMEM): 16828416 KiB
Linux 4.4.0-22000-Microsoft
Current StackSize limit: 8192 KiB
solver pid=2938, runsolver pid=2936


[startup+0.100547 s]*
/proc/loadavg: 0.52 0.58 0.59 2/13 2939
/proc/meminfo: memFree=11478504/16587228 swapFree=50194132/50331648
Current children cumulated CPU time: 0 s
Current children cumulated vsize: 0 KiB
Current children cumulated memory: 0 KiB

[startup+0.201203 s]*
/proc/loadavg: 0.52 0.58 0.59 2/13 2939
/proc/meminfo: memFree=11478664/16587228 swapFree=50194132/50331648
Current children cumulated CPU time: 0 s
Current children cumulated vsize: 0 KiB
Current children cumulated memory: 0 KiB

[startup+0.300919 s]*
/proc/loadavg: 0.52 0.58 0.59 2/13 2939
/proc/meminfo: memFree=11478296/16587228 swapFree=50194132/50331648
Current children cumulated CPU time: 0 s
Current children cumulated vsize: 0 KiB
Current children cumulated memory: 0 KiB

[startup+0.700205 s]
/proc/loadavg: 0.52 0.58 0.59 2/13 2939
/proc/meminfo: memFree=11469124/16587228 swapFree=50194132/50331648
Current children cumulated CPU time: 0 s
Current children cumulated vsize: 0 KiB
Current children cumulated memory: 0 KiB

[startup+1.50059 s]
/proc/loadavg: 0.52 0.58 0.59 2/13 2939
/proc/meminfo: memFree=11473640/16587228 swapFree=50194132/50331648
Current children cumulated CPU time: 0 s
Current children cumulated vsize: 0 KiB
Current children cumulated memory: 0 KiB

[startup+3.10123 s]
/proc/loadavg: 0.52 0.58 0.59 3/13 2939
/proc/meminfo: memFree=11401392/16587228 swapFree=50194132/50331648
Current children cumulated CPU time: 0 s
Current children cumulated vsize: 0 KiB
Current children cumulated memory: 0 KiB
heavy processes:

[startup+6.30045 s]
/proc/loadavg: 0.52 0.58 0.59 3/13 2940
/proc/meminfo: memFree=11392176/16587228 swapFree=50194132/50331648
Current children cumulated CPU time: 0 s
Current children cumulated vsize: 0 KiB
Current children cumulated memory: 0 KiB
heavy processes:

[startup+12.7004 s]
/proc/loadavg: 0.52 0.58 0.59 2/13 2940
/proc/meminfo: memFree=11389780/16587228 swapFree=50194132/50331648
Current children cumulated CPU time: 0 s
Current children cumulated vsize: 0 KiB
Current children cumulated memory: 0 KiB
heavy processes:

[startup+16.4961 s]
# the end of solver process 2938 was just reported to runsolver
# cumulated CPU time of all completed processes:  user=15.8594 s, system=0.59375 s

Solver just ended.
??? end of watcher thread
Dumping a history of the last processes samples

[startup+12.8011 s]
/proc/loadavg: 0.52 0.58 0.59 2/13 2940
/proc/meminfo: memFree=11389976/16587228 swapFree=50194132/50331648
Current children cumulated CPU time: 0 s
Current children cumulated vsize: 0 KiB
Current children cumulated memory: 0 KiB

[startup+14.4001 s]
/proc/loadavg: 0.52 0.58 0.59 2/13 2940
/proc/meminfo: memFree=11389936/16587228 swapFree=50194132/50331648
Current children cumulated CPU time: 0 s
Current children cumulated vsize: 0 KiB
Current children cumulated memory: 0 KiB

[startup+15.2001 s]
/proc/loadavg: 0.52 0.58 0.59 2/13 2940
/proc/meminfo: memFree=11389948/16587228 swapFree=50194132/50331648
Current children cumulated CPU time: 0 s
Current children cumulated vsize: 0 KiB
Current children cumulated memory: 0 KiB

[startup+16.0005 s]*
/proc/loadavg: 0.52 0.58 0.59 2/13 2940
/proc/meminfo: memFree=11389956/16587228 swapFree=50194132/50331648
Current children cumulated CPU time: 0 s
Current children cumulated vsize: 0 KiB
Current children cumulated memory: 0 KiB

[startup+16.4001 s]
/proc/loadavg: 0.52 0.58 0.59 2/13 2940
/proc/meminfo: memFree=11389956/16587228 swapFree=50194132/50331648
Current children cumulated CPU time: 0 s
Current children cumulated vsize: 0 KiB
Current children cumulated memory: 0 KiB

Child ended because it received signal 15 (SIGTERM)
Real time (s): 16.4962
CPU time (s): 16.4531
CPU user time (s): 15.8594
CPU system time (s): 0.59375
CPU usage (%): 99.7386
Max. virtual memory (cumulated for all children) (KiB): 0
Max. memory (cumulated for all children) (KiB): 0

getrusage(RUSAGE_CHILDREN,...) data:
user time used= 15.8594
system time used= 0.59375
maximum resident set size= 86512
integral shared memory size= 0
integral unshared data size= 0
integral unshared stack size= 0
page reclaims= 26944
page faults= 0
swaps= 0
block input operations= 0
block output operations= 0
messages sent= 0
messages received= 0
signals received= 0
voluntary context switches= 0
involuntary context switches= 0


# summary of solver processes directly reported to runsolver:
#   pid: 2938
#   total CPU time (s): 16.4531
#   total CPU user time (s): 15.8594
#   total CPU system time (s): 0.59375

??? end of timestamper thread
runsolver used 0 second user time and 0.015625 second system time

The end
