runsolver version 3.4.0 (svn: 3018) Copyright (C) 2010-2013 Olivier ROUSSEL

This program is distributed in the hope that it will be useful,
but WITHOUT ANY WARRANTY; without even the implied warranty of
MERCHANTABILITY or FITNESS FOR A PARTICULAR PURPOSE.  See the
GNU General Public License for more details.

command line: /home/kunalan/runsolver/src/runsolver -C 1200 -W 1200 --vsize-limit 16384 -w results_nprc/nprc_newground_random_1000_20_watch.log --var results_nprc/nprc_newground_random_1000_20_values.log python3 ../newground2.py ../instances/benchmark_instances/encodings/nprc_newground.lp ../instances/benchmark_instances/graphs/random_1000_20.lp 

running on 8 cores: 0-7

Enforcing CPUTime limit (soft limit, will send SIGTERM then SIGKILL): 1200 seconds
Enforcing CPUTime limit (hard limit, will send SIGXCPU): 1230 seconds
Enforcing wall clock limit (soft limit, will send SIGTERM then SIGKILL): 1200 seconds
Enforcing VSIZE limit (soft limit, will send SIGTERM then SIGKILL): 16777216 KiB
Enforcing VSIZE limit (hard limit, stack expansion will fail with SIGSEGV, brk() and mmap() will return ENOMEM): 16828416 KiB
Linux 4.4.0-22000-Microsoft
solver pid=3351, runsolver pid=3349
Current StackSize limit: 8192 KiB


[startup+0.100564 s]*
/proc/loadavg: 0.52 0.58 0.59 2/13 3352
/proc/meminfo: memFree=11503988/16587228 swapFree=50197220/50331648
Current children cumulated CPU time: 0 s
Current children cumulated vsize: 0 KiB
Current children cumulated memory: 0 KiB

[startup+0.201285 s]*
/proc/loadavg: 0.52 0.58 0.59 2/13 3352
/proc/meminfo: memFree=11501244/16587228 swapFree=50197220/50331648
Current children cumulated CPU time: 0 s
Current children cumulated vsize: 0 KiB
Current children cumulated memory: 0 KiB

[startup+0.301122 s]*
/proc/loadavg: 0.52 0.58 0.59 2/13 3352
/proc/meminfo: memFree=11497024/16587228 swapFree=50197220/50331648
Current children cumulated CPU time: 0 s
Current children cumulated vsize: 0 KiB
Current children cumulated memory: 0 KiB

[startup+0.700141 s]
/proc/loadavg: 0.52 0.58 0.59 2/13 3352
/proc/meminfo: memFree=11495160/16587228 swapFree=50197220/50331648
Current children cumulated CPU time: 0 s
Current children cumulated vsize: 0 KiB
Current children cumulated memory: 0 KiB

[startup+1.50024 s]
/proc/loadavg: 0.52 0.58 0.59 2/13 3352
/proc/meminfo: memFree=11493596/16587228 swapFree=50197220/50331648
Current children cumulated CPU time: 0 s
Current children cumulated vsize: 0 KiB
Current children cumulated memory: 0 KiB

[startup+3.10092 s]
/proc/loadavg: 0.52 0.58 0.59 2/13 3352
/proc/meminfo: memFree=11487932/16587228 swapFree=50197220/50331648
Current children cumulated CPU time: 0 s
Current children cumulated vsize: 0 KiB
Current children cumulated memory: 0 KiB
heavy processes:

[startup+6.30016 s]
/proc/loadavg: 0.52 0.58 0.59 2/13 3352
/proc/meminfo: memFree=11481012/16587228 swapFree=50197220/50331648
Current children cumulated CPU time: 0 s
Current children cumulated vsize: 0 KiB
Current children cumulated memory: 0 KiB
heavy processes:

[startup+12.7004 s]
/proc/loadavg: 0.52 0.58 0.59 2/13 3352
/proc/meminfo: memFree=11487184/16587228 swapFree=50197220/50331648
Current children cumulated CPU time: 0 s
Current children cumulated vsize: 0 KiB
Current children cumulated memory: 0 KiB
heavy processes:

[startup+25.5003 s]
/proc/loadavg: 0.52 0.58 0.59 2/13 3352
/proc/meminfo: memFree=11483000/16587228 swapFree=50197220/50331648
Current children cumulated CPU time: 0 s
Current children cumulated vsize: 0 KiB
Current children cumulated memory: 0 KiB
heavy processes:

[startup+51.1009 s]
/proc/loadavg: 0.52 0.58 0.59 2/13 3352
/proc/meminfo: memFree=11470196/16587228 swapFree=50197220/50331648
Current children cumulated CPU time: 0 s
Current children cumulated vsize: 0 KiB
Current children cumulated memory: 0 KiB
heavy processes:

[startup+91.5186 s]
# the end of solver process 3351 was just reported to runsolver
# cumulated CPU time of all completed processes:  user=90.8438 s, system=0.578125 s

Solver just ended.
??? end of watcher thread
Dumping a history of the last processes samples

[startup+51.2008 s]
/proc/loadavg: 0.52 0.58 0.59 2/13 3352
/proc/meminfo: memFree=11470280/16587228 swapFree=50197220/50331648
Current children cumulated CPU time: 0 s
Current children cumulated vsize: 0 KiB
Current children cumulated memory: 0 KiB

[startup+76.8002 s]
/proc/loadavg: 0.52 0.58 0.59 2/13 3352
/proc/meminfo: memFree=11272780/16587228 swapFree=50197236/50331648
Current children cumulated CPU time: 0 s
Current children cumulated vsize: 0 KiB
Current children cumulated memory: 0 KiB

[startup+83.2004 s]
/proc/loadavg: 0.52 0.58 0.59 2/13 3352
/proc/meminfo: memFree=11312796/16587228 swapFree=50197236/50331648
Current children cumulated CPU time: 0 s
Current children cumulated vsize: 0 KiB
Current children cumulated memory: 0 KiB

[startup+86.4003 s]
/proc/loadavg: 0.52 0.58 0.59 2/13 3352
/proc/meminfo: memFree=11312660/16587228 swapFree=50197236/50331648
Current children cumulated CPU time: 0 s
Current children cumulated vsize: 0 KiB
Current children cumulated memory: 0 KiB

[startup+89.6003 s]
/proc/loadavg: 0.52 0.58 0.59 2/13 3352
/proc/meminfo: memFree=11312676/16587228 swapFree=50197236/50331648
Current children cumulated CPU time: 0 s
Current children cumulated vsize: 0 KiB
Current children cumulated memory: 0 KiB

[startup+90.4001 s]
/proc/loadavg: 0.52 0.58 0.59 2/13 3352
/proc/meminfo: memFree=11312788/16587228 swapFree=50197236/50331648
Current children cumulated CPU time: 0 s
Current children cumulated vsize: 0 KiB
Current children cumulated memory: 0 KiB

[startup+91.2005 s]
/proc/loadavg: 0.52 0.58 0.59 2/13 3352
/proc/meminfo: memFree=11312732/16587228 swapFree=50197236/50331648
Current children cumulated CPU time: 0 s
Current children cumulated vsize: 0 KiB
Current children cumulated memory: 0 KiB

[startup+91.4001 s]
/proc/loadavg: 0.52 0.58 0.59 2/13 3352
/proc/meminfo: memFree=11312732/16587228 swapFree=50197236/50331648
Current children cumulated CPU time: 0 s
Current children cumulated vsize: 0 KiB
Current children cumulated memory: 0 KiB

[startup+91.5003 s]
/proc/loadavg: 0.52 0.58 0.59 2/13 3352
/proc/meminfo: memFree=11312732/16587228 swapFree=50197236/50331648
Current children cumulated CPU time: 0 s
Current children cumulated vsize: 0 KiB
Current children cumulated memory: 0 KiB

Child status: 0
Real time (s): 91.5186
CPU time (s): 91.4219
CPU user time (s): 90.8438
CPU system time (s): 0.578125
CPU usage (%): 99.8943
Max. virtual memory (cumulated for all children) (KiB): 0
Max. memory (cumulated for all children) (KiB): 0

getrusage(RUSAGE_CHILDREN,...) data:
user time used= 90.8438
system time used= 0.578125
maximum resident set size= 207768
integral shared memory size= 0
integral unshared data size= 0
integral unshared stack size= 0
page reclaims= 72413
page faults= 0
swaps= 0
block input operations= 0
block output operations= 0
messages sent= 0
messages received= 0
signals received= 0
voluntary context switches= 0
involuntary context switches= 0


# summary of solver processes directly reported to runsolver:
#   pid: 3351
#   total CPU time (s): 91.4219
#   total CPU user time (s): 90.8438
#   total CPU system time (s): 0.578125

??? end of timestamper thread
runsolver used 0 second user time and 0 second system time

The end
