runsolver version 3.4.0 (svn: 3018) Copyright (C) 2010-2013 Olivier ROUSSEL

This program is distributed in the hope that it will be useful,
but WITHOUT ANY WARRANTY; without even the implied warranty of
MERCHANTABILITY or FITNESS FOR A PARTICULAR PURPOSE.  See the
GNU General Public License for more details.

command line: /home/kunalan/runsolver/src/runsolver -C 1200 -W 1200 --vsize-limit 16384 -w results_nprc/nprc_newground2_random_45_80_watch.log --var results_nprc/nprc_newground2_random_45_80_values.log python3 ../newground2.py ../instances/benchmark_instances/encodings/nprc_newground2.lp ../instances/benchmark_instances/graphs/random_45_80.lp 

running on 8 cores: 0-7

Enforcing CPUTime limit (soft limit, will send SIGTERM then SIGKILL): 1200 seconds
Enforcing CPUTime limit (hard limit, will send SIGXCPU): 1230 seconds
Enforcing wall clock limit (soft limit, will send SIGTERM then SIGKILL): 1200 seconds
Enforcing VSIZE limit (soft limit, will send SIGTERM then SIGKILL): 16777216 KiB
Enforcing VSIZE limit (hard limit, stack expansion will fail with SIGSEGV, brk() and mmap() will return ENOMEM): 16828416 KiB
Linux 4.4.0-22000-Microsoft
Current StackSize limit: 8192 KiB

solver pid=2388, runsolver pid=2386

[startup+0.100486 s]*
/proc/loadavg: 0.52 0.58 0.59 2/13 2389
/proc/meminfo: memFree=11542516/16587228 swapFree=50193932/50331648
Current children cumulated CPU time: 0 s
Current children cumulated vsize: 0 KiB
Current children cumulated memory: 0 KiB

[startup+0.201458 s]*
/proc/loadavg: 0.52 0.58 0.59 2/13 2389
/proc/meminfo: memFree=11536908/16587228 swapFree=50193932/50331648
Current children cumulated CPU time: 0 s
Current children cumulated vsize: 0 KiB
Current children cumulated memory: 0 KiB

[startup+0.301263 s]*
/proc/loadavg: 0.52 0.58 0.59 2/13 2389
/proc/meminfo: memFree=11519388/16587228 swapFree=50193932/50331648
Current children cumulated CPU time: 0 s
Current children cumulated vsize: 0 KiB
Current children cumulated memory: 0 KiB

[startup+0.700469 s]
/proc/loadavg: 0.52 0.58 0.59 2/13 2389
/proc/meminfo: memFree=11525552/16587228 swapFree=50193932/50331648
Current children cumulated CPU time: 0 s
Current children cumulated vsize: 0 KiB
Current children cumulated memory: 0 KiB

[startup+1.50044 s]
/proc/loadavg: 0.52 0.58 0.59 2/13 2389
/proc/meminfo: memFree=11524088/16587228 swapFree=50193932/50331648
Current children cumulated CPU time: 0 s
Current children cumulated vsize: 0 KiB
Current children cumulated memory: 0 KiB

[startup+3.10103 s]
/proc/loadavg: 0.52 0.58 0.59 2/13 2389
/proc/meminfo: memFree=11522568/16587228 swapFree=50193932/50331648
Current children cumulated CPU time: 0 s
Current children cumulated vsize: 0 KiB
Current children cumulated memory: 0 KiB
heavy processes:

[startup+6.30022 s]
/proc/loadavg: 0.52 0.58 0.59 2/13 2389
/proc/meminfo: memFree=11522596/16587228 swapFree=50193932/50331648
Current children cumulated CPU time: 0 s
Current children cumulated vsize: 0 KiB
Current children cumulated memory: 0 KiB
heavy processes:

[startup+12.7008 s]
/proc/loadavg: 0.52 0.58 0.59 2/13 2389
/proc/meminfo: memFree=11523768/16587228 swapFree=50193932/50331648
Current children cumulated CPU time: 0 s
Current children cumulated vsize: 0 KiB
Current children cumulated memory: 0 KiB
heavy processes:

[startup+25.5002 s]
/proc/loadavg: 0.52 0.58 0.59 2/13 2390
/proc/meminfo: memFree=11523724/16587228 swapFree=50193932/50331648
Current children cumulated CPU time: 0 s
Current children cumulated vsize: 0 KiB
Current children cumulated memory: 0 KiB
heavy processes:

[startup+35.6819 s]
# the end of solver process 2388 was just reported to runsolver
# cumulated CPU time of all completed processes:  user=35.5156 s, system=0.140625 s

Solver just ended.
??? end of watcher thread
Dumping a history of the last processes samples

[startup+25.6013 s]
/proc/loadavg: 0.52 0.58 0.59 2/13 2390
/proc/meminfo: memFree=11523724/16587228 swapFree=50193932/50331648
Current children cumulated CPU time: 0 s
Current children cumulated vsize: 0 KiB
Current children cumulated memory: 0 KiB

[startup+32.0005 s]*
/proc/loadavg: 0.52 0.58 0.59 2/13 2390
/proc/meminfo: memFree=11530964/16587228 swapFree=50193932/50331648
Current children cumulated CPU time: 0 s
Current children cumulated vsize: 0 KiB
Current children cumulated memory: 0 KiB

[startup+33.6002 s]
/proc/loadavg: 0.52 0.58 0.59 2/13 2390
/proc/meminfo: memFree=11530532/16587228 swapFree=50193932/50331648
Current children cumulated CPU time: 0 s
Current children cumulated vsize: 0 KiB
Current children cumulated memory: 0 KiB

[startup+34.4004 s]
/proc/loadavg: 0.52 0.58 0.59 2/13 2390
/proc/meminfo: memFree=11531236/16587228 swapFree=50193932/50331648
Current children cumulated CPU time: 0 s
Current children cumulated vsize: 0 KiB
Current children cumulated memory: 0 KiB

[startup+35.2005 s]
/proc/loadavg: 0.52 0.58 0.59 2/13 2390
/proc/meminfo: memFree=11530616/16587228 swapFree=50193932/50331648
Current children cumulated CPU time: 0 s
Current children cumulated vsize: 0 KiB
Current children cumulated memory: 0 KiB

[startup+35.6004 s]
/proc/loadavg: 0.52 0.58 0.59 2/13 2390
/proc/meminfo: memFree=11530616/16587228 swapFree=50193932/50331648
Current children cumulated CPU time: 0 s
Current children cumulated vsize: 0 KiB
Current children cumulated memory: 0 KiB

Child status: 1
Real time (s): 35.682
CPU time (s): 35.6562
CPU user time (s): 35.5156
CPU system time (s): 0.140625
CPU usage (%): 99.9279
Max. virtual memory (cumulated for all children) (KiB): 0
Max. memory (cumulated for all children) (KiB): 0

getrusage(RUSAGE_CHILDREN,...) data:
user time used= 35.5156
system time used= 0.140625
maximum resident set size= 28680
integral shared memory size= 0
integral unshared data size= 0
integral unshared stack size= 0
page reclaims= 7477
page faults= 0
swaps= 0
block input operations= 0
block output operations= 0
messages sent= 0
messages received= 0
signals received= 0
voluntary context switches= 0
involuntary context switches= 0


# summary of solver processes directly reported to runsolver:
#   pid: 2388
#   total CPU time (s): 35.6562
#   total CPU user time (s): 35.5156
#   total CPU system time (s): 0.140625

??? end of timestamper thread
runsolver used 0 second user time and 0.015625 second system time

The end
