runsolver version 3.4.0 (svn: 3018) Copyright (C) 2010-2013 Olivier ROUSSEL

This program is distributed in the hope that it will be useful,
but WITHOUT ANY WARRANTY; without even the implied warranty of
MERCHANTABILITY or FITNESS FOR A PARTICULAR PURPOSE.  See the
GNU General Public License for more details.

command line: /home/kunalan/runsolver/src/runsolver -C 1200 -W 1200 --vsize-limit 16384 -w results_nprc/nprc_gringo_random_100_100_watch.log --var results_nprc/nprc_gringo_random_100_100_values.log gringo --verbose=2 --output text ../instances/benchmark_instances/encodings/nprc_gringo.lp ../instances/benchmark_instances/graphs/random_100_100.lp 

running on 8 cores: 0-7

Enforcing CPUTime limit (soft limit, will send SIGTERM then SIGKILL): 1200 seconds
Enforcing CPUTime limit (hard limit, will send SIGXCPU): 1230 seconds
Enforcing wall clock limit (soft limit, will send SIGTERM then SIGKILL): 1200 seconds
Enforcing VSIZE limit (soft limit, will send SIGTERM then SIGKILL): 16777216 KiB
Enforcing VSIZE limit (hard limit, stack expansion will fail with SIGSEGV, brk() and mmap() will return ENOMEM): 16828416 KiB
Linux 4.4.0-22000-Microsoft
Current StackSize limit: 8192 KiB
solver pid=193, runsolver pid=191


[startup+0.100264 s]*
/proc/loadavg: 0.52 0.58 0.59 2/13 194
/proc/meminfo: memFree=13084412/16587228 swapFree=49933432/50331648
Current children cumulated CPU time: 0 s
Current children cumulated vsize: 0 KiB
Current children cumulated memory: 0 KiB

[startup+0.201419 s]*
/proc/loadavg: 0.52 0.58 0.59 3/13 194
/proc/meminfo: memFree=13084376/16587228 swapFree=49933432/50331648
Current children cumulated CPU time: 0 s
Current children cumulated vsize: 0 KiB
Current children cumulated memory: 0 KiB

[startup+0.300959 s]*
/proc/loadavg: 0.52 0.58 0.59 3/13 194
/proc/meminfo: memFree=13084384/16587228 swapFree=49933432/50331648
Current children cumulated CPU time: 0 s
Current children cumulated vsize: 0 KiB
Current children cumulated memory: 0 KiB

[startup+0.700043 s]
/proc/loadavg: 0.52 0.58 0.59 3/13 194
/proc/meminfo: memFree=13075504/16587228 swapFree=49933432/50331648
Current children cumulated CPU time: 0 s
Current children cumulated vsize: 0 KiB
Current children cumulated memory: 0 KiB

[startup+1.50039 s]
/proc/loadavg: 0.52 0.58 0.59 3/13 194
/proc/meminfo: memFree=13080912/16587228 swapFree=49933432/50331648
Current children cumulated CPU time: 0 s
Current children cumulated vsize: 0 KiB
Current children cumulated memory: 0 KiB

[startup+3.10075 s]
/proc/loadavg: 0.52 0.58 0.59 2/13 194
/proc/meminfo: memFree=13077716/16587228 swapFree=49933432/50331648
Current children cumulated CPU time: 0 s
Current children cumulated vsize: 0 KiB
Current children cumulated memory: 0 KiB
heavy processes:

[startup+6.30008 s]
/proc/loadavg: 0.52 0.58 0.59 2/13 194
/proc/meminfo: memFree=13084472/16587228 swapFree=49933432/50331648
Current children cumulated CPU time: 0 s
Current children cumulated vsize: 0 KiB
Current children cumulated memory: 0 KiB
heavy processes:

[startup+12.7001 s]
/proc/loadavg: 0.52 0.58 0.59 2/13 194
/proc/meminfo: memFree=13085500/16587228 swapFree=49933432/50331648
Current children cumulated CPU time: 0 s
Current children cumulated vsize: 0 KiB
Current children cumulated memory: 0 KiB
heavy processes:

[startup+25.5003 s]
/proc/loadavg: 0.52 0.58 0.59 2/13 194
/proc/meminfo: memFree=13085948/16587228 swapFree=49933440/50331648
Current children cumulated CPU time: 0 s
Current children cumulated vsize: 0 KiB
Current children cumulated memory: 0 KiB
heavy processes:

[startup+51.1012 s]
/proc/loadavg: 0.52 0.58 0.59 3/13 195
/proc/meminfo: memFree=13088068/16587228 swapFree=49933972/50331648
Current children cumulated CPU time: 0 s
Current children cumulated vsize: 0 KiB
Current children cumulated memory: 0 KiB
heavy processes:

[startup+102.3 s]
/proc/loadavg: 0.52 0.58 0.59 3/13 197
/proc/meminfo: memFree=13092576/16587228 swapFree=49934136/50331648
Current children cumulated CPU time: 0 s
Current children cumulated vsize: 0 KiB
Current children cumulated memory: 0 KiB
heavy processes:

[startup+144.171 s]
# the end of solver process 193 was just reported to runsolver
# cumulated CPU time of all completed processes:  user=140.516 s, system=3.54688 s

Solver just ended.
??? end of watcher thread
Dumping a history of the last processes samples

[startup+102.401 s]
/proc/loadavg: 0.52 0.58 0.59 2/13 197
/proc/meminfo: memFree=13092576/16587228 swapFree=49934136/50331648
Current children cumulated CPU time: 0 s
Current children cumulated vsize: 0 KiB
Current children cumulated memory: 0 KiB

[startup+128 s]*
/proc/loadavg: 0.52 0.58 0.59 3/13 199
/proc/meminfo: memFree=13093932/16587228 swapFree=49934956/50331648
Current children cumulated CPU time: 0 s
Current children cumulated vsize: 0 KiB
Current children cumulated memory: 0 KiB

[startup+134.4 s]
/proc/loadavg: 0.52 0.58 0.59 3/13 199
/proc/meminfo: memFree=13094388/16587228 swapFree=49935024/50331648
Current children cumulated CPU time: 0 s
Current children cumulated vsize: 0 KiB
Current children cumulated memory: 0 KiB

[startup+140.8 s]
/proc/loadavg: 0.52 0.58 0.59 3/13 201
/proc/meminfo: memFree=13092680/16587228 swapFree=49935048/50331648
Current children cumulated CPU time: 0 s
Current children cumulated vsize: 0 KiB
Current children cumulated memory: 0 KiB

[startup+142.4 s]
/proc/loadavg: 0.52 0.58 0.59 3/13 201
/proc/meminfo: memFree=13092616/16587228 swapFree=49935048/50331648
Current children cumulated CPU time: 0 s
Current children cumulated vsize: 0 KiB
Current children cumulated memory: 0 KiB

[startup+143.2 s]
/proc/loadavg: 0.52 0.58 0.59 3/13 201
/proc/meminfo: memFree=13092728/16587228 swapFree=49935048/50331648
Current children cumulated CPU time: 0 s
Current children cumulated vsize: 0 KiB
Current children cumulated memory: 0 KiB

[startup+143.6 s]
/proc/loadavg: 0.52 0.58 0.59 3/13 201
/proc/meminfo: memFree=13092728/16587228 swapFree=49935048/50331648
Current children cumulated CPU time: 0 s
Current children cumulated vsize: 0 KiB
Current children cumulated memory: 0 KiB

[startup+144 s]*
/proc/loadavg: 0.52 0.58 0.59 2/13 201
/proc/meminfo: memFree=13092616/16587228 swapFree=49935048/50331648
Current children cumulated CPU time: 0 s
Current children cumulated vsize: 0 KiB
Current children cumulated memory: 0 KiB

[startup+144.101 s]
/proc/loadavg: 0.52 0.58 0.59 2/13 201
/proc/meminfo: memFree=13092616/16587228 swapFree=49935048/50331648
Current children cumulated CPU time: 0 s
Current children cumulated vsize: 0 KiB
Current children cumulated memory: 0 KiB

Child status: 0
Real time (s): 144.171
CPU time (s): 144.062
CPU user time (s): 140.516
CPU system time (s): 3.54688
CPU usage (%): 99.9248
Max. virtual memory (cumulated for all children) (KiB): 0
Max. memory (cumulated for all children) (KiB): 0

getrusage(RUSAGE_CHILDREN,...) data:
user time used= 140.516
system time used= 3.54688
maximum resident set size= 5796
integral shared memory size= 0
integral unshared data size= 0
integral unshared stack size= 0
page reclaims= 1627
page faults= 0
swaps= 0
block input operations= 0
block output operations= 0
messages sent= 0
messages received= 0
signals received= 0
voluntary context switches= 0
involuntary context switches= 0


# summary of solver processes directly reported to runsolver:
#   pid: 193
#   total CPU time (s): 144.062
#   total CPU user time (s): 140.516
#   total CPU system time (s): 3.54688

??? end of timestamper thread
runsolver used 0 second user time and 0.015625 second system time

The end
