runsolver version 3.4.0 (svn: 3018) Copyright (C) 2010-2013 Olivier ROUSSEL

This program is distributed in the hope that it will be useful,
but WITHOUT ANY WARRANTY; without even the implied warranty of
MERCHANTABILITY or FITNESS FOR A PARTICULAR PURPOSE.  See the
GNU General Public License for more details.

command line: /home/kunalan/runsolver/src/runsolver -C 1200 -W 1200 --vsize-limit 16384 -w results_nprc/nprc_newground_random_900_40_watch.log --var results_nprc/nprc_newground_random_900_40_values.log python3 ../newground2.py ../instances/benchmark_instances/encodings/nprc_newground.lp ../instances/benchmark_instances/graphs/random_900_40.lp 

running on 8 cores: 0-7

Enforcing CPUTime limit (soft limit, will send SIGTERM then SIGKILL): 1200 seconds
Enforcing CPUTime limit (hard limit, will send SIGXCPU): 1230 seconds
Enforcing wall clock limit (soft limit, will send SIGTERM then SIGKILL): 1200 seconds
Enforcing VSIZE limit (soft limit, will send SIGTERM then SIGKILL): 16777216 KiB
Enforcing VSIZE limit (hard limit, stack expansion will fail with SIGSEGV, brk() and mmap() will return ENOMEM): 16828416 KiB
Linux 4.4.0-22000-Microsoft
solver pid=3300, runsolver pid=3298
Current StackSize limit: 8192 KiB


[startup+0.100146 s]*
/proc/loadavg: 0.52 0.58 0.59 2/13 3301
/proc/meminfo: memFree=11647308/16587228 swapFree=50195556/50331648
Current children cumulated CPU time: 0 s
Current children cumulated vsize: 0 KiB
Current children cumulated memory: 0 KiB

[startup+0.200922 s]*
/proc/loadavg: 0.52 0.58 0.59 2/13 3301
/proc/meminfo: memFree=11635300/16587228 swapFree=50195556/50331648
Current children cumulated CPU time: 0 s
Current children cumulated vsize: 0 KiB
Current children cumulated memory: 0 KiB

[startup+0.301 s]*
/proc/loadavg: 0.52 0.58 0.59 2/13 3301
/proc/meminfo: memFree=11624304/16587228 swapFree=50195556/50331648
Current children cumulated CPU time: 0 s
Current children cumulated vsize: 0 KiB
Current children cumulated memory: 0 KiB

[startup+0.700551 s]
/proc/loadavg: 0.52 0.58 0.59 2/13 3301
/proc/meminfo: memFree=11621764/16587228 swapFree=50195556/50331648
Current children cumulated CPU time: 0 s
Current children cumulated vsize: 0 KiB
Current children cumulated memory: 0 KiB

[startup+1.50053 s]
/proc/loadavg: 0.52 0.58 0.59 2/13 3301
/proc/meminfo: memFree=11623688/16587228 swapFree=50195560/50331648
Current children cumulated CPU time: 0 s
Current children cumulated vsize: 0 KiB
Current children cumulated memory: 0 KiB

[startup+3.10078 s]
/proc/loadavg: 0.52 0.58 0.59 2/13 3301
/proc/meminfo: memFree=11622144/16587228 swapFree=50195560/50331648
Current children cumulated CPU time: 0 s
Current children cumulated vsize: 0 KiB
Current children cumulated memory: 0 KiB
heavy processes:

[startup+6.30042 s]
/proc/loadavg: 0.52 0.58 0.59 2/13 3301
/proc/meminfo: memFree=11621828/16587228 swapFree=50195560/50331648
Current children cumulated CPU time: 0 s
Current children cumulated vsize: 0 KiB
Current children cumulated memory: 0 KiB
heavy processes:

[startup+12.7002 s]
/proc/loadavg: 0.52 0.58 0.59 2/13 3301
/proc/meminfo: memFree=11627828/16587228 swapFree=50195560/50331648
Current children cumulated CPU time: 0 s
Current children cumulated vsize: 0 KiB
Current children cumulated memory: 0 KiB
heavy processes:

[startup+25.5004 s]
/proc/loadavg: 0.52 0.58 0.59 2/13 3301
/proc/meminfo: memFree=11613428/16587228 swapFree=50195560/50331648
Current children cumulated CPU time: 0 s
Current children cumulated vsize: 0 KiB
Current children cumulated memory: 0 KiB
heavy processes:

[startup+51.101 s]
/proc/loadavg: 0.52 0.58 0.59 2/13 3301
/proc/meminfo: memFree=11614476/16587228 swapFree=50195560/50331648
Current children cumulated CPU time: 0 s
Current children cumulated vsize: 0 KiB
Current children cumulated memory: 0 KiB
heavy processes:

[startup+102.3 s]
/proc/loadavg: 0.52 0.58 0.59 2/13 3301
/proc/meminfo: memFree=11516444/16587228 swapFree=50195560/50331648
Current children cumulated CPU time: 0 s
Current children cumulated vsize: 0 KiB
Current children cumulated memory: 0 KiB
heavy processes:

[startup+121.267 s]
# the end of solver process 3300 was just reported to runsolver
# cumulated CPU time of all completed processes:  user=120.656 s, system=0.53125 s

Solver just ended.
??? end of watcher thread
Dumping a history of the last processes samples

[startup+102.401 s]
/proc/loadavg: 0.52 0.58 0.59 2/13 3301
/proc/meminfo: memFree=11516444/16587228 swapFree=50195560/50331648
Current children cumulated CPU time: 0 s
Current children cumulated vsize: 0 KiB
Current children cumulated memory: 0 KiB

[startup+108.8 s]
/proc/loadavg: 0.52 0.58 0.59 2/13 3301
/proc/meminfo: memFree=11499548/16587228 swapFree=50195560/50331648
Current children cumulated CPU time: 0 s
Current children cumulated vsize: 0 KiB
Current children cumulated memory: 0 KiB

[startup+115.2 s]
/proc/loadavg: 0.52 0.58 0.59 2/13 3301
/proc/meminfo: memFree=11499580/16587228 swapFree=50195560/50331648
Current children cumulated CPU time: 0 s
Current children cumulated vsize: 0 KiB
Current children cumulated memory: 0 KiB

[startup+118.4 s]
/proc/loadavg: 0.52 0.58 0.59 2/13 3301
/proc/meminfo: memFree=11499664/16587228 swapFree=50195560/50331648
Current children cumulated CPU time: 0 s
Current children cumulated vsize: 0 KiB
Current children cumulated memory: 0 KiB

[startup+120.001 s]*
/proc/loadavg: 0.52 0.58 0.59 2/13 3301
/proc/meminfo: memFree=11499720/16587228 swapFree=50195560/50331648
Current children cumulated CPU time: 0 s
Current children cumulated vsize: 0 KiB
Current children cumulated memory: 0 KiB

[startup+120.8 s]
/proc/loadavg: 0.52 0.58 0.59 2/13 3301
/proc/meminfo: memFree=11499720/16587228 swapFree=50195560/50331648
Current children cumulated CPU time: 0 s
Current children cumulated vsize: 0 KiB
Current children cumulated memory: 0 KiB

[startup+121.2 s]
/proc/loadavg: 0.52 0.58 0.59 2/13 3301
/proc/meminfo: memFree=11499748/16587228 swapFree=50195560/50331648
Current children cumulated CPU time: 0 s
Current children cumulated vsize: 0 KiB
Current children cumulated memory: 0 KiB

Child status: 0
Real time (s): 121.267
CPU time (s): 121.188
CPU user time (s): 120.656
CPU system time (s): 0.53125
CPU usage (%): 99.9347
Max. virtual memory (cumulated for all children) (KiB): 0
Max. memory (cumulated for all children) (KiB): 0

getrusage(RUSAGE_CHILDREN,...) data:
user time used= 120.656
system time used= 0.53125
maximum resident set size= 197964
integral shared memory size= 0
integral unshared data size= 0
integral unshared stack size= 0
page reclaims= 65980
page faults= 0
swaps= 0
block input operations= 0
block output operations= 0
messages sent= 0
messages received= 0
signals received= 0
voluntary context switches= 0
involuntary context switches= 0


# summary of solver processes directly reported to runsolver:
#   pid: 3300
#   total CPU time (s): 121.188
#   total CPU user time (s): 120.656
#   total CPU system time (s): 0.53125

??? end of timestamper thread
runsolver used 0 second user time and 0 second system time

The end
