runsolver version 3.4.0 (svn: 3018) Copyright (C) 2010-2013 Olivier ROUSSEL

This program is distributed in the hope that it will be useful,
but WITHOUT ANY WARRANTY; without even the implied warranty of
MERCHANTABILITY or FITNESS FOR A PARTICULAR PURPOSE.  See the
GNU General Public License for more details.

command line: /home/kunalan/runsolver/src/runsolver -C 1200 -W 1200 --vsize-limit 16384 -w results_nprc/nprc_newground_random_1100_80_watch.log --var results_nprc/nprc_newground_random_1100_80_values.log python3 ../newground2.py ../instances/benchmark_instances/encodings/nprc_newground.lp ../instances/benchmark_instances/graphs/random_1100_80.lp 

running on 8 cores: 0-7

Enforcing CPUTime limit (soft limit, will send SIGTERM then SIGKILL): 1200 seconds
Enforcing CPUTime limit (hard limit, will send SIGXCPU): 1230 seconds
Enforcing wall clock limit (soft limit, will send SIGTERM then SIGKILL): 1200 seconds
Enforcing VSIZE limit (soft limit, will send SIGTERM then SIGKILL): 16777216 KiB
Enforcing VSIZE limit (hard limit, stack expansion will fail with SIGSEGV, brk() and mmap() will return ENOMEM): 16828416 KiB
Linux 4.4.0-22000-Microsoft
Current StackSize limit: 8192 KiB
solver pid=3432, runsolver pid=3430


[startup+0.100128 s]*
/proc/loadavg: 0.52 0.58 0.59 2/13 3433
/proc/meminfo: memFree=11491444/16587228 swapFree=50201336/50331648
Current children cumulated CPU time: 0 s
Current children cumulated vsize: 0 KiB
Current children cumulated memory: 0 KiB

[startup+0.201344 s]*
/proc/loadavg: 0.52 0.58 0.59 2/13 3433
/proc/meminfo: memFree=11482848/16587228 swapFree=50201336/50331648
Current children cumulated CPU time: 0 s
Current children cumulated vsize: 0 KiB
Current children cumulated memory: 0 KiB

[startup+0.301062 s]*
/proc/loadavg: 0.52 0.58 0.59 2/13 3433
/proc/meminfo: memFree=11467968/16587228 swapFree=50201336/50331648
Current children cumulated CPU time: 0 s
Current children cumulated vsize: 0 KiB
Current children cumulated memory: 0 KiB

[startup+0.700158 s]
/proc/loadavg: 0.52 0.58 0.59 2/13 3433
/proc/meminfo: memFree=11465436/16587228 swapFree=50201336/50331648
Current children cumulated CPU time: 0 s
Current children cumulated vsize: 0 KiB
Current children cumulated memory: 0 KiB

[startup+1.50057 s]
/proc/loadavg: 0.52 0.58 0.59 2/13 3433
/proc/meminfo: memFree=11466116/16587228 swapFree=50201336/50331648
Current children cumulated CPU time: 0 s
Current children cumulated vsize: 0 KiB
Current children cumulated memory: 0 KiB

[startup+3.10087 s]
/proc/loadavg: 0.52 0.58 0.59 2/13 3433
/proc/meminfo: memFree=11467940/16587228 swapFree=50201404/50331648
Current children cumulated CPU time: 0 s
Current children cumulated vsize: 0 KiB
Current children cumulated memory: 0 KiB
heavy processes:

[startup+6.30048 s]
/proc/loadavg: 0.52 0.58 0.59 2/13 3433
/proc/meminfo: memFree=11473960/16587228 swapFree=50201404/50331648
Current children cumulated CPU time: 0 s
Current children cumulated vsize: 0 KiB
Current children cumulated memory: 0 KiB
heavy processes:

[startup+12.7004 s]
/proc/loadavg: 0.52 0.58 0.59 2/13 3433
/proc/meminfo: memFree=11474048/16587228 swapFree=50201404/50331648
Current children cumulated CPU time: 0 s
Current children cumulated vsize: 0 KiB
Current children cumulated memory: 0 KiB
heavy processes:

[startup+25.5005 s]
/proc/loadavg: 0.52 0.58 0.59 2/13 3433
/proc/meminfo: memFree=11427820/16587228 swapFree=50201456/50331648
Current children cumulated CPU time: 0 s
Current children cumulated vsize: 0 KiB
Current children cumulated memory: 0 KiB
heavy processes:

[startup+51.101 s]
/proc/loadavg: 0.52 0.58 0.59 2/13 3433
/proc/meminfo: memFree=11442676/16587228 swapFree=50201456/50331648
Current children cumulated CPU time: 0 s
Current children cumulated vsize: 0 KiB
Current children cumulated memory: 0 KiB
heavy processes:

[startup+102.3 s]
/proc/loadavg: 0.52 0.58 0.59 2/13 3433
/proc/meminfo: memFree=11430260/16587228 swapFree=50201456/50331648
Current children cumulated CPU time: 0 s
Current children cumulated vsize: 0 KiB
Current children cumulated memory: 0 KiB
heavy processes:

[startup+162.3 s]
/proc/loadavg: 0.52 0.58 0.59 2/13 3435
/proc/meminfo: memFree=11433652/16587228 swapFree=50201456/50331648
Current children cumulated CPU time: 0 s
Current children cumulated vsize: 0 KiB
Current children cumulated memory: 0 KiB
heavy processes:

[startup+222.3 s]
/proc/loadavg: 0.52 0.58 0.59 2/13 3435
/proc/meminfo: memFree=11346852/16587228 swapFree=50201532/50331648
Current children cumulated CPU time: 0 s
Current children cumulated vsize: 0 KiB
Current children cumulated memory: 0 KiB
heavy processes:

[startup+282.3 s]
/proc/loadavg: 0.52 0.58 0.59 2/13 3436
/proc/meminfo: memFree=11322268/16587228 swapFree=50201616/50331648
Current children cumulated CPU time: 0 s
Current children cumulated vsize: 0 KiB
Current children cumulated memory: 0 KiB
heavy processes:

[startup+325.76 s]
# the end of solver process 3432 was just reported to runsolver
# cumulated CPU time of all completed processes:  user=324.312 s, system=0.90625 s

Solver just ended.
??? end of watcher thread
Dumping a history of the last processes samples

[startup+307.2 s]
/proc/loadavg: 0.52 0.58 0.59 2/13 3436
/proc/meminfo: memFree=11261912/16587228 swapFree=50201632/50331648
Current children cumulated CPU time: 0 s
Current children cumulated vsize: 0 KiB
Current children cumulated memory: 0 KiB

[startup+313.601 s]
/proc/loadavg: 0.52 0.58 0.59 2/13 3436
/proc/meminfo: memFree=11234280/16587228 swapFree=50201632/50331648
Current children cumulated CPU time: 0 s
Current children cumulated vsize: 0 KiB
Current children cumulated memory: 0 KiB

[startup+320 s]*
/proc/loadavg: 0.52 0.58 0.59 2/13 3436
/proc/meminfo: memFree=11238916/16587228 swapFree=50201632/50331648
Current children cumulated CPU time: 0 s
Current children cumulated vsize: 0 KiB
Current children cumulated memory: 0 KiB

[startup+323.2 s]
/proc/loadavg: 0.52 0.58 0.59 2/13 3436
/proc/meminfo: memFree=11239096/16587228 swapFree=50201632/50331648
Current children cumulated CPU time: 0 s
Current children cumulated vsize: 0 KiB
Current children cumulated memory: 0 KiB

[startup+324.8 s]
/proc/loadavg: 0.52 0.58 0.59 2/13 3436
/proc/meminfo: memFree=11239312/16587228 swapFree=50201632/50331648
Current children cumulated CPU time: 0 s
Current children cumulated vsize: 0 KiB
Current children cumulated memory: 0 KiB

[startup+325.2 s]
/proc/loadavg: 0.52 0.58 0.59 2/13 3436
/proc/meminfo: memFree=11239636/16587228 swapFree=50201632/50331648
Current children cumulated CPU time: 0 s
Current children cumulated vsize: 0 KiB
Current children cumulated memory: 0 KiB

[startup+325.6 s]
/proc/loadavg: 0.52 0.58 0.59 2/13 3436
/proc/meminfo: memFree=11239636/16587228 swapFree=50201632/50331648
Current children cumulated CPU time: 0 s
Current children cumulated vsize: 0 KiB
Current children cumulated memory: 0 KiB

[startup+325.701 s]
/proc/loadavg: 0.52 0.58 0.59 2/13 3436
/proc/meminfo: memFree=11239636/16587228 swapFree=50201632/50331648
Current children cumulated CPU time: 0 s
Current children cumulated vsize: 0 KiB
Current children cumulated memory: 0 KiB

Child status: 0
Real time (s): 325.76
CPU time (s): 325.219
CPU user time (s): 324.312
CPU system time (s): 0.90625
CPU usage (%): 99.8338
Max. virtual memory (cumulated for all children) (KiB): 0
Max. memory (cumulated for all children) (KiB): 0

getrusage(RUSAGE_CHILDREN,...) data:
user time used= 324.312
system time used= 0.90625
maximum resident set size= 347636
integral shared memory size= 0
integral unshared data size= 0
integral unshared stack size= 0
page reclaims= 113483
page faults= 0
swaps= 0
block input operations= 0
block output operations= 0
messages sent= 0
messages received= 0
signals received= 0
voluntary context switches= 0
involuntary context switches= 0


# summary of solver processes directly reported to runsolver:
#   pid: 3432
#   total CPU time (s): 325.219
#   total CPU user time (s): 324.312
#   total CPU system time (s): 0.90625

??? end of timestamper thread
runsolver used 0 second user time and 0.015625 second system time

The end
