runsolver version 3.4.0 (svn: 3018) Copyright (C) 2010-2013 Olivier ROUSSEL

This program is distributed in the hope that it will be useful,
but WITHOUT ANY WARRANTY; without even the implied warranty of
MERCHANTABILITY or FITNESS FOR A PARTICULAR PURPOSE.  See the
GNU General Public License for more details.

command line: /home/kunalan/runsolver/src/runsolver -C 1200 -W 1200 --vsize-limit 16384 -w results_nprc/nprc_newground_random_700_60_watch.log --var results_nprc/nprc_newground_random_700_60_values.log python3 ../newground2.py ../instances/benchmark_instances/encodings/nprc_newground.lp ../instances/benchmark_instances/graphs/random_700_60.lp 

running on 8 cores: 0-7

Enforcing CPUTime limit (soft limit, will send SIGTERM then SIGKILL): 1200 seconds
Enforcing CPUTime limit (hard limit, will send SIGXCPU): 1230 seconds
Enforcing wall clock limit (soft limit, will send SIGTERM then SIGKILL): 1200 seconds
Enforcing VSIZE limit (soft limit, will send SIGTERM then SIGKILL): 16777216 KiB
Enforcing VSIZE limit (hard limit, stack expansion will fail with SIGSEGV, brk() and mmap() will return ENOMEM): 16828416 KiB
Linux 4.4.0-22000-Microsoft
Current StackSize limit: 8192 KiB

solver pid=3199, runsolver pid=3197

[startup+0.10051 s]*
/proc/loadavg: 0.52 0.58 0.59 2/13 3200
/proc/meminfo: memFree=11458408/16587228 swapFree=50195232/50331648
Current children cumulated CPU time: 0 s
Current children cumulated vsize: 0 KiB
Current children cumulated memory: 0 KiB

[startup+0.201231 s]*
/proc/loadavg: 0.52 0.58 0.59 2/13 3200
/proc/meminfo: memFree=11444596/16587228 swapFree=50195232/50331648
Current children cumulated CPU time: 0 s
Current children cumulated vsize: 0 KiB
Current children cumulated memory: 0 KiB

[startup+0.30106 s]*
/proc/loadavg: 0.52 0.58 0.59 2/13 3200
/proc/meminfo: memFree=11441528/16587228 swapFree=50195232/50331648
Current children cumulated CPU time: 0 s
Current children cumulated vsize: 0 KiB
Current children cumulated memory: 0 KiB

[startup+0.700487 s]
/proc/loadavg: 0.52 0.58 0.59 2/13 3200
/proc/meminfo: memFree=11441512/16587228 swapFree=50195232/50331648
Current children cumulated CPU time: 0 s
Current children cumulated vsize: 0 KiB
Current children cumulated memory: 0 KiB

[startup+1.50027 s]
/proc/loadavg: 0.52 0.58 0.59 2/13 3200
/proc/meminfo: memFree=11442028/16587228 swapFree=50195232/50331648
Current children cumulated CPU time: 0 s
Current children cumulated vsize: 0 KiB
Current children cumulated memory: 0 KiB

[startup+3.10116 s]
/proc/loadavg: 0.52 0.58 0.59 2/13 3200
/proc/meminfo: memFree=11428588/16587228 swapFree=50195232/50331648
Current children cumulated CPU time: 0 s
Current children cumulated vsize: 0 KiB
Current children cumulated memory: 0 KiB
heavy processes:

[startup+6.30037 s]
/proc/loadavg: 0.52 0.58 0.59 2/13 3200
/proc/meminfo: memFree=11428256/16587228 swapFree=50195232/50331648
Current children cumulated CPU time: 0 s
Current children cumulated vsize: 0 KiB
Current children cumulated memory: 0 KiB
heavy processes:

[startup+12.7003 s]
/proc/loadavg: 0.52 0.58 0.59 2/13 3200
/proc/meminfo: memFree=11427788/16587228 swapFree=50195232/50331648
Current children cumulated CPU time: 0 s
Current children cumulated vsize: 0 KiB
Current children cumulated memory: 0 KiB
heavy processes:

[startup+25.5005 s]
/proc/loadavg: 0.52 0.58 0.59 2/13 3201
/proc/meminfo: memFree=11432924/16587228 swapFree=50195232/50331648
Current children cumulated CPU time: 0 s
Current children cumulated vsize: 0 KiB
Current children cumulated memory: 0 KiB
heavy processes:

[startup+51.1011 s]
/proc/loadavg: 0.52 0.58 0.59 2/13 3201
/proc/meminfo: memFree=11420048/16587228 swapFree=50195232/50331648
Current children cumulated CPU time: 0 s
Current children cumulated vsize: 0 KiB
Current children cumulated memory: 0 KiB
heavy processes:

[startup+100.103 s]
# the end of solver process 3199 was just reported to runsolver
# cumulated CPU time of all completed processes:  user=99.5781 s, system=0.484375 s

Solver just ended.
??? end of watcher thread
Dumping a history of the last processes samples

[startup+51.2008 s]
/proc/loadavg: 0.52 0.58 0.59 2/13 3201
/proc/meminfo: memFree=11420048/16587228 swapFree=50195232/50331648
Current children cumulated CPU time: 0 s
Current children cumulated vsize: 0 KiB
Current children cumulated memory: 0 KiB

[startup+76.8003 s]
/proc/loadavg: 0.52 0.58 0.59 2/13 3201
/proc/meminfo: memFree=11403600/16587228 swapFree=50195232/50331648
Current children cumulated CPU time: 0 s
Current children cumulated vsize: 0 KiB
Current children cumulated memory: 0 KiB

[startup+89.6006 s]
/proc/loadavg: 0.52 0.58 0.59 3/13 3201
/proc/meminfo: memFree=11322264/16587228 swapFree=50195232/50331648
Current children cumulated CPU time: 0 s
Current children cumulated vsize: 0 KiB
Current children cumulated memory: 0 KiB

[startup+96.0006 s]*
/proc/loadavg: 0.52 0.58 0.59 2/13 3201
/proc/meminfo: memFree=11324976/16587228 swapFree=50195232/50331648
Current children cumulated CPU time: 0 s
Current children cumulated vsize: 0 KiB
Current children cumulated memory: 0 KiB

[startup+97.6002 s]
/proc/loadavg: 0.52 0.58 0.59 2/13 3201
/proc/meminfo: memFree=11322952/16587228 swapFree=50195232/50331648
Current children cumulated CPU time: 0 s
Current children cumulated vsize: 0 KiB
Current children cumulated memory: 0 KiB

[startup+99.2003 s]
/proc/loadavg: 0.52 0.58 0.59 2/13 3201
/proc/meminfo: memFree=11323784/16587228 swapFree=50195232/50331648
Current children cumulated CPU time: 0 s
Current children cumulated vsize: 0 KiB
Current children cumulated memory: 0 KiB

[startup+99.6005 s]
/proc/loadavg: 0.52 0.58 0.59 2/13 3201
/proc/meminfo: memFree=11323784/16587228 swapFree=50195232/50331648
Current children cumulated CPU time: 0 s
Current children cumulated vsize: 0 KiB
Current children cumulated memory: 0 KiB

[startup+100 s]*
/proc/loadavg: 0.52 0.58 0.59 2/13 3201
/proc/meminfo: memFree=11323464/16587228 swapFree=50195232/50331648
Current children cumulated CPU time: 0 s
Current children cumulated vsize: 0 KiB
Current children cumulated memory: 0 KiB

[startup+100.101 s]
/proc/loadavg: 0.52 0.58 0.59 2/13 3201
/proc/meminfo: memFree=11323464/16587228 swapFree=50195232/50331648
Current children cumulated CPU time: 0 s
Current children cumulated vsize: 0 KiB
Current children cumulated memory: 0 KiB

Child status: 0
Real time (s): 100.103
CPU time (s): 100.062
CPU user time (s): 99.5781
CPU system time (s): 0.484375
CPU usage (%): 99.9595
Max. virtual memory (cumulated for all children) (KiB): 0
Max. memory (cumulated for all children) (KiB): 0

getrusage(RUSAGE_CHILDREN,...) data:
user time used= 99.5781
system time used= 0.484375
maximum resident set size= 142304
integral shared memory size= 0
integral unshared data size= 0
integral unshared stack size= 0
page reclaims= 44858
page faults= 0
swaps= 0
block input operations= 0
block output operations= 0
messages sent= 0
messages received= 0
signals received= 0
voluntary context switches= 0
involuntary context switches= 0


# summary of solver processes directly reported to runsolver:
#   pid: 3199
#   total CPU time (s): 100.062
#   total CPU user time (s): 99.5781
#   total CPU system time (s): 0.484375

??? end of timestamper thread
runsolver used 0 second user time and 0 second system time

The end
