runsolver version 3.4.0 (svn: 3018) Copyright (C) 2010-2013 Olivier ROUSSEL

This program is distributed in the hope that it will be useful,
but WITHOUT ANY WARRANTY; without even the implied warranty of
MERCHANTABILITY or FITNESS FOR A PARTICULAR PURPOSE.  See the
GNU General Public License for more details.

command line: /home/kunalan/runsolver/src/runsolver -C 1200 -W 1200 --vsize-limit 16384 -w results_nprc/nprc_newground_random_700_70_watch.log --var results_nprc/nprc_newground_random_700_70_values.log python3 ../newground2.py ../instances/benchmark_instances/encodings/nprc_newground.lp ../instances/benchmark_instances/graphs/random_700_70.lp 

running on 8 cores: 0-7

Enforcing CPUTime limit (soft limit, will send SIGTERM then SIGKILL): 1200 seconds
Enforcing CPUTime limit (hard limit, will send SIGXCPU): 1230 seconds
Enforcing wall clock limit (soft limit, will send SIGTERM then SIGKILL): 1200 seconds
Enforcing VSIZE limit (soft limit, will send SIGTERM then SIGKILL): 16777216 KiB
Enforcing VSIZE limit (hard limit, stack expansion will fail with SIGSEGV, brk() and mmap() will return ENOMEM): 16828416 KiB
Linux 4.4.0-22000-Microsoft
Current StackSize limit: 8192 KiB
solver pid=3205, runsolver pid=3203


[startup+0.100545 s]*
/proc/loadavg: 0.52 0.58 0.59 2/13 3206
/proc/meminfo: memFree=11430204/16587228 swapFree=50195232/50331648
Current children cumulated CPU time: 0 s
Current children cumulated vsize: 0 KiB
Current children cumulated memory: 0 KiB

[startup+0.201094 s]*
/proc/loadavg: 0.52 0.58 0.59 2/13 3206
/proc/meminfo: memFree=11417784/16587228 swapFree=50195232/50331648
Current children cumulated CPU time: 0 s
Current children cumulated vsize: 0 KiB
Current children cumulated memory: 0 KiB

[startup+0.300824 s]*
/proc/loadavg: 0.52 0.58 0.59 2/13 3206
/proc/meminfo: memFree=11407896/16587228 swapFree=50195232/50331648
Current children cumulated CPU time: 0 s
Current children cumulated vsize: 0 KiB
Current children cumulated memory: 0 KiB

[startup+0.700173 s]
/proc/loadavg: 0.52 0.58 0.59 2/13 3206
/proc/meminfo: memFree=11407676/16587228 swapFree=50195232/50331648
Current children cumulated CPU time: 0 s
Current children cumulated vsize: 0 KiB
Current children cumulated memory: 0 KiB

[startup+1.50036 s]
/proc/loadavg: 0.52 0.58 0.59 2/13 3206
/proc/meminfo: memFree=11407884/16587228 swapFree=50195232/50331648
Current children cumulated CPU time: 0 s
Current children cumulated vsize: 0 KiB
Current children cumulated memory: 0 KiB

[startup+3.10113 s]
/proc/loadavg: 0.52 0.58 0.59 2/13 3206
/proc/meminfo: memFree=11406364/16587228 swapFree=50195232/50331648
Current children cumulated CPU time: 0 s
Current children cumulated vsize: 0 KiB
Current children cumulated memory: 0 KiB
heavy processes:

[startup+6.30054 s]
/proc/loadavg: 0.52 0.58 0.59 2/13 3206
/proc/meminfo: memFree=11406108/16587228 swapFree=50195232/50331648
Current children cumulated CPU time: 0 s
Current children cumulated vsize: 0 KiB
Current children cumulated memory: 0 KiB
heavy processes:

[startup+12.7003 s]
/proc/loadavg: 0.52 0.58 0.59 2/13 3206
/proc/meminfo: memFree=11405780/16587228 swapFree=50195232/50331648
Current children cumulated CPU time: 0 s
Current children cumulated vsize: 0 KiB
Current children cumulated memory: 0 KiB
heavy processes:

[startup+25.5004 s]
/proc/loadavg: 0.52 0.58 0.59 2/13 3206
/proc/meminfo: memFree=11407336/16587228 swapFree=50195232/50331648
Current children cumulated CPU time: 0 s
Current children cumulated vsize: 0 KiB
Current children cumulated memory: 0 KiB
heavy processes:

[startup+51.1008 s]
/proc/loadavg: 0.52 0.58 0.59 2/13 3206
/proc/meminfo: memFree=11395004/16587228 swapFree=50195232/50331648
Current children cumulated CPU time: 0 s
Current children cumulated vsize: 0 KiB
Current children cumulated memory: 0 KiB
heavy processes:

[startup+102.3 s]
/proc/loadavg: 0.52 0.58 0.59 2/13 3206
/proc/meminfo: memFree=11331996/16587228 swapFree=50195232/50331648
Current children cumulated CPU time: 0 s
Current children cumulated vsize: 0 KiB
Current children cumulated memory: 0 KiB
heavy processes:

[startup+113.635 s]
# the end of solver process 3205 was just reported to runsolver
# cumulated CPU time of all completed processes:  user=113.266 s, system=0.3125 s

Solver just ended.
??? end of watcher thread
Dumping a history of the last processes samples

[startup+102.401 s]
/proc/loadavg: 0.52 0.58 0.59 2/13 3206
/proc/meminfo: memFree=11326796/16587228 swapFree=50195232/50331648
Current children cumulated CPU time: 0 s
Current children cumulated vsize: 0 KiB
Current children cumulated memory: 0 KiB

[startup+108.8 s]
/proc/loadavg: 0.52 0.58 0.59 2/13 3206
/proc/meminfo: memFree=11319420/16587228 swapFree=50195232/50331648
Current children cumulated CPU time: 0 s
Current children cumulated vsize: 0 KiB
Current children cumulated memory: 0 KiB

[startup+112 s]*
/proc/loadavg: 0.52 0.58 0.59 2/13 3206
/proc/meminfo: memFree=11326572/16587228 swapFree=50195232/50331648
Current children cumulated CPU time: 0 s
Current children cumulated vsize: 0 KiB
Current children cumulated memory: 0 KiB

[startup+112.8 s]
/proc/loadavg: 0.52 0.58 0.59 2/13 3206
/proc/meminfo: memFree=11326572/16587228 swapFree=50195232/50331648
Current children cumulated CPU time: 0 s
Current children cumulated vsize: 0 KiB
Current children cumulated memory: 0 KiB

[startup+113.2 s]
/proc/loadavg: 0.52 0.58 0.59 2/13 3206
/proc/meminfo: memFree=11322488/16587228 swapFree=50195232/50331648
Current children cumulated CPU time: 0 s
Current children cumulated vsize: 0 KiB
Current children cumulated memory: 0 KiB

[startup+113.6 s]
/proc/loadavg: 0.52 0.58 0.59 2/13 3206
/proc/meminfo: memFree=11322488/16587228 swapFree=50195232/50331648
Current children cumulated CPU time: 0 s
Current children cumulated vsize: 0 KiB
Current children cumulated memory: 0 KiB

Child status: 0
Real time (s): 113.635
CPU time (s): 113.578
CPU user time (s): 113.266
CPU system time (s): 0.3125
CPU usage (%): 99.9501
Max. virtual memory (cumulated for all children) (KiB): 0
Max. memory (cumulated for all children) (KiB): 0

getrusage(RUSAGE_CHILDREN,...) data:
user time used= 113.266
system time used= 0.3125
maximum resident set size= 153932
integral shared memory size= 0
integral unshared data size= 0
integral unshared stack size= 0
page reclaims= 49822
page faults= 0
swaps= 0
block input operations= 0
block output operations= 0
messages sent= 0
messages received= 0
signals received= 0
voluntary context switches= 0
involuntary context switches= 0


# summary of solver processes directly reported to runsolver:
#   pid: 3205
#   total CPU time (s): 113.578
#   total CPU user time (s): 113.266
#   total CPU system time (s): 0.3125

??? end of timestamper thread
runsolver used 0 second user time and 0 second system time

The end
