runsolver version 3.4.0 (svn: 3018) Copyright (C) 2010-2013 Olivier ROUSSEL

This program is distributed in the hope that it will be useful,
but WITHOUT ANY WARRANTY; without even the implied warranty of
MERCHANTABILITY or FITNESS FOR A PARTICULAR PURPOSE.  See the
GNU General Public License for more details.

command line: /home/kunalan/runsolver/src/runsolver -C 1200 -W 1200 --vsize-limit 16384 -w results_nprc/nprc_newground2_random_50_50_watch.log --var results_nprc/nprc_newground2_random_50_50_values.log python3 ../newground2.py ../instances/benchmark_instances/encodings/nprc_newground2.lp ../instances/benchmark_instances/graphs/random_50_50.lp 

running on 8 cores: 0-7

Enforcing CPUTime limit (soft limit, will send SIGTERM then SIGKILL): 1200 seconds
Enforcing CPUTime limit (hard limit, will send SIGXCPU): 1230 seconds
Enforcing wall clock limit (soft limit, will send SIGTERM then SIGKILL): 1200 seconds
Enforcing VSIZE limit (soft limit, will send SIGTERM then SIGKILL): 16777216 KiB
Enforcing VSIZE limit (hard limit, stack expansion will fail with SIGSEGV, brk() and mmap() will return ENOMEM): 16828416 KiB
Linux 4.4.0-22000-Microsoft
solver pid=2692, runsolver pid=2690
Current StackSize limit: 8192 KiB


[startup+0.10009 s]*
/proc/loadavg: 0.52 0.58 0.59 2/13 2693
/proc/meminfo: memFree=11654580/16587228 swapFree=50194052/50331648
Current children cumulated CPU time: 0 s
Current children cumulated vsize: 0 KiB
Current children cumulated memory: 0 KiB

[startup+0.201276 s]*
/proc/loadavg: 0.52 0.58 0.59 2/13 2693
/proc/meminfo: memFree=11647020/16587228 swapFree=50194052/50331648
Current children cumulated CPU time: 0 s
Current children cumulated vsize: 0 KiB
Current children cumulated memory: 0 KiB

[startup+0.301123 s]*
/proc/loadavg: 0.52 0.58 0.59 2/13 2693
/proc/meminfo: memFree=11635444/16587228 swapFree=50194052/50331648
Current children cumulated CPU time: 0 s
Current children cumulated vsize: 0 KiB
Current children cumulated memory: 0 KiB

[startup+0.700132 s]
/proc/loadavg: 0.52 0.58 0.59 2/13 2694
/proc/meminfo: memFree=11633248/16587228 swapFree=50194052/50331648
Current children cumulated CPU time: 0 s
Current children cumulated vsize: 0 KiB
Current children cumulated memory: 0 KiB

[startup+1.5003 s]
/proc/loadavg: 0.52 0.58 0.59 2/13 2694
/proc/meminfo: memFree=11634000/16587228 swapFree=50194052/50331648
Current children cumulated CPU time: 0 s
Current children cumulated vsize: 0 KiB
Current children cumulated memory: 0 KiB

[startup+3.10098 s]
/proc/loadavg: 0.52 0.58 0.59 2/13 2694
/proc/meminfo: memFree=11645652/16587228 swapFree=50194052/50331648
Current children cumulated CPU time: 0 s
Current children cumulated vsize: 0 KiB
Current children cumulated memory: 0 KiB
heavy processes:

[startup+4.64831 s]
# the end of solver process 2692 was just reported to runsolver
# cumulated CPU time of all completed processes:  user=4.53125 s, system=0.09375 s

Solver just ended.
??? end of watcher thread
Dumping a history of the last processes samples

[startup+3.20133 s]
/proc/loadavg: 0.52 0.58 0.59 2/13 2694
/proc/meminfo: memFree=11645652/16587228 swapFree=50194052/50331648
Current children cumulated CPU time: 0 s
Current children cumulated vsize: 0 KiB
Current children cumulated memory: 0 KiB

[startup+4.00058 s]*
/proc/loadavg: 0.52 0.58 0.59 2/13 2694
/proc/meminfo: memFree=11639140/16587228 swapFree=50194052/50331648
Current children cumulated CPU time: 0 s
Current children cumulated vsize: 0 KiB
Current children cumulated memory: 0 KiB

[startup+4.40019 s]
/proc/loadavg: 0.52 0.58 0.59 2/13 2694
/proc/meminfo: memFree=11639140/16587228 swapFree=50194052/50331648
Current children cumulated CPU time: 0 s
Current children cumulated vsize: 0 KiB
Current children cumulated memory: 0 KiB

[startup+4.60026 s]
/proc/loadavg: 0.52 0.58 0.59 2/13 2694
/proc/meminfo: memFree=11639140/16587228 swapFree=50194052/50331648
Current children cumulated CPU time: 0 s
Current children cumulated vsize: 0 KiB
Current children cumulated memory: 0 KiB

Child status: 1
Real time (s): 4.64839
CPU time (s): 4.625
CPU user time (s): 4.53125
CPU system time (s): 0.09375
CPU usage (%): 99.4969
Max. virtual memory (cumulated for all children) (KiB): 0
Max. memory (cumulated for all children) (KiB): 0

getrusage(RUSAGE_CHILDREN,...) data:
user time used= 4.53125
system time used= 0.09375
maximum resident set size= 27248
integral shared memory size= 0
integral unshared data size= 0
integral unshared stack size= 0
page reclaims= 7119
page faults= 0
swaps= 0
block input operations= 0
block output operations= 0
messages sent= 0
messages received= 0
signals received= 0
voluntary context switches= 0
involuntary context switches= 0


# summary of solver processes directly reported to runsolver:
#   pid: 2692
#   total CPU time (s): 4.625
#   total CPU user time (s): 4.53125
#   total CPU system time (s): 0.09375

??? end of timestamper thread
runsolver used 0 second user time and 0 second system time

The end
