runsolver version 3.4.0 (svn: 3018) Copyright (C) 2010-2013 Olivier ROUSSEL

This program is distributed in the hope that it will be useful,
but WITHOUT ANY WARRANTY; without even the implied warranty of
MERCHANTABILITY or FITNESS FOR A PARTICULAR PURPOSE.  See the
GNU General Public License for more details.

command line: /home/kunalan/runsolver/src/runsolver -C 1200 -W 1200 --vsize-limit 16384 -w results_nprc/nprc_newground2_random_20_100_watch.log --var results_nprc/nprc_newground2_random_20_100_values.log python3 ../newground2.py ../instances/benchmark_instances/encodings/nprc_newground2.lp ../instances/benchmark_instances/graphs/random_20_100.lp 

running on 8 cores: 0-7

Enforcing CPUTime limit (soft limit, will send SIGTERM then SIGKILL): 1200 seconds
Enforcing CPUTime limit (hard limit, will send SIGXCPU): 1230 seconds
Enforcing wall clock limit (soft limit, will send SIGTERM then SIGKILL): 1200 seconds
Enforcing VSIZE limit (soft limit, will send SIGTERM then SIGKILL): 16777216 KiB
Enforcing VSIZE limit (hard limit, stack expansion will fail with SIGSEGV, brk() and mmap() will return ENOMEM): 16828416 KiB
Linux 4.4.0-22000-Microsoft
Current StackSize limit: 8192 KiB

solver pid=3869, runsolver pid=3867

[startup+0.100536 s]*
/proc/loadavg: 0.52 0.58 0.59 2/13 3870
/proc/meminfo: memFree=10498712/16587228 swapFree=50203788/50331648
Current children cumulated CPU time: 0 s
Current children cumulated vsize: 0 KiB
Current children cumulated memory: 0 KiB

[startup+0.201242 s]*
/proc/loadavg: 0.52 0.58 0.59 2/13 3870
/proc/meminfo: memFree=10495936/16587228 swapFree=50203788/50331648
Current children cumulated CPU time: 0 s
Current children cumulated vsize: 0 KiB
Current children cumulated memory: 0 KiB

[startup+0.300976 s]*
/proc/loadavg: 0.52 0.58 0.59 2/13 3870
/proc/meminfo: memFree=10492456/16587228 swapFree=50203788/50331648
Current children cumulated CPU time: 0 s
Current children cumulated vsize: 0 KiB
Current children cumulated memory: 0 KiB

[startup+0.700903 s]
/proc/loadavg: 0.52 0.58 0.59 2/13 3870
/proc/meminfo: memFree=10492236/16587228 swapFree=50203788/50331648
Current children cumulated CPU time: 0 s
Current children cumulated vsize: 0 KiB
Current children cumulated memory: 0 KiB

[startup+1.50092 s]
/proc/loadavg: 0.52 0.58 0.59 2/13 3870
/proc/meminfo: memFree=10491528/16587228 swapFree=50203788/50331648
Current children cumulated CPU time: 0 s
Current children cumulated vsize: 0 KiB
Current children cumulated memory: 0 KiB

[startup+3.10168 s]
/proc/loadavg: 0.52 0.58 0.59 2/13 3870
/proc/meminfo: memFree=10478260/16587228 swapFree=50203788/50331648
Current children cumulated CPU time: 0 s
Current children cumulated vsize: 0 KiB
Current children cumulated memory: 0 KiB
heavy processes:

[startup+6.30057 s]
/proc/loadavg: 0.52 0.58 0.59 2/13 3870
/proc/meminfo: memFree=10482944/16587228 swapFree=50203788/50331648
Current children cumulated CPU time: 0 s
Current children cumulated vsize: 0 KiB
Current children cumulated memory: 0 KiB
heavy processes:

[startup+12.7006 s]
/proc/loadavg: 0.52 0.58 0.59 2/13 3870
/proc/meminfo: memFree=10483488/16587228 swapFree=50203788/50331648
Current children cumulated CPU time: 0 s
Current children cumulated vsize: 0 KiB
Current children cumulated memory: 0 KiB
heavy processes:

[startup+25.5009 s]
/proc/loadavg: 0.52 0.58 0.59 3/13 3870
/proc/meminfo: memFree=10483828/16587228 swapFree=50203788/50331648
Current children cumulated CPU time: 0 s
Current children cumulated vsize: 0 KiB
Current children cumulated memory: 0 KiB
heavy processes:

[startup+51.1017 s]
/proc/loadavg: 0.52 0.58 0.59 2/13 3871
/proc/meminfo: memFree=10483368/16587228 swapFree=50203788/50331648
Current children cumulated CPU time: 0 s
Current children cumulated vsize: 0 KiB
Current children cumulated memory: 0 KiB
heavy processes:

[startup+102.3 s]
/proc/loadavg: 0.52 0.58 0.59 2/13 3872
/proc/meminfo: memFree=10483728/16587228 swapFree=50203788/50331648
Current children cumulated CPU time: 0 s
Current children cumulated vsize: 0 KiB
Current children cumulated memory: 0 KiB
heavy processes:

[startup+162.301 s]
/proc/loadavg: 0.52 0.58 0.59 3/13 3872
/proc/meminfo: memFree=10485664/16587228 swapFree=50203788/50331648
Current children cumulated CPU time: 0 s
Current children cumulated vsize: 0 KiB
Current children cumulated memory: 0 KiB
heavy processes:

[startup+222.3 s]
/proc/loadavg: 0.52 0.58 0.59 3/13 3872
/proc/meminfo: memFree=10500840/16587228 swapFree=50203788/50331648
Current children cumulated CPU time: 0 s
Current children cumulated vsize: 0 KiB
Current children cumulated memory: 0 KiB
heavy processes:

[startup+282.301 s]
/proc/loadavg: 0.52 0.58 0.59 2/13 3872
/proc/meminfo: memFree=10502144/16587228 swapFree=50203788/50331648
Current children cumulated CPU time: 0 s
Current children cumulated vsize: 0 KiB
Current children cumulated memory: 0 KiB
heavy processes:

[startup+342.3 s]
/proc/loadavg: 0.52 0.58 0.59 2/13 3872
/proc/meminfo: memFree=10533084/16587228 swapFree=50203788/50331648
Current children cumulated CPU time: 0 s
Current children cumulated vsize: 0 KiB
Current children cumulated memory: 0 KiB
heavy processes:

[startup+402.3 s]
/proc/loadavg: 0.52 0.58 0.59 3/13 3872
/proc/meminfo: memFree=10517272/16587228 swapFree=50203788/50331648
Current children cumulated CPU time: 0 s
Current children cumulated vsize: 0 KiB
Current children cumulated memory: 0 KiB
heavy processes:

[startup+462.301 s]
/proc/loadavg: 0.52 0.58 0.59 2/13 3872
/proc/meminfo: memFree=10529960/16587228 swapFree=50203788/50331648
Current children cumulated CPU time: 0 s
Current children cumulated vsize: 0 KiB
Current children cumulated memory: 0 KiB
heavy processes:

[startup+522.301 s]
/proc/loadavg: 0.52 0.58 0.59 2/13 3872
/proc/meminfo: memFree=10518156/16587228 swapFree=50203792/50331648
Current children cumulated CPU time: 0 s
Current children cumulated vsize: 0 KiB
Current children cumulated memory: 0 KiB
heavy processes:

[startup+582.3 s]
/proc/loadavg: 0.52 0.58 0.59 3/13 3872
/proc/meminfo: memFree=10527072/16587228 swapFree=50203792/50331648
Current children cumulated CPU time: 0 s
Current children cumulated vsize: 0 KiB
Current children cumulated memory: 0 KiB
heavy processes:

[startup+642.3 s]
/proc/loadavg: 0.52 0.58 0.59 2/13 3872
/proc/meminfo: memFree=10528372/16587228 swapFree=50203792/50331648
Current children cumulated CPU time: 0 s
Current children cumulated vsize: 0 KiB
Current children cumulated memory: 0 KiB
heavy processes:

[startup+702.301 s]
/proc/loadavg: 0.52 0.58 0.59 3/13 3872
/proc/meminfo: memFree=10523096/16587228 swapFree=50203792/50331648
Current children cumulated CPU time: 0 s
Current children cumulated vsize: 0 KiB
Current children cumulated memory: 0 KiB
heavy processes:

[startup+762.301 s]
/proc/loadavg: 0.52 0.58 0.59 2/13 3872
/proc/meminfo: memFree=10524476/16587228 swapFree=50203792/50331648
Current children cumulated CPU time: 0 s
Current children cumulated vsize: 0 KiB
Current children cumulated memory: 0 KiB
heavy processes:

[startup+822.301 s]
/proc/loadavg: 0.52 0.58 0.59 3/13 3872
/proc/meminfo: memFree=10530328/16587228 swapFree=50203792/50331648
Current children cumulated CPU time: 0 s
Current children cumulated vsize: 0 KiB
Current children cumulated memory: 0 KiB
heavy processes:

[startup+882.301 s]
/proc/loadavg: 0.52 0.58 0.59 2/13 3872
/proc/meminfo: memFree=10531164/16587228 swapFree=50203792/50331648
Current children cumulated CPU time: 0 s
Current children cumulated vsize: 0 KiB
Current children cumulated memory: 0 KiB
heavy processes:

[startup+942.301 s]
/proc/loadavg: 0.52 0.58 0.59 2/13 3872
/proc/meminfo: memFree=10517084/16587228 swapFree=50203792/50331648
Current children cumulated CPU time: 0 s
Current children cumulated vsize: 0 KiB
Current children cumulated memory: 0 KiB
heavy processes:

[startup+1002.3 s]
/proc/loadavg: 0.52 0.58 0.59 2/13 3872
/proc/meminfo: memFree=10511380/16587228 swapFree=50203792/50331648
Current children cumulated CPU time: 0 s
Current children cumulated vsize: 0 KiB
Current children cumulated memory: 0 KiB
heavy processes:

[startup+1062.3 s]
/proc/loadavg: 0.52 0.58 0.59 3/13 3872
/proc/meminfo: memFree=10522672/16587228 swapFree=50203792/50331648
Current children cumulated CPU time: 0 s
Current children cumulated vsize: 0 KiB
Current children cumulated memory: 0 KiB
heavy processes:

[startup+1122.3 s]
/proc/loadavg: 0.52 0.58 0.59 3/13 3872
/proc/meminfo: memFree=10476476/16587228 swapFree=50203792/50331648
Current children cumulated CPU time: 0 s
Current children cumulated vsize: 0 KiB
Current children cumulated memory: 0 KiB
heavy processes:

[startup+1182.3 s]
/proc/loadavg: 0.52 0.58 0.59 3/13 3872
/proc/meminfo: memFree=10502888/16587228 swapFree=50203792/50331648
Current children cumulated CPU time: 0 s
Current children cumulated vsize: 0 KiB
Current children cumulated memory: 0 KiB
heavy processes:

[startup+1195.46 s]
# the end of solver process 3869 was just reported to runsolver
# cumulated CPU time of all completed processes:  user=1171.94 s, system=22.9688 s

Solver just ended.
??? end of watcher thread
Dumping a history of the last processes samples

[startup+1184 s]*
/proc/loadavg: 0.52 0.58 0.59 3/13 3872
/proc/meminfo: memFree=10503240/16587228 swapFree=50203792/50331648
Current children cumulated CPU time: 0 s
Current children cumulated vsize: 0 KiB
Current children cumulated memory: 0 KiB

[startup+1190.4 s]
/proc/loadavg: 0.52 0.58 0.59 2/13 3872
/proc/meminfo: memFree=10466652/16587228 swapFree=50203796/50331648
Current children cumulated CPU time: 0 s
Current children cumulated vsize: 0 KiB
Current children cumulated memory: 0 KiB

[startup+1193.6 s]
/proc/loadavg: 0.52 0.58 0.59 3/13 3872
/proc/meminfo: memFree=10466720/16587228 swapFree=50203796/50331648
Current children cumulated CPU time: 0 s
Current children cumulated vsize: 0 KiB
Current children cumulated memory: 0 KiB

[startup+1194.4 s]
/proc/loadavg: 0.52 0.58 0.59 2/13 3872
/proc/meminfo: memFree=10466772/16587228 swapFree=50203796/50331648
Current children cumulated CPU time: 0 s
Current children cumulated vsize: 0 KiB
Current children cumulated memory: 0 KiB

[startup+1195.2 s]
/proc/loadavg: 0.52 0.58 0.59 2/13 3872
/proc/meminfo: memFree=10456088/16587228 swapFree=50203796/50331648
Current children cumulated CPU time: 0 s
Current children cumulated vsize: 0 KiB
Current children cumulated memory: 0 KiB

[startup+1195.4 s]
/proc/loadavg: 0.52 0.58 0.59 2/13 3872
/proc/meminfo: memFree=10456088/16587228 swapFree=50203796/50331648
Current children cumulated CPU time: 0 s
Current children cumulated vsize: 0 KiB
Current children cumulated memory: 0 KiB

Child status: 0
Real time (s): 1195.46
CPU time (s): 1194.91
CPU user time (s): 1171.94
CPU system time (s): 22.9688
CPU usage (%): 99.9541
Max. virtual memory (cumulated for all children) (KiB): 0
Max. memory (cumulated for all children) (KiB): 0

getrusage(RUSAGE_CHILDREN,...) data:
user time used= 1171.94
system time used= 22.9688
maximum resident set size= 26484
integral shared memory size= 0
integral unshared data size= 0
integral unshared stack size= 0
page reclaims= 6989
page faults= 0
swaps= 0
block input operations= 0
block output operations= 0
messages sent= 0
messages received= 0
signals received= 0
voluntary context switches= 0
involuntary context switches= 0


# summary of solver processes directly reported to runsolver:
#   pid: 3869
#   total CPU time (s): 1194.91
#   total CPU user time (s): 1171.94
#   total CPU system time (s): 22.9688

??? end of timestamper thread
runsolver used 0 second user time and 0 second system time

The end
