runsolver version 3.4.0 (svn: 3018) Copyright (C) 2010-2013 Olivier ROUSSEL

This program is distributed in the hope that it will be useful,
but WITHOUT ANY WARRANTY; without even the implied warranty of
MERCHANTABILITY or FITNESS FOR A PARTICULAR PURPOSE.  See the
GNU General Public License for more details.

command line: /home/kunalan/runsolver/src/runsolver -C 1200 -W 1200 --vsize-limit 16384 -w results_nprc/nprc_newground2_random_400_100_watch.log --var results_nprc/nprc_newground2_random_400_100_values.log python3 ../newground2.py ../instances/benchmark_instances/encodings/nprc_newground2.lp ../instances/benchmark_instances/graphs/random_400_100.lp 

running on 8 cores: 0-7

Enforcing CPUTime limit (soft limit, will send SIGTERM then SIGKILL): 1200 seconds
Enforcing CPUTime limit (hard limit, will send SIGXCPU): 1230 seconds
Enforcing wall clock limit (soft limit, will send SIGTERM then SIGKILL): 1200 seconds
Enforcing VSIZE limit (soft limit, will send SIGTERM then SIGKILL): 16777216 KiB
Enforcing VSIZE limit (hard limit, stack expansion will fail with SIGSEGV, brk() and mmap() will return ENOMEM): 16828416 KiB
Linux 4.4.0-22000-Microsoft
solver pid=1931, runsolver pid=1929
Current StackSize limit: 8192 KiB


[startup+0.100573 s]*
/proc/loadavg: 0.52 0.58 0.59 2/13 1932
/proc/meminfo: memFree=11547552/16587228 swapFree=50193848/50331648
Current children cumulated CPU time: 0 s
Current children cumulated vsize: 0 KiB
Current children cumulated memory: 0 KiB

[startup+0.201414 s]*
/proc/loadavg: 0.52 0.58 0.59 2/13 1932
/proc/meminfo: memFree=11543724/16587228 swapFree=50193848/50331648
Current children cumulated CPU time: 0 s
Current children cumulated vsize: 0 KiB
Current children cumulated memory: 0 KiB

[startup+0.301068 s]*
/proc/loadavg: 0.52 0.58 0.59 2/13 1932
/proc/meminfo: memFree=11531372/16587228 swapFree=50193848/50331648
Current children cumulated CPU time: 0 s
Current children cumulated vsize: 0 KiB
Current children cumulated memory: 0 KiB

[startup+0.70023 s]
/proc/loadavg: 0.52 0.58 0.59 2/13 1932
/proc/meminfo: memFree=11530880/16587228 swapFree=50193848/50331648
Current children cumulated CPU time: 0 s
Current children cumulated vsize: 0 KiB
Current children cumulated memory: 0 KiB

[startup+1.50047 s]
/proc/loadavg: 0.52 0.58 0.59 2/13 1932
/proc/meminfo: memFree=11529056/16587228 swapFree=50193848/50331648
Current children cumulated CPU time: 0 s
Current children cumulated vsize: 0 KiB
Current children cumulated memory: 0 KiB

[startup+3.10109 s]
/proc/loadavg: 0.52 0.58 0.59 2/13 1933
/proc/meminfo: memFree=11524104/16587228 swapFree=50193848/50331648
Current children cumulated CPU time: 0 s
Current children cumulated vsize: 0 KiB
Current children cumulated memory: 0 KiB
heavy processes:

[startup+5.50387 s]
# the end of solver process 1931 was just reported to runsolver
# cumulated CPU time of all completed processes:  user=5.35938 s, system=0.125 s

Solver just ended.
??? end of watcher thread
Dumping a history of the last processes samples

[startup+3.20082 s]
/proc/loadavg: 0.52 0.58 0.59 2/13 1933
/proc/meminfo: memFree=11524096/16587228 swapFree=50193848/50331648
Current children cumulated CPU time: 0 s
Current children cumulated vsize: 0 KiB
Current children cumulated memory: 0 KiB

[startup+4.80031 s]
/proc/loadavg: 0.52 0.58 0.59 2/13 1933
/proc/meminfo: memFree=11524024/16587228 swapFree=50193848/50331648
Current children cumulated CPU time: 0 s
Current children cumulated vsize: 0 KiB
Current children cumulated memory: 0 KiB

[startup+5.20022 s]
/proc/loadavg: 0.52 0.58 0.59 2/13 1933
/proc/meminfo: memFree=11524164/16587228 swapFree=50193848/50331648
Current children cumulated CPU time: 0 s
Current children cumulated vsize: 0 KiB
Current children cumulated memory: 0 KiB

[startup+5.40008 s]
/proc/loadavg: 0.52 0.58 0.59 2/13 1933
/proc/meminfo: memFree=11524164/16587228 swapFree=50193848/50331648
Current children cumulated CPU time: 0 s
Current children cumulated vsize: 0 KiB
Current children cumulated memory: 0 KiB

[startup+5.50026 s]
/proc/loadavg: 0.52 0.58 0.59 2/13 1933
/proc/meminfo: memFree=11524164/16587228 swapFree=50193848/50331648
Current children cumulated CPU time: 0 s
Current children cumulated vsize: 0 KiB
Current children cumulated memory: 0 KiB

Child status: 1
Real time (s): 5.50396
CPU time (s): 5.48438
CPU user time (s): 5.35938
CPU system time (s): 0.125
CPU usage (%): 99.6442
Max. virtual memory (cumulated for all children) (KiB): 0
Max. memory (cumulated for all children) (KiB): 0

getrusage(RUSAGE_CHILDREN,...) data:
user time used= 5.35938
system time used= 0.125
maximum resident set size= 28096
integral shared memory size= 0
integral unshared data size= 0
integral unshared stack size= 0
page reclaims= 7399
page faults= 0
swaps= 0
block input operations= 0
block output operations= 0
messages sent= 0
messages received= 0
signals received= 0
voluntary context switches= 0
involuntary context switches= 0


# summary of solver processes directly reported to runsolver:
#   pid: 1931
#   total CPU time (s): 5.48438
#   total CPU user time (s): 5.35938
#   total CPU system time (s): 0.125

??? end of timestamper thread
runsolver used 0 second user time and 0.015625 second system time

The end
