runsolver version 3.4.0 (svn: 3018) Copyright (C) 2010-2013 Olivier ROUSSEL

This program is distributed in the hope that it will be useful,
but WITHOUT ANY WARRANTY; without even the implied warranty of
MERCHANTABILITY or FITNESS FOR A PARTICULAR PURPOSE.  See the
GNU General Public License for more details.

command line: /home/kunalan/runsolver/src/runsolver -C 1200 -W 1200 --vsize-limit 16384 -w results_nprc/nprc_newground2_random_300_20_watch.log --var results_nprc/nprc_newground2_random_300_20_values.log python3 ../newground2.py ../instances/benchmark_instances/encodings/nprc_newground2.lp ../instances/benchmark_instances/graphs/random_300_20.lp 

running on 8 cores: 0-7

Enforcing CPUTime limit (soft limit, will send SIGTERM then SIGKILL): 1200 seconds
Enforcing CPUTime limit (hard limit, will send SIGXCPU): 1230 seconds
Enforcing wall clock limit (soft limit, will send SIGTERM then SIGKILL): 1200 seconds
Enforcing VSIZE limit (soft limit, will send SIGTERM then SIGKILL): 16777216 KiB
Enforcing VSIZE limit (hard limit, stack expansion will fail with SIGSEGV, brk() and mmap() will return ENOMEM): 16828416 KiB
Linux 4.4.0-22000-Microsoft
solver pid=1435, runsolver pid=1433
Current StackSize limit: 8192 KiB


[startup+0.100378 s]*
/proc/loadavg: 0.52 0.58 0.59 2/13 1436
/proc/meminfo: memFree=11734708/16587228 swapFree=50191920/50331648
Current children cumulated CPU time: 0 s
Current children cumulated vsize: 0 KiB
Current children cumulated memory: 0 KiB

[startup+0.201483 s]*
/proc/loadavg: 0.52 0.58 0.59 2/13 1436
/proc/meminfo: memFree=11717988/16587228 swapFree=50191920/50331648
Current children cumulated CPU time: 0 s
Current children cumulated vsize: 0 KiB
Current children cumulated memory: 0 KiB

[startup+0.301203 s]*
/proc/loadavg: 0.52 0.58 0.59 2/13 1436
/proc/meminfo: memFree=11713852/16587228 swapFree=50191920/50331648
Current children cumulated CPU time: 0 s
Current children cumulated vsize: 0 KiB
Current children cumulated memory: 0 KiB

[startup+0.700132 s]
/proc/loadavg: 0.52 0.58 0.59 2/13 1436
/proc/meminfo: memFree=11713844/16587228 swapFree=50191920/50331648
Current children cumulated CPU time: 0 s
Current children cumulated vsize: 0 KiB
Current children cumulated memory: 0 KiB

[startup+1.50028 s]
/proc/loadavg: 0.52 0.58 0.59 2/13 1436
/proc/meminfo: memFree=11707012/16587228 swapFree=50191920/50331648
Current children cumulated CPU time: 0 s
Current children cumulated vsize: 0 KiB
Current children cumulated memory: 0 KiB

[startup+3.10104 s]
/proc/loadavg: 0.52 0.58 0.59 2/13 1436
/proc/meminfo: memFree=11712592/16587228 swapFree=50191920/50331648
Current children cumulated CPU time: 0 s
Current children cumulated vsize: 0 KiB
Current children cumulated memory: 0 KiB
heavy processes:

[startup+6.30024 s]
/proc/loadavg: 0.52 0.58 0.59 2/13 1437
/proc/meminfo: memFree=11712360/16587228 swapFree=50191920/50331648
Current children cumulated CPU time: 0 s
Current children cumulated vsize: 0 KiB
Current children cumulated memory: 0 KiB
heavy processes:

[startup+12.7003 s]
/proc/loadavg: 0.52 0.58 0.59 2/13 1437
/proc/meminfo: memFree=11696776/16587228 swapFree=50191920/50331648
Current children cumulated CPU time: 0 s
Current children cumulated vsize: 0 KiB
Current children cumulated memory: 0 KiB
heavy processes:

[startup+25.5004 s]
/proc/loadavg: 0.52 0.58 0.59 2/13 1438
/proc/meminfo: memFree=11697540/16587228 swapFree=50191920/50331648
Current children cumulated CPU time: 0 s
Current children cumulated vsize: 0 KiB
Current children cumulated memory: 0 KiB
heavy processes:

[startup+51.1013 s]
/proc/loadavg: 0.52 0.58 0.59 2/13 1439
/proc/meminfo: memFree=11696752/16587228 swapFree=50191920/50331648
Current children cumulated CPU time: 0 s
Current children cumulated vsize: 0 KiB
Current children cumulated memory: 0 KiB
heavy processes:

[startup+57.66 s]
# the end of solver process 1435 was just reported to runsolver
# cumulated CPU time of all completed processes:  user=57.4688 s, system=0.140625 s

Solver just ended.
??? end of watcher thread
Dumping a history of the last processes samples

[startup+51.2011 s]
/proc/loadavg: 0.52 0.58 0.59 2/13 1439
/proc/meminfo: memFree=11696752/16587228 swapFree=50191920/50331648
Current children cumulated CPU time: 0 s
Current children cumulated vsize: 0 KiB
Current children cumulated memory: 0 KiB

[startup+54.4006 s]
/proc/loadavg: 0.52 0.58 0.59 2/13 1439
/proc/meminfo: memFree=11697232/16587228 swapFree=50191920/50331648
Current children cumulated CPU time: 0 s
Current children cumulated vsize: 0 KiB
Current children cumulated memory: 0 KiB

[startup+56.0003 s]*
/proc/loadavg: 0.52 0.58 0.59 2/13 1439
/proc/meminfo: memFree=11697144/16587228 swapFree=50191920/50331648
Current children cumulated CPU time: 0 s
Current children cumulated vsize: 0 KiB
Current children cumulated memory: 0 KiB

[startup+56.8001 s]
/proc/loadavg: 0.52 0.58 0.59 2/13 1439
/proc/meminfo: memFree=11697144/16587228 swapFree=50191920/50331648
Current children cumulated CPU time: 0 s
Current children cumulated vsize: 0 KiB
Current children cumulated memory: 0 KiB

[startup+57.2001 s]
/proc/loadavg: 0.52 0.58 0.59 2/13 1439
/proc/meminfo: memFree=11697148/16587228 swapFree=50191920/50331648
Current children cumulated CPU time: 0 s
Current children cumulated vsize: 0 KiB
Current children cumulated memory: 0 KiB

[startup+57.6001 s]
/proc/loadavg: 0.52 0.58 0.59 2/13 1439
/proc/meminfo: memFree=11697148/16587228 swapFree=50191920/50331648
Current children cumulated CPU time: 0 s
Current children cumulated vsize: 0 KiB
Current children cumulated memory: 0 KiB

Child status: 1
Real time (s): 57.6601
CPU time (s): 57.6094
CPU user time (s): 57.4688
CPU system time (s): 0.140625
CPU usage (%): 99.912
Max. virtual memory (cumulated for all children) (KiB): 0
Max. memory (cumulated for all children) (KiB): 0

getrusage(RUSAGE_CHILDREN,...) data:
user time used= 57.4688
system time used= 0.140625
maximum resident set size= 34148
integral shared memory size= 0
integral unshared data size= 0
integral unshared stack size= 0
page reclaims= 10235
page faults= 0
swaps= 0
block input operations= 0
block output operations= 0
messages sent= 0
messages received= 0
signals received= 0
voluntary context switches= 0
involuntary context switches= 0


# summary of solver processes directly reported to runsolver:
#   pid: 1435
#   total CPU time (s): 57.6094
#   total CPU user time (s): 57.4688
#   total CPU system time (s): 0.140625

??? end of timestamper thread
runsolver used 0 second user time and 0.015625 second system time

The end
