runsolver version 3.4.0 (svn: 3018) Copyright (C) 2010-2013 Olivier ROUSSEL

This program is distributed in the hope that it will be useful,
but WITHOUT ANY WARRANTY; without even the implied warranty of
MERCHANTABILITY or FITNESS FOR A PARTICULAR PURPOSE.  See the
GNU General Public License for more details.

command line: /home/kunalan/runsolver/src/runsolver -C 1200 -W 1200 --vsize-limit 16384 -w results_nprc/nprc_gringo_random_200_90_watch.log --var results_nprc/nprc_gringo_random_200_90_values.log gringo --verbose=2 --output text ../instances/benchmark_instances/encodings/nprc_gringo.lp ../instances/benchmark_instances/graphs/random_200_90.lp 

running on 8 cores: 0-7

Enforcing CPUTime limit (soft limit, will send SIGTERM then SIGKILL): 1200 seconds
Enforcing CPUTime limit (hard limit, will send SIGXCPU): 1230 seconds
Enforcing wall clock limit (soft limit, will send SIGTERM then SIGKILL): 1200 seconds
Enforcing VSIZE limit (soft limit, will send SIGTERM then SIGKILL): 16777216 KiB
Enforcing VSIZE limit (hard limit, stack expansion will fail with SIGSEGV, brk() and mmap() will return ENOMEM): 16828416 KiB
Linux 4.4.0-22000-Microsoft
solver pid=959, runsolver pid=957
Current StackSize limit: 8192 KiB


[startup+0.10028 s]*
/proc/loadavg: 0.52 0.58 0.59 2/13 960
/proc/meminfo: memFree=12170896/16587228 swapFree=50167072/50331648
Current children cumulated CPU time: 0 s
Current children cumulated vsize: 0 KiB
Current children cumulated memory: 0 KiB

[startup+0.201455 s]*
/proc/loadavg: 0.52 0.58 0.59 2/13 960
/proc/meminfo: memFree=12168340/16587228 swapFree=50167072/50331648
Current children cumulated CPU time: 0 s
Current children cumulated vsize: 0 KiB
Current children cumulated memory: 0 KiB

[startup+0.301233 s]*
/proc/loadavg: 0.52 0.58 0.59 3/13 960
/proc/meminfo: memFree=12164564/16587228 swapFree=50167072/50331648
Current children cumulated CPU time: 0 s
Current children cumulated vsize: 0 KiB
Current children cumulated memory: 0 KiB

[startup+0.700345 s]
/proc/loadavg: 0.52 0.58 0.59 2/13 960
/proc/meminfo: memFree=12155804/16587228 swapFree=50167072/50331648
Current children cumulated CPU time: 0 s
Current children cumulated vsize: 0 KiB
Current children cumulated memory: 0 KiB

[startup+1.50017 s]
/proc/loadavg: 0.52 0.58 0.59 3/13 960
/proc/meminfo: memFree=12158236/16587228 swapFree=50167072/50331648
Current children cumulated CPU time: 0 s
Current children cumulated vsize: 0 KiB
Current children cumulated memory: 0 KiB

[startup+3.1011 s]
/proc/loadavg: 0.52 0.58 0.59 3/13 961
/proc/meminfo: memFree=12162888/16587228 swapFree=50167072/50331648
Current children cumulated CPU time: 0 s
Current children cumulated vsize: 0 KiB
Current children cumulated memory: 0 KiB
heavy processes:

[startup+6.3003 s]
/proc/loadavg: 0.52 0.58 0.59 2/13 961
/proc/meminfo: memFree=12158148/16587228 swapFree=50167072/50331648
Current children cumulated CPU time: 0 s
Current children cumulated vsize: 0 KiB
Current children cumulated memory: 0 KiB
heavy processes:

[startup+12.7003 s]
/proc/loadavg: 0.52 0.58 0.59 2/13 961
/proc/meminfo: memFree=12158160/16587228 swapFree=50167072/50331648
Current children cumulated CPU time: 0 s
Current children cumulated vsize: 0 KiB
Current children cumulated memory: 0 KiB
heavy processes:

[startup+25.5003 s]
/proc/loadavg: 0.52 0.58 0.59 3/13 961
/proc/meminfo: memFree=12158776/16587228 swapFree=50167080/50331648
Current children cumulated CPU time: 0 s
Current children cumulated vsize: 0 KiB
Current children cumulated memory: 0 KiB
heavy processes:

[startup+39.4815 s]
# the end of solver process 959 was just reported to runsolver
# cumulated CPU time of all completed processes:  user=38.4688 s, system=1 s

Solver just ended.
??? end of watcher thread
Dumping a history of the last processes samples

[startup+25.6011 s]
/proc/loadavg: 0.52 0.58 0.59 3/13 961
/proc/meminfo: memFree=12158544/16587228 swapFree=50167080/50331648
Current children cumulated CPU time: 0 s
Current children cumulated vsize: 0 KiB
Current children cumulated memory: 0 KiB

[startup+32.0004 s]*
/proc/loadavg: 0.52 0.58 0.59 2/13 961
/proc/meminfo: memFree=12158420/16587228 swapFree=50167080/50331648
Current children cumulated CPU time: 0 s
Current children cumulated vsize: 0 KiB
Current children cumulated memory: 0 KiB

[startup+35.2003 s]
/proc/loadavg: 0.52 0.58 0.59 2/13 961
/proc/meminfo: memFree=12158724/16587228 swapFree=50167080/50331648
Current children cumulated CPU time: 0 s
Current children cumulated vsize: 0 KiB
Current children cumulated memory: 0 KiB

[startup+36.8005 s]
/proc/loadavg: 0.52 0.58 0.59 2/13 961
/proc/meminfo: memFree=12158640/16587228 swapFree=50167080/50331648
Current children cumulated CPU time: 0 s
Current children cumulated vsize: 0 KiB
Current children cumulated memory: 0 KiB

[startup+38.4001 s]
/proc/loadavg: 0.52 0.58 0.59 3/13 961
/proc/meminfo: memFree=12158672/16587228 swapFree=50167080/50331648
Current children cumulated CPU time: 0 s
Current children cumulated vsize: 0 KiB
Current children cumulated memory: 0 KiB

[startup+39.2005 s]
/proc/loadavg: 0.52 0.58 0.59 2/13 961
/proc/meminfo: memFree=12158696/16587228 swapFree=50167080/50331648
Current children cumulated CPU time: 0 s
Current children cumulated vsize: 0 KiB
Current children cumulated memory: 0 KiB

[startup+39.4004 s]
/proc/loadavg: 0.52 0.58 0.59 2/13 961
/proc/meminfo: memFree=12158696/16587228 swapFree=50167080/50331648
Current children cumulated CPU time: 0 s
Current children cumulated vsize: 0 KiB
Current children cumulated memory: 0 KiB

Child ended because it received signal 15 (SIGTERM)
Real time (s): 39.4816
CPU time (s): 39.4688
CPU user time (s): 38.4688
CPU system time (s): 1
CPU usage (%): 99.9674
Max. virtual memory (cumulated for all children) (KiB): 0
Max. memory (cumulated for all children) (KiB): 0

getrusage(RUSAGE_CHILDREN,...) data:
user time used= 38.4688
system time used= 1
maximum resident set size= 11952
integral shared memory size= 0
integral unshared data size= 0
integral unshared stack size= 0
page reclaims= 3647
page faults= 0
swaps= 0
block input operations= 0
block output operations= 0
messages sent= 0
messages received= 0
signals received= 0
voluntary context switches= 0
involuntary context switches= 0


# summary of solver processes directly reported to runsolver:
#   pid: 959
#   total CPU time (s): 39.4688
#   total CPU user time (s): 38.4688
#   total CPU system time (s): 1

??? end of timestamper thread
runsolver used 0 second user time and 0 second system time

The end
