runsolver version 3.4.0 (svn: 3018) Copyright (C) 2010-2013 Olivier ROUSSEL

This program is distributed in the hope that it will be useful,
but WITHOUT ANY WARRANTY; without even the implied warranty of
MERCHANTABILITY or FITNESS FOR A PARTICULAR PURPOSE.  See the
GNU General Public License for more details.

command line: /home/kunalan/runsolver/src/runsolver -C 1200 -W 1200 --vsize-limit 16384 -w results_nprc/nprc_newground2_random_20_20_watch.log --var results_nprc/nprc_newground2_random_20_20_values.log python3 ../newground2.py ../instances/benchmark_instances/encodings/nprc_newground2.lp ../instances/benchmark_instances/graphs/random_20_20.lp 

running on 8 cores: 0-7

Enforcing CPUTime limit (soft limit, will send SIGTERM then SIGKILL): 1200 seconds
Enforcing CPUTime limit (hard limit, will send SIGXCPU): 1230 seconds
Enforcing wall clock limit (soft limit, will send SIGTERM then SIGKILL): 1200 seconds
Enforcing VSIZE limit (soft limit, will send SIGTERM then SIGKILL): 16777216 KiB
Enforcing VSIZE limit (hard limit, stack expansion will fail with SIGSEGV, brk() and mmap() will return ENOMEM): 16828416 KiB
Linux 4.4.0-22000-Microsoft
solver pid=3876, runsolver pid=3874
Current StackSize limit: 8192 KiB


[startup+0.100328 s]*
/proc/loadavg: 0.52 0.58 0.59 2/13 3877
/proc/meminfo: memFree=10476532/16587228 swapFree=50203796/50331648
Current children cumulated CPU time: 0 s
Current children cumulated vsize: 0 KiB
Current children cumulated memory: 0 KiB

[startup+0.201078 s]*
/proc/loadavg: 0.52 0.58 0.59 2/13 3877
/proc/meminfo: memFree=10466040/16587228 swapFree=50203796/50331648
Current children cumulated CPU time: 0 s
Current children cumulated vsize: 0 KiB
Current children cumulated memory: 0 KiB

[startup+0.301791 s]*
/proc/loadavg: 0.52 0.58 0.59 2/13 3877
/proc/meminfo: memFree=10452748/16587228 swapFree=50203796/50331648
Current children cumulated CPU time: 0 s
Current children cumulated vsize: 0 KiB
Current children cumulated memory: 0 KiB

[startup+0.700722 s]
/proc/loadavg: 0.52 0.58 0.59 2/13 3877
/proc/meminfo: memFree=10452576/16587228 swapFree=50203796/50331648
Current children cumulated CPU time: 0 s
Current children cumulated vsize: 0 KiB
Current children cumulated memory: 0 KiB

[startup+1.50092 s]
/proc/loadavg: 0.52 0.58 0.59 2/13 3877
/proc/meminfo: memFree=10452608/16587228 swapFree=50203796/50331648
Current children cumulated CPU time: 0 s
Current children cumulated vsize: 0 KiB
Current children cumulated memory: 0 KiB

[startup+3.10098 s]
/proc/loadavg: 0.52 0.58 0.59 2/13 3877
/proc/meminfo: memFree=10449292/16587228 swapFree=50203796/50331648
Current children cumulated CPU time: 0 s
Current children cumulated vsize: 0 KiB
Current children cumulated memory: 0 KiB
heavy processes:

[startup+6.30041 s]
/proc/loadavg: 0.52 0.58 0.59 2/13 3877
/proc/meminfo: memFree=10451672/16587228 swapFree=50203796/50331648
Current children cumulated CPU time: 0 s
Current children cumulated vsize: 0 KiB
Current children cumulated memory: 0 KiB
heavy processes:

[startup+12.7005 s]
/proc/loadavg: 0.52 0.58 0.59 2/13 3877
/proc/meminfo: memFree=10458180/16587228 swapFree=50203796/50331648
Current children cumulated CPU time: 0 s
Current children cumulated vsize: 0 KiB
Current children cumulated memory: 0 KiB
heavy processes:

[startup+25.5009 s]
/proc/loadavg: 0.52 0.58 0.59 2/13 3877
/proc/meminfo: memFree=10464460/16587228 swapFree=50203796/50331648
Current children cumulated CPU time: 0 s
Current children cumulated vsize: 0 KiB
Current children cumulated memory: 0 KiB
heavy processes:

[startup+51.1009 s]
/proc/loadavg: 0.52 0.58 0.59 2/12 3879
/proc/meminfo: memFree=10471992/16587228 swapFree=50203796/50331648
Current children cumulated CPU time: 0 s
Current children cumulated vsize: 0 KiB
Current children cumulated memory: 0 KiB
heavy processes:

[startup+57.0953 s]
# the end of solver process 3876 was just reported to runsolver
# cumulated CPU time of all completed processes:  user=56.8906 s, system=0.171875 s

Solver just ended.
??? end of watcher thread
Dumping a history of the last processes samples

[startup+51.2016 s]
/proc/loadavg: 0.52 0.58 0.59 2/12 3879
/proc/meminfo: memFree=10472012/16587228 swapFree=50203796/50331648
Current children cumulated CPU time: 0 s
Current children cumulated vsize: 0 KiB
Current children cumulated memory: 0 KiB

[startup+54.4007 s]
/proc/loadavg: 0.52 0.58 0.59 2/12 3879
/proc/meminfo: memFree=10471132/16587228 swapFree=50203796/50331648
Current children cumulated CPU time: 0 s
Current children cumulated vsize: 0 KiB
Current children cumulated memory: 0 KiB

[startup+56.0004 s]*
/proc/loadavg: 0.52 0.58 0.59 2/12 3879
/proc/meminfo: memFree=10471500/16587228 swapFree=50203796/50331648
Current children cumulated CPU time: 0 s
Current children cumulated vsize: 0 KiB
Current children cumulated memory: 0 KiB

[startup+56.8002 s]
/proc/loadavg: 0.52 0.58 0.59 2/12 3879
/proc/meminfo: memFree=10471500/16587228 swapFree=50203796/50331648
Current children cumulated CPU time: 0 s
Current children cumulated vsize: 0 KiB
Current children cumulated memory: 0 KiB

[startup+57.0007 s]*
/proc/loadavg: 0.52 0.58 0.59 2/12 3879
/proc/meminfo: memFree=10471760/16587228 swapFree=50203796/50331648
Current children cumulated CPU time: 0 s
Current children cumulated vsize: 0 KiB
Current children cumulated memory: 0 KiB

Child status: 1
Real time (s): 57.0953
CPU time (s): 57.0625
CPU user time (s): 56.8906
CPU system time (s): 0.171875
CPU usage (%): 99.9425
Max. virtual memory (cumulated for all children) (KiB): 0
Max. memory (cumulated for all children) (KiB): 0

getrusage(RUSAGE_CHILDREN,...) data:
user time used= 56.8906
system time used= 0.171875
maximum resident set size= 26336
integral shared memory size= 0
integral unshared data size= 0
integral unshared stack size= 0
page reclaims= 6889
page faults= 0
swaps= 0
block input operations= 0
block output operations= 0
messages sent= 0
messages received= 0
signals received= 0
voluntary context switches= 0
involuntary context switches= 0


# summary of solver processes directly reported to runsolver:
#   pid: 3876
#   total CPU time (s): 57.0625
#   total CPU user time (s): 56.8906
#   total CPU system time (s): 0.171875

??? end of timestamper thread
runsolver used 0 second user time and 0 second system time

The end
