runsolver version 3.4.0 (svn: 3018) Copyright (C) 2010-2013 Olivier ROUSSEL

This program is distributed in the hope that it will be useful,
but WITHOUT ANY WARRANTY; without even the implied warranty of
MERCHANTABILITY or FITNESS FOR A PARTICULAR PURPOSE.  See the
GNU General Public License for more details.

command line: /home/kunalan/runsolver/src/runsolver -C 1200 -W 1200 --vsize-limit 16384 -w results_nprc/nprc_newground2_random_1000_10_watch.log --var results_nprc/nprc_newground2_random_1000_10_values.log python3 ../newground2.py ../instances/benchmark_instances/encodings/nprc_newground2.lp ../instances/benchmark_instances/graphs/random_1000_10.lp 

running on 8 cores: 0-7

Enforcing CPUTime limit (soft limit, will send SIGTERM then SIGKILL): 1200 seconds
Enforcing CPUTime limit (hard limit, will send SIGXCPU): 1230 seconds
Enforcing wall clock limit (soft limit, will send SIGTERM then SIGKILL): 1200 seconds
Enforcing VSIZE limit (soft limit, will send SIGTERM then SIGKILL): 16777216 KiB
Enforcing VSIZE limit (hard limit, stack expansion will fail with SIGSEGV, brk() and mmap() will return ENOMEM): 16828416 KiB
Linux 4.4.0-22000-Microsoft
Current StackSize limit: 8192 KiB
solver pid=3730, runsolver pid=3728


[startup+0.100552 s]*
/proc/loadavg: 0.52 0.58 0.59 2/13 3731
/proc/meminfo: memFree=8281748/16587228 swapFree=50203316/50331648
Current children cumulated CPU time: 0 s
Current children cumulated vsize: 0 KiB
Current children cumulated memory: 0 KiB

[startup+0.2014 s]*
/proc/loadavg: 0.52 0.58 0.59 2/13 3731
/proc/meminfo: memFree=8274868/16587228 swapFree=50203316/50331648
Current children cumulated CPU time: 0 s
Current children cumulated vsize: 0 KiB
Current children cumulated memory: 0 KiB

[startup+0.301125 s]*
/proc/loadavg: 0.52 0.58 0.59 2/13 3731
/proc/meminfo: memFree=8270392/16587228 swapFree=50203316/50331648
Current children cumulated CPU time: 0 s
Current children cumulated vsize: 0 KiB
Current children cumulated memory: 0 KiB

[startup+0.700265 s]
/proc/loadavg: 0.52 0.58 0.59 2/13 3731
/proc/meminfo: memFree=8269928/16587228 swapFree=50203316/50331648
Current children cumulated CPU time: 0 s
Current children cumulated vsize: 0 KiB
Current children cumulated memory: 0 KiB

[startup+1.50049 s]
/proc/loadavg: 0.52 0.58 0.59 2/13 3731
/proc/meminfo: memFree=8277344/16587228 swapFree=50203316/50331648
Current children cumulated CPU time: 0 s
Current children cumulated vsize: 0 KiB
Current children cumulated memory: 0 KiB

[startup+3.10117 s]
/proc/loadavg: 0.52 0.58 0.59 2/13 3731
/proc/meminfo: memFree=8263228/16587228 swapFree=50203316/50331648
Current children cumulated CPU time: 0 s
Current children cumulated vsize: 0 KiB
Current children cumulated memory: 0 KiB
heavy processes:

[startup+6.30043 s]
/proc/loadavg: 0.52 0.58 0.59 2/13 3731
/proc/meminfo: memFree=8260068/16587228 swapFree=50203316/50331648
Current children cumulated CPU time: 0 s
Current children cumulated vsize: 0 KiB
Current children cumulated memory: 0 KiB
heavy processes:

[startup+12.7002 s]
/proc/loadavg: 0.52 0.58 0.59 2/13 3731
/proc/meminfo: memFree=8262944/16587228 swapFree=50203316/50331648
Current children cumulated CPU time: 0 s
Current children cumulated vsize: 0 KiB
Current children cumulated memory: 0 KiB
heavy processes:

[startup+25.5005 s]
/proc/loadavg: 0.52 0.58 0.59 2/13 3731
/proc/meminfo: memFree=8210328/16587228 swapFree=50203316/50331648
Current children cumulated CPU time: 0 s
Current children cumulated vsize: 0 KiB
Current children cumulated memory: 0 KiB
heavy processes:



Received SIGTERM or SIGINT, killing child

[startup+47.5006 s]
/proc/loadavg: 0.52 0.58 0.59 2/13 3733
/proc/meminfo: memFree=8127152/16587228 swapFree=50203316/50331648
Current children cumulated CPU time: 0 s
Current children cumulated vsize: 0 KiB
Current children cumulated memory: 0 KiB
heavy processes:

Sending SIGTERM to process tree (bottom up)
Sleeping 2 seconds

[startup+47.6767 s]
# the end of solver process 3730 was just reported to runsolver
# cumulated CPU time of all completed processes:  user=47.3125 s, system=0.296875 s

Solver just ended.
??? end of watcher thread
Dumping a history of the last processes samples

[startup+47.6012 s]
/proc/loadavg: 0.52 0.58 0.59 2/12 3733
/proc/meminfo: memFree=8127108/16587228 swapFree=50203316/50331648
Current children cumulated CPU time: 0 s
Current children cumulated vsize: 0 KiB
Current children cumulated memory: 0 KiB

Child status: 0
Real time (s): 47.6768
CPU time (s): 47.6094
CPU user time (s): 47.3125
CPU system time (s): 0.296875
CPU usage (%): 99.8585
Max. virtual memory (cumulated for all children) (KiB): 0
Max. memory (cumulated for all children) (KiB): 0

getrusage(RUSAGE_CHILDREN,...) data:
user time used= 47.3125
system time used= 0.296875
maximum resident set size= 116936
integral shared memory size= 0
integral unshared data size= 0
integral unshared stack size= 0
page reclaims= 57039
page faults= 0
swaps= 0
block input operations= 0
block output operations= 0
messages sent= 0
messages received= 0
signals received= 0
voluntary context switches= 0
involuntary context switches= 0


# summary of solver processes directly reported to runsolver:
#   pid: 3730
#   total CPU time (s): 47.6094
#   total CPU user time (s): 47.3125
#   total CPU system time (s): 0.296875

??? end of timestamper thread
runsolver used 0 second user time and 0 second system time

The end
