runsolver version 3.4.0 (svn: 3018) Copyright (C) 2010-2013 Olivier ROUSSEL

This program is distributed in the hope that it will be useful,
but WITHOUT ANY WARRANTY; without even the implied warranty of
MERCHANTABILITY or FITNESS FOR A PARTICULAR PURPOSE.  See the
GNU General Public License for more details.

command line: /home/kunalan/runsolver/src/runsolver -C 1200 -W 1200 --vsize-limit 16384 -w results_nprc/nprc_gringo_random_200_60_watch.log --var results_nprc/nprc_gringo_random_200_60_values.log gringo --verbose=2 --output text ../instances/benchmark_instances/encodings/nprc_gringo.lp ../instances/benchmark_instances/graphs/random_200_60.lp 

running on 8 cores: 0-7

Enforcing CPUTime limit (soft limit, will send SIGTERM then SIGKILL): 1200 seconds
Enforcing CPUTime limit (hard limit, will send SIGXCPU): 1230 seconds
Enforcing wall clock limit (soft limit, will send SIGTERM then SIGKILL): 1200 seconds
Enforcing VSIZE limit (soft limit, will send SIGTERM then SIGKILL): 16777216 KiB
Enforcing VSIZE limit (hard limit, stack expansion will fail with SIGSEGV, brk() and mmap() will return ENOMEM): 16828416 KiB
Linux 4.4.0-22000-Microsoft
Current StackSize limit: 8192 KiB

solver pid=890, runsolver pid=888

[startup+0.100382 s]*
/proc/loadavg: 0.52 0.58 0.59 2/13 891
/proc/meminfo: memFree=12153060/16587228 swapFree=50163256/50331648
Current children cumulated CPU time: 0 s
Current children cumulated vsize: 0 KiB
Current children cumulated memory: 0 KiB

[startup+0.201005 s]*
/proc/loadavg: 0.52 0.58 0.59 2/13 891
/proc/meminfo: memFree=12140452/16587228 swapFree=50163256/50331648
Current children cumulated CPU time: 0 s
Current children cumulated vsize: 0 KiB
Current children cumulated memory: 0 KiB

[startup+0.301159 s]*
/proc/loadavg: 0.52 0.58 0.59 2/13 891
/proc/meminfo: memFree=12140412/16587228 swapFree=50163256/50331648
Current children cumulated CPU time: 0 s
Current children cumulated vsize: 0 KiB
Current children cumulated memory: 0 KiB

[startup+0.700382 s]
/proc/loadavg: 0.52 0.58 0.59 2/13 891
/proc/meminfo: memFree=12134788/16587228 swapFree=50163256/50331648
Current children cumulated CPU time: 0 s
Current children cumulated vsize: 0 KiB
Current children cumulated memory: 0 KiB

[startup+1.50055 s]
/proc/loadavg: 0.52 0.58 0.59 3/13 891
/proc/meminfo: memFree=12136144/16587228 swapFree=50163256/50331648
Current children cumulated CPU time: 0 s
Current children cumulated vsize: 0 KiB
Current children cumulated memory: 0 KiB

[startup+3.10095 s]
/proc/loadavg: 0.52 0.58 0.59 2/13 891
/proc/meminfo: memFree=12141280/16587228 swapFree=50163256/50331648
Current children cumulated CPU time: 0 s
Current children cumulated vsize: 0 KiB
Current children cumulated memory: 0 KiB
heavy processes:

[startup+6.30028 s]
/proc/loadavg: 0.52 0.58 0.59 2/13 891
/proc/meminfo: memFree=12170580/16587228 swapFree=50163256/50331648
Current children cumulated CPU time: 0 s
Current children cumulated vsize: 0 KiB
Current children cumulated memory: 0 KiB
heavy processes:

[startup+12.7003 s]
/proc/loadavg: 0.52 0.58 0.59 2/13 891
/proc/meminfo: memFree=12191072/16587228 swapFree=50163256/50331648
Current children cumulated CPU time: 0 s
Current children cumulated vsize: 0 KiB
Current children cumulated memory: 0 KiB
heavy processes:

[startup+25.5002 s]
/proc/loadavg: 0.52 0.58 0.59 2/13 892
/proc/meminfo: memFree=12191636/16587228 swapFree=50163256/50331648
Current children cumulated CPU time: 0 s
Current children cumulated vsize: 0 KiB
Current children cumulated memory: 0 KiB
heavy processes:

[startup+51.1008 s]
/proc/loadavg: 0.52 0.58 0.59 2/13 892
/proc/meminfo: memFree=12201892/16587228 swapFree=50163256/50331648
Current children cumulated CPU time: 0 s
Current children cumulated vsize: 0 KiB
Current children cumulated memory: 0 KiB
heavy processes:

[startup+102.3 s]
/proc/loadavg: 0.52 0.58 0.59 3/13 892
/proc/meminfo: memFree=12207640/16587228 swapFree=50163268/50331648
Current children cumulated CPU time: 0 s
Current children cumulated vsize: 0 KiB
Current children cumulated memory: 0 KiB
heavy processes:

[startup+162.301 s]
/proc/loadavg: 0.52 0.58 0.59 3/13 892
/proc/meminfo: memFree=12210968/16587228 swapFree=50163268/50331648
Current children cumulated CPU time: 0 s
Current children cumulated vsize: 0 KiB
Current children cumulated memory: 0 KiB
heavy processes:

[startup+222.3 s]
/proc/loadavg: 0.52 0.58 0.59 3/13 892
/proc/meminfo: memFree=12210756/16587228 swapFree=50163268/50331648
Current children cumulated CPU time: 0 s
Current children cumulated vsize: 0 KiB
Current children cumulated memory: 0 KiB
heavy processes:

[startup+282.3 s]
/proc/loadavg: 0.52 0.58 0.59 2/13 892
/proc/meminfo: memFree=12122056/16587228 swapFree=50163316/50331648
Current children cumulated CPU time: 0 s
Current children cumulated vsize: 0 KiB
Current children cumulated memory: 0 KiB
heavy processes:

[startup+342.3 s]
/proc/loadavg: 0.52 0.58 0.59 3/13 893
/proc/meminfo: memFree=12193428/16587228 swapFree=50163320/50331648
Current children cumulated CPU time: 0 s
Current children cumulated vsize: 0 KiB
Current children cumulated memory: 0 KiB
heavy processes:

[startup+402.3 s]
/proc/loadavg: 0.52 0.58 0.59 2/13 893
/proc/meminfo: memFree=12214532/16587228 swapFree=50163320/50331648
Current children cumulated CPU time: 0 s
Current children cumulated vsize: 0 KiB
Current children cumulated memory: 0 KiB
heavy processes:

[startup+462.3 s]
/proc/loadavg: 0.52 0.58 0.59 2/13 893
/proc/meminfo: memFree=12199972/16587228 swapFree=50163328/50331648
Current children cumulated CPU time: 0 s
Current children cumulated vsize: 0 KiB
Current children cumulated memory: 0 KiB
heavy processes:

[startup+522.301 s]
/proc/loadavg: 0.52 0.58 0.59 3/13 894
/proc/meminfo: memFree=12204868/16587228 swapFree=50163328/50331648
Current children cumulated CPU time: 0 s
Current children cumulated vsize: 0 KiB
Current children cumulated memory: 0 KiB
heavy processes:

[startup+582.3 s]
/proc/loadavg: 0.52 0.58 0.59 2/13 894
/proc/meminfo: memFree=12154820/16587228 swapFree=50163328/50331648
Current children cumulated CPU time: 0 s
Current children cumulated vsize: 0 KiB
Current children cumulated memory: 0 KiB
heavy processes:

[startup+642.3 s]
/proc/loadavg: 0.52 0.58 0.59 3/13 894
/proc/meminfo: memFree=12156424/16587228 swapFree=50163328/50331648
Current children cumulated CPU time: 0 s
Current children cumulated vsize: 0 KiB
Current children cumulated memory: 0 KiB
heavy processes:

[startup+702.3 s]
/proc/loadavg: 0.52 0.58 0.59 2/13 894
/proc/meminfo: memFree=12163160/16587228 swapFree=50163328/50331648
Current children cumulated CPU time: 0 s
Current children cumulated vsize: 0 KiB
Current children cumulated memory: 0 KiB
heavy processes:

[startup+762.3 s]
/proc/loadavg: 0.52 0.58 0.59 2/13 894
/proc/meminfo: memFree=12141600/16587228 swapFree=50163328/50331648
Current children cumulated CPU time: 0 s
Current children cumulated vsize: 0 KiB
Current children cumulated memory: 0 KiB
heavy processes:

[startup+822.3 s]
/proc/loadavg: 0.52 0.58 0.59 2/13 895
/proc/meminfo: memFree=12143108/16587228 swapFree=50163328/50331648
Current children cumulated CPU time: 0 s
Current children cumulated vsize: 0 KiB
Current children cumulated memory: 0 KiB
heavy processes:

[startup+882.3 s]
/proc/loadavg: 0.52 0.58 0.59 3/13 895
/proc/meminfo: memFree=12203388/16587228 swapFree=50163328/50331648
Current children cumulated CPU time: 0 s
Current children cumulated vsize: 0 KiB
Current children cumulated memory: 0 KiB
heavy processes:

[startup+942.3 s]
/proc/loadavg: 0.52 0.58 0.59 3/13 896
/proc/meminfo: memFree=12207060/16587228 swapFree=50163328/50331648
Current children cumulated CPU time: 0 s
Current children cumulated vsize: 0 KiB
Current children cumulated memory: 0 KiB
heavy processes:

[startup+1002.3 s]
/proc/loadavg: 0.52 0.58 0.59 3/13 896
/proc/meminfo: memFree=12203820/16587228 swapFree=50163332/50331648
Current children cumulated CPU time: 0 s
Current children cumulated vsize: 0 KiB
Current children cumulated memory: 0 KiB
heavy processes:

[startup+1062.3 s]
/proc/loadavg: 0.52 0.58 0.59 2/13 896
/proc/meminfo: memFree=12205360/16587228 swapFree=50163332/50331648
Current children cumulated CPU time: 0 s
Current children cumulated vsize: 0 KiB
Current children cumulated memory: 0 KiB
heavy processes:

[startup+1122.3 s]
/proc/loadavg: 0.52 0.58 0.59 3/13 896
/proc/meminfo: memFree=12205684/16587228 swapFree=50163332/50331648
Current children cumulated CPU time: 0 s
Current children cumulated vsize: 0 KiB
Current children cumulated memory: 0 KiB
heavy processes:

[startup+1182.3 s]
/proc/loadavg: 0.52 0.58 0.59 3/13 896
/proc/meminfo: memFree=12196688/16587228 swapFree=50163336/50331648
Current children cumulated CPU time: 0 s
Current children cumulated vsize: 0 KiB
Current children cumulated memory: 0 KiB
heavy processes:



Maximum wall clock time exceeded: sending SIGTERM then SIGKILL

[startup+1200 s]*
/proc/loadavg: 0.52 0.58 0.59 2/13 897
/proc/meminfo: memFree=12224296/16587228 swapFree=50163336/50331648
Current children cumulated CPU time: 0 s
Current children cumulated vsize: 0 KiB
Current children cumulated memory: 0 KiB
heavy processes:

Sending SIGTERM to process tree (bottom up)
Sleeping 2 seconds

Sending SIGKILL to process tree (bottom up)
??? end of watcher thread

[startup+1230.13 s]
# the end of solver process 890 was just reported to runsolver
# cumulated CPU time of all completed processes:  user=1193.39 s, system=35.9844 s

Solver just ended.
Dumping a history of the last processes samples

[startup+1200.8 s]
/proc/loadavg: 0.52 0.58 0.59 2/13 897
/proc/meminfo: memFree=12224296/16587228 swapFree=50163336/50331648
Current children cumulated CPU time: 0 s
Current children cumulated vsize: 0 KiB
Current children cumulated memory: 0 KiB

[startup+1201.6 s]
/proc/loadavg: 0.52 0.58 0.59 2/13 897
/proc/meminfo: memFree=12224116/16587228 swapFree=50163336/50331648
Current children cumulated CPU time: 0 s
Current children cumulated vsize: 0 KiB
Current children cumulated memory: 0 KiB

[startup+1202 s]*
/proc/loadavg: 0.52 0.58 0.59 3/13 897
/proc/meminfo: memFree=12224220/16587228 swapFree=50163336/50331648
Current children cumulated CPU time: 0 s
Current children cumulated vsize: 0 KiB
Current children cumulated memory: 0 KiB

Child ended because it received signal 15 (SIGTERM)
Real time (s): 1230.13
CPU time (s): 1229.38
CPU user time (s): 1193.39
CPU system time (s): 35.9844
CPU usage (%): 99.9389
Max. virtual memory (cumulated for all children) (KiB): 0
Max. memory (cumulated for all children) (KiB): 0

getrusage(RUSAGE_CHILDREN,...) data:
user time used= 1193.39
system time used= 35.9844
maximum resident set size= 10596
integral shared memory size= 0
integral unshared data size= 0
integral unshared stack size= 0
page reclaims= 3307
page faults= 0
swaps= 0
block input operations= 0
block output operations= 0
messages sent= 0
messages received= 0
signals received= 0
voluntary context switches= 0
involuntary context switches= 0


# summary of solver processes directly reported to runsolver:
#   pid: 890
#   total CPU time (s): 1229.38
#   total CPU user time (s): 1193.39
#   total CPU system time (s): 35.9844

??? end of timestamper thread
runsolver used 0 second user time and 0 second system time

The end
