runsolver version 3.4.0 (svn: 3018) Copyright (C) 2010-2013 Olivier ROUSSEL

This program is distributed in the hope that it will be useful,
but WITHOUT ANY WARRANTY; without even the implied warranty of
MERCHANTABILITY or FITNESS FOR A PARTICULAR PURPOSE.  See the
GNU General Public License for more details.

command line: /home/kunalan/runsolver/src/runsolver -C 1200 -W 1200 --vsize-limit 16384 -w results_nprc/nprc_newground_random_400_100_watch.log --var results_nprc/nprc_newground_random_400_100_values.log python3 ../newground2.py ../instances/benchmark_instances/encodings/nprc_newground.lp ../instances/benchmark_instances/graphs/random_400_100.lp 

running on 8 cores: 0-7

Enforcing CPUTime limit (soft limit, will send SIGTERM then SIGKILL): 1200 seconds
Enforcing CPUTime limit (hard limit, will send SIGXCPU): 1230 seconds
Enforcing wall clock limit (soft limit, will send SIGTERM then SIGKILL): 1200 seconds
Enforcing VSIZE limit (soft limit, will send SIGTERM then SIGKILL): 16777216 KiB
Enforcing VSIZE limit (hard limit, stack expansion will fail with SIGSEGV, brk() and mmap() will return ENOMEM): 16828416 KiB
Linux 4.4.0-22000-Microsoft
Current StackSize limit: 8192 KiB

solver pid=1919, runsolver pid=1917

[startup+0.100144 s]*
/proc/loadavg: 0.52 0.58 0.59 2/13 1920
/proc/meminfo: memFree=11555604/16587228 swapFree=50193836/50331648
Current children cumulated CPU time: 0 s
Current children cumulated vsize: 0 KiB
Current children cumulated memory: 0 KiB

[startup+0.201368 s]*
/proc/loadavg: 0.52 0.58 0.59 2/13 1920
/proc/meminfo: memFree=11539596/16587228 swapFree=50193836/50331648
Current children cumulated CPU time: 0 s
Current children cumulated vsize: 0 KiB
Current children cumulated memory: 0 KiB

[startup+0.301225 s]*
/proc/loadavg: 0.52 0.58 0.59 2/13 1920
/proc/meminfo: memFree=11532616/16587228 swapFree=50193836/50331648
Current children cumulated CPU time: 0 s
Current children cumulated vsize: 0 KiB
Current children cumulated memory: 0 KiB

[startup+0.700116 s]
/proc/loadavg: 0.52 0.58 0.59 2/13 1920
/proc/meminfo: memFree=11532600/16587228 swapFree=50193836/50331648
Current children cumulated CPU time: 0 s
Current children cumulated vsize: 0 KiB
Current children cumulated memory: 0 KiB

[startup+1.50031 s]
/proc/loadavg: 0.52 0.58 0.59 2/13 1920
/proc/meminfo: memFree=11528652/16587228 swapFree=50193836/50331648
Current children cumulated CPU time: 0 s
Current children cumulated vsize: 0 KiB
Current children cumulated memory: 0 KiB

[startup+3.10129 s]
/proc/loadavg: 0.52 0.58 0.59 2/13 1920
/proc/meminfo: memFree=11536740/16587228 swapFree=50193836/50331648
Current children cumulated CPU time: 0 s
Current children cumulated vsize: 0 KiB
Current children cumulated memory: 0 KiB
heavy processes:

[startup+6.30049 s]
/proc/loadavg: 0.52 0.58 0.59 2/13 1920
/proc/meminfo: memFree=11534360/16587228 swapFree=50193836/50331648
Current children cumulated CPU time: 0 s
Current children cumulated vsize: 0 KiB
Current children cumulated memory: 0 KiB
heavy processes:

[startup+12.7001 s]
/proc/loadavg: 0.52 0.58 0.59 2/13 1920
/proc/meminfo: memFree=11534056/16587228 swapFree=50193836/50331648
Current children cumulated CPU time: 0 s
Current children cumulated vsize: 0 KiB
Current children cumulated memory: 0 KiB
heavy processes:

[startup+25.5001 s]
/proc/loadavg: 0.52 0.58 0.59 2/13 1920
/proc/meminfo: memFree=11534128/16587228 swapFree=50193848/50331648
Current children cumulated CPU time: 0 s
Current children cumulated vsize: 0 KiB
Current children cumulated memory: 0 KiB
heavy processes:

[startup+51.101 s]
/proc/loadavg: 0.52 0.58 0.59 2/13 1921
/proc/meminfo: memFree=11496516/16587228 swapFree=50193848/50331648
Current children cumulated CPU time: 0 s
Current children cumulated vsize: 0 KiB
Current children cumulated memory: 0 KiB
heavy processes:

[startup+52.0777 s]
# the end of solver process 1919 was just reported to runsolver
# cumulated CPU time of all completed processes:  user=51.7969 s, system=0.1875 s

Solver just ended.
??? end of watcher thread
Dumping a history of the last processes samples

[startup+51.2012 s]
/proc/loadavg: 0.52 0.58 0.59 2/13 1921
/proc/meminfo: memFree=11496516/16587228 swapFree=50193848/50331648
Current children cumulated CPU time: 0 s
Current children cumulated vsize: 0 KiB
Current children cumulated memory: 0 KiB

[startup+51.6003 s]
/proc/loadavg: 0.52 0.58 0.59 2/13 1921
/proc/meminfo: memFree=11496516/16587228 swapFree=50193848/50331648
Current children cumulated CPU time: 0 s
Current children cumulated vsize: 0 KiB
Current children cumulated memory: 0 KiB

[startup+52.0003 s]*
/proc/loadavg: 0.52 0.58 0.59 3/13 1921
/proc/meminfo: memFree=11495664/16587228 swapFree=50193848/50331648
Current children cumulated CPU time: 0 s
Current children cumulated vsize: 0 KiB
Current children cumulated memory: 0 KiB

Child status: 0
Real time (s): 52.0777
CPU time (s): 51.9844
CPU user time (s): 51.7969
CPU system time (s): 0.1875
CPU usage (%): 99.8207
Max. virtual memory (cumulated for all children) (KiB): 0
Max. memory (cumulated for all children) (KiB): 0

getrusage(RUSAGE_CHILDREN,...) data:
user time used= 51.7969
system time used= 0.1875
maximum resident set size= 75052
integral shared memory size= 0
integral unshared data size= 0
integral unshared stack size= 0
page reclaims= 22886
page faults= 0
swaps= 0
block input operations= 0
block output operations= 0
messages sent= 0
messages received= 0
signals received= 0
voluntary context switches= 0
involuntary context switches= 0


# summary of solver processes directly reported to runsolver:
#   pid: 1919
#   total CPU time (s): 51.9844
#   total CPU user time (s): 51.7969
#   total CPU system time (s): 0.1875

??? end of timestamper thread
runsolver used 0 second user time and 0.015625 second system time

The end
