runsolver version 3.4.0 (svn: 3018) Copyright (C) 2010-2013 Olivier ROUSSEL

This program is distributed in the hope that it will be useful,
but WITHOUT ANY WARRANTY; without even the implied warranty of
MERCHANTABILITY or FITNESS FOR A PARTICULAR PURPOSE.  See the
GNU General Public License for more details.

command line: /home/kunalan/runsolver/src/runsolver -C 1200 -W 1200 --vsize-limit 16384 -w results_nprc/nprc_newground_random_600_20_watch.log --var results_nprc/nprc_newground_random_600_20_values.log python3 ../newground2.py ../instances/benchmark_instances/encodings/nprc_newground.lp ../instances/benchmark_instances/graphs/random_600_20.lp 

running on 8 cores: 0-7

Enforcing CPUTime limit (soft limit, will send SIGTERM then SIGKILL): 1200 seconds
Enforcing CPUTime limit (hard limit, will send SIGXCPU): 1230 seconds
Enforcing wall clock limit (soft limit, will send SIGTERM then SIGKILL): 1200 seconds
Enforcing VSIZE limit (soft limit, will send SIGTERM then SIGKILL): 16777216 KiB
Enforcing VSIZE limit (hard limit, stack expansion will fail with SIGSEGV, brk() and mmap() will return ENOMEM): 16828416 KiB
Linux 4.4.0-22000-Microsoft
Current StackSize limit: 8192 KiB

solver pid=2950, runsolver pid=2948

[startup+0.100462 s]*
/proc/loadavg: 0.52 0.58 0.59 2/13 2951
/proc/meminfo: memFree=11456060/16587228 swapFree=50194132/50331648
Current children cumulated CPU time: 0 s
Current children cumulated vsize: 0 KiB
Current children cumulated memory: 0 KiB

[startup+0.201201 s]*
/proc/loadavg: 0.52 0.58 0.59 2/13 2951
/proc/meminfo: memFree=11446808/16587228 swapFree=50194132/50331648
Current children cumulated CPU time: 0 s
Current children cumulated vsize: 0 KiB
Current children cumulated memory: 0 KiB

[startup+0.300932 s]*
/proc/loadavg: 0.52 0.58 0.59 2/13 2951
/proc/meminfo: memFree=11445452/16587228 swapFree=50194132/50331648
Current children cumulated CPU time: 0 s
Current children cumulated vsize: 0 KiB
Current children cumulated memory: 0 KiB

[startup+0.700324 s]
/proc/loadavg: 0.52 0.58 0.59 2/13 2951
/proc/meminfo: memFree=11435768/16587228 swapFree=50194132/50331648
Current children cumulated CPU time: 0 s
Current children cumulated vsize: 0 KiB
Current children cumulated memory: 0 KiB

[startup+1.50054 s]
/proc/loadavg: 0.52 0.58 0.59 2/13 2951
/proc/meminfo: memFree=11436348/16587228 swapFree=50194132/50331648
Current children cumulated CPU time: 0 s
Current children cumulated vsize: 0 KiB
Current children cumulated memory: 0 KiB

[startup+3.10128 s]
/proc/loadavg: 0.52 0.58 0.59 2/13 2952
/proc/meminfo: memFree=11435720/16587228 swapFree=50194132/50331648
Current children cumulated CPU time: 0 s
Current children cumulated vsize: 0 KiB
Current children cumulated memory: 0 KiB
heavy processes:

[startup+6.30033 s]
/proc/loadavg: 0.52 0.58 0.59 2/13 2952
/proc/meminfo: memFree=11435368/16587228 swapFree=50194132/50331648
Current children cumulated CPU time: 0 s
Current children cumulated vsize: 0 KiB
Current children cumulated memory: 0 KiB
heavy processes:

[startup+12.7003 s]
/proc/loadavg: 0.52 0.58 0.59 2/13 2952
/proc/meminfo: memFree=11442156/16587228 swapFree=50194132/50331648
Current children cumulated CPU time: 0 s
Current children cumulated vsize: 0 KiB
Current children cumulated memory: 0 KiB
heavy processes:

[startup+25.5003 s]
/proc/loadavg: 0.52 0.58 0.59 2/13 2952
/proc/meminfo: memFree=11404088/16587228 swapFree=50194132/50331648
Current children cumulated CPU time: 0 s
Current children cumulated vsize: 0 KiB
Current children cumulated memory: 0 KiB
heavy processes:

[startup+33.8104 s]
# the end of solver process 2950 was just reported to runsolver
# cumulated CPU time of all completed processes:  user=33.4531 s, system=0.296875 s

Solver just ended.
??? end of watcher thread
Dumping a history of the last processes samples

[startup+25.6011 s]
/proc/loadavg: 0.52 0.58 0.59 2/13 2952
/proc/meminfo: memFree=11404124/16587228 swapFree=50194132/50331648
Current children cumulated CPU time: 0 s
Current children cumulated vsize: 0 KiB
Current children cumulated memory: 0 KiB

[startup+28.8002 s]
/proc/loadavg: 0.52 0.58 0.59 2/13 2952
/proc/meminfo: memFree=11401628/16587228 swapFree=50194132/50331648
Current children cumulated CPU time: 0 s
Current children cumulated vsize: 0 KiB
Current children cumulated memory: 0 KiB

[startup+32.0005 s]*
/proc/loadavg: 0.52 0.58 0.59 2/13 2952
/proc/meminfo: memFree=11402488/16587228 swapFree=50194132/50331648
Current children cumulated CPU time: 0 s
Current children cumulated vsize: 0 KiB
Current children cumulated memory: 0 KiB

[startup+32.8003 s]
/proc/loadavg: 0.52 0.58 0.59 2/13 2952
/proc/meminfo: memFree=11402488/16587228 swapFree=50194132/50331648
Current children cumulated CPU time: 0 s
Current children cumulated vsize: 0 KiB
Current children cumulated memory: 0 KiB

[startup+33.6004 s]
/proc/loadavg: 0.52 0.58 0.59 2/13 2952
/proc/meminfo: memFree=11402136/16587228 swapFree=50194132/50331648
Current children cumulated CPU time: 0 s
Current children cumulated vsize: 0 KiB
Current children cumulated memory: 0 KiB

[startup+33.8003 s]
/proc/loadavg: 0.52 0.58 0.59 2/13 2952
/proc/meminfo: memFree=11402136/16587228 swapFree=50194132/50331648
Current children cumulated CPU time: 0 s
Current children cumulated vsize: 0 KiB
Current children cumulated memory: 0 KiB

Child status: 0
Real time (s): 33.8105
CPU time (s): 33.75
CPU user time (s): 33.4531
CPU system time (s): 0.296875
CPU usage (%): 99.821
Max. virtual memory (cumulated for all children) (KiB): 0
Max. memory (cumulated for all children) (KiB): 0

getrusage(RUSAGE_CHILDREN,...) data:
user time used= 33.4531
system time used= 0.296875
maximum resident set size= 87468
integral shared memory size= 0
integral unshared data size= 0
integral unshared stack size= 0
page reclaims= 34432
page faults= 0
swaps= 0
block input operations= 0
block output operations= 0
messages sent= 0
messages received= 0
signals received= 0
voluntary context switches= 0
involuntary context switches= 0


# summary of solver processes directly reported to runsolver:
#   pid: 2950
#   total CPU time (s): 33.75
#   total CPU user time (s): 33.4531
#   total CPU system time (s): 0.296875

??? end of timestamper thread
runsolver used 0 second user time and 0 second system time

The end
