runsolver version 3.4.0 (svn: 3018) Copyright (C) 2010-2013 Olivier ROUSSEL

This program is distributed in the hope that it will be useful,
but WITHOUT ANY WARRANTY; without even the implied warranty of
MERCHANTABILITY or FITNESS FOR A PARTICULAR PURPOSE.  See the
GNU General Public License for more details.

command line: /home/kunalan/runsolver/src/runsolver -C 1200 -W 1200 --vsize-limit 16384 -w results_nprc/nprc_newground2_random_600_100_watch.log --var results_nprc/nprc_newground2_random_600_100_values.log python3 ../newground2.py ../instances/benchmark_instances/encodings/nprc_newground2.lp ../instances/benchmark_instances/graphs/random_600_100.lp 

running on 8 cores: 0-7

Enforcing CPUTime limit (soft limit, will send SIGTERM then SIGKILL): 1200 seconds
Enforcing CPUTime limit (hard limit, will send SIGXCPU): 1230 seconds
Enforcing wall clock limit (soft limit, will send SIGTERM then SIGKILL): 1200 seconds
Enforcing VSIZE limit (soft limit, will send SIGTERM then SIGKILL): 16777216 KiB
Enforcing VSIZE limit (hard limit, stack expansion will fail with SIGSEGV, brk() and mmap() will return ENOMEM): 16828416 KiB
Linux 4.4.0-22000-Microsoft
Current StackSize limit: 8192 KiB

solver pid=2944, runsolver pid=2942

[startup+0.100362 s]*
/proc/loadavg: 0.52 0.58 0.59 2/13 2945
/proc/meminfo: memFree=11463940/16587228 swapFree=50194132/50331648
Current children cumulated CPU time: 0 s
Current children cumulated vsize: 0 KiB
Current children cumulated memory: 0 KiB

[startup+0.20098 s]*
/proc/loadavg: 0.52 0.58 0.59 2/13 2945
/proc/meminfo: memFree=11454540/16587228 swapFree=50194132/50331648
Current children cumulated CPU time: 0 s
Current children cumulated vsize: 0 KiB
Current children cumulated memory: 0 KiB

[startup+0.301199 s]*
/proc/loadavg: 0.52 0.58 0.59 2/13 2945
/proc/meminfo: memFree=11449676/16587228 swapFree=50194132/50331648
Current children cumulated CPU time: 0 s
Current children cumulated vsize: 0 KiB
Current children cumulated memory: 0 KiB

[startup+0.700202 s]
/proc/loadavg: 0.52 0.58 0.59 2/13 2945
/proc/meminfo: memFree=11449592/16587228 swapFree=50194132/50331648
Current children cumulated CPU time: 0 s
Current children cumulated vsize: 0 KiB
Current children cumulated memory: 0 KiB

[startup+1.50051 s]
/proc/loadavg: 0.52 0.58 0.59 2/13 2945
/proc/meminfo: memFree=11441680/16587228 swapFree=50194132/50331648
Current children cumulated CPU time: 0 s
Current children cumulated vsize: 0 KiB
Current children cumulated memory: 0 KiB

[startup+3.10118 s]
/proc/loadavg: 0.52 0.58 0.59 2/13 2946
/proc/meminfo: memFree=11440700/16587228 swapFree=50194132/50331648
Current children cumulated CPU time: 0 s
Current children cumulated vsize: 0 KiB
Current children cumulated memory: 0 KiB
heavy processes:

[startup+5.27849 s]
# the end of solver process 2944 was just reported to runsolver
# cumulated CPU time of all completed processes:  user=5.15625 s, system=0.078125 s

Solver just ended.
??? end of watcher thread
Dumping a history of the last processes samples

[startup+3.20102 s]
/proc/loadavg: 0.52 0.58 0.59 2/13 2946
/proc/meminfo: memFree=11440692/16587228 swapFree=50194132/50331648
Current children cumulated CPU time: 0 s
Current children cumulated vsize: 0 KiB
Current children cumulated memory: 0 KiB

[startup+4.00013 s]*
/proc/loadavg: 0.52 0.58 0.59 2/13 2946
/proc/meminfo: memFree=11440596/16587228 swapFree=50194132/50331648
Current children cumulated CPU time: 0 s
Current children cumulated vsize: 0 KiB
Current children cumulated memory: 0 KiB

[startup+4.8002 s]
/proc/loadavg: 0.52 0.58 0.59 2/13 2946
/proc/meminfo: memFree=11440596/16587228 swapFree=50194132/50331648
Current children cumulated CPU time: 0 s
Current children cumulated vsize: 0 KiB
Current children cumulated memory: 0 KiB

[startup+5.20021 s]
/proc/loadavg: 0.52 0.58 0.59 2/13 2946
/proc/meminfo: memFree=11440568/16587228 swapFree=50194132/50331648
Current children cumulated CPU time: 0 s
Current children cumulated vsize: 0 KiB
Current children cumulated memory: 0 KiB

Child status: 1
Real time (s): 5.27855
CPU time (s): 5.23438
CPU user time (s): 5.15625
CPU system time (s): 0.078125
CPU usage (%): 99.1631
Max. virtual memory (cumulated for all children) (KiB): 0
Max. memory (cumulated for all children) (KiB): 0

getrusage(RUSAGE_CHILDREN,...) data:
user time used= 5.15625
system time used= 0.078125
maximum resident set size= 28108
integral shared memory size= 0
integral unshared data size= 0
integral unshared stack size= 0
page reclaims= 7388
page faults= 0
swaps= 0
block input operations= 0
block output operations= 0
messages sent= 0
messages received= 0
signals received= 0
voluntary context switches= 0
involuntary context switches= 0


# summary of solver processes directly reported to runsolver:
#   pid: 2944
#   total CPU time (s): 5.23438
#   total CPU user time (s): 5.15625
#   total CPU system time (s): 0.078125

??? end of timestamper thread
runsolver used 0 second user time and 0.015625 second system time

The end
