runsolver version 3.4.0 (svn: 3018) Copyright (C) 2010-2013 Olivier ROUSSEL

This program is distributed in the hope that it will be useful,
but WITHOUT ANY WARRANTY; without even the implied warranty of
MERCHANTABILITY or FITNESS FOR A PARTICULAR PURPOSE.  See the
GNU General Public License for more details.

command line: /home/kunalan/runsolver/src/runsolver -C 1200 -W 1200 --vsize-limit 16384 -w results_nprc/nprc_newground_random_300_80_watch.log --var results_nprc/nprc_newground_random_300_80_values.log python3 ../newground2.py ../instances/benchmark_instances/encodings/nprc_newground.lp ../instances/benchmark_instances/graphs/random_300_80.lp 

running on 8 cores: 0-7

Enforcing CPUTime limit (soft limit, will send SIGTERM then SIGKILL): 1200 seconds
Enforcing CPUTime limit (hard limit, will send SIGXCPU): 1230 seconds
Enforcing wall clock limit (soft limit, will send SIGTERM then SIGKILL): 1200 seconds
Enforcing VSIZE limit (soft limit, will send SIGTERM then SIGKILL): 16777216 KiB
Enforcing VSIZE limit (hard limit, stack expansion will fail with SIGSEGV, brk() and mmap() will return ENOMEM): 16828416 KiB
Linux 4.4.0-22000-Microsoft
Current StackSize limit: 8192 KiB
solver pid=1529, runsolver pid=1527


[startup+0.100469 s]*
/proc/loadavg: 0.52 0.58 0.59 2/13 1530
/proc/meminfo: memFree=11669512/16587228 swapFree=50191932/50331648
Current children cumulated CPU time: 0 s
Current children cumulated vsize: 0 KiB
Current children cumulated memory: 0 KiB

[startup+0.201041 s]*
/proc/loadavg: 0.52 0.58 0.59 2/13 1530
/proc/meminfo: memFree=11659968/16587228 swapFree=50191932/50331648
Current children cumulated CPU time: 0 s
Current children cumulated vsize: 0 KiB
Current children cumulated memory: 0 KiB

[startup+0.301175 s]*
/proc/loadavg: 0.52 0.58 0.59 2/13 1530
/proc/meminfo: memFree=11657820/16587228 swapFree=50191932/50331648
Current children cumulated CPU time: 0 s
Current children cumulated vsize: 0 KiB
Current children cumulated memory: 0 KiB

[startup+0.700178 s]
/proc/loadavg: 0.52 0.58 0.59 2/13 1530
/proc/meminfo: memFree=11664408/16587228 swapFree=50191932/50331648
Current children cumulated CPU time: 0 s
Current children cumulated vsize: 0 KiB
Current children cumulated memory: 0 KiB

[startup+1.50051 s]
/proc/loadavg: 0.52 0.58 0.59 2/13 1530
/proc/meminfo: memFree=11647088/16587228 swapFree=50191936/50331648
Current children cumulated CPU time: 0 s
Current children cumulated vsize: 0 KiB
Current children cumulated memory: 0 KiB

[startup+3.10099 s]
/proc/loadavg: 0.52 0.58 0.59 2/13 1530
/proc/meminfo: memFree=11632856/16587228 swapFree=50191940/50331648
Current children cumulated CPU time: 0 s
Current children cumulated vsize: 0 KiB
Current children cumulated memory: 0 KiB
heavy processes:

[startup+6.3005 s]
/proc/loadavg: 0.52 0.58 0.59 2/13 1530
/proc/meminfo: memFree=11587240/16587228 swapFree=50191944/50331648
Current children cumulated CPU time: 0 s
Current children cumulated vsize: 0 KiB
Current children cumulated memory: 0 KiB
heavy processes:

[startup+12.7005 s]
/proc/loadavg: 0.52 0.58 0.59 2/13 1530
/proc/meminfo: memFree=11548212/16587228 swapFree=50191988/50331648
Current children cumulated CPU time: 0 s
Current children cumulated vsize: 0 KiB
Current children cumulated memory: 0 KiB
heavy processes:

[startup+25.5004 s]
/proc/loadavg: 0.52 0.58 0.59 2/13 1530
/proc/meminfo: memFree=11362952/16587228 swapFree=50192080/50331648
Current children cumulated CPU time: 0 s
Current children cumulated vsize: 0 KiB
Current children cumulated memory: 0 KiB
heavy processes:

[startup+26.0332 s]
# the end of solver process 1529 was just reported to runsolver
# cumulated CPU time of all completed processes:  user=25.8906 s, system=0.09375 s

Solver just ended.
??? end of watcher thread
Dumping a history of the last processes samples

[startup+25.6011 s]
/proc/loadavg: 0.52 0.58 0.59 2/13 1530
/proc/meminfo: memFree=11369288/16587228 swapFree=50192080/50331648
Current children cumulated CPU time: 0 s
Current children cumulated vsize: 0 KiB
Current children cumulated memory: 0 KiB

[startup+26.0003 s]*
/proc/loadavg: 0.52 0.58 0.59 2/13 1530
/proc/meminfo: memFree=11364584/16587228 swapFree=50192080/50331648
Current children cumulated CPU time: 0 s
Current children cumulated vsize: 0 KiB
Current children cumulated memory: 0 KiB

Child status: 0
Real time (s): 26.0333
CPU time (s): 25.9844
CPU user time (s): 25.8906
CPU system time (s): 0.09375
CPU usage (%): 99.8121
Max. virtual memory (cumulated for all children) (KiB): 0
Max. memory (cumulated for all children) (KiB): 0

getrusage(RUSAGE_CHILDREN,...) data:
user time used= 25.8906
system time used= 0.09375
maximum resident set size= 48176
integral shared memory size= 0
integral unshared data size= 0
integral unshared stack size= 0
page reclaims= 13331
page faults= 0
swaps= 0
block input operations= 0
block output operations= 0
messages sent= 0
messages received= 0
signals received= 0
voluntary context switches= 0
involuntary context switches= 0


# summary of solver processes directly reported to runsolver:
#   pid: 1529
#   total CPU time (s): 25.9844
#   total CPU user time (s): 25.8906
#   total CPU system time (s): 0.09375

??? end of timestamper thread
runsolver used 0.015625 second user time and 0 second system time

The end
