runsolver version 3.4.0 (svn: 3018) Copyright (C) 2010-2013 Olivier ROUSSEL

This program is distributed in the hope that it will be useful,
but WITHOUT ANY WARRANTY; without even the implied warranty of
MERCHANTABILITY or FITNESS FOR A PARTICULAR PURPOSE.  See the
GNU General Public License for more details.

command line: /home/kunalan/runsolver/src/runsolver -C 1200 -W 1200 --vsize-limit 16384 -w results_nprc/nprc_newground_random_25_80_watch.log --var results_nprc/nprc_newground_random_25_80_values.log python3 ../newground2.py ../instances/benchmark_instances/encodings/nprc_newground.lp ../instances/benchmark_instances/graphs/random_25_80.lp 

running on 8 cores: 0-7

Enforcing CPUTime limit (soft limit, will send SIGTERM then SIGKILL): 1200 seconds
Enforcing CPUTime limit (hard limit, will send SIGXCPU): 1230 seconds
Enforcing wall clock limit (soft limit, will send SIGTERM then SIGKILL): 1200 seconds
Enforcing VSIZE limit (soft limit, will send SIGTERM then SIGKILL): 16777216 KiB
Enforcing VSIZE limit (hard limit, stack expansion will fail with SIGSEGV, brk() and mmap() will return ENOMEM): 16828416 KiB
Linux 4.4.0-22000-Microsoft
solver pid=1317, runsolver pid=1315
Current StackSize limit: 8192 KiB


[startup+0.100439 s]*
/proc/loadavg: 0.52 0.58 0.59 2/13 1318
/proc/meminfo: memFree=11791028/16587228 swapFree=50191648/50331648
Current children cumulated CPU time: 0 s
Current children cumulated vsize: 0 KiB
Current children cumulated memory: 0 KiB

[startup+0.201159 s]*
/proc/loadavg: 0.52 0.58 0.59 2/13 1318
/proc/meminfo: memFree=11774132/16587228 swapFree=50191648/50331648
Current children cumulated CPU time: 0 s
Current children cumulated vsize: 0 KiB
Current children cumulated memory: 0 KiB

[startup+0.301043 s]*
/proc/loadavg: 0.52 0.58 0.59 2/13 1318
/proc/meminfo: memFree=11771060/16587228 swapFree=50191648/50331648
Current children cumulated CPU time: 0 s
Current children cumulated vsize: 0 KiB
Current children cumulated memory: 0 KiB

[startup+0.435493 s]
# the end of solver process 1317 was just reported to runsolver
# cumulated CPU time of all completed processes:  user=0.296875 s, system=0.09375 s

Solver just ended.
??? end of watcher thread
Dumping a history of the last processes samples

[startup+0.400848 s]*
/proc/loadavg: 0.52 0.58 0.59 2/13 1318
/proc/meminfo: memFree=11770864/16587228 swapFree=50191648/50331648
Current children cumulated CPU time: 0 s
Current children cumulated vsize: 0 KiB
Current children cumulated memory: 0 KiB

Child status: 0
Real time (s): 0.435547
CPU time (s): 0.390625
CPU user time (s): 0.296875
CPU system time (s): 0.09375
CPU usage (%): 89.6861
Max. virtual memory (cumulated for all children) (KiB): 0
Max. memory (cumulated for all children) (KiB): 0

getrusage(RUSAGE_CHILDREN,...) data:
user time used= 0.296875
system time used= 0.09375
maximum resident set size= 24720
integral shared memory size= 0
integral unshared data size= 0
integral unshared stack size= 0
page reclaims= 6510
page faults= 0
swaps= 0
block input operations= 0
block output operations= 0
messages sent= 0
messages received= 0
signals received= 0
voluntary context switches= 0
involuntary context switches= 0


# summary of solver processes directly reported to runsolver:
#   pid: 1317
#   total CPU time (s): 0.390625
#   total CPU user time (s): 0.296875
#   total CPU system time (s): 0.09375

??? end of timestamper thread
runsolver used 0 second user time and 0 second system time

The end
