runsolver version 3.4.0 (svn: 3018) Copyright (C) 2010-2013 Olivier ROUSSEL

This program is distributed in the hope that it will be useful,
but WITHOUT ANY WARRANTY; without even the implied warranty of
MERCHANTABILITY or FITNESS FOR A PARTICULAR PURPOSE.  See the
GNU General Public License for more details.

command line: /home/kunalan/runsolver/src/runsolver -C 1200 -W 1200 --vsize-limit 16384 -w results_nprc/nprc_gringo_random_400_20_watch.log --var results_nprc/nprc_gringo_random_400_20_values.log gringo --verbose=2 --output text ../instances/benchmark_instances/encodings/nprc_gringo.lp ../instances/benchmark_instances/graphs/random_400_20.lp 

running on 8 cores: 0-7

Enforcing CPUTime limit (soft limit, will send SIGTERM then SIGKILL): 1200 seconds
Enforcing CPUTime limit (hard limit, will send SIGXCPU): 1230 seconds
Enforcing wall clock limit (soft limit, will send SIGTERM then SIGKILL): 1200 seconds
Enforcing VSIZE limit (soft limit, will send SIGTERM then SIGKILL): 16777216 KiB
Enforcing VSIZE limit (hard limit, stack expansion will fail with SIGSEGV, brk() and mmap() will return ENOMEM): 16828416 KiB
Linux 4.4.0-22000-Microsoft
solver pid=1943, runsolver pid=1941
Current StackSize limit: 8192 KiB


[startup+0.100375 s]*
/proc/loadavg: 0.52 0.58 0.59 2/13 1944
/proc/meminfo: memFree=11487148/16587228 swapFree=50193848/50331648
Current children cumulated CPU time: 0 s
Current children cumulated vsize: 0 KiB
Current children cumulated memory: 0 KiB

[startup+0.201097 s]*
/proc/loadavg: 0.52 0.58 0.59 2/13 1944
/proc/meminfo: memFree=11483004/16587228 swapFree=50193848/50331648
Current children cumulated CPU time: 0 s
Current children cumulated vsize: 0 KiB
Current children cumulated memory: 0 KiB

[startup+0.300911 s]*
/proc/loadavg: 0.52 0.58 0.59 2/13 1944
/proc/meminfo: memFree=11484152/16587228 swapFree=50193848/50331648
Current children cumulated CPU time: 0 s
Current children cumulated vsize: 0 KiB
Current children cumulated memory: 0 KiB

[startup+0.700204 s]
/proc/loadavg: 0.52 0.58 0.59 3/13 1944
/proc/meminfo: memFree=11484172/16587228 swapFree=50193848/50331648
Current children cumulated CPU time: 0 s
Current children cumulated vsize: 0 KiB
Current children cumulated memory: 0 KiB

[startup+1.50031 s]
/proc/loadavg: 0.52 0.58 0.59 3/13 1944
/proc/meminfo: memFree=11485592/16587228 swapFree=50193848/50331648
Current children cumulated CPU time: 0 s
Current children cumulated vsize: 0 KiB
Current children cumulated memory: 0 KiB

[startup+3.10117 s]
/proc/loadavg: 0.52 0.58 0.59 3/13 1945
/proc/meminfo: memFree=11478440/16587228 swapFree=50193848/50331648
Current children cumulated CPU time: 0 s
Current children cumulated vsize: 0 KiB
Current children cumulated memory: 0 KiB
heavy processes:

[startup+6.30055 s]
/proc/loadavg: 0.52 0.58 0.59 3/13 1945
/proc/meminfo: memFree=11473572/16587228 swapFree=50193848/50331648
Current children cumulated CPU time: 0 s
Current children cumulated vsize: 0 KiB
Current children cumulated memory: 0 KiB
heavy processes:

[startup+7.77351 s]
# the end of solver process 1943 was just reported to runsolver
# cumulated CPU time of all completed processes:  user=7.46875 s, system=0.296875 s

Solver just ended.
??? end of watcher thread
Dumping a history of the last processes samples

[startup+6.40134 s]
/proc/loadavg: 0.52 0.58 0.59 3/13 1945
/proc/meminfo: memFree=11473416/16587228 swapFree=50193848/50331648
Current children cumulated CPU time: 0 s
Current children cumulated vsize: 0 KiB
Current children cumulated memory: 0 KiB

[startup+7.20033 s]
/proc/loadavg: 0.52 0.58 0.59 3/13 1945
/proc/meminfo: memFree=11474172/16587228 swapFree=50193848/50331648
Current children cumulated CPU time: 0 s
Current children cumulated vsize: 0 KiB
Current children cumulated memory: 0 KiB

[startup+7.60048 s]
/proc/loadavg: 0.52 0.58 0.59 3/13 1945
/proc/meminfo: memFree=11474172/16587228 swapFree=50193848/50331648
Current children cumulated CPU time: 0 s
Current children cumulated vsize: 0 KiB
Current children cumulated memory: 0 KiB

[startup+7.7002 s]
/proc/loadavg: 0.52 0.58 0.59 3/13 1945
/proc/meminfo: memFree=11474172/16587228 swapFree=50193848/50331648
Current children cumulated CPU time: 0 s
Current children cumulated vsize: 0 KiB
Current children cumulated memory: 0 KiB

Child ended because it received signal 15 (SIGTERM)
Real time (s): 7.77364
CPU time (s): 7.76562
CPU user time (s): 7.46875
CPU system time (s): 0.296875
CPU usage (%): 99.8969
Max. virtual memory (cumulated for all children) (KiB): 0
Max. memory (cumulated for all children) (KiB): 0

getrusage(RUSAGE_CHILDREN,...) data:
user time used= 7.46875
system time used= 0.296875
maximum resident set size= 13880
integral shared memory size= 0
integral unshared data size= 0
integral unshared stack size= 0
page reclaims= 4189
page faults= 0
swaps= 0
block input operations= 0
block output operations= 0
messages sent= 0
messages received= 0
signals received= 0
voluntary context switches= 0
involuntary context switches= 0


# summary of solver processes directly reported to runsolver:
#   pid: 1943
#   total CPU time (s): 7.76562
#   total CPU user time (s): 7.46875
#   total CPU system time (s): 0.296875

??? end of timestamper thread
runsolver used 0 second user time and 0 second system time

The end
