runsolver version 3.4.0 (svn: 3018) Copyright (C) 2010-2013 Olivier ROUSSEL

This program is distributed in the hope that it will be useful,
but WITHOUT ANY WARRANTY; without even the implied warranty of
MERCHANTABILITY or FITNESS FOR A PARTICULAR PURPOSE.  See the
GNU General Public License for more details.

command line: /home/kunalan/runsolver/src/runsolver -C 1200 -W 1200 --vsize-limit 16384 -w results_nprc/nprc_newground_random_1000_80_watch.log --var results_nprc/nprc_newground_random_1000_80_values.log python3 ../newground2.py ../instances/benchmark_instances/encodings/nprc_newground.lp ../instances/benchmark_instances/graphs/random_1000_80.lp 

running on 8 cores: 0-7

Enforcing CPUTime limit (soft limit, will send SIGTERM then SIGKILL): 1200 seconds
Enforcing CPUTime limit (hard limit, will send SIGXCPU): 1230 seconds
Enforcing wall clock limit (soft limit, will send SIGTERM then SIGKILL): 1200 seconds
Enforcing VSIZE limit (soft limit, will send SIGTERM then SIGKILL): 16777216 KiB
Enforcing VSIZE limit (hard limit, stack expansion will fail with SIGSEGV, brk() and mmap() will return ENOMEM): 16828416 KiB
Linux 4.4.0-22000-Microsoft
solver pid=3381, runsolver pid=3379
Current StackSize limit: 8192 KiB


[startup+0.100543 s]*
/proc/loadavg: 0.52 0.58 0.59 2/13 3382
/proc/meminfo: memFree=11532224/16587228 swapFree=50197268/50331648
Current children cumulated CPU time: 0 s
Current children cumulated vsize: 0 KiB
Current children cumulated memory: 0 KiB

[startup+0.201236 s]*
/proc/loadavg: 0.52 0.58 0.59 2/13 3382
/proc/meminfo: memFree=11517396/16587228 swapFree=50197268/50331648
Current children cumulated CPU time: 0 s
Current children cumulated vsize: 0 KiB
Current children cumulated memory: 0 KiB

[startup+0.301072 s]*
/proc/loadavg: 0.52 0.58 0.59 2/13 3382
/proc/meminfo: memFree=11512164/16587228 swapFree=50197268/50331648
Current children cumulated CPU time: 0 s
Current children cumulated vsize: 0 KiB
Current children cumulated memory: 0 KiB

[startup+0.70055 s]
/proc/loadavg: 0.52 0.58 0.59 2/13 3382
/proc/meminfo: memFree=11506628/16587228 swapFree=50197268/50331648
Current children cumulated CPU time: 0 s
Current children cumulated vsize: 0 KiB
Current children cumulated memory: 0 KiB

[startup+1.50036 s]
/proc/loadavg: 0.52 0.58 0.59 2/13 3382
/proc/meminfo: memFree=11508708/16587228 swapFree=50197268/50331648
Current children cumulated CPU time: 0 s
Current children cumulated vsize: 0 KiB
Current children cumulated memory: 0 KiB

[startup+3.10097 s]
/proc/loadavg: 0.52 0.58 0.59 2/13 3382
/proc/meminfo: memFree=11505376/16587228 swapFree=50197268/50331648
Current children cumulated CPU time: 0 s
Current children cumulated vsize: 0 KiB
Current children cumulated memory: 0 KiB
heavy processes:

[startup+6.30058 s]
/proc/loadavg: 0.52 0.58 0.59 2/13 3382
/proc/meminfo: memFree=11505340/16587228 swapFree=50197268/50331648
Current children cumulated CPU time: 0 s
Current children cumulated vsize: 0 KiB
Current children cumulated memory: 0 KiB
heavy processes:

[startup+12.7005 s]
/proc/loadavg: 0.52 0.58 0.59 2/13 3382
/proc/meminfo: memFree=11504848/16587228 swapFree=50197268/50331648
Current children cumulated CPU time: 0 s
Current children cumulated vsize: 0 KiB
Current children cumulated memory: 0 KiB
heavy processes:

[startup+25.5003 s]
/proc/loadavg: 0.52 0.58 0.59 2/13 3382
/proc/meminfo: memFree=11506136/16587228 swapFree=50197268/50331648
Current children cumulated CPU time: 0 s
Current children cumulated vsize: 0 KiB
Current children cumulated memory: 0 KiB
heavy processes:

[startup+51.1044 s]
/proc/loadavg: 0.52 0.58 0.59 2/13 3382
/proc/meminfo: memFree=11492032/16587228 swapFree=50197268/50331648
Current children cumulated CPU time: 0 s
Current children cumulated vsize: 0 KiB
Current children cumulated memory: 0 KiB
heavy processes:

[startup+102.3 s]
/proc/loadavg: 0.52 0.58 0.59 2/13 3382
/proc/meminfo: memFree=11535520/16587228 swapFree=50197268/50331648
Current children cumulated CPU time: 0 s
Current children cumulated vsize: 0 KiB
Current children cumulated memory: 0 KiB
heavy processes:

[startup+162.301 s]
/proc/loadavg: 0.52 0.58 0.59 2/13 3382
/proc/meminfo: memFree=11551888/16587228 swapFree=50197268/50331648
Current children cumulated CPU time: 0 s
Current children cumulated vsize: 0 KiB
Current children cumulated memory: 0 KiB
heavy processes:

[startup+222.3 s]
/proc/loadavg: 0.52 0.58 0.59 2/13 3382
/proc/meminfo: memFree=11506372/16587228 swapFree=50197268/50331648
Current children cumulated CPU time: 0 s
Current children cumulated vsize: 0 KiB
Current children cumulated memory: 0 KiB
heavy processes:

[startup+271.01 s]
# the end of solver process 3381 was just reported to runsolver
# cumulated CPU time of all completed processes:  user=270.344 s, system=0.59375 s

Solver just ended.
??? end of watcher thread
Dumping a history of the last processes samples

[startup+230.4 s]
/proc/loadavg: 0.52 0.58 0.59 2/13 3382
/proc/meminfo: memFree=11496388/16587228 swapFree=50197268/50331648
Current children cumulated CPU time: 0 s
Current children cumulated vsize: 0 KiB
Current children cumulated memory: 0 KiB

[startup+256 s]*
/proc/loadavg: 0.52 0.58 0.59 2/13 3382
/proc/meminfo: memFree=11405016/16587228 swapFree=50197268/50331648
Current children cumulated CPU time: 0 s
Current children cumulated vsize: 0 KiB
Current children cumulated memory: 0 KiB

[startup+262.4 s]
/proc/loadavg: 0.52 0.58 0.59 2/13 3382
/proc/meminfo: memFree=11404980/16587228 swapFree=50197268/50331648
Current children cumulated CPU time: 0 s
Current children cumulated vsize: 0 KiB
Current children cumulated memory: 0 KiB

[startup+265.601 s]
/proc/loadavg: 0.52 0.58 0.59 3/13 3382
/proc/meminfo: memFree=11405092/16587228 swapFree=50197268/50331648
Current children cumulated CPU time: 0 s
Current children cumulated vsize: 0 KiB
Current children cumulated memory: 0 KiB

[startup+268.8 s]
/proc/loadavg: 0.52 0.58 0.59 2/13 3382
/proc/meminfo: memFree=11405200/16587228 swapFree=50197268/50331648
Current children cumulated CPU time: 0 s
Current children cumulated vsize: 0 KiB
Current children cumulated memory: 0 KiB

[startup+270.4 s]
/proc/loadavg: 0.52 0.58 0.59 2/13 3382
/proc/meminfo: memFree=11405292/16587228 swapFree=50197268/50331648
Current children cumulated CPU time: 0 s
Current children cumulated vsize: 0 KiB
Current children cumulated memory: 0 KiB

[startup+270.8 s]
/proc/loadavg: 0.52 0.58 0.59 2/13 3382
/proc/meminfo: memFree=11405292/16587228 swapFree=50197268/50331648
Current children cumulated CPU time: 0 s
Current children cumulated vsize: 0 KiB
Current children cumulated memory: 0 KiB

[startup+271.001 s]*
/proc/loadavg: 0.52 0.58 0.59 2/13 3382
/proc/meminfo: memFree=11552156/16587228 swapFree=50197268/50331648
Current children cumulated CPU time: 0 s
Current children cumulated vsize: 0 KiB
Current children cumulated memory: 0 KiB

Child status: 0
Real time (s): 271.01
CPU time (s): 270.938
CPU user time (s): 270.344
CPU system time (s): 0.59375
CPU usage (%): 99.9732
Max. virtual memory (cumulated for all children) (KiB): 0
Max. memory (cumulated for all children) (KiB): 0

getrusage(RUSAGE_CHILDREN,...) data:
user time used= 270.344
system time used= 0.59375
maximum resident set size= 294292
integral shared memory size= 0
integral unshared data size= 0
integral unshared stack size= 0
page reclaims= 97085
page faults= 0
swaps= 0
block input operations= 0
block output operations= 0
messages sent= 0
messages received= 0
signals received= 0
voluntary context switches= 0
involuntary context switches= 0


# summary of solver processes directly reported to runsolver:
#   pid: 3381
#   total CPU time (s): 270.938
#   total CPU user time (s): 270.344
#   total CPU system time (s): 0.59375

??? end of timestamper thread
runsolver used 0 second user time and 0 second system time

The end
