runsolver version 3.4.0 (svn: 3018) Copyright (C) 2010-2013 Olivier ROUSSEL

This program is distributed in the hope that it will be useful,
but WITHOUT ANY WARRANTY; without even the implied warranty of
MERCHANTABILITY or FITNESS FOR A PARTICULAR PURPOSE.  See the
GNU General Public License for more details.

command line: /home/kunalan/runsolver/src/runsolver -C 1200 -W 1200 --vsize-limit 16384 -w results_nprc/nprc_newground_random_1000_70_watch.log --var results_nprc/nprc_newground_random_1000_70_values.log python3 ../newground2.py ../instances/benchmark_instances/encodings/nprc_newground.lp ../instances/benchmark_instances/graphs/random_1000_70.lp 

running on 8 cores: 0-7

Enforcing CPUTime limit (soft limit, will send SIGTERM then SIGKILL): 1200 seconds
Enforcing CPUTime limit (hard limit, will send SIGXCPU): 1230 seconds
Enforcing wall clock limit (soft limit, will send SIGTERM then SIGKILL): 1200 seconds
Enforcing VSIZE limit (soft limit, will send SIGTERM then SIGKILL): 16777216 KiB
Enforcing VSIZE limit (hard limit, stack expansion will fail with SIGSEGV, brk() and mmap() will return ENOMEM): 16828416 KiB
Linux 4.4.0-22000-Microsoft
Current StackSize limit: 8192 KiB
solver pid=3376, runsolver pid=3374


[startup+0.10046 s]*
/proc/loadavg: 0.52 0.58 0.59 2/13 3377
/proc/meminfo: memFree=11546000/16587228 swapFree=50197268/50331648
Current children cumulated CPU time: 0 s
Current children cumulated vsize: 0 KiB
Current children cumulated memory: 0 KiB

[startup+0.201153 s]*
/proc/loadavg: 0.52 0.58 0.59 2/13 3377
/proc/meminfo: memFree=11530980/16587228 swapFree=50197268/50331648
Current children cumulated CPU time: 0 s
Current children cumulated vsize: 0 KiB
Current children cumulated memory: 0 KiB

[startup+0.300769 s]*
/proc/loadavg: 0.52 0.58 0.59 2/13 3377
/proc/meminfo: memFree=11522852/16587228 swapFree=50197268/50331648
Current children cumulated CPU time: 0 s
Current children cumulated vsize: 0 KiB
Current children cumulated memory: 0 KiB

[startup+0.700296 s]
/proc/loadavg: 0.52 0.58 0.59 2/13 3377
/proc/meminfo: memFree=11520340/16587228 swapFree=50197268/50331648
Current children cumulated CPU time: 0 s
Current children cumulated vsize: 0 KiB
Current children cumulated memory: 0 KiB

[startup+1.50054 s]
/proc/loadavg: 0.52 0.58 0.59 2/13 3377
/proc/meminfo: memFree=11521464/16587228 swapFree=50197268/50331648
Current children cumulated CPU time: 0 s
Current children cumulated vsize: 0 KiB
Current children cumulated memory: 0 KiB

[startup+3.10109 s]
/proc/loadavg: 0.52 0.58 0.59 2/13 3377
/proc/meminfo: memFree=11521660/16587228 swapFree=50197268/50331648
Current children cumulated CPU time: 0 s
Current children cumulated vsize: 0 KiB
Current children cumulated memory: 0 KiB
heavy processes:

[startup+6.30051 s]
/proc/loadavg: 0.52 0.58 0.59 2/13 3377
/proc/meminfo: memFree=11520840/16587228 swapFree=50197268/50331648
Current children cumulated CPU time: 0 s
Current children cumulated vsize: 0 KiB
Current children cumulated memory: 0 KiB
heavy processes:

[startup+12.7005 s]
/proc/loadavg: 0.52 0.58 0.59 2/13 3377
/proc/meminfo: memFree=11526232/16587228 swapFree=50197268/50331648
Current children cumulated CPU time: 0 s
Current children cumulated vsize: 0 KiB
Current children cumulated memory: 0 KiB
heavy processes:

[startup+25.5003 s]
/proc/loadavg: 0.52 0.58 0.59 2/13 3377
/proc/meminfo: memFree=11520732/16587228 swapFree=50197268/50331648
Current children cumulated CPU time: 0 s
Current children cumulated vsize: 0 KiB
Current children cumulated memory: 0 KiB
heavy processes:

[startup+51.1012 s]
/proc/loadavg: 0.52 0.58 0.59 2/13 3377
/proc/meminfo: memFree=11509768/16587228 swapFree=50197268/50331648
Current children cumulated CPU time: 0 s
Current children cumulated vsize: 0 KiB
Current children cumulated memory: 0 KiB
heavy processes:

[startup+102.301 s]
/proc/loadavg: 0.52 0.58 0.59 2/13 3377
/proc/meminfo: memFree=11465984/16587228 swapFree=50197268/50331648
Current children cumulated CPU time: 0 s
Current children cumulated vsize: 0 KiB
Current children cumulated memory: 0 KiB
heavy processes:

[startup+162.3 s]
/proc/loadavg: 0.52 0.58 0.59 2/13 3377
/proc/meminfo: memFree=11444360/16587228 swapFree=50197268/50331648
Current children cumulated CPU time: 0 s
Current children cumulated vsize: 0 KiB
Current children cumulated memory: 0 KiB
heavy processes:

[startup+222.3 s]
/proc/loadavg: 0.52 0.58 0.59 2/13 3377
/proc/meminfo: memFree=11312560/16587228 swapFree=50197268/50331648
Current children cumulated CPU time: 0 s
Current children cumulated vsize: 0 KiB
Current children cumulated memory: 0 KiB
heavy processes:

[startup+241.045 s]
# the end of solver process 3376 was just reported to runsolver
# cumulated CPU time of all completed processes:  user=240.344 s, system=0.59375 s

Solver just ended.
??? end of watcher thread
Dumping a history of the last processes samples

[startup+230.401 s]
/proc/loadavg: 0.52 0.58 0.59 2/13 3377
/proc/meminfo: memFree=11320824/16587228 swapFree=50197268/50331648
Current children cumulated CPU time: 0 s
Current children cumulated vsize: 0 KiB
Current children cumulated memory: 0 KiB

[startup+236.801 s]
/proc/loadavg: 0.52 0.58 0.59 2/13 3377
/proc/meminfo: memFree=11312540/16587228 swapFree=50197268/50331648
Current children cumulated CPU time: 0 s
Current children cumulated vsize: 0 KiB
Current children cumulated memory: 0 KiB

[startup+238.4 s]
/proc/loadavg: 0.52 0.58 0.59 2/13 3377
/proc/meminfo: memFree=11312548/16587228 swapFree=50197268/50331648
Current children cumulated CPU time: 0 s
Current children cumulated vsize: 0 KiB
Current children cumulated memory: 0 KiB

[startup+240 s]*
/proc/loadavg: 0.52 0.58 0.59 2/13 3377
/proc/meminfo: memFree=11312640/16587228 swapFree=50197268/50331648
Current children cumulated CPU time: 0 s
Current children cumulated vsize: 0 KiB
Current children cumulated memory: 0 KiB

[startup+240.8 s]
/proc/loadavg: 0.52 0.58 0.59 2/13 3377
/proc/meminfo: memFree=11312640/16587228 swapFree=50197268/50331648
Current children cumulated CPU time: 0 s
Current children cumulated vsize: 0 KiB
Current children cumulated memory: 0 KiB

[startup+241 s]*
/proc/loadavg: 0.52 0.58 0.59 2/13 3377
/proc/meminfo: memFree=11453484/16587228 swapFree=50197268/50331648
Current children cumulated CPU time: 0 s
Current children cumulated vsize: 0 KiB
Current children cumulated memory: 0 KiB

Child status: 0
Real time (s): 241.045
CPU time (s): 240.938
CPU user time (s): 240.344
CPU system time (s): 0.59375
CPU usage (%): 99.9553
Max. virtual memory (cumulated for all children) (KiB): 0
Max. memory (cumulated for all children) (KiB): 0

getrusage(RUSAGE_CHILDREN,...) data:
user time used= 240.344
system time used= 0.59375
maximum resident set size= 287512
integral shared memory size= 0
integral unshared data size= 0
integral unshared stack size= 0
page reclaims= 95342
page faults= 0
swaps= 0
block input operations= 0
block output operations= 0
messages sent= 0
messages received= 0
signals received= 0
voluntary context switches= 0
involuntary context switches= 0


# summary of solver processes directly reported to runsolver:
#   pid: 3376
#   total CPU time (s): 240.938
#   total CPU user time (s): 240.344
#   total CPU system time (s): 0.59375

??? end of timestamper thread
runsolver used 0 second user time and 0.015625 second system time

The end
