runsolver version 3.4.0 (svn: 3018) Copyright (C) 2010-2013 Olivier ROUSSEL

This program is distributed in the hope that it will be useful,
but WITHOUT ANY WARRANTY; without even the implied warranty of
MERCHANTABILITY or FITNESS FOR A PARTICULAR PURPOSE.  See the
GNU General Public License for more details.

command line: /home/kunalan/runsolver/src/runsolver -C 1200 -W 1200 --vsize-limit 16384 -w results_nprc/nprc_newground_random_800_60_watch.log --var results_nprc/nprc_newground_random_800_60_values.log python3 ../newground2.py ../instances/benchmark_instances/encodings/nprc_newground.lp ../instances/benchmark_instances/graphs/random_800_60.lp 

running on 8 cores: 0-7

Enforcing CPUTime limit (soft limit, will send SIGTERM then SIGKILL): 1200 seconds
Enforcing CPUTime limit (hard limit, will send SIGXCPU): 1230 seconds
Enforcing wall clock limit (soft limit, will send SIGTERM then SIGKILL): 1200 seconds
Enforcing VSIZE limit (soft limit, will send SIGTERM then SIGKILL): 16777216 KiB
Enforcing VSIZE limit (hard limit, stack expansion will fail with SIGSEGV, brk() and mmap() will return ENOMEM): 16828416 KiB
Linux 4.4.0-22000-Microsoft
solver pid=3250, runsolver pid=3248
Current StackSize limit: 8192 KiB


[startup+0.100397 s]*
/proc/loadavg: 0.52 0.58 0.59 2/13 3251
/proc/meminfo: memFree=11648420/16587228 swapFree=50195296/50331648
Current children cumulated CPU time: 0 s
Current children cumulated vsize: 0 KiB
Current children cumulated memory: 0 KiB

[startup+0.201178 s]*
/proc/loadavg: 0.52 0.58 0.59 2/13 3251
/proc/meminfo: memFree=11640852/16587228 swapFree=50195296/50331648
Current children cumulated CPU time: 0 s
Current children cumulated vsize: 0 KiB
Current children cumulated memory: 0 KiB

[startup+0.30114 s]*
/proc/loadavg: 0.52 0.58 0.59 2/13 3251
/proc/meminfo: memFree=11631836/16587228 swapFree=50195296/50331648
Current children cumulated CPU time: 0 s
Current children cumulated vsize: 0 KiB
Current children cumulated memory: 0 KiB

[startup+0.700247 s]
/proc/loadavg: 0.52 0.58 0.59 2/13 3251
/proc/meminfo: memFree=11631688/16587228 swapFree=50195296/50331648
Current children cumulated CPU time: 0 s
Current children cumulated vsize: 0 KiB
Current children cumulated memory: 0 KiB

[startup+1.50018 s]
/proc/loadavg: 0.52 0.58 0.59 2/13 3251
/proc/meminfo: memFree=11629712/16587228 swapFree=50195296/50331648
Current children cumulated CPU time: 0 s
Current children cumulated vsize: 0 KiB
Current children cumulated memory: 0 KiB

[startup+3.10124 s]
/proc/loadavg: 0.52 0.58 0.59 2/13 3251
/proc/meminfo: memFree=11628880/16587228 swapFree=50195296/50331648
Current children cumulated CPU time: 0 s
Current children cumulated vsize: 0 KiB
Current children cumulated memory: 0 KiB
heavy processes:

[startup+6.30049 s]
/proc/loadavg: 0.52 0.58 0.59 2/13 3251
/proc/meminfo: memFree=11628660/16587228 swapFree=50195296/50331648
Current children cumulated CPU time: 0 s
Current children cumulated vsize: 0 KiB
Current children cumulated memory: 0 KiB
heavy processes:

[startup+12.7004 s]
/proc/loadavg: 0.52 0.58 0.59 2/13 3251
/proc/meminfo: memFree=11627936/16587228 swapFree=50195296/50331648
Current children cumulated CPU time: 0 s
Current children cumulated vsize: 0 KiB
Current children cumulated memory: 0 KiB
heavy processes:

[startup+25.5001 s]
/proc/loadavg: 0.52 0.58 0.59 2/13 3251
/proc/meminfo: memFree=11624888/16587228 swapFree=50195296/50331648
Current children cumulated CPU time: 0 s
Current children cumulated vsize: 0 KiB
Current children cumulated memory: 0 KiB
heavy processes:

[startup+51.1012 s]
/proc/loadavg: 0.52 0.58 0.59 2/13 3251
/proc/meminfo: memFree=11612740/16587228 swapFree=50195296/50331648
Current children cumulated CPU time: 0 s
Current children cumulated vsize: 0 KiB
Current children cumulated memory: 0 KiB
heavy processes:

[startup+102.301 s]
/proc/loadavg: 0.52 0.58 0.59 2/13 3251
/proc/meminfo: memFree=11623180/16587228 swapFree=50195300/50331648
Current children cumulated CPU time: 0 s
Current children cumulated vsize: 0 KiB
Current children cumulated memory: 0 KiB
heavy processes:

[startup+131.465 s]
# the end of solver process 3250 was just reported to runsolver
# cumulated CPU time of all completed processes:  user=131.031 s, system=0.359375 s

Solver just ended.
??? end of watcher thread
Dumping a history of the last processes samples

[startup+102.401 s]
/proc/loadavg: 0.52 0.58 0.59 2/13 3251
/proc/meminfo: memFree=11623108/16587228 swapFree=50195300/50331648
Current children cumulated CPU time: 0 s
Current children cumulated vsize: 0 KiB
Current children cumulated memory: 0 KiB

[startup+115.201 s]
/proc/loadavg: 0.52 0.58 0.59 2/13 3251
/proc/meminfo: memFree=11534896/16587228 swapFree=50195300/50331648
Current children cumulated CPU time: 0 s
Current children cumulated vsize: 0 KiB
Current children cumulated memory: 0 KiB

[startup+121.6 s]
/proc/loadavg: 0.52 0.58 0.59 2/13 3251
/proc/meminfo: memFree=11521016/16587228 swapFree=50195300/50331648
Current children cumulated CPU time: 0 s
Current children cumulated vsize: 0 KiB
Current children cumulated memory: 0 KiB

[startup+128 s]*
/proc/loadavg: 0.52 0.58 0.59 2/13 3251
/proc/meminfo: memFree=11520460/16587228 swapFree=50195300/50331648
Current children cumulated CPU time: 0 s
Current children cumulated vsize: 0 KiB
Current children cumulated memory: 0 KiB

[startup+129.601 s]
/proc/loadavg: 0.52 0.58 0.59 3/13 3251
/proc/meminfo: memFree=11520476/16587228 swapFree=50195300/50331648
Current children cumulated CPU time: 0 s
Current children cumulated vsize: 0 KiB
Current children cumulated memory: 0 KiB

[startup+130.4 s]
/proc/loadavg: 0.52 0.58 0.59 2/13 3251
/proc/meminfo: memFree=11520532/16587228 swapFree=50195300/50331648
Current children cumulated CPU time: 0 s
Current children cumulated vsize: 0 KiB
Current children cumulated memory: 0 KiB

[startup+131.201 s]
/proc/loadavg: 0.52 0.58 0.59 2/13 3251
/proc/meminfo: memFree=11520588/16587228 swapFree=50195300/50331648
Current children cumulated CPU time: 0 s
Current children cumulated vsize: 0 KiB
Current children cumulated memory: 0 KiB

[startup+131.401 s]
/proc/loadavg: 0.52 0.58 0.59 2/13 3251
/proc/meminfo: memFree=11520588/16587228 swapFree=50195300/50331648
Current children cumulated CPU time: 0 s
Current children cumulated vsize: 0 KiB
Current children cumulated memory: 0 KiB

Child status: 0
Real time (s): 131.465
CPU time (s): 131.391
CPU user time (s): 131.031
CPU system time (s): 0.359375
CPU usage (%): 99.9432
Max. virtual memory (cumulated for all children) (KiB): 0
Max. memory (cumulated for all children) (KiB): 0

getrusage(RUSAGE_CHILDREN,...) data:
user time used= 131.031
system time used= 0.359375
maximum resident set size= 177876
integral shared memory size= 0
integral unshared data size= 0
integral unshared stack size= 0
page reclaims= 58174
page faults= 0
swaps= 0
block input operations= 0
block output operations= 0
messages sent= 0
messages received= 0
signals received= 0
voluntary context switches= 0
involuntary context switches= 0


# summary of solver processes directly reported to runsolver:
#   pid: 3250
#   total CPU time (s): 131.391
#   total CPU user time (s): 131.031
#   total CPU system time (s): 0.359375

??? end of timestamper thread
runsolver used 0.015625 second user time and 0 second system time

The end
