runsolver version 3.4.0 (svn: 3018) Copyright (C) 2010-2013 Olivier ROUSSEL

This program is distributed in the hope that it will be useful,
but WITHOUT ANY WARRANTY; without even the implied warranty of
MERCHANTABILITY or FITNESS FOR A PARTICULAR PURPOSE.  See the
GNU General Public License for more details.

command line: /home/kunalan/runsolver/src/runsolver -C 1200 -W 1200 --vsize-limit 16384 -w results_nprc/nprc_newground_random_200_80_watch.log --var results_nprc/nprc_newground_random_200_80_values.log python3 ../newground2.py ../instances/benchmark_instances/encodings/nprc_newground.lp ../instances/benchmark_instances/graphs/random_200_80.lp 

running on 8 cores: 0-7

Enforcing CPUTime limit (soft limit, will send SIGTERM then SIGKILL): 1200 seconds
Enforcing CPUTime limit (hard limit, will send SIGXCPU): 1230 seconds
Enforcing wall clock limit (soft limit, will send SIGTERM then SIGKILL): 1200 seconds
Enforcing VSIZE limit (soft limit, will send SIGTERM then SIGKILL): 16777216 KiB
Enforcing VSIZE limit (hard limit, stack expansion will fail with SIGSEGV, brk() and mmap() will return ENOMEM): 16828416 KiB
Linux 4.4.0-22000-Microsoft
solver pid=934, runsolver pid=932
Current StackSize limit: 8192 KiB


[startup+0.100515 s]*
/proc/loadavg: 0.52 0.58 0.59 2/13 935
/proc/meminfo: memFree=12178944/16587228 swapFree=50167072/50331648
Current children cumulated CPU time: 0 s
Current children cumulated vsize: 0 KiB
Current children cumulated memory: 0 KiB

[startup+0.20114 s]*
/proc/loadavg: 0.52 0.58 0.59 2/13 935
/proc/meminfo: memFree=12176216/16587228 swapFree=50167072/50331648
Current children cumulated CPU time: 0 s
Current children cumulated vsize: 0 KiB
Current children cumulated memory: 0 KiB

[startup+0.301101 s]*
/proc/loadavg: 0.52 0.58 0.59 2/13 935
/proc/meminfo: memFree=12163800/16587228 swapFree=50167072/50331648
Current children cumulated CPU time: 0 s
Current children cumulated vsize: 0 KiB
Current children cumulated memory: 0 KiB

[startup+0.700503 s]
/proc/loadavg: 0.52 0.58 0.59 2/13 935
/proc/meminfo: memFree=12163580/16587228 swapFree=50167072/50331648
Current children cumulated CPU time: 0 s
Current children cumulated vsize: 0 KiB
Current children cumulated memory: 0 KiB

[startup+1.50012 s]
/proc/loadavg: 0.52 0.58 0.59 2/13 935
/proc/meminfo: memFree=12155748/16587228 swapFree=50167072/50331648
Current children cumulated CPU time: 0 s
Current children cumulated vsize: 0 KiB
Current children cumulated memory: 0 KiB

[startup+3.10109 s]
/proc/loadavg: 0.52 0.58 0.59 2/13 935
/proc/meminfo: memFree=12161792/16587228 swapFree=50167072/50331648
Current children cumulated CPU time: 0 s
Current children cumulated vsize: 0 KiB
Current children cumulated memory: 0 KiB
heavy processes:

[startup+6.30007 s]
/proc/loadavg: 0.52 0.58 0.59 2/13 935
/proc/meminfo: memFree=12161772/16587228 swapFree=50167072/50331648
Current children cumulated CPU time: 0 s
Current children cumulated vsize: 0 KiB
Current children cumulated memory: 0 KiB
heavy processes:

[startup+10.8379 s]
# the end of solver process 934 was just reported to runsolver
# cumulated CPU time of all completed processes:  user=10.7031 s, system=0.09375 s

Solver just ended.
??? end of watcher thread
Dumping a history of the last processes samples

[startup+6.40122 s]
/proc/loadavg: 0.52 0.58 0.59 2/13 935
/proc/meminfo: memFree=12161788/16587228 swapFree=50167072/50331648
Current children cumulated CPU time: 0 s
Current children cumulated vsize: 0 KiB
Current children cumulated memory: 0 KiB

[startup+8.00043 s]*
/proc/loadavg: 0.52 0.58 0.59 2/13 935
/proc/meminfo: memFree=12161600/16587228 swapFree=50167072/50331648
Current children cumulated CPU time: 0 s
Current children cumulated vsize: 0 KiB
Current children cumulated memory: 0 KiB

[startup+9.60024 s]
/proc/loadavg: 0.52 0.58 0.59 2/13 935
/proc/meminfo: memFree=12161644/16587228 swapFree=50167072/50331648
Current children cumulated CPU time: 0 s
Current children cumulated vsize: 0 KiB
Current children cumulated memory: 0 KiB

[startup+10.4004 s]
/proc/loadavg: 0.52 0.58 0.59 2/13 935
/proc/meminfo: memFree=12161916/16587228 swapFree=50167072/50331648
Current children cumulated CPU time: 0 s
Current children cumulated vsize: 0 KiB
Current children cumulated memory: 0 KiB

[startup+10.8002 s]
/proc/loadavg: 0.52 0.58 0.59 2/13 935
/proc/meminfo: memFree=12161916/16587228 swapFree=50167072/50331648
Current children cumulated CPU time: 0 s
Current children cumulated vsize: 0 KiB
Current children cumulated memory: 0 KiB

Child status: 0
Real time (s): 10.838
CPU time (s): 10.7969
CPU user time (s): 10.7031
CPU system time (s): 0.09375
CPU usage (%): 99.6207
Max. virtual memory (cumulated for all children) (KiB): 0
Max. memory (cumulated for all children) (KiB): 0

getrusage(RUSAGE_CHILDREN,...) data:
user time used= 10.7031
system time used= 0.09375
maximum resident set size= 36452
integral shared memory size= 0
integral unshared data size= 0
integral unshared stack size= 0
page reclaims= 9611
page faults= 0
swaps= 0
block input operations= 0
block output operations= 0
messages sent= 0
messages received= 0
signals received= 0
voluntary context switches= 0
involuntary context switches= 0


# summary of solver processes directly reported to runsolver:
#   pid: 934
#   total CPU time (s): 10.7969
#   total CPU user time (s): 10.7031
#   total CPU system time (s): 0.09375

??? end of timestamper thread
runsolver used 0 second user time and 0.015625 second system time

The end
