runsolver version 3.4.0 (svn: 3018) Copyright (C) 2010-2013 Olivier ROUSSEL

This program is distributed in the hope that it will be useful,
but WITHOUT ANY WARRANTY; without even the implied warranty of
MERCHANTABILITY or FITNESS FOR A PARTICULAR PURPOSE.  See the
GNU General Public License for more details.

command line: /home/kunalan/runsolver/src/runsolver -C 1200 -W 1200 --vsize-limit 16384 -w results_nprc/nprc_gringo_random_100_90_watch.log --var results_nprc/nprc_gringo_random_100_90_values.log gringo --verbose=2 --output text ../instances/benchmark_instances/encodings/nprc_gringo.lp ../instances/benchmark_instances/graphs/random_100_90.lp 

running on 8 cores: 0-7

Enforcing CPUTime limit (soft limit, will send SIGTERM then SIGKILL): 1200 seconds
Enforcing CPUTime limit (hard limit, will send SIGXCPU): 1230 seconds
Enforcing wall clock limit (soft limit, will send SIGTERM then SIGKILL): 1200 seconds
Enforcing VSIZE limit (soft limit, will send SIGTERM then SIGKILL): 16777216 KiB
Enforcing VSIZE limit (hard limit, stack expansion will fail with SIGSEGV, brk() and mmap() will return ENOMEM): 16828416 KiB
Linux 4.4.0-22000-Microsoft
Current StackSize limit: 8192 KiB

solver pid=402, runsolver pid=400

[startup+0.100366 s]*
/proc/loadavg: 0.52 0.58 0.59 2/13 403
/proc/meminfo: memFree=12696256/16587228 swapFree=50077396/50331648
Current children cumulated CPU time: 0 s
Current children cumulated vsize: 0 KiB
Current children cumulated memory: 0 KiB

[startup+0.201104 s]*
/proc/loadavg: 0.52 0.58 0.59 2/13 403
/proc/meminfo: memFree=12696148/16587228 swapFree=50077396/50331648
Current children cumulated CPU time: 0 s
Current children cumulated vsize: 0 KiB
Current children cumulated memory: 0 KiB

[startup+0.301265 s]*
/proc/loadavg: 0.52 0.58 0.59 2/13 403
/proc/meminfo: memFree=12696148/16587228 swapFree=50077396/50331648
Current children cumulated CPU time: 0 s
Current children cumulated vsize: 0 KiB
Current children cumulated memory: 0 KiB

[startup+0.700342 s]
/proc/loadavg: 0.52 0.58 0.59 3/13 403
/proc/meminfo: memFree=12686700/16587228 swapFree=50077396/50331648
Current children cumulated CPU time: 0 s
Current children cumulated vsize: 0 KiB
Current children cumulated memory: 0 KiB

[startup+1.50022 s]
/proc/loadavg: 0.52 0.58 0.59 2/13 403
/proc/meminfo: memFree=12687756/16587228 swapFree=50077396/50331648
Current children cumulated CPU time: 0 s
Current children cumulated vsize: 0 KiB
Current children cumulated memory: 0 KiB

[startup+3.10117 s]
/proc/loadavg: 0.52 0.58 0.59 3/13 403
/proc/meminfo: memFree=12686804/16587228 swapFree=50077396/50331648
Current children cumulated CPU time: 0 s
Current children cumulated vsize: 0 KiB
Current children cumulated memory: 0 KiB
heavy processes:

[startup+6.3005 s]
/proc/loadavg: 0.52 0.58 0.59 3/13 403
/proc/meminfo: memFree=12686800/16587228 swapFree=50077396/50331648
Current children cumulated CPU time: 0 s
Current children cumulated vsize: 0 KiB
Current children cumulated memory: 0 KiB
heavy processes:

[startup+12.7004 s]
/proc/loadavg: 0.52 0.58 0.59 3/13 403
/proc/meminfo: memFree=12694444/16587228 swapFree=50077396/50331648
Current children cumulated CPU time: 0 s
Current children cumulated vsize: 0 KiB
Current children cumulated memory: 0 KiB
heavy processes:

[startup+25.5001 s]
/proc/loadavg: 0.52 0.58 0.59 3/13 404
/proc/meminfo: memFree=12702832/16587228 swapFree=50077396/50331648
Current children cumulated CPU time: 0 s
Current children cumulated vsize: 0 KiB
Current children cumulated memory: 0 KiB
heavy processes:

[startup+51.1008 s]
/proc/loadavg: 0.52 0.58 0.59 2/13 405
/proc/meminfo: memFree=12696264/16587228 swapFree=50077420/50331648
Current children cumulated CPU time: 0 s
Current children cumulated vsize: 0 KiB
Current children cumulated memory: 0 KiB
heavy processes:

[startup+102.301 s]
/proc/loadavg: 0.52 0.58 0.59 2/13 405
/proc/meminfo: memFree=12696980/16587228 swapFree=50077420/50331648
Current children cumulated CPU time: 0 s
Current children cumulated vsize: 0 KiB
Current children cumulated memory: 0 KiB
heavy processes:

[startup+133.483 s]
# the end of solver process 402 was just reported to runsolver
# cumulated CPU time of all completed processes:  user=129.922 s, system=3.35938 s

Solver just ended.
??? end of watcher thread
Dumping a history of the last processes samples

[startup+102.401 s]
/proc/loadavg: 0.52 0.58 0.59 2/13 405
/proc/meminfo: memFree=12696980/16587228 swapFree=50077420/50331648
Current children cumulated CPU time: 0 s
Current children cumulated vsize: 0 KiB
Current children cumulated memory: 0 KiB

[startup+115.2 s]
/proc/loadavg: 0.52 0.58 0.59 2/13 405
/proc/meminfo: memFree=12697168/16587228 swapFree=50077424/50331648
Current children cumulated CPU time: 0 s
Current children cumulated vsize: 0 KiB
Current children cumulated memory: 0 KiB

[startup+121.6 s]
/proc/loadavg: 0.52 0.58 0.59 3/13 405
/proc/meminfo: memFree=12697216/16587228 swapFree=50077424/50331648
Current children cumulated CPU time: 0 s
Current children cumulated vsize: 0 KiB
Current children cumulated memory: 0 KiB

[startup+128.001 s]*
/proc/loadavg: 0.52 0.58 0.59 2/13 406
/proc/meminfo: memFree=12697336/16587228 swapFree=50077424/50331648
Current children cumulated CPU time: 0 s
Current children cumulated vsize: 0 KiB
Current children cumulated memory: 0 KiB

[startup+131.2 s]
/proc/loadavg: 0.52 0.58 0.59 2/13 406
/proc/meminfo: memFree=12697292/16587228 swapFree=50077424/50331648
Current children cumulated CPU time: 0 s
Current children cumulated vsize: 0 KiB
Current children cumulated memory: 0 KiB

[startup+132.8 s]
/proc/loadavg: 0.52 0.58 0.59 3/13 406
/proc/meminfo: memFree=12697356/16587228 swapFree=50077424/50331648
Current children cumulated CPU time: 0 s
Current children cumulated vsize: 0 KiB
Current children cumulated memory: 0 KiB

[startup+133.2 s]
/proc/loadavg: 0.52 0.58 0.59 3/13 406
/proc/meminfo: memFree=12697344/16587228 swapFree=50077424/50331648
Current children cumulated CPU time: 0 s
Current children cumulated vsize: 0 KiB
Current children cumulated memory: 0 KiB

[startup+133.4 s]
/proc/loadavg: 0.52 0.58 0.59 3/13 406
/proc/meminfo: memFree=12697344/16587228 swapFree=50077424/50331648
Current children cumulated CPU time: 0 s
Current children cumulated vsize: 0 KiB
Current children cumulated memory: 0 KiB

Child status: 0
Real time (s): 133.484
CPU time (s): 133.281
CPU user time (s): 129.922
CPU system time (s): 3.35938
CPU usage (%): 99.8484
Max. virtual memory (cumulated for all children) (KiB): 0
Max. memory (cumulated for all children) (KiB): 0

getrusage(RUSAGE_CHILDREN,...) data:
user time used= 129.922
system time used= 3.35938
maximum resident set size= 5580
integral shared memory size= 0
integral unshared data size= 0
integral unshared stack size= 0
page reclaims= 1542
page faults= 0
swaps= 0
block input operations= 0
block output operations= 0
messages sent= 0
messages received= 0
signals received= 0
voluntary context switches= 0
involuntary context switches= 0


# summary of solver processes directly reported to runsolver:
#   pid: 402
#   total CPU time (s): 133.281
#   total CPU user time (s): 129.922
#   total CPU system time (s): 3.35938

??? end of timestamper thread
runsolver used 0 second user time and 0 second system time

The end
