runsolver version 3.4.0 (svn: 3018) Copyright (C) 2010-2013 Olivier ROUSSEL

This program is distributed in the hope that it will be useful,
but WITHOUT ANY WARRANTY; without even the implied warranty of
MERCHANTABILITY or FITNESS FOR A PARTICULAR PURPOSE.  See the
GNU General Public License for more details.

command line: /home/kunalan/runsolver/src/runsolver -C 1200 -W 1200 --vsize-limit 16384 -w results_nprc/nprc_newground_random_300_20_watch.log --var results_nprc/nprc_newground_random_300_20_values.log python3 ../newground2.py ../instances/benchmark_instances/encodings/nprc_newground.lp ../instances/benchmark_instances/graphs/random_300_20.lp 

running on 8 cores: 0-7

Enforcing CPUTime limit (soft limit, will send SIGTERM then SIGKILL): 1200 seconds
Enforcing CPUTime limit (hard limit, will send SIGXCPU): 1230 seconds
Enforcing wall clock limit (soft limit, will send SIGTERM then SIGKILL): 1200 seconds
Enforcing VSIZE limit (soft limit, will send SIGTERM then SIGKILL): 16777216 KiB
Enforcing VSIZE limit (hard limit, stack expansion will fail with SIGSEGV, brk() and mmap() will return ENOMEM): 16828416 KiB
Linux 4.4.0-22000-Microsoft
solver pid=1417, runsolver pid=1415
Current StackSize limit: 8192 KiB


[startup+0.100358 s]*
/proc/loadavg: 0.52 0.58 0.59 2/13 1418
/proc/meminfo: memFree=11668512/16587228 swapFree=50191852/50331648
Current children cumulated CPU time: 0 s
Current children cumulated vsize: 0 KiB
Current children cumulated memory: 0 KiB

[startup+0.201391 s]*
/proc/loadavg: 0.52 0.58 0.59 2/13 1418
/proc/meminfo: memFree=11664624/16587228 swapFree=50191852/50331648
Current children cumulated CPU time: 0 s
Current children cumulated vsize: 0 KiB
Current children cumulated memory: 0 KiB

[startup+0.301105 s]*
/proc/loadavg: 0.52 0.58 0.59 2/13 1418
/proc/meminfo: memFree=11662804/16587228 swapFree=50191852/50331648
Current children cumulated CPU time: 0 s
Current children cumulated vsize: 0 KiB
Current children cumulated memory: 0 KiB

[startup+0.70021 s]
/proc/loadavg: 0.52 0.58 0.59 2/13 1418
/proc/meminfo: memFree=11662788/16587228 swapFree=50191852/50331648
Current children cumulated CPU time: 0 s
Current children cumulated vsize: 0 KiB
Current children cumulated memory: 0 KiB

[startup+1.50031 s]
/proc/loadavg: 0.52 0.58 0.59 2/13 1418
/proc/meminfo: memFree=11670088/16587228 swapFree=50191852/50331648
Current children cumulated CPU time: 0 s
Current children cumulated vsize: 0 KiB
Current children cumulated memory: 0 KiB

[startup+3.1012 s]
/proc/loadavg: 0.52 0.58 0.59 2/13 1418
/proc/meminfo: memFree=11652436/16587228 swapFree=50191852/50331648
Current children cumulated CPU time: 0 s
Current children cumulated vsize: 0 KiB
Current children cumulated memory: 0 KiB
heavy processes:

[startup+6.30016 s]
/proc/loadavg: 0.52 0.58 0.59 2/13 1418
/proc/meminfo: memFree=11654132/16587228 swapFree=50191852/50331648
Current children cumulated CPU time: 0 s
Current children cumulated vsize: 0 KiB
Current children cumulated memory: 0 KiB
heavy processes:

[startup+8.6001 s]
# the end of solver process 1417 was just reported to runsolver
# cumulated CPU time of all completed processes:  user=8.375 s, system=0.1875 s

Solver just ended.
??? end of watcher thread
Dumping a history of the last processes samples

[startup+6.40099 s]
/proc/loadavg: 0.52 0.58 0.59 2/13 1418
/proc/meminfo: memFree=11653472/16587228 swapFree=50191852/50331648
Current children cumulated CPU time: 0 s
Current children cumulated vsize: 0 KiB
Current children cumulated memory: 0 KiB

[startup+7.20054 s]
/proc/loadavg: 0.52 0.58 0.59 2/13 1418
/proc/meminfo: memFree=11653704/16587228 swapFree=50191852/50331648
Current children cumulated CPU time: 0 s
Current children cumulated vsize: 0 KiB
Current children cumulated memory: 0 KiB

[startup+8.00039 s]*
/proc/loadavg: 0.52 0.58 0.59 2/13 1418
/proc/meminfo: memFree=11653252/16587228 swapFree=50191852/50331648
Current children cumulated CPU time: 0 s
Current children cumulated vsize: 0 KiB
Current children cumulated memory: 0 KiB

[startup+8.4003 s]
/proc/loadavg: 0.52 0.58 0.59 2/13 1418
/proc/meminfo: memFree=11653252/16587228 swapFree=50191852/50331648
Current children cumulated CPU time: 0 s
Current children cumulated vsize: 0 KiB
Current children cumulated memory: 0 KiB

[startup+8.50015 s]
/proc/loadavg: 0.52 0.58 0.59 2/13 1418
/proc/meminfo: memFree=11653252/16587228 swapFree=50191852/50331648
Current children cumulated CPU time: 0 s
Current children cumulated vsize: 0 KiB
Current children cumulated memory: 0 KiB

Child status: 0
Real time (s): 8.60018
CPU time (s): 8.5625
CPU user time (s): 8.375
CPU system time (s): 0.1875
CPU usage (%): 99.5619
Max. virtual memory (cumulated for all children) (KiB): 0
Max. memory (cumulated for all children) (KiB): 0

getrusage(RUSAGE_CHILDREN,...) data:
user time used= 8.375
system time used= 0.1875
maximum resident set size= 40428
integral shared memory size= 0
integral unshared data size= 0
integral unshared stack size= 0
page reclaims= 12209
page faults= 0
swaps= 0
block input operations= 0
block output operations= 0
messages sent= 0
messages received= 0
signals received= 0
voluntary context switches= 0
involuntary context switches= 0


# summary of solver processes directly reported to runsolver:
#   pid: 1417
#   total CPU time (s): 8.5625
#   total CPU user time (s): 8.375
#   total CPU system time (s): 0.1875

??? end of timestamper thread
runsolver used 0 second user time and 0 second system time

The end
