runsolver version 3.4.0 (svn: 3018) Copyright (C) 2010-2013 Olivier ROUSSEL

This program is distributed in the hope that it will be useful,
but WITHOUT ANY WARRANTY; without even the implied warranty of
MERCHANTABILITY or FITNESS FOR A PARTICULAR PURPOSE.  See the
GNU General Public License for more details.

command line: /home/kunalan/runsolver/src/runsolver -C 1200 -W 1200 --vsize-limit 16384 -w results_nprc/nprc_gringo_random_500_10_watch.log --var results_nprc/nprc_gringo_random_500_10_values.log gringo --verbose=2 --output text ../instances/benchmark_instances/encodings/nprc_gringo.lp ../instances/benchmark_instances/graphs/random_500_10.lp 

running on 8 cores: 0-7

Enforcing CPUTime limit (soft limit, will send SIGTERM then SIGKILL): 1200 seconds
Enforcing CPUTime limit (hard limit, will send SIGXCPU): 1230 seconds
Enforcing wall clock limit (soft limit, will send SIGTERM then SIGKILL): 1200 seconds
Enforcing VSIZE limit (soft limit, will send SIGTERM then SIGKILL): 16777216 KiB
Enforcing VSIZE limit (hard limit, stack expansion will fail with SIGSEGV, brk() and mmap() will return ENOMEM): 16828416 KiB
Linux 4.4.0-22000-Microsoft
Current StackSize limit: 8192 KiB
solver pid=2415, runsolver pid=2413


[startup+0.100393 s]*
/proc/loadavg: 0.52 0.58 0.59 2/13 2416
/proc/meminfo: memFree=11541840/16587228 swapFree=50193932/50331648
Current children cumulated CPU time: 0 s
Current children cumulated vsize: 0 KiB
Current children cumulated memory: 0 KiB

[startup+0.201239 s]*
/proc/loadavg: 0.52 0.58 0.59 2/13 2416
/proc/meminfo: memFree=11534440/16587228 swapFree=50193932/50331648
Current children cumulated CPU time: 0 s
Current children cumulated vsize: 0 KiB
Current children cumulated memory: 0 KiB

[startup+0.300965 s]*
/proc/loadavg: 0.52 0.58 0.59 2/13 2416
/proc/meminfo: memFree=11535000/16587228 swapFree=50193932/50331648
Current children cumulated CPU time: 0 s
Current children cumulated vsize: 0 KiB
Current children cumulated memory: 0 KiB

[startup+0.700545 s]
/proc/loadavg: 0.52 0.58 0.59 3/13 2416
/proc/meminfo: memFree=11535000/16587228 swapFree=50193932/50331648
Current children cumulated CPU time: 0 s
Current children cumulated vsize: 0 KiB
Current children cumulated memory: 0 KiB

[startup+1.50026 s]
/proc/loadavg: 0.52 0.58 0.59 3/13 2416
/proc/meminfo: memFree=11538056/16587228 swapFree=50193932/50331648
Current children cumulated CPU time: 0 s
Current children cumulated vsize: 0 KiB
Current children cumulated memory: 0 KiB

[startup+3.10115 s]
/proc/loadavg: 0.52 0.58 0.59 2/13 2416
/proc/meminfo: memFree=11541024/16587228 swapFree=50193932/50331648
Current children cumulated CPU time: 0 s
Current children cumulated vsize: 0 KiB
Current children cumulated memory: 0 KiB
heavy processes:

[startup+6.30009 s]
/proc/loadavg: 0.52 0.58 0.59 3/13 2416
/proc/meminfo: memFree=11535708/16587228 swapFree=50193932/50331648
Current children cumulated CPU time: 0 s
Current children cumulated vsize: 0 KiB
Current children cumulated memory: 0 KiB
heavy processes:

[startup+12.7001 s]
/proc/loadavg: 0.52 0.58 0.59 2/13 2416
/proc/meminfo: memFree=11535560/16587228 swapFree=50193932/50331648
Current children cumulated CPU time: 0 s
Current children cumulated vsize: 0 KiB
Current children cumulated memory: 0 KiB
heavy processes:

[startup+25.5002 s]
/proc/loadavg: 0.52 0.58 0.59 2/13 2416
/proc/meminfo: memFree=11520744/16587228 swapFree=50193932/50331648
Current children cumulated CPU time: 0 s
Current children cumulated vsize: 0 KiB
Current children cumulated memory: 0 KiB
heavy processes:

[startup+51.1012 s]
/proc/loadavg: 0.52 0.58 0.59 3/13 2416
/proc/meminfo: memFree=11518376/16587228 swapFree=50193932/50331648
Current children cumulated CPU time: 0 s
Current children cumulated vsize: 0 KiB
Current children cumulated memory: 0 KiB
heavy processes:

[startup+99.7856 s]
# the end of solver process 2415 was just reported to runsolver
# cumulated CPU time of all completed processes:  user=96.75 s, system=2.95312 s

Solver just ended.
??? end of watcher thread
Dumping a history of the last processes samples

[startup+51.2009 s]
/proc/loadavg: 0.52 0.58 0.59 3/13 2416
/proc/meminfo: memFree=11518376/16587228 swapFree=50193932/50331648
Current children cumulated CPU time: 0 s
Current children cumulated vsize: 0 KiB
Current children cumulated memory: 0 KiB

[startup+76.8006 s]
/proc/loadavg: 0.52 0.58 0.59 2/13 2416
/proc/meminfo: memFree=11514472/16587228 swapFree=50193932/50331648
Current children cumulated CPU time: 0 s
Current children cumulated vsize: 0 KiB
Current children cumulated memory: 0 KiB

[startup+89.6003 s]
/proc/loadavg: 0.52 0.58 0.59 3/13 2418
/proc/meminfo: memFree=11515344/16587228 swapFree=50193932/50331648
Current children cumulated CPU time: 0 s
Current children cumulated vsize: 0 KiB
Current children cumulated memory: 0 KiB

[startup+96.0001 s]*
/proc/loadavg: 0.52 0.58 0.59 3/13 2419
/proc/meminfo: memFree=11514864/16587228 swapFree=50193932/50331648
Current children cumulated CPU time: 0 s
Current children cumulated vsize: 0 KiB
Current children cumulated memory: 0 KiB

[startup+97.6005 s]
/proc/loadavg: 0.52 0.58 0.59 3/13 2419
/proc/meminfo: memFree=11513472/16587228 swapFree=50193932/50331648
Current children cumulated CPU time: 0 s
Current children cumulated vsize: 0 KiB
Current children cumulated memory: 0 KiB

[startup+98.4006 s]
/proc/loadavg: 0.52 0.58 0.59 3/13 2419
/proc/meminfo: memFree=11513524/16587228 swapFree=50193932/50331648
Current children cumulated CPU time: 0 s
Current children cumulated vsize: 0 KiB
Current children cumulated memory: 0 KiB

[startup+99.2002 s]
/proc/loadavg: 0.52 0.58 0.59 3/13 2419
/proc/meminfo: memFree=11513796/16587228 swapFree=50193932/50331648
Current children cumulated CPU time: 0 s
Current children cumulated vsize: 0 KiB
Current children cumulated memory: 0 KiB

[startup+99.6001 s]
/proc/loadavg: 0.52 0.58 0.59 3/13 2419
/proc/meminfo: memFree=11513796/16587228 swapFree=50193932/50331648
Current children cumulated CPU time: 0 s
Current children cumulated vsize: 0 KiB
Current children cumulated memory: 0 KiB

[startup+99.7004 s]
/proc/loadavg: 0.52 0.58 0.59 3/13 2419
/proc/meminfo: memFree=11513796/16587228 swapFree=50193932/50331648
Current children cumulated CPU time: 0 s
Current children cumulated vsize: 0 KiB
Current children cumulated memory: 0 KiB

Child ended because it received signal 15 (SIGTERM)
Real time (s): 99.7857
CPU time (s): 99.7031
CPU user time (s): 96.75
CPU system time (s): 2.95312
CPU usage (%): 99.9173
Max. virtual memory (cumulated for all children) (KiB): 0
Max. memory (cumulated for all children) (KiB): 0

getrusage(RUSAGE_CHILDREN,...) data:
user time used= 96.75
system time used= 2.95312
maximum resident set size= 29128
integral shared memory size= 0
integral unshared data size= 0
integral unshared stack size= 0
page reclaims= 9285
page faults= 0
swaps= 0
block input operations= 0
block output operations= 0
messages sent= 0
messages received= 0
signals received= 0
voluntary context switches= 0
involuntary context switches= 0


# summary of solver processes directly reported to runsolver:
#   pid: 2415
#   total CPU time (s): 99.7031
#   total CPU user time (s): 96.75
#   total CPU system time (s): 2.95312

??? end of timestamper thread
runsolver used 0 second user time and 0 second system time

The end
