runsolver version 3.4.0 (svn: 3018) Copyright (C) 2010-2013 Olivier ROUSSEL

This program is distributed in the hope that it will be useful,
but WITHOUT ANY WARRANTY; without even the implied warranty of
MERCHANTABILITY or FITNESS FOR A PARTICULAR PURPOSE.  See the
GNU General Public License for more details.

command line: /home/kunalan/runsolver/src/runsolver -C 1200 -W 1200 --vsize-limit 16384 -w results_nprc/nprc_newground_random_1200_90_watch.log --var results_nprc/nprc_newground_random_1200_90_values.log python3 ../newground2.py ../instances/benchmark_instances/encodings/nprc_newground.lp ../instances/benchmark_instances/graphs/random_1200_90.lp 

running on 8 cores: 0-7

Enforcing CPUTime limit (soft limit, will send SIGTERM then SIGKILL): 1200 seconds
Enforcing CPUTime limit (hard limit, will send SIGXCPU): 1230 seconds
Enforcing wall clock limit (soft limit, will send SIGTERM then SIGKILL): 1200 seconds
Enforcing VSIZE limit (soft limit, will send SIGTERM then SIGKILL): 16777216 KiB
Enforcing VSIZE limit (hard limit, stack expansion will fail with SIGSEGV, brk() and mmap() will return ENOMEM): 16828416 KiB
Linux 4.4.0-22000-Microsoft
solver pid=3492, runsolver pid=3490
Current StackSize limit: 8192 KiB


[startup+0.100254 s]*
/proc/loadavg: 0.52 0.58 0.59 2/13 3493
/proc/meminfo: memFree=11360800/16587228 swapFree=50202344/50331648
Current children cumulated CPU time: 0 s
Current children cumulated vsize: 0 KiB
Current children cumulated memory: 0 KiB

[startup+0.200994 s]*
/proc/loadavg: 0.52 0.58 0.59 2/13 3493
/proc/meminfo: memFree=11347968/16587228 swapFree=50202344/50331648
Current children cumulated CPU time: 0 s
Current children cumulated vsize: 0 KiB
Current children cumulated memory: 0 KiB

[startup+0.300813 s]*
/proc/loadavg: 0.52 0.58 0.59 2/13 3493
/proc/meminfo: memFree=11338112/16587228 swapFree=50202344/50331648
Current children cumulated CPU time: 0 s
Current children cumulated vsize: 0 KiB
Current children cumulated memory: 0 KiB

[startup+0.70017 s]
/proc/loadavg: 0.52 0.58 0.59 2/13 3493
/proc/meminfo: memFree=11337892/16587228 swapFree=50202344/50331648
Current children cumulated CPU time: 0 s
Current children cumulated vsize: 0 KiB
Current children cumulated memory: 0 KiB

[startup+1.5003 s]
/proc/loadavg: 0.52 0.58 0.59 2/13 3493
/proc/meminfo: memFree=11341700/16587228 swapFree=50202344/50331648
Current children cumulated CPU time: 0 s
Current children cumulated vsize: 0 KiB
Current children cumulated memory: 0 KiB

[startup+3.10103 s]
/proc/loadavg: 0.52 0.58 0.59 2/13 3493
/proc/meminfo: memFree=11341228/16587228 swapFree=50202344/50331648
Current children cumulated CPU time: 0 s
Current children cumulated vsize: 0 KiB
Current children cumulated memory: 0 KiB
heavy processes:

[startup+6.30009 s]
/proc/loadavg: 0.52 0.58 0.59 2/13 3493
/proc/meminfo: memFree=11341464/16587228 swapFree=50202348/50331648
Current children cumulated CPU time: 0 s
Current children cumulated vsize: 0 KiB
Current children cumulated memory: 0 KiB
heavy processes:

[startup+12.7004 s]
/proc/loadavg: 0.52 0.58 0.59 2/13 3493
/proc/meminfo: memFree=11340768/16587228 swapFree=50202348/50331648
Current children cumulated CPU time: 0 s
Current children cumulated vsize: 0 KiB
Current children cumulated memory: 0 KiB
heavy processes:

[startup+25.5003 s]
/proc/loadavg: 0.52 0.58 0.59 2/13 3493
/proc/meminfo: memFree=11340856/16587228 swapFree=50202348/50331648
Current children cumulated CPU time: 0 s
Current children cumulated vsize: 0 KiB
Current children cumulated memory: 0 KiB
heavy processes:

[startup+51.101 s]
/proc/loadavg: 0.52 0.58 0.59 2/13 3493
/proc/meminfo: memFree=11313624/16587228 swapFree=50202352/50331648
Current children cumulated CPU time: 0 s
Current children cumulated vsize: 0 KiB
Current children cumulated memory: 0 KiB
heavy processes:

[startup+102.3 s]
/proc/loadavg: 0.52 0.58 0.59 2/13 3493
/proc/meminfo: memFree=11296596/16587228 swapFree=50202352/50331648
Current children cumulated CPU time: 0 s
Current children cumulated vsize: 0 KiB
Current children cumulated memory: 0 KiB
heavy processes:

[startup+162.301 s]
/proc/loadavg: 0.52 0.58 0.59 2/13 3493
/proc/meminfo: memFree=11273332/16587228 swapFree=50202352/50331648
Current children cumulated CPU time: 0 s
Current children cumulated vsize: 0 KiB
Current children cumulated memory: 0 KiB
heavy processes:

[startup+222.3 s]
/proc/loadavg: 0.52 0.58 0.59 2/13 3493
/proc/meminfo: memFree=11227124/16587228 swapFree=50202360/50331648
Current children cumulated CPU time: 0 s
Current children cumulated vsize: 0 KiB
Current children cumulated memory: 0 KiB
heavy processes:

[startup+282.3 s]
/proc/loadavg: 0.52 0.58 0.59 2/13 3493
/proc/meminfo: memFree=11267184/16587228 swapFree=50202360/50331648
Current children cumulated CPU time: 0 s
Current children cumulated vsize: 0 KiB
Current children cumulated memory: 0 KiB
heavy processes:

[startup+342.3 s]
/proc/loadavg: 0.52 0.58 0.59 2/13 3493
/proc/meminfo: memFree=11182208/16587228 swapFree=50202388/50331648
Current children cumulated CPU time: 0 s
Current children cumulated vsize: 0 KiB
Current children cumulated memory: 0 KiB
heavy processes:

[startup+402.3 s]
/proc/loadavg: 0.52 0.58 0.59 2/13 3493
/proc/meminfo: memFree=11000684/16587228 swapFree=50202400/50331648
Current children cumulated CPU time: 0 s
Current children cumulated vsize: 0 KiB
Current children cumulated memory: 0 KiB
heavy processes:

[startup+436.731 s]
# the end of solver process 3492 was just reported to runsolver
# cumulated CPU time of all completed processes:  user=435.438 s, system=1 s

Solver just ended.
??? end of watcher thread
Dumping a history of the last processes samples

[startup+409.6 s]
/proc/loadavg: 0.52 0.58 0.59 3/13 3493
/proc/meminfo: memFree=10980856/16587228 swapFree=50202400/50331648
Current children cumulated CPU time: 0 s
Current children cumulated vsize: 0 KiB
Current children cumulated memory: 0 KiB

[startup+422.4 s]
/proc/loadavg: 0.52 0.58 0.59 2/13 3494
/proc/meminfo: memFree=10956224/16587228 swapFree=50202400/50331648
Current children cumulated CPU time: 0 s
Current children cumulated vsize: 0 KiB
Current children cumulated memory: 0 KiB

[startup+428.8 s]
/proc/loadavg: 0.52 0.58 0.59 2/13 3494
/proc/meminfo: memFree=10957168/16587228 swapFree=50202400/50331648
Current children cumulated CPU time: 0 s
Current children cumulated vsize: 0 KiB
Current children cumulated memory: 0 KiB

[startup+432 s]*
/proc/loadavg: 0.52 0.58 0.59 2/13 3495
/proc/meminfo: memFree=10957612/16587228 swapFree=50202400/50331648
Current children cumulated CPU time: 0 s
Current children cumulated vsize: 0 KiB
Current children cumulated memory: 0 KiB

[startup+435.2 s]
/proc/loadavg: 0.52 0.58 0.59 2/13 3495
/proc/meminfo: memFree=10957644/16587228 swapFree=50202400/50331648
Current children cumulated CPU time: 0 s
Current children cumulated vsize: 0 KiB
Current children cumulated memory: 0 KiB

[startup+436 s]*
/proc/loadavg: 0.52 0.58 0.59 2/13 3495
/proc/meminfo: memFree=10957632/16587228 swapFree=50202400/50331648
Current children cumulated CPU time: 0 s
Current children cumulated vsize: 0 KiB
Current children cumulated memory: 0 KiB

[startup+436.4 s]
/proc/loadavg: 0.52 0.58 0.59 2/13 3495
/proc/meminfo: memFree=10957632/16587228 swapFree=50202400/50331648
Current children cumulated CPU time: 0 s
Current children cumulated vsize: 0 KiB
Current children cumulated memory: 0 KiB

[startup+436.6 s]
/proc/loadavg: 0.52 0.58 0.59 2/13 3495
/proc/meminfo: memFree=10957632/16587228 swapFree=50202400/50331648
Current children cumulated CPU time: 0 s
Current children cumulated vsize: 0 KiB
Current children cumulated memory: 0 KiB

[startup+436.701 s]
/proc/loadavg: 0.52 0.58 0.59 2/13 3495
/proc/meminfo: memFree=10957632/16587228 swapFree=50202400/50331648
Current children cumulated CPU time: 0 s
Current children cumulated vsize: 0 KiB
Current children cumulated memory: 0 KiB

Child status: 0
Real time (s): 436.731
CPU time (s): 436.438
CPU user time (s): 435.438
CPU system time (s): 1
CPU usage (%): 99.9329
Max. virtual memory (cumulated for all children) (KiB): 0
Max. memory (cumulated for all children) (KiB): 0

getrusage(RUSAGE_CHILDREN,...) data:
user time used= 435.438
system time used= 1
maximum resident set size= 464000
integral shared memory size= 0
integral unshared data size= 0
integral unshared stack size= 0
page reclaims= 154680
page faults= 0
swaps= 0
block input operations= 0
block output operations= 0
messages sent= 0
messages received= 0
signals received= 0
voluntary context switches= 0
involuntary context switches= 0


# summary of solver processes directly reported to runsolver:
#   pid: 3492
#   total CPU time (s): 436.438
#   total CPU user time (s): 435.438
#   total CPU system time (s): 1

??? end of timestamper thread
runsolver used 0 second user time and 0 second system time

The end
