runsolver version 3.4.0 (svn: 3018) Copyright (C) 2010-2013 Olivier ROUSSEL

This program is distributed in the hope that it will be useful,
but WITHOUT ANY WARRANTY; without even the implied warranty of
MERCHANTABILITY or FITNESS FOR A PARTICULAR PURPOSE.  See the
GNU General Public License for more details.

command line: /home/kunalan/runsolver/src/runsolver -C 1200 -W 1200 --vsize-limit 16384 -w results_nprc/nprc_newground2_random_25_30_watch.log --var results_nprc/nprc_newground2_random_25_30_values.log python3 ../newground2.py ../instances/benchmark_instances/encodings/nprc_newground2.lp ../instances/benchmark_instances/graphs/random_25_30.lp 

running on 8 cores: 0-7

Enforcing CPUTime limit (soft limit, will send SIGTERM then SIGKILL): 1200 seconds
Enforcing CPUTime limit (hard limit, will send SIGXCPU): 1230 seconds
Enforcing wall clock limit (soft limit, will send SIGTERM then SIGKILL): 1200 seconds
Enforcing VSIZE limit (soft limit, will send SIGTERM then SIGKILL): 16777216 KiB
Enforcing VSIZE limit (hard limit, stack expansion will fail with SIGSEGV, brk() and mmap() will return ENOMEM): 16828416 KiB
Linux 4.4.0-22000-Microsoft
Current StackSize limit: 8192 KiB
solver pid=1246, runsolver pid=1244


[startup+0.100374 s]*
/proc/loadavg: 0.52 0.58 0.59 2/13 1247
/proc/meminfo: memFree=11719964/16587228 swapFree=50191636/50331648
Current children cumulated CPU time: 0 s
Current children cumulated vsize: 0 KiB
Current children cumulated memory: 0 KiB

[startup+0.201407 s]*
/proc/loadavg: 0.52 0.58 0.59 2/13 1247
/proc/meminfo: memFree=11711672/16587228 swapFree=50191636/50331648
Current children cumulated CPU time: 0 s
Current children cumulated vsize: 0 KiB
Current children cumulated memory: 0 KiB

[startup+0.301161 s]*
/proc/loadavg: 0.52 0.58 0.59 2/13 1247
/proc/meminfo: memFree=11701844/16587228 swapFree=50191636/50331648
Current children cumulated CPU time: 0 s
Current children cumulated vsize: 0 KiB
Current children cumulated memory: 0 KiB

[startup+0.70021 s]
/proc/loadavg: 0.52 0.58 0.59 2/13 1247
/proc/meminfo: memFree=11693528/16587228 swapFree=50191636/50331648
Current children cumulated CPU time: 0 s
Current children cumulated vsize: 0 KiB
Current children cumulated memory: 0 KiB

[startup+1.50051 s]
/proc/loadavg: 0.52 0.58 0.59 2/13 1247
/proc/meminfo: memFree=11690348/16587228 swapFree=50191636/50331648
Current children cumulated CPU time: 0 s
Current children cumulated vsize: 0 KiB
Current children cumulated memory: 0 KiB

[startup+3.10123 s]
/proc/loadavg: 0.52 0.58 0.59 2/13 1247
/proc/meminfo: memFree=11691520/16587228 swapFree=50191640/50331648
Current children cumulated CPU time: 0 s
Current children cumulated vsize: 0 KiB
Current children cumulated memory: 0 KiB
heavy processes:

[startup+6.30031 s]
/proc/loadavg: 0.52 0.58 0.59 2/13 1248
/proc/meminfo: memFree=11692000/16587228 swapFree=50191640/50331648
Current children cumulated CPU time: 0 s
Current children cumulated vsize: 0 KiB
Current children cumulated memory: 0 KiB
heavy processes:

[startup+12.2289 s]
# the end of solver process 1246 was just reported to runsolver
# cumulated CPU time of all completed processes:  user=12.0469 s, system=0.15625 s

Solver just ended.
??? end of watcher thread
Dumping a history of the last processes samples

[startup+6.40103 s]
/proc/loadavg: 0.52 0.58 0.59 2/13 1248
/proc/meminfo: memFree=11692940/16587228 swapFree=50191640/50331648
Current children cumulated CPU time: 0 s
Current children cumulated vsize: 0 KiB
Current children cumulated memory: 0 KiB

[startup+9.6005 s]
/proc/loadavg: 0.52 0.58 0.59 2/13 1248
/proc/meminfo: memFree=11691912/16587228 swapFree=50191640/50331648
Current children cumulated CPU time: 0 s
Current children cumulated vsize: 0 KiB
Current children cumulated memory: 0 KiB

[startup+11.2002 s]
/proc/loadavg: 0.52 0.58 0.59 2/13 1248
/proc/meminfo: memFree=11691980/16587228 swapFree=50191640/50331648
Current children cumulated CPU time: 0 s
Current children cumulated vsize: 0 KiB
Current children cumulated memory: 0 KiB

[startup+12.0005 s]*
/proc/loadavg: 0.52 0.58 0.59 2/13 1248
/proc/meminfo: memFree=11691880/16587228 swapFree=50191640/50331648
Current children cumulated CPU time: 0 s
Current children cumulated vsize: 0 KiB
Current children cumulated memory: 0 KiB

[startup+12.2004 s]
/proc/loadavg: 0.52 0.58 0.59 2/13 1248
/proc/meminfo: memFree=11691880/16587228 swapFree=50191640/50331648
Current children cumulated CPU time: 0 s
Current children cumulated vsize: 0 KiB
Current children cumulated memory: 0 KiB

Child status: 1
Real time (s): 12.229
CPU time (s): 12.2031
CPU user time (s): 12.0469
CPU system time (s): 0.15625
CPU usage (%): 99.7882
Max. virtual memory (cumulated for all children) (KiB): 0
Max. memory (cumulated for all children) (KiB): 0

getrusage(RUSAGE_CHILDREN,...) data:
user time used= 12.0469
system time used= 0.15625
maximum resident set size= 26812
integral shared memory size= 0
integral unshared data size= 0
integral unshared stack size= 0
page reclaims= 7009
page faults= 0
swaps= 0
block input operations= 0
block output operations= 0
messages sent= 0
messages received= 0
signals received= 0
voluntary context switches= 0
involuntary context switches= 0


# summary of solver processes directly reported to runsolver:
#   pid: 1246
#   total CPU time (s): 12.2031
#   total CPU user time (s): 12.0469
#   total CPU system time (s): 0.15625

??? end of timestamper thread
runsolver used 0 second user time and 0 second system time

The end
