runsolver version 3.4.0 (svn: 3018) Copyright (C) 2010-2013 Olivier ROUSSEL

This program is distributed in the hope that it will be useful,
but WITHOUT ANY WARRANTY; without even the implied warranty of
MERCHANTABILITY or FITNESS FOR A PARTICULAR PURPOSE.  See the
GNU General Public License for more details.

command line: /home/kunalan/runsolver/src/runsolver -C 1200 -W 1200 --vsize-limit 16384 -w results_nprc/nprc_newground_random_700_30_watch.log --var results_nprc/nprc_newground_random_700_30_values.log python3 ../newground2.py ../instances/benchmark_instances/encodings/nprc_newground.lp ../instances/benchmark_instances/graphs/random_700_30.lp 

running on 8 cores: 0-7

Enforcing CPUTime limit (soft limit, will send SIGTERM then SIGKILL): 1200 seconds
Enforcing CPUTime limit (hard limit, will send SIGXCPU): 1230 seconds
Enforcing wall clock limit (soft limit, will send SIGTERM then SIGKILL): 1200 seconds
Enforcing VSIZE limit (soft limit, will send SIGTERM then SIGKILL): 16777216 KiB
Enforcing VSIZE limit (hard limit, stack expansion will fail with SIGSEGV, brk() and mmap() will return ENOMEM): 16828416 KiB
Linux 4.4.0-22000-Microsoft
solver pid=3144, runsolver pid=3142
Current StackSize limit: 8192 KiB


[startup+0.100165 s]*
/proc/loadavg: 0.52 0.58 0.59 2/13 3145
/proc/meminfo: memFree=11641896/16587228 swapFree=50194140/50331648
Current children cumulated CPU time: 0 s
Current children cumulated vsize: 0 KiB
Current children cumulated memory: 0 KiB

[startup+0.201354 s]*
/proc/loadavg: 0.52 0.58 0.59 2/13 3145
/proc/meminfo: memFree=11641600/16587228 swapFree=50194140/50331648
Current children cumulated CPU time: 0 s
Current children cumulated vsize: 0 KiB
Current children cumulated memory: 0 KiB

[startup+0.300956 s]*
/proc/loadavg: 0.52 0.58 0.59 2/13 3145
/proc/meminfo: memFree=11639968/16587228 swapFree=50194140/50331648
Current children cumulated CPU time: 0 s
Current children cumulated vsize: 0 KiB
Current children cumulated memory: 0 KiB

[startup+0.700368 s]
/proc/loadavg: 0.52 0.58 0.59 2/13 3145
/proc/meminfo: memFree=11639476/16587228 swapFree=50194140/50331648
Current children cumulated CPU time: 0 s
Current children cumulated vsize: 0 KiB
Current children cumulated memory: 0 KiB

[startup+1.50012 s]
/proc/loadavg: 0.52 0.58 0.59 2/13 3145
/proc/meminfo: memFree=11639516/16587228 swapFree=50194140/50331648
Current children cumulated CPU time: 0 s
Current children cumulated vsize: 0 KiB
Current children cumulated memory: 0 KiB

[startup+3.10087 s]
/proc/loadavg: 0.52 0.58 0.59 2/13 3145
/proc/meminfo: memFree=11631472/16587228 swapFree=50194140/50331648
Current children cumulated CPU time: 0 s
Current children cumulated vsize: 0 KiB
Current children cumulated memory: 0 KiB
heavy processes:

[startup+6.30025 s]
/proc/loadavg: 0.52 0.58 0.59 2/13 3145
/proc/meminfo: memFree=11629048/16587228 swapFree=50194140/50331648
Current children cumulated CPU time: 0 s
Current children cumulated vsize: 0 KiB
Current children cumulated memory: 0 KiB
heavy processes:

[startup+12.7002 s]
/proc/loadavg: 0.52 0.58 0.59 2/13 3145
/proc/meminfo: memFree=11628604/16587228 swapFree=50194140/50331648
Current children cumulated CPU time: 0 s
Current children cumulated vsize: 0 KiB
Current children cumulated memory: 0 KiB
heavy processes:

[startup+25.5005 s]
/proc/loadavg: 0.52 0.58 0.59 2/13 3145
/proc/meminfo: memFree=11628740/16587228 swapFree=50194140/50331648
Current children cumulated CPU time: 0 s
Current children cumulated vsize: 0 KiB
Current children cumulated memory: 0 KiB
heavy processes:

[startup+51.1013 s]
/proc/loadavg: 0.52 0.58 0.59 2/13 3145
/proc/meminfo: memFree=11569516/16587228 swapFree=50194140/50331648
Current children cumulated CPU time: 0 s
Current children cumulated vsize: 0 KiB
Current children cumulated memory: 0 KiB
heavy processes:

[startup+59.3482 s]
# the end of solver process 3144 was just reported to runsolver
# cumulated CPU time of all completed processes:  user=59.0156 s, system=0.265625 s

Solver just ended.
??? end of watcher thread
Dumping a history of the last processes samples

[startup+51.2011 s]
/proc/loadavg: 0.52 0.58 0.59 2/13 3145
/proc/meminfo: memFree=11569252/16587228 swapFree=50194140/50331648
Current children cumulated CPU time: 0 s
Current children cumulated vsize: 0 KiB
Current children cumulated memory: 0 KiB

[startup+54.4001 s]
/proc/loadavg: 0.52 0.58 0.59 2/13 3145
/proc/meminfo: memFree=11584704/16587228 swapFree=50194140/50331648
Current children cumulated CPU time: 0 s
Current children cumulated vsize: 0 KiB
Current children cumulated memory: 0 KiB

[startup+57.6003 s]
/proc/loadavg: 0.52 0.58 0.59 2/13 3145
/proc/meminfo: memFree=11573660/16587228 swapFree=50194140/50331648
Current children cumulated CPU time: 0 s
Current children cumulated vsize: 0 KiB
Current children cumulated memory: 0 KiB

[startup+58.4005 s]
/proc/loadavg: 0.52 0.58 0.59 2/13 3145
/proc/meminfo: memFree=11573688/16587228 swapFree=50194140/50331648
Current children cumulated CPU time: 0 s
Current children cumulated vsize: 0 KiB
Current children cumulated memory: 0 KiB

[startup+58.8006 s]
/proc/loadavg: 0.52 0.58 0.59 2/13 3145
/proc/meminfo: memFree=11573688/16587228 swapFree=50194140/50331648
Current children cumulated CPU time: 0 s
Current children cumulated vsize: 0 KiB
Current children cumulated memory: 0 KiB

[startup+59.2006 s]
/proc/loadavg: 0.52 0.58 0.59 2/13 3145
/proc/meminfo: memFree=11573972/16587228 swapFree=50194140/50331648
Current children cumulated CPU time: 0 s
Current children cumulated vsize: 0 KiB
Current children cumulated memory: 0 KiB

[startup+59.3004 s]
/proc/loadavg: 0.52 0.58 0.59 2/13 3145
/proc/meminfo: memFree=11573972/16587228 swapFree=50194140/50331648
Current children cumulated CPU time: 0 s
Current children cumulated vsize: 0 KiB
Current children cumulated memory: 0 KiB

Child status: 0
Real time (s): 59.3483
CPU time (s): 59.2812
CPU user time (s): 59.0156
CPU system time (s): 0.265625
CPU usage (%): 99.8871
Max. virtual memory (cumulated for all children) (KiB): 0
Max. memory (cumulated for all children) (KiB): 0

getrusage(RUSAGE_CHILDREN,...) data:
user time used= 59.0156
system time used= 0.265625
maximum resident set size= 121652
integral shared memory size= 0
integral unshared data size= 0
integral unshared stack size= 0
page reclaims= 38707
page faults= 0
swaps= 0
block input operations= 0
block output operations= 0
messages sent= 0
messages received= 0
signals received= 0
voluntary context switches= 0
involuntary context switches= 0


# summary of solver processes directly reported to runsolver:
#   pid: 3144
#   total CPU time (s): 59.2812
#   total CPU user time (s): 59.0156
#   total CPU system time (s): 0.265625

??? end of timestamper thread
runsolver used 0.015625 second user time and 0 second system time

The end
