runsolver version 3.4.0 (svn: 3018) Copyright (C) 2010-2013 Olivier ROUSSEL

This program is distributed in the hope that it will be useful,
but WITHOUT ANY WARRANTY; without even the implied warranty of
MERCHANTABILITY or FITNESS FOR A PARTICULAR PURPOSE.  See the
GNU General Public License for more details.

command line: /home/kunalan/runsolver/src/runsolver -C 1200 -W 1200 --vsize-limit 16384 -w results_nprc/nprc_newground2_random_400_30_watch.log --var results_nprc/nprc_newground2_random_400_30_values.log python3 ../newground2.py ../instances/benchmark_instances/encodings/nprc_newground2.lp ../instances/benchmark_instances/graphs/random_400_30.lp 

running on 8 cores: 0-7

Enforcing CPUTime limit (soft limit, will send SIGTERM then SIGKILL): 1200 seconds
Enforcing CPUTime limit (hard limit, will send SIGXCPU): 1230 seconds
Enforcing wall clock limit (soft limit, will send SIGTERM then SIGKILL): 1200 seconds
Enforcing VSIZE limit (soft limit, will send SIGTERM then SIGKILL): 16777216 KiB
Enforcing VSIZE limit (hard limit, stack expansion will fail with SIGSEGV, brk() and mmap() will return ENOMEM): 16828416 KiB
Linux 4.4.0-22000-Microsoft
solver pid=1966, runsolver pid=1964
Current StackSize limit: 8192 KiB


[startup+0.100455 s]*
/proc/loadavg: 0.52 0.58 0.59 2/13 1967
/proc/meminfo: memFree=11463828/16587228 swapFree=50193848/50331648
Current children cumulated CPU time: 0 s
Current children cumulated vsize: 0 KiB
Current children cumulated memory: 0 KiB

[startup+0.201351 s]*
/proc/loadavg: 0.52 0.58 0.59 2/13 1967
/proc/meminfo: memFree=11460996/16587228 swapFree=50193848/50331648
Current children cumulated CPU time: 0 s
Current children cumulated vsize: 0 KiB
Current children cumulated memory: 0 KiB

[startup+0.301156 s]*
/proc/loadavg: 0.52 0.58 0.59 2/13 1967
/proc/meminfo: memFree=11448292/16587228 swapFree=50193848/50331648
Current children cumulated CPU time: 0 s
Current children cumulated vsize: 0 KiB
Current children cumulated memory: 0 KiB

[startup+0.700157 s]
/proc/loadavg: 0.52 0.58 0.59 2/13 1967
/proc/meminfo: memFree=11447336/16587228 swapFree=50193848/50331648
Current children cumulated CPU time: 0 s
Current children cumulated vsize: 0 KiB
Current children cumulated memory: 0 KiB

[startup+1.50035 s]
/proc/loadavg: 0.52 0.58 0.59 2/13 1967
/proc/meminfo: memFree=11444688/16587228 swapFree=50193848/50331648
Current children cumulated CPU time: 0 s
Current children cumulated vsize: 0 KiB
Current children cumulated memory: 0 KiB

[startup+3.1012 s]
/proc/loadavg: 0.52 0.58 0.59 2/13 1968
/proc/meminfo: memFree=11441576/16587228 swapFree=50193848/50331648
Current children cumulated CPU time: 0 s
Current children cumulated vsize: 0 KiB
Current children cumulated memory: 0 KiB
heavy processes:

[startup+6.30034 s]
/proc/loadavg: 0.52 0.58 0.59 2/13 1968
/proc/meminfo: memFree=11435060/16587228 swapFree=50193848/50331648
Current children cumulated CPU time: 0 s
Current children cumulated vsize: 0 KiB
Current children cumulated memory: 0 KiB
heavy processes:

[startup+7.28964 s]
# the end of solver process 1966 was just reported to runsolver
# cumulated CPU time of all completed processes:  user=7.1875 s, system=0.09375 s

Solver just ended.
??? end of watcher thread
Dumping a history of the last processes samples

[startup+6.40102 s]
/proc/loadavg: 0.52 0.58 0.59 2/13 1968
/proc/meminfo: memFree=11434976/16587228 swapFree=50193848/50331648
Current children cumulated CPU time: 0 s
Current children cumulated vsize: 0 KiB
Current children cumulated memory: 0 KiB

[startup+6.80016 s]
/proc/loadavg: 0.52 0.58 0.59 2/13 1968
/proc/meminfo: memFree=11434976/16587228 swapFree=50193848/50331648
Current children cumulated CPU time: 0 s
Current children cumulated vsize: 0 KiB
Current children cumulated memory: 0 KiB

[startup+7.20011 s]
/proc/loadavg: 0.52 0.58 0.59 2/13 1968
/proc/meminfo: memFree=11434956/16587228 swapFree=50193848/50331648
Current children cumulated CPU time: 0 s
Current children cumulated vsize: 0 KiB
Current children cumulated memory: 0 KiB

Child status: 1
Real time (s): 7.28972
CPU time (s): 7.28125
CPU user time (s): 7.1875
CPU system time (s): 0.09375
CPU usage (%): 99.8838
Max. virtual memory (cumulated for all children) (KiB): 0
Max. memory (cumulated for all children) (KiB): 0

getrusage(RUSAGE_CHILDREN,...) data:
user time used= 7.1875
system time used= 0.09375
maximum resident set size= 28292
integral shared memory size= 0
integral unshared data size= 0
integral unshared stack size= 0
page reclaims= 7508
page faults= 0
swaps= 0
block input operations= 0
block output operations= 0
messages sent= 0
messages received= 0
signals received= 0
voluntary context switches= 0
involuntary context switches= 0


# summary of solver processes directly reported to runsolver:
#   pid: 1966
#   total CPU time (s): 7.28125
#   total CPU user time (s): 7.1875
#   total CPU system time (s): 0.09375

??? end of timestamper thread
runsolver used 0.015625 second user time and 0 second system time

The end
