runsolver version 3.4.0 (svn: 3018) Copyright (C) 2010-2013 Olivier ROUSSEL

This program is distributed in the hope that it will be useful,
but WITHOUT ANY WARRANTY; without even the implied warranty of
MERCHANTABILITY or FITNESS FOR A PARTICULAR PURPOSE.  See the
GNU General Public License for more details.

command line: /home/kunalan/runsolver/src/runsolver -C 1200 -W 1200 --vsize-limit 16384 -w results_nprc/nprc_newground_random_700_90_watch.log --var results_nprc/nprc_newground_random_700_90_values.log python3 ../newground2.py ../instances/benchmark_instances/encodings/nprc_newground.lp ../instances/benchmark_instances/graphs/random_700_90.lp 

running on 8 cores: 0-7

Enforcing CPUTime limit (soft limit, will send SIGTERM then SIGKILL): 1200 seconds
Enforcing CPUTime limit (hard limit, will send SIGXCPU): 1230 seconds
Enforcing wall clock limit (soft limit, will send SIGTERM then SIGKILL): 1200 seconds
Enforcing VSIZE limit (soft limit, will send SIGTERM then SIGKILL): 16777216 KiB
Enforcing VSIZE limit (hard limit, stack expansion will fail with SIGSEGV, brk() and mmap() will return ENOMEM): 16828416 KiB
Linux 4.4.0-22000-Microsoft
Current StackSize limit: 8192 KiB
solver pid=3215, runsolver pid=3213


[startup+0.100333 s]*
/proc/loadavg: 0.52 0.58 0.59 2/13 3216
/proc/meminfo: memFree=11589104/16587228 swapFree=50195232/50331648
Current children cumulated CPU time: 0 s
Current children cumulated vsize: 0 KiB
Current children cumulated memory: 0 KiB

[startup+0.20107 s]*
/proc/loadavg: 0.52 0.58 0.59 2/13 3216
/proc/meminfo: memFree=11569512/16587228 swapFree=50195232/50331648
Current children cumulated CPU time: 0 s
Current children cumulated vsize: 0 KiB
Current children cumulated memory: 0 KiB

[startup+0.300764 s]*
/proc/loadavg: 0.52 0.58 0.59 2/13 3216
/proc/meminfo: memFree=11565936/16587228 swapFree=50195232/50331648
Current children cumulated CPU time: 0 s
Current children cumulated vsize: 0 KiB
Current children cumulated memory: 0 KiB

[startup+0.700375 s]
/proc/loadavg: 0.52 0.58 0.59 2/13 3216
/proc/meminfo: memFree=11565932/16587228 swapFree=50195232/50331648
Current children cumulated CPU time: 0 s
Current children cumulated vsize: 0 KiB
Current children cumulated memory: 0 KiB

[startup+1.50013 s]
/proc/loadavg: 0.52 0.58 0.59 2/13 3216
/proc/meminfo: memFree=11561896/16587228 swapFree=50195232/50331648
Current children cumulated CPU time: 0 s
Current children cumulated vsize: 0 KiB
Current children cumulated memory: 0 KiB

[startup+3.10089 s]
/proc/loadavg: 0.52 0.58 0.59 2/13 3216
/proc/meminfo: memFree=11561304/16587228 swapFree=50195232/50331648
Current children cumulated CPU time: 0 s
Current children cumulated vsize: 0 KiB
Current children cumulated memory: 0 KiB
heavy processes:

[startup+6.3004 s]
/proc/loadavg: 0.52 0.58 0.59 2/13 3216
/proc/meminfo: memFree=11559808/16587228 swapFree=50195232/50331648
Current children cumulated CPU time: 0 s
Current children cumulated vsize: 0 KiB
Current children cumulated memory: 0 KiB
heavy processes:

[startup+12.7002 s]
/proc/loadavg: 0.52 0.58 0.59 2/13 3216
/proc/meminfo: memFree=11559384/16587228 swapFree=50195232/50331648
Current children cumulated CPU time: 0 s
Current children cumulated vsize: 0 KiB
Current children cumulated memory: 0 KiB
heavy processes:

[startup+25.5006 s]
/proc/loadavg: 0.52 0.58 0.59 2/13 3216
/proc/meminfo: memFree=11564960/16587228 swapFree=50195232/50331648
Current children cumulated CPU time: 0 s
Current children cumulated vsize: 0 KiB
Current children cumulated memory: 0 KiB
heavy processes:

[startup+51.1011 s]
/proc/loadavg: 0.52 0.58 0.59 2/13 3216
/proc/meminfo: memFree=11551176/16587228 swapFree=50195232/50331648
Current children cumulated CPU time: 0 s
Current children cumulated vsize: 0 KiB
Current children cumulated memory: 0 KiB
heavy processes:

[startup+102.301 s]
/proc/loadavg: 0.52 0.58 0.59 2/13 3216
/proc/meminfo: memFree=11524748/16587228 swapFree=50195232/50331648
Current children cumulated CPU time: 0 s
Current children cumulated vsize: 0 KiB
Current children cumulated memory: 0 KiB
heavy processes:

[startup+145.29 s]
# the end of solver process 3215 was just reported to runsolver
# cumulated CPU time of all completed processes:  user=144.891 s, system=0.328125 s

Solver just ended.
??? end of watcher thread
Dumping a history of the last processes samples

[startup+102.401 s]
/proc/loadavg: 0.52 0.58 0.59 2/13 3216
/proc/meminfo: memFree=11524684/16587228 swapFree=50195232/50331648
Current children cumulated CPU time: 0 s
Current children cumulated vsize: 0 KiB
Current children cumulated memory: 0 KiB

[startup+128 s]*
/proc/loadavg: 0.52 0.58 0.59 2/13 3216
/proc/meminfo: memFree=11507540/16587228 swapFree=50195232/50331648
Current children cumulated CPU time: 0 s
Current children cumulated vsize: 0 KiB
Current children cumulated memory: 0 KiB

[startup+134.401 s]
/proc/loadavg: 0.52 0.58 0.59 3/13 3216
/proc/meminfo: memFree=11458232/16587228 swapFree=50195232/50331648
Current children cumulated CPU time: 0 s
Current children cumulated vsize: 0 KiB
Current children cumulated memory: 0 KiB

[startup+140.8 s]
/proc/loadavg: 0.52 0.58 0.59 2/13 3216
/proc/meminfo: memFree=11379640/16587228 swapFree=50195244/50331648
Current children cumulated CPU time: 0 s
Current children cumulated vsize: 0 KiB
Current children cumulated memory: 0 KiB

[startup+142.4 s]
/proc/loadavg: 0.52 0.58 0.59 2/13 3216
/proc/meminfo: memFree=11351416/16587228 swapFree=50195252/50331648
Current children cumulated CPU time: 0 s
Current children cumulated vsize: 0 KiB
Current children cumulated memory: 0 KiB

[startup+144 s]*
/proc/loadavg: 0.52 0.58 0.59 2/13 3216
/proc/meminfo: memFree=11376920/16587228 swapFree=50195264/50331648
Current children cumulated CPU time: 0 s
Current children cumulated vsize: 0 KiB
Current children cumulated memory: 0 KiB

[startup+144.801 s]
/proc/loadavg: 0.52 0.58 0.59 2/13 3216
/proc/meminfo: memFree=11376920/16587228 swapFree=50195264/50331648
Current children cumulated CPU time: 0 s
Current children cumulated vsize: 0 KiB
Current children cumulated memory: 0 KiB

[startup+145.2 s]
/proc/loadavg: 0.52 0.58 0.59 2/13 3216
/proc/meminfo: memFree=11376900/16587228 swapFree=50195264/50331648
Current children cumulated CPU time: 0 s
Current children cumulated vsize: 0 KiB
Current children cumulated memory: 0 KiB

Child status: 0
Real time (s): 145.29
CPU time (s): 145.219
CPU user time (s): 144.891
CPU system time (s): 0.328125
CPU usage (%): 99.9508
Max. virtual memory (cumulated for all children) (KiB): 0
Max. memory (cumulated for all children) (KiB): 0

getrusage(RUSAGE_CHILDREN,...) data:
user time used= 144.891
system time used= 0.328125
maximum resident set size= 164760
integral shared memory size= 0
integral unshared data size= 0
integral unshared stack size= 0
page reclaims= 52535
page faults= 0
swaps= 0
block input operations= 0
block output operations= 0
messages sent= 0
messages received= 0
signals received= 0
voluntary context switches= 0
involuntary context switches= 0


# summary of solver processes directly reported to runsolver:
#   pid: 3215
#   total CPU time (s): 145.219
#   total CPU user time (s): 144.891
#   total CPU system time (s): 0.328125

??? end of timestamper thread
runsolver used 0 second user time and 0 second system time

The end
