runsolver version 3.4.0 (svn: 3018) Copyright (C) 2010-2013 Olivier ROUSSEL

This program is distributed in the hope that it will be useful,
but WITHOUT ANY WARRANTY; without even the implied warranty of
MERCHANTABILITY or FITNESS FOR A PARTICULAR PURPOSE.  See the
GNU General Public License for more details.

command line: /home/kunalan/runsolver/src/runsolver -C 1200 -W 1200 --vsize-limit 16384 -w results_nprc/nprc_newground2_random_300_60_watch.log --var results_nprc/nprc_newground2_random_300_60_values.log python3 ../newground2.py ../instances/benchmark_instances/encodings/nprc_newground2.lp ../instances/benchmark_instances/graphs/random_300_60.lp 

running on 8 cores: 0-7

Enforcing CPUTime limit (soft limit, will send SIGTERM then SIGKILL): 1200 seconds
Enforcing CPUTime limit (hard limit, will send SIGXCPU): 1230 seconds
Enforcing wall clock limit (soft limit, will send SIGTERM then SIGKILL): 1200 seconds
Enforcing VSIZE limit (soft limit, will send SIGTERM then SIGKILL): 16777216 KiB
Enforcing VSIZE limit (hard limit, stack expansion will fail with SIGSEGV, brk() and mmap() will return ENOMEM): 16828416 KiB
Linux 4.4.0-22000-Microsoft
solver pid=1506, runsolver pid=1504
Current StackSize limit: 8192 KiB


[startup+0.100232 s]*
/proc/loadavg: 0.52 0.58 0.59 2/13 1507
/proc/meminfo: memFree=11687016/16587228 swapFree=50191932/50331648
Current children cumulated CPU time: 0 s
Current children cumulated vsize: 0 KiB
Current children cumulated memory: 0 KiB

[startup+0.201458 s]*
/proc/loadavg: 0.52 0.58 0.59 2/13 1507
/proc/meminfo: memFree=11677072/16587228 swapFree=50191932/50331648
Current children cumulated CPU time: 0 s
Current children cumulated vsize: 0 KiB
Current children cumulated memory: 0 KiB

[startup+0.300805 s]*
/proc/loadavg: 0.52 0.58 0.59 2/13 1507
/proc/meminfo: memFree=11673804/16587228 swapFree=50191932/50331648
Current children cumulated CPU time: 0 s
Current children cumulated vsize: 0 KiB
Current children cumulated memory: 0 KiB

[startup+0.700303 s]
/proc/loadavg: 0.52 0.58 0.59 2/13 1507
/proc/meminfo: memFree=11673788/16587228 swapFree=50191932/50331648
Current children cumulated CPU time: 0 s
Current children cumulated vsize: 0 KiB
Current children cumulated memory: 0 KiB

[startup+1.50043 s]
/proc/loadavg: 0.52 0.58 0.59 2/13 1507
/proc/meminfo: memFree=11664720/16587228 swapFree=50191932/50331648
Current children cumulated CPU time: 0 s
Current children cumulated vsize: 0 KiB
Current children cumulated memory: 0 KiB

[startup+3.10085 s]
/proc/loadavg: 0.52 0.58 0.59 2/13 1508
/proc/meminfo: memFree=11663856/16587228 swapFree=50191932/50331648
Current children cumulated CPU time: 0 s
Current children cumulated vsize: 0 KiB
Current children cumulated memory: 0 KiB
heavy processes:

[startup+6.30031 s]
/proc/loadavg: 0.52 0.58 0.59 2/13 1508
/proc/meminfo: memFree=11664440/16587228 swapFree=50191932/50331648
Current children cumulated CPU time: 0 s
Current children cumulated vsize: 0 KiB
Current children cumulated memory: 0 KiB
heavy processes:

[startup+12.7005 s]
/proc/loadavg: 0.52 0.58 0.59 2/13 1508
/proc/meminfo: memFree=11663756/16587228 swapFree=50191932/50331648
Current children cumulated CPU time: 0 s
Current children cumulated vsize: 0 KiB
Current children cumulated memory: 0 KiB
heavy processes:

[startup+16.4253 s]
# the end of solver process 1506 was just reported to runsolver
# cumulated CPU time of all completed processes:  user=16.2812 s, system=0.125 s

Solver just ended.
??? end of watcher thread
Dumping a history of the last processes samples

[startup+12.8013 s]
/proc/loadavg: 0.52 0.58 0.59 2/13 1508
/proc/meminfo: memFree=11663816/16587228 swapFree=50191932/50331648
Current children cumulated CPU time: 0 s
Current children cumulated vsize: 0 KiB
Current children cumulated memory: 0 KiB

[startup+14.4005 s]
/proc/loadavg: 0.52 0.58 0.59 2/13 1508
/proc/meminfo: memFree=11663800/16587228 swapFree=50191932/50331648
Current children cumulated CPU time: 0 s
Current children cumulated vsize: 0 KiB
Current children cumulated memory: 0 KiB

[startup+15.2004 s]
/proc/loadavg: 0.52 0.58 0.59 2/13 1508
/proc/meminfo: memFree=11669248/16587228 swapFree=50191932/50331648
Current children cumulated CPU time: 0 s
Current children cumulated vsize: 0 KiB
Current children cumulated memory: 0 KiB

[startup+16.0001 s]*
/proc/loadavg: 0.52 0.58 0.59 2/13 1508
/proc/meminfo: memFree=11655820/16587228 swapFree=50191932/50331648
Current children cumulated CPU time: 0 s
Current children cumulated vsize: 0 KiB
Current children cumulated memory: 0 KiB

[startup+16.4001 s]
/proc/loadavg: 0.52 0.58 0.59 2/13 1508
/proc/meminfo: memFree=11655820/16587228 swapFree=50191932/50331648
Current children cumulated CPU time: 0 s
Current children cumulated vsize: 0 KiB
Current children cumulated memory: 0 KiB

Child status: 1
Real time (s): 16.4254
CPU time (s): 16.4062
CPU user time (s): 16.2812
CPU system time (s): 0.125
CPU usage (%): 99.8837
Max. virtual memory (cumulated for all children) (KiB): 0
Max. memory (cumulated for all children) (KiB): 0

getrusage(RUSAGE_CHILDREN,...) data:
user time used= 16.2812
system time used= 0.125
maximum resident set size= 39428
integral shared memory size= 0
integral unshared data size= 0
integral unshared stack size= 0
page reclaims= 10297
page faults= 0
swaps= 0
block input operations= 0
block output operations= 0
messages sent= 0
messages received= 0
signals received= 0
voluntary context switches= 0
involuntary context switches= 0


# summary of solver processes directly reported to runsolver:
#   pid: 1506
#   total CPU time (s): 16.4062
#   total CPU user time (s): 16.2812
#   total CPU system time (s): 0.125

??? end of timestamper thread
runsolver used 0.015625 second user time and 0.015625 second system time

The end
