runsolver version 3.4.0 (svn: 3018) Copyright (C) 2010-2013 Olivier ROUSSEL

This program is distributed in the hope that it will be useful,
but WITHOUT ANY WARRANTY; without even the implied warranty of
MERCHANTABILITY or FITNESS FOR A PARTICULAR PURPOSE.  See the
GNU General Public License for more details.

command line: /home/kunalan/runsolver/src/runsolver -C 1200 -W 1200 --vsize-limit 16384 -w results_nprc/nprc_newground_random_1200_40_watch.log --var results_nprc/nprc_newground_random_1200_40_values.log python3 ../newground2.py ../instances/benchmark_instances/encodings/nprc_newground.lp ../instances/benchmark_instances/graphs/random_1200_40.lp 

running on 8 cores: 0-7

Enforcing CPUTime limit (soft limit, will send SIGTERM then SIGKILL): 1200 seconds
Enforcing CPUTime limit (hard limit, will send SIGXCPU): 1230 seconds
Enforcing wall clock limit (soft limit, will send SIGTERM then SIGKILL): 1200 seconds
Enforcing VSIZE limit (soft limit, will send SIGTERM then SIGKILL): 16777216 KiB
Enforcing VSIZE limit (hard limit, stack expansion will fail with SIGSEGV, brk() and mmap() will return ENOMEM): 16828416 KiB
Linux 4.4.0-22000-Microsoft
Current StackSize limit: 8192 KiB
solver pid=3465, runsolver pid=3463


[startup+0.10047 s]*
/proc/loadavg: 0.52 0.58 0.59 2/13 3466
/proc/meminfo: memFree=11545620/16587228 swapFree=50202276/50331648
Current children cumulated CPU time: 0 s
Current children cumulated vsize: 0 KiB
Current children cumulated memory: 0 KiB

[startup+0.201114 s]*
/proc/loadavg: 0.52 0.58 0.59 2/13 3466
/proc/meminfo: memFree=11528552/16587228 swapFree=50202276/50331648
Current children cumulated CPU time: 0 s
Current children cumulated vsize: 0 KiB
Current children cumulated memory: 0 KiB

[startup+0.300952 s]*
/proc/loadavg: 0.52 0.58 0.59 2/13 3466
/proc/meminfo: memFree=11522368/16587228 swapFree=50202276/50331648
Current children cumulated CPU time: 0 s
Current children cumulated vsize: 0 KiB
Current children cumulated memory: 0 KiB

[startup+0.700298 s]
/proc/loadavg: 0.52 0.58 0.59 2/13 3466
/proc/meminfo: memFree=11525100/16587228 swapFree=50202276/50331648
Current children cumulated CPU time: 0 s
Current children cumulated vsize: 0 KiB
Current children cumulated memory: 0 KiB

[startup+1.50027 s]
/proc/loadavg: 0.52 0.58 0.59 2/13 3466
/proc/meminfo: memFree=11525824/16587228 swapFree=50202276/50331648
Current children cumulated CPU time: 0 s
Current children cumulated vsize: 0 KiB
Current children cumulated memory: 0 KiB

[startup+3.10082 s]
/proc/loadavg: 0.52 0.58 0.59 2/13 3466
/proc/meminfo: memFree=11527064/16587228 swapFree=50202276/50331648
Current children cumulated CPU time: 0 s
Current children cumulated vsize: 0 KiB
Current children cumulated memory: 0 KiB
heavy processes:

[startup+6.30022 s]
/proc/loadavg: 0.52 0.58 0.59 2/13 3466
/proc/meminfo: memFree=11525056/16587228 swapFree=50202276/50331648
Current children cumulated CPU time: 0 s
Current children cumulated vsize: 0 KiB
Current children cumulated memory: 0 KiB
heavy processes:

[startup+12.7001 s]
/proc/loadavg: 0.52 0.58 0.59 2/13 3466
/proc/meminfo: memFree=11522860/16587228 swapFree=50202276/50331648
Current children cumulated CPU time: 0 s
Current children cumulated vsize: 0 KiB
Current children cumulated memory: 0 KiB
heavy processes:

[startup+25.5001 s]
/proc/loadavg: 0.52 0.58 0.59 2/13 3466
/proc/meminfo: memFree=11518328/16587228 swapFree=50202276/50331648
Current children cumulated CPU time: 0 s
Current children cumulated vsize: 0 KiB
Current children cumulated memory: 0 KiB
heavy processes:

[startup+51.101 s]
/proc/loadavg: 0.52 0.58 0.59 2/13 3466
/proc/meminfo: memFree=11507728/16587228 swapFree=50202276/50331648
Current children cumulated CPU time: 0 s
Current children cumulated vsize: 0 KiB
Current children cumulated memory: 0 KiB
heavy processes:

[startup+102.3 s]
/proc/loadavg: 0.52 0.58 0.59 2/13 3466
/proc/meminfo: memFree=11472032/16587228 swapFree=50202276/50331648
Current children cumulated CPU time: 0 s
Current children cumulated vsize: 0 KiB
Current children cumulated memory: 0 KiB
heavy processes:

[startup+162.3 s]
/proc/loadavg: 0.52 0.58 0.59 2/13 3466
/proc/meminfo: memFree=11440988/16587228 swapFree=50202276/50331648
Current children cumulated CPU time: 0 s
Current children cumulated vsize: 0 KiB
Current children cumulated memory: 0 KiB
heavy processes:

[startup+218.462 s]
# the end of solver process 3465 was just reported to runsolver
# cumulated CPU time of all completed processes:  user=217.766 s, system=0.59375 s

Solver just ended.
??? end of watcher thread
Dumping a history of the last processes samples

[startup+179.2 s]
/proc/loadavg: 0.52 0.58 0.59 2/13 3466
/proc/meminfo: memFree=11320312/16587228 swapFree=50202276/50331648
Current children cumulated CPU time: 0 s
Current children cumulated vsize: 0 KiB
Current children cumulated memory: 0 KiB

[startup+204.801 s]
/proc/loadavg: 0.52 0.58 0.59 2/13 3466
/proc/meminfo: memFree=11303116/16587228 swapFree=50202276/50331648
Current children cumulated CPU time: 0 s
Current children cumulated vsize: 0 KiB
Current children cumulated memory: 0 KiB

[startup+211.2 s]
/proc/loadavg: 0.52 0.58 0.59 2/13 3466
/proc/meminfo: memFree=11304520/16587228 swapFree=50202276/50331648
Current children cumulated CPU time: 0 s
Current children cumulated vsize: 0 KiB
Current children cumulated memory: 0 KiB

[startup+214.401 s]
/proc/loadavg: 0.52 0.58 0.59 2/13 3466
/proc/meminfo: memFree=11304600/16587228 swapFree=50202276/50331648
Current children cumulated CPU time: 0 s
Current children cumulated vsize: 0 KiB
Current children cumulated memory: 0 KiB

[startup+216 s]*
/proc/loadavg: 0.52 0.58 0.59 2/13 3466
/proc/meminfo: memFree=11304764/16587228 swapFree=50202276/50331648
Current children cumulated CPU time: 0 s
Current children cumulated vsize: 0 KiB
Current children cumulated memory: 0 KiB

[startup+217.6 s]
/proc/loadavg: 0.52 0.58 0.59 2/13 3466
/proc/meminfo: memFree=11304832/16587228 swapFree=50202276/50331648
Current children cumulated CPU time: 0 s
Current children cumulated vsize: 0 KiB
Current children cumulated memory: 0 KiB

[startup+218.001 s]*
/proc/loadavg: 0.52 0.58 0.59 2/13 3466
/proc/meminfo: memFree=11304804/16587228 swapFree=50202276/50331648
Current children cumulated CPU time: 0 s
Current children cumulated vsize: 0 KiB
Current children cumulated memory: 0 KiB

[startup+218.4 s]
/proc/loadavg: 0.52 0.58 0.59 2/13 3466
/proc/meminfo: memFree=11304804/16587228 swapFree=50202276/50331648
Current children cumulated CPU time: 0 s
Current children cumulated vsize: 0 KiB
Current children cumulated memory: 0 KiB

Child status: 0
Real time (s): 218.463
CPU time (s): 218.359
CPU user time (s): 217.766
CPU system time (s): 0.59375
CPU usage (%): 99.9528
Max. virtual memory (cumulated for all children) (KiB): 0
Max. memory (cumulated for all children) (KiB): 0

getrusage(RUSAGE_CHILDREN,...) data:
user time used= 217.766
system time used= 0.59375
maximum resident set size= 324820
integral shared memory size= 0
integral unshared data size= 0
integral unshared stack size= 0
page reclaims= 107514
page faults= 0
swaps= 0
block input operations= 0
block output operations= 0
messages sent= 0
messages received= 0
signals received= 0
voluntary context switches= 0
involuntary context switches= 0


# summary of solver processes directly reported to runsolver:
#   pid: 3465
#   total CPU time (s): 218.359
#   total CPU user time (s): 217.766
#   total CPU system time (s): 0.59375

??? end of timestamper thread
runsolver used 0 second user time and 0.015625 second system time

The end
