runsolver version 3.4.0 (svn: 3018) Copyright (C) 2010-2013 Olivier ROUSSEL

This program is distributed in the hope that it will be useful,
but WITHOUT ANY WARRANTY; without even the implied warranty of
MERCHANTABILITY or FITNESS FOR A PARTICULAR PURPOSE.  See the
GNU General Public License for more details.

command line: /home/kunalan/runsolver/src/runsolver -C 1200 -W 1200 --vsize-limit 16384 -w results_nprc/nprc_newground2_random_10_50_watch.log --var results_nprc/nprc_newground2_random_10_50_values.log python3 ../newground2.py ../instances/benchmark_instances/encodings/nprc_newground2.lp ../instances/benchmark_instances/graphs/random_10_50.lp 

running on 8 cores: 0-7

Enforcing CPUTime limit (soft limit, will send SIGTERM then SIGKILL): 1200 seconds
Enforcing CPUTime limit (hard limit, will send SIGXCPU): 1230 seconds
Enforcing wall clock limit (soft limit, will send SIGTERM then SIGKILL): 1200 seconds
Enforcing VSIZE limit (soft limit, will send SIGTERM then SIGKILL): 16777216 KiB
Enforcing VSIZE limit (hard limit, stack expansion will fail with SIGSEGV, brk() and mmap() will return ENOMEM): 16828416 KiB
Linux 4.4.0-22000-Microsoft
solver pid=3771, runsolver pid=3769
Current StackSize limit: 8192 KiB


[startup+0.10028 s]*
/proc/loadavg: 0.52 0.58 0.59 2/13 3772
/proc/meminfo: memFree=10537368/16587228 swapFree=50203372/50331648
Current children cumulated CPU time: 0 s
Current children cumulated vsize: 0 KiB
Current children cumulated memory: 0 KiB

[startup+0.201037 s]*
/proc/loadavg: 0.52 0.58 0.59 2/13 3772
/proc/meminfo: memFree=10516964/16587228 swapFree=50203372/50331648
Current children cumulated CPU time: 0 s
Current children cumulated vsize: 0 KiB
Current children cumulated memory: 0 KiB

[startup+0.300903 s]*
/proc/loadavg: 0.52 0.58 0.59 2/13 3772
/proc/meminfo: memFree=10513732/16587228 swapFree=50203372/50331648
Current children cumulated CPU time: 0 s
Current children cumulated vsize: 0 KiB
Current children cumulated memory: 0 KiB

[startup+0.700252 s]
/proc/loadavg: 0.52 0.58 0.59 2/13 3772
/proc/meminfo: memFree=10513764/16587228 swapFree=50203372/50331648
Current children cumulated CPU time: 0 s
Current children cumulated vsize: 0 KiB
Current children cumulated memory: 0 KiB

[startup+1.50031 s]
/proc/loadavg: 0.52 0.58 0.59 2/13 3772
/proc/meminfo: memFree=10515508/16587228 swapFree=50203372/50331648
Current children cumulated CPU time: 0 s
Current children cumulated vsize: 0 KiB
Current children cumulated memory: 0 KiB

[startup+3.10089 s]
/proc/loadavg: 0.52 0.58 0.59 3/13 3772
/proc/meminfo: memFree=10514320/16587228 swapFree=50203372/50331648
Current children cumulated CPU time: 0 s
Current children cumulated vsize: 0 KiB
Current children cumulated memory: 0 KiB
heavy processes:

[startup+6.30056 s]
/proc/loadavg: 0.52 0.58 0.59 2/13 3772
/proc/meminfo: memFree=10517632/16587228 swapFree=50203372/50331648
Current children cumulated CPU time: 0 s
Current children cumulated vsize: 0 KiB
Current children cumulated memory: 0 KiB
heavy processes:

[startup+12.7002 s]
/proc/loadavg: 0.52 0.58 0.59 3/13 3772
/proc/meminfo: memFree=10540740/16587228 swapFree=50203372/50331648
Current children cumulated CPU time: 0 s
Current children cumulated vsize: 0 KiB
Current children cumulated memory: 0 KiB
heavy processes:

[startup+22.5114 s]
# the end of solver process 3771 was just reported to runsolver
# cumulated CPU time of all completed processes:  user=22.0469 s, system=0.453125 s

Solver just ended.
??? end of watcher thread
Dumping a history of the last processes samples

[startup+12.801 s]
/proc/loadavg: 0.52 0.58 0.59 3/13 3772
/proc/meminfo: memFree=10541264/16587228 swapFree=50203372/50331648
Current children cumulated CPU time: 0 s
Current children cumulated vsize: 0 KiB
Current children cumulated memory: 0 KiB

[startup+19.2001 s]
/proc/loadavg: 0.52 0.58 0.59 3/13 3772
/proc/meminfo: memFree=10541896/16587228 swapFree=50203372/50331648
Current children cumulated CPU time: 0 s
Current children cumulated vsize: 0 KiB
Current children cumulated memory: 0 KiB

[startup+20.8005 s]
/proc/loadavg: 0.52 0.58 0.59 3/13 3772
/proc/meminfo: memFree=10541992/16587228 swapFree=50203372/50331648
Current children cumulated CPU time: 0 s
Current children cumulated vsize: 0 KiB
Current children cumulated memory: 0 KiB

[startup+21.6002 s]
/proc/loadavg: 0.52 0.58 0.59 2/13 3772
/proc/meminfo: memFree=10541944/16587228 swapFree=50203372/50331648
Current children cumulated CPU time: 0 s
Current children cumulated vsize: 0 KiB
Current children cumulated memory: 0 KiB

[startup+22.0002 s]*
/proc/loadavg: 0.52 0.58 0.59 3/13 3772
/proc/meminfo: memFree=10542140/16587228 swapFree=50203372/50331648
Current children cumulated CPU time: 0 s
Current children cumulated vsize: 0 KiB
Current children cumulated memory: 0 KiB

[startup+22.4002 s]
/proc/loadavg: 0.52 0.58 0.59 3/13 3772
/proc/meminfo: memFree=10542140/16587228 swapFree=50203372/50331648
Current children cumulated CPU time: 0 s
Current children cumulated vsize: 0 KiB
Current children cumulated memory: 0 KiB

[startup+22.5002 s]
/proc/loadavg: 0.52 0.58 0.59 3/13 3772
/proc/meminfo: memFree=10542140/16587228 swapFree=50203372/50331648
Current children cumulated CPU time: 0 s
Current children cumulated vsize: 0 KiB
Current children cumulated memory: 0 KiB

Child status: 0
Real time (s): 22.5115
CPU time (s): 22.5
CPU user time (s): 22.0469
CPU system time (s): 0.453125
CPU usage (%): 99.9491
Max. virtual memory (cumulated for all children) (KiB): 0
Max. memory (cumulated for all children) (KiB): 0

getrusage(RUSAGE_CHILDREN,...) data:
user time used= 22.0469
system time used= 0.453125
maximum resident set size= 24972
integral shared memory size= 0
integral unshared data size= 0
integral unshared stack size= 0
page reclaims= 6572
page faults= 0
swaps= 0
block input operations= 0
block output operations= 0
messages sent= 0
messages received= 0
signals received= 0
voluntary context switches= 0
involuntary context switches= 0


# summary of solver processes directly reported to runsolver:
#   pid: 3771
#   total CPU time (s): 22.5
#   total CPU user time (s): 22.0469
#   total CPU system time (s): 0.453125

??? end of timestamper thread
runsolver used 0 second user time and 0.015625 second system time

The end
