runsolver version 3.4.0 (svn: 3018) Copyright (C) 2010-2013 Olivier ROUSSEL

This program is distributed in the hope that it will be useful,
but WITHOUT ANY WARRANTY; without even the implied warranty of
MERCHANTABILITY or FITNESS FOR A PARTICULAR PURPOSE.  See the
GNU General Public License for more details.

command line: /home/kunalan/runsolver/src/runsolver -C 1200 -W 1200 --vsize-limit 16384 -w results_nprc/nprc_gringo_random_200_80_watch.log --var results_nprc/nprc_gringo_random_200_80_values.log gringo --verbose=2 --output text ../instances/benchmark_instances/encodings/nprc_gringo.lp ../instances/benchmark_instances/graphs/random_200_80.lp 

running on 8 cores: 0-7

Enforcing CPUTime limit (soft limit, will send SIGTERM then SIGKILL): 1200 seconds
Enforcing CPUTime limit (hard limit, will send SIGXCPU): 1230 seconds
Enforcing wall clock limit (soft limit, will send SIGTERM then SIGKILL): 1200 seconds
Enforcing VSIZE limit (soft limit, will send SIGTERM then SIGKILL): 16777216 KiB
Enforcing VSIZE limit (hard limit, stack expansion will fail with SIGSEGV, brk() and mmap() will return ENOMEM): 16828416 KiB
Linux 4.4.0-22000-Microsoft
solver pid=939, runsolver pid=937
Current StackSize limit: 8192 KiB


[startup+0.100122 s]*
/proc/loadavg: 0.52 0.58 0.59 2/13 940
/proc/meminfo: memFree=12178184/16587228 swapFree=50167072/50331648
Current children cumulated CPU time: 0 s
Current children cumulated vsize: 0 KiB
Current children cumulated memory: 0 KiB

[startup+0.201291 s]*
/proc/loadavg: 0.52 0.58 0.59 2/13 940
/proc/meminfo: memFree=12178840/16587228 swapFree=50167072/50331648
Current children cumulated CPU time: 0 s
Current children cumulated vsize: 0 KiB
Current children cumulated memory: 0 KiB

[startup+0.301031 s]*
/proc/loadavg: 0.52 0.58 0.59 3/13 940
/proc/meminfo: memFree=12179412/16587228 swapFree=50167072/50331648
Current children cumulated CPU time: 0 s
Current children cumulated vsize: 0 KiB
Current children cumulated memory: 0 KiB

[startup+0.700207 s]
/proc/loadavg: 0.52 0.58 0.59 3/13 940
/proc/meminfo: memFree=12179412/16587228 swapFree=50167072/50331648
Current children cumulated CPU time: 0 s
Current children cumulated vsize: 0 KiB
Current children cumulated memory: 0 KiB

[startup+1.50029 s]
/proc/loadavg: 0.52 0.58 0.59 2/13 940
/proc/meminfo: memFree=12175872/16587228 swapFree=50167072/50331648
Current children cumulated CPU time: 0 s
Current children cumulated vsize: 0 KiB
Current children cumulated memory: 0 KiB

[startup+3.10093 s]
/proc/loadavg: 0.52 0.58 0.59 3/13 940
/proc/meminfo: memFree=12172876/16587228 swapFree=50167072/50331648
Current children cumulated CPU time: 0 s
Current children cumulated vsize: 0 KiB
Current children cumulated memory: 0 KiB
heavy processes:

[startup+6.30008 s]
/proc/loadavg: 0.52 0.58 0.59 2/13 941
/proc/meminfo: memFree=12173284/16587228 swapFree=50167072/50331648
Current children cumulated CPU time: 0 s
Current children cumulated vsize: 0 KiB
Current children cumulated memory: 0 KiB
heavy processes:

[startup+12.7006 s]
/proc/loadavg: 0.52 0.58 0.59 2/13 941
/proc/meminfo: memFree=12175804/16587228 swapFree=50167072/50331648
Current children cumulated CPU time: 0 s
Current children cumulated vsize: 0 KiB
Current children cumulated memory: 0 KiB
heavy processes:

[startup+25.5001 s]
/proc/loadavg: 0.52 0.58 0.59 2/13 941
/proc/meminfo: memFree=12177260/16587228 swapFree=50167072/50331648
Current children cumulated CPU time: 0 s
Current children cumulated vsize: 0 KiB
Current children cumulated memory: 0 KiB
heavy processes:

[startup+27.3117 s]
# the end of solver process 939 was just reported to runsolver
# cumulated CPU time of all completed processes:  user=26.6094 s, system=0.6875 s

Solver just ended.
??? end of watcher thread
Dumping a history of the last processes samples

[startup+25.6012 s]
/proc/loadavg: 0.52 0.58 0.59 2/13 941
/proc/meminfo: memFree=12177472/16587228 swapFree=50167072/50331648
Current children cumulated CPU time: 0 s
Current children cumulated vsize: 0 KiB
Current children cumulated memory: 0 KiB

[startup+26.4005 s]
/proc/loadavg: 0.52 0.58 0.59 2/13 941
/proc/meminfo: memFree=12177700/16587228 swapFree=50167072/50331648
Current children cumulated CPU time: 0 s
Current children cumulated vsize: 0 KiB
Current children cumulated memory: 0 KiB

[startup+26.8001 s]
/proc/loadavg: 0.52 0.58 0.59 2/13 941
/proc/meminfo: memFree=12177700/16587228 swapFree=50167072/50331648
Current children cumulated CPU time: 0 s
Current children cumulated vsize: 0 KiB
Current children cumulated memory: 0 KiB

[startup+27.2004 s]
/proc/loadavg: 0.52 0.58 0.59 3/13 941
/proc/meminfo: memFree=12177596/16587228 swapFree=50167072/50331648
Current children cumulated CPU time: 0 s
Current children cumulated vsize: 0 KiB
Current children cumulated memory: 0 KiB

[startup+27.3005 s]
/proc/loadavg: 0.52 0.58 0.59 3/13 941
/proc/meminfo: memFree=12177596/16587228 swapFree=50167072/50331648
Current children cumulated CPU time: 0 s
Current children cumulated vsize: 0 KiB
Current children cumulated memory: 0 KiB

Child ended because it received signal 15 (SIGTERM)
Real time (s): 27.3118
CPU time (s): 27.2969
CPU user time (s): 26.6094
CPU system time (s): 0.6875
CPU usage (%): 99.9454
Max. virtual memory (cumulated for all children) (KiB): 0
Max. memory (cumulated for all children) (KiB): 0

getrusage(RUSAGE_CHILDREN,...) data:
user time used= 26.6094
system time used= 0.6875
maximum resident set size= 11548
integral shared memory size= 0
integral unshared data size= 0
integral unshared stack size= 0
page reclaims= 3417
page faults= 0
swaps= 0
block input operations= 0
block output operations= 0
messages sent= 0
messages received= 0
signals received= 0
voluntary context switches= 0
involuntary context switches= 0


# summary of solver processes directly reported to runsolver:
#   pid: 939
#   total CPU time (s): 27.2969
#   total CPU user time (s): 26.6094
#   total CPU system time (s): 0.6875

??? end of timestamper thread
runsolver used 0 second user time and 0 second system time

The end
