runsolver version 3.4.0 (svn: 3018) Copyright (C) 2010-2013 Olivier ROUSSEL

This program is distributed in the hope that it will be useful,
but WITHOUT ANY WARRANTY; without even the implied warranty of
MERCHANTABILITY or FITNESS FOR A PARTICULAR PURPOSE.  See the
GNU General Public License for more details.

command line: /home/kunalan/runsolver/src/runsolver -C 1200 -W 1200 --vsize-limit 16384 -w results_nprc/nprc_gringo_random_100_30_watch.log --var results_nprc/nprc_gringo_random_100_30_values.log gringo --verbose=2 --output text ../instances/benchmark_instances/encodings/nprc_gringo.lp ../instances/benchmark_instances/graphs/random_100_30.lp 

running on 8 cores: 0-7

Enforcing CPUTime limit (soft limit, will send SIGTERM then SIGKILL): 1200 seconds
Enforcing CPUTime limit (hard limit, will send SIGXCPU): 1230 seconds
Enforcing wall clock limit (soft limit, will send SIGTERM then SIGKILL): 1200 seconds
Enforcing VSIZE limit (soft limit, will send SIGTERM then SIGKILL): 16777216 KiB
Enforcing VSIZE limit (hard limit, stack expansion will fail with SIGSEGV, brk() and mmap() will return ENOMEM): 16828416 KiB
Linux 4.4.0-22000-Microsoft
Current StackSize limit: 8192 KiB

solver pid=263, runsolver pid=261

[startup+0.100109 s]*
/proc/loadavg: 0.52 0.58 0.59 2/13 264
/proc/meminfo: memFree=12873068/16587228 swapFree=50044048/50331648
Current children cumulated CPU time: 0 s
Current children cumulated vsize: 0 KiB
Current children cumulated memory: 0 KiB

[startup+0.201338 s]*
/proc/loadavg: 0.52 0.58 0.59 2/13 264
/proc/meminfo: memFree=12872968/16587228 swapFree=50044048/50331648
Current children cumulated CPU time: 0 s
Current children cumulated vsize: 0 KiB
Current children cumulated memory: 0 KiB

[startup+0.301179 s]*
/proc/loadavg: 0.52 0.58 0.59 2/13 264
/proc/meminfo: memFree=12873064/16587228 swapFree=50044048/50331648
Current children cumulated CPU time: 0 s
Current children cumulated vsize: 0 KiB
Current children cumulated memory: 0 KiB

[startup+0.700155 s]
/proc/loadavg: 0.52 0.58 0.59 2/13 264
/proc/meminfo: memFree=12874776/16587228 swapFree=50044048/50331648
Current children cumulated CPU time: 0 s
Current children cumulated vsize: 0 KiB
Current children cumulated memory: 0 KiB

[startup+1.50055 s]
/proc/loadavg: 0.52 0.58 0.59 3/13 264
/proc/meminfo: memFree=12874488/16587228 swapFree=50044048/50331648
Current children cumulated CPU time: 0 s
Current children cumulated vsize: 0 KiB
Current children cumulated memory: 0 KiB

[startup+3.10097 s]
/proc/loadavg: 0.52 0.58 0.59 2/13 264
/proc/meminfo: memFree=12875224/16587228 swapFree=50044048/50331648
Current children cumulated CPU time: 0 s
Current children cumulated vsize: 0 KiB
Current children cumulated memory: 0 KiB
heavy processes:

[startup+6.30015 s]
/proc/loadavg: 0.52 0.58 0.59 2/13 264
/proc/meminfo: memFree=12877112/16587228 swapFree=50044048/50331648
Current children cumulated CPU time: 0 s
Current children cumulated vsize: 0 KiB
Current children cumulated memory: 0 KiB
heavy processes:

[startup+12.7004 s]
/proc/loadavg: 0.52 0.58 0.59 2/13 265
/proc/meminfo: memFree=12879796/16587228 swapFree=50044048/50331648
Current children cumulated CPU time: 0 s
Current children cumulated vsize: 0 KiB
Current children cumulated memory: 0 KiB
heavy processes:

[startup+25.5003 s]
/proc/loadavg: 0.52 0.58 0.59 2/13 266
/proc/meminfo: memFree=12881748/16587228 swapFree=50050820/50331648
Current children cumulated CPU time: 0 s
Current children cumulated vsize: 0 KiB
Current children cumulated memory: 0 KiB
heavy processes:

[startup+48.2461 s]
# the end of solver process 263 was just reported to runsolver
# cumulated CPU time of all completed processes:  user=46.9375 s, system=1.26562 s

Solver just ended.
??? end of watcher thread
Dumping a history of the last processes samples

[startup+25.6009 s]
/proc/loadavg: 0.52 0.58 0.59 2/13 266
/proc/meminfo: memFree=12881744/16587228 swapFree=50050820/50331648
Current children cumulated CPU time: 0 s
Current children cumulated vsize: 0 KiB
Current children cumulated memory: 0 KiB

[startup+38.4004 s]
/proc/loadavg: 0.52 0.58 0.59 3/13 267
/proc/meminfo: memFree=12831632/16587228 swapFree=50050952/50331648
Current children cumulated CPU time: 0 s
Current children cumulated vsize: 0 KiB
Current children cumulated memory: 0 KiB

[startup+44.8004 s]
/proc/loadavg: 0.52 0.58 0.59 3/13 267
/proc/meminfo: memFree=12833032/16587228 swapFree=50050960/50331648
Current children cumulated CPU time: 0 s
Current children cumulated vsize: 0 KiB
Current children cumulated memory: 0 KiB

[startup+46.4001 s]
/proc/loadavg: 0.52 0.58 0.59 3/13 267
/proc/meminfo: memFree=12833168/16587228 swapFree=50050960/50331648
Current children cumulated CPU time: 0 s
Current children cumulated vsize: 0 KiB
Current children cumulated memory: 0 KiB

[startup+47.2003 s]
/proc/loadavg: 0.52 0.58 0.59 2/13 267
/proc/meminfo: memFree=12833172/16587228 swapFree=50050960/50331648
Current children cumulated CPU time: 0 s
Current children cumulated vsize: 0 KiB
Current children cumulated memory: 0 KiB

[startup+48.0004 s]*
/proc/loadavg: 0.52 0.58 0.59 2/13 267
/proc/meminfo: memFree=12833244/16587228 swapFree=50050960/50331648
Current children cumulated CPU time: 0 s
Current children cumulated vsize: 0 KiB
Current children cumulated memory: 0 KiB

[startup+48.2005 s]
/proc/loadavg: 0.52 0.58 0.59 2/13 267
/proc/meminfo: memFree=12833244/16587228 swapFree=50050960/50331648
Current children cumulated CPU time: 0 s
Current children cumulated vsize: 0 KiB
Current children cumulated memory: 0 KiB

Child status: 0
Real time (s): 48.2461
CPU time (s): 48.2031
CPU user time (s): 46.9375
CPU system time (s): 1.26562
CPU usage (%): 99.9109
Max. virtual memory (cumulated for all children) (KiB): 0
Max. memory (cumulated for all children) (KiB): 0

getrusage(RUSAGE_CHILDREN,...) data:
user time used= 46.9375
system time used= 1.26562
maximum resident set size= 4624
integral shared memory size= 0
integral unshared data size= 0
integral unshared stack size= 0
page reclaims= 1276
page faults= 0
swaps= 0
block input operations= 0
block output operations= 0
messages sent= 0
messages received= 0
signals received= 0
voluntary context switches= 0
involuntary context switches= 0


# summary of solver processes directly reported to runsolver:
#   pid: 263
#   total CPU time (s): 48.2031
#   total CPU user time (s): 46.9375
#   total CPU system time (s): 1.26562

??? end of timestamper thread
runsolver used 0 second user time and 0.015625 second system time

The end
