runsolver version 3.4.0 (svn: 3018) Copyright (C) 2010-2013 Olivier ROUSSEL

This program is distributed in the hope that it will be useful,
but WITHOUT ANY WARRANTY; without even the implied warranty of
MERCHANTABILITY or FITNESS FOR A PARTICULAR PURPOSE.  See the
GNU General Public License for more details.

command line: /home/kunalan/runsolver/src/runsolver -C 1200 -W 1200 --vsize-limit 16384 -w results_nprc/nprc_newground_random_1200_100_watch.log --var results_nprc/nprc_newground_random_1200_100_values.log python3 ../newground2.py ../instances/benchmark_instances/encodings/nprc_newground.lp ../instances/benchmark_instances/graphs/random_1200_100.lp 

running on 8 cores: 0-7

Enforcing CPUTime limit (soft limit, will send SIGTERM then SIGKILL): 1200 seconds
Enforcing CPUTime limit (hard limit, will send SIGXCPU): 1230 seconds
Enforcing wall clock limit (soft limit, will send SIGTERM then SIGKILL): 1200 seconds
Enforcing VSIZE limit (soft limit, will send SIGTERM then SIGKILL): 16777216 KiB
Enforcing VSIZE limit (hard limit, stack expansion will fail with SIGSEGV, brk() and mmap() will return ENOMEM): 16828416 KiB
Linux 4.4.0-22000-Microsoft
Current StackSize limit: 8192 KiB
solver pid=3450, runsolver pid=3448


[startup+0.100537 s]*
/proc/loadavg: 0.52 0.58 0.59 2/13 3451
/proc/meminfo: memFree=11454356/16587228 swapFree=50202272/50331648
Current children cumulated CPU time: 0 s
Current children cumulated vsize: 0 KiB
Current children cumulated memory: 0 KiB

[startup+0.201262 s]*
/proc/loadavg: 0.52 0.58 0.59 2/13 3451
/proc/meminfo: memFree=11448588/16587228 swapFree=50202272/50331648
Current children cumulated CPU time: 0 s
Current children cumulated vsize: 0 KiB
Current children cumulated memory: 0 KiB

[startup+0.300958 s]*
/proc/loadavg: 0.52 0.58 0.59 2/13 3451
/proc/meminfo: memFree=11436188/16587228 swapFree=50202272/50331648
Current children cumulated CPU time: 0 s
Current children cumulated vsize: 0 KiB
Current children cumulated memory: 0 KiB

[startup+0.70029 s]
/proc/loadavg: 0.52 0.58 0.59 2/13 3451
/proc/meminfo: memFree=11435580/16587228 swapFree=50202272/50331648
Current children cumulated CPU time: 0 s
Current children cumulated vsize: 0 KiB
Current children cumulated memory: 0 KiB

[startup+1.50016 s]
/proc/loadavg: 0.52 0.58 0.59 2/13 3451
/proc/meminfo: memFree=11433832/16587228 swapFree=50202272/50331648
Current children cumulated CPU time: 0 s
Current children cumulated vsize: 0 KiB
Current children cumulated memory: 0 KiB

[startup+3.10121 s]
/proc/loadavg: 0.52 0.58 0.59 2/13 3451
/proc/meminfo: memFree=11432872/16587228 swapFree=50202272/50331648
Current children cumulated CPU time: 0 s
Current children cumulated vsize: 0 KiB
Current children cumulated memory: 0 KiB
heavy processes:

[startup+6.30035 s]
/proc/loadavg: 0.52 0.58 0.59 2/13 3451
/proc/meminfo: memFree=11432600/16587228 swapFree=50202272/50331648
Current children cumulated CPU time: 0 s
Current children cumulated vsize: 0 KiB
Current children cumulated memory: 0 KiB
heavy processes:

[startup+12.7004 s]
/proc/loadavg: 0.52 0.58 0.59 2/13 3451
/proc/meminfo: memFree=11440768/16587228 swapFree=50202272/50331648
Current children cumulated CPU time: 0 s
Current children cumulated vsize: 0 KiB
Current children cumulated memory: 0 KiB
heavy processes:

[startup+25.5002 s]
/proc/loadavg: 0.52 0.58 0.59 2/13 3451
/proc/meminfo: memFree=11438332/16587228 swapFree=50202272/50331648
Current children cumulated CPU time: 0 s
Current children cumulated vsize: 0 KiB
Current children cumulated memory: 0 KiB
heavy processes:

[startup+51.1012 s]
/proc/loadavg: 0.52 0.58 0.59 2/13 3451
/proc/meminfo: memFree=11426200/16587228 swapFree=50202272/50331648
Current children cumulated CPU time: 0 s
Current children cumulated vsize: 0 KiB
Current children cumulated memory: 0 KiB
heavy processes:

[startup+102.3 s]
/proc/loadavg: 0.52 0.58 0.59 2/13 3451
/proc/meminfo: memFree=11418452/16587228 swapFree=50202272/50331648
Current children cumulated CPU time: 0 s
Current children cumulated vsize: 0 KiB
Current children cumulated memory: 0 KiB
heavy processes:

[startup+162.3 s]
/proc/loadavg: 0.52 0.58 0.59 2/13 3451
/proc/meminfo: memFree=11442900/16587228 swapFree=50202276/50331648
Current children cumulated CPU time: 0 s
Current children cumulated vsize: 0 KiB
Current children cumulated memory: 0 KiB
heavy processes:

[startup+222.3 s]
/proc/loadavg: 0.52 0.58 0.59 2/13 3451
/proc/meminfo: memFree=11445872/16587228 swapFree=50202276/50331648
Current children cumulated CPU time: 0 s
Current children cumulated vsize: 0 KiB
Current children cumulated memory: 0 KiB
heavy processes:

[startup+282.301 s]
/proc/loadavg: 0.52 0.58 0.59 2/13 3451
/proc/meminfo: memFree=11430184/16587228 swapFree=50202276/50331648
Current children cumulated CPU time: 0 s
Current children cumulated vsize: 0 KiB
Current children cumulated memory: 0 KiB
heavy processes:

[startup+342.301 s]
/proc/loadavg: 0.52 0.58 0.59 2/13 3451
/proc/meminfo: memFree=11385820/16587228 swapFree=50202276/50331648
Current children cumulated CPU time: 0 s
Current children cumulated vsize: 0 KiB
Current children cumulated memory: 0 KiB
heavy processes:

[startup+402.3 s]
/proc/loadavg: 0.52 0.58 0.59 2/13 3451
/proc/meminfo: memFree=11320140/16587228 swapFree=50202276/50331648
Current children cumulated CPU time: 0 s
Current children cumulated vsize: 0 KiB
Current children cumulated memory: 0 KiB
heavy processes:

[startup+462.3 s]
/proc/loadavg: 0.52 0.58 0.59 2/13 3451
/proc/meminfo: memFree=11123036/16587228 swapFree=50202276/50331648
Current children cumulated CPU time: 0 s
Current children cumulated vsize: 0 KiB
Current children cumulated memory: 0 KiB
heavy processes:

[startup+471.532 s]
# the end of solver process 3450 was just reported to runsolver
# cumulated CPU time of all completed processes:  user=470.375 s, system=1.0625 s

Solver just ended.
??? end of watcher thread
Dumping a history of the last processes samples

[startup+467.2 s]
/proc/loadavg: 0.52 0.58 0.59 2/13 3451
/proc/meminfo: memFree=11147492/16587228 swapFree=50202276/50331648
Current children cumulated CPU time: 0 s
Current children cumulated vsize: 0 KiB
Current children cumulated memory: 0 KiB

[startup+468.801 s]
/proc/loadavg: 0.52 0.58 0.59 2/13 3451
/proc/meminfo: memFree=11147596/16587228 swapFree=50202276/50331648
Current children cumulated CPU time: 0 s
Current children cumulated vsize: 0 KiB
Current children cumulated memory: 0 KiB

[startup+470.401 s]
/proc/loadavg: 0.52 0.58 0.59 2/13 3451
/proc/meminfo: memFree=11147652/16587228 swapFree=50202276/50331648
Current children cumulated CPU time: 0 s
Current children cumulated vsize: 0 KiB
Current children cumulated memory: 0 KiB

[startup+471.2 s]
/proc/loadavg: 0.52 0.58 0.59 2/13 3451
/proc/meminfo: memFree=11147676/16587228 swapFree=50202276/50331648
Current children cumulated CPU time: 0 s
Current children cumulated vsize: 0 KiB
Current children cumulated memory: 0 KiB

[startup+471.4 s]
/proc/loadavg: 0.52 0.58 0.59 2/13 3451
/proc/meminfo: memFree=11147676/16587228 swapFree=50202276/50331648
Current children cumulated CPU time: 0 s
Current children cumulated vsize: 0 KiB
Current children cumulated memory: 0 KiB

[startup+471.5 s]
/proc/loadavg: 0.52 0.58 0.59 2/13 3451
/proc/meminfo: memFree=11147676/16587228 swapFree=50202276/50331648
Current children cumulated CPU time: 0 s
Current children cumulated vsize: 0 KiB
Current children cumulated memory: 0 KiB

Child status: 0
Real time (s): 471.532
CPU time (s): 471.438
CPU user time (s): 470.375
CPU system time (s): 1.0625
CPU usage (%): 99.98
Max. virtual memory (cumulated for all children) (KiB): 0
Max. memory (cumulated for all children) (KiB): 0

getrusage(RUSAGE_CHILDREN,...) data:
user time used= 470.375
system time used= 1.0625
maximum resident set size= 484368
integral shared memory size= 0
integral unshared data size= 0
integral unshared stack size= 0
page reclaims= 159831
page faults= 0
swaps= 0
block input operations= 0
block output operations= 0
messages sent= 0
messages received= 0
signals received= 0
voluntary context switches= 0
involuntary context switches= 0


# summary of solver processes directly reported to runsolver:
#   pid: 3450
#   total CPU time (s): 471.438
#   total CPU user time (s): 470.375
#   total CPU system time (s): 1.0625

??? end of timestamper thread
runsolver used 0 second user time and 0 second system time

The end
