runsolver version 3.4.0 (svn: 3018) Copyright (C) 2010-2013 Olivier ROUSSEL

This program is distributed in the hope that it will be useful,
but WITHOUT ANY WARRANTY; without even the implied warranty of
MERCHANTABILITY or FITNESS FOR A PARTICULAR PURPOSE.  See the
GNU General Public License for more details.

command line: /home/kunalan/runsolver/src/runsolver -C 1200 -W 1200 --vsize-limit 16384 -w results_nprc/nprc_newground2_random_15_20_watch.log --var results_nprc/nprc_newground2_random_15_20_values.log python3 ../newground2.py ../instances/benchmark_instances/encodings/nprc_newground2.lp ../instances/benchmark_instances/graphs/random_15_20.lp 

running on 8 cores: 0-7

Enforcing CPUTime limit (soft limit, will send SIGTERM then SIGKILL): 1200 seconds
Enforcing CPUTime limit (hard limit, will send SIGXCPU): 1230 seconds
Enforcing wall clock limit (soft limit, will send SIGTERM then SIGKILL): 1200 seconds
Enforcing VSIZE limit (soft limit, will send SIGTERM then SIGKILL): 16777216 KiB
Enforcing VSIZE limit (hard limit, stack expansion will fail with SIGSEGV, brk() and mmap() will return ENOMEM): 16828416 KiB
Linux 4.4.0-22000-Microsoft
Current StackSize limit: 8192 KiB
solver pid=3812, runsolver pid=3810


[startup+0.100522 s]*
/proc/loadavg: 0.52 0.58 0.59 2/13 3813
/proc/meminfo: memFree=10599700/16587228 swapFree=50203612/50331648
Current children cumulated CPU time: 0 s
Current children cumulated vsize: 0 KiB
Current children cumulated memory: 0 KiB

[startup+0.201329 s]*
/proc/loadavg: 0.52 0.58 0.59 2/13 3813
/proc/meminfo: memFree=10588368/16587228 swapFree=50203612/50331648
Current children cumulated CPU time: 0 s
Current children cumulated vsize: 0 KiB
Current children cumulated memory: 0 KiB

[startup+0.301021 s]*
/proc/loadavg: 0.52 0.58 0.59 2/13 3813
/proc/meminfo: memFree=10584768/16587228 swapFree=50203612/50331648
Current children cumulated CPU time: 0 s
Current children cumulated vsize: 0 KiB
Current children cumulated memory: 0 KiB

[startup+0.700577 s]
/proc/loadavg: 0.52 0.58 0.59 2/13 3813
/proc/meminfo: memFree=10575064/16587228 swapFree=50203612/50331648
Current children cumulated CPU time: 0 s
Current children cumulated vsize: 0 KiB
Current children cumulated memory: 0 KiB

[startup+1.50055 s]
/proc/loadavg: 0.52 0.58 0.59 2/13 3813
/proc/meminfo: memFree=10575736/16587228 swapFree=50203612/50331648
Current children cumulated CPU time: 0 s
Current children cumulated vsize: 0 KiB
Current children cumulated memory: 0 KiB

[startup+3.10096 s]
/proc/loadavg: 0.52 0.58 0.59 3/13 3813
/proc/meminfo: memFree=10581472/16587228 swapFree=50203612/50331648
Current children cumulated CPU time: 0 s
Current children cumulated vsize: 0 KiB
Current children cumulated memory: 0 KiB
heavy processes:

[startup+6.30057 s]
/proc/loadavg: 0.52 0.58 0.59 2/13 3813
/proc/meminfo: memFree=10581488/16587228 swapFree=50203612/50331648
Current children cumulated CPU time: 0 s
Current children cumulated vsize: 0 KiB
Current children cumulated memory: 0 KiB
heavy processes:

[startup+12.7004 s]
/proc/loadavg: 0.52 0.58 0.59 2/13 3813
/proc/meminfo: memFree=10585320/16587228 swapFree=50203612/50331648
Current children cumulated CPU time: 0 s
Current children cumulated vsize: 0 KiB
Current children cumulated memory: 0 KiB
heavy processes:

[startup+25.5002 s]
/proc/loadavg: 0.52 0.58 0.59 2/13 3813
/proc/meminfo: memFree=10586704/16587228 swapFree=50203612/50331648
Current children cumulated CPU time: 0 s
Current children cumulated vsize: 0 KiB
Current children cumulated memory: 0 KiB
heavy processes:

[startup+51.1012 s]
/proc/loadavg: 0.52 0.58 0.59 2/13 3813
/proc/meminfo: memFree=10588252/16587228 swapFree=50203612/50331648
Current children cumulated CPU time: 0 s
Current children cumulated vsize: 0 KiB
Current children cumulated memory: 0 KiB
heavy processes:

[startup+102.301 s]
/proc/loadavg: 0.52 0.58 0.59 2/13 3813
/proc/meminfo: memFree=10588628/16587228 swapFree=50203616/50331648
Current children cumulated CPU time: 0 s
Current children cumulated vsize: 0 KiB
Current children cumulated memory: 0 KiB
heavy processes:

[startup+162.3 s]
/proc/loadavg: 0.52 0.58 0.59 2/13 3813
/proc/meminfo: memFree=10568832/16587228 swapFree=50203620/50331648
Current children cumulated CPU time: 0 s
Current children cumulated vsize: 0 KiB
Current children cumulated memory: 0 KiB
heavy processes:

[startup+222.3 s]
/proc/loadavg: 0.52 0.58 0.59 2/13 3813
/proc/meminfo: memFree=10570096/16587228 swapFree=50203620/50331648
Current children cumulated CPU time: 0 s
Current children cumulated vsize: 0 KiB
Current children cumulated memory: 0 KiB
heavy processes:

[startup+232.146 s]
# the end of solver process 3812 was just reported to runsolver
# cumulated CPU time of all completed processes:  user=227.406 s, system=4.6875 s

Solver just ended.
??? end of watcher thread
Dumping a history of the last processes samples

[startup+224 s]*
/proc/loadavg: 0.52 0.58 0.59 2/13 3813
/proc/meminfo: memFree=10568076/16587228 swapFree=50203620/50331648
Current children cumulated CPU time: 0 s
Current children cumulated vsize: 0 KiB
Current children cumulated memory: 0 KiB

[startup+227.2 s]
/proc/loadavg: 0.52 0.58 0.59 3/13 3813
/proc/meminfo: memFree=10567376/16587228 swapFree=50203620/50331648
Current children cumulated CPU time: 0 s
Current children cumulated vsize: 0 KiB
Current children cumulated memory: 0 KiB

[startup+230.4 s]
/proc/loadavg: 0.52 0.58 0.59 2/13 3813
/proc/meminfo: memFree=10573872/16587228 swapFree=50203620/50331648
Current children cumulated CPU time: 0 s
Current children cumulated vsize: 0 KiB
Current children cumulated memory: 0 KiB

[startup+231.2 s]
/proc/loadavg: 0.52 0.58 0.59 3/13 3813
/proc/meminfo: memFree=10574420/16587228 swapFree=50203620/50331648
Current children cumulated CPU time: 0 s
Current children cumulated vsize: 0 KiB
Current children cumulated memory: 0 KiB

[startup+231.6 s]
/proc/loadavg: 0.52 0.58 0.59 3/13 3813
/proc/meminfo: memFree=10574420/16587228 swapFree=50203620/50331648
Current children cumulated CPU time: 0 s
Current children cumulated vsize: 0 KiB
Current children cumulated memory: 0 KiB

[startup+232 s]*
/proc/loadavg: 0.52 0.58 0.59 2/13 3813
/proc/meminfo: memFree=10573848/16587228 swapFree=50203620/50331648
Current children cumulated CPU time: 0 s
Current children cumulated vsize: 0 KiB
Current children cumulated memory: 0 KiB

[startup+232.101 s]
/proc/loadavg: 0.52 0.58 0.59 2/13 3813
/proc/meminfo: memFree=10573848/16587228 swapFree=50203620/50331648
Current children cumulated CPU time: 0 s
Current children cumulated vsize: 0 KiB
Current children cumulated memory: 0 KiB

Child status: 0
Real time (s): 232.146
CPU time (s): 232.094
CPU user time (s): 227.406
CPU system time (s): 4.6875
CPU usage (%): 99.9774
Max. virtual memory (cumulated for all children) (KiB): 0
Max. memory (cumulated for all children) (KiB): 0

getrusage(RUSAGE_CHILDREN,...) data:
user time used= 227.406
system time used= 4.6875
maximum resident set size= 25532
integral shared memory size= 0
integral unshared data size= 0
integral unshared stack size= 0
page reclaims= 6713
page faults= 0
swaps= 0
block input operations= 0
block output operations= 0
messages sent= 0
messages received= 0
signals received= 0
voluntary context switches= 0
involuntary context switches= 0


# summary of solver processes directly reported to runsolver:
#   pid: 3812
#   total CPU time (s): 232.094
#   total CPU user time (s): 227.406
#   total CPU system time (s): 4.6875

??? end of timestamper thread
runsolver used 0 second user time and 0.015625 second system time

The end
