runsolver version 3.4.0 (svn: 3018) Copyright (C) 2010-2013 Olivier ROUSSEL

This program is distributed in the hope that it will be useful,
but WITHOUT ANY WARRANTY; without even the implied warranty of
MERCHANTABILITY or FITNESS FOR A PARTICULAR PURPOSE.  See the
GNU General Public License for more details.

command line: /home/kunalan/runsolver/src/runsolver -C 1200 -W 1200 --vsize-limit 16384 -w results_nprc/nprc_newground_random_25_70_watch.log --var results_nprc/nprc_newground_random_25_70_values.log python3 ../newground2.py ../instances/benchmark_instances/encodings/nprc_newground.lp ../instances/benchmark_instances/graphs/random_25_70.lp 

running on 8 cores: 0-7

Enforcing CPUTime limit (soft limit, will send SIGTERM then SIGKILL): 1200 seconds
Enforcing CPUTime limit (hard limit, will send SIGXCPU): 1230 seconds
Enforcing wall clock limit (soft limit, will send SIGTERM then SIGKILL): 1200 seconds
Enforcing VSIZE limit (soft limit, will send SIGTERM then SIGKILL): 16777216 KiB
Enforcing VSIZE limit (hard limit, stack expansion will fail with SIGSEGV, brk() and mmap() will return ENOMEM): 16828416 KiB
Linux 4.4.0-22000-Microsoft
Current StackSize limit: 8192 KiB
solver pid=1301, runsolver pid=1299


[startup+0.100286 s]*
/proc/loadavg: 0.52 0.58 0.59 2/13 1302
/proc/meminfo: memFree=11789952/16587228 swapFree=50191648/50331648
Current children cumulated CPU time: 0 s
Current children cumulated vsize: 0 KiB
Current children cumulated memory: 0 KiB

[startup+0.201431 s]*
/proc/loadavg: 0.52 0.58 0.59 2/13 1302
/proc/meminfo: memFree=11777596/16587228 swapFree=50191648/50331648
Current children cumulated CPU time: 0 s
Current children cumulated vsize: 0 KiB
Current children cumulated memory: 0 KiB

[startup+0.300781 s]*
/proc/loadavg: 0.52 0.58 0.59 2/13 1302
/proc/meminfo: memFree=11767432/16587228 swapFree=50191648/50331648
Current children cumulated CPU time: 0 s
Current children cumulated vsize: 0 KiB
Current children cumulated memory: 0 KiB

[startup+0.426893 s]
# the end of solver process 1301 was just reported to runsolver
# cumulated CPU time of all completed processes:  user=0.328125 s, system=0.09375 s

Solver just ended.
??? end of watcher thread
Dumping a history of the last processes samples

[startup+0.401003 s]*
/proc/loadavg: 0.52 0.58 0.59 2/13 1302
/proc/meminfo: memFree=11766556/16587228 swapFree=50191648/50331648
Current children cumulated CPU time: 0 s
Current children cumulated vsize: 0 KiB
Current children cumulated memory: 0 KiB

Child status: 0
Real time (s): 0.426947
CPU time (s): 0.421875
CPU user time (s): 0.328125
CPU system time (s): 0.09375
CPU usage (%): 98.812
Max. virtual memory (cumulated for all children) (KiB): 0
Max. memory (cumulated for all children) (KiB): 0

getrusage(RUSAGE_CHILDREN,...) data:
user time used= 0.328125
system time used= 0.09375
maximum resident set size= 24720
integral shared memory size= 0
integral unshared data size= 0
integral unshared stack size= 0
page reclaims= 6509
page faults= 0
swaps= 0
block input operations= 0
block output operations= 0
messages sent= 0
messages received= 0
signals received= 0
voluntary context switches= 0
involuntary context switches= 0


# summary of solver processes directly reported to runsolver:
#   pid: 1301
#   total CPU time (s): 0.421875
#   total CPU user time (s): 0.328125
#   total CPU system time (s): 0.09375

??? end of timestamper thread
runsolver used 0 second user time and 0.015625 second system time

The end
