runsolver version 3.4.0 (svn: 3018) Copyright (C) 2010-2013 Olivier ROUSSEL

This program is distributed in the hope that it will be useful,
but WITHOUT ANY WARRANTY; without even the implied warranty of
MERCHANTABILITY or FITNESS FOR A PARTICULAR PURPOSE.  See the
GNU General Public License for more details.

command line: /home/kunalan/runsolver/src/runsolver -C 1200 -W 1200 --vsize-limit 16384 -w results_nprc/nprc_newground2_random_200_10_watch.log --var results_nprc/nprc_newground2_random_200_10_values.log python3 ../newground2.py ../instances/benchmark_instances/encodings/nprc_newground2.lp ../instances/benchmark_instances/graphs/random_200_10.lp 

running on 8 cores: 0-7

Enforcing CPUTime limit (soft limit, will send SIGTERM then SIGKILL): 1200 seconds
Enforcing CPUTime limit (hard limit, will send SIGXCPU): 1230 seconds
Enforcing wall clock limit (soft limit, will send SIGTERM then SIGKILL): 1200 seconds
Enforcing VSIZE limit (soft limit, will send SIGTERM then SIGKILL): 16777216 KiB
Enforcing VSIZE limit (hard limit, stack expansion will fail with SIGSEGV, brk() and mmap() will return ENOMEM): 16828416 KiB
Linux 4.4.0-22000-Microsoft
solver pid=747, runsolver pid=745
Current StackSize limit: 8192 KiB


[startup+0.100532 s]*
/proc/loadavg: 0.52 0.58 0.59 2/13 748
/proc/meminfo: memFree=12559788/16587228 swapFree=50111232/50331648
Current children cumulated CPU time: 0 s
Current children cumulated vsize: 0 KiB
Current children cumulated memory: 0 KiB

[startup+0.201147 s]*
/proc/loadavg: 0.52 0.58 0.59 2/13 748
/proc/meminfo: memFree=12545016/16587228 swapFree=50111232/50331648
Current children cumulated CPU time: 0 s
Current children cumulated vsize: 0 KiB
Current children cumulated memory: 0 KiB

[startup+0.30139 s]*
/proc/loadavg: 0.52 0.58 0.59 2/13 748
/proc/meminfo: memFree=12536476/16587228 swapFree=50111232/50331648
Current children cumulated CPU time: 0 s
Current children cumulated vsize: 0 KiB
Current children cumulated memory: 0 KiB

[startup+0.700502 s]
/proc/loadavg: 0.52 0.58 0.59 2/13 748
/proc/meminfo: memFree=12536460/16587228 swapFree=50111232/50331648
Current children cumulated CPU time: 0 s
Current children cumulated vsize: 0 KiB
Current children cumulated memory: 0 KiB

[startup+1.50033 s]
/proc/loadavg: 0.52 0.58 0.59 2/13 748
/proc/meminfo: memFree=12534128/16587228 swapFree=50111232/50331648
Current children cumulated CPU time: 0 s
Current children cumulated vsize: 0 KiB
Current children cumulated memory: 0 KiB

[startup+3.1009 s]
/proc/loadavg: 0.52 0.58 0.59 2/13 748
/proc/meminfo: memFree=12556220/16587228 swapFree=50111232/50331648
Current children cumulated CPU time: 0 s
Current children cumulated vsize: 0 KiB
Current children cumulated memory: 0 KiB
heavy processes:

[startup+6.30013 s]
/proc/loadavg: 0.52 0.58 0.59 2/13 748
/proc/meminfo: memFree=12550500/16587228 swapFree=50111232/50331648
Current children cumulated CPU time: 0 s
Current children cumulated vsize: 0 KiB
Current children cumulated memory: 0 KiB
heavy processes:

[startup+12.7005 s]
/proc/loadavg: 0.52 0.58 0.59 2/13 748
/proc/meminfo: memFree=12550616/16587228 swapFree=50111232/50331648
Current children cumulated CPU time: 0 s
Current children cumulated vsize: 0 KiB
Current children cumulated memory: 0 KiB
heavy processes:

[startup+25.5004 s]
/proc/loadavg: 0.52 0.58 0.59 2/13 748
/proc/meminfo: memFree=12550264/16587228 swapFree=50111232/50331648
Current children cumulated CPU time: 0 s
Current children cumulated vsize: 0 KiB
Current children cumulated memory: 0 KiB
heavy processes:

[startup+51.101 s]
/proc/loadavg: 0.52 0.58 0.59 2/13 748
/proc/meminfo: memFree=12550912/16587228 swapFree=50111232/50331648
Current children cumulated CPU time: 0 s
Current children cumulated vsize: 0 KiB
Current children cumulated memory: 0 KiB
heavy processes:

[startup+102.3 s]
/proc/loadavg: 0.52 0.58 0.59 2/13 748
/proc/meminfo: memFree=12537604/16587228 swapFree=50111232/50331648
Current children cumulated CPU time: 0 s
Current children cumulated vsize: 0 KiB
Current children cumulated memory: 0 KiB
heavy processes:

[startup+162.301 s]
/proc/loadavg: 0.52 0.58 0.59 2/13 749
/proc/meminfo: memFree=12511828/16587228 swapFree=50111240/50331648
Current children cumulated CPU time: 0 s
Current children cumulated vsize: 0 KiB
Current children cumulated memory: 0 KiB
heavy processes:

[startup+173.12 s]
# the end of solver process 747 was just reported to runsolver
# cumulated CPU time of all completed processes:  user=172.391 s, system=0.671875 s

Solver just ended.
??? end of watcher thread
Dumping a history of the last processes samples

[startup+166.4 s]
/proc/loadavg: 0.52 0.58 0.59 2/13 749
/proc/meminfo: memFree=12511860/16587228 swapFree=50111240/50331648
Current children cumulated CPU time: 0 s
Current children cumulated vsize: 0 KiB
Current children cumulated memory: 0 KiB

[startup+169.6 s]
/proc/loadavg: 0.52 0.58 0.59 2/13 749
/proc/meminfo: memFree=12512160/16587228 swapFree=50111240/50331648
Current children cumulated CPU time: 0 s
Current children cumulated vsize: 0 KiB
Current children cumulated memory: 0 KiB

[startup+171.2 s]
/proc/loadavg: 0.52 0.58 0.59 2/13 749
/proc/meminfo: memFree=12512124/16587228 swapFree=50111240/50331648
Current children cumulated CPU time: 0 s
Current children cumulated vsize: 0 KiB
Current children cumulated memory: 0 KiB

[startup+172 s]*
/proc/loadavg: 0.52 0.58 0.59 2/13 749
/proc/meminfo: memFree=12512036/16587228 swapFree=50111240/50331648
Current children cumulated CPU time: 0 s
Current children cumulated vsize: 0 KiB
Current children cumulated memory: 0 KiB

[startup+172.8 s]
/proc/loadavg: 0.52 0.58 0.59 2/13 749
/proc/meminfo: memFree=12512036/16587228 swapFree=50111240/50331648
Current children cumulated CPU time: 0 s
Current children cumulated vsize: 0 KiB
Current children cumulated memory: 0 KiB

[startup+173 s]*
/proc/loadavg: 0.52 0.58 0.59 2/13 749
/proc/meminfo: memFree=12511940/16587228 swapFree=50111240/50331648
Current children cumulated CPU time: 0 s
Current children cumulated vsize: 0 KiB
Current children cumulated memory: 0 KiB

[startup+173.101 s]
/proc/loadavg: 0.52 0.58 0.59 2/13 749
/proc/meminfo: memFree=12511940/16587228 swapFree=50111240/50331648
Current children cumulated CPU time: 0 s
Current children cumulated vsize: 0 KiB
Current children cumulated memory: 0 KiB

Child ended because it received signal 9 (SIGKILL)
Real time (s): 173.12
CPU time (s): 173.062
CPU user time (s): 172.391
CPU system time (s): 0.671875
CPU usage (%): 99.9667
Max. virtual memory (cumulated for all children) (KiB): 0
Max. memory (cumulated for all children) (KiB): 0

getrusage(RUSAGE_CHILDREN,...) data:
user time used= 172.391
system time used= 0.671875
maximum resident set size= 61460
integral shared memory size= 0
integral unshared data size= 0
integral unshared stack size= 0
page reclaims= 127318
page faults= 0
swaps= 0
block input operations= 0
block output operations= 0
messages sent= 0
messages received= 0
signals received= 0
voluntary context switches= 0
involuntary context switches= 0


# summary of solver processes directly reported to runsolver:
#   pid: 747
#   total CPU time (s): 173.062
#   total CPU user time (s): 172.391
#   total CPU system time (s): 0.671875

??? end of timestamper thread
runsolver used 0 second user time and 0 second system time

The end
