runsolver version 3.4.0 (svn: 3018) Copyright (C) 2010-2013 Olivier ROUSSEL

This program is distributed in the hope that it will be useful,
but WITHOUT ANY WARRANTY; without even the implied warranty of
MERCHANTABILITY or FITNESS FOR A PARTICULAR PURPOSE.  See the
GNU General Public License for more details.

command line: /home/kunalan/runsolver/src/runsolver -C 1200 -W 1200 --vsize-limit 16384 -w results_nprc/nprc_newground2_random_15_10_watch.log --var results_nprc/nprc_newground2_random_15_10_values.log python3 ../newground2.py ../instances/benchmark_instances/encodings/nprc_newground2.lp ../instances/benchmark_instances/graphs/random_15_10.lp 

running on 8 cores: 0-7

Enforcing CPUTime limit (soft limit, will send SIGTERM then SIGKILL): 1200 seconds
Enforcing CPUTime limit (hard limit, will send SIGXCPU): 1230 seconds
Enforcing wall clock limit (soft limit, will send SIGTERM then SIGKILL): 1200 seconds
Enforcing VSIZE limit (soft limit, will send SIGTERM then SIGKILL): 16777216 KiB
Enforcing VSIZE limit (hard limit, stack expansion will fail with SIGSEGV, brk() and mmap() will return ENOMEM): 16828416 KiB
Linux 4.4.0-22000-Microsoft
solver pid=3797, runsolver pid=3795
Current StackSize limit: 8192 KiB


[startup+0.10016 s]*
/proc/loadavg: 0.52 0.58 0.59 2/13 3798
/proc/meminfo: memFree=10571452/16587228 swapFree=50203372/50331648
Current children cumulated CPU time: 0 s
Current children cumulated vsize: 0 KiB
Current children cumulated memory: 0 KiB

[startup+0.20136 s]*
/proc/loadavg: 0.52 0.58 0.59 2/13 3798
/proc/meminfo: memFree=10560532/16587228 swapFree=50203372/50331648
Current children cumulated CPU time: 0 s
Current children cumulated vsize: 0 KiB
Current children cumulated memory: 0 KiB

[startup+0.30108 s]*
/proc/loadavg: 0.52 0.58 0.59 2/13 3798
/proc/meminfo: memFree=10548048/16587228 swapFree=50203372/50331648
Current children cumulated CPU time: 0 s
Current children cumulated vsize: 0 KiB
Current children cumulated memory: 0 KiB

[startup+0.700558 s]
/proc/loadavg: 0.52 0.58 0.59 2/13 3798
/proc/meminfo: memFree=10548068/16587228 swapFree=50203372/50331648
Current children cumulated CPU time: 0 s
Current children cumulated vsize: 0 KiB
Current children cumulated memory: 0 KiB

[startup+1.50014 s]
/proc/loadavg: 0.52 0.58 0.59 2/13 3798
/proc/meminfo: memFree=10545512/16587228 swapFree=50203372/50331648
Current children cumulated CPU time: 0 s
Current children cumulated vsize: 0 KiB
Current children cumulated memory: 0 KiB

[startup+3.10089 s]
/proc/loadavg: 0.52 0.58 0.59 2/13 3799
/proc/meminfo: memFree=10547492/16587228 swapFree=50203372/50331648
Current children cumulated CPU time: 0 s
Current children cumulated vsize: 0 KiB
Current children cumulated memory: 0 KiB
heavy processes:

[startup+6.30047 s]
/proc/loadavg: 0.52 0.58 0.59 2/13 3799
/proc/meminfo: memFree=10552012/16587228 swapFree=50203372/50331648
Current children cumulated CPU time: 0 s
Current children cumulated vsize: 0 KiB
Current children cumulated memory: 0 KiB
heavy processes:

[startup+12.7005 s]
/proc/loadavg: 0.52 0.58 0.59 2/13 3800
/proc/meminfo: memFree=10551052/16587228 swapFree=50203372/50331648
Current children cumulated CPU time: 0 s
Current children cumulated vsize: 0 KiB
Current children cumulated memory: 0 KiB
heavy processes:

[startup+25.5004 s]
/proc/loadavg: 0.52 0.58 0.59 2/13 3801
/proc/meminfo: memFree=10550808/16587228 swapFree=50203372/50331648
Current children cumulated CPU time: 0 s
Current children cumulated vsize: 0 KiB
Current children cumulated memory: 0 KiB
heavy processes:

[startup+51.1011 s]
/proc/loadavg: 0.52 0.58 0.59 3/13 3803
/proc/meminfo: memFree=10551612/16587228 swapFree=50203372/50331648
Current children cumulated CPU time: 0 s
Current children cumulated vsize: 0 KiB
Current children cumulated memory: 0 KiB
heavy processes:

[startup+101.81 s]
# the end of solver process 3797 was just reported to runsolver
# cumulated CPU time of all completed processes:  user=99.3438 s, system=2.40625 s

Solver just ended.
??? end of watcher thread
Dumping a history of the last processes samples

[startup+51.2008 s]
/proc/loadavg: 0.52 0.58 0.59 2/13 3803
/proc/meminfo: memFree=10551612/16587228 swapFree=50203372/50331648
Current children cumulated CPU time: 0 s
Current children cumulated vsize: 0 KiB
Current children cumulated memory: 0 KiB

[startup+76.8004 s]
/proc/loadavg: 0.52 0.58 0.59 2/13 3803
/proc/meminfo: memFree=10555680/16587228 swapFree=50203372/50331648
Current children cumulated CPU time: 0 s
Current children cumulated vsize: 0 KiB
Current children cumulated memory: 0 KiB

[startup+89.6001 s]
/proc/loadavg: 0.52 0.58 0.59 2/13 3803
/proc/meminfo: memFree=10556676/16587228 swapFree=50203372/50331648
Current children cumulated CPU time: 0 s
Current children cumulated vsize: 0 KiB
Current children cumulated memory: 0 KiB

[startup+96.0003 s]*
/proc/loadavg: 0.52 0.58 0.59 3/13 3803
/proc/meminfo: memFree=10556864/16587228 swapFree=50203372/50331648
Current children cumulated CPU time: 0 s
Current children cumulated vsize: 0 KiB
Current children cumulated memory: 0 KiB

[startup+99.2005 s]
/proc/loadavg: 0.52 0.58 0.59 3/13 3803
/proc/meminfo: memFree=10557152/16587228 swapFree=50203372/50331648
Current children cumulated CPU time: 0 s
Current children cumulated vsize: 0 KiB
Current children cumulated memory: 0 KiB

[startup+100.8 s]
/proc/loadavg: 0.52 0.58 0.59 2/13 3803
/proc/meminfo: memFree=10557204/16587228 swapFree=50203372/50331648
Current children cumulated CPU time: 0 s
Current children cumulated vsize: 0 KiB
Current children cumulated memory: 0 KiB

[startup+101.6 s]
/proc/loadavg: 0.52 0.58 0.59 2/13 3803
/proc/meminfo: memFree=10557192/16587228 swapFree=50203372/50331648
Current children cumulated CPU time: 0 s
Current children cumulated vsize: 0 KiB
Current children cumulated memory: 0 KiB

[startup+101.8 s]
/proc/loadavg: 0.52 0.58 0.59 2/13 3803
/proc/meminfo: memFree=10557192/16587228 swapFree=50203372/50331648
Current children cumulated CPU time: 0 s
Current children cumulated vsize: 0 KiB
Current children cumulated memory: 0 KiB

Child status: 0
Real time (s): 101.81
CPU time (s): 101.75
CPU user time (s): 99.3438
CPU system time (s): 2.40625
CPU usage (%): 99.9407
Max. virtual memory (cumulated for all children) (KiB): 0
Max. memory (cumulated for all children) (KiB): 0

getrusage(RUSAGE_CHILDREN,...) data:
user time used= 99.3438
system time used= 2.40625
maximum resident set size= 25264
integral shared memory size= 0
integral unshared data size= 0
integral unshared stack size= 0
page reclaims= 6647
page faults= 0
swaps= 0
block input operations= 0
block output operations= 0
messages sent= 0
messages received= 0
signals received= 0
voluntary context switches= 0
involuntary context switches= 0


# summary of solver processes directly reported to runsolver:
#   pid: 3797
#   total CPU time (s): 101.75
#   total CPU user time (s): 99.3438
#   total CPU system time (s): 2.40625

??? end of timestamper thread
runsolver used 0 second user time and 0 second system time

The end
