runsolver version 3.4.0 (svn: 3018) Copyright (C) 2010-2013 Olivier ROUSSEL

This program is distributed in the hope that it will be useful,
but WITHOUT ANY WARRANTY; without even the implied warranty of
MERCHANTABILITY or FITNESS FOR A PARTICULAR PURPOSE.  See the
GNU General Public License for more details.

command line: /home/kunalan/runsolver/src/runsolver -C 1200 -W 1200 --vsize-limit 16384 -w results_nprc/nprc_newground_random_200_30_watch.log --var results_nprc/nprc_newground_random_200_30_values.log python3 ../newground2.py ../instances/benchmark_instances/encodings/nprc_newground.lp ../instances/benchmark_instances/graphs/random_200_30.lp 

running on 8 cores: 0-7

Enforcing CPUTime limit (soft limit, will send SIGTERM then SIGKILL): 1200 seconds
Enforcing CPUTime limit (hard limit, will send SIGXCPU): 1230 seconds
Enforcing wall clock limit (soft limit, will send SIGTERM then SIGKILL): 1200 seconds
Enforcing VSIZE limit (soft limit, will send SIGTERM then SIGKILL): 16777216 KiB
Enforcing VSIZE limit (hard limit, stack expansion will fail with SIGSEGV, brk() and mmap() will return ENOMEM): 16828416 KiB
Linux 4.4.0-22000-Microsoft
Current StackSize limit: 8192 KiB

solver pid=804, runsolver pid=802

[startup+0.10058 s]*
/proc/loadavg: 0.52 0.58 0.59 2/13 805
/proc/meminfo: memFree=12391412/16587228 swapFree=50119748/50331648
Current children cumulated CPU time: 0 s
Current children cumulated vsize: 0 KiB
Current children cumulated memory: 0 KiB

[startup+0.201421 s]*
/proc/loadavg: 0.52 0.58 0.59 2/13 805
/proc/meminfo: memFree=12380456/16587228 swapFree=50119748/50331648
Current children cumulated CPU time: 0 s
Current children cumulated vsize: 0 KiB
Current children cumulated memory: 0 KiB

[startup+0.300755 s]*
/proc/loadavg: 0.52 0.58 0.59 2/13 805
/proc/meminfo: memFree=12369320/16587228 swapFree=50119748/50331648
Current children cumulated CPU time: 0 s
Current children cumulated vsize: 0 KiB
Current children cumulated memory: 0 KiB

[startup+0.700246 s]
/proc/loadavg: 0.52 0.58 0.59 2/13 805
/proc/meminfo: memFree=12367684/16587228 swapFree=50119748/50331648
Current children cumulated CPU time: 0 s
Current children cumulated vsize: 0 KiB
Current children cumulated memory: 0 KiB

[startup+1.5001 s]
/proc/loadavg: 0.52 0.58 0.59 2/13 805
/proc/meminfo: memFree=12368592/16587228 swapFree=50119748/50331648
Current children cumulated CPU time: 0 s
Current children cumulated vsize: 0 KiB
Current children cumulated memory: 0 KiB

[startup+3.10125 s]
/proc/loadavg: 0.52 0.58 0.59 2/13 805
/proc/meminfo: memFree=12366988/16587228 swapFree=50119748/50331648
Current children cumulated CPU time: 0 s
Current children cumulated vsize: 0 KiB
Current children cumulated memory: 0 KiB
heavy processes:

[startup+4.99345 s]
# the end of solver process 804 was just reported to runsolver
# cumulated CPU time of all completed processes:  user=4.82812 s, system=0.078125 s

Solver just ended.
??? end of watcher thread
Dumping a history of the last processes samples

[startup+3.20109 s]
/proc/loadavg: 0.52 0.58 0.59 2/13 805
/proc/meminfo: memFree=12366988/16587228 swapFree=50119748/50331648
Current children cumulated CPU time: 0 s
Current children cumulated vsize: 0 KiB
Current children cumulated memory: 0 KiB

[startup+4.00029 s]*
/proc/loadavg: 0.52 0.58 0.59 2/13 805
/proc/meminfo: memFree=12373356/16587228 swapFree=50119748/50331648
Current children cumulated CPU time: 0 s
Current children cumulated vsize: 0 KiB
Current children cumulated memory: 0 KiB

[startup+4.40031 s]
/proc/loadavg: 0.52 0.58 0.59 2/13 805
/proc/meminfo: memFree=12373356/16587228 swapFree=50119748/50331648
Current children cumulated CPU time: 0 s
Current children cumulated vsize: 0 KiB
Current children cumulated memory: 0 KiB

[startup+4.80027 s]
/proc/loadavg: 0.52 0.58 0.59 2/13 805
/proc/meminfo: memFree=12373356/16587228 swapFree=50119748/50331648
Current children cumulated CPU time: 0 s
Current children cumulated vsize: 0 KiB
Current children cumulated memory: 0 KiB

[startup+4.90049 s]
/proc/loadavg: 0.52 0.58 0.59 2/13 805
/proc/meminfo: memFree=12373356/16587228 swapFree=50119748/50331648
Current children cumulated CPU time: 0 s
Current children cumulated vsize: 0 KiB
Current children cumulated memory: 0 KiB

Child status: 0
Real time (s): 4.99351
CPU time (s): 4.90625
CPU user time (s): 4.82812
CPU system time (s): 0.078125
CPU usage (%): 98.2524
Max. virtual memory (cumulated for all children) (KiB): 0
Max. memory (cumulated for all children) (KiB): 0

getrusage(RUSAGE_CHILDREN,...) data:
user time used= 4.82812
system time used= 0.078125
maximum resident set size= 32752
integral shared memory size= 0
integral unshared data size= 0
integral unshared stack size= 0
page reclaims= 8565
page faults= 0
swaps= 0
block input operations= 0
block output operations= 0
messages sent= 0
messages received= 0
signals received= 0
voluntary context switches= 0
involuntary context switches= 0


# summary of solver processes directly reported to runsolver:
#   pid: 804
#   total CPU time (s): 4.90625
#   total CPU user time (s): 4.82812
#   total CPU system time (s): 0.078125

??? end of timestamper thread
runsolver used 0 second user time and 0 second system time

The end
