runsolver version 3.4.0 (svn: 3018) Copyright (C) 2010-2013 Olivier ROUSSEL

This program is distributed in the hope that it will be useful,
but WITHOUT ANY WARRANTY; without even the implied warranty of
MERCHANTABILITY or FITNESS FOR A PARTICULAR PURPOSE.  See the
GNU General Public License for more details.

command line: /home/kunalan/runsolver/src/runsolver -C 1200 -W 1200 --vsize-limit 16384 -w results_nprc/nprc_newground2_random_25_50_watch.log --var results_nprc/nprc_newground2_random_25_50_values.log python3 ../newground2.py ../instances/benchmark_instances/encodings/nprc_newground2.lp ../instances/benchmark_instances/graphs/random_25_50.lp 

running on 8 cores: 0-7

Enforcing CPUTime limit (soft limit, will send SIGTERM then SIGKILL): 1200 seconds
Enforcing CPUTime limit (hard limit, will send SIGXCPU): 1230 seconds
Enforcing wall clock limit (soft limit, will send SIGTERM then SIGKILL): 1200 seconds
Enforcing VSIZE limit (soft limit, will send SIGTERM then SIGKILL): 16777216 KiB
Enforcing VSIZE limit (hard limit, stack expansion will fail with SIGSEGV, brk() and mmap() will return ENOMEM): 16828416 KiB
Linux 4.4.0-22000-Microsoft
solver pid=1278, runsolver pid=1276
Current StackSize limit: 8192 KiB


[startup+0.1001 s]*
/proc/loadavg: 0.52 0.58 0.59 2/13 1279
/proc/meminfo: memFree=11690832/16587228 swapFree=50191644/50331648
Current children cumulated CPU time: 0 s
Current children cumulated vsize: 0 KiB
Current children cumulated memory: 0 KiB

[startup+0.201303 s]*
/proc/loadavg: 0.52 0.58 0.59 2/13 1279
/proc/meminfo: memFree=11689708/16587228 swapFree=50191644/50331648
Current children cumulated CPU time: 0 s
Current children cumulated vsize: 0 KiB
Current children cumulated memory: 0 KiB

[startup+0.30106 s]*
/proc/loadavg: 0.52 0.58 0.59 2/13 1279
/proc/meminfo: memFree=11676892/16587228 swapFree=50191644/50331648
Current children cumulated CPU time: 0 s
Current children cumulated vsize: 0 KiB
Current children cumulated memory: 0 KiB

[startup+0.700483 s]
/proc/loadavg: 0.52 0.58 0.59 2/13 1279
/proc/meminfo: memFree=11673564/16587228 swapFree=50191644/50331648
Current children cumulated CPU time: 0 s
Current children cumulated vsize: 0 KiB
Current children cumulated memory: 0 KiB

[startup+1.50054 s]
/proc/loadavg: 0.52 0.58 0.59 2/13 1279
/proc/meminfo: memFree=11667524/16587228 swapFree=50191644/50331648
Current children cumulated CPU time: 0 s
Current children cumulated vsize: 0 KiB
Current children cumulated memory: 0 KiB

[startup+3.10126 s]
/proc/loadavg: 0.52 0.58 0.59 2/13 1279
/proc/meminfo: memFree=11666420/16587228 swapFree=50191644/50331648
Current children cumulated CPU time: 0 s
Current children cumulated vsize: 0 KiB
Current children cumulated memory: 0 KiB
heavy processes:

[startup+6.30014 s]
/proc/loadavg: 0.52 0.58 0.59 2/13 1280
/proc/meminfo: memFree=11666328/16587228 swapFree=50191644/50331648
Current children cumulated CPU time: 0 s
Current children cumulated vsize: 0 KiB
Current children cumulated memory: 0 KiB
heavy processes:

[startup+12.7004 s]
/proc/loadavg: 0.52 0.58 0.59 3/13 1280
/proc/meminfo: memFree=11768768/16587228 swapFree=50191644/50331648
Current children cumulated CPU time: 0 s
Current children cumulated vsize: 0 KiB
Current children cumulated memory: 0 KiB
heavy processes:

[startup+23.9221 s]
# the end of solver process 1278 was just reported to runsolver
# cumulated CPU time of all completed processes:  user=23.7188 s, system=0.1875 s

Solver just ended.
??? end of watcher thread
Dumping a history of the last processes samples

[startup+12.8012 s]
/proc/loadavg: 0.52 0.58 0.59 2/13 1280
/proc/meminfo: memFree=11779288/16587228 swapFree=50191644/50331648
Current children cumulated CPU time: 0 s
Current children cumulated vsize: 0 KiB
Current children cumulated memory: 0 KiB

[startup+19.2002 s]
/proc/loadavg: 0.52 0.58 0.59 2/13 1281
/proc/meminfo: memFree=11769804/16587228 swapFree=50191644/50331648
Current children cumulated CPU time: 0 s
Current children cumulated vsize: 0 KiB
Current children cumulated memory: 0 KiB

[startup+22.4024 s]
/proc/loadavg: 0.52 0.58 0.59 2/13 1281
/proc/meminfo: memFree=11770480/16587228 swapFree=50191644/50331648
Current children cumulated CPU time: 0 s
Current children cumulated vsize: 0 KiB
Current children cumulated memory: 0 KiB

[startup+23.2002 s]
/proc/loadavg: 0.52 0.58 0.59 3/13 1281
/proc/meminfo: memFree=11772200/16587228 swapFree=50191644/50331648
Current children cumulated CPU time: 0 s
Current children cumulated vsize: 0 KiB
Current children cumulated memory: 0 KiB

[startup+23.6006 s]
/proc/loadavg: 0.52 0.58 0.59 3/13 1281
/proc/meminfo: memFree=11772200/16587228 swapFree=50191644/50331648
Current children cumulated CPU time: 0 s
Current children cumulated vsize: 0 KiB
Current children cumulated memory: 0 KiB

[startup+23.8003 s]
/proc/loadavg: 0.52 0.58 0.59 3/13 1281
/proc/meminfo: memFree=11772200/16587228 swapFree=50191644/50331648
Current children cumulated CPU time: 0 s
Current children cumulated vsize: 0 KiB
Current children cumulated memory: 0 KiB

[startup+23.9001 s]
/proc/loadavg: 0.52 0.58 0.59 3/13 1281
/proc/meminfo: memFree=11772200/16587228 swapFree=50191644/50331648
Current children cumulated CPU time: 0 s
Current children cumulated vsize: 0 KiB
Current children cumulated memory: 0 KiB

Child status: 1
Real time (s): 23.9222
CPU time (s): 23.9062
CPU user time (s): 23.7188
CPU system time (s): 0.1875
CPU usage (%): 99.9335
Max. virtual memory (cumulated for all children) (KiB): 0
Max. memory (cumulated for all children) (KiB): 0

getrusage(RUSAGE_CHILDREN,...) data:
user time used= 23.7188
system time used= 0.1875
maximum resident set size= 26848
integral shared memory size= 0
integral unshared data size= 0
integral unshared stack size= 0
page reclaims= 7018
page faults= 0
swaps= 0
block input operations= 0
block output operations= 0
messages sent= 0
messages received= 0
signals received= 0
voluntary context switches= 0
involuntary context switches= 0


# summary of solver processes directly reported to runsolver:
#   pid: 1278
#   total CPU time (s): 23.9062
#   total CPU user time (s): 23.7188
#   total CPU system time (s): 0.1875

??? end of timestamper thread
runsolver used 0.015625 second user time and 0 second system time

The end
