runsolver version 3.4.0 (svn: 3018) Copyright (C) 2010-2013 Olivier ROUSSEL

This program is distributed in the hope that it will be useful,
but WITHOUT ANY WARRANTY; without even the implied warranty of
MERCHANTABILITY or FITNESS FOR A PARTICULAR PURPOSE.  See the
GNU General Public License for more details.

command line: /home/kunalan/runsolver/src/runsolver -C 1200 -W 1200 --vsize-limit 16384 -w results_nprc/nprc_newground2_random_100_90_watch.log --var results_nprc/nprc_newground2_random_100_90_values.log python3 ../newground2.py ../instances/benchmark_instances/encodings/nprc_newground2.lp ../instances/benchmark_instances/graphs/random_100_90.lp 

running on 8 cores: 0-7

Enforcing CPUTime limit (soft limit, will send SIGTERM then SIGKILL): 1200 seconds
Enforcing CPUTime limit (hard limit, will send SIGXCPU): 1230 seconds
Enforcing wall clock limit (soft limit, will send SIGTERM then SIGKILL): 1200 seconds
Enforcing VSIZE limit (soft limit, will send SIGTERM then SIGKILL): 16777216 KiB
Enforcing VSIZE limit (hard limit, stack expansion will fail with SIGSEGV, brk() and mmap() will return ENOMEM): 16828416 KiB
Linux 4.4.0-22000-Microsoft
Current StackSize limit: 8192 KiB

solver pid=410, runsolver pid=408

[startup+0.100068 s]*
/proc/loadavg: 0.52 0.58 0.59 2/13 411
/proc/meminfo: memFree=12696176/16587228 swapFree=50077424/50331648
Current children cumulated CPU time: 0 s
Current children cumulated vsize: 0 KiB
Current children cumulated memory: 0 KiB

[startup+0.20123 s]*
/proc/loadavg: 0.52 0.58 0.59 2/13 411
/proc/meminfo: memFree=12678604/16587228 swapFree=50077424/50331648
Current children cumulated CPU time: 0 s
Current children cumulated vsize: 0 KiB
Current children cumulated memory: 0 KiB

[startup+0.300947 s]*
/proc/loadavg: 0.52 0.58 0.59 2/13 411
/proc/meminfo: memFree=12676372/16587228 swapFree=50077424/50331648
Current children cumulated CPU time: 0 s
Current children cumulated vsize: 0 KiB
Current children cumulated memory: 0 KiB

[startup+0.700456 s]
/proc/loadavg: 0.52 0.58 0.59 2/13 411
/proc/meminfo: memFree=12676356/16587228 swapFree=50077424/50331648
Current children cumulated CPU time: 0 s
Current children cumulated vsize: 0 KiB
Current children cumulated memory: 0 KiB

[startup+1.50017 s]
/proc/loadavg: 0.52 0.58 0.59 2/13 411
/proc/meminfo: memFree=12673256/16587228 swapFree=50077432/50331648
Current children cumulated CPU time: 0 s
Current children cumulated vsize: 0 KiB
Current children cumulated memory: 0 KiB

[startup+3.10089 s]
/proc/loadavg: 0.52 0.58 0.59 2/13 411
/proc/meminfo: memFree=12671052/16587228 swapFree=50077432/50331648
Current children cumulated CPU time: 0 s
Current children cumulated vsize: 0 KiB
Current children cumulated memory: 0 KiB
heavy processes:

[startup+6.30019 s]
/proc/loadavg: 0.52 0.58 0.59 2/13 411
/proc/meminfo: memFree=12677500/16587228 swapFree=50077432/50331648
Current children cumulated CPU time: 0 s
Current children cumulated vsize: 0 KiB
Current children cumulated memory: 0 KiB
heavy processes:

[startup+12.7003 s]
/proc/loadavg: 0.52 0.58 0.59 2/13 411
/proc/meminfo: memFree=12676508/16587228 swapFree=50077432/50331648
Current children cumulated CPU time: 0 s
Current children cumulated vsize: 0 KiB
Current children cumulated memory: 0 KiB
heavy processes:

[startup+25.5002 s]
/proc/loadavg: 0.52 0.58 0.59 2/13 414
/proc/meminfo: memFree=12668892/16587228 swapFree=50077432/50331648
Current children cumulated CPU time: 0 s
Current children cumulated vsize: 0 KiB
Current children cumulated memory: 0 KiB
heavy processes:

[startup+32.2256 s]
# the end of solver process 410 was just reported to runsolver
# cumulated CPU time of all completed processes:  user=32.0469 s, system=0.15625 s

Solver just ended.
??? end of watcher thread
Dumping a history of the last processes samples

[startup+25.601 s]
/proc/loadavg: 0.52 0.58 0.59 2/13 414
/proc/meminfo: memFree=12669508/16587228 swapFree=50077432/50331648
Current children cumulated CPU time: 0 s
Current children cumulated vsize: 0 KiB
Current children cumulated memory: 0 KiB

[startup+28.8005 s]
/proc/loadavg: 0.52 0.58 0.59 2/13 414
/proc/meminfo: memFree=12667996/16587228 swapFree=50077432/50331648
Current children cumulated CPU time: 0 s
Current children cumulated vsize: 0 KiB
Current children cumulated memory: 0 KiB

[startup+30.4005 s]
/proc/loadavg: 0.52 0.58 0.59 2/13 414
/proc/meminfo: memFree=12667940/16587228 swapFree=50077432/50331648
Current children cumulated CPU time: 0 s
Current children cumulated vsize: 0 KiB
Current children cumulated memory: 0 KiB

[startup+31.2003 s]
/proc/loadavg: 0.52 0.58 0.59 2/13 414
/proc/meminfo: memFree=12664452/16587228 swapFree=50077432/50331648
Current children cumulated CPU time: 0 s
Current children cumulated vsize: 0 KiB
Current children cumulated memory: 0 KiB

[startup+32.0001 s]*
/proc/loadavg: 0.52 0.58 0.59 2/13 414
/proc/meminfo: memFree=12665372/16587228 swapFree=50077432/50331648
Current children cumulated CPU time: 0 s
Current children cumulated vsize: 0 KiB
Current children cumulated memory: 0 KiB

[startup+32.2001 s]
/proc/loadavg: 0.52 0.58 0.59 2/13 414
/proc/meminfo: memFree=12665372/16587228 swapFree=50077432/50331648
Current children cumulated CPU time: 0 s
Current children cumulated vsize: 0 KiB
Current children cumulated memory: 0 KiB

Child status: 1
Real time (s): 32.2257
CPU time (s): 32.2031
CPU user time (s): 32.0469
CPU system time (s): 0.15625
CPU usage (%): 99.9299
Max. virtual memory (cumulated for all children) (KiB): 0
Max. memory (cumulated for all children) (KiB): 0

getrusage(RUSAGE_CHILDREN,...) data:
user time used= 32.0469
system time used= 0.15625
maximum resident set size= 36220
integral shared memory size= 0
integral unshared data size= 0
integral unshared stack size= 0
page reclaims= 9366
page faults= 0
swaps= 0
block input operations= 0
block output operations= 0
messages sent= 0
messages received= 0
signals received= 0
voluntary context switches= 0
involuntary context switches= 0


# summary of solver processes directly reported to runsolver:
#   pid: 410
#   total CPU time (s): 32.2031
#   total CPU user time (s): 32.0469
#   total CPU system time (s): 0.15625

??? end of timestamper thread
runsolver used 0 second user time and 0 second system time

The end
