runsolver version 3.4.0 (svn: 3018) Copyright (C) 2010-2013 Olivier ROUSSEL

This program is distributed in the hope that it will be useful,
but WITHOUT ANY WARRANTY; without even the implied warranty of
MERCHANTABILITY or FITNESS FOR A PARTICULAR PURPOSE.  See the
GNU General Public License for more details.

command line: /home/kunalan/runsolver/src/runsolver -C 1200 -W 1200 --vsize-limit 16384 -w results_nprc/nprc_newground2_random_40_20_watch.log --var results_nprc/nprc_newground2_random_40_20_values.log python3 ../newground2.py ../instances/benchmark_instances/encodings/nprc_newground2.lp ../instances/benchmark_instances/graphs/random_40_20.lp 

running on 8 cores: 0-7

Enforcing CPUTime limit (soft limit, will send SIGTERM then SIGKILL): 1200 seconds
Enforcing CPUTime limit (hard limit, will send SIGXCPU): 1230 seconds
Enforcing wall clock limit (soft limit, will send SIGTERM then SIGKILL): 1200 seconds
Enforcing VSIZE limit (soft limit, will send SIGTERM then SIGKILL): 16777216 KiB
Enforcing VSIZE limit (hard limit, stack expansion will fail with SIGSEGV, brk() and mmap() will return ENOMEM): 16828416 KiB
Linux 4.4.0-22000-Microsoft
solver pid=2126, runsolver pid=2124
Current StackSize limit: 8192 KiB


[startup+0.100159 s]*
/proc/loadavg: 0.52 0.58 0.59 2/13 2127
/proc/meminfo: memFree=11384456/16587228 swapFree=50193848/50331648
Current children cumulated CPU time: 0 s
Current children cumulated vsize: 0 KiB
Current children cumulated memory: 0 KiB

[startup+0.201135 s]*
/proc/loadavg: 0.52 0.58 0.59 2/13 2127
/proc/meminfo: memFree=11368028/16587228 swapFree=50193848/50331648
Current children cumulated CPU time: 0 s
Current children cumulated vsize: 0 KiB
Current children cumulated memory: 0 KiB

[startup+0.300748 s]*
/proc/loadavg: 0.52 0.58 0.59 2/13 2127
/proc/meminfo: memFree=11361840/16587228 swapFree=50193848/50331648
Current children cumulated CPU time: 0 s
Current children cumulated vsize: 0 KiB
Current children cumulated memory: 0 KiB

[startup+0.700346 s]
/proc/loadavg: 0.52 0.58 0.59 2/13 2127
/proc/meminfo: memFree=11360992/16587228 swapFree=50193848/50331648
Current children cumulated CPU time: 0 s
Current children cumulated vsize: 0 KiB
Current children cumulated memory: 0 KiB

[startup+1.50046 s]
/proc/loadavg: 0.52 0.58 0.59 2/13 2127
/proc/meminfo: memFree=11361600/16587228 swapFree=50193848/50331648
Current children cumulated CPU time: 0 s
Current children cumulated vsize: 0 KiB
Current children cumulated memory: 0 KiB

[startup+3.10145 s]
/proc/loadavg: 0.52 0.58 0.59 2/13 2128
/proc/meminfo: memFree=11356816/16587228 swapFree=50193848/50331648
Current children cumulated CPU time: 0 s
Current children cumulated vsize: 0 KiB
Current children cumulated memory: 0 KiB
heavy processes:

[startup+6.30052 s]
/proc/loadavg: 0.52 0.58 0.59 2/13 2128
/proc/meminfo: memFree=11363624/16587228 swapFree=50193848/50331648
Current children cumulated CPU time: 0 s
Current children cumulated vsize: 0 KiB
Current children cumulated memory: 0 KiB
heavy processes:

[startup+12.0796 s]
# the end of solver process 2126 was just reported to runsolver
# cumulated CPU time of all completed processes:  user=11.9219 s, system=0.109375 s

Solver just ended.
??? end of watcher thread
Dumping a history of the last processes samples

[startup+6.40124 s]
/proc/loadavg: 0.52 0.58 0.59 2/13 2128
/proc/meminfo: memFree=11363548/16587228 swapFree=50193848/50331648
Current children cumulated CPU time: 0 s
Current children cumulated vsize: 0 KiB
Current children cumulated memory: 0 KiB

[startup+9.60012 s]
/proc/loadavg: 0.52 0.58 0.59 2/13 2128
/proc/meminfo: memFree=11363616/16587228 swapFree=50193848/50331648
Current children cumulated CPU time: 0 s
Current children cumulated vsize: 0 KiB
Current children cumulated memory: 0 KiB

[startup+11.2005 s]
/proc/loadavg: 0.52 0.58 0.59 2/13 2128
/proc/meminfo: memFree=11363576/16587228 swapFree=50193848/50331648
Current children cumulated CPU time: 0 s
Current children cumulated vsize: 0 KiB
Current children cumulated memory: 0 KiB

[startup+11.6005 s]
/proc/loadavg: 0.52 0.58 0.59 2/13 2128
/proc/meminfo: memFree=11363576/16587228 swapFree=50193848/50331648
Current children cumulated CPU time: 0 s
Current children cumulated vsize: 0 KiB
Current children cumulated memory: 0 KiB

[startup+12.0002 s]*
/proc/loadavg: 0.52 0.58 0.59 2/13 2128
/proc/meminfo: memFree=11363960/16587228 swapFree=50193848/50331648
Current children cumulated CPU time: 0 s
Current children cumulated vsize: 0 KiB
Current children cumulated memory: 0 KiB

Child status: 1
Real time (s): 12.0798
CPU time (s): 12.0312
CPU user time (s): 11.9219
CPU system time (s): 0.109375
CPU usage (%): 99.5984
Max. virtual memory (cumulated for all children) (KiB): 0
Max. memory (cumulated for all children) (KiB): 0

getrusage(RUSAGE_CHILDREN,...) data:
user time used= 11.9219
system time used= 0.109375
maximum resident set size= 26476
integral shared memory size= 0
integral unshared data size= 0
integral unshared stack size= 0
page reclaims= 6925
page faults= 0
swaps= 0
block input operations= 0
block output operations= 0
messages sent= 0
messages received= 0
signals received= 0
voluntary context switches= 0
involuntary context switches= 0


# summary of solver processes directly reported to runsolver:
#   pid: 2126
#   total CPU time (s): 12.0312
#   total CPU user time (s): 11.9219
#   total CPU system time (s): 0.109375

??? end of timestamper thread
runsolver used 0 second user time and 0 second system time

The end
