runsolver version 3.4.0 (svn: 3018) Copyright (C) 2010-2013 Olivier ROUSSEL

This program is distributed in the hope that it will be useful,
but WITHOUT ANY WARRANTY; without even the implied warranty of
MERCHANTABILITY or FITNESS FOR A PARTICULAR PURPOSE.  See the
GNU General Public License for more details.

command line: /home/kunalan/runsolver/src/runsolver -C 1200 -W 1200 --vsize-limit 16384 -w results_nprc/nprc_gringo_random_700_100_watch.log --var results_nprc/nprc_gringo_random_700_100_values.log gringo --verbose=2 --output text ../instances/benchmark_instances/encodings/nprc_gringo.lp ../instances/benchmark_instances/graphs/random_700_100.lp 

running on 8 cores: 0-7

Enforcing CPUTime limit (soft limit, will send SIGTERM then SIGKILL): 1200 seconds
Enforcing CPUTime limit (hard limit, will send SIGXCPU): 1230 seconds
Enforcing wall clock limit (soft limit, will send SIGTERM then SIGKILL): 1200 seconds
Enforcing VSIZE limit (soft limit, will send SIGTERM then SIGKILL): 16777216 KiB
Enforcing VSIZE limit (hard limit, stack expansion will fail with SIGSEGV, brk() and mmap() will return ENOMEM): 16828416 KiB
Linux 4.4.0-22000-Microsoft
Current StackSize limit: 8192 KiB
solver pid=3114, runsolver pid=3112


[startup+0.100299 s]*
/proc/loadavg: 0.52 0.58 0.59 2/13 3115
/proc/meminfo: memFree=11674236/16587228 swapFree=50194136/50331648
Current children cumulated CPU time: 0 s
Current children cumulated vsize: 0 KiB
Current children cumulated memory: 0 KiB

[startup+0.201269 s]*
/proc/loadavg: 0.52 0.58 0.59 2/13 3115
/proc/meminfo: memFree=11668232/16587228 swapFree=50194136/50331648
Current children cumulated CPU time: 0 s
Current children cumulated vsize: 0 KiB
Current children cumulated memory: 0 KiB

[startup+0.301111 s]*
/proc/loadavg: 0.52 0.58 0.59 2/13 3115
/proc/meminfo: memFree=11667904/16587228 swapFree=50194136/50331648
Current children cumulated CPU time: 0 s
Current children cumulated vsize: 0 KiB
Current children cumulated memory: 0 KiB

[startup+0.70012 s]
/proc/loadavg: 0.52 0.58 0.59 2/13 3115
/proc/meminfo: memFree=11669384/16587228 swapFree=50194136/50331648
Current children cumulated CPU time: 0 s
Current children cumulated vsize: 0 KiB
Current children cumulated memory: 0 KiB

[startup+1.50029 s]
/proc/loadavg: 0.52 0.58 0.59 2/13 3115
/proc/meminfo: memFree=11673040/16587228 swapFree=50194136/50331648
Current children cumulated CPU time: 0 s
Current children cumulated vsize: 0 KiB
Current children cumulated memory: 0 KiB

[startup+3.1013 s]
/proc/loadavg: 0.52 0.58 0.59 2/13 3115
/proc/meminfo: memFree=11624492/16587228 swapFree=50194136/50331648
Current children cumulated CPU time: 0 s
Current children cumulated vsize: 0 KiB
Current children cumulated memory: 0 KiB
heavy processes:

[startup+6.30047 s]
/proc/loadavg: 0.52 0.58 0.59 2/13 3116
/proc/meminfo: memFree=11566880/16587228 swapFree=50194140/50331648
Current children cumulated CPU time: 0 s
Current children cumulated vsize: 0 KiB
Current children cumulated memory: 0 KiB
heavy processes:

[startup+8.84982 s]
# the end of solver process 3114 was just reported to runsolver
# cumulated CPU time of all completed processes:  user=8.57812 s, system=0.234375 s

Solver just ended.
??? end of watcher thread
Dumping a history of the last processes samples

[startup+6.40116 s]
/proc/loadavg: 0.52 0.58 0.59 3/13 3116
/proc/meminfo: memFree=11566452/16587228 swapFree=50194140/50331648
Current children cumulated CPU time: 0 s
Current children cumulated vsize: 0 KiB
Current children cumulated memory: 0 KiB

[startup+8.00049 s]*
/proc/loadavg: 0.52 0.58 0.59 3/13 3116
/proc/meminfo: memFree=11567900/16587228 swapFree=50194140/50331648
Current children cumulated CPU time: 0 s
Current children cumulated vsize: 0 KiB
Current children cumulated memory: 0 KiB

[startup+8.40011 s]
/proc/loadavg: 0.52 0.58 0.59 3/13 3116
/proc/meminfo: memFree=11567900/16587228 swapFree=50194140/50331648
Current children cumulated CPU time: 0 s
Current children cumulated vsize: 0 KiB
Current children cumulated memory: 0 KiB

[startup+8.8001 s]
/proc/loadavg: 0.52 0.58 0.59 3/13 3116
/proc/meminfo: memFree=11567900/16587228 swapFree=50194140/50331648
Current children cumulated CPU time: 0 s
Current children cumulated vsize: 0 KiB
Current children cumulated memory: 0 KiB

Child ended because it received signal 15 (SIGTERM)
Real time (s): 8.84993
CPU time (s): 8.8125
CPU user time (s): 8.57812
CPU system time (s): 0.234375
CPU usage (%): 99.577
Max. virtual memory (cumulated for all children) (KiB): 0
Max. memory (cumulated for all children) (KiB): 0

getrusage(RUSAGE_CHILDREN,...) data:
user time used= 8.57812
system time used= 0.234375
maximum resident set size= 119860
integral shared memory size= 0
integral unshared data size= 0
integral unshared stack size= 0
page reclaims= 38516
page faults= 0
swaps= 0
block input operations= 0
block output operations= 0
messages sent= 0
messages received= 0
signals received= 0
voluntary context switches= 0
involuntary context switches= 0


# summary of solver processes directly reported to runsolver:
#   pid: 3114
#   total CPU time (s): 8.8125
#   total CPU user time (s): 8.57812
#   total CPU system time (s): 0.234375

??? end of timestamper thread
runsolver used 0 second user time and 0 second system time

The end
