runsolver version 3.4.0 (svn: 3018) Copyright (C) 2010-2013 Olivier ROUSSEL

This program is distributed in the hope that it will be useful,
but WITHOUT ANY WARRANTY; without even the implied warranty of
MERCHANTABILITY or FITNESS FOR A PARTICULAR PURPOSE.  See the
GNU General Public License for more details.

command line: /home/kunalan/runsolver/src/runsolver -C 1200 -W 1200 --vsize-limit 16384 -w results_nprc/nprc_newground_random_800_90_watch.log --var results_nprc/nprc_newground_random_800_90_values.log python3 ../newground2.py ../instances/benchmark_instances/encodings/nprc_newground.lp ../instances/benchmark_instances/graphs/random_800_90.lp 

running on 8 cores: 0-7

Enforcing CPUTime limit (soft limit, will send SIGTERM then SIGKILL): 1200 seconds
Enforcing CPUTime limit (hard limit, will send SIGXCPU): 1230 seconds
Enforcing wall clock limit (soft limit, will send SIGTERM then SIGKILL): 1200 seconds
Enforcing VSIZE limit (soft limit, will send SIGTERM then SIGKILL): 16777216 KiB
Enforcing VSIZE limit (hard limit, stack expansion will fail with SIGSEGV, brk() and mmap() will return ENOMEM): 16828416 KiB
Linux 4.4.0-22000-Microsoft
solver pid=3265, runsolver pid=3263
Current StackSize limit: 8192 KiB


[startup+0.100206 s]*
/proc/loadavg: 0.52 0.58 0.59 2/13 3266
/proc/meminfo: memFree=11615032/16587228 swapFree=50195472/50331648
Current children cumulated CPU time: 0 s
Current children cumulated vsize: 0 KiB
Current children cumulated memory: 0 KiB

[startup+0.201241 s]*
/proc/loadavg: 0.52 0.58 0.59 2/13 3266
/proc/meminfo: memFree=11601692/16587228 swapFree=50195472/50331648
Current children cumulated CPU time: 0 s
Current children cumulated vsize: 0 KiB
Current children cumulated memory: 0 KiB

[startup+0.301103 s]*
/proc/loadavg: 0.52 0.58 0.59 2/13 3266
/proc/meminfo: memFree=11589640/16587228 swapFree=50195472/50331648
Current children cumulated CPU time: 0 s
Current children cumulated vsize: 0 KiB
Current children cumulated memory: 0 KiB

[startup+0.700533 s]
/proc/loadavg: 0.52 0.58 0.59 2/13 3266
/proc/meminfo: memFree=11589624/16587228 swapFree=50195472/50331648
Current children cumulated CPU time: 0 s
Current children cumulated vsize: 0 KiB
Current children cumulated memory: 0 KiB

[startup+1.5004 s]
/proc/loadavg: 0.52 0.58 0.59 2/13 3266
/proc/meminfo: memFree=11590944/16587228 swapFree=50195476/50331648
Current children cumulated CPU time: 0 s
Current children cumulated vsize: 0 KiB
Current children cumulated memory: 0 KiB

[startup+3.10104 s]
/proc/loadavg: 0.52 0.58 0.59 2/13 3266
/proc/meminfo: memFree=11589596/16587228 swapFree=50195476/50331648
Current children cumulated CPU time: 0 s
Current children cumulated vsize: 0 KiB
Current children cumulated memory: 0 KiB
heavy processes:

[startup+6.30015 s]
/proc/loadavg: 0.52 0.58 0.59 2/13 3266
/proc/meminfo: memFree=11589324/16587228 swapFree=50195476/50331648
Current children cumulated CPU time: 0 s
Current children cumulated vsize: 0 KiB
Current children cumulated memory: 0 KiB
heavy processes:

[startup+12.7004 s]
/proc/loadavg: 0.52 0.58 0.59 2/13 3266
/proc/meminfo: memFree=11595364/16587228 swapFree=50195476/50331648
Current children cumulated CPU time: 0 s
Current children cumulated vsize: 0 KiB
Current children cumulated memory: 0 KiB
heavy processes:

[startup+25.5005 s]
/proc/loadavg: 0.52 0.58 0.59 2/13 3266
/proc/meminfo: memFree=11597776/16587228 swapFree=50195476/50331648
Current children cumulated CPU time: 0 s
Current children cumulated vsize: 0 KiB
Current children cumulated memory: 0 KiB
heavy processes:

[startup+51.1008 s]
/proc/loadavg: 0.52 0.58 0.59 2/13 3266
/proc/meminfo: memFree=11582312/16587228 swapFree=50195476/50331648
Current children cumulated CPU time: 0 s
Current children cumulated vsize: 0 KiB
Current children cumulated memory: 0 KiB
heavy processes:

[startup+102.3 s]
/proc/loadavg: 0.52 0.58 0.59 2/13 3266
/proc/meminfo: memFree=11561800/16587228 swapFree=50195476/50331648
Current children cumulated CPU time: 0 s
Current children cumulated vsize: 0 KiB
Current children cumulated memory: 0 KiB
heavy processes:

[startup+162.3 s]
/proc/loadavg: 0.52 0.58 0.59 2/13 3273
/proc/meminfo: memFree=11517700/16587228 swapFree=50195476/50331648
Current children cumulated CPU time: 0 s
Current children cumulated vsize: 0 KiB
Current children cumulated memory: 0 KiB
heavy processes:

[startup+188.434 s]
# the end of solver process 3265 was just reported to runsolver
# cumulated CPU time of all completed processes:  user=187.812 s, system=0.5 s

Solver just ended.
??? end of watcher thread
Dumping a history of the last processes samples

[startup+166.4 s]
/proc/loadavg: 0.52 0.58 0.59 2/13 3274
/proc/meminfo: memFree=11511712/16587228 swapFree=50195476/50331648
Current children cumulated CPU time: 0 s
Current children cumulated vsize: 0 KiB
Current children cumulated memory: 0 KiB

[startup+179.2 s]
/proc/loadavg: 0.52 0.58 0.59 2/13 3274
/proc/meminfo: memFree=11449104/16587228 swapFree=50195476/50331648
Current children cumulated CPU time: 0 s
Current children cumulated vsize: 0 KiB
Current children cumulated memory: 0 KiB

[startup+182.4 s]
/proc/loadavg: 0.52 0.58 0.59 2/13 3274
/proc/meminfo: memFree=11448856/16587228 swapFree=50195476/50331648
Current children cumulated CPU time: 0 s
Current children cumulated vsize: 0 KiB
Current children cumulated memory: 0 KiB

[startup+185.6 s]
/proc/loadavg: 0.52 0.58 0.59 2/13 3274
/proc/meminfo: memFree=11449324/16587228 swapFree=50195476/50331648
Current children cumulated CPU time: 0 s
Current children cumulated vsize: 0 KiB
Current children cumulated memory: 0 KiB

[startup+187.201 s]
/proc/loadavg: 0.52 0.58 0.59 2/13 3274
/proc/meminfo: memFree=11449652/16587228 swapFree=50195476/50331648
Current children cumulated CPU time: 0 s
Current children cumulated vsize: 0 KiB
Current children cumulated memory: 0 KiB

[startup+188 s]*
/proc/loadavg: 0.52 0.58 0.59 2/13 3274
/proc/meminfo: memFree=11449680/16587228 swapFree=50195476/50331648
Current children cumulated CPU time: 0 s
Current children cumulated vsize: 0 KiB
Current children cumulated memory: 0 KiB

[startup+188.4 s]
/proc/loadavg: 0.52 0.58 0.59 2/13 3274
/proc/meminfo: memFree=11449680/16587228 swapFree=50195476/50331648
Current children cumulated CPU time: 0 s
Current children cumulated vsize: 0 KiB
Current children cumulated memory: 0 KiB

Child status: 0
Real time (s): 188.434
CPU time (s): 188.312
CPU user time (s): 187.812
CPU system time (s): 0.5
CPU usage (%): 99.9356
Max. virtual memory (cumulated for all children) (KiB): 0
Max. memory (cumulated for all children) (KiB): 0

getrusage(RUSAGE_CHILDREN,...) data:
user time used= 187.812
system time used= 0.5
maximum resident set size= 198468
integral shared memory size= 0
integral unshared data size= 0
integral unshared stack size= 0
page reclaims= 63285
page faults= 0
swaps= 0
block input operations= 0
block output operations= 0
messages sent= 0
messages received= 0
signals received= 0
voluntary context switches= 0
involuntary context switches= 0


# summary of solver processes directly reported to runsolver:
#   pid: 3265
#   total CPU time (s): 188.312
#   total CPU user time (s): 187.812
#   total CPU system time (s): 0.5

??? end of timestamper thread
runsolver used 0 second user time and 0.015625 second system time

The end
