runsolver version 3.4.0 (svn: 3018) Copyright (C) 2010-2013 Olivier ROUSSEL

This program is distributed in the hope that it will be useful,
but WITHOUT ANY WARRANTY; without even the implied warranty of
MERCHANTABILITY or FITNESS FOR A PARTICULAR PURPOSE.  See the
GNU General Public License for more details.

command line: /home/kunalan/runsolver/src/runsolver -C 1200 -W 1200 --vsize-limit 16384 -w results_nprc/nprc_newground_random_900_80_watch.log --var results_nprc/nprc_newground_random_900_80_values.log python3 ../newground2.py ../instances/benchmark_instances/encodings/nprc_newground.lp ../instances/benchmark_instances/graphs/random_900_80.lp 

running on 8 cores: 0-7

Enforcing CPUTime limit (soft limit, will send SIGTERM then SIGKILL): 1200 seconds
Enforcing CPUTime limit (hard limit, will send SIGXCPU): 1230 seconds
Enforcing wall clock limit (soft limit, will send SIGTERM then SIGKILL): 1200 seconds
Enforcing VSIZE limit (soft limit, will send SIGTERM then SIGKILL): 16777216 KiB
Enforcing VSIZE limit (hard limit, stack expansion will fail with SIGSEGV, brk() and mmap() will return ENOMEM): 16828416 KiB
Linux 4.4.0-22000-Microsoft
Current StackSize limit: 8192 KiB
solver pid=3320, runsolver pid=3318


[startup+0.100168 s]*
/proc/loadavg: 0.52 0.58 0.59 2/13 3321
/proc/meminfo: memFree=11598308/16587228 swapFree=50197052/50331648
Current children cumulated CPU time: 0 s
Current children cumulated vsize: 0 KiB
Current children cumulated memory: 0 KiB

[startup+0.201011 s]*
/proc/loadavg: 0.52 0.58 0.59 2/13 3321
/proc/meminfo: memFree=11585588/16587228 swapFree=50197052/50331648
Current children cumulated CPU time: 0 s
Current children cumulated vsize: 0 KiB
Current children cumulated memory: 0 KiB

[startup+0.301058 s]*
/proc/loadavg: 0.52 0.58 0.59 2/13 3321
/proc/meminfo: memFree=11575652/16587228 swapFree=50197052/50331648
Current children cumulated CPU time: 0 s
Current children cumulated vsize: 0 KiB
Current children cumulated memory: 0 KiB

[startup+0.700386 s]
/proc/loadavg: 0.52 0.58 0.59 2/13 3321
/proc/meminfo: memFree=11571500/16587228 swapFree=50197052/50331648
Current children cumulated CPU time: 0 s
Current children cumulated vsize: 0 KiB
Current children cumulated memory: 0 KiB

[startup+1.5004 s]
/proc/loadavg: 0.52 0.58 0.59 2/13 3321
/proc/meminfo: memFree=11572260/16587228 swapFree=50197052/50331648
Current children cumulated CPU time: 0 s
Current children cumulated vsize: 0 KiB
Current children cumulated memory: 0 KiB

[startup+3.10096 s]
/proc/loadavg: 0.52 0.58 0.59 2/13 3321
/proc/meminfo: memFree=11572956/16587228 swapFree=50197052/50331648
Current children cumulated CPU time: 0 s
Current children cumulated vsize: 0 KiB
Current children cumulated memory: 0 KiB
heavy processes:

[startup+6.30039 s]
/proc/loadavg: 0.52 0.58 0.59 2/13 3321
/proc/meminfo: memFree=11582584/16587228 swapFree=50197052/50331648
Current children cumulated CPU time: 0 s
Current children cumulated vsize: 0 KiB
Current children cumulated memory: 0 KiB
heavy processes:

[startup+12.7005 s]
/proc/loadavg: 0.52 0.58 0.59 2/13 3321
/proc/meminfo: memFree=11577748/16587228 swapFree=50197052/50331648
Current children cumulated CPU time: 0 s
Current children cumulated vsize: 0 KiB
Current children cumulated memory: 0 KiB
heavy processes:

[startup+25.5003 s]
/proc/loadavg: 0.52 0.58 0.59 2/13 3321
/proc/meminfo: memFree=11578600/16587228 swapFree=50197052/50331648
Current children cumulated CPU time: 0 s
Current children cumulated vsize: 0 KiB
Current children cumulated memory: 0 KiB
heavy processes:

[startup+51.1009 s]
/proc/loadavg: 0.52 0.58 0.59 2/13 3321
/proc/meminfo: memFree=11567852/16587228 swapFree=50197052/50331648
Current children cumulated CPU time: 0 s
Current children cumulated vsize: 0 KiB
Current children cumulated memory: 0 KiB
heavy processes:

[startup+102.3 s]
/proc/loadavg: 0.52 0.58 0.59 2/13 3321
/proc/meminfo: memFree=11547452/16587228 swapFree=50197052/50331648
Current children cumulated CPU time: 0 s
Current children cumulated vsize: 0 KiB
Current children cumulated memory: 0 KiB
heavy processes:

[startup+162.3 s]
/proc/loadavg: 0.52 0.58 0.59 2/13 3321
/proc/meminfo: memFree=11507960/16587228 swapFree=50197052/50331648
Current children cumulated CPU time: 0 s
Current children cumulated vsize: 0 KiB
Current children cumulated memory: 0 KiB
heavy processes:

[startup+213.822 s]
# the end of solver process 3320 was just reported to runsolver
# cumulated CPU time of all completed processes:  user=213.078 s, system=0.65625 s

Solver just ended.
??? end of watcher thread
Dumping a history of the last processes samples

[startup+179.2 s]
/proc/loadavg: 0.52 0.58 0.59 2/13 3321
/proc/meminfo: memFree=11469712/16587228 swapFree=50197060/50331648
Current children cumulated CPU time: 0 s
Current children cumulated vsize: 0 KiB
Current children cumulated memory: 0 KiB

[startup+192 s]*
/proc/loadavg: 0.52 0.58 0.59 2/13 3321
/proc/meminfo: memFree=11392680/16587228 swapFree=50197060/50331648
Current children cumulated CPU time: 0 s
Current children cumulated vsize: 0 KiB
Current children cumulated memory: 0 KiB

[startup+204.8 s]
/proc/loadavg: 0.52 0.58 0.59 2/13 3321
/proc/meminfo: memFree=11379296/16587228 swapFree=50197060/50331648
Current children cumulated CPU time: 0 s
Current children cumulated vsize: 0 KiB
Current children cumulated memory: 0 KiB

[startup+208.001 s]*
/proc/loadavg: 0.52 0.58 0.59 2/13 3321
/proc/meminfo: memFree=11387428/16587228 swapFree=50197060/50331648
Current children cumulated CPU time: 0 s
Current children cumulated vsize: 0 KiB
Current children cumulated memory: 0 KiB

[startup+211.201 s]
/proc/loadavg: 0.52 0.58 0.59 2/13 3321
/proc/meminfo: memFree=11387576/16587228 swapFree=50197060/50331648
Current children cumulated CPU time: 0 s
Current children cumulated vsize: 0 KiB
Current children cumulated memory: 0 KiB

[startup+212.8 s]
/proc/loadavg: 0.52 0.58 0.59 2/13 3321
/proc/meminfo: memFree=11399720/16587228 swapFree=50197060/50331648
Current children cumulated CPU time: 0 s
Current children cumulated vsize: 0 KiB
Current children cumulated memory: 0 KiB

[startup+213.601 s]
/proc/loadavg: 0.52 0.58 0.59 2/13 3321
/proc/meminfo: memFree=11399736/16587228 swapFree=50197060/50331648
Current children cumulated CPU time: 0 s
Current children cumulated vsize: 0 KiB
Current children cumulated memory: 0 KiB

[startup+213.8 s]
/proc/loadavg: 0.52 0.58 0.59 2/13 3321
/proc/meminfo: memFree=11399736/16587228 swapFree=50197060/50331648
Current children cumulated CPU time: 0 s
Current children cumulated vsize: 0 KiB
Current children cumulated memory: 0 KiB

Child status: 0
Real time (s): 213.822
CPU time (s): 213.734
CPU user time (s): 213.078
CPU system time (s): 0.65625
CPU usage (%): 99.9591
Max. virtual memory (cumulated for all children) (KiB): 0
Max. memory (cumulated for all children) (KiB): 0

getrusage(RUSAGE_CHILDREN,...) data:
user time used= 213.078
system time used= 0.65625
maximum resident set size= 256880
integral shared memory size= 0
integral unshared data size= 0
integral unshared stack size= 0
page reclaims= 84586
page faults= 0
swaps= 0
block input operations= 0
block output operations= 0
messages sent= 0
messages received= 0
signals received= 0
voluntary context switches= 0
involuntary context switches= 0


# summary of solver processes directly reported to runsolver:
#   pid: 3320
#   total CPU time (s): 213.734
#   total CPU user time (s): 213.078
#   total CPU system time (s): 0.65625

??? end of timestamper thread
runsolver used 0 second user time and 0.015625 second system time

The end
