runsolver version 3.4.0 (svn: 3018) Copyright (C) 2010-2013 Olivier ROUSSEL

This program is distributed in the hope that it will be useful,
but WITHOUT ANY WARRANTY; without even the implied warranty of
MERCHANTABILITY or FITNESS FOR A PARTICULAR PURPOSE.  See the
GNU General Public License for more details.

command line: /home/kunalan/runsolver/src/runsolver -C 1200 -W 1200 --vsize-limit 16384 -w results_nprc/nprc_newground_random_1000_40_watch.log --var results_nprc/nprc_newground_random_1000_40_values.log python3 ../newground2.py ../instances/benchmark_instances/encodings/nprc_newground.lp ../instances/benchmark_instances/graphs/random_1000_40.lp 

running on 8 cores: 0-7

Enforcing CPUTime limit (soft limit, will send SIGTERM then SIGKILL): 1200 seconds
Enforcing CPUTime limit (hard limit, will send SIGXCPU): 1230 seconds
Enforcing wall clock limit (soft limit, will send SIGTERM then SIGKILL): 1200 seconds
Enforcing VSIZE limit (soft limit, will send SIGTERM then SIGKILL): 16777216 KiB
Enforcing VSIZE limit (hard limit, stack expansion will fail with SIGSEGV, brk() and mmap() will return ENOMEM): 16828416 KiB
Linux 4.4.0-22000-Microsoft
Current StackSize limit: 8192 KiB
solver pid=3361, runsolver pid=3359


[startup+0.100322 s]*
/proc/loadavg: 0.52 0.58 0.59 2/13 3362
/proc/meminfo: memFree=11581508/16587228 swapFree=50197248/50331648
Current children cumulated CPU time: 0 s
Current children cumulated vsize: 0 KiB
Current children cumulated memory: 0 KiB

[startup+0.20101 s]*
/proc/loadavg: 0.52 0.58 0.59 2/13 3362
/proc/meminfo: memFree=11563500/16587228 swapFree=50197248/50331648
Current children cumulated CPU time: 0 s
Current children cumulated vsize: 0 KiB
Current children cumulated memory: 0 KiB

[startup+0.300863 s]*
/proc/loadavg: 0.52 0.58 0.59 2/13 3362
/proc/meminfo: memFree=11560276/16587228 swapFree=50197248/50331648
Current children cumulated CPU time: 0 s
Current children cumulated vsize: 0 KiB
Current children cumulated memory: 0 KiB

[startup+0.700178 s]
/proc/loadavg: 0.52 0.58 0.59 2/13 3362
/proc/meminfo: memFree=11560260/16587228 swapFree=50197248/50331648
Current children cumulated CPU time: 0 s
Current children cumulated vsize: 0 KiB
Current children cumulated memory: 0 KiB

[startup+1.50027 s]
/proc/loadavg: 0.52 0.58 0.59 2/13 3362
/proc/meminfo: memFree=11561232/16587228 swapFree=50197248/50331648
Current children cumulated CPU time: 0 s
Current children cumulated vsize: 0 KiB
Current children cumulated memory: 0 KiB

[startup+3.10117 s]
/proc/loadavg: 0.52 0.58 0.59 2/13 3362
/proc/meminfo: memFree=11546540/16587228 swapFree=50197248/50331648
Current children cumulated CPU time: 0 s
Current children cumulated vsize: 0 KiB
Current children cumulated memory: 0 KiB
heavy processes:

[startup+6.30035 s]
/proc/loadavg: 0.52 0.58 0.59 2/13 3362
/proc/meminfo: memFree=11552932/16587228 swapFree=50197248/50331648
Current children cumulated CPU time: 0 s
Current children cumulated vsize: 0 KiB
Current children cumulated memory: 0 KiB
heavy processes:

[startup+12.7002 s]
/proc/loadavg: 0.52 0.58 0.59 2/13 3362
/proc/meminfo: memFree=11552700/16587228 swapFree=50197248/50331648
Current children cumulated CPU time: 0 s
Current children cumulated vsize: 0 KiB
Current children cumulated memory: 0 KiB
heavy processes:

[startup+25.5005 s]
/proc/loadavg: 0.52 0.58 0.59 2/13 3362
/proc/meminfo: memFree=11533128/16587228 swapFree=50197248/50331648
Current children cumulated CPU time: 0 s
Current children cumulated vsize: 0 KiB
Current children cumulated memory: 0 KiB
heavy processes:

[startup+51.1013 s]
/proc/loadavg: 0.52 0.58 0.59 2/13 3362
/proc/meminfo: memFree=11519188/16587228 swapFree=50197248/50331648
Current children cumulated CPU time: 0 s
Current children cumulated vsize: 0 KiB
Current children cumulated memory: 0 KiB
heavy processes:

[startup+102.3 s]
/proc/loadavg: 0.52 0.58 0.59 2/13 3362
/proc/meminfo: memFree=11486012/16587228 swapFree=50197268/50331648
Current children cumulated CPU time: 0 s
Current children cumulated vsize: 0 KiB
Current children cumulated memory: 0 KiB
heavy processes:

[startup+148.281 s]
# the end of solver process 3361 was just reported to runsolver
# cumulated CPU time of all completed processes:  user=147.797 s, system=0.390625 s

Solver just ended.
??? end of watcher thread
Dumping a history of the last processes samples

[startup+102.401 s]
/proc/loadavg: 0.52 0.58 0.59 2/13 3362
/proc/meminfo: memFree=11485928/16587228 swapFree=50197268/50331648
Current children cumulated CPU time: 0 s
Current children cumulated vsize: 0 KiB
Current children cumulated memory: 0 KiB

[startup+128 s]*
/proc/loadavg: 0.52 0.58 0.59 2/13 3362
/proc/meminfo: memFree=11386868/16587228 swapFree=50197268/50331648
Current children cumulated CPU time: 0 s
Current children cumulated vsize: 0 KiB
Current children cumulated memory: 0 KiB

[startup+140.8 s]
/proc/loadavg: 0.52 0.58 0.59 2/13 3362
/proc/meminfo: memFree=11396956/16587228 swapFree=50197268/50331648
Current children cumulated CPU time: 0 s
Current children cumulated vsize: 0 KiB
Current children cumulated memory: 0 KiB

[startup+144 s]*
/proc/loadavg: 0.52 0.58 0.59 2/13 3362
/proc/meminfo: memFree=11397576/16587228 swapFree=50197268/50331648
Current children cumulated CPU time: 0 s
Current children cumulated vsize: 0 KiB
Current children cumulated memory: 0 KiB

[startup+145.6 s]
/proc/loadavg: 0.52 0.58 0.59 2/13 3362
/proc/meminfo: memFree=11397612/16587228 swapFree=50197268/50331648
Current children cumulated CPU time: 0 s
Current children cumulated vsize: 0 KiB
Current children cumulated memory: 0 KiB

[startup+147.2 s]
/proc/loadavg: 0.52 0.58 0.59 2/13 3362
/proc/meminfo: memFree=11397744/16587228 swapFree=50197268/50331648
Current children cumulated CPU time: 0 s
Current children cumulated vsize: 0 KiB
Current children cumulated memory: 0 KiB

[startup+148.001 s]*
/proc/loadavg: 0.52 0.58 0.59 2/13 3362
/proc/meminfo: memFree=11397852/16587228 swapFree=50197268/50331648
Current children cumulated CPU time: 0 s
Current children cumulated vsize: 0 KiB
Current children cumulated memory: 0 KiB

[startup+148.2 s]
/proc/loadavg: 0.52 0.58 0.59 2/13 3362
/proc/meminfo: memFree=11397852/16587228 swapFree=50197268/50331648
Current children cumulated CPU time: 0 s
Current children cumulated vsize: 0 KiB
Current children cumulated memory: 0 KiB

Child status: 0
Real time (s): 148.281
CPU time (s): 148.188
CPU user time (s): 147.797
CPU system time (s): 0.390625
CPU usage (%): 99.9371
Max. virtual memory (cumulated for all children) (KiB): 0
Max. memory (cumulated for all children) (KiB): 0

getrusage(RUSAGE_CHILDREN,...) data:
user time used= 147.797
system time used= 0.390625
maximum resident set size= 237540
integral shared memory size= 0
integral unshared data size= 0
integral unshared stack size= 0
page reclaims= 78838
page faults= 0
swaps= 0
block input operations= 0
block output operations= 0
messages sent= 0
messages received= 0
signals received= 0
voluntary context switches= 0
involuntary context switches= 0


# summary of solver processes directly reported to runsolver:
#   pid: 3361
#   total CPU time (s): 148.188
#   total CPU user time (s): 147.797
#   total CPU system time (s): 0.390625

??? end of timestamper thread
runsolver used 0 second user time and 0.015625 second system time

The end
