runsolver version 3.4.0 (svn: 3018) Copyright (C) 2010-2013 Olivier ROUSSEL

This program is distributed in the hope that it will be useful,
but WITHOUT ANY WARRANTY; without even the implied warranty of
MERCHANTABILITY or FITNESS FOR A PARTICULAR PURPOSE.  See the
GNU General Public License for more details.

command line: /home/kunalan/runsolver/src/runsolver -C 1200 -W 1200 --vsize-limit 16384 -w results_nprc/nprc_newground_random_400_40_watch.log --var results_nprc/nprc_newground_random_400_40_values.log python3 ../newground2.py ../instances/benchmark_instances/encodings/nprc_newground.lp ../instances/benchmark_instances/graphs/random_400_40.lp 

running on 8 cores: 0-7

Enforcing CPUTime limit (soft limit, will send SIGTERM then SIGKILL): 1200 seconds
Enforcing CPUTime limit (hard limit, will send SIGXCPU): 1230 seconds
Enforcing wall clock limit (soft limit, will send SIGTERM then SIGKILL): 1200 seconds
Enforcing VSIZE limit (soft limit, will send SIGTERM then SIGKILL): 16777216 KiB
Enforcing VSIZE limit (hard limit, stack expansion will fail with SIGSEGV, brk() and mmap() will return ENOMEM): 16828416 KiB
Linux 4.4.0-22000-Microsoft
solver pid=1972, runsolver pid=1970
Current StackSize limit: 8192 KiB


[startup+0.100514 s]*
/proc/loadavg: 0.52 0.58 0.59 2/13 1973
/proc/meminfo: memFree=11493788/16587228 swapFree=50193848/50331648
Current children cumulated CPU time: 0 s
Current children cumulated vsize: 0 KiB
Current children cumulated memory: 0 KiB

[startup+0.201233 s]*
/proc/loadavg: 0.52 0.58 0.59 2/13 1973
/proc/meminfo: memFree=11481688/16587228 swapFree=50193848/50331648
Current children cumulated CPU time: 0 s
Current children cumulated vsize: 0 KiB
Current children cumulated memory: 0 KiB

[startup+0.300836 s]*
/proc/loadavg: 0.52 0.58 0.59 2/13 1973
/proc/meminfo: memFree=11476724/16587228 swapFree=50193848/50331648
Current children cumulated CPU time: 0 s
Current children cumulated vsize: 0 KiB
Current children cumulated memory: 0 KiB

[startup+0.700512 s]
/proc/loadavg: 0.52 0.58 0.59 2/13 1973
/proc/meminfo: memFree=11476720/16587228 swapFree=50193848/50331648
Current children cumulated CPU time: 0 s
Current children cumulated vsize: 0 KiB
Current children cumulated memory: 0 KiB

[startup+1.50053 s]
/proc/loadavg: 0.52 0.58 0.59 2/13 1973
/proc/meminfo: memFree=11473560/16587228 swapFree=50193848/50331648
Current children cumulated CPU time: 0 s
Current children cumulated vsize: 0 KiB
Current children cumulated memory: 0 KiB

[startup+3.10123 s]
/proc/loadavg: 0.52 0.58 0.59 2/13 1974
/proc/meminfo: memFree=11477716/16587228 swapFree=50193848/50331648
Current children cumulated CPU time: 0 s
Current children cumulated vsize: 0 KiB
Current children cumulated memory: 0 KiB
heavy processes:

[startup+6.3003 s]
/proc/loadavg: 0.52 0.58 0.59 2/13 1974
/proc/meminfo: memFree=11479852/16587228 swapFree=50193848/50331648
Current children cumulated CPU time: 0 s
Current children cumulated vsize: 0 KiB
Current children cumulated memory: 0 KiB
heavy processes:

[startup+12.7002 s]
/proc/loadavg: 0.52 0.58 0.59 2/13 1974
/proc/meminfo: memFree=11473916/16587228 swapFree=50193848/50331648
Current children cumulated CPU time: 0 s
Current children cumulated vsize: 0 KiB
Current children cumulated memory: 0 KiB
heavy processes:

[startup+23.735 s]
# the end of solver process 1972 was just reported to runsolver
# cumulated CPU time of all completed processes:  user=23.5 s, system=0.15625 s

Solver just ended.
??? end of watcher thread
Dumping a history of the last processes samples

[startup+12.801 s]
/proc/loadavg: 0.52 0.58 0.59 2/13 1974
/proc/meminfo: memFree=11473128/16587228 swapFree=50193848/50331648
Current children cumulated CPU time: 0 s
Current children cumulated vsize: 0 KiB
Current children cumulated memory: 0 KiB

[startup+19.2005 s]
/proc/loadavg: 0.52 0.58 0.59 2/13 1974
/proc/meminfo: memFree=11456848/16587228 swapFree=50193848/50331648
Current children cumulated CPU time: 0 s
Current children cumulated vsize: 0 KiB
Current children cumulated memory: 0 KiB

[startup+20.8002 s]
/proc/loadavg: 0.52 0.58 0.59 2/13 1974
/proc/meminfo: memFree=11457852/16587228 swapFree=50193848/50331648
Current children cumulated CPU time: 0 s
Current children cumulated vsize: 0 KiB
Current children cumulated memory: 0 KiB

[startup+22.4002 s]
/proc/loadavg: 0.52 0.58 0.59 2/13 1974
/proc/meminfo: memFree=11467128/16587228 swapFree=50193848/50331648
Current children cumulated CPU time: 0 s
Current children cumulated vsize: 0 KiB
Current children cumulated memory: 0 KiB

[startup+23.2003 s]
/proc/loadavg: 0.52 0.58 0.59 2/13 1974
/proc/meminfo: memFree=11458096/16587228 swapFree=50193848/50331648
Current children cumulated CPU time: 0 s
Current children cumulated vsize: 0 KiB
Current children cumulated memory: 0 KiB

[startup+23.6003 s]
/proc/loadavg: 0.52 0.58 0.59 2/13 1974
/proc/meminfo: memFree=11458096/16587228 swapFree=50193848/50331648
Current children cumulated CPU time: 0 s
Current children cumulated vsize: 0 KiB
Current children cumulated memory: 0 KiB

[startup+23.7005 s]
/proc/loadavg: 0.52 0.58 0.59 2/13 1974
/proc/meminfo: memFree=11458096/16587228 swapFree=50193848/50331648
Current children cumulated CPU time: 0 s
Current children cumulated vsize: 0 KiB
Current children cumulated memory: 0 KiB

Child status: 0
Real time (s): 23.7351
CPU time (s): 23.6562
CPU user time (s): 23.5
CPU system time (s): 0.15625
CPU usage (%): 99.6678
Max. virtual memory (cumulated for all children) (KiB): 0
Max. memory (cumulated for all children) (KiB): 0

getrusage(RUSAGE_CHILDREN,...) data:
user time used= 23.5
system time used= 0.15625
maximum resident set size= 57300
integral shared memory size= 0
integral unshared data size= 0
integral unshared stack size= 0
page reclaims= 18508
page faults= 0
swaps= 0
block input operations= 0
block output operations= 0
messages sent= 0
messages received= 0
signals received= 0
voluntary context switches= 0
involuntary context switches= 0


# summary of solver processes directly reported to runsolver:
#   pid: 1972
#   total CPU time (s): 23.6562
#   total CPU user time (s): 23.5
#   total CPU system time (s): 0.15625

??? end of timestamper thread
runsolver used 0 second user time and 0 second system time

The end
