runsolver version 3.4.0 (svn: 3018) Copyright (C) 2010-2013 Olivier ROUSSEL

This program is distributed in the hope that it will be useful,
but WITHOUT ANY WARRANTY; without even the implied warranty of
MERCHANTABILITY or FITNESS FOR A PARTICULAR PURPOSE.  See the
GNU General Public License for more details.

command line: /home/kunalan/runsolver/src/runsolver -C 1200 -W 1200 --vsize-limit 16384 -w results_nprc/nprc_gringo_random_100_60_watch.log --var results_nprc/nprc_gringo_random_100_60_values.log gringo --verbose=2 --output text ../instances/benchmark_instances/encodings/nprc_gringo.lp ../instances/benchmark_instances/graphs/random_100_60.lp 

running on 8 cores: 0-7

Enforcing CPUTime limit (soft limit, will send SIGTERM then SIGKILL): 1200 seconds
Enforcing CPUTime limit (hard limit, will send SIGXCPU): 1230 seconds
Enforcing wall clock limit (soft limit, will send SIGTERM then SIGKILL): 1200 seconds
Enforcing VSIZE limit (soft limit, will send SIGTERM then SIGKILL): 16777216 KiB
Enforcing VSIZE limit (hard limit, stack expansion will fail with SIGSEGV, brk() and mmap() will return ENOMEM): 16828416 KiB
Linux 4.4.0-22000-Microsoft
Current StackSize limit: 8192 KiB

solver pid=338, runsolver pid=336

[startup+0.100212 s]*
/proc/loadavg: 0.52 0.58 0.59 3/13 339
/proc/meminfo: memFree=12835752/16587228 swapFree=50071740/50331648
Current children cumulated CPU time: 0 s
Current children cumulated vsize: 0 KiB
Current children cumulated memory: 0 KiB

[startup+0.201087 s]*
/proc/loadavg: 0.52 0.58 0.59 3/13 339
/proc/meminfo: memFree=12835644/16587228 swapFree=50071740/50331648
Current children cumulated CPU time: 0 s
Current children cumulated vsize: 0 KiB
Current children cumulated memory: 0 KiB

[startup+0.301252 s]*
/proc/loadavg: 0.52 0.58 0.59 3/13 339
/proc/meminfo: memFree=12837132/16587228 swapFree=50071740/50331648
Current children cumulated CPU time: 0 s
Current children cumulated vsize: 0 KiB
Current children cumulated memory: 0 KiB

[startup+0.700318 s]
/proc/loadavg: 0.52 0.58 0.59 3/13 339
/proc/meminfo: memFree=12827316/16587228 swapFree=50071740/50331648
Current children cumulated CPU time: 0 s
Current children cumulated vsize: 0 KiB
Current children cumulated memory: 0 KiB

[startup+1.50032 s]
/proc/loadavg: 0.52 0.58 0.59 2/13 339
/proc/meminfo: memFree=12828780/16587228 swapFree=50071740/50331648
Current children cumulated CPU time: 0 s
Current children cumulated vsize: 0 KiB
Current children cumulated memory: 0 KiB

[startup+3.10101 s]
/proc/loadavg: 0.52 0.58 0.59 3/13 339
/proc/meminfo: memFree=12834020/16587228 swapFree=50071740/50331648
Current children cumulated CPU time: 0 s
Current children cumulated vsize: 0 KiB
Current children cumulated memory: 0 KiB
heavy processes:

[startup+6.30043 s]
/proc/loadavg: 0.52 0.58 0.59 2/13 339
/proc/meminfo: memFree=12834004/16587228 swapFree=50071740/50331648
Current children cumulated CPU time: 0 s
Current children cumulated vsize: 0 KiB
Current children cumulated memory: 0 KiB
heavy processes:

[startup+12.7002 s]
/proc/loadavg: 0.52 0.58 0.59 3/13 340
/proc/meminfo: memFree=12834260/16587228 swapFree=50071740/50331648
Current children cumulated CPU time: 0 s
Current children cumulated vsize: 0 KiB
Current children cumulated memory: 0 KiB
heavy processes:

[startup+25.5002 s]
/proc/loadavg: 0.52 0.58 0.59 2/13 340
/proc/meminfo: memFree=12834984/16587228 swapFree=50071740/50331648
Current children cumulated CPU time: 0 s
Current children cumulated vsize: 0 KiB
Current children cumulated memory: 0 KiB
heavy processes:

[startup+51.1012 s]
/proc/loadavg: 0.52 0.58 0.59 2/13 340
/proc/meminfo: memFree=12836124/16587228 swapFree=50071740/50331648
Current children cumulated CPU time: 0 s
Current children cumulated vsize: 0 KiB
Current children cumulated memory: 0 KiB
heavy processes:

[startup+92.0292 s]
# the end of solver process 338 was just reported to runsolver
# cumulated CPU time of all completed processes:  user=89.5 s, system=2.46875 s

Solver just ended.
??? end of watcher thread
Dumping a history of the last processes samples

[startup+51.2009 s]
/proc/loadavg: 0.52 0.58 0.59 2/13 340
/proc/meminfo: memFree=12836124/16587228 swapFree=50071740/50331648
Current children cumulated CPU time: 0 s
Current children cumulated vsize: 0 KiB
Current children cumulated memory: 0 KiB

[startup+76.8004 s]
/proc/loadavg: 0.52 0.58 0.59 3/13 340
/proc/meminfo: memFree=12836516/16587228 swapFree=50071740/50331648
Current children cumulated CPU time: 0 s
Current children cumulated vsize: 0 KiB
Current children cumulated memory: 0 KiB

[startup+83.2002 s]
/proc/loadavg: 0.52 0.58 0.59 2/13 340
/proc/meminfo: memFree=12836492/16587228 swapFree=50071740/50331648
Current children cumulated CPU time: 0 s
Current children cumulated vsize: 0 KiB
Current children cumulated memory: 0 KiB

[startup+86.4004 s]
/proc/loadavg: 0.52 0.58 0.59 2/13 340
/proc/meminfo: memFree=12836456/16587228 swapFree=50071740/50331648
Current children cumulated CPU time: 0 s
Current children cumulated vsize: 0 KiB
Current children cumulated memory: 0 KiB

[startup+89.6001 s]
/proc/loadavg: 0.52 0.58 0.59 3/13 340
/proc/meminfo: memFree=12836524/16587228 swapFree=50071740/50331648
Current children cumulated CPU time: 0 s
Current children cumulated vsize: 0 KiB
Current children cumulated memory: 0 KiB

[startup+91.2003 s]
/proc/loadavg: 0.52 0.58 0.59 2/13 340
/proc/meminfo: memFree=12836496/16587228 swapFree=50071740/50331648
Current children cumulated CPU time: 0 s
Current children cumulated vsize: 0 KiB
Current children cumulated memory: 0 KiB

[startup+91.6001 s]
/proc/loadavg: 0.52 0.58 0.59 2/13 340
/proc/meminfo: memFree=12836496/16587228 swapFree=50071740/50331648
Current children cumulated CPU time: 0 s
Current children cumulated vsize: 0 KiB
Current children cumulated memory: 0 KiB

[startup+92.0003 s]*
/proc/loadavg: 0.52 0.58 0.59 2/13 340
/proc/meminfo: memFree=12836652/16587228 swapFree=50071740/50331648
Current children cumulated CPU time: 0 s
Current children cumulated vsize: 0 KiB
Current children cumulated memory: 0 KiB

Child status: 0
Real time (s): 92.0293
CPU time (s): 91.9688
CPU user time (s): 89.5
CPU system time (s): 2.46875
CPU usage (%): 99.9342
Max. virtual memory (cumulated for all children) (KiB): 0
Max. memory (cumulated for all children) (KiB): 0

getrusage(RUSAGE_CHILDREN,...) data:
user time used= 89.5
system time used= 2.46875
maximum resident set size= 5236
integral shared memory size= 0
integral unshared data size= 0
integral unshared stack size= 0
page reclaims= 1479
page faults= 0
swaps= 0
block input operations= 0
block output operations= 0
messages sent= 0
messages received= 0
signals received= 0
voluntary context switches= 0
involuntary context switches= 0


# summary of solver processes directly reported to runsolver:
#   pid: 338
#   total CPU time (s): 91.9688
#   total CPU user time (s): 89.5
#   total CPU system time (s): 2.46875

??? end of timestamper thread
runsolver used 0.03125 second user time and 0 second system time

The end
