runsolver version 3.4.0 (svn: 3018) Copyright (C) 2010-2013 Olivier ROUSSEL

This program is distributed in the hope that it will be useful,
but WITHOUT ANY WARRANTY; without even the implied warranty of
MERCHANTABILITY or FITNESS FOR A PARTICULAR PURPOSE.  See the
GNU General Public License for more details.

command line: /home/kunalan/runsolver/src/runsolver -C 1200 -W 1200 --vsize-limit 16384 -w results_nprc/nprc_newground2_random_100_20_watch.log --var results_nprc/nprc_newground2_random_100_20_values.log python3 ../newground2.py ../instances/benchmark_instances/encodings/nprc_newground2.lp ../instances/benchmark_instances/graphs/random_100_20.lp 

running on 8 cores: 0-7

Enforcing CPUTime limit (soft limit, will send SIGTERM then SIGKILL): 1200 seconds
Enforcing CPUTime limit (hard limit, will send SIGXCPU): 1230 seconds
Enforcing wall clock limit (soft limit, will send SIGTERM then SIGKILL): 1200 seconds
Enforcing VSIZE limit (soft limit, will send SIGTERM then SIGKILL): 16777216 KiB
Enforcing VSIZE limit (hard limit, stack expansion will fail with SIGSEGV, brk() and mmap() will return ENOMEM): 16828416 KiB
Linux 4.4.0-22000-Microsoft
Current StackSize limit: 8192 KiB
solver pid=243, runsolver pid=241


[startup+0.10045 s]*
/proc/loadavg: 0.52 0.58 0.59 2/13 244
/proc/meminfo: memFree=13110460/16587228 swapFree=49955496/50331648
Current children cumulated CPU time: 0 s
Current children cumulated vsize: 0 KiB
Current children cumulated memory: 0 KiB

[startup+0.201177 s]*
/proc/loadavg: 0.52 0.58 0.59 2/13 244
/proc/meminfo: memFree=13093296/16587228 swapFree=49955496/50331648
Current children cumulated CPU time: 0 s
Current children cumulated vsize: 0 KiB
Current children cumulated memory: 0 KiB

[startup+0.300762 s]*
/proc/loadavg: 0.52 0.58 0.59 2/13 244
/proc/meminfo: memFree=13089372/16587228 swapFree=49955496/50331648
Current children cumulated CPU time: 0 s
Current children cumulated vsize: 0 KiB
Current children cumulated memory: 0 KiB

[startup+0.700164 s]
/proc/loadavg: 0.52 0.58 0.59 2/13 244
/proc/meminfo: memFree=13089356/16587228 swapFree=49955496/50331648
Current children cumulated CPU time: 0 s
Current children cumulated vsize: 0 KiB
Current children cumulated memory: 0 KiB

[startup+1.50033 s]
/proc/loadavg: 0.52 0.58 0.59 2/13 244
/proc/meminfo: memFree=13091940/16587228 swapFree=49955496/50331648
Current children cumulated CPU time: 0 s
Current children cumulated vsize: 0 KiB
Current children cumulated memory: 0 KiB

[startup+3.10095 s]
/proc/loadavg: 0.52 0.58 0.59 2/13 244
/proc/meminfo: memFree=13095344/16587228 swapFree=49955496/50331648
Current children cumulated CPU time: 0 s
Current children cumulated vsize: 0 KiB
Current children cumulated memory: 0 KiB
heavy processes:

[startup+6.30035 s]
/proc/loadavg: 0.52 0.58 0.59 2/13 244
/proc/meminfo: memFree=13091160/16587228 swapFree=49955496/50331648
Current children cumulated CPU time: 0 s
Current children cumulated vsize: 0 KiB
Current children cumulated memory: 0 KiB
heavy processes:

[startup+12.7001 s]
/proc/loadavg: 0.52 0.58 0.59 2/13 244
/proc/meminfo: memFree=13091536/16587228 swapFree=49955496/50331648
Current children cumulated CPU time: 0 s
Current children cumulated vsize: 0 KiB
Current children cumulated memory: 0 KiB
heavy processes:

[startup+25.5001 s]
/proc/loadavg: 0.52 0.58 0.59 2/13 246
/proc/meminfo: memFree=13087348/16587228 swapFree=49955496/50331648
Current children cumulated CPU time: 0 s
Current children cumulated vsize: 0 KiB
Current children cumulated memory: 0 KiB
heavy processes:

[startup+51.1009 s]
/proc/loadavg: 0.52 0.58 0.59 2/13 247
/proc/meminfo: memFree=13078416/16587228 swapFree=49955600/50331648
Current children cumulated CPU time: 0 s
Current children cumulated vsize: 0 KiB
Current children cumulated memory: 0 KiB
heavy processes:

[startup+102.3 s]
/proc/loadavg: 0.52 0.58 0.59 2/13 251
/proc/meminfo: memFree=13081292/16587228 swapFree=49955640/50331648
Current children cumulated CPU time: 0 s
Current children cumulated vsize: 0 KiB
Current children cumulated memory: 0 KiB
heavy processes:

[startup+162.3 s]
/proc/loadavg: 0.52 0.58 0.59 2/13 251
/proc/meminfo: memFree=13080452/16587228 swapFree=49955804/50331648
Current children cumulated CPU time: 0 s
Current children cumulated vsize: 0 KiB
Current children cumulated memory: 0 KiB
heavy processes:

[startup+222.3 s]
/proc/loadavg: 0.52 0.58 0.59 2/13 251
/proc/meminfo: memFree=13079600/16587228 swapFree=49955812/50331648
Current children cumulated CPU time: 0 s
Current children cumulated vsize: 0 KiB
Current children cumulated memory: 0 KiB
heavy processes:

[startup+282.3 s]
/proc/loadavg: 0.52 0.58 0.59 2/13 251
/proc/meminfo: memFree=13086140/16587228 swapFree=49955816/50331648
Current children cumulated CPU time: 0 s
Current children cumulated vsize: 0 KiB
Current children cumulated memory: 0 KiB
heavy processes:

[startup+342.301 s]
/proc/loadavg: 0.52 0.58 0.59 2/13 251
/proc/meminfo: memFree=13085716/16587228 swapFree=49955824/50331648
Current children cumulated CPU time: 0 s
Current children cumulated vsize: 0 KiB
Current children cumulated memory: 0 KiB
heavy processes:

[startup+402.3 s]
/proc/loadavg: 0.52 0.58 0.59 2/13 251
/proc/meminfo: memFree=13109712/16587228 swapFree=49956060/50331648
Current children cumulated CPU time: 0 s
Current children cumulated vsize: 0 KiB
Current children cumulated memory: 0 KiB
heavy processes:

[startup+462.3 s]
/proc/loadavg: 0.52 0.58 0.59 2/13 251
/proc/meminfo: memFree=13114584/16587228 swapFree=49956064/50331648
Current children cumulated CPU time: 0 s
Current children cumulated vsize: 0 KiB
Current children cumulated memory: 0 KiB
heavy processes:

[startup+522.3 s]
/proc/loadavg: 0.52 0.58 0.59 2/13 251
/proc/meminfo: memFree=13119880/16587228 swapFree=49956268/50331648
Current children cumulated CPU time: 0 s
Current children cumulated vsize: 0 KiB
Current children cumulated memory: 0 KiB
heavy processes:

[startup+582.3 s]
/proc/loadavg: 0.52 0.58 0.59 2/13 253
/proc/meminfo: memFree=13104656/16587228 swapFree=49956284/50331648
Current children cumulated CPU time: 0 s
Current children cumulated vsize: 0 KiB
Current children cumulated memory: 0 KiB
heavy processes:

[startup+642.3 s]
/proc/loadavg: 0.52 0.58 0.59 2/13 253
/proc/meminfo: memFree=11937120/16587228 swapFree=50043500/50331648
Current children cumulated CPU time: 0 s
Current children cumulated vsize: 0 KiB
Current children cumulated memory: 0 KiB
heavy processes:

[startup+702.301 s]
/proc/loadavg: 0.52 0.58 0.59 2/13 253
/proc/meminfo: memFree=11682640/16587228 swapFree=50043728/50331648
Current children cumulated CPU time: 0 s
Current children cumulated vsize: 0 KiB
Current children cumulated memory: 0 KiB
heavy processes:

[startup+762.301 s]
/proc/loadavg: 0.52 0.58 0.59 2/13 253
/proc/meminfo: memFree=11704724/16587228 swapFree=50043740/50331648
Current children cumulated CPU time: 0 s
Current children cumulated vsize: 0 KiB
Current children cumulated memory: 0 KiB
heavy processes:

[startup+822.3 s]
/proc/loadavg: 0.52 0.58 0.59 2/13 253
/proc/meminfo: memFree=11683688/16587228 swapFree=50043740/50331648
Current children cumulated CPU time: 0 s
Current children cumulated vsize: 0 KiB
Current children cumulated memory: 0 KiB
heavy processes:

[startup+882.3 s]
/proc/loadavg: 0.52 0.58 0.59 2/13 253
/proc/meminfo: memFree=11672456/16587228 swapFree=50043860/50331648
Current children cumulated CPU time: 0 s
Current children cumulated vsize: 0 KiB
Current children cumulated memory: 0 KiB
heavy processes:

[startup+942.3 s]
/proc/loadavg: 0.52 0.58 0.59 2/13 253
/proc/meminfo: memFree=11679240/16587228 swapFree=50043888/50331648
Current children cumulated CPU time: 0 s
Current children cumulated vsize: 0 KiB
Current children cumulated memory: 0 KiB
heavy processes:

[startup+1002.3 s]
/proc/loadavg: 0.52 0.58 0.59 2/13 253
/proc/meminfo: memFree=11642996/16587228 swapFree=50043944/50331648
Current children cumulated CPU time: 0 s
Current children cumulated vsize: 0 KiB
Current children cumulated memory: 0 KiB
heavy processes:

[startup+1062.3 s]
/proc/loadavg: 0.52 0.58 0.59 2/13 253
/proc/meminfo: memFree=11677492/16587228 swapFree=50043952/50331648
Current children cumulated CPU time: 0 s
Current children cumulated vsize: 0 KiB
Current children cumulated memory: 0 KiB
heavy processes:

[startup+1122.3 s]
/proc/loadavg: 0.52 0.58 0.59 2/13 253
/proc/meminfo: memFree=11669460/16587228 swapFree=50043960/50331648
Current children cumulated CPU time: 0 s
Current children cumulated vsize: 0 KiB
Current children cumulated memory: 0 KiB
heavy processes:

[startup+1182.3 s]
/proc/loadavg: 0.52 0.58 0.59 2/13 253
/proc/meminfo: memFree=11657724/16587228 swapFree=50043980/50331648
Current children cumulated CPU time: 0 s
Current children cumulated vsize: 0 KiB
Current children cumulated memory: 0 KiB
heavy processes:



Maximum wall clock time exceeded: sending SIGTERM then SIGKILL

[startup+1200 s]*
/proc/loadavg: 0.52 0.58 0.59 2/13 253
/proc/meminfo: memFree=11655372/16587228 swapFree=50043988/50331648
Current children cumulated CPU time: 0 s
Current children cumulated vsize: 0 KiB
Current children cumulated memory: 0 KiB
heavy processes:

Sending SIGTERM to process tree (bottom up)
Sleeping 2 seconds

Sending SIGKILL to process tree (bottom up)
??? end of watcher thread

[startup+1250.72 s]
# the end of solver process 243 was just reported to runsolver
# cumulated CPU time of all completed processes:  user=1241.14 s, system=0.5 s

Solver just ended.
Dumping a history of the last processes samples

[startup+1200.8 s]
/proc/loadavg: 0.52 0.58 0.59 2/13 253
/proc/meminfo: memFree=11655372/16587228 swapFree=50043988/50331648
Current children cumulated CPU time: 0 s
Current children cumulated vsize: 0 KiB
Current children cumulated memory: 0 KiB

[startup+1201.6 s]
/proc/loadavg: 0.52 0.58 0.59 2/13 253
/proc/meminfo: memFree=11653116/16587228 swapFree=50043988/50331648
Current children cumulated CPU time: 0 s
Current children cumulated vsize: 0 KiB
Current children cumulated memory: 0 KiB

[startup+1202 s]*
/proc/loadavg: 0.52 0.58 0.59 2/13 253
/proc/meminfo: memFree=11655580/16587228 swapFree=50043988/50331648
Current children cumulated CPU time: 0 s
Current children cumulated vsize: 0 KiB
Current children cumulated memory: 0 KiB

Child ended because it received signal 9 (SIGKILL)
Real time (s): 1250.72
CPU time (s): 1241.64
CPU user time (s): 1241.14
CPU system time (s): 0.5
CPU usage (%): 99.2744
Max. virtual memory (cumulated for all children) (KiB): 0
Max. memory (cumulated for all children) (KiB): 0

getrusage(RUSAGE_CHILDREN,...) data:
user time used= 1241.14
system time used= 0.5
maximum resident set size= 42596
integral shared memory size= 0
integral unshared data size= 0
integral unshared stack size= 0
page reclaims= 11209
page faults= 0
swaps= 0
block input operations= 0
block output operations= 0
messages sent= 0
messages received= 0
signals received= 0
voluntary context switches= 0
involuntary context switches= 0


# summary of solver processes directly reported to runsolver:
#   pid: 243
#   total CPU time (s): 1241.64
#   total CPU user time (s): 1241.14
#   total CPU system time (s): 0.5

??? end of timestamper thread
runsolver used 0 second user time and 0 second system time

The end
