runsolver version 3.4.0 (svn: 3018) Copyright (C) 2010-2013 Olivier ROUSSEL

This program is distributed in the hope that it will be useful,
but WITHOUT ANY WARRANTY; without even the implied warranty of
MERCHANTABILITY or FITNESS FOR A PARTICULAR PURPOSE.  See the
GNU General Public License for more details.

command line: /home/kunalan/runsolver/src/runsolver -C 1200 -W 1200 --vsize-limit 16384 -w results_nprc/nprc_gringo_random_500_20_watch.log --var results_nprc/nprc_gringo_random_500_20_values.log gringo --verbose=2 --output text ../instances/benchmark_instances/encodings/nprc_gringo.lp ../instances/benchmark_instances/graphs/random_500_20.lp 

running on 8 cores: 0-7

Enforcing CPUTime limit (soft limit, will send SIGTERM then SIGKILL): 1200 seconds
Enforcing CPUTime limit (hard limit, will send SIGXCPU): 1230 seconds
Enforcing wall clock limit (soft limit, will send SIGTERM then SIGKILL): 1200 seconds
Enforcing VSIZE limit (soft limit, will send SIGTERM then SIGKILL): 16777216 KiB
Enforcing VSIZE limit (hard limit, stack expansion will fail with SIGSEGV, brk() and mmap() will return ENOMEM): 16828416 KiB
Linux 4.4.0-22000-Microsoft
Current StackSize limit: 8192 KiB

solver pid=2453, runsolver pid=2451

[startup+0.100259 s]*
/proc/loadavg: 0.52 0.58 0.59 2/13 2454
/proc/meminfo: memFree=11645160/16587228 swapFree=50193964/50331648
Current children cumulated CPU time: 0 s
Current children cumulated vsize: 0 KiB
Current children cumulated memory: 0 KiB

[startup+0.201487 s]*
/proc/loadavg: 0.52 0.58 0.59 2/13 2454
/proc/meminfo: memFree=11645300/16587228 swapFree=50193964/50331648
Current children cumulated CPU time: 0 s
Current children cumulated vsize: 0 KiB
Current children cumulated memory: 0 KiB

[startup+0.301289 s]*
/proc/loadavg: 0.52 0.58 0.59 2/13 2454
/proc/meminfo: memFree=11645112/16587228 swapFree=50193964/50331648
Current children cumulated CPU time: 0 s
Current children cumulated vsize: 0 KiB
Current children cumulated memory: 0 KiB

[startup+0.700158 s]
/proc/loadavg: 0.52 0.58 0.59 2/13 2454
/proc/meminfo: memFree=11630052/16587228 swapFree=50193964/50331648
Current children cumulated CPU time: 0 s
Current children cumulated vsize: 0 KiB
Current children cumulated memory: 0 KiB

[startup+1.50022 s]
/proc/loadavg: 0.52 0.58 0.59 2/13 2454
/proc/meminfo: memFree=11629056/16587228 swapFree=50193964/50331648
Current children cumulated CPU time: 0 s
Current children cumulated vsize: 0 KiB
Current children cumulated memory: 0 KiB

[startup+3.10121 s]
/proc/loadavg: 0.52 0.58 0.59 2/13 2454
/proc/meminfo: memFree=11631968/16587228 swapFree=50193964/50331648
Current children cumulated CPU time: 0 s
Current children cumulated vsize: 0 KiB
Current children cumulated memory: 0 KiB
heavy processes:

[startup+6.30019 s]
/proc/loadavg: 0.52 0.58 0.59 3/13 2454
/proc/meminfo: memFree=11626360/16587228 swapFree=50193964/50331648
Current children cumulated CPU time: 0 s
Current children cumulated vsize: 0 KiB
Current children cumulated memory: 0 KiB
heavy processes:

[startup+12.7006 s]
/proc/loadavg: 0.52 0.58 0.59 2/13 2454
/proc/meminfo: memFree=11626424/16587228 swapFree=50193964/50331648
Current children cumulated CPU time: 0 s
Current children cumulated vsize: 0 KiB
Current children cumulated memory: 0 KiB
heavy processes:

[startup+25.5001 s]
/proc/loadavg: 0.52 0.58 0.59 2/13 2454
/proc/meminfo: memFree=11627060/16587228 swapFree=50193964/50331648
Current children cumulated CPU time: 0 s
Current children cumulated vsize: 0 KiB
Current children cumulated memory: 0 KiB
heavy processes:

[startup+51.1009 s]
/proc/loadavg: 0.52 0.58 0.59 2/13 2454
/proc/meminfo: memFree=11624656/16587228 swapFree=50193964/50331648
Current children cumulated CPU time: 0 s
Current children cumulated vsize: 0 KiB
Current children cumulated memory: 0 KiB
heavy processes:

[startup+83.462 s]
# the end of solver process 2453 was just reported to runsolver
# cumulated CPU time of all completed processes:  user=80.6719 s, system=2.73438 s

Solver just ended.
??? end of watcher thread
Dumping a history of the last processes samples

[startup+51.2012 s]
/proc/loadavg: 0.52 0.58 0.59 3/13 2454
/proc/meminfo: memFree=11624656/16587228 swapFree=50193964/50331648
Current children cumulated CPU time: 0 s
Current children cumulated vsize: 0 KiB
Current children cumulated memory: 0 KiB

[startup+64.0002 s]*
/proc/loadavg: 0.52 0.58 0.59 3/13 2454
/proc/meminfo: memFree=11626860/16587228 swapFree=50193964/50331648
Current children cumulated CPU time: 0 s
Current children cumulated vsize: 0 KiB
Current children cumulated memory: 0 KiB

[startup+76.8003 s]
/proc/loadavg: 0.52 0.58 0.59 2/13 2455
/proc/meminfo: memFree=11623136/16587228 swapFree=50193964/50331648
Current children cumulated CPU time: 0 s
Current children cumulated vsize: 0 KiB
Current children cumulated memory: 0 KiB

[startup+80.0005 s]*
/proc/loadavg: 0.52 0.58 0.59 2/13 2455
/proc/meminfo: memFree=11623068/16587228 swapFree=50193964/50331648
Current children cumulated CPU time: 0 s
Current children cumulated vsize: 0 KiB
Current children cumulated memory: 0 KiB

[startup+81.6002 s]
/proc/loadavg: 0.52 0.58 0.59 3/13 2455
/proc/meminfo: memFree=11623292/16587228 swapFree=50193964/50331648
Current children cumulated CPU time: 0 s
Current children cumulated vsize: 0 KiB
Current children cumulated memory: 0 KiB

[startup+82.4003 s]
/proc/loadavg: 0.52 0.58 0.59 3/13 2455
/proc/meminfo: memFree=11623316/16587228 swapFree=50193964/50331648
Current children cumulated CPU time: 0 s
Current children cumulated vsize: 0 KiB
Current children cumulated memory: 0 KiB

[startup+83.2005 s]
/proc/loadavg: 0.52 0.58 0.59 2/13 2455
/proc/meminfo: memFree=11623428/16587228 swapFree=50193964/50331648
Current children cumulated CPU time: 0 s
Current children cumulated vsize: 0 KiB
Current children cumulated memory: 0 KiB

[startup+83.4005 s]
/proc/loadavg: 0.52 0.58 0.59 2/13 2455
/proc/meminfo: memFree=11623428/16587228 swapFree=50193964/50331648
Current children cumulated CPU time: 0 s
Current children cumulated vsize: 0 KiB
Current children cumulated memory: 0 KiB

Child ended because it received signal 15 (SIGTERM)
Real time (s): 83.4621
CPU time (s): 83.4062
CPU user time (s): 80.6719
CPU system time (s): 2.73438
CPU usage (%): 99.9331
Max. virtual memory (cumulated for all children) (KiB): 0
Max. memory (cumulated for all children) (KiB): 0

getrusage(RUSAGE_CHILDREN,...) data:
user time used= 80.6719
system time used= 2.73438
maximum resident set size= 30076
integral shared memory size= 0
integral unshared data size= 0
integral unshared stack size= 0
page reclaims= 9826
page faults= 0
swaps= 0
block input operations= 0
block output operations= 0
messages sent= 0
messages received= 0
signals received= 0
voluntary context switches= 0
involuntary context switches= 0


# summary of solver processes directly reported to runsolver:
#   pid: 2453
#   total CPU time (s): 83.4062
#   total CPU user time (s): 80.6719
#   total CPU system time (s): 2.73438

??? end of timestamper thread
runsolver used 0 second user time and 0.015625 second system time

The end
