runsolver version 3.4.0 (svn: 3018) Copyright (C) 2010-2013 Olivier ROUSSEL

This program is distributed in the hope that it will be useful,
but WITHOUT ANY WARRANTY; without even the implied warranty of
MERCHANTABILITY or FITNESS FOR A PARTICULAR PURPOSE.  See the
GNU General Public License for more details.

command line: /home/kunalan/runsolver/src/runsolver -C 1200 -W 1200 --vsize-limit 16384 -w results_nprc/nprc_newground2_random_500_80_watch.log --var results_nprc/nprc_newground2_random_500_80_values.log python3 ../newground2.py ../instances/benchmark_instances/encodings/nprc_newground2.lp ../instances/benchmark_instances/graphs/random_500_80.lp 

running on 8 cores: 0-7

Enforcing CPUTime limit (soft limit, will send SIGTERM then SIGKILL): 1200 seconds
Enforcing CPUTime limit (hard limit, will send SIGXCPU): 1230 seconds
Enforcing wall clock limit (soft limit, will send SIGTERM then SIGKILL): 1200 seconds
Enforcing VSIZE limit (soft limit, will send SIGTERM then SIGKILL): 16777216 KiB
Enforcing VSIZE limit (hard limit, stack expansion will fail with SIGSEGV, brk() and mmap() will return ENOMEM): 16828416 KiB
Linux 4.4.0-22000-Microsoft
Current StackSize limit: 8192 KiB

solver pid=2568, runsolver pid=2566

[startup+0.100535 s]*
/proc/loadavg: 0.52 0.58 0.59 2/13 2569
/proc/meminfo: memFree=11566292/16587228 swapFree=50193984/50331648
Current children cumulated CPU time: 0 s
Current children cumulated vsize: 0 KiB
Current children cumulated memory: 0 KiB

[startup+0.2011 s]*
/proc/loadavg: 0.52 0.58 0.59 2/13 2569
/proc/meminfo: memFree=11553040/16587228 swapFree=50193984/50331648
Current children cumulated CPU time: 0 s
Current children cumulated vsize: 0 KiB
Current children cumulated memory: 0 KiB

[startup+0.30082 s]*
/proc/loadavg: 0.52 0.58 0.59 2/13 2569
/proc/meminfo: memFree=11542680/16587228 swapFree=50193984/50331648
Current children cumulated CPU time: 0 s
Current children cumulated vsize: 0 KiB
Current children cumulated memory: 0 KiB

[startup+0.700447 s]
/proc/loadavg: 0.52 0.58 0.59 2/13 2569
/proc/meminfo: memFree=11542664/16587228 swapFree=50193984/50331648
Current children cumulated CPU time: 0 s
Current children cumulated vsize: 0 KiB
Current children cumulated memory: 0 KiB

[startup+1.50031 s]
/proc/loadavg: 0.52 0.58 0.59 2/13 2569
/proc/meminfo: memFree=11539172/16587228 swapFree=50193984/50331648
Current children cumulated CPU time: 0 s
Current children cumulated vsize: 0 KiB
Current children cumulated memory: 0 KiB

[startup+3.10084 s]
/proc/loadavg: 0.52 0.58 0.59 2/13 2570
/proc/meminfo: memFree=11538280/16587228 swapFree=50193984/50331648
Current children cumulated CPU time: 0 s
Current children cumulated vsize: 0 KiB
Current children cumulated memory: 0 KiB
heavy processes:

[startup+6.30028 s]
/proc/loadavg: 0.52 0.58 0.59 2/13 2570
/proc/meminfo: memFree=11537928/16587228 swapFree=50193984/50331648
Current children cumulated CPU time: 0 s
Current children cumulated vsize: 0 KiB
Current children cumulated memory: 0 KiB
heavy processes:

[startup+12.7004 s]
/proc/loadavg: 0.52 0.58 0.59 2/13 2570
/proc/meminfo: memFree=11544488/16587228 swapFree=50193984/50331648
Current children cumulated CPU time: 0 s
Current children cumulated vsize: 0 KiB
Current children cumulated memory: 0 KiB
heavy processes:

[startup+16.6066 s]
# the end of solver process 2568 was just reported to runsolver
# cumulated CPU time of all completed processes:  user=16.4844 s, system=0.078125 s

Solver just ended.
??? end of watcher thread
Dumping a history of the last processes samples

[startup+12.8013 s]
/proc/loadavg: 0.52 0.58 0.59 2/13 2570
/proc/meminfo: memFree=11544712/16587228 swapFree=50193984/50331648
Current children cumulated CPU time: 0 s
Current children cumulated vsize: 0 KiB
Current children cumulated memory: 0 KiB

[startup+14.4001 s]
/proc/loadavg: 0.52 0.58 0.59 2/13 2570
/proc/meminfo: memFree=11544724/16587228 swapFree=50193984/50331648
Current children cumulated CPU time: 0 s
Current children cumulated vsize: 0 KiB
Current children cumulated memory: 0 KiB

[startup+16.0002 s]*
/proc/loadavg: 0.52 0.58 0.59 2/13 2570
/proc/meminfo: memFree=11541500/16587228 swapFree=50193984/50331648
Current children cumulated CPU time: 0 s
Current children cumulated vsize: 0 KiB
Current children cumulated memory: 0 KiB

[startup+16.4004 s]
/proc/loadavg: 0.52 0.58 0.59 2/13 2570
/proc/meminfo: memFree=11541500/16587228 swapFree=50193984/50331648
Current children cumulated CPU time: 0 s
Current children cumulated vsize: 0 KiB
Current children cumulated memory: 0 KiB

[startup+16.6004 s]
/proc/loadavg: 0.52 0.58 0.59 2/13 2570
/proc/meminfo: memFree=11541500/16587228 swapFree=50193984/50331648
Current children cumulated CPU time: 0 s
Current children cumulated vsize: 0 KiB
Current children cumulated memory: 0 KiB

Child status: 1
Real time (s): 16.6067
CPU time (s): 16.5625
CPU user time (s): 16.4844
CPU system time (s): 0.078125
CPU usage (%): 99.734
Max. virtual memory (cumulated for all children) (KiB): 0
Max. memory (cumulated for all children) (KiB): 0

getrusage(RUSAGE_CHILDREN,...) data:
user time used= 16.4844
system time used= 0.078125
maximum resident set size= 30956
integral shared memory size= 0
integral unshared data size= 0
integral unshared stack size= 0
page reclaims= 8176
page faults= 0
swaps= 0
block input operations= 0
block output operations= 0
messages sent= 0
messages received= 0
signals received= 0
voluntary context switches= 0
involuntary context switches= 0


# summary of solver processes directly reported to runsolver:
#   pid: 2568
#   total CPU time (s): 16.5625
#   total CPU user time (s): 16.4844
#   total CPU system time (s): 0.078125

??? end of timestamper thread
runsolver used 0 second user time and 0 second system time

The end
