runsolver version 3.4.0 (svn: 3018) Copyright (C) 2010-2013 Olivier ROUSSEL

This program is distributed in the hope that it will be useful,
but WITHOUT ANY WARRANTY; without even the implied warranty of
MERCHANTABILITY or FITNESS FOR A PARTICULAR PURPOSE.  See the
GNU General Public License for more details.

command line: /home/kunalan/runsolver/src/runsolver -C 1200 -W 1200 --vsize-limit 16384 -w results_nprc/nprc_newground_random_700_40_watch.log --var results_nprc/nprc_newground_random_700_40_values.log python3 ../newground2.py ../instances/benchmark_instances/encodings/nprc_newground.lp ../instances/benchmark_instances/graphs/random_700_40.lp 

running on 8 cores: 0-7

Enforcing CPUTime limit (soft limit, will send SIGTERM then SIGKILL): 1200 seconds
Enforcing CPUTime limit (hard limit, will send SIGXCPU): 1230 seconds
Enforcing wall clock limit (soft limit, will send SIGTERM then SIGKILL): 1200 seconds
Enforcing VSIZE limit (soft limit, will send SIGTERM then SIGKILL): 16777216 KiB
Enforcing VSIZE limit (hard limit, stack expansion will fail with SIGSEGV, brk() and mmap() will return ENOMEM): 16828416 KiB
Linux 4.4.0-22000-Microsoft
Current StackSize limit: 8192 KiB

solver pid=3161, runsolver pid=3159

[startup+0.100346 s]*
/proc/loadavg: 0.52 0.58 0.59 2/13 3162
/proc/meminfo: memFree=11647340/16587228 swapFree=50194140/50331648
Current children cumulated CPU time: 0 s
Current children cumulated vsize: 0 KiB
Current children cumulated memory: 0 KiB

[startup+0.201481 s]*
/proc/loadavg: 0.52 0.58 0.59 2/13 3162
/proc/meminfo: memFree=11634056/16587228 swapFree=50194140/50331648
Current children cumulated CPU time: 0 s
Current children cumulated vsize: 0 KiB
Current children cumulated memory: 0 KiB

[startup+0.300922 s]*
/proc/loadavg: 0.52 0.58 0.59 2/13 3162
/proc/meminfo: memFree=11623612/16587228 swapFree=50194140/50331648
Current children cumulated CPU time: 0 s
Current children cumulated vsize: 0 KiB
Current children cumulated memory: 0 KiB

[startup+0.700413 s]
/proc/loadavg: 0.52 0.58 0.59 2/13 3162
/proc/meminfo: memFree=11623596/16587228 swapFree=50194140/50331648
Current children cumulated CPU time: 0 s
Current children cumulated vsize: 0 KiB
Current children cumulated memory: 0 KiB

[startup+1.50029 s]
/proc/loadavg: 0.52 0.58 0.59 2/13 3162
/proc/meminfo: memFree=11624128/16587228 swapFree=50194140/50331648
Current children cumulated CPU time: 0 s
Current children cumulated vsize: 0 KiB
Current children cumulated memory: 0 KiB

[startup+3.1011 s]
/proc/loadavg: 0.52 0.58 0.59 2/13 3162
/proc/meminfo: memFree=11635464/16587228 swapFree=50194140/50331648
Current children cumulated CPU time: 0 s
Current children cumulated vsize: 0 KiB
Current children cumulated memory: 0 KiB
heavy processes:

[startup+6.30026 s]
/proc/loadavg: 0.52 0.58 0.59 2/13 3162
/proc/meminfo: memFree=11630120/16587228 swapFree=50194140/50331648
Current children cumulated CPU time: 0 s
Current children cumulated vsize: 0 KiB
Current children cumulated memory: 0 KiB
heavy processes:

[startup+12.7001 s]
/proc/loadavg: 0.52 0.58 0.59 2/13 3162
/proc/meminfo: memFree=11629640/16587228 swapFree=50194140/50331648
Current children cumulated CPU time: 0 s
Current children cumulated vsize: 0 KiB
Current children cumulated memory: 0 KiB
heavy processes:

[startup+25.5004 s]
/proc/loadavg: 0.52 0.58 0.59 2/13 3162
/proc/meminfo: memFree=11620588/16587228 swapFree=50194140/50331648
Current children cumulated CPU time: 0 s
Current children cumulated vsize: 0 KiB
Current children cumulated memory: 0 KiB
heavy processes:

[startup+51.101 s]
/proc/loadavg: 0.52 0.58 0.59 2/13 3163
/proc/meminfo: memFree=11585508/16587228 swapFree=50194140/50331648
Current children cumulated CPU time: 0 s
Current children cumulated vsize: 0 KiB
Current children cumulated memory: 0 KiB
heavy processes:

[startup+72.7458 s]
# the end of solver process 3161 was just reported to runsolver
# cumulated CPU time of all completed processes:  user=72.4219 s, system=0.25 s

Solver just ended.
??? end of watcher thread
Dumping a history of the last processes samples

[startup+51.2008 s]
/proc/loadavg: 0.52 0.58 0.59 2/13 3163
/proc/meminfo: memFree=11585488/16587228 swapFree=50194140/50331648
Current children cumulated CPU time: 0 s
Current children cumulated vsize: 0 KiB
Current children cumulated memory: 0 KiB

[startup+64.0005 s]*
/proc/loadavg: 0.52 0.58 0.59 2/13 3163
/proc/meminfo: memFree=11539384/16587228 swapFree=50194140/50331648
Current children cumulated CPU time: 0 s
Current children cumulated vsize: 0 KiB
Current children cumulated memory: 0 KiB

[startup+67.2005 s]
/proc/loadavg: 0.52 0.58 0.59 2/13 3163
/proc/meminfo: memFree=11550708/16587228 swapFree=50194140/50331648
Current children cumulated CPU time: 0 s
Current children cumulated vsize: 0 KiB
Current children cumulated memory: 0 KiB

[startup+70.4004 s]
/proc/loadavg: 0.52 0.58 0.59 2/13 3163
/proc/meminfo: memFree=11550916/16587228 swapFree=50194140/50331648
Current children cumulated CPU time: 0 s
Current children cumulated vsize: 0 KiB
Current children cumulated memory: 0 KiB

[startup+72.0003 s]*
/proc/loadavg: 0.52 0.58 0.59 2/13 3163
/proc/meminfo: memFree=11551388/16587228 swapFree=50194140/50331648
Current children cumulated CPU time: 0 s
Current children cumulated vsize: 0 KiB
Current children cumulated memory: 0 KiB

[startup+72.4003 s]
/proc/loadavg: 0.52 0.58 0.59 2/13 3163
/proc/meminfo: memFree=11551388/16587228 swapFree=50194140/50331648
Current children cumulated CPU time: 0 s
Current children cumulated vsize: 0 KiB
Current children cumulated memory: 0 KiB

[startup+72.6003 s]
/proc/loadavg: 0.52 0.58 0.59 2/13 3163
/proc/meminfo: memFree=11551388/16587228 swapFree=50194140/50331648
Current children cumulated CPU time: 0 s
Current children cumulated vsize: 0 KiB
Current children cumulated memory: 0 KiB

[startup+72.7002 s]
/proc/loadavg: 0.52 0.58 0.59 2/13 3163
/proc/meminfo: memFree=11551388/16587228 swapFree=50194140/50331648
Current children cumulated CPU time: 0 s
Current children cumulated vsize: 0 KiB
Current children cumulated memory: 0 KiB

Child status: 0
Real time (s): 72.7459
CPU time (s): 72.6719
CPU user time (s): 72.4219
CPU system time (s): 0.25
CPU usage (%): 99.8983
Max. virtual memory (cumulated for all children) (KiB): 0
Max. memory (cumulated for all children) (KiB): 0

getrusage(RUSAGE_CHILDREN,...) data:
user time used= 72.4219
system time used= 0.25
maximum resident set size= 125552
integral shared memory size= 0
integral unshared data size= 0
integral unshared stack size= 0
page reclaims= 40659
page faults= 0
swaps= 0
block input operations= 0
block output operations= 0
messages sent= 0
messages received= 0
signals received= 0
voluntary context switches= 0
involuntary context switches= 0


# summary of solver processes directly reported to runsolver:
#   pid: 3161
#   total CPU time (s): 72.6719
#   total CPU user time (s): 72.4219
#   total CPU system time (s): 0.25

??? end of timestamper thread
runsolver used 0 second user time and 0.015625 second system time

The end
