runsolver version 3.4.0 (svn: 3018) Copyright (C) 2010-2013 Olivier ROUSSEL

This program is distributed in the hope that it will be useful,
but WITHOUT ANY WARRANTY; without even the implied warranty of
MERCHANTABILITY or FITNESS FOR A PARTICULAR PURPOSE.  See the
GNU General Public License for more details.

command line: /home/kunalan/runsolver/src/runsolver -C 1200 -W 1200 --vsize-limit 16384 -w results_nprc/nprc_gringo_random_600_80_watch.log --var results_nprc/nprc_gringo_random_600_80_values.log gringo --verbose=2 --output text ../instances/benchmark_instances/encodings/nprc_gringo.lp ../instances/benchmark_instances/graphs/random_600_80.lp 

running on 8 cores: 0-7

Enforcing CPUTime limit (soft limit, will send SIGTERM then SIGKILL): 1200 seconds
Enforcing CPUTime limit (hard limit, will send SIGXCPU): 1230 seconds
Enforcing wall clock limit (soft limit, will send SIGTERM then SIGKILL): 1200 seconds
Enforcing VSIZE limit (soft limit, will send SIGTERM then SIGKILL): 16777216 KiB
Enforcing VSIZE limit (hard limit, stack expansion will fail with SIGSEGV, brk() and mmap() will return ENOMEM): 16828416 KiB
Linux 4.4.0-22000-Microsoft
solver pid=3060, runsolver pid=3058
Current StackSize limit: 8192 KiB


[startup+0.100147 s]*
/proc/loadavg: 0.52 0.58 0.59 2/13 3061
/proc/meminfo: memFree=11367348/16587228 swapFree=50194136/50331648
Current children cumulated CPU time: 0 s
Current children cumulated vsize: 0 KiB
Current children cumulated memory: 0 KiB

[startup+0.201305 s]*
/proc/loadavg: 0.52 0.58 0.59 2/13 3061
/proc/meminfo: memFree=11363200/16587228 swapFree=50194136/50331648
Current children cumulated CPU time: 0 s
Current children cumulated vsize: 0 KiB
Current children cumulated memory: 0 KiB

[startup+0.301129 s]*
/proc/loadavg: 0.52 0.58 0.59 2/13 3061
/proc/meminfo: memFree=11362864/16587228 swapFree=50194136/50331648
Current children cumulated CPU time: 0 s
Current children cumulated vsize: 0 KiB
Current children cumulated memory: 0 KiB

[startup+0.700505 s]
/proc/loadavg: 0.52 0.58 0.59 2/13 3061
/proc/meminfo: memFree=11364440/16587228 swapFree=50194136/50331648
Current children cumulated CPU time: 0 s
Current children cumulated vsize: 0 KiB
Current children cumulated memory: 0 KiB

[startup+1.50045 s]
/proc/loadavg: 0.52 0.58 0.59 2/13 3061
/proc/meminfo: memFree=11365956/16587228 swapFree=50194136/50331648
Current children cumulated CPU time: 0 s
Current children cumulated vsize: 0 KiB
Current children cumulated memory: 0 KiB

[startup+3.10103 s]
/proc/loadavg: 0.52 0.58 0.59 3/13 3061
/proc/meminfo: memFree=11311264/16587228 swapFree=50194136/50331648
Current children cumulated CPU time: 0 s
Current children cumulated vsize: 0 KiB
Current children cumulated memory: 0 KiB
heavy processes:

[startup+6.30043 s]
/proc/loadavg: 0.52 0.58 0.59 2/13 3062
/proc/meminfo: memFree=11295012/16587228 swapFree=50194136/50331648
Current children cumulated CPU time: 0 s
Current children cumulated vsize: 0 KiB
Current children cumulated memory: 0 KiB
heavy processes:

[startup+12.7005 s]
/proc/loadavg: 0.52 0.58 0.59 2/13 3062
/proc/meminfo: memFree=11295076/16587228 swapFree=50194136/50331648
Current children cumulated CPU time: 0 s
Current children cumulated vsize: 0 KiB
Current children cumulated memory: 0 KiB
heavy processes:

[startup+23.7544 s]
# the end of solver process 3060 was just reported to runsolver
# cumulated CPU time of all completed processes:  user=22.8906 s, system=0.84375 s

Solver just ended.
??? end of watcher thread
Dumping a history of the last processes samples

[startup+12.8013 s]
/proc/loadavg: 0.52 0.58 0.59 3/13 3062
/proc/meminfo: memFree=11295176/16587228 swapFree=50194136/50331648
Current children cumulated CPU time: 0 s
Current children cumulated vsize: 0 KiB
Current children cumulated memory: 0 KiB

[startup+19.2001 s]
/proc/loadavg: 0.52 0.58 0.59 2/13 3062
/proc/meminfo: memFree=11296160/16587228 swapFree=50194136/50331648
Current children cumulated CPU time: 0 s
Current children cumulated vsize: 0 KiB
Current children cumulated memory: 0 KiB

[startup+20.8003 s]
/proc/loadavg: 0.52 0.58 0.59 3/13 3062
/proc/meminfo: memFree=11296388/16587228 swapFree=50194136/50331648
Current children cumulated CPU time: 0 s
Current children cumulated vsize: 0 KiB
Current children cumulated memory: 0 KiB

[startup+22.4003 s]
/proc/loadavg: 0.52 0.58 0.59 3/13 3062
/proc/meminfo: memFree=11296416/16587228 swapFree=50194136/50331648
Current children cumulated CPU time: 0 s
Current children cumulated vsize: 0 KiB
Current children cumulated memory: 0 KiB

[startup+23.2004 s]
/proc/loadavg: 0.52 0.58 0.59 2/13 3062
/proc/meminfo: memFree=11296404/16587228 swapFree=50194136/50331648
Current children cumulated CPU time: 0 s
Current children cumulated vsize: 0 KiB
Current children cumulated memory: 0 KiB

[startup+23.6004 s]
/proc/loadavg: 0.52 0.58 0.59 2/13 3062
/proc/meminfo: memFree=11296404/16587228 swapFree=50194136/50331648
Current children cumulated CPU time: 0 s
Current children cumulated vsize: 0 KiB
Current children cumulated memory: 0 KiB

[startup+23.7001 s]
/proc/loadavg: 0.52 0.58 0.59 2/13 3062
/proc/meminfo: memFree=11296404/16587228 swapFree=50194136/50331648
Current children cumulated CPU time: 0 s
Current children cumulated vsize: 0 KiB
Current children cumulated memory: 0 KiB

Child ended because it received signal 15 (SIGTERM)
Real time (s): 23.7545
CPU time (s): 23.7344
CPU user time (s): 22.8906
CPU system time (s): 0.84375
CPU usage (%): 99.9152
Max. virtual memory (cumulated for all children) (KiB): 0
Max. memory (cumulated for all children) (KiB): 0

getrusage(RUSAGE_CHILDREN,...) data:
user time used= 22.8906
system time used= 0.84375
maximum resident set size= 71648
integral shared memory size= 0
integral unshared data size= 0
integral unshared stack size= 0
page reclaims= 23220
page faults= 0
swaps= 0
block input operations= 0
block output operations= 0
messages sent= 0
messages received= 0
signals received= 0
voluntary context switches= 0
involuntary context switches= 0


# summary of solver processes directly reported to runsolver:
#   pid: 3060
#   total CPU time (s): 23.7344
#   total CPU user time (s): 22.8906
#   total CPU system time (s): 0.84375

??? end of timestamper thread
runsolver used 0 second user time and 0.015625 second system time

The end
