runsolver version 3.4.0 (svn: 3018) Copyright (C) 2010-2013 Olivier ROUSSEL

This program is distributed in the hope that it will be useful,
but WITHOUT ANY WARRANTY; without even the implied warranty of
MERCHANTABILITY or FITNESS FOR A PARTICULAR PURPOSE.  See the
GNU General Public License for more details.

command line: /home/kunalan/runsolver/src/runsolver -C 1200 -W 1200 --vsize-limit 16384 -w results_nprc/nprc_newground2_random_600_10_watch.log --var results_nprc/nprc_newground2_random_600_10_values.log python3 ../newground2.py ../instances/benchmark_instances/encodings/nprc_newground2.lp ../instances/benchmark_instances/graphs/random_600_10.lp 

running on 8 cores: 0-7

Enforcing CPUTime limit (soft limit, will send SIGTERM then SIGKILL): 1200 seconds
Enforcing CPUTime limit (hard limit, will send SIGXCPU): 1230 seconds
Enforcing wall clock limit (soft limit, will send SIGTERM then SIGKILL): 1200 seconds
Enforcing VSIZE limit (soft limit, will send SIGTERM then SIGKILL): 16777216 KiB
Enforcing VSIZE limit (hard limit, stack expansion will fail with SIGSEGV, brk() and mmap() will return ENOMEM): 16828416 KiB
Linux 4.4.0-22000-Microsoft
solver pid=2927, runsolver pid=2925
Current StackSize limit: 8192 KiB


[startup+0.100205 s]*
/proc/loadavg: 0.52 0.58 0.59 2/13 2928
/proc/meminfo: memFree=11482496/16587228 swapFree=50194132/50331648
Current children cumulated CPU time: 0 s
Current children cumulated vsize: 0 KiB
Current children cumulated memory: 0 KiB

[startup+0.201398 s]*
/proc/loadavg: 0.52 0.58 0.59 2/13 2928
/proc/meminfo: memFree=11468748/16587228 swapFree=50194132/50331648
Current children cumulated CPU time: 0 s
Current children cumulated vsize: 0 KiB
Current children cumulated memory: 0 KiB

[startup+0.301177 s]*
/proc/loadavg: 0.52 0.58 0.59 2/13 2928
/proc/meminfo: memFree=11458484/16587228 swapFree=50194132/50331648
Current children cumulated CPU time: 0 s
Current children cumulated vsize: 0 KiB
Current children cumulated memory: 0 KiB

[startup+0.700152 s]
/proc/loadavg: 0.52 0.58 0.59 2/13 2928
/proc/meminfo: memFree=11458468/16587228 swapFree=50194132/50331648
Current children cumulated CPU time: 0 s
Current children cumulated vsize: 0 KiB
Current children cumulated memory: 0 KiB

[startup+1.50052 s]
/proc/loadavg: 0.52 0.58 0.59 2/13 2929
/proc/meminfo: memFree=11459704/16587228 swapFree=50194132/50331648
Current children cumulated CPU time: 0 s
Current children cumulated vsize: 0 KiB
Current children cumulated memory: 0 KiB

[startup+3.10117 s]
/proc/loadavg: 0.52 0.58 0.59 2/13 2929
/proc/meminfo: memFree=11465156/16587228 swapFree=50194132/50331648
Current children cumulated CPU time: 0 s
Current children cumulated vsize: 0 KiB
Current children cumulated memory: 0 KiB
heavy processes:

[startup+4.3966 s]
# the end of solver process 2927 was just reported to runsolver
# cumulated CPU time of all completed processes:  user=4.29688 s, system=0.078125 s

Solver just ended.
??? end of watcher thread
Dumping a history of the last processes samples

[startup+3.20089 s]
/proc/loadavg: 0.52 0.58 0.59 2/13 2929
/proc/meminfo: memFree=11465172/16587228 swapFree=50194132/50331648
Current children cumulated CPU time: 0 s
Current children cumulated vsize: 0 KiB
Current children cumulated memory: 0 KiB

[startup+4.00048 s]*
/proc/loadavg: 0.52 0.58 0.59 2/13 2929
/proc/meminfo: memFree=11462964/16587228 swapFree=50194132/50331648
Current children cumulated CPU time: 0 s
Current children cumulated vsize: 0 KiB
Current children cumulated memory: 0 KiB

[startup+4.20054 s]
/proc/loadavg: 0.52 0.58 0.59 2/13 2929
/proc/meminfo: memFree=11462964/16587228 swapFree=50194132/50331648
Current children cumulated CPU time: 0 s
Current children cumulated vsize: 0 KiB
Current children cumulated memory: 0 KiB

[startup+4.30027 s]
/proc/loadavg: 0.52 0.58 0.59 2/13 2929
/proc/meminfo: memFree=11462964/16587228 swapFree=50194132/50331648
Current children cumulated CPU time: 0 s
Current children cumulated vsize: 0 KiB
Current children cumulated memory: 0 KiB

Child status: 1
Real time (s): 4.39666
CPU time (s): 4.375
CPU user time (s): 4.29688
CPU system time (s): 0.078125
CPU usage (%): 99.5074
Max. virtual memory (cumulated for all children) (KiB): 0
Max. memory (cumulated for all children) (KiB): 0

getrusage(RUSAGE_CHILDREN,...) data:
user time used= 4.29688
system time used= 0.078125
maximum resident set size= 25988
integral shared memory size= 0
integral unshared data size= 0
integral unshared stack size= 0
page reclaims= 6801
page faults= 0
swaps= 0
block input operations= 0
block output operations= 0
messages sent= 0
messages received= 0
signals received= 0
voluntary context switches= 0
involuntary context switches= 0


# summary of solver processes directly reported to runsolver:
#   pid: 2927
#   total CPU time (s): 4.375
#   total CPU user time (s): 4.29688
#   total CPU system time (s): 0.078125

??? end of timestamper thread
runsolver used 0 second user time and 0.015625 second system time

The end
