runsolver version 3.4.0 (svn: 3018) Copyright (C) 2010-2013 Olivier ROUSSEL

This program is distributed in the hope that it will be useful,
but WITHOUT ANY WARRANTY; without even the implied warranty of
MERCHANTABILITY or FITNESS FOR A PARTICULAR PURPOSE.  See the
GNU General Public License for more details.

command line: /home/kunalan/runsolver/src/runsolver -C 1200 -W 1200 --vsize-limit 16384 -w results_nprc/nprc_gringo_random_500_100_watch.log --var results_nprc/nprc_gringo_random_500_100_values.log gringo --verbose=2 --output text ../instances/benchmark_instances/encodings/nprc_gringo.lp ../instances/benchmark_instances/graphs/random_500_100.lp 

running on 8 cores: 0-7

Enforcing CPUTime limit (soft limit, will send SIGTERM then SIGKILL): 1200 seconds
Enforcing CPUTime limit (hard limit, will send SIGXCPU): 1230 seconds
Enforcing wall clock limit (soft limit, will send SIGTERM then SIGKILL): 1200 seconds
Enforcing VSIZE limit (soft limit, will send SIGTERM then SIGKILL): 16777216 KiB
Enforcing VSIZE limit (hard limit, stack expansion will fail with SIGSEGV, brk() and mmap() will return ENOMEM): 16828416 KiB
Linux 4.4.0-22000-Microsoft
Current StackSize limit: 8192 KiB

solver pid=2436, runsolver pid=2434

[startup+0.100174 s]*
/proc/loadavg: 0.52 0.58 0.59 2/13 2437
/proc/meminfo: memFree=11513016/16587228 swapFree=50193932/50331648
Current children cumulated CPU time: 0 s
Current children cumulated vsize: 0 KiB
Current children cumulated memory: 0 KiB

[startup+0.201315 s]*
/proc/loadavg: 0.52 0.58 0.59 2/13 2437
/proc/meminfo: memFree=11513120/16587228 swapFree=50193932/50331648
Current children cumulated CPU time: 0 s
Current children cumulated vsize: 0 KiB
Current children cumulated memory: 0 KiB

[startup+0.301095 s]*
/proc/loadavg: 0.52 0.58 0.59 2/13 2437
/proc/meminfo: memFree=11513228/16587228 swapFree=50193932/50331648
Current children cumulated CPU time: 0 s
Current children cumulated vsize: 0 KiB
Current children cumulated memory: 0 KiB

[startup+0.700334 s]
/proc/loadavg: 0.52 0.58 0.59 2/13 2437
/proc/meminfo: memFree=11503336/16587228 swapFree=50193932/50331648
Current children cumulated CPU time: 0 s
Current children cumulated vsize: 0 KiB
Current children cumulated memory: 0 KiB

[startup+1.50037 s]
/proc/loadavg: 0.52 0.58 0.59 2/13 2437
/proc/meminfo: memFree=11508344/16587228 swapFree=50193932/50331648
Current children cumulated CPU time: 0 s
Current children cumulated vsize: 0 KiB
Current children cumulated memory: 0 KiB

[startup+3.10115 s]
/proc/loadavg: 0.52 0.58 0.59 2/13 2437
/proc/meminfo: memFree=11460308/16587228 swapFree=50193932/50331648
Current children cumulated CPU time: 0 s
Current children cumulated vsize: 0 KiB
Current children cumulated memory: 0 KiB
heavy processes:

[startup+6.30032 s]
/proc/loadavg: 0.52 0.58 0.59 2/13 2437
/proc/meminfo: memFree=11455460/16587228 swapFree=50193932/50331648
Current children cumulated CPU time: 0 s
Current children cumulated vsize: 0 KiB
Current children cumulated memory: 0 KiB
heavy processes:

[startup+12.7005 s]
/proc/loadavg: 0.52 0.58 0.59 2/13 2437
/proc/meminfo: memFree=11454884/16587228 swapFree=50193932/50331648
Current children cumulated CPU time: 0 s
Current children cumulated vsize: 0 KiB
Current children cumulated memory: 0 KiB
heavy processes:

[startup+25.5002 s]
/proc/loadavg: 0.52 0.58 0.59 2/13 2437
/proc/meminfo: memFree=11452604/16587228 swapFree=50193932/50331648
Current children cumulated CPU time: 0 s
Current children cumulated vsize: 0 KiB
Current children cumulated memory: 0 KiB
heavy processes:

[startup+51.1012 s]
/proc/loadavg: 0.52 0.58 0.59 2/13 2437
/proc/meminfo: memFree=11471308/16587228 swapFree=50193932/50331648
Current children cumulated CPU time: 0 s
Current children cumulated vsize: 0 KiB
Current children cumulated memory: 0 KiB
heavy processes:

[startup+102.3 s]
/proc/loadavg: 0.52 0.58 0.59 2/13 2437
/proc/meminfo: memFree=11477832/16587228 swapFree=50193932/50331648
Current children cumulated CPU time: 0 s
Current children cumulated vsize: 0 KiB
Current children cumulated memory: 0 KiB
heavy processes:

[startup+162.3 s]
/proc/loadavg: 0.52 0.58 0.59 3/13 2437
/proc/meminfo: memFree=11439348/16587228 swapFree=50193932/50331648
Current children cumulated CPU time: 0 s
Current children cumulated vsize: 0 KiB
Current children cumulated memory: 0 KiB
heavy processes:

[startup+222.3 s]
/proc/loadavg: 0.52 0.58 0.59 2/13 2437
/proc/meminfo: memFree=11628436/16587228 swapFree=50193932/50331648
Current children cumulated CPU time: 0 s
Current children cumulated vsize: 0 KiB
Current children cumulated memory: 0 KiB
heavy processes:

[startup+282.3 s]
/proc/loadavg: 0.52 0.58 0.59 2/13 2437
/proc/meminfo: memFree=11542436/16587228 swapFree=50193964/50331648
Current children cumulated CPU time: 0 s
Current children cumulated vsize: 0 KiB
Current children cumulated memory: 0 KiB
heavy processes:

[startup+335.053 s]
# the end of solver process 2436 was just reported to runsolver
# cumulated CPU time of all completed processes:  user=325.141 s, system=9.75 s

Solver just ended.
??? end of watcher thread
Dumping a history of the last processes samples

[startup+307.201 s]
/proc/loadavg: 0.52 0.58 0.59 3/13 2437
/proc/meminfo: memFree=11598408/16587228 swapFree=50193964/50331648
Current children cumulated CPU time: 0 s
Current children cumulated vsize: 0 KiB
Current children cumulated memory: 0 KiB

[startup+320 s]*
/proc/loadavg: 0.52 0.58 0.59 3/13 2437
/proc/meminfo: memFree=11601732/16587228 swapFree=50193964/50331648
Current children cumulated CPU time: 0 s
Current children cumulated vsize: 0 KiB
Current children cumulated memory: 0 KiB

[startup+326.4 s]
/proc/loadavg: 0.52 0.58 0.59 3/13 2437
/proc/meminfo: memFree=11607116/16587228 swapFree=50193964/50331648
Current children cumulated CPU time: 0 s
Current children cumulated vsize: 0 KiB
Current children cumulated memory: 0 KiB

[startup+329.6 s]
/proc/loadavg: 0.52 0.58 0.59 2/13 2438
/proc/meminfo: memFree=11605940/16587228 swapFree=50193964/50331648
Current children cumulated CPU time: 0 s
Current children cumulated vsize: 0 KiB
Current children cumulated memory: 0 KiB

[startup+332.8 s]
/proc/loadavg: 0.52 0.58 0.59 3/13 2438
/proc/meminfo: memFree=11607228/16587228 swapFree=50193964/50331648
Current children cumulated CPU time: 0 s
Current children cumulated vsize: 0 KiB
Current children cumulated memory: 0 KiB

[startup+334.4 s]
/proc/loadavg: 0.52 0.58 0.59 3/13 2438
/proc/meminfo: memFree=11602224/16587228 swapFree=50193964/50331648
Current children cumulated CPU time: 0 s
Current children cumulated vsize: 0 KiB
Current children cumulated memory: 0 KiB

[startup+334.8 s]
/proc/loadavg: 0.52 0.58 0.59 3/13 2438
/proc/meminfo: memFree=11602224/16587228 swapFree=50193964/50331648
Current children cumulated CPU time: 0 s
Current children cumulated vsize: 0 KiB
Current children cumulated memory: 0 KiB

[startup+335 s]*
/proc/loadavg: 0.52 0.58 0.59 3/13 2438
/proc/meminfo: memFree=11601460/16587228 swapFree=50193964/50331648
Current children cumulated CPU time: 0 s
Current children cumulated vsize: 0 KiB
Current children cumulated memory: 0 KiB

Child ended because it received signal 15 (SIGTERM)
Real time (s): 335.053
CPU time (s): 334.891
CPU user time (s): 325.141
CPU system time (s): 9.75
CPU usage (%): 99.9515
Max. virtual memory (cumulated for all children) (KiB): 0
Max. memory (cumulated for all children) (KiB): 0

getrusage(RUSAGE_CHILDREN,...) data:
user time used= 325.141
system time used= 9.75
maximum resident set size= 61092
integral shared memory size= 0
integral unshared data size= 0
integral unshared stack size= 0
page reclaims= 19546
page faults= 0
swaps= 0
block input operations= 0
block output operations= 0
messages sent= 0
messages received= 0
signals received= 0
voluntary context switches= 0
involuntary context switches= 0


# summary of solver processes directly reported to runsolver:
#   pid: 2436
#   total CPU time (s): 334.891
#   total CPU user time (s): 325.141
#   total CPU system time (s): 9.75

??? end of timestamper thread
runsolver used 0 second user time and 0.015625 second system time

The end
