runsolver version 3.4.0 (svn: 3018) Copyright (C) 2010-2013 Olivier ROUSSEL

This program is distributed in the hope that it will be useful,
but WITHOUT ANY WARRANTY; without even the implied warranty of
MERCHANTABILITY or FITNESS FOR A PARTICULAR PURPOSE.  See the
GNU General Public License for more details.

command line: /home/kunalan/runsolver/src/runsolver -C 1200 -W 1200 --vsize-limit 16384 -w results_nprc/nprc_newground_random_800_70_watch.log --var results_nprc/nprc_newground_random_800_70_values.log python3 ../newground2.py ../instances/benchmark_instances/encodings/nprc_newground.lp ../instances/benchmark_instances/graphs/random_800_70.lp 

running on 8 cores: 0-7

Enforcing CPUTime limit (soft limit, will send SIGTERM then SIGKILL): 1200 seconds
Enforcing CPUTime limit (hard limit, will send SIGXCPU): 1230 seconds
Enforcing wall clock limit (soft limit, will send SIGTERM then SIGKILL): 1200 seconds
Enforcing VSIZE limit (soft limit, will send SIGTERM then SIGKILL): 16777216 KiB
Enforcing VSIZE limit (hard limit, stack expansion will fail with SIGSEGV, brk() and mmap() will return ENOMEM): 16828416 KiB
Linux 4.4.0-22000-Microsoft
Current StackSize limit: 8192 KiB

solver pid=3255, runsolver pid=3253

[startup+0.100104 s]*
/proc/loadavg: 0.52 0.58 0.59 2/13 3256
/proc/meminfo: memFree=11652924/16587228 swapFree=50195300/50331648
Current children cumulated CPU time: 0 s
Current children cumulated vsize: 0 KiB
Current children cumulated memory: 0 KiB

[startup+0.201346 s]*
/proc/loadavg: 0.52 0.58 0.59 2/13 3256
/proc/meminfo: memFree=11641432/16587228 swapFree=50195300/50331648
Current children cumulated CPU time: 0 s
Current children cumulated vsize: 0 KiB
Current children cumulated memory: 0 KiB

[startup+0.301197 s]*
/proc/loadavg: 0.52 0.58 0.59 2/13 3256
/proc/meminfo: memFree=11638072/16587228 swapFree=50195300/50331648
Current children cumulated CPU time: 0 s
Current children cumulated vsize: 0 KiB
Current children cumulated memory: 0 KiB

[startup+0.700506 s]
/proc/loadavg: 0.52 0.58 0.59 2/13 3256
/proc/meminfo: memFree=11638056/16587228 swapFree=50195300/50331648
Current children cumulated CPU time: 0 s
Current children cumulated vsize: 0 KiB
Current children cumulated memory: 0 KiB

[startup+1.50028 s]
/proc/loadavg: 0.52 0.58 0.59 2/13 3256
/proc/meminfo: memFree=11631072/16587228 swapFree=50195304/50331648
Current children cumulated CPU time: 0 s
Current children cumulated vsize: 0 KiB
Current children cumulated memory: 0 KiB

[startup+3.10093 s]
/proc/loadavg: 0.52 0.58 0.59 2/13 3256
/proc/meminfo: memFree=11621932/16587228 swapFree=50195324/50331648
Current children cumulated CPU time: 0 s
Current children cumulated vsize: 0 KiB
Current children cumulated memory: 0 KiB
heavy processes:

[startup+6.30042 s]
/proc/loadavg: 0.52 0.58 0.59 2/13 3256
/proc/meminfo: memFree=11621744/16587228 swapFree=50195324/50331648
Current children cumulated CPU time: 0 s
Current children cumulated vsize: 0 KiB
Current children cumulated memory: 0 KiB
heavy processes:

[startup+12.7002 s]
/proc/loadavg: 0.52 0.58 0.59 2/13 3256
/proc/meminfo: memFree=11623132/16587228 swapFree=50195324/50331648
Current children cumulated CPU time: 0 s
Current children cumulated vsize: 0 KiB
Current children cumulated memory: 0 KiB
heavy processes:

[startup+25.5002 s]
/proc/loadavg: 0.52 0.58 0.59 2/13 3256
/proc/meminfo: memFree=11624212/16587228 swapFree=50195324/50331648
Current children cumulated CPU time: 0 s
Current children cumulated vsize: 0 KiB
Current children cumulated memory: 0 KiB
heavy processes:

[startup+51.1012 s]
/proc/loadavg: 0.52 0.58 0.59 2/13 3256
/proc/meminfo: memFree=11559728/16587228 swapFree=50195416/50331648
Current children cumulated CPU time: 0 s
Current children cumulated vsize: 0 KiB
Current children cumulated memory: 0 KiB
heavy processes:

[startup+102.3 s]
/proc/loadavg: 0.52 0.58 0.59 2/13 3256
/proc/meminfo: memFree=11547020/16587228 swapFree=50195416/50331648
Current children cumulated CPU time: 0 s
Current children cumulated vsize: 0 KiB
Current children cumulated memory: 0 KiB
heavy processes:

[startup+150.444 s]
# the end of solver process 3255 was just reported to runsolver
# cumulated CPU time of all completed processes:  user=150 s, system=0.34375 s

Solver just ended.
??? end of watcher thread
Dumping a history of the last processes samples

[startup+102.401 s]
/proc/loadavg: 0.52 0.58 0.59 2/13 3256
/proc/meminfo: memFree=11546788/16587228 swapFree=50195416/50331648
Current children cumulated CPU time: 0 s
Current children cumulated vsize: 0 KiB
Current children cumulated memory: 0 KiB

[startup+128 s]*
/proc/loadavg: 0.52 0.58 0.59 2/13 3256
/proc/meminfo: memFree=11529056/16587228 swapFree=50195416/50331648
Current children cumulated CPU time: 0 s
Current children cumulated vsize: 0 KiB
Current children cumulated memory: 0 KiB

[startup+140.8 s]
/proc/loadavg: 0.52 0.58 0.59 2/13 3256
/proc/meminfo: memFree=11466172/16587228 swapFree=50195416/50331648
Current children cumulated CPU time: 0 s
Current children cumulated vsize: 0 KiB
Current children cumulated memory: 0 KiB

[startup+147.201 s]
/proc/loadavg: 0.52 0.58 0.59 2/13 3256
/proc/meminfo: memFree=11466120/16587228 swapFree=50195416/50331648
Current children cumulated CPU time: 0 s
Current children cumulated vsize: 0 KiB
Current children cumulated memory: 0 KiB

[startup+148.8 s]
/proc/loadavg: 0.52 0.58 0.59 2/13 3256
/proc/meminfo: memFree=11466136/16587228 swapFree=50195416/50331648
Current children cumulated CPU time: 0 s
Current children cumulated vsize: 0 KiB
Current children cumulated memory: 0 KiB

[startup+149.601 s]
/proc/loadavg: 0.52 0.58 0.59 2/13 3256
/proc/meminfo: memFree=11466188/16587228 swapFree=50195416/50331648
Current children cumulated CPU time: 0 s
Current children cumulated vsize: 0 KiB
Current children cumulated memory: 0 KiB

[startup+150 s]*
/proc/loadavg: 0.52 0.58 0.59 2/13 3256
/proc/meminfo: memFree=11466116/16587228 swapFree=50195416/50331648
Current children cumulated CPU time: 0 s
Current children cumulated vsize: 0 KiB
Current children cumulated memory: 0 KiB

[startup+150.4 s]
/proc/loadavg: 0.52 0.58 0.59 2/13 3256
/proc/meminfo: memFree=11466116/16587228 swapFree=50195416/50331648
Current children cumulated CPU time: 0 s
Current children cumulated vsize: 0 KiB
Current children cumulated memory: 0 KiB

Child status: 0
Real time (s): 150.444
CPU time (s): 150.344
CPU user time (s): 150
CPU system time (s): 0.34375
CPU usage (%): 99.9334
Max. virtual memory (cumulated for all children) (KiB): 0
Max. memory (cumulated for all children) (KiB): 0

getrusage(RUSAGE_CHILDREN,...) data:
user time used= 150
system time used= 0.34375
maximum resident set size= 186872
integral shared memory size= 0
integral unshared data size= 0
integral unshared stack size= 0
page reclaims= 60382
page faults= 0
swaps= 0
block input operations= 0
block output operations= 0
messages sent= 0
messages received= 0
signals received= 0
voluntary context switches= 0
involuntary context switches= 0


# summary of solver processes directly reported to runsolver:
#   pid: 3255
#   total CPU time (s): 150.344
#   total CPU user time (s): 150
#   total CPU system time (s): 0.34375

??? end of timestamper thread
runsolver used 0.015625 second user time and 0 second system time

The end
