runsolver version 3.4.0 (svn: 3018) Copyright (C) 2010-2013 Olivier ROUSSEL

This program is distributed in the hope that it will be useful,
but WITHOUT ANY WARRANTY; without even the implied warranty of
MERCHANTABILITY or FITNESS FOR A PARTICULAR PURPOSE.  See the
GNU General Public License for more details.

command line: /home/kunalan/runsolver/src/runsolver -C 1200 -W 1200 --vsize-limit 16384 -w results_nprc/nprc_gringo_random_500_90_watch.log --var results_nprc/nprc_gringo_random_500_90_values.log gringo --verbose=2 --output text ../instances/benchmark_instances/encodings/nprc_gringo.lp ../instances/benchmark_instances/graphs/random_500_90.lp 

running on 8 cores: 0-7

Enforcing CPUTime limit (soft limit, will send SIGTERM then SIGKILL): 1200 seconds
Enforcing CPUTime limit (hard limit, will send SIGXCPU): 1230 seconds
Enforcing wall clock limit (soft limit, will send SIGTERM then SIGKILL): 1200 seconds
Enforcing VSIZE limit (soft limit, will send SIGTERM then SIGKILL): 16777216 KiB
Enforcing VSIZE limit (hard limit, stack expansion will fail with SIGSEGV, brk() and mmap() will return ENOMEM): 16828416 KiB
Linux 4.4.0-22000-Microsoft
Current StackSize limit: 8192 KiB
solver pid=2579, runsolver pid=2577


[startup+0.100112 s]*
/proc/loadavg: 0.52 0.58 0.59 2/13 2580
/proc/meminfo: memFree=11557860/16587228 swapFree=50193984/50331648
Current children cumulated CPU time: 0 s
Current children cumulated vsize: 0 KiB
Current children cumulated memory: 0 KiB

[startup+0.201387 s]*
/proc/loadavg: 0.52 0.58 0.59 2/13 2580
/proc/meminfo: memFree=11558776/16587228 swapFree=50193984/50331648
Current children cumulated CPU time: 0 s
Current children cumulated vsize: 0 KiB
Current children cumulated memory: 0 KiB

[startup+0.301024 s]*
/proc/loadavg: 0.52 0.58 0.59 2/13 2580
/proc/meminfo: memFree=11558448/16587228 swapFree=50193984/50331648
Current children cumulated CPU time: 0 s
Current children cumulated vsize: 0 KiB
Current children cumulated memory: 0 KiB

[startup+0.700381 s]
/proc/loadavg: 0.52 0.58 0.59 2/13 2580
/proc/meminfo: memFree=11560004/16587228 swapFree=50193984/50331648
Current children cumulated CPU time: 0 s
Current children cumulated vsize: 0 KiB
Current children cumulated memory: 0 KiB

[startup+1.50022 s]
/proc/loadavg: 0.52 0.58 0.59 2/13 2580
/proc/meminfo: memFree=11547812/16587228 swapFree=50193984/50331648
Current children cumulated CPU time: 0 s
Current children cumulated vsize: 0 KiB
Current children cumulated memory: 0 KiB

[startup+3.10127 s]
/proc/loadavg: 0.52 0.58 0.59 2/13 2580
/proc/meminfo: memFree=11497920/16587228 swapFree=50193984/50331648
Current children cumulated CPU time: 0 s
Current children cumulated vsize: 0 KiB
Current children cumulated memory: 0 KiB
heavy processes:

[startup+6.30011 s]
/proc/loadavg: 0.52 0.58 0.59 2/13 2580
/proc/meminfo: memFree=11497948/16587228 swapFree=50193984/50331648
Current children cumulated CPU time: 0 s
Current children cumulated vsize: 0 KiB
Current children cumulated memory: 0 KiB
heavy processes:

[startup+12.7004 s]
/proc/loadavg: 0.52 0.58 0.59 3/13 2580
/proc/meminfo: memFree=11498108/16587228 swapFree=50193984/50331648
Current children cumulated CPU time: 0 s
Current children cumulated vsize: 0 KiB
Current children cumulated memory: 0 KiB
heavy processes:

[startup+25.5001 s]
/proc/loadavg: 0.52 0.58 0.59 3/13 2581
/proc/meminfo: memFree=11500004/16587228 swapFree=50193984/50331648
Current children cumulated CPU time: 0 s
Current children cumulated vsize: 0 KiB
Current children cumulated memory: 0 KiB
heavy processes:

[startup+51.1011 s]
/proc/loadavg: 0.52 0.58 0.59 3/13 2581
/proc/meminfo: memFree=11499616/16587228 swapFree=50193984/50331648
Current children cumulated CPU time: 0 s
Current children cumulated vsize: 0 KiB
Current children cumulated memory: 0 KiB
heavy processes:

[startup+61.4523 s]
# the end of solver process 2579 was just reported to runsolver
# cumulated CPU time of all completed processes:  user=59.4375 s, system=1.95312 s

Solver just ended.
??? end of watcher thread
Dumping a history of the last processes samples

[startup+51.2013 s]
/proc/loadavg: 0.52 0.58 0.59 3/13 2581
/proc/meminfo: memFree=11499616/16587228 swapFree=50193984/50331648
Current children cumulated CPU time: 0 s
Current children cumulated vsize: 0 KiB
Current children cumulated memory: 0 KiB

[startup+57.6005 s]
/proc/loadavg: 0.52 0.58 0.59 3/13 2581
/proc/meminfo: memFree=11499492/16587228 swapFree=50193984/50331648
Current children cumulated CPU time: 0 s
Current children cumulated vsize: 0 KiB
Current children cumulated memory: 0 KiB

[startup+59.2004 s]
/proc/loadavg: 0.52 0.58 0.59 2/13 2581
/proc/meminfo: memFree=11499488/16587228 swapFree=50193984/50331648
Current children cumulated CPU time: 0 s
Current children cumulated vsize: 0 KiB
Current children cumulated memory: 0 KiB

[startup+60.8001 s]
/proc/loadavg: 0.52 0.58 0.59 2/13 2581
/proc/meminfo: memFree=11499620/16587228 swapFree=50193984/50331648
Current children cumulated CPU time: 0 s
Current children cumulated vsize: 0 KiB
Current children cumulated memory: 0 KiB

[startup+61.2002 s]
/proc/loadavg: 0.52 0.58 0.59 2/13 2581
/proc/meminfo: memFree=11499244/16587228 swapFree=50193984/50331648
Current children cumulated CPU time: 0 s
Current children cumulated vsize: 0 KiB
Current children cumulated memory: 0 KiB

[startup+61.4002 s]
/proc/loadavg: 0.52 0.58 0.59 2/13 2581
/proc/meminfo: memFree=11499244/16587228 swapFree=50193984/50331648
Current children cumulated CPU time: 0 s
Current children cumulated vsize: 0 KiB
Current children cumulated memory: 0 KiB

Child ended because it received signal 15 (SIGTERM)
Real time (s): 61.4523
CPU time (s): 61.3906
CPU user time (s): 59.4375
CPU system time (s): 1.95312
CPU usage (%): 99.8996
Max. virtual memory (cumulated for all children) (KiB): 0
Max. memory (cumulated for all children) (KiB): 0

getrusage(RUSAGE_CHILDREN,...) data:
user time used= 59.4375
system time used= 1.95312
maximum resident set size= 57804
integral shared memory size= 0
integral unshared data size= 0
integral unshared stack size= 0
page reclaims= 18724
page faults= 0
swaps= 0
block input operations= 0
block output operations= 0
messages sent= 0
messages received= 0
signals received= 0
voluntary context switches= 0
involuntary context switches= 0


# summary of solver processes directly reported to runsolver:
#   pid: 2579
#   total CPU time (s): 61.3906
#   total CPU user time (s): 59.4375
#   total CPU system time (s): 1.95312

??? end of timestamper thread
runsolver used 0 second user time and 0 second system time

The end
