runsolver version 3.4.0 (svn: 3018) Copyright (C) 2010-2013 Olivier ROUSSEL

This program is distributed in the hope that it will be useful,
but WITHOUT ANY WARRANTY; without even the implied warranty of
MERCHANTABILITY or FITNESS FOR A PARTICULAR PURPOSE.  See the
GNU General Public License for more details.

command line: /home/kunalan/runsolver/src/runsolver -C 1200 -W 1200 --vsize-limit 16384 -w results_nprc/nprc_newground2_random_50_100_watch.log --var results_nprc/nprc_newground2_random_50_100_values.log python3 ../newground2.py ../instances/benchmark_instances/encodings/nprc_newground2.lp ../instances/benchmark_instances/graphs/random_50_100.lp 

running on 8 cores: 0-7

Enforcing CPUTime limit (soft limit, will send SIGTERM then SIGKILL): 1200 seconds
Enforcing CPUTime limit (hard limit, will send SIGXCPU): 1230 seconds
Enforcing wall clock limit (soft limit, will send SIGTERM then SIGKILL): 1200 seconds
Enforcing VSIZE limit (soft limit, will send SIGTERM then SIGKILL): 16777216 KiB
Enforcing VSIZE limit (hard limit, stack expansion will fail with SIGSEGV, brk() and mmap() will return ENOMEM): 16828416 KiB
Linux 4.4.0-22000-Microsoft
Current StackSize limit: 8192 KiB
solver pid=2622, runsolver pid=2620


[startup+0.10017 s]*
/proc/loadavg: 0.52 0.58 0.59 2/13 2623
/proc/meminfo: memFree=11708976/16587228 swapFree=50194000/50331648
Current children cumulated CPU time: 0 s
Current children cumulated vsize: 0 KiB
Current children cumulated memory: 0 KiB

[startup+0.201127 s]*
/proc/loadavg: 0.52 0.58 0.59 2/13 2623
/proc/meminfo: memFree=11699188/16587228 swapFree=50194000/50331648
Current children cumulated CPU time: 0 s
Current children cumulated vsize: 0 KiB
Current children cumulated memory: 0 KiB

[startup+0.30094 s]*
/proc/loadavg: 0.52 0.58 0.59 2/13 2623
/proc/meminfo: memFree=11697660/16587228 swapFree=50194004/50331648
Current children cumulated CPU time: 0 s
Current children cumulated vsize: 0 KiB
Current children cumulated memory: 0 KiB

[startup+0.700288 s]
/proc/loadavg: 0.52 0.58 0.59 2/13 2623
/proc/meminfo: memFree=11697644/16587228 swapFree=50194004/50331648
Current children cumulated CPU time: 0 s
Current children cumulated vsize: 0 KiB
Current children cumulated memory: 0 KiB

[startup+1.50022 s]
/proc/loadavg: 0.52 0.58 0.59 2/13 2623
/proc/meminfo: memFree=11697996/16587228 swapFree=50194008/50331648
Current children cumulated CPU time: 0 s
Current children cumulated vsize: 0 KiB
Current children cumulated memory: 0 KiB

[startup+3.10088 s]
/proc/loadavg: 0.52 0.58 0.59 2/13 2624
/proc/meminfo: memFree=11694684/16587228 swapFree=50194008/50331648
Current children cumulated CPU time: 0 s
Current children cumulated vsize: 0 KiB
Current children cumulated memory: 0 KiB
heavy processes:

[startup+4.84246 s]
# the end of solver process 2622 was just reported to runsolver
# cumulated CPU time of all completed processes:  user=4.76562 s, system=0.046875 s

Solver just ended.
??? end of watcher thread
Dumping a history of the last processes samples

[startup+3.2011 s]
/proc/loadavg: 0.52 0.58 0.59 2/13 2624
/proc/meminfo: memFree=11694700/16587228 swapFree=50194008/50331648
Current children cumulated CPU time: 0 s
Current children cumulated vsize: 0 KiB
Current children cumulated memory: 0 KiB

[startup+4.00012 s]*
/proc/loadavg: 0.52 0.58 0.59 2/13 2624
/proc/meminfo: memFree=11692140/16587228 swapFree=50194008/50331648
Current children cumulated CPU time: 0 s
Current children cumulated vsize: 0 KiB
Current children cumulated memory: 0 KiB

[startup+4.40016 s]
/proc/loadavg: 0.52 0.58 0.59 2/13 2624
/proc/meminfo: memFree=11692140/16587228 swapFree=50194008/50331648
Current children cumulated CPU time: 0 s
Current children cumulated vsize: 0 KiB
Current children cumulated memory: 0 KiB

[startup+4.80017 s]
/proc/loadavg: 0.52 0.58 0.59 2/13 2624
/proc/meminfo: memFree=11692140/16587228 swapFree=50194008/50331648
Current children cumulated CPU time: 0 s
Current children cumulated vsize: 0 KiB
Current children cumulated memory: 0 KiB

Child status: 1
Real time (s): 4.84254
CPU time (s): 4.8125
CPU user time (s): 4.76562
CPU system time (s): 0.046875
CPU usage (%): 99.3797
Max. virtual memory (cumulated for all children) (KiB): 0
Max. memory (cumulated for all children) (KiB): 0

getrusage(RUSAGE_CHILDREN,...) data:
user time used= 4.76562
system time used= 0.046875
maximum resident set size= 27988
integral shared memory size= 0
integral unshared data size= 0
integral unshared stack size= 0
page reclaims= 7301
page faults= 0
swaps= 0
block input operations= 0
block output operations= 0
messages sent= 0
messages received= 0
signals received= 0
voluntary context switches= 0
involuntary context switches= 0


# summary of solver processes directly reported to runsolver:
#   pid: 2622
#   total CPU time (s): 4.8125
#   total CPU user time (s): 4.76562
#   total CPU system time (s): 0.046875

??? end of timestamper thread
runsolver used 0 second user time and 0.015625 second system time

The end
