runsolver version 3.4.0 (svn: 3018) Copyright (C) 2010-2013 Olivier ROUSSEL

This program is distributed in the hope that it will be useful,
but WITHOUT ANY WARRANTY; without even the implied warranty of
MERCHANTABILITY or FITNESS FOR A PARTICULAR PURPOSE.  See the
GNU General Public License for more details.

command line: /home/kunalan/runsolver/src/runsolver -C 1200 -W 1200 --vsize-limit 16384 -w results_nprc/nprc_newground_random_400_60_watch.log --var results_nprc/nprc_newground_random_400_60_values.log python3 ../newground2.py ../instances/benchmark_instances/encodings/nprc_newground.lp ../instances/benchmark_instances/graphs/random_400_60.lp 

running on 8 cores: 0-7

Enforcing CPUTime limit (soft limit, will send SIGTERM then SIGKILL): 1200 seconds
Enforcing CPUTime limit (hard limit, will send SIGXCPU): 1230 seconds
Enforcing wall clock limit (soft limit, will send SIGTERM then SIGKILL): 1200 seconds
Enforcing VSIZE limit (soft limit, will send SIGTERM then SIGKILL): 16777216 KiB
Enforcing VSIZE limit (hard limit, stack expansion will fail with SIGSEGV, brk() and mmap() will return ENOMEM): 16828416 KiB
Linux 4.4.0-22000-Microsoft
solver pid=2007, runsolver pid=2005
Current StackSize limit: 8192 KiB


[startup+0.100523 s]*
/proc/loadavg: 0.52 0.58 0.59 2/13 2008
/proc/meminfo: memFree=11450912/16587228 swapFree=50193848/50331648
Current children cumulated CPU time: 0 s
Current children cumulated vsize: 0 KiB
Current children cumulated memory: 0 KiB

[startup+0.201204 s]*
/proc/loadavg: 0.52 0.58 0.59 2/13 2008
/proc/meminfo: memFree=11441500/16587228 swapFree=50193848/50331648
Current children cumulated CPU time: 0 s
Current children cumulated vsize: 0 KiB
Current children cumulated memory: 0 KiB

[startup+0.300858 s]*
/proc/loadavg: 0.52 0.58 0.59 2/13 2008
/proc/meminfo: memFree=11437456/16587228 swapFree=50193848/50331648
Current children cumulated CPU time: 0 s
Current children cumulated vsize: 0 KiB
Current children cumulated memory: 0 KiB

[startup+0.700287 s]
/proc/loadavg: 0.52 0.58 0.59 2/13 2008
/proc/meminfo: memFree=11444348/16587228 swapFree=50193848/50331648
Current children cumulated CPU time: 0 s
Current children cumulated vsize: 0 KiB
Current children cumulated memory: 0 KiB

[startup+1.50043 s]
/proc/loadavg: 0.52 0.58 0.59 2/13 2008
/proc/meminfo: memFree=11434968/16587228 swapFree=50193848/50331648
Current children cumulated CPU time: 0 s
Current children cumulated vsize: 0 KiB
Current children cumulated memory: 0 KiB

[startup+3.1008 s]
/proc/loadavg: 0.52 0.58 0.59 2/13 2008
/proc/meminfo: memFree=11436288/16587228 swapFree=50193848/50331648
Current children cumulated CPU time: 0 s
Current children cumulated vsize: 0 KiB
Current children cumulated memory: 0 KiB
heavy processes:

[startup+6.30053 s]
/proc/loadavg: 0.52 0.58 0.59 2/13 2008
/proc/meminfo: memFree=11435976/16587228 swapFree=50193848/50331648
Current children cumulated CPU time: 0 s
Current children cumulated vsize: 0 KiB
Current children cumulated memory: 0 KiB
heavy processes:

[startup+12.7004 s]
/proc/loadavg: 0.52 0.58 0.59 2/13 2008
/proc/meminfo: memFree=11435628/16587228 swapFree=50193848/50331648
Current children cumulated CPU time: 0 s
Current children cumulated vsize: 0 KiB
Current children cumulated memory: 0 KiB
heavy processes:

[startup+25.5003 s]
/proc/loadavg: 0.52 0.58 0.59 2/13 2008
/proc/meminfo: memFree=11439864/16587228 swapFree=50193848/50331648
Current children cumulated CPU time: 0 s
Current children cumulated vsize: 0 KiB
Current children cumulated memory: 0 KiB
heavy processes:

[startup+32.8339 s]
# the end of solver process 2007 was just reported to runsolver
# cumulated CPU time of all completed processes:  user=32.6875 s, system=0.078125 s

Solver just ended.
??? end of watcher thread
Dumping a history of the last processes samples

[startup+25.6011 s]
/proc/loadavg: 0.52 0.58 0.59 2/13 2008
/proc/meminfo: memFree=11438828/16587228 swapFree=50193848/50331648
Current children cumulated CPU time: 0 s
Current children cumulated vsize: 0 KiB
Current children cumulated memory: 0 KiB

[startup+28.8005 s]
/proc/loadavg: 0.52 0.58 0.59 2/13 2008
/proc/meminfo: memFree=11437832/16587228 swapFree=50193848/50331648
Current children cumulated CPU time: 0 s
Current children cumulated vsize: 0 KiB
Current children cumulated memory: 0 KiB

[startup+30.4004 s]
/proc/loadavg: 0.52 0.58 0.59 2/13 2008
/proc/meminfo: memFree=11427848/16587228 swapFree=50193848/50331648
Current children cumulated CPU time: 0 s
Current children cumulated vsize: 0 KiB
Current children cumulated memory: 0 KiB

[startup+32.0006 s]*
/proc/loadavg: 0.52 0.58 0.59 2/13 2008
/proc/meminfo: memFree=11428140/16587228 swapFree=50193848/50331648
Current children cumulated CPU time: 0 s
Current children cumulated vsize: 0 KiB
Current children cumulated memory: 0 KiB

[startup+32.4006 s]
/proc/loadavg: 0.52 0.58 0.59 2/13 2008
/proc/meminfo: memFree=11428140/16587228 swapFree=50193848/50331648
Current children cumulated CPU time: 0 s
Current children cumulated vsize: 0 KiB
Current children cumulated memory: 0 KiB

[startup+32.8002 s]
/proc/loadavg: 0.52 0.58 0.59 2/13 2008
/proc/meminfo: memFree=11428140/16587228 swapFree=50193848/50331648
Current children cumulated CPU time: 0 s
Current children cumulated vsize: 0 KiB
Current children cumulated memory: 0 KiB

Child status: 0
Real time (s): 32.834
CPU time (s): 32.7656
CPU user time (s): 32.6875
CPU system time (s): 0.078125
CPU usage (%): 99.7918
Max. virtual memory (cumulated for all children) (KiB): 0
Max. memory (cumulated for all children) (KiB): 0

getrusage(RUSAGE_CHILDREN,...) data:
user time used= 32.6875
system time used= 0.078125
maximum resident set size= 62740
integral shared memory size= 0
integral unshared data size= 0
integral unshared stack size= 0
page reclaims= 18771
page faults= 0
swaps= 0
block input operations= 0
block output operations= 0
messages sent= 0
messages received= 0
signals received= 0
voluntary context switches= 0
involuntary context switches= 0


# summary of solver processes directly reported to runsolver:
#   pid: 2007
#   total CPU time (s): 32.7656
#   total CPU user time (s): 32.6875
#   total CPU system time (s): 0.078125

??? end of timestamper thread
runsolver used 0 second user time and 0 second system time

The end
