runsolver version 3.4.0 (svn: 3018) Copyright (C) 2010-2013 Olivier ROUSSEL

This program is distributed in the hope that it will be useful,
but WITHOUT ANY WARRANTY; without even the implied warranty of
MERCHANTABILITY or FITNESS FOR A PARTICULAR PURPOSE.  See the
GNU General Public License for more details.

command line: /home/kunalan/runsolver/src/runsolver -C 1200 -W 1200 --vsize-limit 16384 -w results_nprc/nprc_newground_random_500_20_watch.log --var results_nprc/nprc_newground_random_500_20_values.log python3 ../newground2.py ../instances/benchmark_instances/encodings/nprc_newground.lp ../instances/benchmark_instances/graphs/random_500_20.lp 

running on 8 cores: 0-7

Enforcing CPUTime limit (soft limit, will send SIGTERM then SIGKILL): 1200 seconds
Enforcing CPUTime limit (hard limit, will send SIGXCPU): 1230 seconds
Enforcing wall clock limit (soft limit, will send SIGTERM then SIGKILL): 1200 seconds
Enforcing VSIZE limit (soft limit, will send SIGTERM then SIGKILL): 16777216 KiB
Enforcing VSIZE limit (hard limit, stack expansion will fail with SIGSEGV, brk() and mmap() will return ENOMEM): 16828416 KiB
Linux 4.4.0-22000-Microsoft
solver pid=2448, runsolver pid=2446
Current StackSize limit: 8192 KiB


[startup+0.100342 s]*
/proc/loadavg: 0.52 0.58 0.59 2/13 2449
/proc/meminfo: memFree=11640956/16587228 swapFree=50193964/50331648
Current children cumulated CPU time: 0 s
Current children cumulated vsize: 0 KiB
Current children cumulated memory: 0 KiB

[startup+0.201186 s]*
/proc/loadavg: 0.52 0.58 0.59 2/13 2449
/proc/meminfo: memFree=11626700/16587228 swapFree=50193964/50331648
Current children cumulated CPU time: 0 s
Current children cumulated vsize: 0 KiB
Current children cumulated memory: 0 KiB

[startup+0.301137 s]*
/proc/loadavg: 0.52 0.58 0.59 2/13 2449
/proc/meminfo: memFree=11623888/16587228 swapFree=50193964/50331648
Current children cumulated CPU time: 0 s
Current children cumulated vsize: 0 KiB
Current children cumulated memory: 0 KiB

[startup+0.700595 s]
/proc/loadavg: 0.52 0.58 0.59 2/13 2449
/proc/meminfo: memFree=11623872/16587228 swapFree=50193964/50331648
Current children cumulated CPU time: 0 s
Current children cumulated vsize: 0 KiB
Current children cumulated memory: 0 KiB

[startup+1.5001 s]
/proc/loadavg: 0.52 0.58 0.59 2/13 2449
/proc/meminfo: memFree=11633336/16587228 swapFree=50193964/50331648
Current children cumulated CPU time: 0 s
Current children cumulated vsize: 0 KiB
Current children cumulated memory: 0 KiB

[startup+3.10103 s]
/proc/loadavg: 0.52 0.58 0.59 2/13 2449
/proc/meminfo: memFree=11633364/16587228 swapFree=50193964/50331648
Current children cumulated CPU time: 0 s
Current children cumulated vsize: 0 KiB
Current children cumulated memory: 0 KiB
heavy processes:

[startup+6.30038 s]
/proc/loadavg: 0.52 0.58 0.59 2/13 2449
/proc/meminfo: memFree=11629676/16587228 swapFree=50193964/50331648
Current children cumulated CPU time: 0 s
Current children cumulated vsize: 0 KiB
Current children cumulated memory: 0 KiB
heavy processes:

[startup+12.7002 s]
/proc/loadavg: 0.52 0.58 0.59 2/13 2449
/proc/meminfo: memFree=11628736/16587228 swapFree=50193964/50331648
Current children cumulated CPU time: 0 s
Current children cumulated vsize: 0 KiB
Current children cumulated memory: 0 KiB
heavy processes:

[startup+23.301 s]
# the end of solver process 2448 was just reported to runsolver
# cumulated CPU time of all completed processes:  user=23.0312 s, system=0.234375 s

Solver just ended.
??? end of watcher thread
Dumping a history of the last processes samples

[startup+12.8009 s]
/proc/loadavg: 0.52 0.58 0.59 2/13 2449
/proc/meminfo: memFree=11628436/16587228 swapFree=50193964/50331648
Current children cumulated CPU time: 0 s
Current children cumulated vsize: 0 KiB
Current children cumulated memory: 0 KiB

[startup+19.2005 s]
/proc/loadavg: 0.52 0.58 0.59 2/13 2449
/proc/meminfo: memFree=11595880/16587228 swapFree=50193964/50331648
Current children cumulated CPU time: 0 s
Current children cumulated vsize: 0 KiB
Current children cumulated memory: 0 KiB

[startup+20.8005 s]
/proc/loadavg: 0.52 0.58 0.59 2/13 2449
/proc/meminfo: memFree=11595916/16587228 swapFree=50193964/50331648
Current children cumulated CPU time: 0 s
Current children cumulated vsize: 0 KiB
Current children cumulated memory: 0 KiB

[startup+22.4002 s]
/proc/loadavg: 0.52 0.58 0.59 2/13 2449
/proc/meminfo: memFree=11597292/16587228 swapFree=50193964/50331648
Current children cumulated CPU time: 0 s
Current children cumulated vsize: 0 KiB
Current children cumulated memory: 0 KiB

[startup+22.8001 s]
/proc/loadavg: 0.52 0.58 0.59 2/13 2449
/proc/meminfo: memFree=11597292/16587228 swapFree=50193964/50331648
Current children cumulated CPU time: 0 s
Current children cumulated vsize: 0 KiB
Current children cumulated memory: 0 KiB

[startup+23.2002 s]
/proc/loadavg: 0.52 0.58 0.59 2/13 2449
/proc/meminfo: memFree=11597412/16587228 swapFree=50193964/50331648
Current children cumulated CPU time: 0 s
Current children cumulated vsize: 0 KiB
Current children cumulated memory: 0 KiB

[startup+23.3004 s]
/proc/loadavg: 0.52 0.58 0.59 2/13 2449
/proc/meminfo: memFree=11597412/16587228 swapFree=50193964/50331648
Current children cumulated CPU time: 0 s
Current children cumulated vsize: 0 KiB
Current children cumulated memory: 0 KiB

Child status: 0
Real time (s): 23.301
CPU time (s): 23.2656
CPU user time (s): 23.0312
CPU system time (s): 0.234375
CPU usage (%): 99.8481
Max. virtual memory (cumulated for all children) (KiB): 0
Max. memory (cumulated for all children) (KiB): 0

getrusage(RUSAGE_CHILDREN,...) data:
user time used= 23.0312
system time used= 0.234375
maximum resident set size= 68860
integral shared memory size= 0
integral unshared data size= 0
integral unshared stack size= 0
page reclaims= 24301
page faults= 0
swaps= 0
block input operations= 0
block output operations= 0
messages sent= 0
messages received= 0
signals received= 0
voluntary context switches= 0
involuntary context switches= 0


# summary of solver processes directly reported to runsolver:
#   pid: 2448
#   total CPU time (s): 23.2656
#   total CPU user time (s): 23.0312
#   total CPU system time (s): 0.234375

??? end of timestamper thread
runsolver used 0 second user time and 0 second system time

The end
