runsolver version 3.4.0 (svn: 3018) Copyright (C) 2010-2013 Olivier ROUSSEL

This program is distributed in the hope that it will be useful,
but WITHOUT ANY WARRANTY; without even the implied warranty of
MERCHANTABILITY or FITNESS FOR A PARTICULAR PURPOSE.  See the
GNU General Public License for more details.

command line: /home/kunalan/runsolver/src/runsolver -C 1200 -W 1200 --vsize-limit 16384 -w results_nprc/nprc_newground_random_400_90_watch.log --var results_nprc/nprc_newground_random_400_90_values.log python3 ../newground2.py ../instances/benchmark_instances/encodings/nprc_newground.lp ../instances/benchmark_instances/graphs/random_400_90.lp 

running on 8 cores: 0-7

Enforcing CPUTime limit (soft limit, will send SIGTERM then SIGKILL): 1200 seconds
Enforcing CPUTime limit (hard limit, will send SIGXCPU): 1230 seconds
Enforcing wall clock limit (soft limit, will send SIGTERM then SIGKILL): 1200 seconds
Enforcing VSIZE limit (soft limit, will send SIGTERM then SIGKILL): 16777216 KiB
Enforcing VSIZE limit (hard limit, stack expansion will fail with SIGSEGV, brk() and mmap() will return ENOMEM): 16828416 KiB
Linux 4.4.0-22000-Microsoft
Current StackSize limit: 8192 KiB
solver pid=2059, runsolver pid=2057


[startup+0.100134 s]*
/proc/loadavg: 0.52 0.58 0.59 2/13 2060
/proc/meminfo: memFree=11429576/16587228 swapFree=50193848/50331648
Current children cumulated CPU time: 0 s
Current children cumulated vsize: 0 KiB
Current children cumulated memory: 0 KiB

[startup+0.201207 s]*
/proc/loadavg: 0.52 0.58 0.59 2/13 2060
/proc/meminfo: memFree=11423948/16587228 swapFree=50193848/50331648
Current children cumulated CPU time: 0 s
Current children cumulated vsize: 0 KiB
Current children cumulated memory: 0 KiB

[startup+0.301097 s]*
/proc/loadavg: 0.52 0.58 0.59 2/13 2060
/proc/meminfo: memFree=11422588/16587228 swapFree=50193848/50331648
Current children cumulated CPU time: 0 s
Current children cumulated vsize: 0 KiB
Current children cumulated memory: 0 KiB

[startup+0.700586 s]
/proc/loadavg: 0.52 0.58 0.59 2/13 2060
/proc/meminfo: memFree=11419412/16587228 swapFree=50193848/50331648
Current children cumulated CPU time: 0 s
Current children cumulated vsize: 0 KiB
Current children cumulated memory: 0 KiB

[startup+1.50055 s]
/proc/loadavg: 0.52 0.58 0.59 2/13 2060
/proc/meminfo: memFree=11425044/16587228 swapFree=50193848/50331648
Current children cumulated CPU time: 0 s
Current children cumulated vsize: 0 KiB
Current children cumulated memory: 0 KiB

[startup+3.10116 s]
/proc/loadavg: 0.52 0.58 0.59 2/13 2060
/proc/meminfo: memFree=11418976/16587228 swapFree=50193848/50331648
Current children cumulated CPU time: 0 s
Current children cumulated vsize: 0 KiB
Current children cumulated memory: 0 KiB
heavy processes:

[startup+6.30015 s]
/proc/loadavg: 0.52 0.58 0.59 2/13 2060
/proc/meminfo: memFree=11419144/16587228 swapFree=50193848/50331648
Current children cumulated CPU time: 0 s
Current children cumulated vsize: 0 KiB
Current children cumulated memory: 0 KiB
heavy processes:

[startup+12.7004 s]
/proc/loadavg: 0.52 0.58 0.59 2/13 2060
/proc/meminfo: memFree=11418608/16587228 swapFree=50193848/50331648
Current children cumulated CPU time: 0 s
Current children cumulated vsize: 0 KiB
Current children cumulated memory: 0 KiB
heavy processes:

[startup+25.5001 s]
/proc/loadavg: 0.52 0.58 0.59 2/13 2060
/proc/meminfo: memFree=11420332/16587228 swapFree=50193848/50331648
Current children cumulated CPU time: 0 s
Current children cumulated vsize: 0 KiB
Current children cumulated memory: 0 KiB
heavy processes:

[startup+46.4336 s]
# the end of solver process 2059 was just reported to runsolver
# cumulated CPU time of all completed processes:  user=46.25 s, system=0.109375 s

Solver just ended.
??? end of watcher thread
Dumping a history of the last processes samples

[startup+25.601 s]
/proc/loadavg: 0.52 0.58 0.59 2/13 2060
/proc/meminfo: memFree=11420172/16587228 swapFree=50193848/50331648
Current children cumulated CPU time: 0 s
Current children cumulated vsize: 0 KiB
Current children cumulated memory: 0 KiB

[startup+38.4003 s]
/proc/loadavg: 0.52 0.58 0.59 2/13 2060
/proc/meminfo: memFree=11416276/16587228 swapFree=50193848/50331648
Current children cumulated CPU time: 0 s
Current children cumulated vsize: 0 KiB
Current children cumulated memory: 0 KiB

[startup+41.6002 s]
/proc/loadavg: 0.52 0.58 0.59 2/13 2061
/proc/meminfo: memFree=11411712/16587228 swapFree=50193848/50331648
Current children cumulated CPU time: 0 s
Current children cumulated vsize: 0 KiB
Current children cumulated memory: 0 KiB

[startup+44.8004 s]
/proc/loadavg: 0.52 0.58 0.59 2/13 2062
/proc/meminfo: memFree=11394796/16587228 swapFree=50193848/50331648
Current children cumulated CPU time: 0 s
Current children cumulated vsize: 0 KiB
Current children cumulated memory: 0 KiB

[startup+45.6004 s]
/proc/loadavg: 0.52 0.58 0.59 2/13 2063
/proc/meminfo: memFree=11399976/16587228 swapFree=50193848/50331648
Current children cumulated CPU time: 0 s
Current children cumulated vsize: 0 KiB
Current children cumulated memory: 0 KiB

[startup+46.0004 s]*
/proc/loadavg: 0.52 0.58 0.59 2/13 2063
/proc/meminfo: memFree=11390896/16587228 swapFree=50193848/50331648
Current children cumulated CPU time: 0 s
Current children cumulated vsize: 0 KiB
Current children cumulated memory: 0 KiB

[startup+46.4005 s]
/proc/loadavg: 0.52 0.58 0.59 2/13 2063
/proc/meminfo: memFree=11390896/16587228 swapFree=50193848/50331648
Current children cumulated CPU time: 0 s
Current children cumulated vsize: 0 KiB
Current children cumulated memory: 0 KiB

Child status: 0
Real time (s): 46.4336
CPU time (s): 46.3594
CPU user time (s): 46.25
CPU system time (s): 0.109375
CPU usage (%): 99.8401
Max. virtual memory (cumulated for all children) (KiB): 0
Max. memory (cumulated for all children) (KiB): 0

getrusage(RUSAGE_CHILDREN,...) data:
user time used= 46.25
system time used= 0.109375
maximum resident set size= 67832
integral shared memory size= 0
integral unshared data size= 0
integral unshared stack size= 0
page reclaims= 20050
page faults= 0
swaps= 0
block input operations= 0
block output operations= 0
messages sent= 0
messages received= 0
signals received= 0
voluntary context switches= 0
involuntary context switches= 0


# summary of solver processes directly reported to runsolver:
#   pid: 2059
#   total CPU time (s): 46.3594
#   total CPU user time (s): 46.25
#   total CPU system time (s): 0.109375

??? end of timestamper thread
runsolver used 0 second user time and 0.015625 second system time

The end
