runsolver version 3.4.0 (svn: 3018) Copyright (C) 2010-2013 Olivier ROUSSEL

This program is distributed in the hope that it will be useful,
but WITHOUT ANY WARRANTY; without even the implied warranty of
MERCHANTABILITY or FITNESS FOR A PARTICULAR PURPOSE.  See the
GNU General Public License for more details.

command line: /home/kunalan/runsolver/src/runsolver -C 1200 -W 1200 --vsize-limit 16384 -w results_nprc/nprc_gringo_random_200_20_watch.log --var results_nprc/nprc_gringo_random_200_20_values.log gringo --verbose=2 --output text ../instances/benchmark_instances/encodings/nprc_gringo.lp ../instances/benchmark_instances/graphs/random_200_20.lp 

running on 8 cores: 0-7

Enforcing CPUTime limit (soft limit, will send SIGTERM then SIGKILL): 1200 seconds
Enforcing CPUTime limit (hard limit, will send SIGXCPU): 1230 seconds
Enforcing wall clock limit (soft limit, will send SIGTERM then SIGKILL): 1200 seconds
Enforcing VSIZE limit (soft limit, will send SIGTERM then SIGKILL): 16777216 KiB
Enforcing VSIZE limit (hard limit, stack expansion will fail with SIGSEGV, brk() and mmap() will return ENOMEM): 16828416 KiB
Linux 4.4.0-22000-Microsoft
Current StackSize limit: 8192 KiB
solver pid=782, runsolver pid=780


[startup+0.100194 s]*
/proc/loadavg: 0.52 0.58 0.59 3/13 783
/proc/meminfo: memFree=12382040/16587228 swapFree=50113948/50331648
Current children cumulated CPU time: 0 s
Current children cumulated vsize: 0 KiB
Current children cumulated memory: 0 KiB

[startup+0.201215 s]*
/proc/loadavg: 0.52 0.58 0.59 3/13 783
/proc/meminfo: memFree=12381928/16587228 swapFree=50113948/50331648
Current children cumulated CPU time: 0 s
Current children cumulated vsize: 0 KiB
Current children cumulated memory: 0 KiB

[startup+0.300974 s]*
/proc/loadavg: 0.52 0.58 0.59 2/13 783
/proc/meminfo: memFree=12381928/16587228 swapFree=50113948/50331648
Current children cumulated CPU time: 0 s
Current children cumulated vsize: 0 KiB
Current children cumulated memory: 0 KiB

[startup+0.700337 s]
/proc/loadavg: 0.52 0.58 0.59 2/13 783
/proc/meminfo: memFree=12381936/16587228 swapFree=50113948/50331648
Current children cumulated CPU time: 0 s
Current children cumulated vsize: 0 KiB
Current children cumulated memory: 0 KiB

[startup+1.50021 s]
/proc/loadavg: 0.52 0.58 0.59 3/13 783
/proc/meminfo: memFree=12384068/16587228 swapFree=50113948/50331648
Current children cumulated CPU time: 0 s
Current children cumulated vsize: 0 KiB
Current children cumulated memory: 0 KiB

[startup+3.10085 s]
/proc/loadavg: 0.52 0.58 0.59 2/13 783
/proc/meminfo: memFree=12386796/16587228 swapFree=50113948/50331648
Current children cumulated CPU time: 0 s
Current children cumulated vsize: 0 KiB
Current children cumulated memory: 0 KiB
heavy processes:

[startup+6.30024 s]
/proc/loadavg: 0.52 0.58 0.59 3/13 784
/proc/meminfo: memFree=12382652/16587228 swapFree=50113948/50331648
Current children cumulated CPU time: 0 s
Current children cumulated vsize: 0 KiB
Current children cumulated memory: 0 KiB
heavy processes:

[startup+12.7001 s]
/proc/loadavg: 0.52 0.58 0.59 2/13 784
/proc/meminfo: memFree=12382968/16587228 swapFree=50113952/50331648
Current children cumulated CPU time: 0 s
Current children cumulated vsize: 0 KiB
Current children cumulated memory: 0 KiB
heavy processes:

[startup+25.5006 s]
/proc/loadavg: 0.52 0.58 0.59 2/13 784
/proc/meminfo: memFree=12384548/16587228 swapFree=50113952/50331648
Current children cumulated CPU time: 0 s
Current children cumulated vsize: 0 KiB
Current children cumulated memory: 0 KiB
heavy processes:

[startup+51.1012 s]
/proc/loadavg: 0.52 0.58 0.59 2/13 784
/proc/meminfo: memFree=12385848/16587228 swapFree=50113952/50331648
Current children cumulated CPU time: 0 s
Current children cumulated vsize: 0 KiB
Current children cumulated memory: 0 KiB
heavy processes:

[startup+102.3 s]
/proc/loadavg: 0.52 0.58 0.59 3/13 784
/proc/meminfo: memFree=12386944/16587228 swapFree=50113952/50331648
Current children cumulated CPU time: 0 s
Current children cumulated vsize: 0 KiB
Current children cumulated memory: 0 KiB
heavy processes:

[startup+162.3 s]
/proc/loadavg: 0.52 0.58 0.59 3/13 784
/proc/meminfo: memFree=12397136/16587228 swapFree=50113984/50331648
Current children cumulated CPU time: 0 s
Current children cumulated vsize: 0 KiB
Current children cumulated memory: 0 KiB
heavy processes:

[startup+222.3 s]
/proc/loadavg: 0.52 0.58 0.59 2/13 784
/proc/meminfo: memFree=12391440/16587228 swapFree=50119480/50331648
Current children cumulated CPU time: 0 s
Current children cumulated vsize: 0 KiB
Current children cumulated memory: 0 KiB
heavy processes:

[startup+282.301 s]
/proc/loadavg: 0.52 0.58 0.59 2/13 784
/proc/meminfo: memFree=12359324/16587228 swapFree=50119624/50331648
Current children cumulated CPU time: 0 s
Current children cumulated vsize: 0 KiB
Current children cumulated memory: 0 KiB
heavy processes:

[startup+342.3 s]
/proc/loadavg: 0.52 0.58 0.59 2/13 784
/proc/meminfo: memFree=12355460/16587228 swapFree=50119708/50331648
Current children cumulated CPU time: 0 s
Current children cumulated vsize: 0 KiB
Current children cumulated memory: 0 KiB
heavy processes:

[startup+402.3 s]
/proc/loadavg: 0.52 0.58 0.59 3/13 786
/proc/meminfo: memFree=12396120/16587228 swapFree=50119708/50331648
Current children cumulated CPU time: 0 s
Current children cumulated vsize: 0 KiB
Current children cumulated memory: 0 KiB
heavy processes:

[startup+462.3 s]
/proc/loadavg: 0.52 0.58 0.59 3/13 791
/proc/meminfo: memFree=12378840/16587228 swapFree=50119744/50331648
Current children cumulated CPU time: 0 s
Current children cumulated vsize: 0 KiB
Current children cumulated memory: 0 KiB
heavy processes:

[startup+522.3 s]
/proc/loadavg: 0.52 0.58 0.59 2/13 794
/proc/meminfo: memFree=12386924/16587228 swapFree=50119744/50331648
Current children cumulated CPU time: 0 s
Current children cumulated vsize: 0 KiB
Current children cumulated memory: 0 KiB
heavy processes:

[startup+529.847 s]
# the end of solver process 782 was just reported to runsolver
# cumulated CPU time of all completed processes:  user=513.375 s, system=15.8281 s

Solver just ended.
??? end of watcher thread
Dumping a history of the last processes samples

[startup+524.8 s]
/proc/loadavg: 0.52 0.58 0.59 3/13 794
/proc/meminfo: memFree=12387044/16587228 swapFree=50119744/50331648
Current children cumulated CPU time: 0 s
Current children cumulated vsize: 0 KiB
Current children cumulated memory: 0 KiB

[startup+528 s]*
/proc/loadavg: 0.52 0.58 0.59 3/13 794
/proc/meminfo: memFree=12387148/16587228 swapFree=50119744/50331648
Current children cumulated CPU time: 0 s
Current children cumulated vsize: 0 KiB
Current children cumulated memory: 0 KiB

[startup+528.8 s]
/proc/loadavg: 0.52 0.58 0.59 3/13 794
/proc/meminfo: memFree=12387148/16587228 swapFree=50119744/50331648
Current children cumulated CPU time: 0 s
Current children cumulated vsize: 0 KiB
Current children cumulated memory: 0 KiB

[startup+529.6 s]
/proc/loadavg: 0.52 0.58 0.59 2/13 794
/proc/meminfo: memFree=12387080/16587228 swapFree=50119744/50331648
Current children cumulated CPU time: 0 s
Current children cumulated vsize: 0 KiB
Current children cumulated memory: 0 KiB

[startup+529.8 s]
/proc/loadavg: 0.52 0.58 0.59 2/13 794
/proc/meminfo: memFree=12387080/16587228 swapFree=50119744/50331648
Current children cumulated CPU time: 0 s
Current children cumulated vsize: 0 KiB
Current children cumulated memory: 0 KiB

Child status: 0
Real time (s): 529.847
CPU time (s): 529.203
CPU user time (s): 513.375
CPU system time (s): 15.8281
CPU usage (%): 99.8785
Max. virtual memory (cumulated for all children) (KiB): 0
Max. memory (cumulated for all children) (KiB): 0

getrusage(RUSAGE_CHILDREN,...) data:
user time used= 513.375
system time used= 15.8281
maximum resident set size= 7940
integral shared memory size= 0
integral unshared data size= 0
integral unshared stack size= 0
page reclaims= 2459
page faults= 0
swaps= 0
block input operations= 0
block output operations= 0
messages sent= 0
messages received= 0
signals received= 0
voluntary context switches= 0
involuntary context switches= 0


# summary of solver processes directly reported to runsolver:
#   pid: 782
#   total CPU time (s): 529.203
#   total CPU user time (s): 513.375
#   total CPU system time (s): 15.8281

??? end of timestamper thread
runsolver used 0.015625 second user time and 0 second system time

The end
