runsolver version 3.4.0 (svn: 3018) Copyright (C) 2010-2013 Olivier ROUSSEL

This program is distributed in the hope that it will be useful,
but WITHOUT ANY WARRANTY; without even the implied warranty of
MERCHANTABILITY or FITNESS FOR A PARTICULAR PURPOSE.  See the
GNU General Public License for more details.

command line: /home/kunalan/runsolver/src/runsolver -C 1200 -W 1200 --vsize-limit 16384 -w results_nprc/nprc_newground2_random_35_90_watch.log --var results_nprc/nprc_newground2_random_35_90_values.log python3 ../newground2.py ../instances/benchmark_instances/encodings/nprc_newground2.lp ../instances/benchmark_instances/graphs/random_35_90.lp 

running on 8 cores: 0-7

Enforcing CPUTime limit (soft limit, will send SIGTERM then SIGKILL): 1200 seconds
Enforcing CPUTime limit (hard limit, will send SIGXCPU): 1230 seconds
Enforcing wall clock limit (soft limit, will send SIGTERM then SIGKILL): 1200 seconds
Enforcing VSIZE limit (soft limit, will send SIGTERM then SIGKILL): 16777216 KiB
Enforcing VSIZE limit (hard limit, stack expansion will fail with SIGSEGV, brk() and mmap() will return ENOMEM): 16828416 KiB
Linux 4.4.0-22000-Microsoft
solver pid=1892, runsolver pid=1890
Current StackSize limit: 8192 KiB


[startup+0.100213 s]*
/proc/loadavg: 0.52 0.58 0.59 2/13 1893
/proc/meminfo: memFree=11572424/16587228 swapFree=50193836/50331648
Current children cumulated CPU time: 0 s
Current children cumulated vsize: 0 KiB
Current children cumulated memory: 0 KiB

[startup+0.201322 s]*
/proc/loadavg: 0.52 0.58 0.59 2/13 1893
/proc/meminfo: memFree=11559856/16587228 swapFree=50193836/50331648
Current children cumulated CPU time: 0 s
Current children cumulated vsize: 0 KiB
Current children cumulated memory: 0 KiB

[startup+0.301041 s]*
/proc/loadavg: 0.52 0.58 0.59 2/13 1893
/proc/meminfo: memFree=11566368/16587228 swapFree=50193836/50331648
Current children cumulated CPU time: 0 s
Current children cumulated vsize: 0 KiB
Current children cumulated memory: 0 KiB

[startup+0.700548 s]
/proc/loadavg: 0.52 0.58 0.59 2/13 1893
/proc/meminfo: memFree=11566232/16587228 swapFree=50193836/50331648
Current children cumulated CPU time: 0 s
Current children cumulated vsize: 0 KiB
Current children cumulated memory: 0 KiB

[startup+1.50046 s]
/proc/loadavg: 0.52 0.58 0.59 2/13 1893
/proc/meminfo: memFree=11554700/16587228 swapFree=50193836/50331648
Current children cumulated CPU time: 0 s
Current children cumulated vsize: 0 KiB
Current children cumulated memory: 0 KiB

[startup+3.10127 s]
/proc/loadavg: 0.52 0.58 0.59 2/13 1893
/proc/meminfo: memFree=11551148/16587228 swapFree=50193836/50331648
Current children cumulated CPU time: 0 s
Current children cumulated vsize: 0 KiB
Current children cumulated memory: 0 KiB
heavy processes:

[startup+6.30054 s]
/proc/loadavg: 0.52 0.58 0.59 2/13 1894
/proc/meminfo: memFree=11557444/16587228 swapFree=50193836/50331648
Current children cumulated CPU time: 0 s
Current children cumulated vsize: 0 KiB
Current children cumulated memory: 0 KiB
heavy processes:

[startup+12.5892 s]
# the end of solver process 1892 was just reported to runsolver
# cumulated CPU time of all completed processes:  user=12.4375 s, system=0.125 s

Solver just ended.
??? end of watcher thread
Dumping a history of the last processes samples

[startup+6.40131 s]
/proc/loadavg: 0.52 0.58 0.59 2/13 1894
/proc/meminfo: memFree=11557872/16587228 swapFree=50193836/50331648
Current children cumulated CPU time: 0 s
Current children cumulated vsize: 0 KiB
Current children cumulated memory: 0 KiB

[startup+9.60036 s]
/proc/loadavg: 0.52 0.58 0.59 2/13 1894
/proc/meminfo: memFree=11557828/16587228 swapFree=50193836/50331648
Current children cumulated CPU time: 0 s
Current children cumulated vsize: 0 KiB
Current children cumulated memory: 0 KiB

[startup+11.2001 s]
/proc/loadavg: 0.52 0.58 0.59 2/13 1894
/proc/meminfo: memFree=11557948/16587228 swapFree=50193836/50331648
Current children cumulated CPU time: 0 s
Current children cumulated vsize: 0 KiB
Current children cumulated memory: 0 KiB

[startup+12.0005 s]*
/proc/loadavg: 0.52 0.58 0.59 2/13 1894
/proc/meminfo: memFree=11558100/16587228 swapFree=50193836/50331648
Current children cumulated CPU time: 0 s
Current children cumulated vsize: 0 KiB
Current children cumulated memory: 0 KiB

[startup+12.4002 s]
/proc/loadavg: 0.52 0.58 0.59 2/13 1894
/proc/meminfo: memFree=11558100/16587228 swapFree=50193836/50331648
Current children cumulated CPU time: 0 s
Current children cumulated vsize: 0 KiB
Current children cumulated memory: 0 KiB

[startup+12.5004 s]
/proc/loadavg: 0.52 0.58 0.59 2/13 1894
/proc/meminfo: memFree=11558100/16587228 swapFree=50193836/50331648
Current children cumulated CPU time: 0 s
Current children cumulated vsize: 0 KiB
Current children cumulated memory: 0 KiB

Child status: 1
Real time (s): 12.5893
CPU time (s): 12.5625
CPU user time (s): 12.4375
CPU system time (s): 0.125
CPU usage (%): 99.7875
Max. virtual memory (cumulated for all children) (KiB): 0
Max. memory (cumulated for all children) (KiB): 0

getrusage(RUSAGE_CHILDREN,...) data:
user time used= 12.4375
system time used= 0.125
maximum resident set size= 27040
integral shared memory size= 0
integral unshared data size= 0
integral unshared stack size= 0
page reclaims= 7064
page faults= 0
swaps= 0
block input operations= 0
block output operations= 0
messages sent= 0
messages received= 0
signals received= 0
voluntary context switches= 0
involuntary context switches= 0


# summary of solver processes directly reported to runsolver:
#   pid: 1892
#   total CPU time (s): 12.5625
#   total CPU user time (s): 12.4375
#   total CPU system time (s): 0.125

??? end of timestamper thread
runsolver used 0 second user time and 0 second system time

The end
