runsolver version 3.4.0 (svn: 3018) Copyright (C) 2010-2013 Olivier ROUSSEL

This program is distributed in the hope that it will be useful,
but WITHOUT ANY WARRANTY; without even the implied warranty of
MERCHANTABILITY or FITNESS FOR A PARTICULAR PURPOSE.  See the
GNU General Public License for more details.

command line: /home/kunalan/runsolver/src/runsolver -C 1200 -W 1200 --vsize-limit 16384 -w results_nprc/nprc_newground_random_700_100_watch.log --var results_nprc/nprc_newground_random_700_100_values.log python3 ../newground2.py ../instances/benchmark_instances/encodings/nprc_newground.lp ../instances/benchmark_instances/graphs/random_700_100.lp 

running on 8 cores: 0-7

Enforcing CPUTime limit (soft limit, will send SIGTERM then SIGKILL): 1200 seconds
Enforcing CPUTime limit (hard limit, will send SIGXCPU): 1230 seconds
Enforcing wall clock limit (soft limit, will send SIGTERM then SIGKILL): 1200 seconds
Enforcing VSIZE limit (soft limit, will send SIGTERM then SIGKILL): 16777216 KiB
Enforcing VSIZE limit (hard limit, stack expansion will fail with SIGSEGV, brk() and mmap() will return ENOMEM): 16828416 KiB
Linux 4.4.0-22000-Microsoft
solver pid=3193, runsolver pid=3191
Current StackSize limit: 8192 KiB


[startup+0.100461 s]*
/proc/loadavg: 0.52 0.58 0.59 2/13 3194
/proc/meminfo: memFree=11436416/16587228 swapFree=50195232/50331648
Current children cumulated CPU time: 0 s
Current children cumulated vsize: 0 KiB
Current children cumulated memory: 0 KiB

[startup+0.201303 s]*
/proc/loadavg: 0.52 0.58 0.59 2/13 3194
/proc/meminfo: memFree=11433540/16587228 swapFree=50195232/50331648
Current children cumulated CPU time: 0 s
Current children cumulated vsize: 0 KiB
Current children cumulated memory: 0 KiB

[startup+0.301017 s]*
/proc/loadavg: 0.52 0.58 0.59 2/13 3194
/proc/meminfo: memFree=11423156/16587228 swapFree=50195232/50331648
Current children cumulated CPU time: 0 s
Current children cumulated vsize: 0 KiB
Current children cumulated memory: 0 KiB

[startup+0.700455 s]
/proc/loadavg: 0.52 0.58 0.59 2/13 3194
/proc/meminfo: memFree=11425164/16587228 swapFree=50195232/50331648
Current children cumulated CPU time: 0 s
Current children cumulated vsize: 0 KiB
Current children cumulated memory: 0 KiB

[startup+1.50032 s]
/proc/loadavg: 0.52 0.58 0.59 2/13 3194
/proc/meminfo: memFree=11434056/16587228 swapFree=50195232/50331648
Current children cumulated CPU time: 0 s
Current children cumulated vsize: 0 KiB
Current children cumulated memory: 0 KiB

[startup+3.10074 s]
/proc/loadavg: 0.52 0.58 0.59 2/13 3194
/proc/meminfo: memFree=11425612/16587228 swapFree=50195232/50331648
Current children cumulated CPU time: 0 s
Current children cumulated vsize: 0 KiB
Current children cumulated memory: 0 KiB
heavy processes:

[startup+6.30021 s]
/proc/loadavg: 0.52 0.58 0.59 2/13 3194
/proc/meminfo: memFree=11427128/16587228 swapFree=50195232/50331648
Current children cumulated CPU time: 0 s
Current children cumulated vsize: 0 KiB
Current children cumulated memory: 0 KiB
heavy processes:

[startup+12.7003 s]
/proc/loadavg: 0.52 0.58 0.59 2/13 3194
/proc/meminfo: memFree=11422700/16587228 swapFree=50195232/50331648
Current children cumulated CPU time: 0 s
Current children cumulated vsize: 0 KiB
Current children cumulated memory: 0 KiB
heavy processes:

[startup+25.5001 s]
/proc/loadavg: 0.52 0.58 0.59 2/13 3195
/proc/meminfo: memFree=11420224/16587228 swapFree=50195232/50331648
Current children cumulated CPU time: 0 s
Current children cumulated vsize: 0 KiB
Current children cumulated memory: 0 KiB
heavy processes:

[startup+51.101 s]
/proc/loadavg: 0.52 0.58 0.59 2/13 3195
/proc/meminfo: memFree=11407788/16587228 swapFree=50195232/50331648
Current children cumulated CPU time: 0 s
Current children cumulated vsize: 0 KiB
Current children cumulated memory: 0 KiB
heavy processes:

[startup+102.3 s]
/proc/loadavg: 0.52 0.58 0.59 2/13 3195
/proc/meminfo: memFree=11393888/16587228 swapFree=50195232/50331648
Current children cumulated CPU time: 0 s
Current children cumulated vsize: 0 KiB
Current children cumulated memory: 0 KiB
heavy processes:

[startup+157.148 s]
# the end of solver process 3193 was just reported to runsolver
# cumulated CPU time of all completed processes:  user=156.688 s, system=0.390625 s

Solver just ended.
??? end of watcher thread
Dumping a history of the last processes samples

[startup+102.401 s]
/proc/loadavg: 0.52 0.58 0.59 2/13 3195
/proc/meminfo: memFree=11393872/16587228 swapFree=50195232/50331648
Current children cumulated CPU time: 0 s
Current children cumulated vsize: 0 KiB
Current children cumulated memory: 0 KiB

[startup+128 s]*
/proc/loadavg: 0.52 0.58 0.59 2/13 3195
/proc/meminfo: memFree=11377692/16587228 swapFree=50195232/50331648
Current children cumulated CPU time: 0 s
Current children cumulated vsize: 0 KiB
Current children cumulated memory: 0 KiB

[startup+140.8 s]
/proc/loadavg: 0.52 0.58 0.59 2/13 3195
/proc/meminfo: memFree=11376920/16587228 swapFree=50195232/50331648
Current children cumulated CPU time: 0 s
Current children cumulated vsize: 0 KiB
Current children cumulated memory: 0 KiB

[startup+147.2 s]
/proc/loadavg: 0.52 0.58 0.59 2/13 3195
/proc/meminfo: memFree=11322708/16587228 swapFree=50195232/50331648
Current children cumulated CPU time: 0 s
Current children cumulated vsize: 0 KiB
Current children cumulated memory: 0 KiB

[startup+153.6 s]
/proc/loadavg: 0.52 0.58 0.59 2/13 3195
/proc/meminfo: memFree=11323128/16587228 swapFree=50195232/50331648
Current children cumulated CPU time: 0 s
Current children cumulated vsize: 0 KiB
Current children cumulated memory: 0 KiB

[startup+155.2 s]
/proc/loadavg: 0.52 0.58 0.59 2/13 3195
/proc/meminfo: memFree=11323256/16587228 swapFree=50195232/50331648
Current children cumulated CPU time: 0 s
Current children cumulated vsize: 0 KiB
Current children cumulated memory: 0 KiB

[startup+156 s]*
/proc/loadavg: 0.52 0.58 0.59 2/13 3195
/proc/meminfo: memFree=11324272/16587228 swapFree=50195232/50331648
Current children cumulated CPU time: 0 s
Current children cumulated vsize: 0 KiB
Current children cumulated memory: 0 KiB

[startup+156.8 s]
/proc/loadavg: 0.52 0.58 0.59 2/13 3195
/proc/meminfo: memFree=11324272/16587228 swapFree=50195232/50331648
Current children cumulated CPU time: 0 s
Current children cumulated vsize: 0 KiB
Current children cumulated memory: 0 KiB

[startup+157.001 s]*
/proc/loadavg: 0.52 0.58 0.59 2/13 3195
/proc/meminfo: memFree=11324312/16587228 swapFree=50195232/50331648
Current children cumulated CPU time: 0 s
Current children cumulated vsize: 0 KiB
Current children cumulated memory: 0 KiB

[startup+157.101 s]
/proc/loadavg: 0.52 0.58 0.59 2/13 3195
/proc/meminfo: memFree=11324312/16587228 swapFree=50195232/50331648
Current children cumulated CPU time: 0 s
Current children cumulated vsize: 0 KiB
Current children cumulated memory: 0 KiB

Child status: 0
Real time (s): 157.148
CPU time (s): 157.078
CPU user time (s): 156.688
CPU system time (s): 0.390625
CPU usage (%): 99.9554
Max. virtual memory (cumulated for all children) (KiB): 0
Max. memory (cumulated for all children) (KiB): 0

getrusage(RUSAGE_CHILDREN,...) data:
user time used= 156.688
system time used= 0.390625
maximum resident set size= 167476
integral shared memory size= 0
integral unshared data size= 0
integral unshared stack size= 0
page reclaims= 53212
page faults= 0
swaps= 0
block input operations= 0
block output operations= 0
messages sent= 0
messages received= 0
signals received= 0
voluntary context switches= 0
involuntary context switches= 0


# summary of solver processes directly reported to runsolver:
#   pid: 3193
#   total CPU time (s): 157.078
#   total CPU user time (s): 156.688
#   total CPU system time (s): 0.390625

??? end of timestamper thread
runsolver used 0 second user time and 0 second system time

The end
