runsolver version 3.4.0 (svn: 3018) Copyright (C) 2010-2013 Olivier ROUSSEL

This program is distributed in the hope that it will be useful,
but WITHOUT ANY WARRANTY; without even the implied warranty of
MERCHANTABILITY or FITNESS FOR A PARTICULAR PURPOSE.  See the
GNU General Public License for more details.

command line: /home/kunalan/runsolver/src/runsolver -C 1200 -W 1200 --vsize-limit 16384 -w results_nprc/nprc_newground2_random_50_10_watch.log --var results_nprc/nprc_newground2_random_50_10_values.log python3 ../newground2.py ../instances/benchmark_instances/encodings/nprc_newground2.lp ../instances/benchmark_instances/graphs/random_50_10.lp 

running on 8 cores: 0-7

Enforcing CPUTime limit (soft limit, will send SIGTERM then SIGKILL): 1200 seconds
Enforcing CPUTime limit (hard limit, will send SIGXCPU): 1230 seconds
Enforcing wall clock limit (soft limit, will send SIGTERM then SIGKILL): 1200 seconds
Enforcing VSIZE limit (soft limit, will send SIGTERM then SIGKILL): 16777216 KiB
Enforcing VSIZE limit (hard limit, stack expansion will fail with SIGSEGV, brk() and mmap() will return ENOMEM): 16828416 KiB
Linux 4.4.0-22000-Microsoft
Current StackSize limit: 8192 KiB
solver pid=2601, runsolver pid=2599


[startup+0.100272 s]*
/proc/loadavg: 0.52 0.58 0.59 2/13 2602
/proc/meminfo: memFree=11518696/16587228 swapFree=50193984/50331648
Current children cumulated CPU time: 0 s
Current children cumulated vsize: 0 KiB
Current children cumulated memory: 0 KiB

[startup+0.201376 s]*
/proc/loadavg: 0.52 0.58 0.59 2/13 2602
/proc/meminfo: memFree=11508564/16587228 swapFree=50193984/50331648
Current children cumulated CPU time: 0 s
Current children cumulated vsize: 0 KiB
Current children cumulated memory: 0 KiB

[startup+0.300722 s]*
/proc/loadavg: 0.52 0.58 0.59 2/13 2602
/proc/meminfo: memFree=11506752/16587228 swapFree=50193984/50331648
Current children cumulated CPU time: 0 s
Current children cumulated vsize: 0 KiB
Current children cumulated memory: 0 KiB

[startup+0.700528 s]
/proc/loadavg: 0.52 0.58 0.59 2/13 2602
/proc/meminfo: memFree=11506544/16587228 swapFree=50193984/50331648
Current children cumulated CPU time: 0 s
Current children cumulated vsize: 0 KiB
Current children cumulated memory: 0 KiB

[startup+1.5005 s]
/proc/loadavg: 0.52 0.58 0.59 2/13 2602
/proc/meminfo: memFree=11507748/16587228 swapFree=50193988/50331648
Current children cumulated CPU time: 0 s
Current children cumulated vsize: 0 KiB
Current children cumulated memory: 0 KiB

[startup+3.10122 s]
/proc/loadavg: 0.52 0.58 0.59 2/13 2602
/proc/meminfo: memFree=11701820/16587228 swapFree=50193996/50331648
Current children cumulated CPU time: 0 s
Current children cumulated vsize: 0 KiB
Current children cumulated memory: 0 KiB
heavy processes:

[startup+6.30056 s]
/proc/loadavg: 0.52 0.58 0.59 2/13 2603
/proc/meminfo: memFree=11698112/16587228 swapFree=50193996/50331648
Current children cumulated CPU time: 0 s
Current children cumulated vsize: 0 KiB
Current children cumulated memory: 0 KiB
heavy processes:

[startup+11.3973 s]
# the end of solver process 2601 was just reported to runsolver
# cumulated CPU time of all completed processes:  user=11.2812 s, system=0.078125 s

Solver just ended.
??? end of watcher thread
Dumping a history of the last processes samples

[startup+6.4013 s]
/proc/loadavg: 0.52 0.58 0.59 2/13 2603
/proc/meminfo: memFree=11699764/16587228 swapFree=50193996/50331648
Current children cumulated CPU time: 0 s
Current children cumulated vsize: 0 KiB
Current children cumulated memory: 0 KiB

[startup+9.60025 s]
/proc/loadavg: 0.52 0.58 0.59 2/13 2603
/proc/meminfo: memFree=11698024/16587228 swapFree=50193996/50331648
Current children cumulated CPU time: 0 s
Current children cumulated vsize: 0 KiB
Current children cumulated memory: 0 KiB

[startup+10.4003 s]
/proc/loadavg: 0.52 0.58 0.59 2/13 2603
/proc/meminfo: memFree=11698112/16587228 swapFree=50193996/50331648
Current children cumulated CPU time: 0 s
Current children cumulated vsize: 0 KiB
Current children cumulated memory: 0 KiB

[startup+10.8005 s]
/proc/loadavg: 0.52 0.58 0.59 2/13 2603
/proc/meminfo: memFree=11698112/16587228 swapFree=50193996/50331648
Current children cumulated CPU time: 0 s
Current children cumulated vsize: 0 KiB
Current children cumulated memory: 0 KiB

[startup+11.2002 s]
/proc/loadavg: 0.52 0.58 0.59 2/13 2603
/proc/meminfo: memFree=11705004/16587228 swapFree=50193996/50331648
Current children cumulated CPU time: 0 s
Current children cumulated vsize: 0 KiB
Current children cumulated memory: 0 KiB

[startup+11.3004 s]
/proc/loadavg: 0.52 0.58 0.59 2/13 2603
/proc/meminfo: memFree=11705004/16587228 swapFree=50193996/50331648
Current children cumulated CPU time: 0 s
Current children cumulated vsize: 0 KiB
Current children cumulated memory: 0 KiB

Child status: 1
Real time (s): 11.3974
CPU time (s): 11.3594
CPU user time (s): 11.2812
CPU system time (s): 0.078125
CPU usage (%): 99.6667
Max. virtual memory (cumulated for all children) (KiB): 0
Max. memory (cumulated for all children) (KiB): 0

getrusage(RUSAGE_CHILDREN,...) data:
user time used= 11.2812
system time used= 0.078125
maximum resident set size= 27204
integral shared memory size= 0
integral unshared data size= 0
integral unshared stack size= 0
page reclaims= 7107
page faults= 0
swaps= 0
block input operations= 0
block output operations= 0
messages sent= 0
messages received= 0
signals received= 0
voluntary context switches= 0
involuntary context switches= 0


# summary of solver processes directly reported to runsolver:
#   pid: 2601
#   total CPU time (s): 11.3594
#   total CPU user time (s): 11.2812
#   total CPU system time (s): 0.078125

??? end of timestamper thread
runsolver used 0 second user time and 0 second system time

The end
