clingo version 5.5.2
Reading from stdin
Solving...
UNSATISFIABLE

Models       : 0
Calls        : 1
Time         : 45.977s (Solving: 0.00s 1st Model: 0.00s Unsat: 0.00s)
CPU Time     : 45.953s

Choices      : 1       
Conflicts    : 2        (Analyzed: 1)
Restarts     : 0       
Problems     : 1        (Average Length: 0.00 Splits: 0)
Lemmas       : 1        (Deleted: 0)
  Binary     : 0        (Ratio:   0.00%)
  Ternary    : 0        (Ratio:   0.00%)
  Conflict   : 1        (Average Length:    1.0 Ratio: 100.00%) 
  Loop       : 0        (Average Length:    0.0 Ratio:   0.00%) 
  Other      : 0        (Average Length:    0.0 Ratio:   0.00%) 
Backjumps    : 1        (Average:  1.00 Max:   1 Sum:      1)
  Executed   : 1        (Average:  1.00 Max:   1 Sum:      1 Ratio: 100.00%)
  Bounded    : 0        (Average:  0.00 Max:   0 Sum:      0 Ratio:   0.00%)

Rules        : 99135   
Atoms        : 1047    
Bodies       : 96687   
Equivalences : 1167     (Atom=Atom: 124 Body=Body: 466 Other: 577)
Tight        : No       (SCCs: 1 Non-Hcfs: 0 Nodes: 88020 Gammas: 0)
Variables    : 91229    (Eliminated:    0 Frozen: 88115)
Constraints  : 461717   (Binary:  80.1% Ternary:   0.1% Other:  19.7%)

