clingo version 5.5.2
Reading from stdin
Solving...
UNSATISFIABLE

Models       : 0
Calls        : 1
Time         : 2293.383s (Solving: 0.02s 1st Model: 0.00s Unsat: 0.02s)
CPU Time     : 758.719s

Choices      : 1       
Conflicts    : 2        (Analyzed: 1)
Restarts     : 0       
Problems     : 1        (Average Length: 0.00 Splits: 0)
Lemmas       : 1        (Deleted: 0)
  Binary     : 0        (Ratio:   0.00%)
  Ternary    : 0        (Ratio:   0.00%)
  Conflict   : 1        (Average Length:    1.0 Ratio: 100.00%) 
  Loop       : 0        (Average Length:    0.0 Ratio:   0.00%) 
  Other      : 0        (Average Length:    0.0 Ratio:   0.00%) 
Backjumps    : 1        (Average:  1.00 Max:   1 Sum:      1)
  Executed   : 1        (Average:  1.00 Max:   1 Sum:      1 Ratio: 100.00%)
  Bounded    : 0        (Average:  0.00 Max:   0 Sum:      0 Ratio:   0.00%)

Rules        : 342131  
Atoms        : 1863    
Bodies       : 338554  
Equivalences : 1467     (Atom=Atom: 115 Body=Body: 430 Other: 922)
Tight        : No       (SCCs: 1 Non-Hcfs: 0 Nodes: 321665 Gammas: 0)
Variables    : 330658   (Eliminated:    0 Frozen: 321810)
Constraints  : 1660493  (Binary:  80.0% Ternary:   0.1% Other:  19.9%)

