clingo version 5.5.2
Reading from stdin
Solving...
UNSATISFIABLE

Models       : 0
Calls        : 1
Time         : 2135.086s (Solving: 2.36s 1st Model: 0.00s Unsat: 2.36s)
CPU Time     : 825.250s

Choices      : 1       
Conflicts    : 2        (Analyzed: 1)
Restarts     : 0       
Stab. Tests  : 1        (Full: 0 Partial: 1)
Problems     : 1        (Average Length: 0.00 Splits: 0)
Lemmas       : 1        (Deleted: 0)
  Binary     : 0        (Ratio:   0.00%)
  Ternary    : 0        (Ratio:   0.00%)
  Conflict   : 1        (Average Length:    1.0 Ratio: 100.00%) 
  Loop       : 0        (Average Length:    0.0 Ratio:   0.00%) 
  Other      : 0        (Average Length:    0.0 Ratio:   0.00%) 
Backjumps    : 1        (Average:  1.00 Max:   1 Sum:      1)
  Executed   : 1        (Average:  1.00 Max:   1 Sum:      1 Ratio: 100.00%)
  Bounded    : 0        (Average:  0.00 Max:   0 Sum:      0 Ratio:   0.00%)

Rules        : 84590599
Atoms        : 28393   
Disjunctions : 3        (Original: 3)
Bodies       : 84190146
Equivalences : 34121    (Atom=Atom: 4003 Body=Body: 15827 Other: 14291)
Tight        : No       (SCCs: 2 Non-Hcfs: 1 Nodes: 83679502 Gammas: 0)
Variables    : 84155150 (Eliminated:    0 Frozen: 83679995)
Constraints  : 421105372 (Binary:  80.0% Ternary:   0.0% Other:  20.0%)

