clingo version 5.5.2
Reading from stdin
Solving...
UNSATISFIABLE

Models       : 0
Calls        : 1
Time         : 0.037s (Solving: 0.00s 1st Model: 0.00s Unsat: 0.00s)
CPU Time     : 0.031s

Choices      : 0       
Conflicts    : 1        (Analyzed: 0)
Restarts     : 0       
Problems     : 0        (Average Length: 0.00 Splits: 0)
Lemmas       : 0        (Deleted: 0)
  Binary     : 0        (Ratio:   0.00%)
  Ternary    : 0        (Ratio:   0.00%)
  Conflict   : 0        (Average Length:    0.0 Ratio:   0.00%) 
  Loop       : 0        (Average Length:    0.0 Ratio:   0.00%) 
  Other      : 0        (Average Length:    0.0 Ratio:   0.00%) 
Backjumps    : 0        (Average:  0.00 Max:   0 Sum:      0)
  Executed   : 0        (Average:  0.00 Max:   0 Sum:      0 Ratio:   0.00%)
  Bounded    : 0        (Average:  0.00 Max:   0 Sum:      0 Ratio: 100.00%)

Rules        : 665     
Atoms        : 133     
Bodies       : 624     
Equivalences : 217      (Atom=Atom: 14 Body=Body: 22 Other: 181)
Tight        : No       (SCCs: 5 Non-Hcfs: 0 Nodes: 282 Gammas: 0)
Variables    : 359      (Eliminated:    0 Frozen:  322)
Constraints  : 1682     (Binary:  77.6% Ternary:   2.9% Other:  19.4%)

