clingo version 5.5.2
Reading from stdin
Solving...
UNSATISFIABLE

Models       : 0
Calls        : 1
Time         : 650.640s (Solving: 0.31s 1st Model: 0.00s Unsat: 0.31s)
CPU Time     : 346.812s

Choices      : 1       
Conflicts    : 2        (Analyzed: 1)
Restarts     : 0       
Stab. Tests  : 1        (Full: 0 Partial: 1)
Problems     : 1        (Average Length: 0.00 Splits: 0)
Lemmas       : 1        (Deleted: 0)
  Binary     : 0        (Ratio:   0.00%)
  Ternary    : 0        (Ratio:   0.00%)
  Conflict   : 1        (Average Length:    1.0 Ratio: 100.00%) 
  Loop       : 0        (Average Length:    0.0 Ratio:   0.00%) 
  Other      : 0        (Average Length:    0.0 Ratio:   0.00%) 
Backjumps    : 1        (Average:  1.00 Max:   1 Sum:      1)
  Executed   : 1        (Average:  1.00 Max:   1 Sum:      1 Ratio: 100.00%)
  Bounded    : 0        (Average:  0.00 Max:   0 Sum:      0 Ratio:   0.00%)

Rules        : 47532543
Atoms        : 20679   
Disjunctions : 3        (Original: 3)
Bodies       : 47403564
Equivalences : 15631    (Atom=Atom: 1299 Body=Body: 5091 Other: 9241)
Tight        : No       (SCCs: 2 Non-Hcfs: 1 Nodes: 47021421 Gammas: 0)
Variables    : 47384036 (Eliminated:    0 Frozen: 47021914)
Constraints  : 236941149 (Binary:  80.0% Ternary:   0.0% Other:  20.0%)

