clingo version 5.5.2
Reading from stdin
Solving...
UNSATISFIABLE

Models       : 0
Calls        : 1
Time         : 0.404s (Solving: 0.00s 1st Model: 0.00s Unsat: 0.00s)
CPU Time     : 0.016s

Choices      : 1       
Conflicts    : 2        (Analyzed: 1)
Restarts     : 0       
Stab. Tests  : 1        (Full: 0 Partial: 1)
Problems     : 1        (Average Length: 0.00 Splits: 0)
Lemmas       : 1        (Deleted: 0)
  Binary     : 0        (Ratio:   0.00%)
  Ternary    : 0        (Ratio:   0.00%)
  Conflict   : 1        (Average Length:    1.0 Ratio: 100.00%) 
  Loop       : 0        (Average Length:    0.0 Ratio:   0.00%) 
  Other      : 0        (Average Length:    0.0 Ratio:   0.00%) 
Backjumps    : 1        (Average:  1.00 Max:   1 Sum:      1)
  Executed   : 1        (Average:  1.00 Max:   1 Sum:      1 Ratio: 100.00%)
  Bounded    : 0        (Average:  0.00 Max:   0 Sum:      0 Ratio:   0.00%)

Rules        : 3683    
Atoms        : 269     
Disjunctions : 3        (Original: 3)
Bodies       : 3468    
Equivalences : 219      (Atom=Atom: 17 Body=Body: 55 Other: 147)
Tight        : No       (SCCs: 2 Non-Hcfs: 1 Nodes: 2978 Gammas: 0)
Variables    : 3296     (Eliminated:    0 Frozen: 3021)
Constraints  : 15620    (Binary:  79.5% Ternary:   0.8% Other:  19.7%)

