clingo version 5.5.2
Reading from stdin
Solving...
UNSATISFIABLE

Models       : 0
Calls        : 1
Time         : 20.258s (Solving: 0.02s 1st Model: 0.00s Unsat: 0.02s)
CPU Time     : 20.109s

Choices      : 1       
Conflicts    : 2        (Analyzed: 1)
Restarts     : 0       
Problems     : 1        (Average Length: 0.00 Splits: 0)
Lemmas       : 1        (Deleted: 0)
  Binary     : 0        (Ratio:   0.00%)
  Ternary    : 0        (Ratio:   0.00%)
  Conflict   : 1        (Average Length:    1.0 Ratio: 100.00%) 
  Loop       : 0        (Average Length:    0.0 Ratio:   0.00%) 
  Other      : 0        (Average Length:    0.0 Ratio:   0.00%) 
Backjumps    : 1        (Average:  1.00 Max:   1 Sum:      1)
  Executed   : 1        (Average:  1.00 Max:   1 Sum:      1 Ratio: 100.00%)
  Bounded    : 0        (Average:  0.00 Max:   0 Sum:      0 Ratio:   0.00%)

Rules        : 77700   
Atoms        : 1165    
Bodies       : 77391   
Equivalences : 417      (Atom=Atom: 9 Body=Body: 34 Other: 374)
Tight        : No       (SCCs: 3 Non-Hcfs: 0 Nodes: 73859 Gammas: 0)
Variables    : 76538    (Eliminated:    0 Frozen: 74002)
Constraints  : 380886   (Binary:  79.8% Ternary:   0.1% Other:  20.1%)

