clingo version 5.5.2
Reading from stdin
Solving...
UNSATISFIABLE

Models       : 0
Calls        : 1
Time         : 0.563s (Solving: 0.00s 1st Model: 0.00s Unsat: 0.00s)
CPU Time     : 0.562s

Choices      : 1       
Conflicts    : 2        (Analyzed: 1)
Restarts     : 0       
Problems     : 1        (Average Length: 0.00 Splits: 0)
Lemmas       : 1        (Deleted: 0)
  Binary     : 0        (Ratio:   0.00%)
  Ternary    : 0        (Ratio:   0.00%)
  Conflict   : 1        (Average Length:    1.0 Ratio: 100.00%) 
  Loop       : 0        (Average Length:    0.0 Ratio:   0.00%) 
  Other      : 0        (Average Length:    0.0 Ratio:   0.00%) 
Backjumps    : 1        (Average:  1.00 Max:   1 Sum:      1)
  Executed   : 1        (Average:  1.00 Max:   1 Sum:      1 Ratio: 100.00%)
  Bounded    : 0        (Average:  0.00 Max:   0 Sum:      0 Ratio:   0.00%)

Rules        : 5062    
Atoms        : 263     
Bodies       : 4766    
Equivalences : 296      (Atom=Atom: 30 Body=Body: 108 Other: 158)
Tight        : No       (SCCs: 1 Non-Hcfs: 0 Nodes: 3690 Gammas: 0)
Variables    : 4048     (Eliminated:    0 Frozen: 3735)
Constraints  : 20687    (Binary:  80.0% Ternary:   0.7% Other:  19.4%)

