clingo version 5.5.2
Reading from stdin
Solving...
UNSATISFIABLE

Models       : 0
Calls        : 1
Time         : 0.485s (Solving: 0.00s 1st Model: 0.00s Unsat: 0.00s)
CPU Time     : 0.109s

Choices      : 1       
Conflicts    : 2        (Analyzed: 1)
Restarts     : 0       
Stab. Tests  : 1        (Full: 0 Partial: 1)
Problems     : 1        (Average Length: 0.00 Splits: 0)
Lemmas       : 1        (Deleted: 0)
  Binary     : 0        (Ratio:   0.00%)
  Ternary    : 0        (Ratio:   0.00%)
  Conflict   : 1        (Average Length:    1.0 Ratio: 100.00%) 
  Loop       : 0        (Average Length:    0.0 Ratio:   0.00%) 
  Other      : 0        (Average Length:    0.0 Ratio:   0.00%) 
Backjumps    : 1        (Average:  1.00 Max:   1 Sum:      1)
  Executed   : 1        (Average:  1.00 Max:   1 Sum:      1 Ratio: 100.00%)
  Bounded    : 0        (Average:  0.00 Max:   0 Sum:      0 Ratio:   0.00%)

Rules        : 31031   
Atoms        : 686     
Disjunctions : 3        (Original: 3)
Bodies       : 29713   
Equivalences : 765      (Atom=Atom: 85 Body=Body: 311 Other: 369)
Tight        : No       (SCCs: 2 Non-Hcfs: 1 Nodes: 27715 Gammas: 0)
Variables    : 29044    (Eliminated:    0 Frozen: 27783)
Constraints  : 144745   (Binary:  80.0% Ternary:   0.2% Other:  19.8%)

