clingo version 5.5.2
Reading from stdin
Solving...
UNSATISFIABLE

Models       : 0
Calls        : 1
Time         : 5.647s (Solving: 0.00s 1st Model: 0.00s Unsat: 0.00s)
CPU Time     : 5.562s

Choices      : 1       
Conflicts    : 2        (Analyzed: 1)
Restarts     : 0       
Problems     : 1        (Average Length: 0.00 Splits: 0)
Lemmas       : 1        (Deleted: 0)
  Binary     : 0        (Ratio:   0.00%)
  Ternary    : 0        (Ratio:   0.00%)
  Conflict   : 1        (Average Length:    1.0 Ratio: 100.00%) 
  Loop       : 0        (Average Length:    0.0 Ratio:   0.00%) 
  Other      : 0        (Average Length:    0.0 Ratio:   0.00%) 
Backjumps    : 1        (Average:  1.00 Max:   1 Sum:      1)
  Executed   : 1        (Average:  1.00 Max:   1 Sum:      1 Ratio: 100.00%)
  Bounded    : 0        (Average:  0.00 Max:   0 Sum:      0 Ratio:   0.00%)

Rules        : 24431   
Atoms        : 542     
Bodies       : 23684   
Equivalences : 541      (Atom=Atom: 52 Body=Body: 182 Other: 307)
Tight        : No       (SCCs: 1 Non-Hcfs: 0 Nodes: 20697 Gammas: 0)
Variables    : 21907    (Eliminated:    0 Frozen: 20767)
Constraints  : 110873   (Binary:  80.0% Ternary:   0.3% Other:  19.7%)

