clingo version 5.5.2
Reading from stdin
Solving...
UNSATISFIABLE

Models       : 0
Calls        : 1
Time         : 31.788s (Solving: 0.00s 1st Model: 0.00s Unsat: 0.00s)
CPU Time     : 31.781s

Choices      : 1       
Conflicts    : 2        (Analyzed: 1)
Restarts     : 0       
Problems     : 1        (Average Length: 0.00 Splits: 0)
Lemmas       : 1        (Deleted: 0)
  Binary     : 0        (Ratio:   0.00%)
  Ternary    : 0        (Ratio:   0.00%)
  Conflict   : 1        (Average Length:    1.0 Ratio: 100.00%) 
  Loop       : 0        (Average Length:    0.0 Ratio:   0.00%) 
  Other      : 0        (Average Length:    0.0 Ratio:   0.00%) 
Backjumps    : 1        (Average:  1.00 Max:   1 Sum:      1)
  Executed   : 1        (Average:  1.00 Max:   1 Sum:      1 Ratio: 100.00%)
  Bounded    : 0        (Average:  0.00 Max:   0 Sum:      0 Ratio:   0.00%)

Rules        : 94508   
Atoms        : 1066    
Bodies       : 93695   
Equivalences : 613      (Atom=Atom: 32 Body=Body: 118 Other: 463)
Tight        : No       (SCCs: 1 Non-Hcfs: 0 Nodes: 88231 Gammas: 0)
Variables    : 91741    (Eliminated:    0 Frozen: 88351)
Constraints  : 458936   (Binary:  79.9% Ternary:   0.1% Other:  20.0%)

